input directory = /storage/htc/bdm/tosin/GSDB/Data/GSE92793/ProcessedData
Processing /storage/htc/bdm/tosin/GSDB/Data/GSE92793/ProcessedData/GSE92793_ENCFF452FWS_chromatin_interactions_GRCh38.hic.gz
Processing /storage/htc/bdm/tosin/GSDB/Data/GSE92793/ProcessedData/GSE92793_ENCFF525EFN_chromatin_interactions_GRCh38.hic.gz
Processing /storage/htc/bdm/tosin/GSDB/Data/GSE92793/ProcessedData/GSE92793_ENCFF690QRC_chromatin_interactions_GRCh38.hic.gz
Processing /storage/htc/bdm/tosin/GSDB/Data/GSE92793/ProcessedData/GSE92793_ENCFF452FWS_chromatin_interactions_GRCh38.hic
HiC Data = ENCFF452FWS ......
Processing chromosome 1...........
Processing chromosome 2...........
Processing chromosome 3...........
Processing chromosome 4...........
Processing chromosome 5...........
Processing chromosome 6...........
Processing chromosome 7...........
Processing chromosome 8...........
Processing chromosome 9...........
Processing chromosome 10...........
Processing chromosome 11...........
Processing chromosome 12...........
Processing chromosome 13...........
Processing chromosome 14...........
Processing chromosome 15...........
Processing chromosome 16...........
Processing chromosome 17...........
Processing chromosome 18...........
Processing chromosome 19...........
Processing chromosome 20...........
Processing chromosome 21...........
Processing chromosome 22...........
Processing chromosome M.............
Processing chromosome X.............
Processing chromosome Y.............
Processing /storage/htc/bdm/tosin/GSDB/Data/GSE92793/ProcessedData/GSE92793_ENCFF525EFN_chromatin_interactions_GRCh38.hic
HiC Data = ENCFF525EFN ......
Processing chromosome 1...........
Processing chromosome 2...........
Processing chromosome 3...........
Processing chromosome 4...........
Processing chromosome 5...........
Processing chromosome 6...........
Processing chromosome 7...........
Processing chromosome 8...........
Processing chromosome 9...........
Processing chromosome 10...........
Processing chromosome 11...........
Processing chromosome 12...........
Processing chromosome 13...........
Processing chromosome 14...........
Processing chromosome 15...........
Processing chromosome 16...........
Processing chromosome 17...........
Processing chromosome 18...........
Processing chromosome 19...........
Processing chromosome 20...........
Processing chromosome 21...........
Processing chromosome 22...........
Processing chromosome M.............
Processing chromosome X.............
Processing chromosome Y.............
Processing /storage/htc/bdm/tosin/GSDB/Data/GSE92793/ProcessedData/GSE92793_ENCFF690QRC_chromatin_interactions_GRCh38.hic
HiC Data = ENCFF690QRC ......
Processing chromosome 1...........
Processing chromosome 2...........
Processing chromosome 3...........
Processing chromosome 4...........
Processing chromosome 5...........
Processing chromosome 6...........
Processing chromosome 7...........
Processing chromosome 8...........
Processing chromosome 9...........
Processing chromosome 10...........
Processing chromosome 11...........
Processing chromosome 12...........
Processing chromosome 13...........
Processing chromosome 14...........
Processing chromosome 15...........
Processing chromosome 16...........
Processing chromosome 17...........
Processing chromosome 18...........
Processing chromosome 19...........
Processing chromosome 20...........
Processing chromosome 21...........
Processing chromosome 22...........
Processing chromosome M.............
Processing chromosome X.............
Processing chromosome Y.............
Processing /storage/htc/bdm/tosin/GSDB/Data/GSE92793/ProcessedData/GSE92793_ENCFF977OQV_chromatin_interactions_GRCh38.hic
HiC Data = ENCFF977OQV ......
Processing chromosome 1...........
Processing chromosome 2...........
Processing chromosome 3...........
Processing chromosome 4...........
Processing chromosome 5...........
Processing chromosome 6...........
Processing chromosome 7...........
Processing chromosome 8...........
Processing chromosome 9...........
Processing chromosome 10...........
Processing chromosome 11...........
Processing chromosome 12...........
Processing chromosome 13...........
Processing chromosome 14...........
Processing chromosome 15...........
Processing chromosome 16...........
Processing chromosome 17...........
Processing chromosome 18...........
Processing chromosome 19...........
Processing chromosome 20...........
Processing chromosome 21...........
Processing chromosome 22...........
Processing chromosome M.............
Processing chromosome X.............
Processing chromosome Y.............
slurmstepd: error: Exceeded step memory limit at some point.
