
Processing /storage/htc/bdm/tosin/GSDB/Data/ENCSR662QKG_VH9178CA/Extracted_Data/GSE92819_ENCFF740KVX/VC_5kb/chr4_matrix.txt file .........

INFO: License(s) matlab:1
Currently Loaded Modulefiles:
  1) matlab/matlab-R2018a

                            < M A T L A B (R) >
                  Copyright 1984-2018 The MathWorks, Inc.
                   R2018a (9.4.0.813654) 64-bit (glnxa64)
                             February 23, 2018

 
To get started, type one of these: helpwin, helpdesk, or demo.
For product information, visit www.mathworks.com.
 
Running Job for filename =/storage/htc/bdm/tosin/GSDB/Data/ENCSR662QKG_VH9178CA/Extracted_Data/GSE92819_ENCFF740KVX/VC_5kb/chr4_matrix.txt
{Error using dlmread (line 62)
The file
'/storage/htc/bdm/tosin/GSDB/Data/ENCSR662QKG_VH9178CA/Extracted_Data/GSE92819_ENCFF740KVX/VC_5kb/chr4_matrix.txt'
could not be opened because: No such file or directory

Error in ShRec3D (line 4)
Data2  = dlmread(filename);

Error in call_ShRec3D_sc3GIb (line 4)
ShRec3D

Error in run (line 91)
evalin('caller', strcat(script, ';'));
} 
