
Processing /storage/htc/bdm/tosin/GSDB/Data/ENCSR757IVO_AU4505QU/Extracted_Data/GSE92825_ENCFF056VLK/VC_10kb/chr2_matrix.txt file .........

INFO: License(s) matlab:1
Currently Loaded Modulefiles:
  1) matlab/matlab-R2018a

                            < M A T L A B (R) >
                  Copyright 1984-2018 The MathWorks, Inc.
                   R2018a (9.4.0.813654) 64-bit (glnxa64)
                             February 23, 2018

 
To get started, type one of these: helpwin, helpdesk, or demo.
For product information, visit www.mathworks.com.
 
Running Job for filename =/storage/htc/bdm/tosin/GSDB/Data/ENCSR757IVO_AU4505QU/Extracted_Data/GSE92825_ENCFF056VLK/VC_10kb/chr2_matrix.txt
outputting PDB in file /storage/htc/bdm/tosin/GSDB/Structures/ENCSR757IVO_AU4505QU/GSE92825_ENCFF056VLK/VC_10kb/ShRec3D/chr2.pdb
     1.69%     3.38%     5.08%     6.77%     8.46%    10.15%    11.84%    13.53%    15.23%    16.92%
    18.61%    20.30%    21.99%    23.69%    25.38%    27.07%    28.76%    30.45%    32.14%    33.84%
    35.53%    37.22%    38.91%    40.60%    42.30%    43.99%    45.68%    47.37%    49.06%    50.75%
    52.45%    54.14%    55.83%    57.52%    59.21%    60.91%    62.60%    64.29%    65.98%    67.67%
    69.37%    71.06%    72.75%    74.44%    76.13%    77.82%    79.52%    81.21%    82.90%    84.59%
    86.28%    87.98%    89.67%    91.36%    93.05%    94.74%    96.43%    98.13%    99.82%   100.00%
    done! closing file...
spearman correlation = 0.204206
