
Processing /storage/htc/bdm/tosin/GSDB/Data/ENCSR499RVD_NR6150KF/Extracted_Data/GSE92811_ENCFF845ZEB/VC_100kb/chr21_matrix.txt file .........

INFO: License(s) matlab:1
Currently Loaded Modulefiles:
  1) matlab/matlab-R2018a
MobaXterm X11 proxy: Authorisation not recognised

                            < M A T L A B (R) >
                  Copyright 1984-2018 The MathWorks, Inc.
                   R2018a (9.4.0.813654) 64-bit (glnxa64)
                             February 23, 2018

 
To get started, type one of these: helpwin, helpdesk, or demo.
For product information, visit www.mathworks.com.
 
Running Job for filename =/storage/htc/bdm/tosin/GSDB/Data/ENCSR499RVD_NR6150KF/Extracted_Data/GSE92811_ENCFF845ZEB/VC_100kb/chr21_matrix.txt
{Error using eigs>KSnonherm (line 1527)
Input matrix is badly conditioned. It might contain Inf or NaN.

Error in eigs>KrylovSchur (line 1285)
    [V, d, isNotConverged, stopAlgorithm, VV] = KSnonherm(applyOP, applyM, n,
    k, ...

Error in eigs (line 126)
[V, d, isNotConverged, spdBout, VV] = KrylovSchur(applyOP, applyM, innerOpts,
n, k,...

Error in ShRec3D (line 22)
[V,D]=eigs(distmat,4);

Error in call_ShRec3D_GsnBD6 (line 4)
ShRec3D

Error in run (line 91)
evalin('caller', strcat(script, ';'));
} 
