
Processing /storage/htc/bdm/tosin/GSDB/Data/ENCSR393LOP_LG8905NU/Extracted_Data/GSE92804_ENCFF401ZAN/VC_10kb/chr2_matrix.txt file .........

INFO: License(s) matlab:1
Currently Loaded Modulefiles:
  1) matlab/matlab-R2018a

                            < M A T L A B (R) >
                  Copyright 1984-2018 The MathWorks, Inc.
                   R2018a (9.4.0.813654) 64-bit (glnxa64)
                             February 23, 2018

 
To get started, type one of these: helpwin, helpdesk, or demo.
For product information, visit www.mathworks.com.
 
Running Job for filename =/storage/htc/bdm/tosin/GSDB/Data/ENCSR393LOP_LG8905NU/Extracted_Data/GSE92804_ENCFF401ZAN/VC_10kb/chr2_matrix.txt
outputting PDB in file /storage/htc/bdm/tosin/GSDB/Structures/ENCSR393LOP_LG8905NU/GSE92804_ENCFF401ZAN/VC_10kb/ShRec3D/chr2.pdb
     1.69%     3.38%     5.07%     6.77%     8.46%    10.15%    11.84%    13.53%    15.22%    16.91%
    18.60%    20.30%    21.99%    23.68%    25.37%    27.06%    28.75%    30.44%    32.13%    33.83%
    35.52%    37.21%    38.90%    40.59%    42.28%    43.97%    45.66%    47.36%    49.05%    50.74%
    52.43%    54.12%    55.81%    57.50%    59.19%    60.89%    62.58%    64.27%    65.96%    67.65%
    69.34%    71.03%    72.72%    74.42%    76.11%    77.80%    79.49%    81.18%    82.87%    84.56%
    86.25%    87.95%    89.64%    91.33%    93.02%    94.71%    96.40%    98.09%    99.78%   100.00%
    done! closing file...
spearman correlation = 0.215603
