
Processing /storage/htc/bdm/tosin/GSDB/Data/ENCSR757IVO_AU4505QU/Extracted_Data/GSE92825_ENCFF056VLK/VC_5kb/chr13_matrix.txt file .........

INFO: License(s) matlab:1
Currently Loaded Modulefiles:
  1) matlab/matlab-R2018a
MobaXterm X11 proxy: Authorisation not recognised

                            < M A T L A B (R) >
                  Copyright 1984-2018 The MathWorks, Inc.
                   R2018a (9.4.0.813654) 64-bit (glnxa64)
                             February 23, 2018

 
To get started, type one of these: helpwin, helpdesk, or demo.
For product information, visit www.mathworks.com.
 
Running Job for filename =/storage/htc/bdm/tosin/GSDB/Data/ENCSR757IVO_AU4505QU/Extracted_Data/GSE92825_ENCFF056VLK/VC_5kb/chr13_matrix.txt
outputting PDB in file /storage/htc/bdm/tosin/GSDB/Structures/ENCSR757IVO_AU4505QU/GSE92825_ENCFF056VLK/VC_5kb/ShRec3D/chr13.pdb
     2.11%     4.22%     6.33%     8.44%    10.55%    12.66%    14.77%    16.88%    18.99%    21.10%
    23.21%    25.32%    27.42%    29.53%    31.64%    33.75%    35.86%    37.97%    40.08%    42.19%
    44.30%    46.41%    48.52%    50.63%    52.74%    54.85%    56.96%    59.07%    61.18%    63.29%
    65.40%    67.51%    69.62%    71.73%    73.84%    75.95%    78.05%    80.16%    82.27%    84.38%
    86.49%    88.60%    90.71%    92.82%    94.93%    97.04%    99.15%   100.00%
    done! closing file...
spearman correlation = 0.284296
