
Processing /storage/htc/bdm/tosin/GSDB/Data/ENCSR393LOP_LG8905NU/Extracted_Data/GSE92804_ENCFF378RZT/VC_10kb/chr2_matrix.txt file .........

INFO: License(s) matlab:1
Currently Loaded Modulefiles:
  1) matlab/matlab-R2018a

                            < M A T L A B (R) >
                  Copyright 1984-2018 The MathWorks, Inc.
                   R2018a (9.4.0.813654) 64-bit (glnxa64)
                             February 23, 2018

 
To get started, type one of these: helpwin, helpdesk, or demo.
For product information, visit www.mathworks.com.
 
Running Job for filename =/storage/htc/bdm/tosin/GSDB/Data/ENCSR393LOP_LG8905NU/Extracted_Data/GSE92804_ENCFF378RZT/VC_10kb/chr2_matrix.txt
outputting PDB in file /storage/htc/bdm/tosin/GSDB/Structures/ENCSR393LOP_LG8905NU/GSE92804_ENCFF378RZT/VC_10kb/ShRec3D/chr2.pdb
     1.69%     3.38%     5.08%     6.77%     8.46%    10.15%    11.85%    13.54%    15.23%    16.92%
    18.61%    20.31%    22.00%    23.69%    25.38%    27.08%    28.77%    30.46%    32.15%    33.85%
    35.54%    37.23%    38.92%    40.61%    42.31%    44.00%    45.69%    47.38%    49.08%    50.77%
    52.46%    54.15%    55.84%    57.54%    59.23%    60.92%    62.61%    64.31%    66.00%    67.69%
    69.38%    71.08%    72.77%    74.46%    76.15%    77.84%    79.54%    81.23%    82.92%    84.61%
    86.31%    88.00%    89.69%    91.38%    93.07%    94.77%    96.46%    98.15%    99.84%   100.00%
    done! closing file...
spearman correlation = 0.180639
