
Processing /storage/htc/bdm/tosin/GSDB/Data/ENCSR757IVO_AU4505QU/Extracted_Data/GSE92825_ENCFF532DUQ/VC_10kb/chr3_matrix.txt file .........

INFO: License(s) matlab:1
Currently Loaded Modulefiles:
  1) matlab/matlab-R2018a
MobaXterm X11 proxy: Authorisation not recognised

                            < M A T L A B (R) >
                  Copyright 1984-2018 The MathWorks, Inc.
                   R2018a (9.4.0.813654) 64-bit (glnxa64)
                             February 23, 2018

 
To get started, type one of these: helpwin, helpdesk, or demo.
For product information, visit www.mathworks.com.
 
Running Job for filename =/storage/htc/bdm/tosin/GSDB/Data/ENCSR757IVO_AU4505QU/Extracted_Data/GSE92825_ENCFF532DUQ/VC_10kb/chr3_matrix.txt
outputting PDB in file /storage/htc/bdm/tosin/GSDB/Structures/ENCSR757IVO_AU4505QU/GSE92825_ENCFF532DUQ/VC_10kb/ShRec3D/chr3.pdb
     2.06%     4.12%     6.18%     8.24%    10.30%    12.36%    14.42%    16.48%    18.54%    20.60%
    22.66%    24.72%    26.78%    28.84%    30.90%    32.96%    35.02%    37.08%    39.14%    41.20%
    43.26%    45.32%    47.38%    49.44%    51.50%    53.56%    55.62%    57.68%    59.74%    61.80%
    63.86%    65.93%    67.99%    70.05%    72.11%    74.17%    76.23%    78.29%    80.35%    82.41%
    84.47%    86.53%    88.59%    90.65%    92.71%    94.77%    96.83%    98.89%   100.00%
    done! closing file...
spearman correlation = 0.416328
