
Processing /storage/htc/bdm/tosin/GSDB/Data/ENCSR757IVO_AU4505QU/Extracted_Data/GSE92825_ENCFF532DUQ/VC_10kb/chr2_matrix.txt file .........

INFO: License(s) matlab:1
Currently Loaded Modulefiles:
  1) matlab/matlab-R2018a
MobaXterm X11 proxy: Authorisation not recognised

                            < M A T L A B (R) >
                  Copyright 1984-2018 The MathWorks, Inc.
                   R2018a (9.4.0.813654) 64-bit (glnxa64)
                             February 23, 2018

 
To get started, type one of these: helpwin, helpdesk, or demo.
For product information, visit www.mathworks.com.
 
Running Job for filename =/storage/htc/bdm/tosin/GSDB/Data/ENCSR757IVO_AU4505QU/Extracted_Data/GSE92825_ENCFF532DUQ/VC_10kb/chr2_matrix.txt
outputting PDB in file /storage/htc/bdm/tosin/GSDB/Structures/ENCSR757IVO_AU4505QU/GSE92825_ENCFF532DUQ/VC_10kb/ShRec3D/chr2.pdb
     1.69%     3.38%     5.07%     6.76%     8.45%    10.14%    11.83%    13.52%    15.21%    16.90%
    18.60%    20.29%    21.98%    23.67%    25.36%    27.05%    28.74%    30.43%    32.12%    33.81%
    35.50%    37.19%    38.88%    40.57%    42.26%    43.95%    45.64%    47.33%    49.02%    50.71%
    52.40%    54.10%    55.79%    57.48%    59.17%    60.86%    62.55%    64.24%    65.93%    67.62%
    69.31%    71.00%    72.69%    74.38%    76.07%    77.76%    79.45%    81.14%    82.83%    84.52%
    86.21%    87.90%    89.60%    91.29%    92.98%    94.67%    96.36%    98.05%    99.74%   100.00%
    done! closing file...
spearman correlation = 0.205427
