
Processing /storage/htc/bdm/tosin/GSDB/Data/ENCSR757IVO_AU4505QU/Extracted_Data/GSE92825_ENCFF532DUQ/VC_10kb/chrM_matrix.txt file .........

INFO: License(s) matlab:1
Currently Loaded Modulefiles:
  1) matlab/matlab-R2018a

                            < M A T L A B (R) >
                  Copyright 1984-2018 The MathWorks, Inc.
                   R2018a (9.4.0.813654) 64-bit (glnxa64)
                             February 23, 2018

 
To get started, type one of these: helpwin, helpdesk, or demo.
For product information, visit www.mathworks.com.
 
Running Job for filename =/storage/htc/bdm/tosin/GSDB/Data/ENCSR757IVO_AU4505QU/Extracted_Data/GSE92825_ENCFF532DUQ/VC_10kb/chrM_matrix.txt
{Error using eigs>checkInputs (line 265)
Number of eigenvalues requested, k, must be a positive integer not greater than
n = 2. Instead, it was 4.

Error in eigs (line 90)
    innerOpts, randStr, useEig, originalB] = checkInputs(varargin{:});

Error in ShRec3D (line 22)
[V,D]=eigs(distmat,4);

Error in call_ShRec3D_2JNISK (line 4)
ShRec3D

Error in run (line 91)
evalin('caller', strcat(script, ';'));
} 
