
Processing /storage/htc/bdm/tosin/GSDB/Data/ENCSR244BBG_TY9113RU/Extracted_Data/GSE92793_ENCFF452FWS/VC_2.5mb/chrM_matrix.txt file .........

INFO: License(s) matlab:1
Currently Loaded Modulefiles:
  1) matlab/matlab-R2018a
MobaXterm X11 proxy: Authorisation not recognised

                            < M A T L A B (R) >
                  Copyright 1984-2018 The MathWorks, Inc.
                   R2018a (9.4.0.813654) 64-bit (glnxa64)
                             February 23, 2018

 
To get started, type one of these: helpwin, helpdesk, or demo.
For product information, visit www.mathworks.com.
 
Running Job for filename =/storage/htc/bdm/tosin/GSDB/Data/ENCSR244BBG_TY9113RU/Extracted_Data/GSE92793_ENCFF452FWS/VC_2.5mb/chrM_matrix.txt
{Index in position 2 exceeds array bounds (must not exceed 1).

Error in ShRec3D (line 24)
XYZ=[V(:,1)*sqrt(lambda(1)) V(:,2)*sqrt(lambda(2)) V(:,3)*sqrt(lambda(3))];

Error in call_ShRec3D_HLNzJm (line 4)
ShRec3D

Error in run (line 91)
evalin('caller', strcat(script, ';'));
} 
