./chr19_1mb_matrix_5.pdbREMARK FILENAME="chr19_1mb_matrix_5.pdb"
REMARK The macromolecule has 57 residues
REMARK Trial structure 5 of 20 structures
REMARK Molecular dynamics scheme : cartesian; cartesian; minimize
REMARK High temperature dynamics :
REMARK      temp: 2000 steps: 1000 time(ps): 3
REMARK 1st cooling stage         :
REMARK      temp: 2000->0 steps: 1000 time(ps): 5 temp step: 25
REMARK 2nd cooling stage not used:
REMARK a total 150000 steps of minimization
REMARK VDW scale factors 20 20 0.01 0.003 0.003; 3E-03->4; 1
REMARK 1378 NOEs in 1 class(es) with scale factors of 10; 10; 10
REMARK      averaging function(s): cent,
REMARK 0 3-bond j-couplings in 0 class(es) with
REMARK      scale factor(s) of NA
REMARK 0 1-bond j-couplings in 0 class(es) with
REMARK      scale factor(s) of NA
REMARK 0 carbon chemical shifts in 0 class(es) with
REMARK      scale factor(s) of NA
REMARK 0 proton chemical shifts in 0 class(es) with
REMARK      scale factor(s) of NA
REMARK 0 diffusion anisotropy restraints in 0 class(es) with
REMARK      scale factor(s) of NA
REMARK 0 susceptability anisotropy restraints in 0 class(es) with
REMARK      scale factor(s) of NA
REMARK 0 dihedral restraints with scale factors of 5; 200; 400
REMARK 0 planarity restraints with a scale factor of NA
REMARK NCS restraints not used.
REMARK ===============================================================
REMARK               bond, angles, improp, vdw(<1.6),  dihed
REMARK violations :    87     146       9         1      73
REMARK RMSD       : 0.0529   4.657   1.903            22.834
REMARK ===============================================================
REMARK                noe,   cdih,   coup,   oneb, carb-a, carb-b,
REMARK violations :  1277       0       0       0       0   -----
REMARK RMSD       :  6.906   0.000   0.000   0.000   0.000   0.000
REMARK 0.2/2 viol.:  1333       0       0
REMARK ===============================================================
REMARK               dani,   sani
REMARK violations :     0       0
REMARK RMSD       :  0.000   0.000
REMARK .2/.1 viol.:     0       0
REMARK ===============================================================
REMARK Protons       violations, rmsd
REMARK all    :           0       0.000
REMARK class 1:           0       0.000
REMARK class 2:           0       0.000
REMARK class 3:           0       0.000
REMARK class 4:           0       0.000
REMARK ===============================================================
REMARK overall = 98884.8
REMARK bon     = 2596.42
REMARK ang     = 1682.75
REMARK imp     = 84.4689
REMARK vdw     = 1970.25
REMARK harm    = 0
REMARK noe     = 92308.2
REMARK coup    = 0
REMARK oneb    = 0
REMARK carb    = 0
REMARK prot    = 0
REMARK dani    = 0
REMARK sani    = 0
REMARK cdih    = 0
REMARK ncs     = 0
REMARK ===============================================================
REMARK DATE:05-Jul-2018  16:17:31       created by user: oeow39
REMARK VERSION:1.3
./chr19_1mb_matrix_9.pdbREMARK FILENAME="chr19_1mb_matrix_9.pdb"
REMARK The macromolecule has 57 residues
REMARK Trial structure 9 of 20 structures
REMARK Molecular dynamics scheme : cartesian; cartesian; minimize
REMARK High temperature dynamics :
REMARK      temp: 2000 steps: 1000 time(ps): 3
REMARK 1st cooling stage         :
REMARK      temp: 2000->0 steps: 1000 time(ps): 5 temp step: 25
REMARK 2nd cooling stage not used:
REMARK a total 150000 steps of minimization
REMARK VDW scale factors 20 20 0.01 0.003 0.003; 3E-03->4; 1
REMARK 1378 NOEs in 1 class(es) with scale factors of 10; 10; 10
REMARK      averaging function(s): cent,
REMARK 0 3-bond j-couplings in 0 class(es) with
REMARK      scale factor(s) of NA
REMARK 0 1-bond j-couplings in 0 class(es) with
REMARK      scale factor(s) of NA
REMARK 0 carbon chemical shifts in 0 class(es) with
REMARK      scale factor(s) of NA
REMARK 0 proton chemical shifts in 0 class(es) with
REMARK      scale factor(s) of NA
REMARK 0 diffusion anisotropy restraints in 0 class(es) with
REMARK      scale factor(s) of NA
REMARK 0 susceptability anisotropy restraints in 0 class(es) with
REMARK      scale factor(s) of NA
REMARK 0 dihedral restraints with scale factors of 5; 200; 400
REMARK 0 planarity restraints with a scale factor of NA
REMARK NCS restraints not used.
REMARK ===============================================================
REMARK               bond, angles, improp, vdw(<1.6),  dihed
REMARK violations :    90     144      12         3      76
REMARK RMSD       : 0.0533   4.392   2.097            23.014
REMARK ===============================================================
REMARK                noe,   cdih,   coup,   oneb, carb-a, carb-b,
REMARK violations :  1287       0       0       0       0   -----
REMARK RMSD       :  6.904   0.000   0.000   0.000   0.000   0.000
REMARK 0.2/2 viol.:  1341       0       0
REMARK ===============================================================
REMARK               dani,   sani
REMARK violations :     0       0
REMARK RMSD       :  0.000   0.000
REMARK .2/.1 viol.:     0       0
REMARK ===============================================================
REMARK Protons       violations, rmsd
REMARK all    :           0       0.000
REMARK class 1:           0       0.000
REMARK class 2:           0       0.000
REMARK class 3:           0       0.000
REMARK class 4:           0       0.000
REMARK ===============================================================
REMARK overall = 98863.7
REMARK bon     = 2611.61
REMARK ang     = 1604.53
REMARK imp     = 94.0638
REMARK vdw     = 2064.15
REMARK harm    = 0
REMARK noe     = 92222.8
REMARK coup    = 0
REMARK oneb    = 0
REMARK carb    = 0
REMARK prot    = 0
REMARK dani    = 0
REMARK sani    = 0
REMARK cdih    = 0
REMARK ncs     = 0
REMARK ===============================================================
REMARK DATE:05-Jul-2018  16:19:58       created by user: oeow39
REMARK VERSION:1.3
./chr19_1mb_matrix_10.pdbREMARK FILENAME="chr19_1mb_matrix_10.pdb"
REMARK The macromolecule has 57 residues
REMARK Trial structure 10 of 20 structures
REMARK Molecular dynamics scheme : cartesian; cartesian; minimize
REMARK High temperature dynamics :
REMARK      temp: 2000 steps: 1000 time(ps): 3
REMARK 1st cooling stage         :
REMARK      temp: 2000->0 steps: 1000 time(ps): 5 temp step: 25
REMARK 2nd cooling stage not used:
REMARK a total 150000 steps of minimization
REMARK VDW scale factors 20 20 0.01 0.003 0.003; 3E-03->4; 1
REMARK 1378 NOEs in 1 class(es) with scale factors of 10; 10; 10
REMARK      averaging function(s): cent,
REMARK 0 3-bond j-couplings in 0 class(es) with
REMARK      scale factor(s) of NA
REMARK 0 1-bond j-couplings in 0 class(es) with
REMARK      scale factor(s) of NA
REMARK 0 carbon chemical shifts in 0 class(es) with
REMARK      scale factor(s) of NA
REMARK 0 proton chemical shifts in 0 class(es) with
REMARK      scale factor(s) of NA
REMARK 0 diffusion anisotropy restraints in 0 class(es) with
REMARK      scale factor(s) of NA
REMARK 0 susceptability anisotropy restraints in 0 class(es) with
REMARK      scale factor(s) of NA
REMARK 0 dihedral restraints with scale factors of 5; 200; 400
REMARK 0 planarity restraints with a scale factor of NA
REMARK NCS restraints not used.
REMARK ===============================================================
REMARK               bond, angles, improp, vdw(<1.6),  dihed
REMARK violations :    91     157      13         1      75
REMARK RMSD       : 0.0542   5.257   2.269            22.622
REMARK ===============================================================
REMARK                noe,   cdih,   coup,   oneb, carb-a, carb-b,
REMARK violations :  1269       0       0       0       0   -----
REMARK RMSD       :  6.867   0.000   0.000   0.000   0.000   0.000
REMARK 0.2/2 viol.:  1342       0       0
REMARK ===============================================================
REMARK               dani,   sani
REMARK violations :     0       0
REMARK RMSD       :  0.000   0.000
REMARK .2/.1 viol.:     0       0
REMARK ===============================================================
REMARK Protons       violations, rmsd
REMARK all    :           0       0.000
REMARK class 1:           0       0.000
REMARK class 2:           0       0.000
REMARK class 3:           0       0.000
REMARK class 4:           0       0.000
REMARK ===============================================================
REMARK overall = 99216.4
REMARK bon     = 2709.26
REMARK ang     = 1826.27
REMARK imp     = 108.932
REMARK vdw     = 2149.09
REMARK harm    = 0
REMARK noe     = 92152.1
REMARK coup    = 0
REMARK oneb    = 0
REMARK carb    = 0
REMARK prot    = 0
REMARK dani    = 0
REMARK sani    = 0
REMARK cdih    = 0
REMARK ncs     = 0
REMARK ===============================================================
REMARK DATE:05-Jul-2018  16:20:24       created by user: oeow39
REMARK VERSION:1.3
./chr19_1mb_matrix_6.pdbREMARK FILENAME="chr19_1mb_matrix_6.pdb"
REMARK The macromolecule has 57 residues
REMARK Trial structure 6 of 20 structures
REMARK Molecular dynamics scheme : cartesian; cartesian; minimize
REMARK High temperature dynamics :
REMARK      temp: 2000 steps: 1000 time(ps): 3
REMARK 1st cooling stage         :
REMARK      temp: 2000->0 steps: 1000 time(ps): 5 temp step: 25
REMARK 2nd cooling stage not used:
REMARK a total 150000 steps of minimization
REMARK VDW scale factors 20 20 0.01 0.003 0.003; 3E-03->4; 1
REMARK 1378 NOEs in 1 class(es) with scale factors of 10; 10; 10
REMARK      averaging function(s): cent,
REMARK 0 3-bond j-couplings in 0 class(es) with
REMARK      scale factor(s) of NA
REMARK 0 1-bond j-couplings in 0 class(es) with
REMARK      scale factor(s) of NA
REMARK 0 carbon chemical shifts in 0 class(es) with
REMARK      scale factor(s) of NA
REMARK 0 proton chemical shifts in 0 class(es) with
REMARK      scale factor(s) of NA
REMARK 0 diffusion anisotropy restraints in 0 class(es) with
REMARK      scale factor(s) of NA
REMARK 0 susceptability anisotropy restraints in 0 class(es) with
REMARK      scale factor(s) of NA
REMARK 0 dihedral restraints with scale factors of 5; 200; 400
REMARK 0 planarity restraints with a scale factor of NA
REMARK NCS restraints not used.
REMARK ===============================================================
REMARK               bond, angles, improp, vdw(<1.6),  dihed
REMARK violations :    91     146      10         2      78
REMARK RMSD       : 0.0535   5.172   2.137            23.477
REMARK ===============================================================
REMARK                noe,   cdih,   coup,   oneb, carb-a, carb-b,
REMARK violations :  1281       0       0       0       0   -----
REMARK RMSD       :  6.900   0.000   0.000   0.000   0.000   0.000
REMARK 0.2/2 viol.:  1351       0       0
REMARK ===============================================================
REMARK               dani,   sani
REMARK violations :     0       0
REMARK RMSD       :  0.000   0.000
REMARK .2/.1 viol.:     0       0
REMARK ===============================================================
REMARK Protons       violations, rmsd
REMARK all    :           0       0.000
REMARK class 1:           0       0.000
REMARK class 2:           0       0.000
REMARK class 3:           0       0.000
REMARK class 4:           0       0.000
REMARK ===============================================================
REMARK overall = 98992
REMARK bon     = 2644.66
REMARK ang     = 1709.62
REMARK imp     = 91.5937
REMARK vdw     = 2141.25
REMARK harm    = 0
REMARK noe     = 92128.1
REMARK coup    = 0
REMARK oneb    = 0
REMARK carb    = 0
REMARK prot    = 0
REMARK dani    = 0
REMARK sani    = 0
REMARK cdih    = 0
REMARK ncs     = 0
REMARK ===============================================================
REMARK DATE:05-Jul-2018  16:18:03       created by user: oeow39
REMARK VERSION:1.3
./chr19_1mb_matrix_19.pdbREMARK FILENAME="chr19_1mb_matrix_19.pdb"
REMARK The macromolecule has 57 residues
REMARK Trial structure 19 of 20 structures
REMARK Molecular dynamics scheme : cartesian; cartesian; minimize
REMARK High temperature dynamics :
REMARK      temp: 2000 steps: 1000 time(ps): 3
REMARK 1st cooling stage         :
REMARK      temp: 2000->0 steps: 1000 time(ps): 5 temp step: 25
REMARK 2nd cooling stage not used:
REMARK a total 150000 steps of minimization
REMARK VDW scale factors 20 20 0.01 0.003 0.003; 3E-03->4; 1
REMARK 1378 NOEs in 1 class(es) with scale factors of 10; 10; 10
REMARK      averaging function(s): cent,
REMARK 0 3-bond j-couplings in 0 class(es) with
REMARK      scale factor(s) of NA
REMARK 0 1-bond j-couplings in 0 class(es) with
REMARK      scale factor(s) of NA
REMARK 0 carbon chemical shifts in 0 class(es) with
REMARK      scale factor(s) of NA
REMARK 0 proton chemical shifts in 0 class(es) with
REMARK      scale factor(s) of NA
REMARK 0 diffusion anisotropy restraints in 0 class(es) with
REMARK      scale factor(s) of NA
REMARK 0 susceptability anisotropy restraints in 0 class(es) with
REMARK      scale factor(s) of NA
REMARK 0 dihedral restraints with scale factors of 5; 200; 400
REMARK 0 planarity restraints with a scale factor of NA
REMARK NCS restraints not used.
REMARK ===============================================================
REMARK               bond, angles, improp, vdw(<1.6),  dihed
REMARK violations :    94     146      19         2      73
REMARK RMSD       : 0.0546   4.517   2.314            22.109
REMARK ===============================================================
REMARK                noe,   cdih,   coup,   oneb, carb-a, carb-b,
REMARK violations :  1285       0       0       0       0   -----
REMARK RMSD       :  6.870   0.000   0.000   0.000   0.000   0.000
REMARK 0.2/2 viol.:  1349       0       0
REMARK ===============================================================
REMARK               dani,   sani
REMARK violations :     0       0
REMARK RMSD       :  0.000   0.000
REMARK .2/.1 viol.:     0       0
REMARK ===============================================================
REMARK Protons       violations, rmsd
REMARK all    :           0       0.000
REMARK class 1:           0       0.000
REMARK class 2:           0       0.000
REMARK class 3:           0       0.000
REMARK class 4:           0       0.000
REMARK ===============================================================
REMARK overall = 98997.9
REMARK bon     = 2747.5
REMARK ang     = 1673.65
REMARK imp     = 120.159
REMARK vdw     = 2079.67
REMARK harm    = 0
REMARK noe     = 92120.7
REMARK coup    = 0
REMARK oneb    = 0
REMARK carb    = 0
REMARK prot    = 0
REMARK dani    = 0
REMARK sani    = 0
REMARK cdih    = 0
REMARK ncs     = 0
REMARK ===============================================================
REMARK DATE:05-Jul-2018  16:24:44       created by user: oeow39
REMARK VERSION:1.3
./chr19_1mb_matrix_18.pdbREMARK FILENAME="chr19_1mb_matrix_18.pdb"
REMARK The macromolecule has 57 residues
REMARK Trial structure 18 of 20 structures
REMARK Molecular dynamics scheme : cartesian; cartesian; minimize
REMARK High temperature dynamics :
REMARK      temp: 2000 steps: 1000 time(ps): 3
REMARK 1st cooling stage         :
REMARK      temp: 2000->0 steps: 1000 time(ps): 5 temp step: 25
REMARK 2nd cooling stage not used:
REMARK a total 150000 steps of minimization
REMARK VDW scale factors 20 20 0.01 0.003 0.003; 3E-03->4; 1
REMARK 1378 NOEs in 1 class(es) with scale factors of 10; 10; 10
REMARK      averaging function(s): cent,
REMARK 0 3-bond j-couplings in 0 class(es) with
REMARK      scale factor(s) of NA
REMARK 0 1-bond j-couplings in 0 class(es) with
REMARK      scale factor(s) of NA
REMARK 0 carbon chemical shifts in 0 class(es) with
REMARK      scale factor(s) of NA
REMARK 0 proton chemical shifts in 0 class(es) with
REMARK      scale factor(s) of NA
REMARK 0 diffusion anisotropy restraints in 0 class(es) with
REMARK      scale factor(s) of NA
REMARK 0 susceptability anisotropy restraints in 0 class(es) with
REMARK      scale factor(s) of NA
REMARK 0 dihedral restraints with scale factors of 5; 200; 400
REMARK 0 planarity restraints with a scale factor of NA
REMARK NCS restraints not used.
REMARK ===============================================================
REMARK               bond, angles, improp, vdw(<1.6),  dihed
REMARK violations :    91     154      13         1      75
REMARK RMSD       : 0.0538   4.520   2.215            22.190
REMARK ===============================================================
REMARK                noe,   cdih,   coup,   oneb, carb-a, carb-b,
REMARK violations :  1283       0       0       0       0   -----
REMARK RMSD       :  6.886   0.000   0.000   0.000   0.000   0.000
REMARK 0.2/2 viol.:  1344       0       0
REMARK ===============================================================
REMARK               dani,   sani
REMARK violations :     0       0
REMARK RMSD       :  0.000   0.000
REMARK .2/.1 viol.:     0       0
REMARK ===============================================================
REMARK Protons       violations, rmsd
REMARK all    :           0       0.000
REMARK class 1:           0       0.000
REMARK class 2:           0       0.000
REMARK class 3:           0       0.000
REMARK class 4:           0       0.000
REMARK ===============================================================
REMARK overall = 98952.4
REMARK bon     = 2667.02
REMARK ang     = 1672.79
REMARK imp     = 101.632
REMARK vdw     = 2117.93
REMARK harm    = 0
REMARK noe     = 92120.5
REMARK coup    = 0
REMARK oneb    = 0
REMARK carb    = 0
REMARK prot    = 0
REMARK dani    = 0
REMARK sani    = 0
REMARK cdih    = 0
REMARK ncs     = 0
REMARK ===============================================================
REMARK DATE:05-Jul-2018  16:24:20       created by user: oeow39
REMARK VERSION:1.3
./chr19_1mb_matrix_7.pdbREMARK FILENAME="chr19_1mb_matrix_7.pdb"
REMARK The macromolecule has 57 residues
REMARK Trial structure 7 of 20 structures
REMARK Molecular dynamics scheme : cartesian; cartesian; minimize
REMARK High temperature dynamics :
REMARK      temp: 2000 steps: 1000 time(ps): 3
REMARK 1st cooling stage         :
REMARK      temp: 2000->0 steps: 1000 time(ps): 5 temp step: 25
REMARK 2nd cooling stage not used:
REMARK a total 150000 steps of minimization
REMARK VDW scale factors 20 20 0.01 0.003 0.003; 3E-03->4; 1
REMARK 1378 NOEs in 1 class(es) with scale factors of 10; 10; 10
REMARK      averaging function(s): cent,
REMARK 0 3-bond j-couplings in 0 class(es) with
REMARK      scale factor(s) of NA
REMARK 0 1-bond j-couplings in 0 class(es) with
REMARK      scale factor(s) of NA
REMARK 0 carbon chemical shifts in 0 class(es) with
REMARK      scale factor(s) of NA
REMARK 0 proton chemical shifts in 0 class(es) with
REMARK      scale factor(s) of NA
REMARK 0 diffusion anisotropy restraints in 0 class(es) with
REMARK      scale factor(s) of NA
REMARK 0 susceptability anisotropy restraints in 0 class(es) with
REMARK      scale factor(s) of NA
REMARK 0 dihedral restraints with scale factors of 5; 200; 400
REMARK 0 planarity restraints with a scale factor of NA
REMARK NCS restraints not used.
REMARK ===============================================================
REMARK               bond, angles, improp, vdw(<1.6),  dihed
REMARK violations :    92     154      13         1      82
REMARK RMSD       : 0.0551   4.722   2.144            23.132
REMARK ===============================================================
REMARK                noe,   cdih,   coup,   oneb, carb-a, carb-b,
REMARK violations :  1275       0       0       0       0   -----
REMARK RMSD       :  6.733   0.000   0.000   0.000   0.000   0.000
REMARK 0.2/2 viol.:  1341       0       0
REMARK ===============================================================
REMARK               dani,   sani
REMARK violations :     0       0
REMARK RMSD       :  0.000   0.000
REMARK .2/.1 viol.:     0       0
REMARK ===============================================================
REMARK Protons       violations, rmsd
REMARK all    :           0       0.000
REMARK class 1:           0       0.000
REMARK class 2:           0       0.000
REMARK class 3:           0       0.000
REMARK class 4:           0       0.000
REMARK ===============================================================
REMARK overall = 97549.3
REMARK bon     = 2802.79
REMARK ang     = 1780.03
REMARK imp     = 102.513
REMARK vdw     = 2120.67
REMARK harm    = 0
REMARK noe     = 90440
REMARK coup    = 0
REMARK oneb    = 0
REMARK carb    = 0
REMARK prot    = 0
REMARK dani    = 0
REMARK sani    = 0
REMARK cdih    = 0
REMARK ncs     = 0
REMARK ===============================================================
REMARK DATE:05-Jul-2018  16:18:39       created by user: oeow39
REMARK VERSION:1.3
./chr19_1mb_matrix_16.pdbREMARK FILENAME="chr19_1mb_matrix_16.pdb"
REMARK The macromolecule has 57 residues
REMARK Trial structure 16 of 20 structures
REMARK Molecular dynamics scheme : cartesian; cartesian; minimize
REMARK High temperature dynamics :
REMARK      temp: 2000 steps: 1000 time(ps): 3
REMARK 1st cooling stage         :
REMARK      temp: 2000->0 steps: 1000 time(ps): 5 temp step: 25
REMARK 2nd cooling stage not used:
REMARK a total 150000 steps of minimization
REMARK VDW scale factors 20 20 0.01 0.003 0.003; 3E-03->4; 1
REMARK 1378 NOEs in 1 class(es) with scale factors of 10; 10; 10
REMARK      averaging function(s): cent,
REMARK 0 3-bond j-couplings in 0 class(es) with
REMARK      scale factor(s) of NA
REMARK 0 1-bond j-couplings in 0 class(es) with
REMARK      scale factor(s) of NA
REMARK 0 carbon chemical shifts in 0 class(es) with
REMARK      scale factor(s) of NA
REMARK 0 proton chemical shifts in 0 class(es) with
REMARK      scale factor(s) of NA
REMARK 0 diffusion anisotropy restraints in 0 class(es) with
REMARK      scale factor(s) of NA
REMARK 0 susceptability anisotropy restraints in 0 class(es) with
REMARK      scale factor(s) of NA
REMARK 0 dihedral restraints with scale factors of 5; 200; 400
REMARK 0 planarity restraints with a scale factor of NA
REMARK NCS restraints not used.
REMARK ===============================================================
REMARK               bond, angles, improp, vdw(<1.6),  dihed
REMARK violations :    88     170      11         4      74
REMARK RMSD       : 0.0547   5.855   1.859            22.568
REMARK ===============================================================
REMARK                noe,   cdih,   coup,   oneb, carb-a, carb-b,
REMARK violations :  1258       0       0       0       0   -----
REMARK RMSD       :  6.731   0.000   0.000   0.000   0.000   0.000
REMARK 0.2/2 viol.:  1331       0       0
REMARK ===============================================================
REMARK               dani,   sani
REMARK violations :     0       0
REMARK RMSD       :  0.000   0.000
REMARK .2/.1 viol.:     0       0
REMARK ===============================================================
REMARK Protons       violations, rmsd
REMARK all    :           0       0.000
REMARK class 1:           0       0.000
REMARK class 2:           0       0.000
REMARK class 3:           0       0.000
REMARK class 4:           0       0.000
REMARK ===============================================================
REMARK overall = 97381.7
REMARK bon     = 2783.94
REMARK ang     = 1913.11
REMARK imp     = 80.975
REMARK vdw     = 1943.1
REMARK harm    = 0
REMARK noe     = 90383.6
REMARK coup    = 0
REMARK oneb    = 0
REMARK carb    = 0
REMARK prot    = 0
REMARK dani    = 0
REMARK sani    = 0
REMARK cdih    = 0
REMARK ncs     = 0
REMARK ===============================================================
REMARK DATE:05-Jul-2018  16:23:23       created by user: oeow39
REMARK VERSION:1.3
./chr19_1mb_matrix_3.pdbREMARK FILENAME="chr19_1mb_matrix_3.pdb"
REMARK The macromolecule has 57 residues
REMARK Trial structure 3 of 20 structures
REMARK Molecular dynamics scheme : cartesian; cartesian; minimize
REMARK High temperature dynamics :
REMARK      temp: 2000 steps: 1000 time(ps): 3
REMARK 1st cooling stage         :
REMARK      temp: 2000->0 steps: 1000 time(ps): 5 temp step: 25
REMARK 2nd cooling stage not used:
REMARK a total 150000 steps of minimization
REMARK VDW scale factors 20 20 0.01 0.003 0.003; 3E-03->4; 1
REMARK 1378 NOEs in 1 class(es) with scale factors of 10; 10; 10
REMARK      averaging function(s): cent,
REMARK 0 3-bond j-couplings in 0 class(es) with
REMARK      scale factor(s) of NA
REMARK 0 1-bond j-couplings in 0 class(es) with
REMARK      scale factor(s) of NA
REMARK 0 carbon chemical shifts in 0 class(es) with
REMARK      scale factor(s) of NA
REMARK 0 proton chemical shifts in 0 class(es) with
REMARK      scale factor(s) of NA
REMARK 0 diffusion anisotropy restraints in 0 class(es) with
REMARK      scale factor(s) of NA
REMARK 0 susceptability anisotropy restraints in 0 class(es) with
REMARK      scale factor(s) of NA
REMARK 0 dihedral restraints with scale factors of 5; 200; 400
REMARK 0 planarity restraints with a scale factor of NA
REMARK NCS restraints not used.
REMARK ===============================================================
REMARK               bond, angles, improp, vdw(<1.6),  dihed
REMARK violations :    97     147      12         0      76
REMARK RMSD       : 0.0551   4.567   2.067            21.971
REMARK ===============================================================
REMARK                noe,   cdih,   coup,   oneb, carb-a, carb-b,
REMARK violations :  1260       0       0       0       0   -----
REMARK RMSD       :  6.720   0.000   0.000   0.000   0.000   0.000
REMARK 0.2/2 viol.:  1339       0       0
REMARK ===============================================================
REMARK               dani,   sani
REMARK violations :     0       0
REMARK RMSD       :  0.000   0.000
REMARK .2/.1 viol.:     0       0
REMARK ===============================================================
REMARK Protons       violations, rmsd
REMARK all    :           0       0.000
REMARK class 1:           0       0.000
REMARK class 2:           0       0.000
REMARK class 3:           0       0.000
REMARK class 4:           0       0.000
REMARK ===============================================================
REMARK overall = 97174
REMARK bon     = 2801.07
REMARK ang     = 1705.19
REMARK imp     = 99.4128
REMARK vdw     = 1989.56
REMARK harm    = 0
REMARK noe     = 90313.4
REMARK coup    = 0
REMARK oneb    = 0
REMARK carb    = 0
REMARK prot    = 0
REMARK dani    = 0
REMARK sani    = 0
REMARK cdih    = 0
REMARK ncs     = 0
REMARK ===============================================================
REMARK DATE:05-Jul-2018  16:16:27       created by user: oeow39
REMARK VERSION:1.3
./chr19_1mb_matrix_13.pdbREMARK FILENAME="chr19_1mb_matrix_13.pdb"
REMARK The macromolecule has 57 residues
REMARK Trial structure 13 of 20 structures
REMARK Molecular dynamics scheme : cartesian; cartesian; minimize
REMARK High temperature dynamics :
REMARK      temp: 2000 steps: 1000 time(ps): 3
REMARK 1st cooling stage         :
REMARK      temp: 2000->0 steps: 1000 time(ps): 5 temp step: 25
REMARK 2nd cooling stage not used:
REMARK a total 150000 steps of minimization
REMARK VDW scale factors 20 20 0.01 0.003 0.003; 3E-03->4; 1
REMARK 1378 NOEs in 1 class(es) with scale factors of 10; 10; 10
REMARK      averaging function(s): cent,
REMARK 0 3-bond j-couplings in 0 class(es) with
REMARK      scale factor(s) of NA
REMARK 0 1-bond j-couplings in 0 class(es) with
REMARK      scale factor(s) of NA
REMARK 0 carbon chemical shifts in 0 class(es) with
REMARK      scale factor(s) of NA
REMARK 0 proton chemical shifts in 0 class(es) with
REMARK      scale factor(s) of NA
REMARK 0 diffusion anisotropy restraints in 0 class(es) with
REMARK      scale factor(s) of NA
REMARK 0 susceptability anisotropy restraints in 0 class(es) with
REMARK      scale factor(s) of NA
REMARK 0 dihedral restraints with scale factors of 5; 200; 400
REMARK 0 planarity restraints with a scale factor of NA
REMARK NCS restraints not used.
REMARK ===============================================================
REMARK               bond, angles, improp, vdw(<1.6),  dihed
REMARK violations :    90     156      16         3      75
REMARK RMSD       : 0.0554   4.828   2.130            22.586
REMARK ===============================================================
REMARK                noe,   cdih,   coup,   oneb, carb-a, carb-b,
REMARK violations :  1251       0       0       0       0   -----
REMARK RMSD       :  6.697   0.000   0.000   0.000   0.000   0.000
REMARK 0.2/2 viol.:  1329       0       0
REMARK ===============================================================
REMARK               dani,   sani
REMARK violations :     0       0
REMARK RMSD       :  0.000   0.000
REMARK .2/.1 viol.:     0       0
REMARK ===============================================================
REMARK Protons       violations, rmsd
REMARK all    :           0       0.000
REMARK class 1:           0       0.000
REMARK class 2:           0       0.000
REMARK class 3:           0       0.000
REMARK class 4:           0       0.000
REMARK ===============================================================
REMARK overall = 97220.7
REMARK bon     = 2833.9
REMARK ang     = 1841.34
REMARK imp     = 104.537
REMARK vdw     = 1910.41
REMARK harm    = 0
REMARK noe     = 90270.3
REMARK coup    = 0
REMARK oneb    = 0
REMARK carb    = 0
REMARK prot    = 0
REMARK dani    = 0
REMARK sani    = 0
REMARK cdih    = 0
REMARK ncs     = 0
REMARK ===============================================================
REMARK DATE:05-Jul-2018  16:22:01       created by user: oeow39
REMARK VERSION:1.3
./chr19_1mb_matrix_14.pdbREMARK FILENAME="chr19_1mb_matrix_14.pdb"
REMARK The macromolecule has 57 residues
REMARK Trial structure 14 of 20 structures
REMARK Molecular dynamics scheme : cartesian; cartesian; minimize
REMARK High temperature dynamics :
REMARK      temp: 2000 steps: 1000 time(ps): 3
REMARK 1st cooling stage         :
REMARK      temp: 2000->0 steps: 1000 time(ps): 5 temp step: 25
REMARK 2nd cooling stage not used:
REMARK a total 150000 steps of minimization
REMARK VDW scale factors 20 20 0.01 0.003 0.003; 3E-03->4; 1
REMARK 1378 NOEs in 1 class(es) with scale factors of 10; 10; 10
REMARK      averaging function(s): cent,
REMARK 0 3-bond j-couplings in 0 class(es) with
REMARK      scale factor(s) of NA
REMARK 0 1-bond j-couplings in 0 class(es) with
REMARK      scale factor(s) of NA
REMARK 0 carbon chemical shifts in 0 class(es) with
REMARK      scale factor(s) of NA
REMARK 0 proton chemical shifts in 0 class(es) with
REMARK      scale factor(s) of NA
REMARK 0 diffusion anisotropy restraints in 0 class(es) with
REMARK      scale factor(s) of NA
REMARK 0 susceptability anisotropy restraints in 0 class(es) with
REMARK      scale factor(s) of NA
REMARK 0 dihedral restraints with scale factors of 5; 200; 400
REMARK 0 planarity restraints with a scale factor of NA
REMARK NCS restraints not used.
REMARK ===============================================================
REMARK               bond, angles, improp, vdw(<1.6),  dihed
REMARK violations :    92     155      13         2      81
REMARK RMSD       : 0.0555   4.607   2.210            23.503
REMARK ===============================================================
REMARK                noe,   cdih,   coup,   oneb, carb-a, carb-b,
REMARK violations :  1275       0       0       0       0   -----
REMARK RMSD       :  6.686   0.000   0.000   0.000   0.000   0.000
REMARK 0.2/2 viol.:  1335       0       0
REMARK ===============================================================
REMARK               dani,   sani
REMARK violations :     0       0
REMARK RMSD       :  0.000   0.000
REMARK .2/.1 viol.:     0       0
REMARK ===============================================================
REMARK Protons       violations, rmsd
REMARK all    :           0       0.000
REMARK class 1:           0       0.000
REMARK class 2:           0       0.000
REMARK class 3:           0       0.000
REMARK class 4:           0       0.000
REMARK ===============================================================
REMARK overall = 97287.6
REMARK bon     = 2840.44
REMARK ang     = 1754.83
REMARK imp     = 103.148
REMARK vdw     = 2061.19
REMARK harm    = 0
REMARK noe     = 90224.9
REMARK coup    = 0
REMARK oneb    = 0
REMARK carb    = 0
REMARK prot    = 0
REMARK dani    = 0
REMARK sani    = 0
REMARK cdih    = 0
REMARK ncs     = 0
REMARK ===============================================================
REMARK DATE:05-Jul-2018  16:22:25       created by user: oeow39
REMARK VERSION:1.3
./chr19_1mb_matrix_12.pdbREMARK FILENAME="chr19_1mb_matrix_12.pdb"
REMARK The macromolecule has 57 residues
REMARK Trial structure 12 of 20 structures
REMARK Molecular dynamics scheme : cartesian; cartesian; minimize
REMARK High temperature dynamics :
REMARK      temp: 2000 steps: 1000 time(ps): 3
REMARK 1st cooling stage         :
REMARK      temp: 2000->0 steps: 1000 time(ps): 5 temp step: 25
REMARK 2nd cooling stage not used:
REMARK a total 150000 steps of minimization
REMARK VDW scale factors 20 20 0.01 0.003 0.003; 3E-03->4; 1
REMARK 1378 NOEs in 1 class(es) with scale factors of 10; 10; 10
REMARK      averaging function(s): cent,
REMARK 0 3-bond j-couplings in 0 class(es) with
REMARK      scale factor(s) of NA
REMARK 0 1-bond j-couplings in 0 class(es) with
REMARK      scale factor(s) of NA
REMARK 0 carbon chemical shifts in 0 class(es) with
REMARK      scale factor(s) of NA
REMARK 0 proton chemical shifts in 0 class(es) with
REMARK      scale factor(s) of NA
REMARK 0 diffusion anisotropy restraints in 0 class(es) with
REMARK      scale factor(s) of NA
REMARK 0 susceptability anisotropy restraints in 0 class(es) with
REMARK      scale factor(s) of NA
REMARK 0 dihedral restraints with scale factors of 5; 200; 400
REMARK 0 planarity restraints with a scale factor of NA
REMARK NCS restraints not used.
REMARK ===============================================================
REMARK               bond, angles, improp, vdw(<1.6),  dihed
REMARK violations :    95     155      14         2      70
REMARK RMSD       : 0.0568   4.868   2.392            22.237
REMARK ===============================================================
REMARK                noe,   cdih,   coup,   oneb, carb-a, carb-b,
REMARK violations :  1266       0       0       0       0   -----
REMARK RMSD       :  6.722   0.000   0.000   0.000   0.000   0.000
REMARK 0.2/2 viol.:  1338       0       0
REMARK ===============================================================
REMARK               dani,   sani
REMARK violations :     0       0
REMARK RMSD       :  0.000   0.000
REMARK .2/.1 viol.:     0       0
REMARK ===============================================================
REMARK Protons       violations, rmsd
REMARK all    :           0       0.000
REMARK class 1:           0       0.000
REMARK class 2:           0       0.000
REMARK class 3:           0       0.000
REMARK class 4:           0       0.000
REMARK ===============================================================
REMARK overall = 97663.7
REMARK bon     = 2969.61
REMARK ang     = 1919.57
REMARK imp     = 120.916
REMARK vdw     = 2179.62
REMARK harm    = 0
REMARK noe     = 90189.6
REMARK coup    = 0
REMARK oneb    = 0
REMARK carb    = 0
REMARK prot    = 0
REMARK dani    = 0
REMARK sani    = 0
REMARK cdih    = 0
REMARK ncs     = 0
REMARK ===============================================================
REMARK DATE:05-Jul-2018  16:21:23       created by user: oeow39
REMARK VERSION:1.3
./chr19_1mb_matrix_20.pdbREMARK FILENAME="chr19_1mb_matrix_20.pdb"
REMARK The macromolecule has 57 residues
REMARK Trial structure 20 of 20 structures
REMARK Molecular dynamics scheme : cartesian; cartesian; minimize
REMARK High temperature dynamics :
REMARK      temp: 2000 steps: 1000 time(ps): 3
REMARK 1st cooling stage         :
REMARK      temp: 2000->0 steps: 1000 time(ps): 5 temp step: 25
REMARK 2nd cooling stage not used:
REMARK a total 150000 steps of minimization
REMARK VDW scale factors 20 20 0.01 0.003 0.003; 3E-03->4; 1
REMARK 1378 NOEs in 1 class(es) with scale factors of 10; 10; 10
REMARK      averaging function(s): cent,
REMARK 0 3-bond j-couplings in 0 class(es) with
REMARK      scale factor(s) of NA
REMARK 0 1-bond j-couplings in 0 class(es) with
REMARK      scale factor(s) of NA
REMARK 0 carbon chemical shifts in 0 class(es) with
REMARK      scale factor(s) of NA
REMARK 0 proton chemical shifts in 0 class(es) with
REMARK      scale factor(s) of NA
REMARK 0 diffusion anisotropy restraints in 0 class(es) with
REMARK      scale factor(s) of NA
REMARK 0 susceptability anisotropy restraints in 0 class(es) with
REMARK      scale factor(s) of NA
REMARK 0 dihedral restraints with scale factors of 5; 200; 400
REMARK 0 planarity restraints with a scale factor of NA
REMARK NCS restraints not used.
REMARK ===============================================================
REMARK               bond, angles, improp, vdw(<1.6),  dihed
REMARK violations :    94     151      16         2      83
REMARK RMSD       : 0.0557   4.650   2.281            23.188
REMARK ===============================================================
REMARK                noe,   cdih,   coup,   oneb, carb-a, carb-b,
REMARK violations :  1277       0       0       0       0   -----
REMARK RMSD       :  6.685   0.000   0.000   0.000   0.000   0.000
REMARK 0.2/2 viol.:  1333       0       0
REMARK ===============================================================
REMARK               dani,   sani
REMARK violations :     0       0
REMARK RMSD       :  0.000   0.000
REMARK .2/.1 viol.:     0       0
REMARK ===============================================================
REMARK Protons       violations, rmsd
REMARK all    :           0       0.000
REMARK class 1:           0       0.000
REMARK class 2:           0       0.000
REMARK class 3:           0       0.000
REMARK class 4:           0       0.000
REMARK ===============================================================
REMARK overall = 97297.8
REMARK bon     = 2857.3
REMARK ang     = 1763.38
REMARK imp     = 110.232
REMARK vdw     = 2115.63
REMARK harm    = 0
REMARK noe     = 90161.5
REMARK coup    = 0
REMARK oneb    = 0
REMARK carb    = 0
REMARK prot    = 0
REMARK dani    = 0
REMARK sani    = 0
REMARK cdih    = 0
REMARK ncs     = 0
REMARK ===============================================================
REMARK DATE:05-Jul-2018  16:25:14       created by user: oeow39
REMARK VERSION:1.3
./chr19_1mb_matrix_11.pdbREMARK FILENAME="chr19_1mb_matrix_11.pdb"
REMARK The macromolecule has 57 residues
REMARK Trial structure 11 of 20 structures
REMARK Molecular dynamics scheme : cartesian; cartesian; minimize
REMARK High temperature dynamics :
REMARK      temp: 2000 steps: 1000 time(ps): 3
REMARK 1st cooling stage         :
REMARK      temp: 2000->0 steps: 1000 time(ps): 5 temp step: 25
REMARK 2nd cooling stage not used:
REMARK a total 150000 steps of minimization
REMARK VDW scale factors 20 20 0.01 0.003 0.003; 3E-03->4; 1
REMARK 1378 NOEs in 1 class(es) with scale factors of 10; 10; 10
REMARK      averaging function(s): cent,
REMARK 0 3-bond j-couplings in 0 class(es) with
REMARK      scale factor(s) of NA
REMARK 0 1-bond j-couplings in 0 class(es) with
REMARK      scale factor(s) of NA
REMARK 0 carbon chemical shifts in 0 class(es) with
REMARK      scale factor(s) of NA
REMARK 0 proton chemical shifts in 0 class(es) with
REMARK      scale factor(s) of NA
REMARK 0 diffusion anisotropy restraints in 0 class(es) with
REMARK      scale factor(s) of NA
REMARK 0 susceptability anisotropy restraints in 0 class(es) with
REMARK      scale factor(s) of NA
REMARK 0 dihedral restraints with scale factors of 5; 200; 400
REMARK 0 planarity restraints with a scale factor of NA
REMARK NCS restraints not used.
REMARK ===============================================================
REMARK               bond, angles, improp, vdw(<1.6),  dihed
REMARK violations :    92     154      13         4      82
REMARK RMSD       : 0.0556   4.722   2.028            23.622
REMARK ===============================================================
REMARK                noe,   cdih,   coup,   oneb, carb-a, carb-b,
REMARK violations :  1264       0       0       0       0   -----
REMARK RMSD       :  6.688   0.000   0.000   0.000   0.000   0.000
REMARK 0.2/2 viol.:  1329       0       0
REMARK ===============================================================
REMARK               dani,   sani
REMARK violations :     0       0
REMARK RMSD       :  0.000   0.000
REMARK .2/.1 viol.:     0       0
REMARK ===============================================================
REMARK Protons       violations, rmsd
REMARK all    :           0       0.000
REMARK class 1:           0       0.000
REMARK class 2:           0       0.000
REMARK class 3:           0       0.000
REMARK class 4:           0       0.000
REMARK ===============================================================
REMARK overall = 97171.4
REMARK bon     = 2846.12
REMARK ang     = 1800.94
REMARK imp     = 92.6203
REMARK vdw     = 2006.23
REMARK harm    = 0
REMARK noe     = 90154.2
REMARK coup    = 0
REMARK oneb    = 0
REMARK carb    = 0
REMARK prot    = 0
REMARK dani    = 0
REMARK sani    = 0
REMARK cdih    = 0
REMARK ncs     = 0
REMARK ===============================================================
REMARK DATE:05-Jul-2018  16:20:55       created by user: oeow39
REMARK VERSION:1.3
./chr19_1mb_matrix_4.pdbREMARK FILENAME="chr19_1mb_matrix_4.pdb"
REMARK The macromolecule has 57 residues
REMARK Trial structure 4 of 20 structures
REMARK Molecular dynamics scheme : cartesian; cartesian; minimize
REMARK High temperature dynamics :
REMARK      temp: 2000 steps: 1000 time(ps): 3
REMARK 1st cooling stage         :
REMARK      temp: 2000->0 steps: 1000 time(ps): 5 temp step: 25
REMARK 2nd cooling stage not used:
REMARK a total 150000 steps of minimization
REMARK VDW scale factors 20 20 0.01 0.003 0.003; 3E-03->4; 1
REMARK 1378 NOEs in 1 class(es) with scale factors of 10; 10; 10
REMARK      averaging function(s): cent,
REMARK 0 3-bond j-couplings in 0 class(es) with
REMARK      scale factor(s) of NA
REMARK 0 1-bond j-couplings in 0 class(es) with
REMARK      scale factor(s) of NA
REMARK 0 carbon chemical shifts in 0 class(es) with
REMARK      scale factor(s) of NA
REMARK 0 proton chemical shifts in 0 class(es) with
REMARK      scale factor(s) of NA
REMARK 0 diffusion anisotropy restraints in 0 class(es) with
REMARK      scale factor(s) of NA
REMARK 0 susceptability anisotropy restraints in 0 class(es) with
REMARK      scale factor(s) of NA
REMARK 0 dihedral restraints with scale factors of 5; 200; 400
REMARK 0 planarity restraints with a scale factor of NA
REMARK NCS restraints not used.
REMARK ===============================================================
REMARK               bond, angles, improp, vdw(<1.6),  dihed
REMARK violations :    92     157      14         4      72
REMARK RMSD       : 0.0558   4.775   2.281            22.670
REMARK ===============================================================
REMARK                noe,   cdih,   coup,   oneb, carb-a, carb-b,
REMARK violations :  1257       0       0       0       0   -----
REMARK RMSD       :  6.668   0.000   0.000   0.000   0.000   0.000
REMARK 0.2/2 viol.:  1329       0       0
REMARK ===============================================================
REMARK               dani,   sani
REMARK violations :     0       0
REMARK RMSD       :  0.000   0.000
REMARK .2/.1 viol.:     0       0
REMARK ===============================================================
REMARK Protons       violations, rmsd
REMARK all    :           0       0.000
REMARK class 1:           0       0.000
REMARK class 2:           0       0.000
REMARK class 3:           0       0.000
REMARK class 4:           0       0.000
REMARK ===============================================================
REMARK overall = 97342.1
REMARK bon     = 2875.46
REMARK ang     = 1859.62
REMARK imp     = 110.086
REMARK vdw     = 2101.06
REMARK harm    = 0
REMARK noe     = 90105.9
REMARK coup    = 0
REMARK oneb    = 0
REMARK carb    = 0
REMARK prot    = 0
REMARK dani    = 0
REMARK sani    = 0
REMARK cdih    = 0
REMARK ncs     = 0
REMARK ===============================================================
REMARK DATE:05-Jul-2018  16:16:58       created by user: oeow39
REMARK VERSION:1.3
./chr19_1mb_matrix_17.pdbREMARK FILENAME="chr19_1mb_matrix_17.pdb"
REMARK The macromolecule has 57 residues
REMARK Trial structure 17 of 20 structures
REMARK Molecular dynamics scheme : cartesian; cartesian; minimize
REMARK High temperature dynamics :
REMARK      temp: 2000 steps: 1000 time(ps): 3
REMARK 1st cooling stage         :
REMARK      temp: 2000->0 steps: 1000 time(ps): 5 temp step: 25
REMARK 2nd cooling stage not used:
REMARK a total 150000 steps of minimization
REMARK VDW scale factors 20 20 0.01 0.003 0.003; 3E-03->4; 1
REMARK 1378 NOEs in 1 class(es) with scale factors of 10; 10; 10
REMARK      averaging function(s): cent,
REMARK 0 3-bond j-couplings in 0 class(es) with
REMARK      scale factor(s) of NA
REMARK 0 1-bond j-couplings in 0 class(es) with
REMARK      scale factor(s) of NA
REMARK 0 carbon chemical shifts in 0 class(es) with
REMARK      scale factor(s) of NA
REMARK 0 proton chemical shifts in 0 class(es) with
REMARK      scale factor(s) of NA
REMARK 0 diffusion anisotropy restraints in 0 class(es) with
REMARK      scale factor(s) of NA
REMARK 0 susceptability anisotropy restraints in 0 class(es) with
REMARK      scale factor(s) of NA
REMARK 0 dihedral restraints with scale factors of 5; 200; 400
REMARK 0 planarity restraints with a scale factor of NA
REMARK NCS restraints not used.
REMARK ===============================================================
REMARK               bond, angles, improp, vdw(<1.6),  dihed
REMARK violations :   100     145      17         1      76
REMARK RMSD       : 0.0562   4.680   2.352            22.083
REMARK ===============================================================
REMARK                noe,   cdih,   coup,   oneb, carb-a, carb-b,
REMARK violations :  1258       0       0       0       0   -----
REMARK RMSD       :  6.704   0.000   0.000   0.000   0.000   0.000
REMARK 0.2/2 viol.:  1330       0       0
REMARK ===============================================================
REMARK               dani,   sani
REMARK violations :     0       0
REMARK RMSD       :  0.000   0.000
REMARK .2/.1 viol.:     0       0
REMARK ===============================================================
REMARK Protons       violations, rmsd
REMARK all    :           0       0.000
REMARK class 1:           0       0.000
REMARK class 2:           0       0.000
REMARK class 3:           0       0.000
REMARK class 4:           0       0.000
REMARK ===============================================================
REMARK overall = 97307.8
REMARK bon     = 2908.68
REMARK ang     = 1804.32
REMARK imp     = 128.183
REMARK vdw     = 2127.94
REMARK harm    = 0
REMARK noe     = 90082.6
REMARK coup    = 0
REMARK oneb    = 0
REMARK carb    = 0
REMARK prot    = 0
REMARK dani    = 0
REMARK sani    = 0
REMARK cdih    = 0
REMARK ncs     = 0
REMARK ===============================================================
REMARK DATE:05-Jul-2018  16:23:47       created by user: oeow39
REMARK VERSION:1.3
./chr19_1mb_matrix_15.pdbREMARK FILENAME="chr19_1mb_matrix_15.pdb"
REMARK The macromolecule has 57 residues
REMARK Trial structure 15 of 20 structures
REMARK Molecular dynamics scheme : cartesian; cartesian; minimize
REMARK High temperature dynamics :
REMARK      temp: 2000 steps: 1000 time(ps): 3
REMARK 1st cooling stage         :
REMARK      temp: 2000->0 steps: 1000 time(ps): 5 temp step: 25
REMARK 2nd cooling stage not used:
REMARK a total 150000 steps of minimization
REMARK VDW scale factors 20 20 0.01 0.003 0.003; 3E-03->4; 1
REMARK 1378 NOEs in 1 class(es) with scale factors of 10; 10; 10
REMARK      averaging function(s): cent,
REMARK 0 3-bond j-couplings in 0 class(es) with
REMARK      scale factor(s) of NA
REMARK 0 1-bond j-couplings in 0 class(es) with
REMARK      scale factor(s) of NA
REMARK 0 carbon chemical shifts in 0 class(es) with
REMARK      scale factor(s) of NA
REMARK 0 proton chemical shifts in 0 class(es) with
REMARK      scale factor(s) of NA
REMARK 0 diffusion anisotropy restraints in 0 class(es) with
REMARK      scale factor(s) of NA
REMARK 0 susceptability anisotropy restraints in 0 class(es) with
REMARK      scale factor(s) of NA
REMARK 0 dihedral restraints with scale factors of 5; 200; 400
REMARK 0 planarity restraints with a scale factor of NA
REMARK NCS restraints not used.
REMARK ===============================================================
REMARK               bond, angles, improp, vdw(<1.6),  dihed
REMARK violations :    93     154      10         3      73
REMARK RMSD       : 0.0559   5.294   1.988            22.361
REMARK ===============================================================
REMARK                noe,   cdih,   coup,   oneb, carb-a, carb-b,
REMARK violations :  1258       0       0       0       0   -----
REMARK RMSD       :  6.668   0.000   0.000   0.000   0.000   0.000
REMARK 0.2/2 viol.:  1321       0       0
REMARK ===============================================================
REMARK               dani,   sani
REMARK violations :     0       0
REMARK RMSD       :  0.000   0.000
REMARK .2/.1 viol.:     0       0
REMARK ===============================================================
REMARK Protons       violations, rmsd
REMARK all    :           0       0.000
REMARK class 1:           0       0.000
REMARK class 2:           0       0.000
REMARK class 3:           0       0.000
REMARK class 4:           0       0.000
REMARK ===============================================================
REMARK overall = 97331.1
REMARK bon     = 2897.98
REMARK ang     = 1849.56
REMARK imp     = 86.2732
REMARK vdw     = 2160.16
REMARK harm    = 0
REMARK noe     = 90043
REMARK coup    = 0
REMARK oneb    = 0
REMARK carb    = 0
REMARK prot    = 0
REMARK dani    = 0
REMARK sani    = 0
REMARK cdih    = 0
REMARK ncs     = 0
REMARK ===============================================================
REMARK DATE:05-Jul-2018  16:22:59       created by user: oeow39
REMARK VERSION:1.3
./chr19_1mb_matrix_8.pdbREMARK FILENAME="chr19_1mb_matrix_8.pdb"
REMARK The macromolecule has 57 residues
REMARK Trial structure 8 of 20 structures
REMARK Molecular dynamics scheme : cartesian; cartesian; minimize
REMARK High temperature dynamics :
REMARK      temp: 2000 steps: 1000 time(ps): 3
REMARK 1st cooling stage         :
REMARK      temp: 2000->0 steps: 1000 time(ps): 5 temp step: 25
REMARK 2nd cooling stage not used:
REMARK a total 150000 steps of minimization
REMARK VDW scale factors 20 20 0.01 0.003 0.003; 3E-03->4; 1
REMARK 1378 NOEs in 1 class(es) with scale factors of 10; 10; 10
REMARK      averaging function(s): cent,
REMARK 0 3-bond j-couplings in 0 class(es) with
REMARK      scale factor(s) of NA
REMARK 0 1-bond j-couplings in 0 class(es) with
REMARK      scale factor(s) of NA
REMARK 0 carbon chemical shifts in 0 class(es) with
REMARK      scale factor(s) of NA
REMARK 0 proton chemical shifts in 0 class(es) with
REMARK      scale factor(s) of NA
REMARK 0 diffusion anisotropy restraints in 0 class(es) with
REMARK      scale factor(s) of NA
REMARK 0 susceptability anisotropy restraints in 0 class(es) with
REMARK      scale factor(s) of NA
REMARK 0 dihedral restraints with scale factors of 5; 200; 400
REMARK 0 planarity restraints with a scale factor of NA
REMARK NCS restraints not used.
REMARK ===============================================================
REMARK               bond, angles, improp, vdw(<1.6),  dihed
REMARK violations :    99     154      13         0      70
REMARK RMSD       : 0.0560   4.756   2.244            21.902
REMARK ===============================================================
REMARK                noe,   cdih,   coup,   oneb, carb-a, carb-b,
REMARK violations :  1266       0       0       0       0   -----
REMARK RMSD       :  6.670   0.000   0.000   0.000   0.000   0.000
REMARK 0.2/2 viol.:  1342       0       0
REMARK ===============================================================
REMARK               dani,   sani
REMARK violations :     0       0
REMARK RMSD       :  0.000   0.000
REMARK .2/.1 viol.:     0       0
REMARK ===============================================================
REMARK Protons       violations, rmsd
REMARK all    :           0       0.000
REMARK class 1:           0       0.000
REMARK class 2:           0       0.000
REMARK class 3:           0       0.000
REMARK class 4:           0       0.000
REMARK ===============================================================
REMARK overall = 97132.5
REMARK bon     = 2893.82
REMARK ang     = 1803.82
REMARK imp     = 115.699
REMARK vdw     = 2050.05
REMARK harm    = 0
REMARK noe     = 90025.1
REMARK coup    = 0
REMARK oneb    = 0
REMARK carb    = 0
REMARK prot    = 0
REMARK dani    = 0
REMARK sani    = 0
REMARK cdih    = 0
REMARK ncs     = 0
REMARK ===============================================================
REMARK DATE:05-Jul-2018  16:19:29       created by user: oeow39
REMARK VERSION:1.3
./chr19_1mb_matrix_1.pdbREMARK FILENAME="chr19_1mb_matrix_1.pdb"
REMARK The macromolecule has 57 residues
REMARK Trial structure 1 of 20 structures
REMARK Molecular dynamics scheme : cartesian; cartesian; minimize
REMARK High temperature dynamics :
REMARK      temp: 2000 steps: 1000 time(ps): 3
REMARK 1st cooling stage         :
REMARK      temp: 2000->0 steps: 1000 time(ps): 5 temp step: 25
REMARK 2nd cooling stage not used:
REMARK a total 150000 steps of minimization
REMARK VDW scale factors 20 20 0.01 0.003 0.003; 3E-03->4; 1
REMARK 1378 NOEs in 1 class(es) with scale factors of 10; 10; 10
REMARK      averaging function(s): cent,
REMARK 0 3-bond j-couplings in 0 class(es) with
REMARK      scale factor(s) of NA
REMARK 0 1-bond j-couplings in 0 class(es) with
REMARK      scale factor(s) of NA
REMARK 0 carbon chemical shifts in 0 class(es) with
REMARK      scale factor(s) of NA
REMARK 0 proton chemical shifts in 0 class(es) with
REMARK      scale factor(s) of NA
REMARK 0 diffusion anisotropy restraints in 0 class(es) with
REMARK      scale factor(s) of NA
REMARK 0 susceptability anisotropy restraints in 0 class(es) with
REMARK      scale factor(s) of NA
REMARK 0 dihedral restraints with scale factors of 5; 200; 400
REMARK 0 planarity restraints with a scale factor of NA
REMARK NCS restraints not used.
REMARK ===============================================================
REMARK               bond, angles, improp, vdw(<1.6),  dihed
REMARK violations :    96     157      16         1      67
REMARK RMSD       : 0.0560   5.283   2.405            21.726
REMARK ===============================================================
REMARK                noe,   cdih,   coup,   oneb, carb-a, carb-b,
REMARK violations :  1261       0       0       0       0   -----
REMARK RMSD       :  6.694   0.000   0.000   0.000   0.000   0.000
REMARK 0.2/2 viol.:  1326       0       0
REMARK ===============================================================
REMARK               dani,   sani
REMARK violations :     0       0
REMARK RMSD       :  0.000   0.000
REMARK .2/.1 viol.:     0       0
REMARK ===============================================================
REMARK Protons       violations, rmsd
REMARK all    :           0       0.000
REMARK class 1:           0       0.000
REMARK class 2:           0       0.000
REMARK class 3:           0       0.000
REMARK class 4:           0       0.000
REMARK ===============================================================
REMARK overall = 97176.6
REMARK bon     = 2903.27
REMARK ang     = 1862.53
REMARK imp     = 128.001
REMARK vdw     = 2013.05
REMARK harm    = 0
REMARK noe     = 90017.1
REMARK coup    = 0
REMARK oneb    = 0
REMARK carb    = 0
REMARK prot    = 0
REMARK dani    = 0
REMARK sani    = 0
REMARK cdih    = 0
REMARK ncs     = 0
REMARK ===============================================================
REMARK DATE:05-Jul-2018  16:15:23       created by user: oeow39
REMARK VERSION:1.3
./chr19_1mb_matrix_2.pdbREMARK FILENAME="chr19_1mb_matrix_2.pdb"
REMARK The macromolecule has 57 residues
REMARK Trial structure 2 of 20 structures
REMARK Molecular dynamics scheme : cartesian; cartesian; minimize
REMARK High temperature dynamics :
REMARK      temp: 2000 steps: 1000 time(ps): 3
REMARK 1st cooling stage         :
REMARK      temp: 2000->0 steps: 1000 time(ps): 5 temp step: 25
REMARK 2nd cooling stage not used:
REMARK a total 150000 steps of minimization
REMARK VDW scale factors 20 20 0.01 0.003 0.003; 3E-03->4; 1
REMARK 1378 NOEs in 1 class(es) with scale factors of 10; 10; 10
REMARK      averaging function(s): cent,
REMARK 0 3-bond j-couplings in 0 class(es) with
REMARK      scale factor(s) of NA
REMARK 0 1-bond j-couplings in 0 class(es) with
REMARK      scale factor(s) of NA
REMARK 0 carbon chemical shifts in 0 class(es) with
REMARK      scale factor(s) of NA
REMARK 0 proton chemical shifts in 0 class(es) with
REMARK      scale factor(s) of NA
REMARK 0 diffusion anisotropy restraints in 0 class(es) with
REMARK      scale factor(s) of NA
REMARK 0 susceptability anisotropy restraints in 0 class(es) with
REMARK      scale factor(s) of NA
REMARK 0 dihedral restraints with scale factors of 5; 200; 400
REMARK 0 planarity restraints with a scale factor of NA
REMARK NCS restraints not used.
REMARK ===============================================================
REMARK               bond, angles, improp, vdw(<1.6),  dihed
REMARK violations :    97     150      18         1      74
REMARK RMSD       : 0.0560   4.720   2.302            22.509
REMARK ===============================================================
REMARK                noe,   cdih,   coup,   oneb, carb-a, carb-b,
REMARK violations :  1261       0       0       0       0   -----
REMARK RMSD       :  6.671   0.000   0.000   0.000   0.000   0.000
REMARK 0.2/2 viol.:  1338       0       0
REMARK ===============================================================
REMARK               dani,   sani
REMARK violations :     0       0
REMARK RMSD       :  0.000   0.000
REMARK .2/.1 viol.:     0       0
REMARK ===============================================================
REMARK Protons       violations, rmsd
REMARK all    :           0       0.000
REMARK class 1:           0       0.000
REMARK class 2:           0       0.000
REMARK class 3:           0       0.000
REMARK class 4:           0       0.000
REMARK ===============================================================
REMARK overall = 97033.9
REMARK bon     = 2895.51
REMARK ang     = 1786.7
REMARK imp     = 122.797
REMARK vdw     = 2005.24
REMARK harm    = 0
REMARK noe     = 89982.9
REMARK coup    = 0
REMARK oneb    = 0
REMARK carb    = 0
REMARK prot    = 0
REMARK dani    = 0
REMARK sani    = 0
REMARK cdih    = 0
REMARK ncs     = 0
REMARK ===============================================================
REMARK DATE:05-Jul-2018  16:15:54       created by user: oeow39
REMARK VERSION:1.3
