base directory = /storage/htc/bdm/tosin/GSDB/Data/GG6098MH/*
/var/spool/slurmd/job6320241/slurm_script: line 22: ((: /storage/htc/bdm/tosin/GSDB/Data/GG6098MH/hESC: syntax error: operand expected (error token is "/storage/htc/bdm/tosin/GSDB/Data/GG6098MH/hESC")
Root Directory Name: hESC 
mkdir: cannot create directory ‘/storage/htc/bdm/tosin/GSDB/Structures/GG6098MH/hESC’: File exists
Directory created successfully: 
Nest Directory Path: /storage/htc/bdm/tosin/GSDB/Data/GG6098MH/hESC/Yaffe_Tanay 
Nest directory Name:  Yaffe_Tanay
mkdir: cannot create directory ‘/storage/htc/bdm/tosin/GSDB/Structures/GG6098MH/hESC/Yaffe_Tanay’: File exists
Directory created successfully........
/var/spool/slurmd/job6320241/slurm_script: line 58: /storage/htc/bdm/tosin/GSDB/Data/GG6098MH/hESC/Yaffe_Tanay/hESC_chrom_sequence_length.txt: No such file or directory
Length: 
Chromosome Directory Name: /storage/htc/bdm/tosin/GSDB/Data/GG6098MH/hESC/Yaffe_Tanay/chr*_list.txt

Construct Chromosome Structure

Processing /storage/htc/bdm/tosin/GSDB/Data/GG6098MH/hESC/Yaffe_Tanay/chr10_list.txt file... 

Number of processors:10
construction completed... 

Processing /storage/htc/bdm/tosin/GSDB/Data/GG6098MH/hESC/Yaffe_Tanay/chr11_list.txt file... 

Number of processors:10
construction completed... 

Processing /storage/htc/bdm/tosin/GSDB/Data/GG6098MH/hESC/Yaffe_Tanay/chr12_list.txt file... 

Number of processors:10
construction completed... 

Processing /storage/htc/bdm/tosin/GSDB/Data/GG6098MH/hESC/Yaffe_Tanay/chr13_list.txt file... 

Number of processors:10
construction completed... 

Processing /storage/htc/bdm/tosin/GSDB/Data/GG6098MH/hESC/Yaffe_Tanay/chr14_list.txt file... 

Number of processors:10
construction completed... 

Processing /storage/htc/bdm/tosin/GSDB/Data/GG6098MH/hESC/Yaffe_Tanay/chr15_list.txt file... 

Number of processors:10
construction completed... 

Processing /storage/htc/bdm/tosin/GSDB/Data/GG6098MH/hESC/Yaffe_Tanay/chr16_list.txt file... 

Number of processors:10
construction completed... 

Processing /storage/htc/bdm/tosin/GSDB/Data/GG6098MH/hESC/Yaffe_Tanay/chr17_list.txt file... 

Number of processors:10
construction completed... 

Processing /storage/htc/bdm/tosin/GSDB/Data/GG6098MH/hESC/Yaffe_Tanay/chr18_list.txt file... 

Number of processors:10
construction completed... 

Processing /storage/htc/bdm/tosin/GSDB/Data/GG6098MH/hESC/Yaffe_Tanay/chr19_list.txt file... 

Number of processors:10
construction completed... 

Processing /storage/htc/bdm/tosin/GSDB/Data/GG6098MH/hESC/Yaffe_Tanay/chr1_list.txt file... 

Number of processors:10
construction completed... 

Processing /storage/htc/bdm/tosin/GSDB/Data/GG6098MH/hESC/Yaffe_Tanay/chr20_list.txt file... 

Number of processors:10
construction completed... 

Processing /storage/htc/bdm/tosin/GSDB/Data/GG6098MH/hESC/Yaffe_Tanay/chr21_list.txt file... 

Number of processors:10
construction completed... 

Processing /storage/htc/bdm/tosin/GSDB/Data/GG6098MH/hESC/Yaffe_Tanay/chr22_list.txt file... 

Number of processors:10
construction completed... 

Processing /storage/htc/bdm/tosin/GSDB/Data/GG6098MH/hESC/Yaffe_Tanay/chr23_list.txt file... 

Number of processors:10
construction completed... 

Processing /storage/htc/bdm/tosin/GSDB/Data/GG6098MH/hESC/Yaffe_Tanay/chr2_list.txt file... 

Number of processors:10
construction completed... 

Processing /storage/htc/bdm/tosin/GSDB/Data/GG6098MH/hESC/Yaffe_Tanay/chr3_list.txt file... 

Number of processors:10
construction completed... 

Processing /storage/htc/bdm/tosin/GSDB/Data/GG6098MH/hESC/Yaffe_Tanay/chr4_list.txt file... 

Number of processors:10
construction completed... 

Processing /storage/htc/bdm/tosin/GSDB/Data/GG6098MH/hESC/Yaffe_Tanay/chr5_list.txt file... 

Number of processors:10
construction completed... 

Processing /storage/htc/bdm/tosin/GSDB/Data/GG6098MH/hESC/Yaffe_Tanay/chr6_list.txt file... 

Number of processors:10
construction completed... 

Processing /storage/htc/bdm/tosin/GSDB/Data/GG6098MH/hESC/Yaffe_Tanay/chr7_list.txt file... 

Number of processors:10
construction completed... 

Processing /storage/htc/bdm/tosin/GSDB/Data/GG6098MH/hESC/Yaffe_Tanay/chr8_list.txt file... 

Number of processors:10
construction completed... 

Processing /storage/htc/bdm/tosin/GSDB/Data/GG6098MH/hESC/Yaffe_Tanay/chr9_list.txt file... 

Number of processors:10
construction completed... 
..........................................
.......Renaming Chromosomes...............
..........................................

Processing /storage/htc/bdm/tosin/GSDB/Structures/GG6098MH/hESC/Yaffe_Tanay/MOGEN/chr10_list_1533561263931.pdb file...

 New file name = /storage/htc/bdm/tosin/GSDB/Structures/GG6098MH/hESC/Yaffe_Tanay/MOGEN/chr10.pdb
/storage/htc/bdm/tosin/GSDB/Data/GG6098MH/hESC/Yaffe_Tanay/chr10_matrix.txt
Usage java -jar pdbAnalyze.jar matrix_file pdb_file output_directory
Reading input ...
Conversion from pdb to xyz Started........


Number of no-zero rows = 3200
Finding Correlation Scores ...
Spearman correlation Expected Dist vs. Reconstructed Dist: 0.419575 ...

Analysis Completed


Processing /storage/htc/bdm/tosin/GSDB/Structures/GG6098MH/hESC/Yaffe_Tanay/MOGEN/chr11_list_1533561889957.pdb file...

 New file name = /storage/htc/bdm/tosin/GSDB/Structures/GG6098MH/hESC/Yaffe_Tanay/MOGEN/chr11.pdb
/storage/htc/bdm/tosin/GSDB/Data/GG6098MH/hESC/Yaffe_Tanay/chr11_matrix.txt
Usage java -jar pdbAnalyze.jar matrix_file pdb_file output_directory
Reading input ...
Conversion from pdb to xyz Started........


Number of no-zero rows = 3264
Finding Correlation Scores ...
Spearman correlation Expected Dist vs. Reconstructed Dist: 0.394965 ...

Analysis Completed


Processing /storage/htc/bdm/tosin/GSDB/Structures/GG6098MH/hESC/Yaffe_Tanay/MOGEN/chr12_list_1533562367284.pdb file...

 New file name = /storage/htc/bdm/tosin/GSDB/Structures/GG6098MH/hESC/Yaffe_Tanay/MOGEN/chr12.pdb
/storage/htc/bdm/tosin/GSDB/Data/GG6098MH/hESC/Yaffe_Tanay/chr12_matrix.txt
Usage java -jar pdbAnalyze.jar matrix_file pdb_file output_directory
Reading input ...
Conversion from pdb to xyz Started........


Number of no-zero rows = 3260
Finding Correlation Scores ...
Spearman correlation Expected Dist vs. Reconstructed Dist: 0.384006 ...

Analysis Completed


Processing /storage/htc/bdm/tosin/GSDB/Structures/GG6098MH/hESC/Yaffe_Tanay/MOGEN/chr13_list_1533562658023.pdb file...

 New file name = /storage/htc/bdm/tosin/GSDB/Structures/GG6098MH/hESC/Yaffe_Tanay/MOGEN/chr13.pdb
/storage/htc/bdm/tosin/GSDB/Data/GG6098MH/hESC/Yaffe_Tanay/chr13_matrix.txt
Usage java -jar pdbAnalyze.jar matrix_file pdb_file output_directory
Reading input ...
Conversion from pdb to xyz Started........


Number of no-zero rows = 2388
Finding Correlation Scores ...
Spearman correlation Expected Dist vs. Reconstructed Dist: 0.447572 ...

Analysis Completed


Processing /storage/htc/bdm/tosin/GSDB/Structures/GG6098MH/hESC/Yaffe_Tanay/MOGEN/chr14_list_1533563063188.pdb file...

 New file name = /storage/htc/bdm/tosin/GSDB/Structures/GG6098MH/hESC/Yaffe_Tanay/MOGEN/chr14.pdb
/storage/htc/bdm/tosin/GSDB/Data/GG6098MH/hESC/Yaffe_Tanay/chr14_matrix.txt
Usage java -jar pdbAnalyze.jar matrix_file pdb_file output_directory
Reading input ...
Conversion from pdb to xyz Started........


Number of no-zero rows = 2187
Finding Correlation Scores ...
Spearman correlation Expected Dist vs. Reconstructed Dist: 0.477661 ...

Analysis Completed


Processing /storage/htc/bdm/tosin/GSDB/Structures/GG6098MH/hESC/Yaffe_Tanay/MOGEN/chr15_list_1533563204139.pdb file...

 New file name = /storage/htc/bdm/tosin/GSDB/Structures/GG6098MH/hESC/Yaffe_Tanay/MOGEN/chr15.pdb
/storage/htc/bdm/tosin/GSDB/Data/GG6098MH/hESC/Yaffe_Tanay/chr15_matrix.txt
Usage java -jar pdbAnalyze.jar matrix_file pdb_file output_directory
Reading input ...
Conversion from pdb to xyz Started........


Number of no-zero rows = 1958
Finding Correlation Scores ...
Spearman correlation Expected Dist vs. Reconstructed Dist: 0.430278 ...

Analysis Completed


Processing /storage/htc/bdm/tosin/GSDB/Structures/GG6098MH/hESC/Yaffe_Tanay/MOGEN/chr16_list_1533563301030.pdb file...

 New file name = /storage/htc/bdm/tosin/GSDB/Structures/GG6098MH/hESC/Yaffe_Tanay/MOGEN/chr16.pdb
/storage/htc/bdm/tosin/GSDB/Data/GG6098MH/hESC/Yaffe_Tanay/chr16_matrix.txt
Usage java -jar pdbAnalyze.jar matrix_file pdb_file output_directory
Reading input ...
Conversion from pdb to xyz Started........


Number of no-zero rows = 1877
Finding Correlation Scores ...
Spearman correlation Expected Dist vs. Reconstructed Dist: 0.424175 ...

Analysis Completed


Processing /storage/htc/bdm/tosin/GSDB/Structures/GG6098MH/hESC/Yaffe_Tanay/MOGEN/chr17_list_1533563426417.pdb file...

 New file name = /storage/htc/bdm/tosin/GSDB/Structures/GG6098MH/hESC/Yaffe_Tanay/MOGEN/chr17.pdb
/storage/htc/bdm/tosin/GSDB/Data/GG6098MH/hESC/Yaffe_Tanay/chr17_matrix.txt
Usage java -jar pdbAnalyze.jar matrix_file pdb_file output_directory
Reading input ...
Conversion from pdb to xyz Started........


Number of no-zero rows = 1899
Finding Correlation Scores ...
Spearman correlation Expected Dist vs. Reconstructed Dist: 0.421211 ...

Analysis Completed


Processing /storage/htc/bdm/tosin/GSDB/Structures/GG6098MH/hESC/Yaffe_Tanay/MOGEN/chr18_list_1533563575865.pdb file...

 New file name = /storage/htc/bdm/tosin/GSDB/Structures/GG6098MH/hESC/Yaffe_Tanay/MOGEN/chr18.pdb
/storage/htc/bdm/tosin/GSDB/Data/GG6098MH/hESC/Yaffe_Tanay/chr18_matrix.txt
Usage java -jar pdbAnalyze.jar matrix_file pdb_file output_directory
Reading input ...
Conversion from pdb to xyz Started........


Number of no-zero rows = 1864
Finding Correlation Scores ...
Spearman correlation Expected Dist vs. Reconstructed Dist: 0.491850 ...

Analysis Completed


Processing /storage/htc/bdm/tosin/GSDB/Structures/GG6098MH/hESC/Yaffe_Tanay/MOGEN/chr19_list_1533563628353.pdb file...

 New file name = /storage/htc/bdm/tosin/GSDB/Structures/GG6098MH/hESC/Yaffe_Tanay/MOGEN/chr19.pdb
/storage/htc/bdm/tosin/GSDB/Data/GG6098MH/hESC/Yaffe_Tanay/chr19_matrix.txt
Usage java -jar pdbAnalyze.jar matrix_file pdb_file output_directory
Reading input ...
Conversion from pdb to xyz Started........


Number of no-zero rows = 1381
Finding Correlation Scores ...
Spearman correlation Expected Dist vs. Reconstructed Dist: 0.430937 ...

Analysis Completed


Processing /storage/htc/bdm/tosin/GSDB/Structures/GG6098MH/hESC/Yaffe_Tanay/MOGEN/chr1_list_1533564932916.pdb file...

 New file name = /storage/htc/bdm/tosin/GSDB/Structures/GG6098MH/hESC/Yaffe_Tanay/MOGEN/chr1.pdb
/storage/htc/bdm/tosin/GSDB/Data/GG6098MH/hESC/Yaffe_Tanay/chr1_matrix.txt
Usage java -jar pdbAnalyze.jar matrix_file pdb_file output_directory
Reading input ...
Conversion from pdb to xyz Started........


Number of no-zero rows = 5508
Finding Correlation Scores ...
Spearman correlation Expected Dist vs. Reconstructed Dist: 0.309732 ...

Analysis Completed


Processing /storage/htc/bdm/tosin/GSDB/Structures/GG6098MH/hESC/Yaffe_Tanay/MOGEN/chr20_list_1533565006066.pdb file...

 New file name = /storage/htc/bdm/tosin/GSDB/Structures/GG6098MH/hESC/Yaffe_Tanay/MOGEN/chr20.pdb
/storage/htc/bdm/tosin/GSDB/Data/GG6098MH/hESC/Yaffe_Tanay/chr20_matrix.txt
Usage java -jar pdbAnalyze.jar matrix_file pdb_file output_directory
Reading input ...
Conversion from pdb to xyz Started........


Number of no-zero rows = 1489
Finding Correlation Scores ...
Spearman correlation Expected Dist vs. Reconstructed Dist: 0.402351 ...

Analysis Completed


Processing /storage/htc/bdm/tosin/GSDB/Structures/GG6098MH/hESC/Yaffe_Tanay/MOGEN/chr21_list_1533565032174.pdb file...

 New file name = /storage/htc/bdm/tosin/GSDB/Structures/GG6098MH/hESC/Yaffe_Tanay/MOGEN/chr21.pdb
/storage/htc/bdm/tosin/GSDB/Data/GG6098MH/hESC/Yaffe_Tanay/chr21_matrix.txt
Usage java -jar pdbAnalyze.jar matrix_file pdb_file output_directory
Reading input ...
Conversion from pdb to xyz Started........


Number of no-zero rows = 848
Finding Correlation Scores ...
Spearman correlation Expected Dist vs. Reconstructed Dist: 0.609646 ...

Analysis Completed


Processing /storage/htc/bdm/tosin/GSDB/Structures/GG6098MH/hESC/Yaffe_Tanay/MOGEN/chr22_list_1533565077794.pdb file...

 New file name = /storage/htc/bdm/tosin/GSDB/Structures/GG6098MH/hESC/Yaffe_Tanay/MOGEN/chr22.pdb
/storage/htc/bdm/tosin/GSDB/Data/GG6098MH/hESC/Yaffe_Tanay/chr22_matrix.txt
Usage java -jar pdbAnalyze.jar matrix_file pdb_file output_directory
Reading input ...
Conversion from pdb to xyz Started........


Number of no-zero rows = 828
Finding Correlation Scores ...
Spearman correlation Expected Dist vs. Reconstructed Dist: 0.553792 ...

Analysis Completed


Processing /storage/htc/bdm/tosin/GSDB/Structures/GG6098MH/hESC/Yaffe_Tanay/MOGEN/chr23_list_1533565404352.pdb file...

 New file name = /storage/htc/bdm/tosin/GSDB/Structures/GG6098MH/hESC/Yaffe_Tanay/MOGEN/chr23.pdb
/storage/htc/bdm/tosin/GSDB/Data/GG6098MH/hESC/Yaffe_Tanay/chr23_matrix.txt
Usage java -jar pdbAnalyze.jar matrix_file pdb_file output_directory
Reading input ...
Conversion from pdb to xyz Started........


Number of no-zero rows = 3656
Finding Correlation Scores ...
Spearman correlation Expected Dist vs. Reconstructed Dist: 0.419970 ...

Analysis Completed


Processing /storage/htc/bdm/tosin/GSDB/Structures/GG6098MH/hESC/Yaffe_Tanay/MOGEN/chr2_list_1533566204485.pdb file...

 New file name = /storage/htc/bdm/tosin/GSDB/Structures/GG6098MH/hESC/Yaffe_Tanay/MOGEN/chr2.pdb
/storage/htc/bdm/tosin/GSDB/Data/GG6098MH/hESC/Yaffe_Tanay/chr2_matrix.txt
Usage java -jar pdbAnalyze.jar matrix_file pdb_file output_directory
Reading input ...
Conversion from pdb to xyz Started........


Number of no-zero rows = 5863
Finding Correlation Scores ...
Spearman correlation Expected Dist vs. Reconstructed Dist: 0.371319 ...

Analysis Completed


Processing /storage/htc/bdm/tosin/GSDB/Structures/GG6098MH/hESC/Yaffe_Tanay/MOGEN/chr3_list_1533566729215.pdb file...

 New file name = /storage/htc/bdm/tosin/GSDB/Structures/GG6098MH/hESC/Yaffe_Tanay/MOGEN/chr3.pdb
/storage/htc/bdm/tosin/GSDB/Data/GG6098MH/hESC/Yaffe_Tanay/chr3_matrix.txt
Usage java -jar pdbAnalyze.jar matrix_file pdb_file output_directory
Reading input ...
Conversion from pdb to xyz Started........


Number of no-zero rows = 4864
Finding Correlation Scores ...
Spearman correlation Expected Dist vs. Reconstructed Dist: 0.390384 ...

Analysis Completed


Processing /storage/htc/bdm/tosin/GSDB/Structures/GG6098MH/hESC/Yaffe_Tanay/MOGEN/chr4_list_1533567086358.pdb file...

 New file name = /storage/htc/bdm/tosin/GSDB/Structures/GG6098MH/hESC/Yaffe_Tanay/MOGEN/chr4.pdb
/storage/htc/bdm/tosin/GSDB/Data/GG6098MH/hESC/Yaffe_Tanay/chr4_matrix.txt
Usage java -jar pdbAnalyze.jar matrix_file pdb_file output_directory
Reading input ...
Conversion from pdb to xyz Started........


Number of no-zero rows = 4665
Finding Correlation Scores ...
Spearman correlation Expected Dist vs. Reconstructed Dist: 0.409703 ...

Analysis Completed


Processing /storage/htc/bdm/tosin/GSDB/Structures/GG6098MH/hESC/Yaffe_Tanay/MOGEN/chr5_list_1533568458282.pdb file...

 New file name = /storage/htc/bdm/tosin/GSDB/Structures/GG6098MH/hESC/Yaffe_Tanay/MOGEN/chr5.pdb
/storage/htc/bdm/tosin/GSDB/Data/GG6098MH/hESC/Yaffe_Tanay/chr5_matrix.txt
Usage java -jar pdbAnalyze.jar matrix_file pdb_file output_directory
Reading input ...
Conversion from pdb to xyz Started........


Number of no-zero rows = 4387
Finding Correlation Scores ...
Spearman correlation Expected Dist vs. Reconstructed Dist: 0.410398 ...

Analysis Completed


Processing /storage/htc/bdm/tosin/GSDB/Structures/GG6098MH/hESC/Yaffe_Tanay/MOGEN/chr6_list_1533569117368.pdb file...

 New file name = /storage/htc/bdm/tosin/GSDB/Structures/GG6098MH/hESC/Yaffe_Tanay/MOGEN/chr6.pdb
/storage/htc/bdm/tosin/GSDB/Data/GG6098MH/hESC/Yaffe_Tanay/chr6_matrix.txt
Usage java -jar pdbAnalyze.jar matrix_file pdb_file output_directory
Reading input ...
Conversion from pdb to xyz Started........


Number of no-zero rows = 4170
Finding Correlation Scores ...
Spearman correlation Expected Dist vs. Reconstructed Dist: 0.339287 ...

Analysis Completed


Processing /storage/htc/bdm/tosin/GSDB/Structures/GG6098MH/hESC/Yaffe_Tanay/MOGEN/chr7_list_1533569768391.pdb file...

 New file name = /storage/htc/bdm/tosin/GSDB/Structures/GG6098MH/hESC/Yaffe_Tanay/MOGEN/chr7.pdb
/storage/htc/bdm/tosin/GSDB/Data/GG6098MH/hESC/Yaffe_Tanay/chr7_matrix.txt
Usage java -jar pdbAnalyze.jar matrix_file pdb_file output_directory
Reading input ...
Conversion from pdb to xyz Started........


Number of no-zero rows = 3807
Finding Correlation Scores ...
Spearman correlation Expected Dist vs. Reconstructed Dist: 0.406684 ...

Analysis Completed


Processing /storage/htc/bdm/tosin/GSDB/Structures/GG6098MH/hESC/Yaffe_Tanay/MOGEN/chr8_list_1533570413899.pdb file...

 New file name = /storage/htc/bdm/tosin/GSDB/Structures/GG6098MH/hESC/Yaffe_Tanay/MOGEN/chr8.pdb
/storage/htc/bdm/tosin/GSDB/Data/GG6098MH/hESC/Yaffe_Tanay/chr8_matrix.txt
Usage java -jar pdbAnalyze.jar matrix_file pdb_file output_directory
Reading input ...
Conversion from pdb to xyz Started........


Number of no-zero rows = 3535
Finding Correlation Scores ...
Spearman correlation Expected Dist vs. Reconstructed Dist: 0.394179 ...

Analysis Completed


Processing /storage/htc/bdm/tosin/GSDB/Structures/GG6098MH/hESC/Yaffe_Tanay/MOGEN/chr9_list_1533570655869.pdb file...

 New file name = /storage/htc/bdm/tosin/GSDB/Structures/GG6098MH/hESC/Yaffe_Tanay/MOGEN/chr9.pdb
/storage/htc/bdm/tosin/GSDB/Data/GG6098MH/hESC/Yaffe_Tanay/chr9_matrix.txt
Usage java -jar pdbAnalyze.jar matrix_file pdb_file output_directory
Reading input ...
Conversion from pdb to xyz Started........


Number of no-zero rows = 2746
Finding Correlation Scores ...
Spearman correlation Expected Dist vs. Reconstructed Dist: 0.467553 ...

Analysis Completed


LorDG Run Successfully!!!
