base directory = /storage/htc/bdm/tosin/GSDB/Data/TE1402WS/*
/var/spool/slurmd/job6320242/slurm_script: line 22: ((: /storage/htc/bdm/tosin/GSDB/Data/TE1402WS/mESC: syntax error: operand expected (error token is "/storage/htc/bdm/tosin/GSDB/Data/TE1402WS/mESC")
Root Directory Name: mESC 
mkdir: cannot create directory ‘/storage/htc/bdm/tosin/GSDB/Structures/TE1402WS/mESC’: File exists
Directory created successfully: 
Nest Directory Path: /storage/htc/bdm/tosin/GSDB/Data/TE1402WS/mESC/Yaffe_Tanay 
Nest directory Name:  Yaffe_Tanay
mkdir: cannot create directory ‘/storage/htc/bdm/tosin/GSDB/Structures/TE1402WS/mESC/Yaffe_Tanay’: File exists
Directory created successfully........
/var/spool/slurmd/job6320242/slurm_script: line 58: /storage/htc/bdm/tosin/GSDB/Data/TE1402WS/mESC/Yaffe_Tanay/mESC_chrom_sequence_length.txt: No such file or directory
Length: 
Chromosome Directory Name: /storage/htc/bdm/tosin/GSDB/Data/TE1402WS/mESC/Yaffe_Tanay/chr*_list.txt

Construct Chromosome Structure

Processing /storage/htc/bdm/tosin/GSDB/Data/TE1402WS/mESC/Yaffe_Tanay/chr10_list.txt file... 

Number of processors:10
construction completed... 

Processing /storage/htc/bdm/tosin/GSDB/Data/TE1402WS/mESC/Yaffe_Tanay/chr11_list.txt file... 

Number of processors:10
construction completed... 

Processing /storage/htc/bdm/tosin/GSDB/Data/TE1402WS/mESC/Yaffe_Tanay/chr12_list.txt file... 

Number of processors:10
construction completed... 

Processing /storage/htc/bdm/tosin/GSDB/Data/TE1402WS/mESC/Yaffe_Tanay/chr13_list.txt file... 

Number of processors:10
construction completed... 

Processing /storage/htc/bdm/tosin/GSDB/Data/TE1402WS/mESC/Yaffe_Tanay/chr14_list.txt file... 

Number of processors:10
construction completed... 

Processing /storage/htc/bdm/tosin/GSDB/Data/TE1402WS/mESC/Yaffe_Tanay/chr15_list.txt file... 

Number of processors:10
construction completed... 

Processing /storage/htc/bdm/tosin/GSDB/Data/TE1402WS/mESC/Yaffe_Tanay/chr16_list.txt file... 

Number of processors:10
construction completed... 

Processing /storage/htc/bdm/tosin/GSDB/Data/TE1402WS/mESC/Yaffe_Tanay/chr17_list.txt file... 

Number of processors:10
construction completed... 

Processing /storage/htc/bdm/tosin/GSDB/Data/TE1402WS/mESC/Yaffe_Tanay/chr18_list.txt file... 

Number of processors:10
construction completed... 

Processing /storage/htc/bdm/tosin/GSDB/Data/TE1402WS/mESC/Yaffe_Tanay/chr19_list.txt file... 

Number of processors:10
construction completed... 

Processing /storage/htc/bdm/tosin/GSDB/Data/TE1402WS/mESC/Yaffe_Tanay/chr1_list.txt file... 

Number of processors:10
construction completed... 

Processing /storage/htc/bdm/tosin/GSDB/Data/TE1402WS/mESC/Yaffe_Tanay/chr20_list.txt file... 

Number of processors:10
construction completed... 

Processing /storage/htc/bdm/tosin/GSDB/Data/TE1402WS/mESC/Yaffe_Tanay/chr2_list.txt file... 

Number of processors:10
construction completed... 

Processing /storage/htc/bdm/tosin/GSDB/Data/TE1402WS/mESC/Yaffe_Tanay/chr3_list.txt file... 

Number of processors:10
construction completed... 

Processing /storage/htc/bdm/tosin/GSDB/Data/TE1402WS/mESC/Yaffe_Tanay/chr4_list.txt file... 

Number of processors:10
construction completed... 

Processing /storage/htc/bdm/tosin/GSDB/Data/TE1402WS/mESC/Yaffe_Tanay/chr5_list.txt file... 

Number of processors:10
construction completed... 

Processing /storage/htc/bdm/tosin/GSDB/Data/TE1402WS/mESC/Yaffe_Tanay/chr6_list.txt file... 

Number of processors:10
construction completed... 

Processing /storage/htc/bdm/tosin/GSDB/Data/TE1402WS/mESC/Yaffe_Tanay/chr7_list.txt file... 

Number of processors:10
construction completed... 

Processing /storage/htc/bdm/tosin/GSDB/Data/TE1402WS/mESC/Yaffe_Tanay/chr8_list.txt file... 

Number of processors:10
construction completed... 

Processing /storage/htc/bdm/tosin/GSDB/Data/TE1402WS/mESC/Yaffe_Tanay/chr9_list.txt file... 

Number of processors:10
construction completed... 
..........................................
.......Renaming Chromosomes...............
..........................................

Processing /storage/htc/bdm/tosin/GSDB/Structures/TE1402WS/mESC/Yaffe_Tanay/MOGEN/chr10_list_1533561415017.pdb file...

 New file name = /storage/htc/bdm/tosin/GSDB/Structures/TE1402WS/mESC/Yaffe_Tanay/MOGEN/chr10.pdb
/storage/htc/bdm/tosin/GSDB/Data/TE1402WS/mESC/Yaffe_Tanay/chr10_matrix.txt
Usage java -jar pdbAnalyze.jar matrix_file pdb_file output_directory
Reading input ...
Conversion from pdb to xyz Started........


Number of no-zero rows = 3164
Finding Correlation Scores ...
Spearman correlation Expected Dist vs. Reconstructed Dist: 0.410101 ...

Analysis Completed


Processing /storage/htc/bdm/tosin/GSDB/Structures/TE1402WS/mESC/Yaffe_Tanay/MOGEN/chr11_list_1533561915008.pdb file...

 New file name = /storage/htc/bdm/tosin/GSDB/Structures/TE1402WS/mESC/Yaffe_Tanay/MOGEN/chr11.pdb
/storage/htc/bdm/tosin/GSDB/Data/TE1402WS/mESC/Yaffe_Tanay/chr11_matrix.txt
Usage java -jar pdbAnalyze.jar matrix_file pdb_file output_directory
Reading input ...
Conversion from pdb to xyz Started........


Number of no-zero rows = 2965
Finding Correlation Scores ...
Spearman correlation Expected Dist vs. Reconstructed Dist: 0.393309 ...

Analysis Completed


Processing /storage/htc/bdm/tosin/GSDB/Structures/TE1402WS/mESC/Yaffe_Tanay/MOGEN/chr12_list_1533562240727.pdb file...

 New file name = /storage/htc/bdm/tosin/GSDB/Structures/TE1402WS/mESC/Yaffe_Tanay/MOGEN/chr12.pdb
/storage/htc/bdm/tosin/GSDB/Data/TE1402WS/mESC/Yaffe_Tanay/chr12_matrix.txt
Usage java -jar pdbAnalyze.jar matrix_file pdb_file output_directory
Reading input ...
Conversion from pdb to xyz Started........


Number of no-zero rows = 2804
Finding Correlation Scores ...
Spearman correlation Expected Dist vs. Reconstructed Dist: 0.402596 ...

Analysis Completed


Processing /storage/htc/bdm/tosin/GSDB/Structures/TE1402WS/mESC/Yaffe_Tanay/MOGEN/chr13_list_1533562623813.pdb file...

 New file name = /storage/htc/bdm/tosin/GSDB/Structures/TE1402WS/mESC/Yaffe_Tanay/MOGEN/chr13.pdb
/storage/htc/bdm/tosin/GSDB/Data/TE1402WS/mESC/Yaffe_Tanay/chr13_matrix.txt
Usage java -jar pdbAnalyze.jar matrix_file pdb_file output_directory
Reading input ...
Conversion from pdb to xyz Started........


Number of no-zero rows = 2872
Finding Correlation Scores ...
Spearman correlation Expected Dist vs. Reconstructed Dist: 0.438058 ...

Analysis Completed


Processing /storage/htc/bdm/tosin/GSDB/Structures/TE1402WS/mESC/Yaffe_Tanay/MOGEN/chr14_list_1533563271998.pdb file...

 New file name = /storage/htc/bdm/tosin/GSDB/Structures/TE1402WS/mESC/Yaffe_Tanay/MOGEN/chr14.pdb
/storage/htc/bdm/tosin/GSDB/Data/TE1402WS/mESC/Yaffe_Tanay/chr14_matrix.txt
Usage java -jar pdbAnalyze.jar matrix_file pdb_file output_directory
Reading input ...
Conversion from pdb to xyz Started........


Number of no-zero rows = 2837
Finding Correlation Scores ...
Spearman correlation Expected Dist vs. Reconstructed Dist: 0.421251 ...

Analysis Completed


Processing /storage/htc/bdm/tosin/GSDB/Structures/TE1402WS/mESC/Yaffe_Tanay/MOGEN/chr15_list_1533563507884.pdb file...

 New file name = /storage/htc/bdm/tosin/GSDB/Structures/TE1402WS/mESC/Yaffe_Tanay/MOGEN/chr15.pdb
/storage/htc/bdm/tosin/GSDB/Data/TE1402WS/mESC/Yaffe_Tanay/chr15_matrix.txt
Usage java -jar pdbAnalyze.jar matrix_file pdb_file output_directory
Reading input ...
Conversion from pdb to xyz Started........


Number of no-zero rows = 2511
Finding Correlation Scores ...
Spearman correlation Expected Dist vs. Reconstructed Dist: 0.422472 ...

Analysis Completed


Processing /storage/htc/bdm/tosin/GSDB/Structures/TE1402WS/mESC/Yaffe_Tanay/MOGEN/chr16_list_1533563678276.pdb file...

 New file name = /storage/htc/bdm/tosin/GSDB/Structures/TE1402WS/mESC/Yaffe_Tanay/MOGEN/chr16.pdb
/storage/htc/bdm/tosin/GSDB/Data/TE1402WS/mESC/Yaffe_Tanay/chr16_matrix.txt
Usage java -jar pdbAnalyze.jar matrix_file pdb_file output_directory
Reading input ...
Conversion from pdb to xyz Started........


Number of no-zero rows = 2367
Finding Correlation Scores ...
Spearman correlation Expected Dist vs. Reconstructed Dist: 0.417965 ...

Analysis Completed


Processing /storage/htc/bdm/tosin/GSDB/Structures/TE1402WS/mESC/Yaffe_Tanay/MOGEN/chr17_list_1533563895020.pdb file...

 New file name = /storage/htc/bdm/tosin/GSDB/Structures/TE1402WS/mESC/Yaffe_Tanay/MOGEN/chr17.pdb
/storage/htc/bdm/tosin/GSDB/Data/TE1402WS/mESC/Yaffe_Tanay/chr17_matrix.txt
Usage java -jar pdbAnalyze.jar matrix_file pdb_file output_directory
Reading input ...
Conversion from pdb to xyz Started........


Number of no-zero rows = 2260
Finding Correlation Scores ...
Spearman correlation Expected Dist vs. Reconstructed Dist: 0.437731 ...

Analysis Completed


Processing /storage/htc/bdm/tosin/GSDB/Structures/TE1402WS/mESC/Yaffe_Tanay/MOGEN/chr18_list_1533564290848.pdb file...

 New file name = /storage/htc/bdm/tosin/GSDB/Structures/TE1402WS/mESC/Yaffe_Tanay/MOGEN/chr18.pdb
/storage/htc/bdm/tosin/GSDB/Data/TE1402WS/mESC/Yaffe_Tanay/chr18_matrix.txt
Usage java -jar pdbAnalyze.jar matrix_file pdb_file output_directory
Reading input ...
Conversion from pdb to xyz Started........


Number of no-zero rows = 2191
Finding Correlation Scores ...
Spearman correlation Expected Dist vs. Reconstructed Dist: 0.436410 ...

Analysis Completed


Processing /storage/htc/bdm/tosin/GSDB/Structures/TE1402WS/mESC/Yaffe_Tanay/MOGEN/chr19_list_1533564394586.pdb file...

 New file name = /storage/htc/bdm/tosin/GSDB/Structures/TE1402WS/mESC/Yaffe_Tanay/MOGEN/chr19.pdb
/storage/htc/bdm/tosin/GSDB/Data/TE1402WS/mESC/Yaffe_Tanay/chr19_matrix.txt
Usage java -jar pdbAnalyze.jar matrix_file pdb_file output_directory
Reading input ...
Conversion from pdb to xyz Started........


Number of no-zero rows = 1451
Finding Correlation Scores ...
Spearman correlation Expected Dist vs. Reconstructed Dist: 0.481358 ...

Analysis Completed


Processing /storage/htc/bdm/tosin/GSDB/Structures/TE1402WS/mESC/Yaffe_Tanay/MOGEN/chr1_list_1533565169456.pdb file...

 New file name = /storage/htc/bdm/tosin/GSDB/Structures/TE1402WS/mESC/Yaffe_Tanay/MOGEN/chr1.pdb
/storage/htc/bdm/tosin/GSDB/Data/TE1402WS/mESC/Yaffe_Tanay/chr1_matrix.txt
Usage java -jar pdbAnalyze.jar matrix_file pdb_file output_directory
Reading input ...
Conversion from pdb to xyz Started........


Number of no-zero rows = 4780
Finding Correlation Scores ...
Spearman correlation Expected Dist vs. Reconstructed Dist: 0.389364 ...

Analysis Completed


Processing /storage/htc/bdm/tosin/GSDB/Structures/TE1402WS/mESC/Yaffe_Tanay/MOGEN/chr20_list_1533566031267.pdb file...

 New file name = /storage/htc/bdm/tosin/GSDB/Structures/TE1402WS/mESC/Yaffe_Tanay/MOGEN/chr20.pdb
/storage/htc/bdm/tosin/GSDB/Data/TE1402WS/mESC/Yaffe_Tanay/chr20_matrix.txt
Usage java -jar pdbAnalyze.jar matrix_file pdb_file output_directory
Reading input ...
Conversion from pdb to xyz Started........


Number of no-zero rows = 3651
Finding Correlation Scores ...
Spearman correlation Expected Dist vs. Reconstructed Dist: 0.390784 ...

Analysis Completed


Processing /storage/htc/bdm/tosin/GSDB/Structures/TE1402WS/mESC/Yaffe_Tanay/MOGEN/chr2_list_1533566463985.pdb file...

 New file name = /storage/htc/bdm/tosin/GSDB/Structures/TE1402WS/mESC/Yaffe_Tanay/MOGEN/chr2.pdb
/storage/htc/bdm/tosin/GSDB/Data/TE1402WS/mESC/Yaffe_Tanay/chr2_matrix.txt
Usage java -jar pdbAnalyze.jar matrix_file pdb_file output_directory
Reading input ...
Conversion from pdb to xyz Started........


Number of no-zero rows = 4388
Finding Correlation Scores ...
Spearman correlation Expected Dist vs. Reconstructed Dist: 0.369691 ...

Analysis Completed


Processing /storage/htc/bdm/tosin/GSDB/Structures/TE1402WS/mESC/Yaffe_Tanay/MOGEN/chr3_list_1533568024092.pdb file...

 New file name = /storage/htc/bdm/tosin/GSDB/Structures/TE1402WS/mESC/Yaffe_Tanay/MOGEN/chr3.pdb
/storage/htc/bdm/tosin/GSDB/Data/TE1402WS/mESC/Yaffe_Tanay/chr3_matrix.txt
Usage java -jar pdbAnalyze.jar matrix_file pdb_file output_directory
Reading input ...
Conversion from pdb to xyz Started........


Number of no-zero rows = 3899
Finding Correlation Scores ...
Spearman correlation Expected Dist vs. Reconstructed Dist: 0.370900 ...

Analysis Completed


Processing /storage/htc/bdm/tosin/GSDB/Structures/TE1402WS/mESC/Yaffe_Tanay/MOGEN/chr4_list_1533568674904.pdb file...

 New file name = /storage/htc/bdm/tosin/GSDB/Structures/TE1402WS/mESC/Yaffe_Tanay/MOGEN/chr4.pdb
/storage/htc/bdm/tosin/GSDB/Data/TE1402WS/mESC/Yaffe_Tanay/chr4_matrix.txt
Usage java -jar pdbAnalyze.jar matrix_file pdb_file output_directory
Reading input ...
Conversion from pdb to xyz Started........


Number of no-zero rows = 3693
Finding Correlation Scores ...
Spearman correlation Expected Dist vs. Reconstructed Dist: 0.397991 ...

Analysis Completed


Processing /storage/htc/bdm/tosin/GSDB/Structures/TE1402WS/mESC/Yaffe_Tanay/MOGEN/chr5_list_1533569412010.pdb file...

 New file name = /storage/htc/bdm/tosin/GSDB/Structures/TE1402WS/mESC/Yaffe_Tanay/MOGEN/chr5.pdb
/storage/htc/bdm/tosin/GSDB/Data/TE1402WS/mESC/Yaffe_Tanay/chr5_matrix.txt
Usage java -jar pdbAnalyze.jar matrix_file pdb_file output_directory
Reading input ...
Conversion from pdb to xyz Started........


Number of no-zero rows = 3628
Finding Correlation Scores ...
Spearman correlation Expected Dist vs. Reconstructed Dist: 0.392623 ...

Analysis Completed


Processing /storage/htc/bdm/tosin/GSDB/Structures/TE1402WS/mESC/Yaffe_Tanay/MOGEN/chr6_list_1533570281446.pdb file...

 New file name = /storage/htc/bdm/tosin/GSDB/Structures/TE1402WS/mESC/Yaffe_Tanay/MOGEN/chr6.pdb
/storage/htc/bdm/tosin/GSDB/Data/TE1402WS/mESC/Yaffe_Tanay/chr6_matrix.txt
Usage java -jar pdbAnalyze.jar matrix_file pdb_file output_directory
Reading input ...
Conversion from pdb to xyz Started........


Number of no-zero rows = 3648
Finding Correlation Scores ...
Spearman correlation Expected Dist vs. Reconstructed Dist: 0.379405 ...

Analysis Completed


Processing /storage/htc/bdm/tosin/GSDB/Structures/TE1402WS/mESC/Yaffe_Tanay/MOGEN/chr7_list_1533570813904.pdb file...

 New file name = /storage/htc/bdm/tosin/GSDB/Structures/TE1402WS/mESC/Yaffe_Tanay/MOGEN/chr7.pdb
/storage/htc/bdm/tosin/GSDB/Data/TE1402WS/mESC/Yaffe_Tanay/chr7_matrix.txt
Usage java -jar pdbAnalyze.jar matrix_file pdb_file output_directory
Reading input ...
Conversion from pdb to xyz Started........


Number of no-zero rows = 3301
Finding Correlation Scores ...
Spearman correlation Expected Dist vs. Reconstructed Dist: 0.408984 ...

Analysis Completed


Processing /storage/htc/bdm/tosin/GSDB/Structures/TE1402WS/mESC/Yaffe_Tanay/MOGEN/chr8_list_1533571526839.pdb file...

 New file name = /storage/htc/bdm/tosin/GSDB/Structures/TE1402WS/mESC/Yaffe_Tanay/MOGEN/chr8.pdb
/storage/htc/bdm/tosin/GSDB/Data/TE1402WS/mESC/Yaffe_Tanay/chr8_matrix.txt
Usage java -jar pdbAnalyze.jar matrix_file pdb_file output_directory
Reading input ...
Conversion from pdb to xyz Started........


Number of no-zero rows = 3099
Finding Correlation Scores ...
Spearman correlation Expected Dist vs. Reconstructed Dist: 0.388773 ...

Analysis Completed


Processing /storage/htc/bdm/tosin/GSDB/Structures/TE1402WS/mESC/Yaffe_Tanay/MOGEN/chr9_list_1533571972736.pdb file...

 New file name = /storage/htc/bdm/tosin/GSDB/Structures/TE1402WS/mESC/Yaffe_Tanay/MOGEN/chr9.pdb
/storage/htc/bdm/tosin/GSDB/Data/TE1402WS/mESC/Yaffe_Tanay/chr9_matrix.txt
Usage java -jar pdbAnalyze.jar matrix_file pdb_file output_directory
Reading input ...
Conversion from pdb to xyz Started........


Number of no-zero rows = 3014
Finding Correlation Scores ...
Spearman correlation Expected Dist vs. Reconstructed Dist: 0.422243 ...

Analysis Completed


LorDG Run Successfully!!!
