base directory = /storage/htc/bdm/tosin/GSDB/Data/BB8015WF/*
/var/spool/slurmd/job6320240/slurm_script: line 22: ((: /storage/htc/bdm/tosin/GSDB/Data/BB8015WF/hIMR90: syntax error: operand expected (error token is "/storage/htc/bdm/tosin/GSDB/Data/BB8015WF/hIMR90")
Root Directory Name: hIMR90 
mkdir: cannot create directory ‘/storage/htc/bdm/tosin/GSDB/Structures/BB8015WF/hIMR90’: File exists
Directory created successfully: 
Nest Directory Path: /storage/htc/bdm/tosin/GSDB/Data/BB8015WF/hIMR90/Yaffe_Tanay 
Nest directory Name:  Yaffe_Tanay
mkdir: cannot create directory ‘/storage/htc/bdm/tosin/GSDB/Structures/BB8015WF/hIMR90/Yaffe_Tanay’: File exists
Directory created successfully........
/var/spool/slurmd/job6320240/slurm_script: line 58: /storage/htc/bdm/tosin/GSDB/Data/BB8015WF/hIMR90/Yaffe_Tanay/hIMR90_chrom_sequence_length.txt: No such file or directory
Length: 
Chromosome Directory Name: /storage/htc/bdm/tosin/GSDB/Data/BB8015WF/hIMR90/Yaffe_Tanay/chr*_list.txt

Construct Chromosome Structure

Processing /storage/htc/bdm/tosin/GSDB/Data/BB8015WF/hIMR90/Yaffe_Tanay/chr10_list.txt file... 

Number of processors:10
construction completed... 

Processing /storage/htc/bdm/tosin/GSDB/Data/BB8015WF/hIMR90/Yaffe_Tanay/chr11_list.txt file... 

Number of processors:10
construction completed... 

Processing /storage/htc/bdm/tosin/GSDB/Data/BB8015WF/hIMR90/Yaffe_Tanay/chr12_list.txt file... 

Number of processors:10
construction completed... 

Processing /storage/htc/bdm/tosin/GSDB/Data/BB8015WF/hIMR90/Yaffe_Tanay/chr13_list.txt file... 

Number of processors:10
construction completed... 

Processing /storage/htc/bdm/tosin/GSDB/Data/BB8015WF/hIMR90/Yaffe_Tanay/chr14_list.txt file... 

Number of processors:10
construction completed... 

Processing /storage/htc/bdm/tosin/GSDB/Data/BB8015WF/hIMR90/Yaffe_Tanay/chr15_list.txt file... 

Number of processors:10
construction completed... 

Processing /storage/htc/bdm/tosin/GSDB/Data/BB8015WF/hIMR90/Yaffe_Tanay/chr16_list.txt file... 

Number of processors:10
construction completed... 

Processing /storage/htc/bdm/tosin/GSDB/Data/BB8015WF/hIMR90/Yaffe_Tanay/chr17_list.txt file... 

Number of processors:10
construction completed... 

Processing /storage/htc/bdm/tosin/GSDB/Data/BB8015WF/hIMR90/Yaffe_Tanay/chr18_list.txt file... 

Number of processors:10
construction completed... 

Processing /storage/htc/bdm/tosin/GSDB/Data/BB8015WF/hIMR90/Yaffe_Tanay/chr19_list.txt file... 

Number of processors:10
construction completed... 

Processing /storage/htc/bdm/tosin/GSDB/Data/BB8015WF/hIMR90/Yaffe_Tanay/chr1_list.txt file... 

Number of processors:10
construction completed... 

Processing /storage/htc/bdm/tosin/GSDB/Data/BB8015WF/hIMR90/Yaffe_Tanay/chr20_list.txt file... 

Number of processors:10
construction completed... 

Processing /storage/htc/bdm/tosin/GSDB/Data/BB8015WF/hIMR90/Yaffe_Tanay/chr21_list.txt file... 

Number of processors:10
construction completed... 

Processing /storage/htc/bdm/tosin/GSDB/Data/BB8015WF/hIMR90/Yaffe_Tanay/chr22_list.txt file... 

Number of processors:10
construction completed... 

Processing /storage/htc/bdm/tosin/GSDB/Data/BB8015WF/hIMR90/Yaffe_Tanay/chr23_list.txt file... 

Number of processors:10
construction completed... 

Processing /storage/htc/bdm/tosin/GSDB/Data/BB8015WF/hIMR90/Yaffe_Tanay/chr2_list.txt file... 

Number of processors:10
construction completed... 

Processing /storage/htc/bdm/tosin/GSDB/Data/BB8015WF/hIMR90/Yaffe_Tanay/chr3_list.txt file... 

Number of processors:10
construction completed... 

Processing /storage/htc/bdm/tosin/GSDB/Data/BB8015WF/hIMR90/Yaffe_Tanay/chr4_list.txt file... 

Number of processors:10
construction completed... 

Processing /storage/htc/bdm/tosin/GSDB/Data/BB8015WF/hIMR90/Yaffe_Tanay/chr5_list.txt file... 

Number of processors:10
construction completed... 

Processing /storage/htc/bdm/tosin/GSDB/Data/BB8015WF/hIMR90/Yaffe_Tanay/chr6_list.txt file... 

Number of processors:10
construction completed... 

Processing /storage/htc/bdm/tosin/GSDB/Data/BB8015WF/hIMR90/Yaffe_Tanay/chr7_list.txt file... 

Number of processors:10
construction completed... 

Processing /storage/htc/bdm/tosin/GSDB/Data/BB8015WF/hIMR90/Yaffe_Tanay/chr8_list.txt file... 

Number of processors:10
construction completed... 

Processing /storage/htc/bdm/tosin/GSDB/Data/BB8015WF/hIMR90/Yaffe_Tanay/chr9_list.txt file... 

Number of processors:10
construction completed... 
..........................................
.......Renaming Chromosomes...............
..........................................

Processing /storage/htc/bdm/tosin/GSDB/Structures/BB8015WF/hIMR90/Yaffe_Tanay/MOGEN/chr10_list_1533561483947.pdb file...

 New file name = /storage/htc/bdm/tosin/GSDB/Structures/BB8015WF/hIMR90/Yaffe_Tanay/MOGEN/chr10.pdb
/storage/htc/bdm/tosin/GSDB/Data/BB8015WF/hIMR90/Yaffe_Tanay/chr10_matrix.txt
Usage java -jar pdbAnalyze.jar matrix_file pdb_file output_directory
Reading input ...
Conversion from pdb to xyz Started........


Number of no-zero rows = 3201
Finding Correlation Scores ...
Spearman correlation Expected Dist vs. Reconstructed Dist: 0.324915 ...

Analysis Completed


Processing /storage/htc/bdm/tosin/GSDB/Structures/BB8015WF/hIMR90/Yaffe_Tanay/MOGEN/chr11_list_1533562473004.pdb file...

 New file name = /storage/htc/bdm/tosin/GSDB/Structures/BB8015WF/hIMR90/Yaffe_Tanay/MOGEN/chr11.pdb
/storage/htc/bdm/tosin/GSDB/Data/BB8015WF/hIMR90/Yaffe_Tanay/chr11_matrix.txt
Usage java -jar pdbAnalyze.jar matrix_file pdb_file output_directory
Reading input ...
Conversion from pdb to xyz Started........


Number of no-zero rows = 3264
Finding Correlation Scores ...
Spearman correlation Expected Dist vs. Reconstructed Dist: 0.392240 ...

Analysis Completed


Processing /storage/htc/bdm/tosin/GSDB/Structures/BB8015WF/hIMR90/Yaffe_Tanay/MOGEN/chr12_list_1533563300967.pdb file...

 New file name = /storage/htc/bdm/tosin/GSDB/Structures/BB8015WF/hIMR90/Yaffe_Tanay/MOGEN/chr12.pdb
/storage/htc/bdm/tosin/GSDB/Data/BB8015WF/hIMR90/Yaffe_Tanay/chr12_matrix.txt
Usage java -jar pdbAnalyze.jar matrix_file pdb_file output_directory
Reading input ...
Conversion from pdb to xyz Started........


Number of no-zero rows = 3260
Finding Correlation Scores ...
Spearman correlation Expected Dist vs. Reconstructed Dist: 0.419503 ...

Analysis Completed


Processing /storage/htc/bdm/tosin/GSDB/Structures/BB8015WF/hIMR90/Yaffe_Tanay/MOGEN/chr13_list_1533563839906.pdb file...

 New file name = /storage/htc/bdm/tosin/GSDB/Structures/BB8015WF/hIMR90/Yaffe_Tanay/MOGEN/chr13.pdb
/storage/htc/bdm/tosin/GSDB/Data/BB8015WF/hIMR90/Yaffe_Tanay/chr13_matrix.txt
Usage java -jar pdbAnalyze.jar matrix_file pdb_file output_directory
Reading input ...
Conversion from pdb to xyz Started........


Number of no-zero rows = 2388
Finding Correlation Scores ...
Spearman correlation Expected Dist vs. Reconstructed Dist: 0.402705 ...

Analysis Completed


Processing /storage/htc/bdm/tosin/GSDB/Structures/BB8015WF/hIMR90/Yaffe_Tanay/MOGEN/chr14_list_1533564412851.pdb file...

 New file name = /storage/htc/bdm/tosin/GSDB/Structures/BB8015WF/hIMR90/Yaffe_Tanay/MOGEN/chr14.pdb
/storage/htc/bdm/tosin/GSDB/Data/BB8015WF/hIMR90/Yaffe_Tanay/chr14_matrix.txt
Usage java -jar pdbAnalyze.jar matrix_file pdb_file output_directory
Reading input ...
Conversion from pdb to xyz Started........


Number of no-zero rows = 2187
Finding Correlation Scores ...
Spearman correlation Expected Dist vs. Reconstructed Dist: 0.335445 ...

Analysis Completed


Processing /storage/htc/bdm/tosin/GSDB/Structures/BB8015WF/hIMR90/Yaffe_Tanay/MOGEN/chr15_list_1533564700029.pdb file...

 New file name = /storage/htc/bdm/tosin/GSDB/Structures/BB8015WF/hIMR90/Yaffe_Tanay/MOGEN/chr15.pdb
/storage/htc/bdm/tosin/GSDB/Data/BB8015WF/hIMR90/Yaffe_Tanay/chr15_matrix.txt
Usage java -jar pdbAnalyze.jar matrix_file pdb_file output_directory
Reading input ...
Conversion from pdb to xyz Started........


Number of no-zero rows = 1959
Finding Correlation Scores ...
Spearman correlation Expected Dist vs. Reconstructed Dist: 0.411153 ...

Analysis Completed


Processing /storage/htc/bdm/tosin/GSDB/Structures/BB8015WF/hIMR90/Yaffe_Tanay/MOGEN/chr16_list_1533564812704.pdb file...

 New file name = /storage/htc/bdm/tosin/GSDB/Structures/BB8015WF/hIMR90/Yaffe_Tanay/MOGEN/chr16.pdb
/storage/htc/bdm/tosin/GSDB/Data/BB8015WF/hIMR90/Yaffe_Tanay/chr16_matrix.txt
Usage java -jar pdbAnalyze.jar matrix_file pdb_file output_directory
Reading input ...
Conversion from pdb to xyz Started........


Number of no-zero rows = 1878
Finding Correlation Scores ...
Spearman correlation Expected Dist vs. Reconstructed Dist: 0.331595 ...

Analysis Completed


Processing /storage/htc/bdm/tosin/GSDB/Structures/BB8015WF/hIMR90/Yaffe_Tanay/MOGEN/chr17_list_1533564943028.pdb file...

 New file name = /storage/htc/bdm/tosin/GSDB/Structures/BB8015WF/hIMR90/Yaffe_Tanay/MOGEN/chr17.pdb
/storage/htc/bdm/tosin/GSDB/Data/BB8015WF/hIMR90/Yaffe_Tanay/chr17_matrix.txt
Usage java -jar pdbAnalyze.jar matrix_file pdb_file output_directory
Reading input ...
Conversion from pdb to xyz Started........


Number of no-zero rows = 1899
Finding Correlation Scores ...
Spearman correlation Expected Dist vs. Reconstructed Dist: 0.455719 ...

Analysis Completed


Processing /storage/htc/bdm/tosin/GSDB/Structures/BB8015WF/hIMR90/Yaffe_Tanay/MOGEN/chr18_list_1533565071481.pdb file...

 New file name = /storage/htc/bdm/tosin/GSDB/Structures/BB8015WF/hIMR90/Yaffe_Tanay/MOGEN/chr18.pdb
/storage/htc/bdm/tosin/GSDB/Data/BB8015WF/hIMR90/Yaffe_Tanay/chr18_matrix.txt
Usage java -jar pdbAnalyze.jar matrix_file pdb_file output_directory
Reading input ...
Conversion from pdb to xyz Started........


Number of no-zero rows = 1864
Finding Correlation Scores ...
Spearman correlation Expected Dist vs. Reconstructed Dist: 0.377834 ...

Analysis Completed


Processing /storage/htc/bdm/tosin/GSDB/Structures/BB8015WF/hIMR90/Yaffe_Tanay/MOGEN/chr19_list_1533565126598.pdb file...

 New file name = /storage/htc/bdm/tosin/GSDB/Structures/BB8015WF/hIMR90/Yaffe_Tanay/MOGEN/chr19.pdb
/storage/htc/bdm/tosin/GSDB/Data/BB8015WF/hIMR90/Yaffe_Tanay/chr19_matrix.txt
Usage java -jar pdbAnalyze.jar matrix_file pdb_file output_directory
Reading input ...
Conversion from pdb to xyz Started........


Number of no-zero rows = 1381
Finding Correlation Scores ...
Spearman correlation Expected Dist vs. Reconstructed Dist: 0.446304 ...

Analysis Completed


Processing /storage/htc/bdm/tosin/GSDB/Structures/BB8015WF/hIMR90/Yaffe_Tanay/MOGEN/chr1_list_1533566142305.pdb file...

 New file name = /storage/htc/bdm/tosin/GSDB/Structures/BB8015WF/hIMR90/Yaffe_Tanay/MOGEN/chr1.pdb
/storage/htc/bdm/tosin/GSDB/Data/BB8015WF/hIMR90/Yaffe_Tanay/chr1_matrix.txt
Usage java -jar pdbAnalyze.jar matrix_file pdb_file output_directory
Reading input ...
Conversion from pdb to xyz Started........


Number of no-zero rows = 5509
Finding Correlation Scores ...
Spearman correlation Expected Dist vs. Reconstructed Dist: 0.280561 ...

Analysis Completed


Processing /storage/htc/bdm/tosin/GSDB/Structures/BB8015WF/hIMR90/Yaffe_Tanay/MOGEN/chr20_list_1533566197015.pdb file...

 New file name = /storage/htc/bdm/tosin/GSDB/Structures/BB8015WF/hIMR90/Yaffe_Tanay/MOGEN/chr20.pdb
/storage/htc/bdm/tosin/GSDB/Data/BB8015WF/hIMR90/Yaffe_Tanay/chr20_matrix.txt
Usage java -jar pdbAnalyze.jar matrix_file pdb_file output_directory
Reading input ...
Conversion from pdb to xyz Started........


Number of no-zero rows = 1489
Finding Correlation Scores ...
Spearman correlation Expected Dist vs. Reconstructed Dist: 0.446181 ...

Analysis Completed


Processing /storage/htc/bdm/tosin/GSDB/Structures/BB8015WF/hIMR90/Yaffe_Tanay/MOGEN/chr21_list_1533566271298.pdb file...

 New file name = /storage/htc/bdm/tosin/GSDB/Structures/BB8015WF/hIMR90/Yaffe_Tanay/MOGEN/chr21.pdb
/storage/htc/bdm/tosin/GSDB/Data/BB8015WF/hIMR90/Yaffe_Tanay/chr21_matrix.txt
Usage java -jar pdbAnalyze.jar matrix_file pdb_file output_directory
Reading input ...
Conversion from pdb to xyz Started........


Number of no-zero rows = 848
Finding Correlation Scores ...
Spearman correlation Expected Dist vs. Reconstructed Dist: 0.535012 ...

Analysis Completed


Processing /storage/htc/bdm/tosin/GSDB/Structures/BB8015WF/hIMR90/Yaffe_Tanay/MOGEN/chr22_list_1533566295408.pdb file...

 New file name = /storage/htc/bdm/tosin/GSDB/Structures/BB8015WF/hIMR90/Yaffe_Tanay/MOGEN/chr22.pdb
/storage/htc/bdm/tosin/GSDB/Data/BB8015WF/hIMR90/Yaffe_Tanay/chr22_matrix.txt
Usage java -jar pdbAnalyze.jar matrix_file pdb_file output_directory
Reading input ...
Conversion from pdb to xyz Started........


Number of no-zero rows = 827
Finding Correlation Scores ...
Spearman correlation Expected Dist vs. Reconstructed Dist: 0.424771 ...

Analysis Completed


Processing /storage/htc/bdm/tosin/GSDB/Structures/BB8015WF/hIMR90/Yaffe_Tanay/MOGEN/chr23_list_1533567180835.pdb file...

 New file name = /storage/htc/bdm/tosin/GSDB/Structures/BB8015WF/hIMR90/Yaffe_Tanay/MOGEN/chr23.pdb
/storage/htc/bdm/tosin/GSDB/Data/BB8015WF/hIMR90/Yaffe_Tanay/chr23_matrix.txt
Usage java -jar pdbAnalyze.jar matrix_file pdb_file output_directory
Reading input ...
Conversion from pdb to xyz Started........


Number of no-zero rows = 3656
Finding Correlation Scores ...
Spearman correlation Expected Dist vs. Reconstructed Dist: 0.335611 ...

Analysis Completed


Processing /storage/htc/bdm/tosin/GSDB/Structures/BB8015WF/hIMR90/Yaffe_Tanay/MOGEN/chr2_list_1533568083267.pdb file...

 New file name = /storage/htc/bdm/tosin/GSDB/Structures/BB8015WF/hIMR90/Yaffe_Tanay/MOGEN/chr2.pdb
/storage/htc/bdm/tosin/GSDB/Data/BB8015WF/hIMR90/Yaffe_Tanay/chr2_matrix.txt
Usage java -jar pdbAnalyze.jar matrix_file pdb_file output_directory
Reading input ...
Conversion from pdb to xyz Started........


Number of no-zero rows = 5863
Finding Correlation Scores ...
Spearman correlation Expected Dist vs. Reconstructed Dist: 0.249736 ...

Analysis Completed


Processing /storage/htc/bdm/tosin/GSDB/Structures/BB8015WF/hIMR90/Yaffe_Tanay/MOGEN/chr3_list_1533568922638.pdb file...

 New file name = /storage/htc/bdm/tosin/GSDB/Structures/BB8015WF/hIMR90/Yaffe_Tanay/MOGEN/chr3.pdb
/storage/htc/bdm/tosin/GSDB/Data/BB8015WF/hIMR90/Yaffe_Tanay/chr3_matrix.txt
Usage java -jar pdbAnalyze.jar matrix_file pdb_file output_directory
Reading input ...
Conversion from pdb to xyz Started........


Number of no-zero rows = 4866
Finding Correlation Scores ...
Spearman correlation Expected Dist vs. Reconstructed Dist: 0.382332 ...

Analysis Completed


Processing /storage/htc/bdm/tosin/GSDB/Structures/BB8015WF/hIMR90/Yaffe_Tanay/MOGEN/chr4_list_1533569694915.pdb file...

 New file name = /storage/htc/bdm/tosin/GSDB/Structures/BB8015WF/hIMR90/Yaffe_Tanay/MOGEN/chr4.pdb
/storage/htc/bdm/tosin/GSDB/Data/BB8015WF/hIMR90/Yaffe_Tanay/chr4_matrix.txt
Usage java -jar pdbAnalyze.jar matrix_file pdb_file output_directory
Reading input ...
Conversion from pdb to xyz Started........


Number of no-zero rows = 4664
Finding Correlation Scores ...
Spearman correlation Expected Dist vs. Reconstructed Dist: 0.290448 ...

Analysis Completed


Processing /storage/htc/bdm/tosin/GSDB/Structures/BB8015WF/hIMR90/Yaffe_Tanay/MOGEN/chr5_list_1533570242916.pdb file...

 New file name = /storage/htc/bdm/tosin/GSDB/Structures/BB8015WF/hIMR90/Yaffe_Tanay/MOGEN/chr5.pdb
/storage/htc/bdm/tosin/GSDB/Data/BB8015WF/hIMR90/Yaffe_Tanay/chr5_matrix.txt
Usage java -jar pdbAnalyze.jar matrix_file pdb_file output_directory
Reading input ...
Conversion from pdb to xyz Started........


Number of no-zero rows = 4387
Finding Correlation Scores ...
Spearman correlation Expected Dist vs. Reconstructed Dist: 0.340112 ...

Analysis Completed


Processing /storage/htc/bdm/tosin/GSDB/Structures/BB8015WF/hIMR90/Yaffe_Tanay/MOGEN/chr6_list_1533570749392.pdb file...

 New file name = /storage/htc/bdm/tosin/GSDB/Structures/BB8015WF/hIMR90/Yaffe_Tanay/MOGEN/chr6.pdb
/storage/htc/bdm/tosin/GSDB/Data/BB8015WF/hIMR90/Yaffe_Tanay/chr6_matrix.txt
Usage java -jar pdbAnalyze.jar matrix_file pdb_file output_directory
Reading input ...
Conversion from pdb to xyz Started........


Number of no-zero rows = 4171
Finding Correlation Scores ...
Spearman correlation Expected Dist vs. Reconstructed Dist: 0.261513 ...

Analysis Completed


Processing /storage/htc/bdm/tosin/GSDB/Structures/BB8015WF/hIMR90/Yaffe_Tanay/MOGEN/chr7_list_1533571716690.pdb file...

 New file name = /storage/htc/bdm/tosin/GSDB/Structures/BB8015WF/hIMR90/Yaffe_Tanay/MOGEN/chr7.pdb
/storage/htc/bdm/tosin/GSDB/Data/BB8015WF/hIMR90/Yaffe_Tanay/chr7_matrix.txt
Usage java -jar pdbAnalyze.jar matrix_file pdb_file output_directory
Reading input ...
Conversion from pdb to xyz Started........


Number of no-zero rows = 3807
Finding Correlation Scores ...
Spearman correlation Expected Dist vs. Reconstructed Dist: 0.323574 ...

Analysis Completed


Processing /storage/htc/bdm/tosin/GSDB/Structures/BB8015WF/hIMR90/Yaffe_Tanay/MOGEN/chr8_list_1533572500201.pdb file...

 New file name = /storage/htc/bdm/tosin/GSDB/Structures/BB8015WF/hIMR90/Yaffe_Tanay/MOGEN/chr8.pdb
/storage/htc/bdm/tosin/GSDB/Data/BB8015WF/hIMR90/Yaffe_Tanay/chr8_matrix.txt
Usage java -jar pdbAnalyze.jar matrix_file pdb_file output_directory
Reading input ...
Conversion from pdb to xyz Started........


Number of no-zero rows = 3535
Finding Correlation Scores ...
Spearman correlation Expected Dist vs. Reconstructed Dist: 0.351409 ...

Analysis Completed


Processing /storage/htc/bdm/tosin/GSDB/Structures/BB8015WF/hIMR90/Yaffe_Tanay/MOGEN/chr9_list_1533573078915.pdb file...

 New file name = /storage/htc/bdm/tosin/GSDB/Structures/BB8015WF/hIMR90/Yaffe_Tanay/MOGEN/chr9.pdb
/storage/htc/bdm/tosin/GSDB/Data/BB8015WF/hIMR90/Yaffe_Tanay/chr9_matrix.txt
Usage java -jar pdbAnalyze.jar matrix_file pdb_file output_directory
Reading input ...
Conversion from pdb to xyz Started........


Number of no-zero rows = 2746
Finding Correlation Scores ...
Spearman correlation Expected Dist vs. Reconstructed Dist: 0.376096 ...

Analysis Completed


LorDG Run Successfully!!!
