base directory = /storage/htc/bdm/tosin/GSDB/Data/VH2561BL/*
/var/spool/slurmd/job6320243/slurm_script: line 22: ((: /storage/htc/bdm/tosin/GSDB/Data/VH2561BL/mCortex: syntax error: operand expected (error token is "/storage/htc/bdm/tosin/GSDB/Data/VH2561BL/mCortex")
Root Directory Name: mCortex 
mkdir: cannot create directory ‘/storage/htc/bdm/tosin/GSDB/Structures/VH2561BL/mCortex’: File exists
Directory created successfully: 
Nest Directory Path: /storage/htc/bdm/tosin/GSDB/Data/VH2561BL/mCortex/Yaffe_Tanay 
Nest directory Name:  Yaffe_Tanay
mkdir: cannot create directory ‘/storage/htc/bdm/tosin/GSDB/Structures/VH2561BL/mCortex/Yaffe_Tanay’: File exists
Directory created successfully........
/var/spool/slurmd/job6320243/slurm_script: line 58: /storage/htc/bdm/tosin/GSDB/Data/VH2561BL/mCortex/Yaffe_Tanay/mCortex_chrom_sequence_length.txt: No such file or directory
Length: 
Chromosome Directory Name: /storage/htc/bdm/tosin/GSDB/Data/VH2561BL/mCortex/Yaffe_Tanay/chr*_list.txt

Construct Chromosome Structure

Processing /storage/htc/bdm/tosin/GSDB/Data/VH2561BL/mCortex/Yaffe_Tanay/chr10_list.txt file... 

Number of processors:10
construction completed... 

Processing /storage/htc/bdm/tosin/GSDB/Data/VH2561BL/mCortex/Yaffe_Tanay/chr11_list.txt file... 

Number of processors:10
construction completed... 

Processing /storage/htc/bdm/tosin/GSDB/Data/VH2561BL/mCortex/Yaffe_Tanay/chr12_list.txt file... 

Number of processors:10
construction completed... 

Processing /storage/htc/bdm/tosin/GSDB/Data/VH2561BL/mCortex/Yaffe_Tanay/chr13_list.txt file... 

Number of processors:10
construction completed... 

Processing /storage/htc/bdm/tosin/GSDB/Data/VH2561BL/mCortex/Yaffe_Tanay/chr14_list.txt file... 

Number of processors:10
construction completed... 

Processing /storage/htc/bdm/tosin/GSDB/Data/VH2561BL/mCortex/Yaffe_Tanay/chr15_list.txt file... 

Number of processors:10
construction completed... 

Processing /storage/htc/bdm/tosin/GSDB/Data/VH2561BL/mCortex/Yaffe_Tanay/chr16_list.txt file... 

Number of processors:10
construction completed... 

Processing /storage/htc/bdm/tosin/GSDB/Data/VH2561BL/mCortex/Yaffe_Tanay/chr17_list.txt file... 

Number of processors:10
construction completed... 

Processing /storage/htc/bdm/tosin/GSDB/Data/VH2561BL/mCortex/Yaffe_Tanay/chr18_list.txt file... 

Number of processors:10
construction completed... 

Processing /storage/htc/bdm/tosin/GSDB/Data/VH2561BL/mCortex/Yaffe_Tanay/chr19_list.txt file... 

Number of processors:10
construction completed... 

Processing /storage/htc/bdm/tosin/GSDB/Data/VH2561BL/mCortex/Yaffe_Tanay/chr1_list.txt file... 

Number of processors:10
construction completed... 

Processing /storage/htc/bdm/tosin/GSDB/Data/VH2561BL/mCortex/Yaffe_Tanay/chr20_list.txt file... 

Number of processors:10
construction completed... 

Processing /storage/htc/bdm/tosin/GSDB/Data/VH2561BL/mCortex/Yaffe_Tanay/chr2_list.txt file... 

Number of processors:10
construction completed... 

Processing /storage/htc/bdm/tosin/GSDB/Data/VH2561BL/mCortex/Yaffe_Tanay/chr3_list.txt file... 

Number of processors:10
construction completed... 

Processing /storage/htc/bdm/tosin/GSDB/Data/VH2561BL/mCortex/Yaffe_Tanay/chr4_list.txt file... 

Number of processors:10
construction completed... 

Processing /storage/htc/bdm/tosin/GSDB/Data/VH2561BL/mCortex/Yaffe_Tanay/chr5_list.txt file... 

Number of processors:10
construction completed... 

Processing /storage/htc/bdm/tosin/GSDB/Data/VH2561BL/mCortex/Yaffe_Tanay/chr6_list.txt file... 

Number of processors:10
construction completed... 

Processing /storage/htc/bdm/tosin/GSDB/Data/VH2561BL/mCortex/Yaffe_Tanay/chr7_list.txt file... 

Number of processors:10
construction completed... 

Processing /storage/htc/bdm/tosin/GSDB/Data/VH2561BL/mCortex/Yaffe_Tanay/chr8_list.txt file... 

Number of processors:10
construction completed... 

Processing /storage/htc/bdm/tosin/GSDB/Data/VH2561BL/mCortex/Yaffe_Tanay/chr9_list.txt file... 

Number of processors:10
construction completed... 
..........................................
.......Renaming Chromosomes...............
..........................................

Processing /storage/htc/bdm/tosin/GSDB/Structures/VH2561BL/mCortex/Yaffe_Tanay/MOGEN/chr10_list_1533561229799.pdb file...

 New file name = /storage/htc/bdm/tosin/GSDB/Structures/VH2561BL/mCortex/Yaffe_Tanay/MOGEN/chr10.pdb
/storage/htc/bdm/tosin/GSDB/Data/VH2561BL/mCortex/Yaffe_Tanay/chr10_matrix.txt
Usage java -jar pdbAnalyze.jar matrix_file pdb_file output_directory
Reading input ...
Conversion from pdb to xyz Started........


Number of no-zero rows = 3164
Finding Correlation Scores ...
Spearman correlation Expected Dist vs. Reconstructed Dist: 0.256893 ...

Analysis Completed


Processing /storage/htc/bdm/tosin/GSDB/Structures/VH2561BL/mCortex/Yaffe_Tanay/MOGEN/chr11_list_1533561886533.pdb file...

 New file name = /storage/htc/bdm/tosin/GSDB/Structures/VH2561BL/mCortex/Yaffe_Tanay/MOGEN/chr11.pdb
/storage/htc/bdm/tosin/GSDB/Data/VH2561BL/mCortex/Yaffe_Tanay/chr11_matrix.txt
Usage java -jar pdbAnalyze.jar matrix_file pdb_file output_directory
Reading input ...
Conversion from pdb to xyz Started........


Number of no-zero rows = 2966
Finding Correlation Scores ...
Spearman correlation Expected Dist vs. Reconstructed Dist: 0.282686 ...

Analysis Completed


Processing /storage/htc/bdm/tosin/GSDB/Structures/VH2561BL/mCortex/Yaffe_Tanay/MOGEN/chr12_list_1533562305075.pdb file...

 New file name = /storage/htc/bdm/tosin/GSDB/Structures/VH2561BL/mCortex/Yaffe_Tanay/MOGEN/chr12.pdb
/storage/htc/bdm/tosin/GSDB/Data/VH2561BL/mCortex/Yaffe_Tanay/chr12_matrix.txt
Usage java -jar pdbAnalyze.jar matrix_file pdb_file output_directory
Reading input ...
Conversion from pdb to xyz Started........


Number of no-zero rows = 2806
Finding Correlation Scores ...
Spearman correlation Expected Dist vs. Reconstructed Dist: 0.303177 ...

Analysis Completed


Processing /storage/htc/bdm/tosin/GSDB/Structures/VH2561BL/mCortex/Yaffe_Tanay/MOGEN/chr13_list_1533562647372.pdb file...

 New file name = /storage/htc/bdm/tosin/GSDB/Structures/VH2561BL/mCortex/Yaffe_Tanay/MOGEN/chr13.pdb
/storage/htc/bdm/tosin/GSDB/Data/VH2561BL/mCortex/Yaffe_Tanay/chr13_matrix.txt
Usage java -jar pdbAnalyze.jar matrix_file pdb_file output_directory
Reading input ...
Conversion from pdb to xyz Started........


Number of no-zero rows = 2874
Finding Correlation Scores ...
Spearman correlation Expected Dist vs. Reconstructed Dist: 0.320851 ...

Analysis Completed


Processing /storage/htc/bdm/tosin/GSDB/Structures/VH2561BL/mCortex/Yaffe_Tanay/MOGEN/chr14_list_1533563426684.pdb file...

 New file name = /storage/htc/bdm/tosin/GSDB/Structures/VH2561BL/mCortex/Yaffe_Tanay/MOGEN/chr14.pdb
/storage/htc/bdm/tosin/GSDB/Data/VH2561BL/mCortex/Yaffe_Tanay/chr14_matrix.txt
Usage java -jar pdbAnalyze.jar matrix_file pdb_file output_directory
Reading input ...
Conversion from pdb to xyz Started........


Number of no-zero rows = 2837
Finding Correlation Scores ...
Spearman correlation Expected Dist vs. Reconstructed Dist: 0.311311 ...

Analysis Completed


Processing /storage/htc/bdm/tosin/GSDB/Structures/VH2561BL/mCortex/Yaffe_Tanay/MOGEN/chr15_list_1533563709885.pdb file...

 New file name = /storage/htc/bdm/tosin/GSDB/Structures/VH2561BL/mCortex/Yaffe_Tanay/MOGEN/chr15.pdb
/storage/htc/bdm/tosin/GSDB/Data/VH2561BL/mCortex/Yaffe_Tanay/chr15_matrix.txt
Usage java -jar pdbAnalyze.jar matrix_file pdb_file output_directory
Reading input ...
Conversion from pdb to xyz Started........


Number of no-zero rows = 2511
Finding Correlation Scores ...
Spearman correlation Expected Dist vs. Reconstructed Dist: 0.294792 ...

Analysis Completed


Processing /storage/htc/bdm/tosin/GSDB/Structures/VH2561BL/mCortex/Yaffe_Tanay/MOGEN/chr16_list_1533563912016.pdb file...

 New file name = /storage/htc/bdm/tosin/GSDB/Structures/VH2561BL/mCortex/Yaffe_Tanay/MOGEN/chr16.pdb
/storage/htc/bdm/tosin/GSDB/Data/VH2561BL/mCortex/Yaffe_Tanay/chr16_matrix.txt
Usage java -jar pdbAnalyze.jar matrix_file pdb_file output_directory
Reading input ...
Conversion from pdb to xyz Started........


Number of no-zero rows = 2367
Finding Correlation Scores ...
Spearman correlation Expected Dist vs. Reconstructed Dist: 0.332248 ...

Analysis Completed


Processing /storage/htc/bdm/tosin/GSDB/Structures/VH2561BL/mCortex/Yaffe_Tanay/MOGEN/chr17_list_1533564105216.pdb file...

 New file name = /storage/htc/bdm/tosin/GSDB/Structures/VH2561BL/mCortex/Yaffe_Tanay/MOGEN/chr17.pdb
/storage/htc/bdm/tosin/GSDB/Data/VH2561BL/mCortex/Yaffe_Tanay/chr17_matrix.txt
Usage java -jar pdbAnalyze.jar matrix_file pdb_file output_directory
Reading input ...
Conversion from pdb to xyz Started........


Number of no-zero rows = 2261
Finding Correlation Scores ...
Spearman correlation Expected Dist vs. Reconstructed Dist: 0.351269 ...

Analysis Completed


Processing /storage/htc/bdm/tosin/GSDB/Structures/VH2561BL/mCortex/Yaffe_Tanay/MOGEN/chr18_list_1533564292135.pdb file...

 New file name = /storage/htc/bdm/tosin/GSDB/Structures/VH2561BL/mCortex/Yaffe_Tanay/MOGEN/chr18.pdb
/storage/htc/bdm/tosin/GSDB/Data/VH2561BL/mCortex/Yaffe_Tanay/chr18_matrix.txt
Usage java -jar pdbAnalyze.jar matrix_file pdb_file output_directory
Reading input ...
Conversion from pdb to xyz Started........


Number of no-zero rows = 2191
Finding Correlation Scores ...
Spearman correlation Expected Dist vs. Reconstructed Dist: 0.328773 ...

Analysis Completed


Processing /storage/htc/bdm/tosin/GSDB/Structures/VH2561BL/mCortex/Yaffe_Tanay/MOGEN/chr19_list_1533564381033.pdb file...

 New file name = /storage/htc/bdm/tosin/GSDB/Structures/VH2561BL/mCortex/Yaffe_Tanay/MOGEN/chr19.pdb
/storage/htc/bdm/tosin/GSDB/Data/VH2561BL/mCortex/Yaffe_Tanay/chr19_matrix.txt
Usage java -jar pdbAnalyze.jar matrix_file pdb_file output_directory
Reading input ...
Conversion from pdb to xyz Started........


Number of no-zero rows = 1451
Finding Correlation Scores ...
Spearman correlation Expected Dist vs. Reconstructed Dist: 0.388161 ...

Analysis Completed


Processing /storage/htc/bdm/tosin/GSDB/Structures/VH2561BL/mCortex/Yaffe_Tanay/MOGEN/chr1_list_1533564997354.pdb file...

 New file name = /storage/htc/bdm/tosin/GSDB/Structures/VH2561BL/mCortex/Yaffe_Tanay/MOGEN/chr1.pdb
/storage/htc/bdm/tosin/GSDB/Data/VH2561BL/mCortex/Yaffe_Tanay/chr1_matrix.txt
Usage java -jar pdbAnalyze.jar matrix_file pdb_file output_directory
Reading input ...
Conversion from pdb to xyz Started........


Number of no-zero rows = 4781
Finding Correlation Scores ...
Spearman correlation Expected Dist vs. Reconstructed Dist: 0.264585 ...

Analysis Completed


Processing /storage/htc/bdm/tosin/GSDB/Structures/VH2561BL/mCortex/Yaffe_Tanay/MOGEN/chr20_list_1533565208844.pdb file...

 New file name = /storage/htc/bdm/tosin/GSDB/Structures/VH2561BL/mCortex/Yaffe_Tanay/MOGEN/chr20.pdb
/storage/htc/bdm/tosin/GSDB/Data/VH2561BL/mCortex/Yaffe_Tanay/chr20_matrix.txt
Usage java -jar pdbAnalyze.jar matrix_file pdb_file output_directory
Reading input ...
Conversion from pdb to xyz Started........


Number of no-zero rows = 3650
Finding Correlation Scores ...
Spearman correlation Expected Dist vs. Reconstructed Dist: 0.284225 ...

Analysis Completed


Processing /storage/htc/bdm/tosin/GSDB/Structures/VH2561BL/mCortex/Yaffe_Tanay/MOGEN/chr2_list_1533565409313.pdb file...

 New file name = /storage/htc/bdm/tosin/GSDB/Structures/VH2561BL/mCortex/Yaffe_Tanay/MOGEN/chr2.pdb
/storage/htc/bdm/tosin/GSDB/Data/VH2561BL/mCortex/Yaffe_Tanay/chr2_matrix.txt
Usage java -jar pdbAnalyze.jar matrix_file pdb_file output_directory
Reading input ...
Conversion from pdb to xyz Started........


Number of no-zero rows = 4388
Finding Correlation Scores ...
Spearman correlation Expected Dist vs. Reconstructed Dist: 0.250094 ...

Analysis Completed


Processing /storage/htc/bdm/tosin/GSDB/Structures/VH2561BL/mCortex/Yaffe_Tanay/MOGEN/chr3_list_1533565661045.pdb file...

 New file name = /storage/htc/bdm/tosin/GSDB/Structures/VH2561BL/mCortex/Yaffe_Tanay/MOGEN/chr3.pdb
/storage/htc/bdm/tosin/GSDB/Data/VH2561BL/mCortex/Yaffe_Tanay/chr3_matrix.txt
Usage java -jar pdbAnalyze.jar matrix_file pdb_file output_directory
Reading input ...
Conversion from pdb to xyz Started........


Number of no-zero rows = 3899
Finding Correlation Scores ...
Spearman correlation Expected Dist vs. Reconstructed Dist: 0.281454 ...

Analysis Completed


Processing /storage/htc/bdm/tosin/GSDB/Structures/VH2561BL/mCortex/Yaffe_Tanay/MOGEN/chr4_list_1533566036106.pdb file...

 New file name = /storage/htc/bdm/tosin/GSDB/Structures/VH2561BL/mCortex/Yaffe_Tanay/MOGEN/chr4.pdb
/storage/htc/bdm/tosin/GSDB/Data/VH2561BL/mCortex/Yaffe_Tanay/chr4_matrix.txt
Usage java -jar pdbAnalyze.jar matrix_file pdb_file output_directory
Reading input ...
Conversion from pdb to xyz Started........


Number of no-zero rows = 3697
Finding Correlation Scores ...
Spearman correlation Expected Dist vs. Reconstructed Dist: 0.260405 ...

Analysis Completed


Processing /storage/htc/bdm/tosin/GSDB/Structures/VH2561BL/mCortex/Yaffe_Tanay/MOGEN/chr5_list_1533566453278.pdb file...

 New file name = /storage/htc/bdm/tosin/GSDB/Structures/VH2561BL/mCortex/Yaffe_Tanay/MOGEN/chr5.pdb
/storage/htc/bdm/tosin/GSDB/Data/VH2561BL/mCortex/Yaffe_Tanay/chr5_matrix.txt
Usage java -jar pdbAnalyze.jar matrix_file pdb_file output_directory
Reading input ...
Conversion from pdb to xyz Started........


Number of no-zero rows = 3628
Finding Correlation Scores ...
Spearman correlation Expected Dist vs. Reconstructed Dist: 0.263595 ...

Analysis Completed


Processing /storage/htc/bdm/tosin/GSDB/Structures/VH2561BL/mCortex/Yaffe_Tanay/MOGEN/chr6_list_1533566792141.pdb file...

 New file name = /storage/htc/bdm/tosin/GSDB/Structures/VH2561BL/mCortex/Yaffe_Tanay/MOGEN/chr6.pdb
/storage/htc/bdm/tosin/GSDB/Data/VH2561BL/mCortex/Yaffe_Tanay/chr6_matrix.txt
Usage java -jar pdbAnalyze.jar matrix_file pdb_file output_directory
Reading input ...
Conversion from pdb to xyz Started........


Number of no-zero rows = 3648
Finding Correlation Scores ...
Spearman correlation Expected Dist vs. Reconstructed Dist: 0.238227 ...

Analysis Completed


Processing /storage/htc/bdm/tosin/GSDB/Structures/VH2561BL/mCortex/Yaffe_Tanay/MOGEN/chr7_list_1533567206406.pdb file...

 New file name = /storage/htc/bdm/tosin/GSDB/Structures/VH2561BL/mCortex/Yaffe_Tanay/MOGEN/chr7.pdb
/storage/htc/bdm/tosin/GSDB/Data/VH2561BL/mCortex/Yaffe_Tanay/chr7_matrix.txt
Usage java -jar pdbAnalyze.jar matrix_file pdb_file output_directory
Reading input ...
Conversion from pdb to xyz Started........


Number of no-zero rows = 3305
Finding Correlation Scores ...
Spearman correlation Expected Dist vs. Reconstructed Dist: 0.260203 ...

Analysis Completed


Processing /storage/htc/bdm/tosin/GSDB/Structures/VH2561BL/mCortex/Yaffe_Tanay/MOGEN/chr8_list_1533567420874.pdb file...

 New file name = /storage/htc/bdm/tosin/GSDB/Structures/VH2561BL/mCortex/Yaffe_Tanay/MOGEN/chr8.pdb
/storage/htc/bdm/tosin/GSDB/Data/VH2561BL/mCortex/Yaffe_Tanay/chr8_matrix.txt
Usage java -jar pdbAnalyze.jar matrix_file pdb_file output_directory
Reading input ...
Conversion from pdb to xyz Started........


Number of no-zero rows = 3100
Finding Correlation Scores ...
Spearman correlation Expected Dist vs. Reconstructed Dist: 0.259811 ...

Analysis Completed


Processing /storage/htc/bdm/tosin/GSDB/Structures/VH2561BL/mCortex/Yaffe_Tanay/MOGEN/chr9_list_1533567805187.pdb file...

 New file name = /storage/htc/bdm/tosin/GSDB/Structures/VH2561BL/mCortex/Yaffe_Tanay/MOGEN/chr9.pdb
/storage/htc/bdm/tosin/GSDB/Data/VH2561BL/mCortex/Yaffe_Tanay/chr9_matrix.txt
Usage java -jar pdbAnalyze.jar matrix_file pdb_file output_directory
Reading input ...
Conversion from pdb to xyz Started........


Number of no-zero rows = 3015
Finding Correlation Scores ...
Spearman correlation Expected Dist vs. Reconstructed Dist: 0.307291 ...

Analysis Completed


LorDG Run Successfully!!!
