base directory = /storage/htc/bdm/tosin/GSDB/Data/OO7429SF/primary/GM12878_normalized/*
/var/spool/slurmd/job7612109/slurm_script: line 15: ((: /storage/htc/bdm/tosin/GSDB/Data/OO7429SF/primary/GM12878_normalized/GM12878: syntax error: operand expected (error token is "/storage/htc/bdm/tosin/GSDB/Data/OO7429SF/primary/GM12878_normalized/GM12878")
Root Directory Name: GM12878 
mkdir: cannot create directory ‘/storage/htc/bdm/tosin/GSDB/Structures/OO7429SF/GM12878’: File exists
Directory created successfully: 
Nest Directory Path: /storage/htc/bdm/tosin/GSDB/Data/OO7429SF/primary/GM12878_normalized/GM12878/KR_100kb 
Nest directory Name:  KR_100kb
mkdir: cannot create directory ‘/storage/htc/bdm/tosin/GSDB/Structures/OO7429SF/GM12878/KR_100kb’: File exists
Directory created successfully........
rm: cannot remove ‘/storage/htc/bdm/tosin/GSDB/Structures/OO7429SF/GM12878/KR_100kb/HSA’: No such file or directory
Chromosome Directory Name: /storage/htc/bdm/tosin/GSDB/Data/OO7429SF/primary/GM12878_normalized/GM12878/KR_100kb/chr*_HSA.txt

Construct Chromosome Structure
Processing /storage/htc/bdm/tosin/GSDB/Data/OO7429SF/primary/GM12878_normalized/GM12878/KR_100kb/chr10_HSA.txt.............
Submitted batch job 7612110
Processing /storage/htc/bdm/tosin/GSDB/Data/OO7429SF/primary/GM12878_normalized/GM12878/KR_100kb/chr11_HSA.txt.............
Submitted batch job 7612111
Processing /storage/htc/bdm/tosin/GSDB/Data/OO7429SF/primary/GM12878_normalized/GM12878/KR_100kb/chr12_HSA.txt.............
Submitted batch job 7612112
Processing /storage/htc/bdm/tosin/GSDB/Data/OO7429SF/primary/GM12878_normalized/GM12878/KR_100kb/chr13_HSA.txt.............
Submitted batch job 7612113
Processing /storage/htc/bdm/tosin/GSDB/Data/OO7429SF/primary/GM12878_normalized/GM12878/KR_100kb/chr14_HSA.txt.............
Submitted batch job 7612114
Processing /storage/htc/bdm/tosin/GSDB/Data/OO7429SF/primary/GM12878_normalized/GM12878/KR_100kb/chr15_HSA.txt.............
Submitted batch job 7612115
Processing /storage/htc/bdm/tosin/GSDB/Data/OO7429SF/primary/GM12878_normalized/GM12878/KR_100kb/chr16_HSA.txt.............
Submitted batch job 7612116
Processing /storage/htc/bdm/tosin/GSDB/Data/OO7429SF/primary/GM12878_normalized/GM12878/KR_100kb/chr17_HSA.txt.............
Submitted batch job 7612117
Processing /storage/htc/bdm/tosin/GSDB/Data/OO7429SF/primary/GM12878_normalized/GM12878/KR_100kb/chr18_HSA.txt.............
Submitted batch job 7612118
Processing /storage/htc/bdm/tosin/GSDB/Data/OO7429SF/primary/GM12878_normalized/GM12878/KR_100kb/chr19_HSA.txt.............
Submitted batch job 7612119
Processing /storage/htc/bdm/tosin/GSDB/Data/OO7429SF/primary/GM12878_normalized/GM12878/KR_100kb/chr1_HSA.txt.............
Submitted batch job 7612120
Processing /storage/htc/bdm/tosin/GSDB/Data/OO7429SF/primary/GM12878_normalized/GM12878/KR_100kb/chr20_HSA.txt.............
Submitted batch job 7612121
Processing /storage/htc/bdm/tosin/GSDB/Data/OO7429SF/primary/GM12878_normalized/GM12878/KR_100kb/chr21_HSA.txt.............
Submitted batch job 7612122
Processing /storage/htc/bdm/tosin/GSDB/Data/OO7429SF/primary/GM12878_normalized/GM12878/KR_100kb/chr22_HSA.txt.............
Submitted batch job 7612123
Processing /storage/htc/bdm/tosin/GSDB/Data/OO7429SF/primary/GM12878_normalized/GM12878/KR_100kb/chr23_HSA.txt.............
Submitted batch job 7612124
Processing /storage/htc/bdm/tosin/GSDB/Data/OO7429SF/primary/GM12878_normalized/GM12878/KR_100kb/chr2_HSA.txt.............
Submitted batch job 7612125
Processing /storage/htc/bdm/tosin/GSDB/Data/OO7429SF/primary/GM12878_normalized/GM12878/KR_100kb/chr3_HSA.txt.............
Submitted batch job 7612126
Processing /storage/htc/bdm/tosin/GSDB/Data/OO7429SF/primary/GM12878_normalized/GM12878/KR_100kb/chr4_HSA.txt.............
Submitted batch job 7612127
Processing /storage/htc/bdm/tosin/GSDB/Data/OO7429SF/primary/GM12878_normalized/GM12878/KR_100kb/chr5_HSA.txt.............
Submitted batch job 7612128
Processing /storage/htc/bdm/tosin/GSDB/Data/OO7429SF/primary/GM12878_normalized/GM12878/KR_100kb/chr6_HSA.txt.............
Submitted batch job 7612129
Processing /storage/htc/bdm/tosin/GSDB/Data/OO7429SF/primary/GM12878_normalized/GM12878/KR_100kb/chr7_HSA.txt.............
Submitted batch job 7612130
Processing /storage/htc/bdm/tosin/GSDB/Data/OO7429SF/primary/GM12878_normalized/GM12878/KR_100kb/chr8_HSA.txt.............
Submitted batch job 7612131
Processing /storage/htc/bdm/tosin/GSDB/Data/OO7429SF/primary/GM12878_normalized/GM12878/KR_100kb/chr9_HSA.txt.............
Submitted batch job 7612132
Number of files: 23
Nest Directory Path: /storage/htc/bdm/tosin/GSDB/Data/OO7429SF/primary/GM12878_normalized/GM12878/KR_1mb 
Nest directory Name:  KR_1mb
mkdir: cannot create directory ‘/storage/htc/bdm/tosin/GSDB/Structures/OO7429SF/GM12878/KR_1mb’: File exists
Directory created successfully........
rm: cannot remove ‘/storage/htc/bdm/tosin/GSDB/Structures/OO7429SF/GM12878/KR_1mb/HSA’: No such file or directory
Chromosome Directory Name: /storage/htc/bdm/tosin/GSDB/Data/OO7429SF/primary/GM12878_normalized/GM12878/KR_1mb/chr*_HSA.txt

Construct Chromosome Structure
Processing /storage/htc/bdm/tosin/GSDB/Data/OO7429SF/primary/GM12878_normalized/GM12878/KR_1mb/chr10_HSA.txt.............
Submitted batch job 7612133
Processing /storage/htc/bdm/tosin/GSDB/Data/OO7429SF/primary/GM12878_normalized/GM12878/KR_1mb/chr11_HSA.txt.............
Submitted batch job 7612134
Processing /storage/htc/bdm/tosin/GSDB/Data/OO7429SF/primary/GM12878_normalized/GM12878/KR_1mb/chr12_HSA.txt.............
Submitted batch job 7612135
Processing /storage/htc/bdm/tosin/GSDB/Data/OO7429SF/primary/GM12878_normalized/GM12878/KR_1mb/chr13_HSA.txt.............
Submitted batch job 7612136
Processing /storage/htc/bdm/tosin/GSDB/Data/OO7429SF/primary/GM12878_normalized/GM12878/KR_1mb/chr14_HSA.txt.............
Submitted batch job 7612137
Processing /storage/htc/bdm/tosin/GSDB/Data/OO7429SF/primary/GM12878_normalized/GM12878/KR_1mb/chr15_HSA.txt.............
Submitted batch job 7612138
Processing /storage/htc/bdm/tosin/GSDB/Data/OO7429SF/primary/GM12878_normalized/GM12878/KR_1mb/chr16_HSA.txt.............
Submitted batch job 7612139
Processing /storage/htc/bdm/tosin/GSDB/Data/OO7429SF/primary/GM12878_normalized/GM12878/KR_1mb/chr17_HSA.txt.............
Submitted batch job 7612140
Processing /storage/htc/bdm/tosin/GSDB/Data/OO7429SF/primary/GM12878_normalized/GM12878/KR_1mb/chr18_HSA.txt.............
Submitted batch job 7612141
Processing /storage/htc/bdm/tosin/GSDB/Data/OO7429SF/primary/GM12878_normalized/GM12878/KR_1mb/chr19_HSA.txt.............
Submitted batch job 7612142
Processing /storage/htc/bdm/tosin/GSDB/Data/OO7429SF/primary/GM12878_normalized/GM12878/KR_1mb/chr1_HSA.txt.............
Submitted batch job 7612143
Processing /storage/htc/bdm/tosin/GSDB/Data/OO7429SF/primary/GM12878_normalized/GM12878/KR_1mb/chr20_HSA.txt.............
Submitted batch job 7612144
Processing /storage/htc/bdm/tosin/GSDB/Data/OO7429SF/primary/GM12878_normalized/GM12878/KR_1mb/chr21_HSA.txt.............
Submitted batch job 7612145
Processing /storage/htc/bdm/tosin/GSDB/Data/OO7429SF/primary/GM12878_normalized/GM12878/KR_1mb/chr22_HSA.txt.............
Submitted batch job 7612146
Processing /storage/htc/bdm/tosin/GSDB/Data/OO7429SF/primary/GM12878_normalized/GM12878/KR_1mb/chr23_HSA.txt.............
Submitted batch job 7612147
Processing /storage/htc/bdm/tosin/GSDB/Data/OO7429SF/primary/GM12878_normalized/GM12878/KR_1mb/chr2_HSA.txt.............
Submitted batch job 7612148
Processing /storage/htc/bdm/tosin/GSDB/Data/OO7429SF/primary/GM12878_normalized/GM12878/KR_1mb/chr3_HSA.txt.............
Submitted batch job 7612149
Processing /storage/htc/bdm/tosin/GSDB/Data/OO7429SF/primary/GM12878_normalized/GM12878/KR_1mb/chr4_HSA.txt.............
Submitted batch job 7612150
Processing /storage/htc/bdm/tosin/GSDB/Data/OO7429SF/primary/GM12878_normalized/GM12878/KR_1mb/chr5_HSA.txt.............
Submitted batch job 7612151
Processing /storage/htc/bdm/tosin/GSDB/Data/OO7429SF/primary/GM12878_normalized/GM12878/KR_1mb/chr6_HSA.txt.............
Submitted batch job 7612152
Processing /storage/htc/bdm/tosin/GSDB/Data/OO7429SF/primary/GM12878_normalized/GM12878/KR_1mb/chr7_HSA.txt.............
Submitted batch job 7612153
Processing /storage/htc/bdm/tosin/GSDB/Data/OO7429SF/primary/GM12878_normalized/GM12878/KR_1mb/chr8_HSA.txt.............
Submitted batch job 7612154
Processing /storage/htc/bdm/tosin/GSDB/Data/OO7429SF/primary/GM12878_normalized/GM12878/KR_1mb/chr9_HSA.txt.............
Submitted batch job 7612155
Number of files: 23
Nest Directory Path: /storage/htc/bdm/tosin/GSDB/Data/OO7429SF/primary/GM12878_normalized/GM12878/KR_250kb 
Nest directory Name:  KR_250kb
mkdir: cannot create directory ‘/storage/htc/bdm/tosin/GSDB/Structures/OO7429SF/GM12878/KR_250kb’: File exists
Directory created successfully........
rm: cannot remove ‘/storage/htc/bdm/tosin/GSDB/Structures/OO7429SF/GM12878/KR_250kb/HSA’: No such file or directory
Chromosome Directory Name: /storage/htc/bdm/tosin/GSDB/Data/OO7429SF/primary/GM12878_normalized/GM12878/KR_250kb/chr*_HSA.txt

Construct Chromosome Structure
Processing /storage/htc/bdm/tosin/GSDB/Data/OO7429SF/primary/GM12878_normalized/GM12878/KR_250kb/chr10_HSA.txt.............
Submitted batch job 7612156
Processing /storage/htc/bdm/tosin/GSDB/Data/OO7429SF/primary/GM12878_normalized/GM12878/KR_250kb/chr11_HSA.txt.............
Submitted batch job 7612157
Processing /storage/htc/bdm/tosin/GSDB/Data/OO7429SF/primary/GM12878_normalized/GM12878/KR_250kb/chr12_HSA.txt.............
Submitted batch job 7612158
Processing /storage/htc/bdm/tosin/GSDB/Data/OO7429SF/primary/GM12878_normalized/GM12878/KR_250kb/chr13_HSA.txt.............
Submitted batch job 7612159
Processing /storage/htc/bdm/tosin/GSDB/Data/OO7429SF/primary/GM12878_normalized/GM12878/KR_250kb/chr14_HSA.txt.............
Submitted batch job 7612160
Processing /storage/htc/bdm/tosin/GSDB/Data/OO7429SF/primary/GM12878_normalized/GM12878/KR_250kb/chr15_HSA.txt.............
Submitted batch job 7612161
Processing /storage/htc/bdm/tosin/GSDB/Data/OO7429SF/primary/GM12878_normalized/GM12878/KR_250kb/chr16_HSA.txt.............
Submitted batch job 7612162
Processing /storage/htc/bdm/tosin/GSDB/Data/OO7429SF/primary/GM12878_normalized/GM12878/KR_250kb/chr17_HSA.txt.............
Submitted batch job 7612163
Processing /storage/htc/bdm/tosin/GSDB/Data/OO7429SF/primary/GM12878_normalized/GM12878/KR_250kb/chr18_HSA.txt.............
Submitted batch job 7612164
Processing /storage/htc/bdm/tosin/GSDB/Data/OO7429SF/primary/GM12878_normalized/GM12878/KR_250kb/chr19_HSA.txt.............
Submitted batch job 7612165
Processing /storage/htc/bdm/tosin/GSDB/Data/OO7429SF/primary/GM12878_normalized/GM12878/KR_250kb/chr1_HSA.txt.............
Submitted batch job 7612166
Processing /storage/htc/bdm/tosin/GSDB/Data/OO7429SF/primary/GM12878_normalized/GM12878/KR_250kb/chr20_HSA.txt.............
Submitted batch job 7612167
Processing /storage/htc/bdm/tosin/GSDB/Data/OO7429SF/primary/GM12878_normalized/GM12878/KR_250kb/chr21_HSA.txt.............
Submitted batch job 7612168
Processing /storage/htc/bdm/tosin/GSDB/Data/OO7429SF/primary/GM12878_normalized/GM12878/KR_250kb/chr22_HSA.txt.............
Submitted batch job 7612169
Processing /storage/htc/bdm/tosin/GSDB/Data/OO7429SF/primary/GM12878_normalized/GM12878/KR_250kb/chr23_HSA.txt.............
Submitted batch job 7612170
Processing /storage/htc/bdm/tosin/GSDB/Data/OO7429SF/primary/GM12878_normalized/GM12878/KR_250kb/chr2_HSA.txt.............
Submitted batch job 7612171
Processing /storage/htc/bdm/tosin/GSDB/Data/OO7429SF/primary/GM12878_normalized/GM12878/KR_250kb/chr3_HSA.txt.............
Submitted batch job 7612172
Processing /storage/htc/bdm/tosin/GSDB/Data/OO7429SF/primary/GM12878_normalized/GM12878/KR_250kb/chr4_HSA.txt.............
Submitted batch job 7612173
Processing /storage/htc/bdm/tosin/GSDB/Data/OO7429SF/primary/GM12878_normalized/GM12878/KR_250kb/chr5_HSA.txt.............
Submitted batch job 7612174
Processing /storage/htc/bdm/tosin/GSDB/Data/OO7429SF/primary/GM12878_normalized/GM12878/KR_250kb/chr6_HSA.txt.............
Submitted batch job 7612175
Processing /storage/htc/bdm/tosin/GSDB/Data/OO7429SF/primary/GM12878_normalized/GM12878/KR_250kb/chr7_HSA.txt.............
Submitted batch job 7612176
Processing /storage/htc/bdm/tosin/GSDB/Data/OO7429SF/primary/GM12878_normalized/GM12878/KR_250kb/chr8_HSA.txt.............
Submitted batch job 7612177
Processing /storage/htc/bdm/tosin/GSDB/Data/OO7429SF/primary/GM12878_normalized/GM12878/KR_250kb/chr9_HSA.txt.............
Submitted batch job 7612178
Number of files: 23
Nest Directory Path: /storage/htc/bdm/tosin/GSDB/Data/OO7429SF/primary/GM12878_normalized/GM12878/KR_500kb 
Nest directory Name:  KR_500kb
mkdir: cannot create directory ‘/storage/htc/bdm/tosin/GSDB/Structures/OO7429SF/GM12878/KR_500kb’: File exists
Directory created successfully........
rm: cannot remove ‘/storage/htc/bdm/tosin/GSDB/Structures/OO7429SF/GM12878/KR_500kb/HSA’: No such file or directory
Chromosome Directory Name: /storage/htc/bdm/tosin/GSDB/Data/OO7429SF/primary/GM12878_normalized/GM12878/KR_500kb/chr*_HSA.txt

Construct Chromosome Structure
Processing /storage/htc/bdm/tosin/GSDB/Data/OO7429SF/primary/GM12878_normalized/GM12878/KR_500kb/chr10_HSA.txt.............
Submitted batch job 7612179
Processing /storage/htc/bdm/tosin/GSDB/Data/OO7429SF/primary/GM12878_normalized/GM12878/KR_500kb/chr11_HSA.txt.............
Submitted batch job 7612180
Processing /storage/htc/bdm/tosin/GSDB/Data/OO7429SF/primary/GM12878_normalized/GM12878/KR_500kb/chr12_HSA.txt.............
Submitted batch job 7612181
Processing /storage/htc/bdm/tosin/GSDB/Data/OO7429SF/primary/GM12878_normalized/GM12878/KR_500kb/chr13_HSA.txt.............
Submitted batch job 7612182
Processing /storage/htc/bdm/tosin/GSDB/Data/OO7429SF/primary/GM12878_normalized/GM12878/KR_500kb/chr14_HSA.txt.............
Submitted batch job 7612183
Processing /storage/htc/bdm/tosin/GSDB/Data/OO7429SF/primary/GM12878_normalized/GM12878/KR_500kb/chr15_HSA.txt.............
Submitted batch job 7612184
Processing /storage/htc/bdm/tosin/GSDB/Data/OO7429SF/primary/GM12878_normalized/GM12878/KR_500kb/chr16_HSA.txt.............
Submitted batch job 7612185
Processing /storage/htc/bdm/tosin/GSDB/Data/OO7429SF/primary/GM12878_normalized/GM12878/KR_500kb/chr17_HSA.txt.............
Submitted batch job 7612186
Processing /storage/htc/bdm/tosin/GSDB/Data/OO7429SF/primary/GM12878_normalized/GM12878/KR_500kb/chr18_HSA.txt.............
Submitted batch job 7612187
Processing /storage/htc/bdm/tosin/GSDB/Data/OO7429SF/primary/GM12878_normalized/GM12878/KR_500kb/chr19_HSA.txt.............
Submitted batch job 7612188
Processing /storage/htc/bdm/tosin/GSDB/Data/OO7429SF/primary/GM12878_normalized/GM12878/KR_500kb/chr1_HSA.txt.............
Submitted batch job 7612189
Processing /storage/htc/bdm/tosin/GSDB/Data/OO7429SF/primary/GM12878_normalized/GM12878/KR_500kb/chr20_HSA.txt.............
Submitted batch job 7612190
Processing /storage/htc/bdm/tosin/GSDB/Data/OO7429SF/primary/GM12878_normalized/GM12878/KR_500kb/chr21_HSA.txt.............
Submitted batch job 7612191
Processing /storage/htc/bdm/tosin/GSDB/Data/OO7429SF/primary/GM12878_normalized/GM12878/KR_500kb/chr22_HSA.txt.............
Submitted batch job 7612192
Processing /storage/htc/bdm/tosin/GSDB/Data/OO7429SF/primary/GM12878_normalized/GM12878/KR_500kb/chr23_HSA.txt.............
Submitted batch job 7612193
Processing /storage/htc/bdm/tosin/GSDB/Data/OO7429SF/primary/GM12878_normalized/GM12878/KR_500kb/chr2_HSA.txt.............
Submitted batch job 7612194
Processing /storage/htc/bdm/tosin/GSDB/Data/OO7429SF/primary/GM12878_normalized/GM12878/KR_500kb/chr3_HSA.txt.............
Submitted batch job 7612195
Processing /storage/htc/bdm/tosin/GSDB/Data/OO7429SF/primary/GM12878_normalized/GM12878/KR_500kb/chr4_HSA.txt.............
Submitted batch job 7612196
Processing /storage/htc/bdm/tosin/GSDB/Data/OO7429SF/primary/GM12878_normalized/GM12878/KR_500kb/chr5_HSA.txt.............
Submitted batch job 7612197
Processing /storage/htc/bdm/tosin/GSDB/Data/OO7429SF/primary/GM12878_normalized/GM12878/KR_500kb/chr6_HSA.txt.............
Submitted batch job 7612198
Processing /storage/htc/bdm/tosin/GSDB/Data/OO7429SF/primary/GM12878_normalized/GM12878/KR_500kb/chr7_HSA.txt.............
Submitted batch job 7612199
Processing /storage/htc/bdm/tosin/GSDB/Data/OO7429SF/primary/GM12878_normalized/GM12878/KR_500kb/chr8_HSA.txt.............
Submitted batch job 7612200
Processing /storage/htc/bdm/tosin/GSDB/Data/OO7429SF/primary/GM12878_normalized/GM12878/KR_500kb/chr9_HSA.txt.............
Submitted batch job 7612201
Number of files: 23

HSA Run Successfully!!!
