./chr18_1mb_matrix_16.pdbREMARK FILENAME="chr18_1mb_matrix_16.pdb"
REMARK The macromolecule has 76 residues
REMARK Trial structure 16 of 20 structures
REMARK Molecular dynamics scheme : cartesian; cartesian; minimize
REMARK High temperature dynamics :
REMARK      temp: 2000 steps: 1000 time(ps): 3
REMARK 1st cooling stage         :
REMARK      temp: 2000->0 steps: 1000 time(ps): 5 temp step: 25
REMARK 2nd cooling stage not used:
REMARK a total 150000 steps of minimization
REMARK VDW scale factors 20 20 0.01 0.003 0.003; 3E-03->4; 1
REMARK 2556 NOEs in 1 class(es) with scale factors of 10; 10; 10
REMARK      averaging function(s): cent,
REMARK 0 3-bond j-couplings in 0 class(es) with
REMARK      scale factor(s) of NA
REMARK 0 1-bond j-couplings in 0 class(es) with
REMARK      scale factor(s) of NA
REMARK 0 carbon chemical shifts in 0 class(es) with
REMARK      scale factor(s) of NA
REMARK 0 proton chemical shifts in 0 class(es) with
REMARK      scale factor(s) of NA
REMARK 0 diffusion anisotropy restraints in 0 class(es) with
REMARK      scale factor(s) of NA
REMARK 0 susceptability anisotropy restraints in 0 class(es) with
REMARK      scale factor(s) of NA
REMARK 0 dihedral restraints with scale factors of 5; 200; 400
REMARK 0 planarity restraints with a scale factor of NA
REMARK NCS restraints not used.
REMARK ===============================================================
REMARK               bond, angles, improp, vdw(<1.6),  dihed
REMARK violations :    36     194      36         9     100
REMARK RMSD       : 0.0298   5.321   3.027            23.735
REMARK ===============================================================
REMARK                noe,   cdih,   coup,   oneb, carb-a, carb-b,
REMARK violations :  2195       0       0       0       0   -----
REMARK RMSD       :  3.905   0.000   0.000   0.000   0.000   0.000
REMARK 0.2/2 viol.:  2415       0       0
REMARK ===============================================================
REMARK               dani,   sani
REMARK violations :     0       0
REMARK RMSD       :  0.000   0.000
REMARK .2/.1 viol.:     0       0
REMARK ===============================================================
REMARK Protons       violations, rmsd
REMARK all    :           0       0.000
REMARK class 1:           0       0.000
REMARK class 2:           0       0.000
REMARK class 3:           0       0.000
REMARK class 4:           0       0.000
REMARK ===============================================================
REMARK overall = 99052.7
REMARK bon     = 929.072
REMARK ang     = 2225.06
REMARK imp     = 260.118
REMARK vdw     = 4732.91
REMARK harm    = 0
REMARK noe     = 90414.1
REMARK coup    = 0
REMARK oneb    = 0
REMARK carb    = 0
REMARK prot    = 0
REMARK dani    = 0
REMARK sani    = 0
REMARK cdih    = 0
REMARK ncs     = 0
REMARK ===============================================================
REMARK DATE:05-Jul-2018  16:26:12       created by user: oeow39
REMARK VERSION:1.3
./chr18_1mb_matrix_15.pdbREMARK FILENAME="chr18_1mb_matrix_15.pdb"
REMARK The macromolecule has 76 residues
REMARK Trial structure 15 of 20 structures
REMARK Molecular dynamics scheme : cartesian; cartesian; minimize
REMARK High temperature dynamics :
REMARK      temp: 2000 steps: 1000 time(ps): 3
REMARK 1st cooling stage         :
REMARK      temp: 2000->0 steps: 1000 time(ps): 5 temp step: 25
REMARK 2nd cooling stage not used:
REMARK a total 150000 steps of minimization
REMARK VDW scale factors 20 20 0.01 0.003 0.003; 3E-03->4; 1
REMARK 2556 NOEs in 1 class(es) with scale factors of 10; 10; 10
REMARK      averaging function(s): cent,
REMARK 0 3-bond j-couplings in 0 class(es) with
REMARK      scale factor(s) of NA
REMARK 0 1-bond j-couplings in 0 class(es) with
REMARK      scale factor(s) of NA
REMARK 0 carbon chemical shifts in 0 class(es) with
REMARK      scale factor(s) of NA
REMARK 0 proton chemical shifts in 0 class(es) with
REMARK      scale factor(s) of NA
REMARK 0 diffusion anisotropy restraints in 0 class(es) with
REMARK      scale factor(s) of NA
REMARK 0 susceptability anisotropy restraints in 0 class(es) with
REMARK      scale factor(s) of NA
REMARK 0 dihedral restraints with scale factors of 5; 200; 400
REMARK 0 planarity restraints with a scale factor of NA
REMARK NCS restraints not used.
REMARK ===============================================================
REMARK               bond, angles, improp, vdw(<1.6),  dihed
REMARK violations :    37     192      29        24     114
REMARK RMSD       : 0.0296   5.120   2.949            25.078
REMARK ===============================================================
REMARK                noe,   cdih,   coup,   oneb, carb-a, carb-b,
REMARK violations :  2212       0       0       0       0   -----
REMARK RMSD       :  3.889   0.000   0.000   0.000   0.000   0.000
REMARK 0.2/2 viol.:  2409       0       0
REMARK ===============================================================
REMARK               dani,   sani
REMARK violations :     0       0
REMARK RMSD       :  0.000   0.000
REMARK .2/.1 viol.:     0       0
REMARK ===============================================================
REMARK Protons       violations, rmsd
REMARK all    :           0       0.000
REMARK class 1:           0       0.000
REMARK class 2:           0       0.000
REMARK class 3:           0       0.000
REMARK class 4:           0       0.000
REMARK ===============================================================
REMARK overall = 98918.8
REMARK bon     = 924.858
REMARK ang     = 2392.73
REMARK imp     = 238.822
REMARK vdw     = 4579.04
REMARK harm    = 0
REMARK noe     = 90232.2
REMARK coup    = 0
REMARK oneb    = 0
REMARK carb    = 0
REMARK prot    = 0
REMARK dani    = 0
REMARK sani    = 0
REMARK cdih    = 0
REMARK ncs     = 0
REMARK ===============================================================
REMARK DATE:05-Jul-2018  16:25:52       created by user: oeow39
REMARK VERSION:1.3
./chr18_1mb_matrix_17.pdbREMARK FILENAME="chr18_1mb_matrix_17.pdb"
REMARK The macromolecule has 76 residues
REMARK Trial structure 17 of 20 structures
REMARK Molecular dynamics scheme : cartesian; cartesian; minimize
REMARK High temperature dynamics :
REMARK      temp: 2000 steps: 1000 time(ps): 3
REMARK 1st cooling stage         :
REMARK      temp: 2000->0 steps: 1000 time(ps): 5 temp step: 25
REMARK 2nd cooling stage not used:
REMARK a total 150000 steps of minimization
REMARK VDW scale factors 20 20 0.01 0.003 0.003; 3E-03->4; 1
REMARK 2556 NOEs in 1 class(es) with scale factors of 10; 10; 10
REMARK      averaging function(s): cent,
REMARK 0 3-bond j-couplings in 0 class(es) with
REMARK      scale factor(s) of NA
REMARK 0 1-bond j-couplings in 0 class(es) with
REMARK      scale factor(s) of NA
REMARK 0 carbon chemical shifts in 0 class(es) with
REMARK      scale factor(s) of NA
REMARK 0 proton chemical shifts in 0 class(es) with
REMARK      scale factor(s) of NA
REMARK 0 diffusion anisotropy restraints in 0 class(es) with
REMARK      scale factor(s) of NA
REMARK 0 susceptability anisotropy restraints in 0 class(es) with
REMARK      scale factor(s) of NA
REMARK 0 dihedral restraints with scale factors of 5; 200; 400
REMARK 0 planarity restraints with a scale factor of NA
REMARK NCS restraints not used.
REMARK ===============================================================
REMARK               bond, angles, improp, vdw(<1.6),  dihed
REMARK violations :    35     186      28        10     106
REMARK RMSD       : 0.0299   4.756   2.626            24.255
REMARK ===============================================================
REMARK                noe,   cdih,   coup,   oneb, carb-a, carb-b,
REMARK violations :  2202       0       0       0       0   -----
REMARK RMSD       :  3.881   0.000   0.000   0.000   0.000   0.000
REMARK 0.2/2 viol.:  2425       0       0
REMARK ===============================================================
REMARK               dani,   sani
REMARK violations :     0       0
REMARK RMSD       :  0.000   0.000
REMARK .2/.1 viol.:     0       0
REMARK ===============================================================
REMARK Protons       violations, rmsd
REMARK all    :           0       0.000
REMARK class 1:           0       0.000
REMARK class 2:           0       0.000
REMARK class 3:           0       0.000
REMARK class 4:           0       0.000
REMARK ===============================================================
REMARK overall = 98285.8
REMARK bon     = 963.694
REMARK ang     = 1999.39
REMARK imp     = 183.047
REMARK vdw     = 4550.32
REMARK harm    = 0
REMARK noe     = 90085.6
REMARK coup    = 0
REMARK oneb    = 0
REMARK carb    = 0
REMARK prot    = 0
REMARK dani    = 0
REMARK sani    = 0
REMARK cdih    = 0
REMARK ncs     = 0
REMARK ===============================================================
REMARK DATE:05-Jul-2018  16:26:29       created by user: oeow39
REMARK VERSION:1.3
./chr18_1mb_matrix_3.pdbREMARK FILENAME="chr18_1mb_matrix_3.pdb"
REMARK The macromolecule has 76 residues
REMARK Trial structure 3 of 20 structures
REMARK Molecular dynamics scheme : cartesian; cartesian; minimize
REMARK High temperature dynamics :
REMARK      temp: 2000 steps: 1000 time(ps): 3
REMARK 1st cooling stage         :
REMARK      temp: 2000->0 steps: 1000 time(ps): 5 temp step: 25
REMARK 2nd cooling stage not used:
REMARK a total 150000 steps of minimization
REMARK VDW scale factors 20 20 0.01 0.003 0.003; 3E-03->4; 1
REMARK 2556 NOEs in 1 class(es) with scale factors of 10; 10; 10
REMARK      averaging function(s): cent,
REMARK 0 3-bond j-couplings in 0 class(es) with
REMARK      scale factor(s) of NA
REMARK 0 1-bond j-couplings in 0 class(es) with
REMARK      scale factor(s) of NA
REMARK 0 carbon chemical shifts in 0 class(es) with
REMARK      scale factor(s) of NA
REMARK 0 proton chemical shifts in 0 class(es) with
REMARK      scale factor(s) of NA
REMARK 0 diffusion anisotropy restraints in 0 class(es) with
REMARK      scale factor(s) of NA
REMARK 0 susceptability anisotropy restraints in 0 class(es) with
REMARK      scale factor(s) of NA
REMARK 0 dihedral restraints with scale factors of 5; 200; 400
REMARK 0 planarity restraints with a scale factor of NA
REMARK NCS restraints not used.
REMARK ===============================================================
REMARK               bond, angles, improp, vdw(<1.6),  dihed
REMARK violations :    38     189      34        10     120
REMARK RMSD       : 0.0299   4.822   2.864            25.052
REMARK ===============================================================
REMARK                noe,   cdih,   coup,   oneb, carb-a, carb-b,
REMARK violations :  2203       0       0       0       0   -----
REMARK RMSD       :  3.844   0.000   0.000   0.000   0.000   0.000
REMARK 0.2/2 viol.:  2416       0       0
REMARK ===============================================================
REMARK               dani,   sani
REMARK violations :     0       0
REMARK RMSD       :  0.000   0.000
REMARK .2/.1 viol.:     0       0
REMARK ===============================================================
REMARK Protons       violations, rmsd
REMARK all    :           0       0.000
REMARK class 1:           0       0.000
REMARK class 2:           0       0.000
REMARK class 3:           0       0.000
REMARK class 4:           0       0.000
REMARK ===============================================================
REMARK overall = 98109
REMARK bon     = 965.138
REMARK ang     = 2115.3
REMARK imp     = 224.703
REMARK vdw     = 4352.7
REMARK harm    = 0
REMARK noe     = 89966.4
REMARK coup    = 0
REMARK oneb    = 0
REMARK carb    = 0
REMARK prot    = 0
REMARK dani    = 0
REMARK sani    = 0
REMARK cdih    = 0
REMARK ncs     = 0
REMARK ===============================================================
REMARK DATE:05-Jul-2018  16:17:38       created by user: oeow39
REMARK VERSION:1.3
./chr18_1mb_matrix_18.pdbREMARK FILENAME="chr18_1mb_matrix_18.pdb"
REMARK The macromolecule has 76 residues
REMARK Trial structure 18 of 20 structures
REMARK Molecular dynamics scheme : cartesian; cartesian; minimize
REMARK High temperature dynamics :
REMARK      temp: 2000 steps: 1000 time(ps): 3
REMARK 1st cooling stage         :
REMARK      temp: 2000->0 steps: 1000 time(ps): 5 temp step: 25
REMARK 2nd cooling stage not used:
REMARK a total 150000 steps of minimization
REMARK VDW scale factors 20 20 0.01 0.003 0.003; 3E-03->4; 1
REMARK 2556 NOEs in 1 class(es) with scale factors of 10; 10; 10
REMARK      averaging function(s): cent,
REMARK 0 3-bond j-couplings in 0 class(es) with
REMARK      scale factor(s) of NA
REMARK 0 1-bond j-couplings in 0 class(es) with
REMARK      scale factor(s) of NA
REMARK 0 carbon chemical shifts in 0 class(es) with
REMARK      scale factor(s) of NA
REMARK 0 proton chemical shifts in 0 class(es) with
REMARK      scale factor(s) of NA
REMARK 0 diffusion anisotropy restraints in 0 class(es) with
REMARK      scale factor(s) of NA
REMARK 0 susceptability anisotropy restraints in 0 class(es) with
REMARK      scale factor(s) of NA
REMARK 0 dihedral restraints with scale factors of 5; 200; 400
REMARK 0 planarity restraints with a scale factor of NA
REMARK NCS restraints not used.
REMARK ===============================================================
REMARK               bond, angles, improp, vdw(<1.6),  dihed
REMARK violations :    37     187      32        10     113
REMARK RMSD       : 0.0295   4.794   2.742            24.094
REMARK ===============================================================
REMARK                noe,   cdih,   coup,   oneb, carb-a, carb-b,
REMARK violations :  2197       0       0       0       0   -----
REMARK RMSD       :  3.837   0.000   0.000   0.000   0.000   0.000
REMARK 0.2/2 viol.:  2426       0       0
REMARK ===============================================================
REMARK               dani,   sani
REMARK violations :     0       0
REMARK RMSD       :  0.000   0.000
REMARK .2/.1 viol.:     0       0
REMARK ===============================================================
REMARK Protons       violations, rmsd
REMARK all    :           0       0.000
REMARK class 1:           0       0.000
REMARK class 2:           0       0.000
REMARK class 3:           0       0.000
REMARK class 4:           0       0.000
REMARK ===============================================================
REMARK overall = 98118.3
REMARK bon     = 936.012
REMARK ang     = 2072.62
REMARK imp     = 213.341
REMARK vdw     = 4499.78
REMARK harm    = 0
REMARK noe     = 89920.2
REMARK coup    = 0
REMARK oneb    = 0
REMARK carb    = 0
REMARK prot    = 0
REMARK dani    = 0
REMARK sani    = 0
REMARK cdih    = 0
REMARK ncs     = 0
REMARK ===============================================================
REMARK DATE:05-Jul-2018  16:26:42       created by user: oeow39
REMARK VERSION:1.3
./chr18_1mb_matrix_10.pdbREMARK FILENAME="chr18_1mb_matrix_10.pdb"
REMARK The macromolecule has 76 residues
REMARK Trial structure 10 of 20 structures
REMARK Molecular dynamics scheme : cartesian; cartesian; minimize
REMARK High temperature dynamics :
REMARK      temp: 2000 steps: 1000 time(ps): 3
REMARK 1st cooling stage         :
REMARK      temp: 2000->0 steps: 1000 time(ps): 5 temp step: 25
REMARK 2nd cooling stage not used:
REMARK a total 150000 steps of minimization
REMARK VDW scale factors 20 20 0.01 0.003 0.003; 3E-03->4; 1
REMARK 2556 NOEs in 1 class(es) with scale factors of 10; 10; 10
REMARK      averaging function(s): cent,
REMARK 0 3-bond j-couplings in 0 class(es) with
REMARK      scale factor(s) of NA
REMARK 0 1-bond j-couplings in 0 class(es) with
REMARK      scale factor(s) of NA
REMARK 0 carbon chemical shifts in 0 class(es) with
REMARK      scale factor(s) of NA
REMARK 0 proton chemical shifts in 0 class(es) with
REMARK      scale factor(s) of NA
REMARK 0 diffusion anisotropy restraints in 0 class(es) with
REMARK      scale factor(s) of NA
REMARK 0 susceptability anisotropy restraints in 0 class(es) with
REMARK      scale factor(s) of NA
REMARK 0 dihedral restraints with scale factors of 5; 200; 400
REMARK 0 planarity restraints with a scale factor of NA
REMARK NCS restraints not used.
REMARK ===============================================================
REMARK               bond, angles, improp, vdw(<1.6),  dihed
REMARK violations :    41     209      42        14     120
REMARK RMSD       : 0.0305   5.030   3.109            25.832
REMARK ===============================================================
REMARK                noe,   cdih,   coup,   oneb, carb-a, carb-b,
REMARK violations :  2205       0       0       0       0   -----
REMARK RMSD       :  3.873   0.000   0.000   0.000   0.000   0.000
REMARK 0.2/2 viol.:  2418       0       0
REMARK ===============================================================
REMARK               dani,   sani
REMARK violations :     0       0
REMARK RMSD       :  0.000   0.000
REMARK .2/.1 viol.:     0       0
REMARK ===============================================================
REMARK Protons       violations, rmsd
REMARK all    :           0       0.000
REMARK class 1:           0       0.000
REMARK class 2:           0       0.000
REMARK class 3:           0       0.000
REMARK class 4:           0       0.000
REMARK ===============================================================
REMARK overall = 98805.1
REMARK bon     = 976.174
REMARK ang     = 2263.24
REMARK imp     = 252.151
REMARK vdw     = 4836.8
REMARK harm    = 0
REMARK noe     = 89916.3
REMARK coup    = 0
REMARK oneb    = 0
REMARK carb    = 0
REMARK prot    = 0
REMARK dani    = 0
REMARK sani    = 0
REMARK cdih    = 0
REMARK ncs     = 0
REMARK ===============================================================
REMARK DATE:05-Jul-2018  16:23:00       created by user: oeow39
REMARK VERSION:1.3
./chr18_1mb_matrix_20.pdbREMARK FILENAME="chr18_1mb_matrix_20.pdb"
REMARK The macromolecule has 76 residues
REMARK Trial structure 20 of 20 structures
REMARK Molecular dynamics scheme : cartesian; cartesian; minimize
REMARK High temperature dynamics :
REMARK      temp: 2000 steps: 1000 time(ps): 3
REMARK 1st cooling stage         :
REMARK      temp: 2000->0 steps: 1000 time(ps): 5 temp step: 25
REMARK 2nd cooling stage not used:
REMARK a total 150000 steps of minimization
REMARK VDW scale factors 20 20 0.01 0.003 0.003; 3E-03->4; 1
REMARK 2556 NOEs in 1 class(es) with scale factors of 10; 10; 10
REMARK      averaging function(s): cent,
REMARK 0 3-bond j-couplings in 0 class(es) with
REMARK      scale factor(s) of NA
REMARK 0 1-bond j-couplings in 0 class(es) with
REMARK      scale factor(s) of NA
REMARK 0 carbon chemical shifts in 0 class(es) with
REMARK      scale factor(s) of NA
REMARK 0 proton chemical shifts in 0 class(es) with
REMARK      scale factor(s) of NA
REMARK 0 diffusion anisotropy restraints in 0 class(es) with
REMARK      scale factor(s) of NA
REMARK 0 susceptability anisotropy restraints in 0 class(es) with
REMARK      scale factor(s) of NA
REMARK 0 dihedral restraints with scale factors of 5; 200; 400
REMARK 0 planarity restraints with a scale factor of NA
REMARK NCS restraints not used.
REMARK ===============================================================
REMARK               bond, angles, improp, vdw(<1.6),  dihed
REMARK violations :    31     184      31        10     105
REMARK RMSD       : 0.0292   4.981   2.597            24.674
REMARK ===============================================================
REMARK                noe,   cdih,   coup,   oneb, carb-a, carb-b,
REMARK violations :  2196       0       0       0       0   -----
REMARK RMSD       :  3.853   0.000   0.000   0.000   0.000   0.000
REMARK 0.2/2 viol.:  2403       0       0
REMARK ===============================================================
REMARK               dani,   sani
REMARK violations :     0       0
REMARK RMSD       :  0.000   0.000
REMARK .2/.1 viol.:     0       0
REMARK ===============================================================
REMARK Protons       violations, rmsd
REMARK all    :           0       0.000
REMARK class 1:           0       0.000
REMARK class 2:           0       0.000
REMARK class 3:           0       0.000
REMARK class 4:           0       0.000
REMARK ===============================================================
REMARK overall = 98230.4
REMARK bon     = 918.406
REMARK ang     = 2214.4
REMARK imp     = 196.117
REMARK vdw     = 4642.98
REMARK harm    = 0
REMARK noe     = 89792.1
REMARK coup    = 0
REMARK oneb    = 0
REMARK carb    = 0
REMARK prot    = 0
REMARK dani    = 0
REMARK sani    = 0
REMARK cdih    = 0
REMARK ncs     = 0
REMARK ===============================================================
REMARK DATE:05-Jul-2018  16:27:11       created by user: oeow39
REMARK VERSION:1.3
./chr18_1mb_matrix_5.pdbREMARK FILENAME="chr18_1mb_matrix_5.pdb"
REMARK The macromolecule has 76 residues
REMARK Trial structure 5 of 20 structures
REMARK Molecular dynamics scheme : cartesian; cartesian; minimize
REMARK High temperature dynamics :
REMARK      temp: 2000 steps: 1000 time(ps): 3
REMARK 1st cooling stage         :
REMARK      temp: 2000->0 steps: 1000 time(ps): 5 temp step: 25
REMARK 2nd cooling stage not used:
REMARK a total 150000 steps of minimization
REMARK VDW scale factors 20 20 0.01 0.003 0.003; 3E-03->4; 1
REMARK 2556 NOEs in 1 class(es) with scale factors of 10; 10; 10
REMARK      averaging function(s): cent,
REMARK 0 3-bond j-couplings in 0 class(es) with
REMARK      scale factor(s) of NA
REMARK 0 1-bond j-couplings in 0 class(es) with
REMARK      scale factor(s) of NA
REMARK 0 carbon chemical shifts in 0 class(es) with
REMARK      scale factor(s) of NA
REMARK 0 proton chemical shifts in 0 class(es) with
REMARK      scale factor(s) of NA
REMARK 0 diffusion anisotropy restraints in 0 class(es) with
REMARK      scale factor(s) of NA
REMARK 0 susceptability anisotropy restraints in 0 class(es) with
REMARK      scale factor(s) of NA
REMARK 0 dihedral restraints with scale factors of 5; 200; 400
REMARK 0 planarity restraints with a scale factor of NA
REMARK NCS restraints not used.
REMARK ===============================================================
REMARK               bond, angles, improp, vdw(<1.6),  dihed
REMARK violations :    31     196      40        13     105
REMARK RMSD       : 0.0291   5.045   3.072            24.360
REMARK ===============================================================
REMARK                noe,   cdih,   coup,   oneb, carb-a, carb-b,
REMARK violations :  2192       0       0       0       0   -----
REMARK RMSD       :  3.885   0.000   0.000   0.000   0.000   0.000
REMARK 0.2/2 viol.:  2406       0       0
REMARK ===============================================================
REMARK               dani,   sani
REMARK violations :     0       0
REMARK RMSD       :  0.000   0.000
REMARK .2/.1 viol.:     0       0
REMARK ===============================================================
REMARK Protons       violations, rmsd
REMARK all    :           0       0.000
REMARK class 1:           0       0.000
REMARK class 2:           0       0.000
REMARK class 3:           0       0.000
REMARK class 4:           0       0.000
REMARK ===============================================================
REMARK overall = 98452.7
REMARK bon     = 912.166
REMARK ang     = 2324.08
REMARK imp     = 268.76
REMARK vdw     = 4745.54
REMARK harm    = 0
REMARK noe     = 89693.3
REMARK coup    = 0
REMARK oneb    = 0
REMARK carb    = 0
REMARK prot    = 0
REMARK dani    = 0
REMARK sani    = 0
REMARK cdih    = 0
REMARK ncs     = 0
REMARK ===============================================================
REMARK DATE:05-Jul-2018  16:19:23       created by user: oeow39
REMARK VERSION:1.3
./chr18_1mb_matrix_14.pdbREMARK FILENAME="chr18_1mb_matrix_14.pdb"
REMARK The macromolecule has 76 residues
REMARK Trial structure 14 of 20 structures
REMARK Molecular dynamics scheme : cartesian; cartesian; minimize
REMARK High temperature dynamics :
REMARK      temp: 2000 steps: 1000 time(ps): 3
REMARK 1st cooling stage         :
REMARK      temp: 2000->0 steps: 1000 time(ps): 5 temp step: 25
REMARK 2nd cooling stage not used:
REMARK a total 150000 steps of minimization
REMARK VDW scale factors 20 20 0.01 0.003 0.003; 3E-03->4; 1
REMARK 2556 NOEs in 1 class(es) with scale factors of 10; 10; 10
REMARK      averaging function(s): cent,
REMARK 0 3-bond j-couplings in 0 class(es) with
REMARK      scale factor(s) of NA
REMARK 0 1-bond j-couplings in 0 class(es) with
REMARK      scale factor(s) of NA
REMARK 0 carbon chemical shifts in 0 class(es) with
REMARK      scale factor(s) of NA
REMARK 0 proton chemical shifts in 0 class(es) with
REMARK      scale factor(s) of NA
REMARK 0 diffusion anisotropy restraints in 0 class(es) with
REMARK      scale factor(s) of NA
REMARK 0 susceptability anisotropy restraints in 0 class(es) with
REMARK      scale factor(s) of NA
REMARK 0 dihedral restraints with scale factors of 5; 200; 400
REMARK 0 planarity restraints with a scale factor of NA
REMARK NCS restraints not used.
REMARK ===============================================================
REMARK               bond, angles, improp, vdw(<1.6),  dihed
REMARK violations :    34     192      29        10     106
REMARK RMSD       : 0.0286   5.022   2.984            24.072
REMARK ===============================================================
REMARK                noe,   cdih,   coup,   oneb, carb-a, carb-b,
REMARK violations :  2209       0       0       0       0   -----
REMARK RMSD       :  3.921   0.000   0.000   0.000   0.000   0.000
REMARK 0.2/2 viol.:  2397       0       0
REMARK ===============================================================
REMARK               dani,   sani
REMARK violations :     0       0
REMARK RMSD       :  0.000   0.000
REMARK .2/.1 viol.:     0       0
REMARK ===============================================================
REMARK Protons       violations, rmsd
REMARK all    :           0       0.000
REMARK class 1:           0       0.000
REMARK class 2:           0       0.000
REMARK class 3:           0       0.000
REMARK class 4:           0       0.000
REMARK ===============================================================
REMARK overall = 98050.5
REMARK bon     = 855.598
REMARK ang     = 2247.62
REMARK imp     = 237.731
REMARK vdw     = 4633.38
REMARK harm    = 0
REMARK noe     = 89562.3
REMARK coup    = 0
REMARK oneb    = 0
REMARK carb    = 0
REMARK prot    = 0
REMARK dani    = 0
REMARK sani    = 0
REMARK cdih    = 0
REMARK ncs     = 0
REMARK ===============================================================
REMARK DATE:05-Jul-2018  16:25:37       created by user: oeow39
REMARK VERSION:1.3
./chr18_1mb_matrix_1.pdbREMARK FILENAME="chr18_1mb_matrix_1.pdb"
REMARK The macromolecule has 76 residues
REMARK Trial structure 1 of 20 structures
REMARK Molecular dynamics scheme : cartesian; cartesian; minimize
REMARK High temperature dynamics :
REMARK      temp: 2000 steps: 1000 time(ps): 3
REMARK 1st cooling stage         :
REMARK      temp: 2000->0 steps: 1000 time(ps): 5 temp step: 25
REMARK 2nd cooling stage not used:
REMARK a total 150000 steps of minimization
REMARK VDW scale factors 20 20 0.01 0.003 0.003; 3E-03->4; 1
REMARK 2556 NOEs in 1 class(es) with scale factors of 10; 10; 10
REMARK      averaging function(s): cent,
REMARK 0 3-bond j-couplings in 0 class(es) with
REMARK      scale factor(s) of NA
REMARK 0 1-bond j-couplings in 0 class(es) with
REMARK      scale factor(s) of NA
REMARK 0 carbon chemical shifts in 0 class(es) with
REMARK      scale factor(s) of NA
REMARK 0 proton chemical shifts in 0 class(es) with
REMARK      scale factor(s) of NA
REMARK 0 diffusion anisotropy restraints in 0 class(es) with
REMARK      scale factor(s) of NA
REMARK 0 susceptability anisotropy restraints in 0 class(es) with
REMARK      scale factor(s) of NA
REMARK 0 dihedral restraints with scale factors of 5; 200; 400
REMARK 0 planarity restraints with a scale factor of NA
REMARK NCS restraints not used.
REMARK ===============================================================
REMARK               bond, angles, improp, vdw(<1.6),  dihed
REMARK violations :    33     201      38        16     100
REMARK RMSD       : 0.0296   5.135   3.087            24.304
REMARK ===============================================================
REMARK                noe,   cdih,   coup,   oneb, carb-a, carb-b,
REMARK violations :  2186       0       0       0       0   -----
REMARK RMSD       :  3.851   0.000   0.000   0.000   0.000   0.000
REMARK 0.2/2 viol.:  2395       0       0
REMARK ===============================================================
REMARK               dani,   sani
REMARK violations :     0       0
REMARK RMSD       :  0.000   0.000
REMARK .2/.1 viol.:     0       0
REMARK ===============================================================
REMARK Protons       violations, rmsd
REMARK all    :           0       0.000
REMARK class 1:           0       0.000
REMARK class 2:           0       0.000
REMARK class 3:           0       0.000
REMARK class 4:           0       0.000
REMARK ===============================================================
REMARK overall = 98105.7
REMARK bon     = 941.96
REMARK ang     = 2383.51
REMARK imp     = 271.732
REMARK vdw     = 4514.3
REMARK harm    = 0
REMARK noe     = 89526.7
REMARK coup    = 0
REMARK oneb    = 0
REMARK carb    = 0
REMARK prot    = 0
REMARK dani    = 0
REMARK sani    = 0
REMARK cdih    = 0
REMARK ncs     = 0
REMARK ===============================================================
REMARK DATE:05-Jul-2018  16:15:57       created by user: oeow39
REMARK VERSION:1.3
./chr18_1mb_matrix_11.pdbREMARK FILENAME="chr18_1mb_matrix_11.pdb"
REMARK The macromolecule has 76 residues
REMARK Trial structure 11 of 20 structures
REMARK Molecular dynamics scheme : cartesian; cartesian; minimize
REMARK High temperature dynamics :
REMARK      temp: 2000 steps: 1000 time(ps): 3
REMARK 1st cooling stage         :
REMARK      temp: 2000->0 steps: 1000 time(ps): 5 temp step: 25
REMARK 2nd cooling stage not used:
REMARK a total 150000 steps of minimization
REMARK VDW scale factors 20 20 0.01 0.003 0.003; 3E-03->4; 1
REMARK 2556 NOEs in 1 class(es) with scale factors of 10; 10; 10
REMARK      averaging function(s): cent,
REMARK 0 3-bond j-couplings in 0 class(es) with
REMARK      scale factor(s) of NA
REMARK 0 1-bond j-couplings in 0 class(es) with
REMARK      scale factor(s) of NA
REMARK 0 carbon chemical shifts in 0 class(es) with
REMARK      scale factor(s) of NA
REMARK 0 proton chemical shifts in 0 class(es) with
REMARK      scale factor(s) of NA
REMARK 0 diffusion anisotropy restraints in 0 class(es) with
REMARK      scale factor(s) of NA
REMARK 0 susceptability anisotropy restraints in 0 class(es) with
REMARK      scale factor(s) of NA
REMARK 0 dihedral restraints with scale factors of 5; 200; 400
REMARK 0 planarity restraints with a scale factor of NA
REMARK NCS restraints not used.
REMARK ===============================================================
REMARK               bond, angles, improp, vdw(<1.6),  dihed
REMARK violations :    37     180      34        16     119
REMARK RMSD       : 0.0285   5.058   3.403            25.303
REMARK ===============================================================
REMARK                noe,   cdih,   coup,   oneb, carb-a, carb-b,
REMARK violations :  2219       0       0       0       0   -----
REMARK RMSD       :  3.920   0.000   0.000   0.000   0.000   0.000
REMARK 0.2/2 viol.:  2423       0       0
REMARK ===============================================================
REMARK               dani,   sani
REMARK violations :     0       0
REMARK RMSD       :  0.000   0.000
REMARK .2/.1 viol.:     0       0
REMARK ===============================================================
REMARK Protons       violations, rmsd
REMARK all    :           0       0.000
REMARK class 1:           0       0.000
REMARK class 2:           0       0.000
REMARK class 3:           0       0.000
REMARK class 4:           0       0.000
REMARK ===============================================================
REMARK overall = 98269.9
REMARK bon     = 867.069
REMARK ang     = 2304.65
REMARK imp     = 334.732
REMARK vdw     = 4714.92
REMARK harm    = 0
REMARK noe     = 89484.2
REMARK coup    = 0
REMARK oneb    = 0
REMARK carb    = 0
REMARK prot    = 0
REMARK dani    = 0
REMARK sani    = 0
REMARK cdih    = 0
REMARK ncs     = 0
REMARK ===============================================================
REMARK DATE:05-Jul-2018  16:23:50       created by user: oeow39
REMARK VERSION:1.3
./chr18_1mb_matrix_13.pdbREMARK FILENAME="chr18_1mb_matrix_13.pdb"
REMARK The macromolecule has 76 residues
REMARK Trial structure 13 of 20 structures
REMARK Molecular dynamics scheme : cartesian; cartesian; minimize
REMARK High temperature dynamics :
REMARK      temp: 2000 steps: 1000 time(ps): 3
REMARK 1st cooling stage         :
REMARK      temp: 2000->0 steps: 1000 time(ps): 5 temp step: 25
REMARK 2nd cooling stage not used:
REMARK a total 150000 steps of minimization
REMARK VDW scale factors 20 20 0.01 0.003 0.003; 3E-03->4; 1
REMARK 2556 NOEs in 1 class(es) with scale factors of 10; 10; 10
REMARK      averaging function(s): cent,
REMARK 0 3-bond j-couplings in 0 class(es) with
REMARK      scale factor(s) of NA
REMARK 0 1-bond j-couplings in 0 class(es) with
REMARK      scale factor(s) of NA
REMARK 0 carbon chemical shifts in 0 class(es) with
REMARK      scale factor(s) of NA
REMARK 0 proton chemical shifts in 0 class(es) with
REMARK      scale factor(s) of NA
REMARK 0 diffusion anisotropy restraints in 0 class(es) with
REMARK      scale factor(s) of NA
REMARK 0 susceptability anisotropy restraints in 0 class(es) with
REMARK      scale factor(s) of NA
REMARK 0 dihedral restraints with scale factors of 5; 200; 400
REMARK 0 planarity restraints with a scale factor of NA
REMARK NCS restraints not used.
REMARK ===============================================================
REMARK               bond, angles, improp, vdw(<1.6),  dihed
REMARK violations :    38     205      33        16     111
REMARK RMSD       : 0.0290   5.072   2.857            24.599
REMARK ===============================================================
REMARK                noe,   cdih,   coup,   oneb, carb-a, carb-b,
REMARK violations :  2205       0       0       0       0   -----
REMARK RMSD       :  3.882   0.000   0.000   0.000   0.000   0.000
REMARK 0.2/2 viol.:  2416       0       0
REMARK ===============================================================
REMARK               dani,   sani
REMARK violations :     0       0
REMARK RMSD       :  0.000   0.000
REMARK .2/.1 viol.:     0       0
REMARK ===============================================================
REMARK Protons       violations, rmsd
REMARK all    :           0       0.000
REMARK class 1:           0       0.000
REMARK class 2:           0       0.000
REMARK class 3:           0       0.000
REMARK class 4:           0       0.000
REMARK ===============================================================
REMARK overall = 98162.7
REMARK bon     = 897.178
REMARK ang     = 2288.2
REMARK imp     = 212.154
REMARK vdw     = 4735.32
REMARK harm    = 0
REMARK noe     = 89476.8
REMARK coup    = 0
REMARK oneb    = 0
REMARK carb    = 0
REMARK prot    = 0
REMARK dani    = 0
REMARK sani    = 0
REMARK cdih    = 0
REMARK ncs     = 0
REMARK ===============================================================
REMARK DATE:05-Jul-2018  16:25:04       created by user: oeow39
REMARK VERSION:1.3
./chr18_1mb_matrix_6.pdbREMARK FILENAME="chr18_1mb_matrix_6.pdb"
REMARK The macromolecule has 76 residues
REMARK Trial structure 6 of 20 structures
REMARK Molecular dynamics scheme : cartesian; cartesian; minimize
REMARK High temperature dynamics :
REMARK      temp: 2000 steps: 1000 time(ps): 3
REMARK 1st cooling stage         :
REMARK      temp: 2000->0 steps: 1000 time(ps): 5 temp step: 25
REMARK 2nd cooling stage not used:
REMARK a total 150000 steps of minimization
REMARK VDW scale factors 20 20 0.01 0.003 0.003; 3E-03->4; 1
REMARK 2556 NOEs in 1 class(es) with scale factors of 10; 10; 10
REMARK      averaging function(s): cent,
REMARK 0 3-bond j-couplings in 0 class(es) with
REMARK      scale factor(s) of NA
REMARK 0 1-bond j-couplings in 0 class(es) with
REMARK      scale factor(s) of NA
REMARK 0 carbon chemical shifts in 0 class(es) with
REMARK      scale factor(s) of NA
REMARK 0 proton chemical shifts in 0 class(es) with
REMARK      scale factor(s) of NA
REMARK 0 diffusion anisotropy restraints in 0 class(es) with
REMARK      scale factor(s) of NA
REMARK 0 susceptability anisotropy restraints in 0 class(es) with
REMARK      scale factor(s) of NA
REMARK 0 dihedral restraints with scale factors of 5; 200; 400
REMARK 0 planarity restraints with a scale factor of NA
REMARK NCS restraints not used.
REMARK ===============================================================
REMARK               bond, angles, improp, vdw(<1.6),  dihed
REMARK violations :    41     181      27        18     118
REMARK RMSD       : 0.0301   4.886   2.750            25.584
REMARK ===============================================================
REMARK                noe,   cdih,   coup,   oneb, carb-a, carb-b,
REMARK violations :  2222       0       0       0       0   -----
REMARK RMSD       :  3.835   0.000   0.000   0.000   0.000   0.000
REMARK 0.2/2 viol.:  2426       0       0
REMARK ===============================================================
REMARK               dani,   sani
REMARK violations :     0       0
REMARK RMSD       :  0.000   0.000
REMARK .2/.1 viol.:     0       0
REMARK ===============================================================
REMARK Protons       violations, rmsd
REMARK all    :           0       0.000
REMARK class 1:           0       0.000
REMARK class 2:           0       0.000
REMARK class 3:           0       0.000
REMARK class 4:           0       0.000
REMARK ===============================================================
REMARK overall = 97573.4
REMARK bon     = 968.178
REMARK ang     = 2118.53
REMARK imp     = 205.231
REMARK vdw     = 4266.35
REMARK harm    = 0
REMARK noe     = 89472.5
REMARK coup    = 0
REMARK oneb    = 0
REMARK carb    = 0
REMARK prot    = 0
REMARK dani    = 0
REMARK sani    = 0
REMARK cdih    = 0
REMARK ncs     = 0
REMARK ===============================================================
REMARK DATE:05-Jul-2018  16:20:15       created by user: oeow39
REMARK VERSION:1.3
./chr18_1mb_matrix_4.pdbREMARK FILENAME="chr18_1mb_matrix_4.pdb"
REMARK The macromolecule has 76 residues
REMARK Trial structure 4 of 20 structures
REMARK Molecular dynamics scheme : cartesian; cartesian; minimize
REMARK High temperature dynamics :
REMARK      temp: 2000 steps: 1000 time(ps): 3
REMARK 1st cooling stage         :
REMARK      temp: 2000->0 steps: 1000 time(ps): 5 temp step: 25
REMARK 2nd cooling stage not used:
REMARK a total 150000 steps of minimization
REMARK VDW scale factors 20 20 0.01 0.003 0.003; 3E-03->4; 1
REMARK 2556 NOEs in 1 class(es) with scale factors of 10; 10; 10
REMARK      averaging function(s): cent,
REMARK 0 3-bond j-couplings in 0 class(es) with
REMARK      scale factor(s) of NA
REMARK 0 1-bond j-couplings in 0 class(es) with
REMARK      scale factor(s) of NA
REMARK 0 carbon chemical shifts in 0 class(es) with
REMARK      scale factor(s) of NA
REMARK 0 proton chemical shifts in 0 class(es) with
REMARK      scale factor(s) of NA
REMARK 0 diffusion anisotropy restraints in 0 class(es) with
REMARK      scale factor(s) of NA
REMARK 0 susceptability anisotropy restraints in 0 class(es) with
REMARK      scale factor(s) of NA
REMARK 0 dihedral restraints with scale factors of 5; 200; 400
REMARK 0 planarity restraints with a scale factor of NA
REMARK NCS restraints not used.
REMARK ===============================================================
REMARK               bond, angles, improp, vdw(<1.6),  dihed
REMARK violations :    36     221      38        18     111
REMARK RMSD       : 0.0288   5.153   3.038            24.991
REMARK ===============================================================
REMARK                noe,   cdih,   coup,   oneb, carb-a, carb-b,
REMARK violations :  2202       0       0       0       0   -----
REMARK RMSD       :  3.934   0.000   0.000   0.000   0.000   0.000
REMARK 0.2/2 viol.:  2423       0       0
REMARK ===============================================================
REMARK               dani,   sani
REMARK violations :     0       0
REMARK RMSD       :  0.000   0.000
REMARK .2/.1 viol.:     0       0
REMARK ===============================================================
REMARK Protons       violations, rmsd
REMARK all    :           0       0.000
REMARK class 1:           0       0.000
REMARK class 2:           0       0.000
REMARK class 3:           0       0.000
REMARK class 4:           0       0.000
REMARK ===============================================================
REMARK overall = 98377.7
REMARK bon     = 886.898
REMARK ang     = 2387.05
REMARK imp     = 256.48
REMARK vdw     = 4838.73
REMARK harm    = 0
REMARK noe     = 89432.3
REMARK coup    = 0
REMARK oneb    = 0
REMARK carb    = 0
REMARK prot    = 0
REMARK dani    = 0
REMARK sani    = 0
REMARK cdih    = 0
REMARK ncs     = 0
REMARK ===============================================================
REMARK DATE:05-Jul-2018  16:18:29       created by user: oeow39
REMARK VERSION:1.3
./chr18_1mb_matrix_8.pdbREMARK FILENAME="chr18_1mb_matrix_8.pdb"
REMARK The macromolecule has 76 residues
REMARK Trial structure 8 of 20 structures
REMARK Molecular dynamics scheme : cartesian; cartesian; minimize
REMARK High temperature dynamics :
REMARK      temp: 2000 steps: 1000 time(ps): 3
REMARK 1st cooling stage         :
REMARK      temp: 2000->0 steps: 1000 time(ps): 5 temp step: 25
REMARK 2nd cooling stage not used:
REMARK a total 150000 steps of minimization
REMARK VDW scale factors 20 20 0.01 0.003 0.003; 3E-03->4; 1
REMARK 2556 NOEs in 1 class(es) with scale factors of 10; 10; 10
REMARK      averaging function(s): cent,
REMARK 0 3-bond j-couplings in 0 class(es) with
REMARK      scale factor(s) of NA
REMARK 0 1-bond j-couplings in 0 class(es) with
REMARK      scale factor(s) of NA
REMARK 0 carbon chemical shifts in 0 class(es) with
REMARK      scale factor(s) of NA
REMARK 0 proton chemical shifts in 0 class(es) with
REMARK      scale factor(s) of NA
REMARK 0 diffusion anisotropy restraints in 0 class(es) with
REMARK      scale factor(s) of NA
REMARK 0 susceptability anisotropy restraints in 0 class(es) with
REMARK      scale factor(s) of NA
REMARK 0 dihedral restraints with scale factors of 5; 200; 400
REMARK 0 planarity restraints with a scale factor of NA
REMARK NCS restraints not used.
REMARK ===============================================================
REMARK               bond, angles, improp, vdw(<1.6),  dihed
REMARK violations :    38     196      33        16     120
REMARK RMSD       : 0.0291   5.001   2.778            25.486
REMARK ===============================================================
REMARK                noe,   cdih,   coup,   oneb, carb-a, carb-b,
REMARK violations :  2198       0       0       0       0   -----
REMARK RMSD       :  3.918   0.000   0.000   0.000   0.000   0.000
REMARK 0.2/2 viol.:  2419       0       0
REMARK ===============================================================
REMARK               dani,   sani
REMARK violations :     0       0
REMARK RMSD       :  0.000   0.000
REMARK .2/.1 viol.:     0       0
REMARK ===============================================================
REMARK Protons       violations, rmsd
REMARK all    :           0       0.000
REMARK class 1:           0       0.000
REMARK class 2:           0       0.000
REMARK class 3:           0       0.000
REMARK class 4:           0       0.000
REMARK ===============================================================
REMARK overall = 98147.1
REMARK bon     = 917.549
REMARK ang     = 2275.43
REMARK imp     = 223.62
REMARK vdw     = 4804.5
REMARK harm    = 0
REMARK noe     = 89389.1
REMARK coup    = 0
REMARK oneb    = 0
REMARK carb    = 0
REMARK prot    = 0
REMARK dani    = 0
REMARK sani    = 0
REMARK cdih    = 0
REMARK ncs     = 0
REMARK ===============================================================
REMARK DATE:05-Jul-2018  16:21:42       created by user: oeow39
REMARK VERSION:1.3
./chr18_1mb_matrix_9.pdbREMARK FILENAME="chr18_1mb_matrix_9.pdb"
REMARK The macromolecule has 76 residues
REMARK Trial structure 9 of 20 structures
REMARK Molecular dynamics scheme : cartesian; cartesian; minimize
REMARK High temperature dynamics :
REMARK      temp: 2000 steps: 1000 time(ps): 3
REMARK 1st cooling stage         :
REMARK      temp: 2000->0 steps: 1000 time(ps): 5 temp step: 25
REMARK 2nd cooling stage not used:
REMARK a total 150000 steps of minimization
REMARK VDW scale factors 20 20 0.01 0.003 0.003; 3E-03->4; 1
REMARK 2556 NOEs in 1 class(es) with scale factors of 10; 10; 10
REMARK      averaging function(s): cent,
REMARK 0 3-bond j-couplings in 0 class(es) with
REMARK      scale factor(s) of NA
REMARK 0 1-bond j-couplings in 0 class(es) with
REMARK      scale factor(s) of NA
REMARK 0 carbon chemical shifts in 0 class(es) with
REMARK      scale factor(s) of NA
REMARK 0 proton chemical shifts in 0 class(es) with
REMARK      scale factor(s) of NA
REMARK 0 diffusion anisotropy restraints in 0 class(es) with
REMARK      scale factor(s) of NA
REMARK 0 susceptability anisotropy restraints in 0 class(es) with
REMARK      scale factor(s) of NA
REMARK 0 dihedral restraints with scale factors of 5; 200; 400
REMARK 0 planarity restraints with a scale factor of NA
REMARK NCS restraints not used.
REMARK ===============================================================
REMARK               bond, angles, improp, vdw(<1.6),  dihed
REMARK violations :    41     203      40        10      98
REMARK RMSD       : 0.0303   5.141   2.920            23.848
REMARK ===============================================================
REMARK                noe,   cdih,   coup,   oneb, carb-a, carb-b,
REMARK violations :  2191       0       0       0       0   -----
REMARK RMSD       :  3.841   0.000   0.000   0.000   0.000   0.000
REMARK 0.2/2 viol.:  2428       0       0
REMARK ===============================================================
REMARK               dani,   sani
REMARK violations :     0       0
REMARK RMSD       :  0.000   0.000
REMARK .2/.1 viol.:     0       0
REMARK ===============================================================
REMARK Protons       violations, rmsd
REMARK all    :           0       0.000
REMARK class 1:           0       0.000
REMARK class 2:           0       0.000
REMARK class 3:           0       0.000
REMARK class 4:           0       0.000
REMARK ===============================================================
REMARK overall = 98215.5
REMARK bon     = 972.424
REMARK ang     = 2412.39
REMARK imp     = 225.62
REMARK vdw     = 4731.53
REMARK harm    = 0
REMARK noe     = 89388.8
REMARK coup    = 0
REMARK oneb    = 0
REMARK carb    = 0
REMARK prot    = 0
REMARK dani    = 0
REMARK sani    = 0
REMARK cdih    = 0
REMARK ncs     = 0
REMARK ===============================================================
REMARK DATE:05-Jul-2018  16:22:17       created by user: oeow39
REMARK VERSION:1.3
./chr18_1mb_matrix_19.pdbREMARK FILENAME="chr18_1mb_matrix_19.pdb"
REMARK The macromolecule has 76 residues
REMARK Trial structure 19 of 20 structures
REMARK Molecular dynamics scheme : cartesian; cartesian; minimize
REMARK High temperature dynamics :
REMARK      temp: 2000 steps: 1000 time(ps): 3
REMARK 1st cooling stage         :
REMARK      temp: 2000->0 steps: 1000 time(ps): 5 temp step: 25
REMARK 2nd cooling stage not used:
REMARK a total 150000 steps of minimization
REMARK VDW scale factors 20 20 0.01 0.003 0.003; 3E-03->4; 1
REMARK 2556 NOEs in 1 class(es) with scale factors of 10; 10; 10
REMARK      averaging function(s): cent,
REMARK 0 3-bond j-couplings in 0 class(es) with
REMARK      scale factor(s) of NA
REMARK 0 1-bond j-couplings in 0 class(es) with
REMARK      scale factor(s) of NA
REMARK 0 carbon chemical shifts in 0 class(es) with
REMARK      scale factor(s) of NA
REMARK 0 proton chemical shifts in 0 class(es) with
REMARK      scale factor(s) of NA
REMARK 0 diffusion anisotropy restraints in 0 class(es) with
REMARK      scale factor(s) of NA
REMARK 0 susceptability anisotropy restraints in 0 class(es) with
REMARK      scale factor(s) of NA
REMARK 0 dihedral restraints with scale factors of 5; 200; 400
REMARK 0 planarity restraints with a scale factor of NA
REMARK NCS restraints not used.
REMARK ===============================================================
REMARK               bond, angles, improp, vdw(<1.6),  dihed
REMARK violations :    40     204      34        20     109
REMARK RMSD       : 0.0306   5.097   2.761            24.439
REMARK ===============================================================
REMARK                noe,   cdih,   coup,   oneb, carb-a, carb-b,
REMARK violations :  2208       0       0       0       0   -----
REMARK RMSD       :  3.881   0.000   0.000   0.000   0.000   0.000
REMARK 0.2/2 viol.:  2409       0       0
REMARK ===============================================================
REMARK               dani,   sani
REMARK violations :     0       0
REMARK RMSD       :  0.000   0.000
REMARK .2/.1 viol.:     0       0
REMARK ===============================================================
REMARK Protons       violations, rmsd
REMARK all    :           0       0.000
REMARK class 1:           0       0.000
REMARK class 2:           0       0.000
REMARK class 3:           0       0.000
REMARK class 4:           0       0.000
REMARK ===============================================================
REMARK overall = 98278.5
REMARK bon     = 977.743
REMARK ang     = 2373.56
REMARK imp     = 213.891
REMARK vdw     = 4857.24
REMARK harm    = 0
REMARK noe     = 89324.4
REMARK coup    = 0
REMARK oneb    = 0
REMARK carb    = 0
REMARK prot    = 0
REMARK dani    = 0
REMARK sani    = 0
REMARK cdih    = 0
REMARK ncs     = 0
REMARK ===============================================================
REMARK DATE:05-Jul-2018  16:26:58       created by user: oeow39
REMARK VERSION:1.3
./chr18_1mb_matrix_7.pdbREMARK FILENAME="chr18_1mb_matrix_7.pdb"
REMARK The macromolecule has 76 residues
REMARK Trial structure 7 of 20 structures
REMARK Molecular dynamics scheme : cartesian; cartesian; minimize
REMARK High temperature dynamics :
REMARK      temp: 2000 steps: 1000 time(ps): 3
REMARK 1st cooling stage         :
REMARK      temp: 2000->0 steps: 1000 time(ps): 5 temp step: 25
REMARK 2nd cooling stage not used:
REMARK a total 150000 steps of minimization
REMARK VDW scale factors 20 20 0.01 0.003 0.003; 3E-03->4; 1
REMARK 2556 NOEs in 1 class(es) with scale factors of 10; 10; 10
REMARK      averaging function(s): cent,
REMARK 0 3-bond j-couplings in 0 class(es) with
REMARK      scale factor(s) of NA
REMARK 0 1-bond j-couplings in 0 class(es) with
REMARK      scale factor(s) of NA
REMARK 0 carbon chemical shifts in 0 class(es) with
REMARK      scale factor(s) of NA
REMARK 0 proton chemical shifts in 0 class(es) with
REMARK      scale factor(s) of NA
REMARK 0 diffusion anisotropy restraints in 0 class(es) with
REMARK      scale factor(s) of NA
REMARK 0 susceptability anisotropy restraints in 0 class(es) with
REMARK      scale factor(s) of NA
REMARK 0 dihedral restraints with scale factors of 5; 200; 400
REMARK 0 planarity restraints with a scale factor of NA
REMARK NCS restraints not used.
REMARK ===============================================================
REMARK               bond, angles, improp, vdw(<1.6),  dihed
REMARK violations :    41     200      30        12     104
REMARK RMSD       : 0.0302   5.054   2.887            24.563
REMARK ===============================================================
REMARK                noe,   cdih,   coup,   oneb, carb-a, carb-b,
REMARK violations :  2202       0       0       0       0   -----
REMARK RMSD       :  3.856   0.000   0.000   0.000   0.000   0.000
REMARK 0.2/2 viol.:  2426       0       0
REMARK ===============================================================
REMARK               dani,   sani
REMARK violations :     0       0
REMARK RMSD       :  0.000   0.000
REMARK .2/.1 viol.:     0       0
REMARK ===============================================================
REMARK Protons       violations, rmsd
REMARK all    :           0       0.000
REMARK class 1:           0       0.000
REMARK class 2:           0       0.000
REMARK class 3:           0       0.000
REMARK class 4:           0       0.000
REMARK ===============================================================
REMARK overall = 98287.1
REMARK bon     = 966.061
REMARK ang     = 2337.48
REMARK imp     = 221.642
REMARK vdw     = 4927.56
REMARK harm    = 0
REMARK noe     = 89277.6
REMARK coup    = 0
REMARK oneb    = 0
REMARK carb    = 0
REMARK prot    = 0
REMARK dani    = 0
REMARK sani    = 0
REMARK cdih    = 0
REMARK ncs     = 0
REMARK ===============================================================
REMARK DATE:05-Jul-2018  16:20:57       created by user: oeow39
REMARK VERSION:1.3
./chr18_1mb_matrix_12.pdbREMARK FILENAME="chr18_1mb_matrix_12.pdb"
REMARK The macromolecule has 76 residues
REMARK Trial structure 12 of 20 structures
REMARK Molecular dynamics scheme : cartesian; cartesian; minimize
REMARK High temperature dynamics :
REMARK      temp: 2000 steps: 1000 time(ps): 3
REMARK 1st cooling stage         :
REMARK      temp: 2000->0 steps: 1000 time(ps): 5 temp step: 25
REMARK 2nd cooling stage not used:
REMARK a total 150000 steps of minimization
REMARK VDW scale factors 20 20 0.01 0.003 0.003; 3E-03->4; 1
REMARK 2556 NOEs in 1 class(es) with scale factors of 10; 10; 10
REMARK      averaging function(s): cent,
REMARK 0 3-bond j-couplings in 0 class(es) with
REMARK      scale factor(s) of NA
REMARK 0 1-bond j-couplings in 0 class(es) with
REMARK      scale factor(s) of NA
REMARK 0 carbon chemical shifts in 0 class(es) with
REMARK      scale factor(s) of NA
REMARK 0 proton chemical shifts in 0 class(es) with
REMARK      scale factor(s) of NA
REMARK 0 diffusion anisotropy restraints in 0 class(es) with
REMARK      scale factor(s) of NA
REMARK 0 susceptability anisotropy restraints in 0 class(es) with
REMARK      scale factor(s) of NA
REMARK 0 dihedral restraints with scale factors of 5; 200; 400
REMARK 0 planarity restraints with a scale factor of NA
REMARK NCS restraints not used.
REMARK ===============================================================
REMARK               bond, angles, improp, vdw(<1.6),  dihed
REMARK violations :    39     205      33        12     106
REMARK RMSD       : 0.0303   4.958   2.979            24.356
REMARK ===============================================================
REMARK                noe,   cdih,   coup,   oneb, carb-a, carb-b,
REMARK violations :  2194       0       0       0       0   -----
REMARK RMSD       :  3.825   0.000   0.000   0.000   0.000   0.000
REMARK 0.2/2 viol.:  2415       0       0
REMARK ===============================================================
REMARK               dani,   sani
REMARK violations :     0       0
REMARK RMSD       :  0.000   0.000
REMARK .2/.1 viol.:     0       0
REMARK ===============================================================
REMARK Protons       violations, rmsd
REMARK all    :           0       0.000
REMARK class 1:           0       0.000
REMARK class 2:           0       0.000
REMARK class 3:           0       0.000
REMARK class 4:           0       0.000
REMARK ===============================================================
REMARK overall = 97267.2
REMARK bon     = 989.417
REMARK ang     = 2214.61
REMARK imp     = 250.87
REMARK vdw     = 4610.7
REMARK harm    = 0
REMARK noe     = 88702.3
REMARK coup    = 0
REMARK oneb    = 0
REMARK carb    = 0
REMARK prot    = 0
REMARK dani    = 0
REMARK sani    = 0
REMARK cdih    = 0
REMARK ncs     = 0
REMARK ===============================================================
REMARK DATE:05-Jul-2018  16:24:26       created by user: oeow39
REMARK VERSION:1.3
./chr18_1mb_matrix_2.pdbREMARK FILENAME="chr18_1mb_matrix_2.pdb"
REMARK The macromolecule has 76 residues
REMARK Trial structure 2 of 20 structures
REMARK Molecular dynamics scheme : cartesian; cartesian; minimize
REMARK High temperature dynamics :
REMARK      temp: 2000 steps: 1000 time(ps): 3
REMARK 1st cooling stage         :
REMARK      temp: 2000->0 steps: 1000 time(ps): 5 temp step: 25
REMARK 2nd cooling stage not used:
REMARK a total 150000 steps of minimization
REMARK VDW scale factors 20 20 0.01 0.003 0.003; 3E-03->4; 1
REMARK 2556 NOEs in 1 class(es) with scale factors of 10; 10; 10
REMARK      averaging function(s): cent,
REMARK 0 3-bond j-couplings in 0 class(es) with
REMARK      scale factor(s) of NA
REMARK 0 1-bond j-couplings in 0 class(es) with
REMARK      scale factor(s) of NA
REMARK 0 carbon chemical shifts in 0 class(es) with
REMARK      scale factor(s) of NA
REMARK 0 proton chemical shifts in 0 class(es) with
REMARK      scale factor(s) of NA
REMARK 0 diffusion anisotropy restraints in 0 class(es) with
REMARK      scale factor(s) of NA
REMARK 0 susceptability anisotropy restraints in 0 class(es) with
REMARK      scale factor(s) of NA
REMARK 0 dihedral restraints with scale factors of 5; 200; 400
REMARK 0 planarity restraints with a scale factor of NA
REMARK NCS restraints not used.
REMARK ===============================================================
REMARK               bond, angles, improp, vdw(<1.6),  dihed
REMARK violations :    37     199      36        13      96
REMARK RMSD       : 0.0305   4.927   3.106            24.043
REMARK ===============================================================
REMARK                noe,   cdih,   coup,   oneb, carb-a, carb-b,
REMARK violations :  2181       0       0       0       0   -----
REMARK RMSD       :  3.821   0.000   0.000   0.000   0.000   0.000
REMARK 0.2/2 viol.:  2399       0       0
REMARK ===============================================================
REMARK               dani,   sani
REMARK violations :     0       0
REMARK RMSD       :  0.000   0.000
REMARK .2/.1 viol.:     0       0
REMARK ===============================================================
REMARK Protons       violations, rmsd
REMARK all    :           0       0.000
REMARK class 1:           0       0.000
REMARK class 2:           0       0.000
REMARK class 3:           0       0.000
REMARK class 4:           0       0.000
REMARK ===============================================================
REMARK overall = 97008.3
REMARK bon     = 993.875
REMARK ang     = 2209.05
REMARK imp     = 235.945
REMARK vdw     = 4779.04
REMARK harm    = 0
REMARK noe     = 88249.7
REMARK coup    = 0
REMARK oneb    = 0
REMARK carb    = 0
REMARK prot    = 0
REMARK dani    = 0
REMARK sani    = 0
REMARK cdih    = 0
REMARK ncs     = 0
REMARK ===============================================================
REMARK DATE:05-Jul-2018  16:16:48       created by user: oeow39
REMARK VERSION:1.3
