Start Time : Thu Jul  5 16:13:33 2018 [./chromosome3D.pl]
Input      : input/chr19_1mb_matrix.txt
Output Dir : output/chr19_1mb
Scaling(K) : 11
Alpha      : 0.5
Effective Conversion Equation is : D = 11/[(IF^0.5)*(avg of IF^0.5)]
L          : 57
Restraints : 1378 lines in tbl file

(A) Build extended mtf and pdb..
(B) Build models using CNS dgsa..
Starting job [./job.sh > job.log]
(C) Assess models..

NOE_SATISFIED(±0.5A)  SUM_OF_DEVIATIONS>= 0.2  PDB
101/1378              7268.89                  chr19_1mb_matrix_5       
91/1378               7275.14                  chr19_1mb_matrix_9       
109/1378              7234.10                  chr19_1mb_matrix_10      
97/1378               7260.47                  chr19_1mb_matrix_6       
93/1378               7247.43                  chr19_1mb_matrix_19      
95/1378               7260.02                  chr19_1mb_matrix_18      
103/1378              7041.81                  chr19_1mb_matrix_7       
120/1378              7019.32                  chr19_1mb_matrix_16      
117/1378              7009.63                  chr19_1mb_matrix_3       
127/1378              7009.13                  chr19_1mb_matrix_13      
102/1378              6996.87                  chr19_1mb_matrix_14      
111/1378              7024.27                  chr19_1mb_matrix_12      
101/1378              6990.92                  chr19_1mb_matrix_20      
114/1378              6990.26                  chr19_1mb_matrix_11      
121/1378              6986.08                  chr19_1mb_matrix_4       
120/1378              7001.47                  chr19_1mb_matrix_17      
120/1378              6986.72                  chr19_1mb_matrix_15      
112/1378              6972.98                  chr19_1mb_matrix_8       
117/1378              7016.42                  chr19_1mb_matrix_1       
116/1378              6975.85                  chr19_1mb_matrix_2       

removing non-CA ATOM rows and backing up REMARK rows..

model1.pdb <= ./chr19_1mb_matrix_2.pdb
model2.pdb <= ./chr19_1mb_matrix_1.pdb
model3.pdb <= ./chr19_1mb_matrix_8.pdb
model4.pdb <= ./chr19_1mb_matrix_15.pdb
model5.pdb <= ./chr19_1mb_matrix_17.pdb

Finished [./chromosome3D.pl]: Thu Jul  5 16:27:09 2018
