Start Time : Thu Jul  5 16:13:33 2018 [./chromosome3D.pl]
Input      : input/chr18_1mb_matrix.txt
Output Dir : output/chr18_1mb
Scaling(K) : 11
Alpha      : 0.5
Effective Conversion Equation is : D = 11/[(IF^0.5)*(avg of IF^0.5)]
L          : 76
Restraints : 2556 lines in tbl file

(A) Build extended mtf and pdb..
(B) Build models using CNS dgsa..
Starting job [./job.sh > job.log]
(C) Assess models..

NOE_SATISFIED(±0.5A)  SUM_OF_DEVIATIONS>= 0.2  PDB
361/2556              7489.17                  chr18_1mb_matrix_16      
344/2556              7465.09                  chr18_1mb_matrix_15      
354/2556              7466.23                  chr18_1mb_matrix_17      
353/2556              7373.70                  chr18_1mb_matrix_3       
359/2556              7401.85                  chr18_1mb_matrix_18      
350/2556              7411.63                  chr18_1mb_matrix_10      
360/2556              7387.62                  chr18_1mb_matrix_20      
364/2556              7446.21                  chr18_1mb_matrix_5       
347/2556              7498.34                  chr18_1mb_matrix_14      
369/2556              7389.62                  chr18_1mb_matrix_1       
338/2556              7474.23                  chr18_1mb_matrix_11      
351/2556              7459.49                  chr18_1mb_matrix_13      
334/2556              7345.40                  chr18_1mb_matrix_6       
354/2556              7480.86                  chr18_1mb_matrix_4       
357/2556              7468.86                  chr18_1mb_matrix_8       
365/2556              7372.95                  chr18_1mb_matrix_9       
348/2556              7401.17                  chr18_1mb_matrix_19      
354/2556              7381.81                  chr18_1mb_matrix_7       
361/2556              7323.70                  chr18_1mb_matrix_12      
375/2556              7293.41                  chr18_1mb_matrix_2       

removing non-CA ATOM rows and backing up REMARK rows..

model1.pdb <= ./chr18_1mb_matrix_2.pdb
model2.pdb <= ./chr18_1mb_matrix_12.pdb
model3.pdb <= ./chr18_1mb_matrix_7.pdb
model4.pdb <= ./chr18_1mb_matrix_19.pdb
model5.pdb <= ./chr18_1mb_matrix_9.pdb

Finished [./chromosome3D.pl]: Thu Jul  5 16:29:06 2018
