Start Time : Thu Jul  5 16:13:33 2018 [./chromosome3D.pl]
Input      : input/chr21_1mb_matrix.txt
Output Dir : output/chr21_1mb
Scaling(K) : 11
Alpha      : 0.5
Effective Conversion Equation is : D = 11/[(IF^0.5)*(avg of IF^0.5)]
L          : 37
Restraints : 528 lines in tbl file

(A) Build extended mtf and pdb..
(B) Build models using CNS dgsa..
Starting job [./job.sh > job.log]
(C) Assess models..

NOE_SATISFIED(±0.5A)  SUM_OF_DEVIATIONS>= 0.2  PDB
65/528                3012.18                  chr21_1mb_matrix_14      
62/528                2994.16                  chr21_1mb_matrix_4       
67/528                3011.88                  chr21_1mb_matrix_17      
71/528                2995.83                  chr21_1mb_matrix_9       
62/528                2967.10                  chr21_1mb_matrix_1       
67/528                2985.78                  chr21_1mb_matrix_20      
68/528                2965.46                  chr21_1mb_matrix_11      
63/528                2971.10                  chr21_1mb_matrix_15      
66/528                2980.09                  chr21_1mb_matrix_6       
68/528                2962.99                  chr21_1mb_matrix_7       
64/528                2968.32                  chr21_1mb_matrix_8       
63/528                2969.20                  chr21_1mb_matrix_18      
64/528                2966.93                  chr21_1mb_matrix_5       
68/528                2964.27                  chr21_1mb_matrix_12      
63/528                2961.71                  chr21_1mb_matrix_16      
64/528                2960.50                  chr21_1mb_matrix_10      
71/528                2957.03                  chr21_1mb_matrix_2       
67/528                2964.66                  chr21_1mb_matrix_13      
70/528                2956.50                  chr21_1mb_matrix_19      
71/528                2956.67                  chr21_1mb_matrix_3       

removing non-CA ATOM rows and backing up REMARK rows..

model1.pdb <= ./chr21_1mb_matrix_3.pdb
model2.pdb <= ./chr21_1mb_matrix_19.pdb
model3.pdb <= ./chr21_1mb_matrix_13.pdb
model4.pdb <= ./chr21_1mb_matrix_2.pdb
model5.pdb <= ./chr21_1mb_matrix_10.pdb

Finished [./chromosome3D.pl]: Thu Jul  5 16:20:21 2018
