Start Time : Thu Jul  5 16:13:33 2018 [./chromosome3D.pl]
Input      : input/chr20_1mb_matrix.txt
Output Dir : output/chr20_1mb
Scaling(K) : 11
Alpha      : 0.5
Effective Conversion Equation is : D = 11/[(IF^0.5)*(avg of IF^0.5)]
L          : 60
Restraints : 1540 lines in tbl file

(A) Build extended mtf and pdb..
(B) Build models using CNS dgsa..
Starting job [./job.sh > job.log]
(C) Assess models..

NOE_SATISFIED(±0.5A)  SUM_OF_DEVIATIONS>= 0.2  PDB
224/1540              5012.12                  chr20_1mb_matrix_9       
220/1540              5056.46                  chr20_1mb_matrix_12      
231/1540              5003.84                  chr20_1mb_matrix_15      
213/1540              4971.79                  chr20_1mb_matrix_11      
229/1540              5015.79                  chr20_1mb_matrix_10      
221/1540              5020.42                  chr20_1mb_matrix_17      
231/1540              5044.44                  chr20_1mb_matrix_20      
232/1540              4973.99                  chr20_1mb_matrix_4       
232/1540              4956.03                  chr20_1mb_matrix_8       
219/1540              5019.96                  chr20_1mb_matrix_1       
220/1540              4945.80                  chr20_1mb_matrix_5       
235/1540              4976.24                  chr20_1mb_matrix_14      
227/1540              4968.19                  chr20_1mb_matrix_2       
219/1540              4965.53                  chr20_1mb_matrix_16      
229/1540              4960.51                  chr20_1mb_matrix_3       
215/1540              4942.74                  chr20_1mb_matrix_7       
214/1540              4959.06                  chr20_1mb_matrix_18      
224/1540              4949.40                  chr20_1mb_matrix_19      
222/1540              4965.91                  chr20_1mb_matrix_6       
242/1540              4939.48                  chr20_1mb_matrix_13      

removing non-CA ATOM rows and backing up REMARK rows..

model1.pdb <= ./chr20_1mb_matrix_13.pdb
model2.pdb <= ./chr20_1mb_matrix_6.pdb
model3.pdb <= ./chr20_1mb_matrix_19.pdb
model4.pdb <= ./chr20_1mb_matrix_18.pdb
model5.pdb <= ./chr20_1mb_matrix_7.pdb

Finished [./chromosome3D.pl]: Thu Jul  5 16:27:45 2018
