./chr21_1mb_matrix_14.pdbREMARK FILENAME="chr21_1mb_matrix_14.pdb"
REMARK The macromolecule has 37 residues
REMARK Trial structure 14 of 20 structures
REMARK Molecular dynamics scheme : cartesian; cartesian; minimize
REMARK High temperature dynamics :
REMARK      temp: 2000 steps: 1000 time(ps): 3
REMARK 1st cooling stage         :
REMARK      temp: 2000->0 steps: 1000 time(ps): 5 temp step: 25
REMARK 2nd cooling stage not used:
REMARK a total 150000 steps of minimization
REMARK VDW scale factors 20 20 0.01 0.003 0.003; 3E-03->4; 1
REMARK 528 NOEs in 1 class(es) with scale factors of 10; 10; 10
REMARK      averaging function(s): cent,
REMARK 0 3-bond j-couplings in 0 class(es) with
REMARK      scale factor(s) of NA
REMARK 0 1-bond j-couplings in 0 class(es) with
REMARK      scale factor(s) of NA
REMARK 0 carbon chemical shifts in 0 class(es) with
REMARK      scale factor(s) of NA
REMARK 0 proton chemical shifts in 0 class(es) with
REMARK      scale factor(s) of NA
REMARK 0 diffusion anisotropy restraints in 0 class(es) with
REMARK      scale factor(s) of NA
REMARK 0 susceptability anisotropy restraints in 0 class(es) with
REMARK      scale factor(s) of NA
REMARK 0 dihedral restraints with scale factors of 5; 200; 400
REMARK 0 planarity restraints with a scale factor of NA
REMARK NCS restraints not used.
REMARK ===============================================================
REMARK               bond, angles, improp, vdw(<1.6),  dihed
REMARK violations :    53      82      12         0      47
REMARK RMSD       : 0.0581   4.338   2.023            22.800
REMARK ===============================================================
REMARK                noe,   cdih,   coup,   oneb, carb-a, carb-b,
REMARK violations :   463       0       0       0       0   -----
REMARK RMSD       :  8.361   0.000   0.000   0.000   0.000   0.000
REMARK 0.2/2 viol.:   509       0       0
REMARK ===============================================================
REMARK               dani,   sani
REMARK violations :     0       0
REMARK RMSD       :  0.000   0.000
REMARK .2/.1 viol.:     0       0
REMARK ===============================================================
REMARK Protons       violations, rmsd
REMARK all    :           0       0.000
REMARK class 1:           0       0.000
REMARK class 2:           0       0.000
REMARK class 3:           0       0.000
REMARK class 4:           0       0.000
REMARK ===============================================================
REMARK overall = 41524.6
REMARK bon     = 1966.96
REMARK ang     = 1026.67
REMARK imp     = 61.813
REMARK vdw     = 1238.77
REMARK harm    = 0
REMARK noe     = 37099.5
REMARK coup    = 0
REMARK oneb    = 0
REMARK carb    = 0
REMARK prot    = 0
REMARK dani    = 0
REMARK sani    = 0
REMARK cdih    = 0
REMARK ncs     = 0
REMARK ===============================================================
REMARK DATE:05-Jul-2018  16:18:01       created by user: oeow39
REMARK VERSION:1.3
./chr21_1mb_matrix_4.pdbREMARK FILENAME="chr21_1mb_matrix_4.pdb"
REMARK The macromolecule has 37 residues
REMARK Trial structure 4 of 20 structures
REMARK Molecular dynamics scheme : cartesian; cartesian; minimize
REMARK High temperature dynamics :
REMARK      temp: 2000 steps: 1000 time(ps): 3
REMARK 1st cooling stage         :
REMARK      temp: 2000->0 steps: 1000 time(ps): 5 temp step: 25
REMARK 2nd cooling stage not used:
REMARK a total 150000 steps of minimization
REMARK VDW scale factors 20 20 0.01 0.003 0.003; 3E-03->4; 1
REMARK 528 NOEs in 1 class(es) with scale factors of 10; 10; 10
REMARK      averaging function(s): cent,
REMARK 0 3-bond j-couplings in 0 class(es) with
REMARK      scale factor(s) of NA
REMARK 0 1-bond j-couplings in 0 class(es) with
REMARK      scale factor(s) of NA
REMARK 0 carbon chemical shifts in 0 class(es) with
REMARK      scale factor(s) of NA
REMARK 0 proton chemical shifts in 0 class(es) with
REMARK      scale factor(s) of NA
REMARK 0 diffusion anisotropy restraints in 0 class(es) with
REMARK      scale factor(s) of NA
REMARK 0 susceptability anisotropy restraints in 0 class(es) with
REMARK      scale factor(s) of NA
REMARK 0 dihedral restraints with scale factors of 5; 200; 400
REMARK 0 planarity restraints with a scale factor of NA
REMARK NCS restraints not used.
REMARK ===============================================================
REMARK               bond, angles, improp, vdw(<1.6),  dihed
REMARK violations :    56      90       8         2      44
REMARK RMSD       : 0.0587   4.349   1.853            21.320
REMARK ===============================================================
REMARK                noe,   cdih,   coup,   oneb, carb-a, carb-b,
REMARK violations :   466       0       0       0       0   -----
REMARK RMSD       :  8.305   0.000   0.000   0.000   0.000   0.000
REMARK 0.2/2 viol.:   505       0       0
REMARK ===============================================================
REMARK               dani,   sani
REMARK violations :     0       0
REMARK RMSD       :  0.000   0.000
REMARK .2/.1 viol.:     0       0
REMARK ===============================================================
REMARK Protons       violations, rmsd
REMARK all    :           0       0.000
REMARK class 1:           0       0.000
REMARK class 2:           0       0.000
REMARK class 3:           0       0.000
REMARK class 4:           0       0.000
REMARK ===============================================================
REMARK overall = 41540.4
REMARK bon     = 2002.96
REMARK ang     = 1033.5
REMARK imp     = 52.7277
REMARK vdw     = 1233.67
REMARK harm    = 0
REMARK noe     = 37088.2
REMARK coup    = 0
REMARK oneb    = 0
REMARK carb    = 0
REMARK prot    = 0
REMARK dani    = 0
REMARK sani    = 0
REMARK cdih    = 0
REMARK ncs     = 0
REMARK ===============================================================
REMARK DATE:05-Jul-2018  16:15:15       created by user: oeow39
REMARK VERSION:1.3
./chr21_1mb_matrix_17.pdbREMARK FILENAME="chr21_1mb_matrix_17.pdb"
REMARK The macromolecule has 37 residues
REMARK Trial structure 17 of 20 structures
REMARK Molecular dynamics scheme : cartesian; cartesian; minimize
REMARK High temperature dynamics :
REMARK      temp: 2000 steps: 1000 time(ps): 3
REMARK 1st cooling stage         :
REMARK      temp: 2000->0 steps: 1000 time(ps): 5 temp step: 25
REMARK 2nd cooling stage not used:
REMARK a total 150000 steps of minimization
REMARK VDW scale factors 20 20 0.01 0.003 0.003; 3E-03->4; 1
REMARK 528 NOEs in 1 class(es) with scale factors of 10; 10; 10
REMARK      averaging function(s): cent,
REMARK 0 3-bond j-couplings in 0 class(es) with
REMARK      scale factor(s) of NA
REMARK 0 1-bond j-couplings in 0 class(es) with
REMARK      scale factor(s) of NA
REMARK 0 carbon chemical shifts in 0 class(es) with
REMARK      scale factor(s) of NA
REMARK 0 proton chemical shifts in 0 class(es) with
REMARK      scale factor(s) of NA
REMARK 0 diffusion anisotropy restraints in 0 class(es) with
REMARK      scale factor(s) of NA
REMARK 0 susceptability anisotropy restraints in 0 class(es) with
REMARK      scale factor(s) of NA
REMARK 0 dihedral restraints with scale factors of 5; 200; 400
REMARK 0 planarity restraints with a scale factor of NA
REMARK NCS restraints not used.
REMARK ===============================================================
REMARK               bond, angles, improp, vdw(<1.6),  dihed
REMARK violations :    56      91      11         1      42
REMARK RMSD       : 0.0584   4.412   1.966            22.255
REMARK ===============================================================
REMARK                noe,   cdih,   coup,   oneb, carb-a, carb-b,
REMARK violations :   461       0       0       0       0   -----
REMARK RMSD       :  8.502   0.000   0.000   0.000   0.000   0.000
REMARK 0.2/2 viol.:   495       0       0
REMARK ===============================================================
REMARK               dani,   sani
REMARK violations :     0       0
REMARK RMSD       :  0.000   0.000
REMARK .2/.1 viol.:     0       0
REMARK ===============================================================
REMARK Protons       violations, rmsd
REMARK all    :           0       0.000
REMARK class 1:           0       0.000
REMARK class 2:           0       0.000
REMARK class 3:           0       0.000
REMARK class 4:           0       0.000
REMARK ===============================================================
REMARK overall = 41522.2
REMARK bon     = 1994.45
REMARK ang     = 1051.89
REMARK imp     = 58.4338
REMARK vdw     = 1229.27
REMARK harm    = 0
REMARK noe     = 37066.8
REMARK coup    = 0
REMARK oneb    = 0
REMARK carb    = 0
REMARK prot    = 0
REMARK dani    = 0
REMARK sani    = 0
REMARK cdih    = 0
REMARK ncs     = 0
REMARK ===============================================================
REMARK DATE:05-Jul-2018  16:18:59       created by user: oeow39
REMARK VERSION:1.3
./chr21_1mb_matrix_9.pdbREMARK FILENAME="chr21_1mb_matrix_9.pdb"
REMARK The macromolecule has 37 residues
REMARK Trial structure 9 of 20 structures
REMARK Molecular dynamics scheme : cartesian; cartesian; minimize
REMARK High temperature dynamics :
REMARK      temp: 2000 steps: 1000 time(ps): 3
REMARK 1st cooling stage         :
REMARK      temp: 2000->0 steps: 1000 time(ps): 5 temp step: 25
REMARK 2nd cooling stage not used:
REMARK a total 150000 steps of minimization
REMARK VDW scale factors 20 20 0.01 0.003 0.003; 3E-03->4; 1
REMARK 528 NOEs in 1 class(es) with scale factors of 10; 10; 10
REMARK      averaging function(s): cent,
REMARK 0 3-bond j-couplings in 0 class(es) with
REMARK      scale factor(s) of NA
REMARK 0 1-bond j-couplings in 0 class(es) with
REMARK      scale factor(s) of NA
REMARK 0 carbon chemical shifts in 0 class(es) with
REMARK      scale factor(s) of NA
REMARK 0 proton chemical shifts in 0 class(es) with
REMARK      scale factor(s) of NA
REMARK 0 diffusion anisotropy restraints in 0 class(es) with
REMARK      scale factor(s) of NA
REMARK 0 susceptability anisotropy restraints in 0 class(es) with
REMARK      scale factor(s) of NA
REMARK 0 dihedral restraints with scale factors of 5; 200; 400
REMARK 0 planarity restraints with a scale factor of NA
REMARK NCS restraints not used.
REMARK ===============================================================
REMARK               bond, angles, improp, vdw(<1.6),  dihed
REMARK violations :    56      93      11         1      46
REMARK RMSD       : 0.0587   4.803   2.202            22.185
REMARK ===============================================================
REMARK                noe,   cdih,   coup,   oneb, carb-a, carb-b,
REMARK violations :   457       0       0       0       0   -----
REMARK RMSD       :  8.321   0.000   0.000   0.000   0.000   0.000
REMARK 0.2/2 viol.:   501       0       0
REMARK ===============================================================
REMARK               dani,   sani
REMARK violations :     0       0
REMARK RMSD       :  0.000   0.000
REMARK .2/.1 viol.:     0       0
REMARK ===============================================================
REMARK Protons       violations, rmsd
REMARK all    :           0       0.000
REMARK class 1:           0       0.000
REMARK class 2:           0       0.000
REMARK class 3:           0       0.000
REMARK class 4:           0       0.000
REMARK ===============================================================
REMARK overall = 41631.3
REMARK bon     = 2006.51
REMARK ang     = 1158.84
REMARK imp     = 72.4092
REMARK vdw     = 1206.64
REMARK harm    = 0
REMARK noe     = 37060.9
REMARK coup    = 0
REMARK oneb    = 0
REMARK carb    = 0
REMARK prot    = 0
REMARK dani    = 0
REMARK sani    = 0
REMARK cdih    = 0
REMARK ncs     = 0
REMARK ===============================================================
REMARK DATE:05-Jul-2018  16:16:41       created by user: oeow39
REMARK VERSION:1.3
./chr21_1mb_matrix_1.pdbREMARK FILENAME="chr21_1mb_matrix_1.pdb"
REMARK The macromolecule has 37 residues
REMARK Trial structure 1 of 20 structures
REMARK Molecular dynamics scheme : cartesian; cartesian; minimize
REMARK High temperature dynamics :
REMARK      temp: 2000 steps: 1000 time(ps): 3
REMARK 1st cooling stage         :
REMARK      temp: 2000->0 steps: 1000 time(ps): 5 temp step: 25
REMARK 2nd cooling stage not used:
REMARK a total 150000 steps of minimization
REMARK VDW scale factors 20 20 0.01 0.003 0.003; 3E-03->4; 1
REMARK 528 NOEs in 1 class(es) with scale factors of 10; 10; 10
REMARK      averaging function(s): cent,
REMARK 0 3-bond j-couplings in 0 class(es) with
REMARK      scale factor(s) of NA
REMARK 0 1-bond j-couplings in 0 class(es) with
REMARK      scale factor(s) of NA
REMARK 0 carbon chemical shifts in 0 class(es) with
REMARK      scale factor(s) of NA
REMARK 0 proton chemical shifts in 0 class(es) with
REMARK      scale factor(s) of NA
REMARK 0 diffusion anisotropy restraints in 0 class(es) with
REMARK      scale factor(s) of NA
REMARK 0 susceptability anisotropy restraints in 0 class(es) with
REMARK      scale factor(s) of NA
REMARK 0 dihedral restraints with scale factors of 5; 200; 400
REMARK 0 planarity restraints with a scale factor of NA
REMARK NCS restraints not used.
REMARK ===============================================================
REMARK               bond, angles, improp, vdw(<1.6),  dihed
REMARK violations :    53      86      13         1      50
REMARK RMSD       : 0.0599   4.510   2.024            22.515
REMARK ===============================================================
REMARK                noe,   cdih,   coup,   oneb, carb-a, carb-b,
REMARK violations :   466       0       0       0       0   -----
REMARK RMSD       :  8.225   0.000   0.000   0.000   0.000   0.000
REMARK 0.2/2 viol.:   501       0       0
REMARK ===============================================================
REMARK               dani,   sani
REMARK violations :     0       0
REMARK RMSD       :  0.000   0.000
REMARK .2/.1 viol.:     0       0
REMARK ===============================================================
REMARK Protons       violations, rmsd
REMARK all    :           0       0.000
REMARK class 1:           0       0.000
REMARK class 2:           0       0.000
REMARK class 3:           0       0.000
REMARK class 4:           0       0.000
REMARK ===============================================================
REMARK overall = 41694.4
REMARK bon     = 2103.68
REMARK ang     = 1108.78
REMARK imp     = 63.7747
REMARK vdw     = 1246.58
REMARK harm    = 0
REMARK noe     = 37029.4
REMARK coup    = 0
REMARK oneb    = 0
REMARK carb    = 0
REMARK prot    = 0
REMARK dani    = 0
REMARK sani    = 0
REMARK cdih    = 0
REMARK ncs     = 0
REMARK ===============================================================
REMARK DATE:05-Jul-2018  16:14:28       created by user: oeow39
REMARK VERSION:1.3
./chr21_1mb_matrix_20.pdbREMARK FILENAME="chr21_1mb_matrix_20.pdb"
REMARK The macromolecule has 37 residues
REMARK Trial structure 20 of 20 structures
REMARK Molecular dynamics scheme : cartesian; cartesian; minimize
REMARK High temperature dynamics :
REMARK      temp: 2000 steps: 1000 time(ps): 3
REMARK 1st cooling stage         :
REMARK      temp: 2000->0 steps: 1000 time(ps): 5 temp step: 25
REMARK 2nd cooling stage not used:
REMARK a total 150000 steps of minimization
REMARK VDW scale factors 20 20 0.01 0.003 0.003; 3E-03->4; 1
REMARK 528 NOEs in 1 class(es) with scale factors of 10; 10; 10
REMARK      averaging function(s): cent,
REMARK 0 3-bond j-couplings in 0 class(es) with
REMARK      scale factor(s) of NA
REMARK 0 1-bond j-couplings in 0 class(es) with
REMARK      scale factor(s) of NA
REMARK 0 carbon chemical shifts in 0 class(es) with
REMARK      scale factor(s) of NA
REMARK 0 proton chemical shifts in 0 class(es) with
REMARK      scale factor(s) of NA
REMARK 0 diffusion anisotropy restraints in 0 class(es) with
REMARK      scale factor(s) of NA
REMARK 0 susceptability anisotropy restraints in 0 class(es) with
REMARK      scale factor(s) of NA
REMARK 0 dihedral restraints with scale factors of 5; 200; 400
REMARK 0 planarity restraints with a scale factor of NA
REMARK NCS restraints not used.
REMARK ===============================================================
REMARK               bond, angles, improp, vdw(<1.6),  dihed
REMARK violations :    53      90      12         1      42
REMARK RMSD       : 0.0591   4.615   2.222            21.353
REMARK ===============================================================
REMARK                noe,   cdih,   coup,   oneb, carb-a, carb-b,
REMARK violations :   461       0       0       0       0   -----
REMARK RMSD       :  8.300   0.000   0.000   0.000   0.000   0.000
REMARK 0.2/2 viol.:   503       0       0
REMARK ===============================================================
REMARK               dani,   sani
REMARK violations :     0       0
REMARK RMSD       :  0.000   0.000
REMARK .2/.1 viol.:     0       0
REMARK ===============================================================
REMARK Protons       violations, rmsd
REMARK all    :           0       0.000
REMARK class 1:           0       0.000
REMARK class 2:           0       0.000
REMARK class 3:           0       0.000
REMARK class 4:           0       0.000
REMARK ===============================================================
REMARK overall = 41558
REMARK bon     = 2043.72
REMARK ang     = 1131.59
REMARK imp     = 79.3737
REMARK vdw     = 1231.3
REMARK harm    = 0
REMARK noe     = 36929.6
REMARK coup    = 0
REMARK oneb    = 0
REMARK carb    = 0
REMARK prot    = 0
REMARK dani    = 0
REMARK sani    = 0
REMARK cdih    = 0
REMARK ncs     = 0
REMARK ===============================================================
REMARK DATE:05-Jul-2018  16:19:51       created by user: oeow39
REMARK VERSION:1.3
./chr21_1mb_matrix_11.pdbREMARK FILENAME="chr21_1mb_matrix_11.pdb"
REMARK The macromolecule has 37 residues
REMARK Trial structure 11 of 20 structures
REMARK Molecular dynamics scheme : cartesian; cartesian; minimize
REMARK High temperature dynamics :
REMARK      temp: 2000 steps: 1000 time(ps): 3
REMARK 1st cooling stage         :
REMARK      temp: 2000->0 steps: 1000 time(ps): 5 temp step: 25
REMARK 2nd cooling stage not used:
REMARK a total 150000 steps of minimization
REMARK VDW scale factors 20 20 0.01 0.003 0.003; 3E-03->4; 1
REMARK 528 NOEs in 1 class(es) with scale factors of 10; 10; 10
REMARK      averaging function(s): cent,
REMARK 0 3-bond j-couplings in 0 class(es) with
REMARK      scale factor(s) of NA
REMARK 0 1-bond j-couplings in 0 class(es) with
REMARK      scale factor(s) of NA
REMARK 0 carbon chemical shifts in 0 class(es) with
REMARK      scale factor(s) of NA
REMARK 0 proton chemical shifts in 0 class(es) with
REMARK      scale factor(s) of NA
REMARK 0 diffusion anisotropy restraints in 0 class(es) with
REMARK      scale factor(s) of NA
REMARK 0 susceptability anisotropy restraints in 0 class(es) with
REMARK      scale factor(s) of NA
REMARK 0 dihedral restraints with scale factors of 5; 200; 400
REMARK 0 planarity restraints with a scale factor of NA
REMARK NCS restraints not used.
REMARK ===============================================================
REMARK               bond, angles, improp, vdw(<1.6),  dihed
REMARK violations :    59      86       9         0      44
REMARK RMSD       : 0.0602   4.392   1.869            21.603
REMARK ===============================================================
REMARK                noe,   cdih,   coup,   oneb, carb-a, carb-b,
REMARK violations :   460       0       0       0       0   -----
REMARK RMSD       :  8.232   0.000   0.000   0.000   0.000   0.000
REMARK 0.2/2 viol.:   504       0       0
REMARK ===============================================================
REMARK               dani,   sani
REMARK violations :     0       0
REMARK RMSD       :  0.000   0.000
REMARK .2/.1 viol.:     0       0
REMARK ===============================================================
REMARK Protons       violations, rmsd
REMARK all    :           0       0.000
REMARK class 1:           0       0.000
REMARK class 2:           0       0.000
REMARK class 3:           0       0.000
REMARK class 4:           0       0.000
REMARK ===============================================================
REMARK overall = 41483.7
REMARK bon     = 2118.3
REMARK ang     = 1071.05
REMARK imp     = 54.5508
REMARK vdw     = 1241.66
REMARK harm    = 0
REMARK noe     = 36869.8
REMARK coup    = 0
REMARK oneb    = 0
REMARK carb    = 0
REMARK prot    = 0
REMARK dani    = 0
REMARK sani    = 0
REMARK cdih    = 0
REMARK ncs     = 0
REMARK ===============================================================
REMARK DATE:05-Jul-2018  16:17:10       created by user: oeow39
REMARK VERSION:1.3
./chr21_1mb_matrix_15.pdbREMARK FILENAME="chr21_1mb_matrix_15.pdb"
REMARK The macromolecule has 37 residues
REMARK Trial structure 15 of 20 structures
REMARK Molecular dynamics scheme : cartesian; cartesian; minimize
REMARK High temperature dynamics :
REMARK      temp: 2000 steps: 1000 time(ps): 3
REMARK 1st cooling stage         :
REMARK      temp: 2000->0 steps: 1000 time(ps): 5 temp step: 25
REMARK 2nd cooling stage not used:
REMARK a total 150000 steps of minimization
REMARK VDW scale factors 20 20 0.01 0.003 0.003; 3E-03->4; 1
REMARK 528 NOEs in 1 class(es) with scale factors of 10; 10; 10
REMARK      averaging function(s): cent,
REMARK 0 3-bond j-couplings in 0 class(es) with
REMARK      scale factor(s) of NA
REMARK 0 1-bond j-couplings in 0 class(es) with
REMARK      scale factor(s) of NA
REMARK 0 carbon chemical shifts in 0 class(es) with
REMARK      scale factor(s) of NA
REMARK 0 proton chemical shifts in 0 class(es) with
REMARK      scale factor(s) of NA
REMARK 0 diffusion anisotropy restraints in 0 class(es) with
REMARK      scale factor(s) of NA
REMARK 0 susceptability anisotropy restraints in 0 class(es) with
REMARK      scale factor(s) of NA
REMARK 0 dihedral restraints with scale factors of 5; 200; 400
REMARK 0 planarity restraints with a scale factor of NA
REMARK NCS restraints not used.
REMARK ===============================================================
REMARK               bond, angles, improp, vdw(<1.6),  dihed
REMARK violations :    52      99       8         1      38
REMARK RMSD       : 0.0607   4.773   1.932            20.410
REMARK ===============================================================
REMARK                noe,   cdih,   coup,   oneb, carb-a, carb-b,
REMARK violations :   465       0       0       0       0   -----
REMARK RMSD       :  8.239   0.000   0.000   0.000   0.000   0.000
REMARK 0.2/2 viol.:   506       0       0
REMARK ===============================================================
REMARK               dani,   sani
REMARK violations :     0       0
REMARK RMSD       :  0.000   0.000
REMARK .2/.1 viol.:     0       0
REMARK ===============================================================
REMARK Protons       violations, rmsd
REMARK all    :           0       0.000
REMARK class 1:           0       0.000
REMARK class 2:           0       0.000
REMARK class 3:           0       0.000
REMARK class 4:           0       0.000
REMARK ===============================================================
REMARK overall = 41558.9
REMARK bon     = 2156.03
REMARK ang     = 1165.63
REMARK imp     = 60.5322
REMARK vdw     = 1205.18
REMARK harm    = 0
REMARK noe     = 36858.1
REMARK coup    = 0
REMARK oneb    = 0
REMARK carb    = 0
REMARK prot    = 0
REMARK dani    = 0
REMARK sani    = 0
REMARK cdih    = 0
REMARK ncs     = 0
REMARK ===============================================================
REMARK DATE:05-Jul-2018  16:18:24       created by user: oeow39
REMARK VERSION:1.3
./chr21_1mb_matrix_6.pdbREMARK FILENAME="chr21_1mb_matrix_6.pdb"
REMARK The macromolecule has 37 residues
REMARK Trial structure 6 of 20 structures
REMARK Molecular dynamics scheme : cartesian; cartesian; minimize
REMARK High temperature dynamics :
REMARK      temp: 2000 steps: 1000 time(ps): 3
REMARK 1st cooling stage         :
REMARK      temp: 2000->0 steps: 1000 time(ps): 5 temp step: 25
REMARK 2nd cooling stage not used:
REMARK a total 150000 steps of minimization
REMARK VDW scale factors 20 20 0.01 0.003 0.003; 3E-03->4; 1
REMARK 528 NOEs in 1 class(es) with scale factors of 10; 10; 10
REMARK      averaging function(s): cent,
REMARK 0 3-bond j-couplings in 0 class(es) with
REMARK      scale factor(s) of NA
REMARK 0 1-bond j-couplings in 0 class(es) with
REMARK      scale factor(s) of NA
REMARK 0 carbon chemical shifts in 0 class(es) with
REMARK      scale factor(s) of NA
REMARK 0 proton chemical shifts in 0 class(es) with
REMARK      scale factor(s) of NA
REMARK 0 diffusion anisotropy restraints in 0 class(es) with
REMARK      scale factor(s) of NA
REMARK 0 susceptability anisotropy restraints in 0 class(es) with
REMARK      scale factor(s) of NA
REMARK 0 dihedral restraints with scale factors of 5; 200; 400
REMARK 0 planarity restraints with a scale factor of NA
REMARK NCS restraints not used.
REMARK ===============================================================
REMARK               bond, angles, improp, vdw(<1.6),  dihed
REMARK violations :    57      89      11         0      42
REMARK RMSD       : 0.0596   4.455   1.846            21.548
REMARK ===============================================================
REMARK                noe,   cdih,   coup,   oneb, carb-a, carb-b,
REMARK violations :   462       0       0       0       0   -----
REMARK RMSD       :  8.278   0.000   0.000   0.000   0.000   0.000
REMARK 0.2/2 viol.:   506       0       0
REMARK ===============================================================
REMARK               dani,   sani
REMARK violations :     0       0
REMARK RMSD       :  0.000   0.000
REMARK .2/.1 viol.:     0       0
REMARK ===============================================================
REMARK Protons       violations, rmsd
REMARK all    :           0       0.000
REMARK class 1:           0       0.000
REMARK class 2:           0       0.000
REMARK class 3:           0       0.000
REMARK class 4:           0       0.000
REMARK ===============================================================
REMARK overall = 41386.4
REMARK bon     = 2078.25
REMARK ang     = 1085.28
REMARK imp     = 52.8654
REMARK vdw     = 1207.13
REMARK harm    = 0
REMARK noe     = 36857.3
REMARK coup    = 0
REMARK oneb    = 0
REMARK carb    = 0
REMARK prot    = 0
REMARK dani    = 0
REMARK sani    = 0
REMARK cdih    = 0
REMARK ncs     = 0
REMARK ===============================================================
REMARK DATE:05-Jul-2018  16:15:48       created by user: oeow39
REMARK VERSION:1.3
./chr21_1mb_matrix_7.pdbREMARK FILENAME="chr21_1mb_matrix_7.pdb"
REMARK The macromolecule has 37 residues
REMARK Trial structure 7 of 20 structures
REMARK Molecular dynamics scheme : cartesian; cartesian; minimize
REMARK High temperature dynamics :
REMARK      temp: 2000 steps: 1000 time(ps): 3
REMARK 1st cooling stage         :
REMARK      temp: 2000->0 steps: 1000 time(ps): 5 temp step: 25
REMARK 2nd cooling stage not used:
REMARK a total 150000 steps of minimization
REMARK VDW scale factors 20 20 0.01 0.003 0.003; 3E-03->4; 1
REMARK 528 NOEs in 1 class(es) with scale factors of 10; 10; 10
REMARK      averaging function(s): cent,
REMARK 0 3-bond j-couplings in 0 class(es) with
REMARK      scale factor(s) of NA
REMARK 0 1-bond j-couplings in 0 class(es) with
REMARK      scale factor(s) of NA
REMARK 0 carbon chemical shifts in 0 class(es) with
REMARK      scale factor(s) of NA
REMARK 0 proton chemical shifts in 0 class(es) with
REMARK      scale factor(s) of NA
REMARK 0 diffusion anisotropy restraints in 0 class(es) with
REMARK      scale factor(s) of NA
REMARK 0 susceptability anisotropy restraints in 0 class(es) with
REMARK      scale factor(s) of NA
REMARK 0 dihedral restraints with scale factors of 5; 200; 400
REMARK 0 planarity restraints with a scale factor of NA
REMARK NCS restraints not used.
REMARK ===============================================================
REMARK               bond, angles, improp, vdw(<1.6),  dihed
REMARK violations :    51      87      11         0      44
REMARK RMSD       : 0.0603   4.416   1.848            21.436
REMARK ===============================================================
REMARK                noe,   cdih,   coup,   oneb, carb-a, carb-b,
REMARK violations :   460       0       0       0       0   -----
REMARK RMSD       :  8.224   0.000   0.000   0.000   0.000   0.000
REMARK 0.2/2 viol.:   502       0       0
REMARK ===============================================================
REMARK               dani,   sani
REMARK violations :     0       0
REMARK RMSD       :  0.000   0.000
REMARK .2/.1 viol.:     0       0
REMARK ===============================================================
REMARK Protons       violations, rmsd
REMARK all    :           0       0.000
REMARK class 1:           0       0.000
REMARK class 2:           0       0.000
REMARK class 3:           0       0.000
REMARK class 4:           0       0.000
REMARK ===============================================================
REMARK overall = 41374.7
REMARK bon     = 2133.25
REMARK ang     = 1059.22
REMARK imp     = 53.5327
REMARK vdw     = 1167.28
REMARK harm    = 0
REMARK noe     = 36827.3
REMARK coup    = 0
REMARK oneb    = 0
REMARK carb    = 0
REMARK prot    = 0
REMARK dani    = 0
REMARK sani    = 0
REMARK cdih    = 0
REMARK ncs     = 0
REMARK ===============================================================
REMARK DATE:05-Jul-2018  16:16:06       created by user: oeow39
REMARK VERSION:1.3
./chr21_1mb_matrix_8.pdbREMARK FILENAME="chr21_1mb_matrix_8.pdb"
REMARK The macromolecule has 37 residues
REMARK Trial structure 8 of 20 structures
REMARK Molecular dynamics scheme : cartesian; cartesian; minimize
REMARK High temperature dynamics :
REMARK      temp: 2000 steps: 1000 time(ps): 3
REMARK 1st cooling stage         :
REMARK      temp: 2000->0 steps: 1000 time(ps): 5 temp step: 25
REMARK 2nd cooling stage not used:
REMARK a total 150000 steps of minimization
REMARK VDW scale factors 20 20 0.01 0.003 0.003; 3E-03->4; 1
REMARK 528 NOEs in 1 class(es) with scale factors of 10; 10; 10
REMARK      averaging function(s): cent,
REMARK 0 3-bond j-couplings in 0 class(es) with
REMARK      scale factor(s) of NA
REMARK 0 1-bond j-couplings in 0 class(es) with
REMARK      scale factor(s) of NA
REMARK 0 carbon chemical shifts in 0 class(es) with
REMARK      scale factor(s) of NA
REMARK 0 proton chemical shifts in 0 class(es) with
REMARK      scale factor(s) of NA
REMARK 0 diffusion anisotropy restraints in 0 class(es) with
REMARK      scale factor(s) of NA
REMARK 0 susceptability anisotropy restraints in 0 class(es) with
REMARK      scale factor(s) of NA
REMARK 0 dihedral restraints with scale factors of 5; 200; 400
REMARK 0 planarity restraints with a scale factor of NA
REMARK NCS restraints not used.
REMARK ===============================================================
REMARK               bond, angles, improp, vdw(<1.6),  dihed
REMARK violations :    55      90       6         1      34
REMARK RMSD       : 0.0604   4.560   1.777            18.708
REMARK ===============================================================
REMARK                noe,   cdih,   coup,   oneb, carb-a, carb-b,
REMARK violations :   464       0       0       0       0   -----
REMARK RMSD       :  8.241   0.000   0.000   0.000   0.000   0.000
REMARK 0.2/2 viol.:   500       0       0
REMARK ===============================================================
REMARK               dani,   sani
REMARK violations :     0       0
REMARK RMSD       :  0.000   0.000
REMARK .2/.1 viol.:     0       0
REMARK ===============================================================
REMARK Protons       violations, rmsd
REMARK all    :           0       0.000
REMARK class 1:           0       0.000
REMARK class 2:           0       0.000
REMARK class 3:           0       0.000
REMARK class 4:           0       0.000
REMARK ===============================================================
REMARK overall = 41452.7
REMARK bon     = 2132.79
REMARK ang     = 1101.54
REMARK imp     = 50.6709
REMARK vdw     = 1247.11
REMARK harm    = 0
REMARK noe     = 36819.2
REMARK coup    = 0
REMARK oneb    = 0
REMARK carb    = 0
REMARK prot    = 0
REMARK dani    = 0
REMARK sani    = 0
REMARK cdih    = 0
REMARK ncs     = 0
REMARK ===============================================================
REMARK DATE:05-Jul-2018  16:16:22       created by user: oeow39
REMARK VERSION:1.3
./chr21_1mb_matrix_18.pdbREMARK FILENAME="chr21_1mb_matrix_18.pdb"
REMARK The macromolecule has 37 residues
REMARK Trial structure 18 of 20 structures
REMARK Molecular dynamics scheme : cartesian; cartesian; minimize
REMARK High temperature dynamics :
REMARK      temp: 2000 steps: 1000 time(ps): 3
REMARK 1st cooling stage         :
REMARK      temp: 2000->0 steps: 1000 time(ps): 5 temp step: 25
REMARK 2nd cooling stage not used:
REMARK a total 150000 steps of minimization
REMARK VDW scale factors 20 20 0.01 0.003 0.003; 3E-03->4; 1
REMARK 528 NOEs in 1 class(es) with scale factors of 10; 10; 10
REMARK      averaging function(s): cent,
REMARK 0 3-bond j-couplings in 0 class(es) with
REMARK      scale factor(s) of NA
REMARK 0 1-bond j-couplings in 0 class(es) with
REMARK      scale factor(s) of NA
REMARK 0 carbon chemical shifts in 0 class(es) with
REMARK      scale factor(s) of NA
REMARK 0 proton chemical shifts in 0 class(es) with
REMARK      scale factor(s) of NA
REMARK 0 diffusion anisotropy restraints in 0 class(es) with
REMARK      scale factor(s) of NA
REMARK 0 susceptability anisotropy restraints in 0 class(es) with
REMARK      scale factor(s) of NA
REMARK 0 dihedral restraints with scale factors of 5; 200; 400
REMARK 0 planarity restraints with a scale factor of NA
REMARK NCS restraints not used.
REMARK ===============================================================
REMARK               bond, angles, improp, vdw(<1.6),  dihed
REMARK violations :    55      92      10         0      42
REMARK RMSD       : 0.0608   5.434   2.038            21.692
REMARK ===============================================================
REMARK                noe,   cdih,   coup,   oneb, carb-a, carb-b,
REMARK violations :   465       0       0       0       0   -----
REMARK RMSD       :  8.248   0.000   0.000   0.000   0.000   0.000
REMARK 0.2/2 viol.:   507       0       0
REMARK ===============================================================
REMARK               dani,   sani
REMARK violations :     0       0
REMARK RMSD       :  0.000   0.000
REMARK .2/.1 viol.:     0       0
REMARK ===============================================================
REMARK Protons       violations, rmsd
REMARK all    :           0       0.000
REMARK class 1:           0       0.000
REMARK class 2:           0       0.000
REMARK class 3:           0       0.000
REMARK class 4:           0       0.000
REMARK ===============================================================
REMARK overall = 41528.1
REMARK bon     = 2157.51
REMARK ang     = 1171.79
REMARK imp     = 63.761
REMARK vdw     = 1196.79
REMARK harm    = 0
REMARK noe     = 36815.3
REMARK coup    = 0
REMARK oneb    = 0
REMARK carb    = 0
REMARK prot    = 0
REMARK dani    = 0
REMARK sani    = 0
REMARK cdih    = 0
REMARK ncs     = 0
REMARK ===============================================================
REMARK DATE:05-Jul-2018  16:19:21       created by user: oeow39
REMARK VERSION:1.3
./chr21_1mb_matrix_5.pdbREMARK FILENAME="chr21_1mb_matrix_5.pdb"
REMARK The macromolecule has 37 residues
REMARK Trial structure 5 of 20 structures
REMARK Molecular dynamics scheme : cartesian; cartesian; minimize
REMARK High temperature dynamics :
REMARK      temp: 2000 steps: 1000 time(ps): 3
REMARK 1st cooling stage         :
REMARK      temp: 2000->0 steps: 1000 time(ps): 5 temp step: 25
REMARK 2nd cooling stage not used:
REMARK a total 150000 steps of minimization
REMARK VDW scale factors 20 20 0.01 0.003 0.003; 3E-03->4; 1
REMARK 528 NOEs in 1 class(es) with scale factors of 10; 10; 10
REMARK      averaging function(s): cent,
REMARK 0 3-bond j-couplings in 0 class(es) with
REMARK      scale factor(s) of NA
REMARK 0 1-bond j-couplings in 0 class(es) with
REMARK      scale factor(s) of NA
REMARK 0 carbon chemical shifts in 0 class(es) with
REMARK      scale factor(s) of NA
REMARK 0 proton chemical shifts in 0 class(es) with
REMARK      scale factor(s) of NA
REMARK 0 diffusion anisotropy restraints in 0 class(es) with
REMARK      scale factor(s) of NA
REMARK 0 susceptability anisotropy restraints in 0 class(es) with
REMARK      scale factor(s) of NA
REMARK 0 dihedral restraints with scale factors of 5; 200; 400
REMARK 0 planarity restraints with a scale factor of NA
REMARK NCS restraints not used.
REMARK ===============================================================
REMARK               bond, angles, improp, vdw(<1.6),  dihed
REMARK violations :    57     110       7         0      38
REMARK RMSD       : 0.0603   4.603   1.957            20.710
REMARK ===============================================================
REMARK                noe,   cdih,   coup,   oneb, carb-a, carb-b,
REMARK violations :   464       0       0       0       0   -----
REMARK RMSD       :  8.237   0.000   0.000   0.000   0.000   0.000
REMARK 0.2/2 viol.:   503       0       0
REMARK ===============================================================
REMARK               dani,   sani
REMARK violations :     0       0
REMARK RMSD       :  0.000   0.000
REMARK .2/.1 viol.:     0       0
REMARK ===============================================================
REMARK Protons       violations, rmsd
REMARK all    :           0       0.000
REMARK class 1:           0       0.000
REMARK class 2:           0       0.000
REMARK class 3:           0       0.000
REMARK class 4:           0       0.000
REMARK ===============================================================
REMARK overall = 41595.7
REMARK bon     = 2130.98
REMARK ang     = 1161.34
REMARK imp     = 57.6801
REMARK vdw     = 1304.84
REMARK harm    = 0
REMARK noe     = 36815.2
REMARK coup    = 0
REMARK oneb    = 0
REMARK carb    = 0
REMARK prot    = 0
REMARK dani    = 0
REMARK sani    = 0
REMARK cdih    = 0
REMARK ncs     = 0
REMARK ===============================================================
REMARK DATE:05-Jul-2018  16:15:29       created by user: oeow39
REMARK VERSION:1.3
./chr21_1mb_matrix_12.pdbREMARK FILENAME="chr21_1mb_matrix_12.pdb"
REMARK The macromolecule has 37 residues
REMARK Trial structure 12 of 20 structures
REMARK Molecular dynamics scheme : cartesian; cartesian; minimize
REMARK High temperature dynamics :
REMARK      temp: 2000 steps: 1000 time(ps): 3
REMARK 1st cooling stage         :
REMARK      temp: 2000->0 steps: 1000 time(ps): 5 temp step: 25
REMARK 2nd cooling stage not used:
REMARK a total 150000 steps of minimization
REMARK VDW scale factors 20 20 0.01 0.003 0.003; 3E-03->4; 1
REMARK 528 NOEs in 1 class(es) with scale factors of 10; 10; 10
REMARK      averaging function(s): cent,
REMARK 0 3-bond j-couplings in 0 class(es) with
REMARK      scale factor(s) of NA
REMARK 0 1-bond j-couplings in 0 class(es) with
REMARK      scale factor(s) of NA
REMARK 0 carbon chemical shifts in 0 class(es) with
REMARK      scale factor(s) of NA
REMARK 0 proton chemical shifts in 0 class(es) with
REMARK      scale factor(s) of NA
REMARK 0 diffusion anisotropy restraints in 0 class(es) with
REMARK      scale factor(s) of NA
REMARK 0 susceptability anisotropy restraints in 0 class(es) with
REMARK      scale factor(s) of NA
REMARK 0 dihedral restraints with scale factors of 5; 200; 400
REMARK 0 planarity restraints with a scale factor of NA
REMARK NCS restraints not used.
REMARK ===============================================================
REMARK               bond, angles, improp, vdw(<1.6),  dihed
REMARK violations :    59      93      11         0      37
REMARK RMSD       : 0.0604   4.463   1.960            20.591
REMARK ===============================================================
REMARK                noe,   cdih,   coup,   oneb, carb-a, carb-b,
REMARK violations :   460       0       0       0       0   -----
REMARK RMSD       :  8.245   0.000   0.000   0.000   0.000   0.000
REMARK 0.2/2 viol.:   502       0       0
REMARK ===============================================================
REMARK               dani,   sani
REMARK violations :     0       0
REMARK RMSD       :  0.000   0.000
REMARK .2/.1 viol.:     0       0
REMARK ===============================================================
REMARK Protons       violations, rmsd
REMARK all    :           0       0.000
REMARK class 1:           0       0.000
REMARK class 2:           0       0.000
REMARK class 3:           0       0.000
REMARK class 4:           0       0.000
REMARK ===============================================================
REMARK overall = 41493.5
REMARK bon     = 2128.7
REMARK ang     = 1109.07
REMARK imp     = 60.1743
REMARK vdw     = 1248.09
REMARK harm    = 0
REMARK noe     = 36814.6
REMARK coup    = 0
REMARK oneb    = 0
REMARK carb    = 0
REMARK prot    = 0
REMARK dani    = 0
REMARK sani    = 0
REMARK cdih    = 0
REMARK ncs     = 0
REMARK ===============================================================
REMARK DATE:05-Jul-2018  16:17:24       created by user: oeow39
REMARK VERSION:1.3
./chr21_1mb_matrix_16.pdbREMARK FILENAME="chr21_1mb_matrix_16.pdb"
REMARK The macromolecule has 37 residues
REMARK Trial structure 16 of 20 structures
REMARK Molecular dynamics scheme : cartesian; cartesian; minimize
REMARK High temperature dynamics :
REMARK      temp: 2000 steps: 1000 time(ps): 3
REMARK 1st cooling stage         :
REMARK      temp: 2000->0 steps: 1000 time(ps): 5 temp step: 25
REMARK 2nd cooling stage not used:
REMARK a total 150000 steps of minimization
REMARK VDW scale factors 20 20 0.01 0.003 0.003; 3E-03->4; 1
REMARK 528 NOEs in 1 class(es) with scale factors of 10; 10; 10
REMARK      averaging function(s): cent,
REMARK 0 3-bond j-couplings in 0 class(es) with
REMARK      scale factor(s) of NA
REMARK 0 1-bond j-couplings in 0 class(es) with
REMARK      scale factor(s) of NA
REMARK 0 carbon chemical shifts in 0 class(es) with
REMARK      scale factor(s) of NA
REMARK 0 proton chemical shifts in 0 class(es) with
REMARK      scale factor(s) of NA
REMARK 0 diffusion anisotropy restraints in 0 class(es) with
REMARK      scale factor(s) of NA
REMARK 0 susceptability anisotropy restraints in 0 class(es) with
REMARK      scale factor(s) of NA
REMARK 0 dihedral restraints with scale factors of 5; 200; 400
REMARK 0 planarity restraints with a scale factor of NA
REMARK NCS restraints not used.
REMARK ===============================================================
REMARK               bond, angles, improp, vdw(<1.6),  dihed
REMARK violations :    55      90      10         1      43
REMARK RMSD       : 0.0605   5.380   1.978            21.659
REMARK ===============================================================
REMARK                noe,   cdih,   coup,   oneb, carb-a, carb-b,
REMARK violations :   465       0       0       0       0   -----
REMARK RMSD       :  8.236   0.000   0.000   0.000   0.000   0.000
REMARK 0.2/2 viol.:   508       0       0
REMARK ===============================================================
REMARK               dani,   sani
REMARK violations :     0       0
REMARK RMSD       :  0.000   0.000
REMARK .2/.1 viol.:     0       0
REMARK ===============================================================
REMARK Protons       violations, rmsd
REMARK all    :           0       0.000
REMARK class 1:           0       0.000
REMARK class 2:           0       0.000
REMARK class 3:           0       0.000
REMARK class 4:           0       0.000
REMARK ===============================================================
REMARK overall = 41469.9
REMARK bon     = 2144.56
REMARK ang     = 1141.81
REMARK imp     = 61.3223
REMARK vdw     = 1193.47
REMARK harm    = 0
REMARK noe     = 36797.8
REMARK coup    = 0
REMARK oneb    = 0
REMARK carb    = 0
REMARK prot    = 0
REMARK dani    = 0
REMARK sani    = 0
REMARK cdih    = 0
REMARK ncs     = 0
REMARK ===============================================================
REMARK DATE:05-Jul-2018  16:18:40       created by user: oeow39
REMARK VERSION:1.3
./chr21_1mb_matrix_10.pdbREMARK FILENAME="chr21_1mb_matrix_10.pdb"
REMARK The macromolecule has 37 residues
REMARK Trial structure 10 of 20 structures
REMARK Molecular dynamics scheme : cartesian; cartesian; minimize
REMARK High temperature dynamics :
REMARK      temp: 2000 steps: 1000 time(ps): 3
REMARK 1st cooling stage         :
REMARK      temp: 2000->0 steps: 1000 time(ps): 5 temp step: 25
REMARK 2nd cooling stage not used:
REMARK a total 150000 steps of minimization
REMARK VDW scale factors 20 20 0.01 0.003 0.003; 3E-03->4; 1
REMARK 528 NOEs in 1 class(es) with scale factors of 10; 10; 10
REMARK      averaging function(s): cent,
REMARK 0 3-bond j-couplings in 0 class(es) with
REMARK      scale factor(s) of NA
REMARK 0 1-bond j-couplings in 0 class(es) with
REMARK      scale factor(s) of NA
REMARK 0 carbon chemical shifts in 0 class(es) with
REMARK      scale factor(s) of NA
REMARK 0 proton chemical shifts in 0 class(es) with
REMARK      scale factor(s) of NA
REMARK 0 diffusion anisotropy restraints in 0 class(es) with
REMARK      scale factor(s) of NA
REMARK 0 susceptability anisotropy restraints in 0 class(es) with
REMARK      scale factor(s) of NA
REMARK 0 dihedral restraints with scale factors of 5; 200; 400
REMARK 0 planarity restraints with a scale factor of NA
REMARK NCS restraints not used.
REMARK ===============================================================
REMARK               bond, angles, improp, vdw(<1.6),  dihed
REMARK violations :    52     100      15         2      41
REMARK RMSD       : 0.0607   4.745   2.364            21.826
REMARK ===============================================================
REMARK                noe,   cdih,   coup,   oneb, carb-a, carb-b,
REMARK violations :   464       0       0       0       0   -----
REMARK RMSD       :  8.221   0.000   0.000   0.000   0.000   0.000
REMARK 0.2/2 viol.:   508       0       0
REMARK ===============================================================
REMARK               dani,   sani
REMARK violations :     0       0
REMARK RMSD       :  0.000   0.000
REMARK .2/.1 viol.:     0       0
REMARK ===============================================================
REMARK Protons       violations, rmsd
REMARK all    :           0       0.000
REMARK class 1:           0       0.000
REMARK class 2:           0       0.000
REMARK class 3:           0       0.000
REMARK class 4:           0       0.000
REMARK ===============================================================
REMARK overall = 41669.2
REMARK bon     = 2165.66
REMARK ang     = 1206.11
REMARK imp     = 85.9463
REMARK vdw     = 1251
REMARK harm    = 0
REMARK noe     = 36789.9
REMARK coup    = 0
REMARK oneb    = 0
REMARK carb    = 0
REMARK prot    = 0
REMARK dani    = 0
REMARK sani    = 0
REMARK cdih    = 0
REMARK ncs     = 0
REMARK ===============================================================
REMARK DATE:05-Jul-2018  16:16:55       created by user: oeow39
REMARK VERSION:1.3
./chr21_1mb_matrix_2.pdbREMARK FILENAME="chr21_1mb_matrix_2.pdb"
REMARK The macromolecule has 37 residues
REMARK Trial structure 2 of 20 structures
REMARK Molecular dynamics scheme : cartesian; cartesian; minimize
REMARK High temperature dynamics :
REMARK      temp: 2000 steps: 1000 time(ps): 3
REMARK 1st cooling stage         :
REMARK      temp: 2000->0 steps: 1000 time(ps): 5 temp step: 25
REMARK 2nd cooling stage not used:
REMARK a total 150000 steps of minimization
REMARK VDW scale factors 20 20 0.01 0.003 0.003; 3E-03->4; 1
REMARK 528 NOEs in 1 class(es) with scale factors of 10; 10; 10
REMARK      averaging function(s): cent,
REMARK 0 3-bond j-couplings in 0 class(es) with
REMARK      scale factor(s) of NA
REMARK 0 1-bond j-couplings in 0 class(es) with
REMARK      scale factor(s) of NA
REMARK 0 carbon chemical shifts in 0 class(es) with
REMARK      scale factor(s) of NA
REMARK 0 proton chemical shifts in 0 class(es) with
REMARK      scale factor(s) of NA
REMARK 0 diffusion anisotropy restraints in 0 class(es) with
REMARK      scale factor(s) of NA
REMARK 0 susceptability anisotropy restraints in 0 class(es) with
REMARK      scale factor(s) of NA
REMARK 0 dihedral restraints with scale factors of 5; 200; 400
REMARK 0 planarity restraints with a scale factor of NA
REMARK NCS restraints not used.
REMARK ===============================================================
REMARK               bond, angles, improp, vdw(<1.6),  dihed
REMARK violations :    57     100      11         1      33
REMARK RMSD       : 0.0613   4.578   1.952            18.931
REMARK ===============================================================
REMARK                noe,   cdih,   coup,   oneb, carb-a, carb-b,
REMARK violations :   457       0       0       0       0   -----
REMARK RMSD       :  8.225   0.000   0.000   0.000   0.000   0.000
REMARK 0.2/2 viol.:   498       0       0
REMARK ===============================================================
REMARK               dani,   sani
REMARK violations :     0       0
REMARK RMSD       :  0.000   0.000
REMARK .2/.1 viol.:     0       0
REMARK ===============================================================
REMARK Protons       violations, rmsd
REMARK all    :           0       0.000
REMARK class 1:           0       0.000
REMARK class 2:           0       0.000
REMARK class 3:           0       0.000
REMARK class 4:           0       0.000
REMARK ===============================================================
REMARK overall = 41547
REMARK bon     = 2196.49
REMARK ang     = 1151.06
REMARK imp     = 60.084
REMARK vdw     = 1246.59
REMARK harm    = 0
REMARK noe     = 36770.8
REMARK coup    = 0
REMARK oneb    = 0
REMARK carb    = 0
REMARK prot    = 0
REMARK dani    = 0
REMARK sani    = 0
REMARK cdih    = 0
REMARK ncs     = 0
REMARK ===============================================================
REMARK DATE:05-Jul-2018  16:14:43       created by user: oeow39
REMARK VERSION:1.3
./chr21_1mb_matrix_13.pdbREMARK FILENAME="chr21_1mb_matrix_13.pdb"
REMARK The macromolecule has 37 residues
REMARK Trial structure 13 of 20 structures
REMARK Molecular dynamics scheme : cartesian; cartesian; minimize
REMARK High temperature dynamics :
REMARK      temp: 2000 steps: 1000 time(ps): 3
REMARK 1st cooling stage         :
REMARK      temp: 2000->0 steps: 1000 time(ps): 5 temp step: 25
REMARK 2nd cooling stage not used:
REMARK a total 150000 steps of minimization
REMARK VDW scale factors 20 20 0.01 0.003 0.003; 3E-03->4; 1
REMARK 528 NOEs in 1 class(es) with scale factors of 10; 10; 10
REMARK      averaging function(s): cent,
REMARK 0 3-bond j-couplings in 0 class(es) with
REMARK      scale factor(s) of NA
REMARK 0 1-bond j-couplings in 0 class(es) with
REMARK      scale factor(s) of NA
REMARK 0 carbon chemical shifts in 0 class(es) with
REMARK      scale factor(s) of NA
REMARK 0 proton chemical shifts in 0 class(es) with
REMARK      scale factor(s) of NA
REMARK 0 diffusion anisotropy restraints in 0 class(es) with
REMARK      scale factor(s) of NA
REMARK 0 susceptability anisotropy restraints in 0 class(es) with
REMARK      scale factor(s) of NA
REMARK 0 dihedral restraints with scale factors of 5; 200; 400
REMARK 0 planarity restraints with a scale factor of NA
REMARK NCS restraints not used.
REMARK ===============================================================
REMARK               bond, angles, improp, vdw(<1.6),  dihed
REMARK violations :    54      94       8         2      44
REMARK RMSD       : 0.0608   4.635   1.963            22.156
REMARK ===============================================================
REMARK                noe,   cdih,   coup,   oneb, carb-a, carb-b,
REMARK violations :   461       0       0       0       0   -----
REMARK RMSD       :  8.236   0.000   0.000   0.000   0.000   0.000
REMARK 0.2/2 viol.:   506       0       0
REMARK ===============================================================
REMARK               dani,   sani
REMARK violations :     0       0
REMARK RMSD       :  0.000   0.000
REMARK .2/.1 viol.:     0       0
REMARK ===============================================================
REMARK Protons       violations, rmsd
REMARK all    :           0       0.000
REMARK class 1:           0       0.000
REMARK class 2:           0       0.000
REMARK class 3:           0       0.000
REMARK class 4:           0       0.000
REMARK ===============================================================
REMARK overall = 41447.8
REMARK bon     = 2164.87
REMARK ang     = 1137.69
REMARK imp     = 60.8167
REMARK vdw     = 1179.11
REMARK harm    = 0
REMARK noe     = 36762.9
REMARK coup    = 0
REMARK oneb    = 0
REMARK carb    = 0
REMARK prot    = 0
REMARK dani    = 0
REMARK sani    = 0
REMARK cdih    = 0
REMARK ncs     = 0
REMARK ===============================================================
REMARK DATE:05-Jul-2018  16:17:40       created by user: oeow39
REMARK VERSION:1.3
./chr21_1mb_matrix_19.pdbREMARK FILENAME="chr21_1mb_matrix_19.pdb"
REMARK The macromolecule has 37 residues
REMARK Trial structure 19 of 20 structures
REMARK Molecular dynamics scheme : cartesian; cartesian; minimize
REMARK High temperature dynamics :
REMARK      temp: 2000 steps: 1000 time(ps): 3
REMARK 1st cooling stage         :
REMARK      temp: 2000->0 steps: 1000 time(ps): 5 temp step: 25
REMARK 2nd cooling stage not used:
REMARK a total 150000 steps of minimization
REMARK VDW scale factors 20 20 0.01 0.003 0.003; 3E-03->4; 1
REMARK 528 NOEs in 1 class(es) with scale factors of 10; 10; 10
REMARK      averaging function(s): cent,
REMARK 0 3-bond j-couplings in 0 class(es) with
REMARK      scale factor(s) of NA
REMARK 0 1-bond j-couplings in 0 class(es) with
REMARK      scale factor(s) of NA
REMARK 0 carbon chemical shifts in 0 class(es) with
REMARK      scale factor(s) of NA
REMARK 0 proton chemical shifts in 0 class(es) with
REMARK      scale factor(s) of NA
REMARK 0 diffusion anisotropy restraints in 0 class(es) with
REMARK      scale factor(s) of NA
REMARK 0 susceptability anisotropy restraints in 0 class(es) with
REMARK      scale factor(s) of NA
REMARK 0 dihedral restraints with scale factors of 5; 200; 400
REMARK 0 planarity restraints with a scale factor of NA
REMARK NCS restraints not used.
REMARK ===============================================================
REMARK               bond, angles, improp, vdw(<1.6),  dihed
REMARK violations :    57      98      10         0      29
REMARK RMSD       : 0.0609   4.545   1.959            18.669
REMARK ===============================================================
REMARK                noe,   cdih,   coup,   oneb, carb-a, carb-b,
REMARK violations :   458       0       0       0       0   -----
REMARK RMSD       :  8.218   0.000   0.000   0.000   0.000   0.000
REMARK 0.2/2 viol.:   500       0       0
REMARK ===============================================================
REMARK               dani,   sani
REMARK violations :     0       0
REMARK RMSD       :  0.000   0.000
REMARK .2/.1 viol.:     0       0
REMARK ===============================================================
REMARK Protons       violations, rmsd
REMARK all    :           0       0.000
REMARK class 1:           0       0.000
REMARK class 2:           0       0.000
REMARK class 3:           0       0.000
REMARK class 4:           0       0.000
REMARK ===============================================================
REMARK overall = 41530.2
REMARK bon     = 2171.17
REMARK ang     = 1141.01
REMARK imp     = 61.0461
REMARK vdw     = 1282.56
REMARK harm    = 0
REMARK noe     = 36753.4
REMARK coup    = 0
REMARK oneb    = 0
REMARK carb    = 0
REMARK prot    = 0
REMARK dani    = 0
REMARK sani    = 0
REMARK cdih    = 0
REMARK ncs     = 0
REMARK ===============================================================
REMARK DATE:05-Jul-2018  16:19:36       created by user: oeow39
REMARK VERSION:1.3
./chr21_1mb_matrix_3.pdbREMARK FILENAME="chr21_1mb_matrix_3.pdb"
REMARK The macromolecule has 37 residues
REMARK Trial structure 3 of 20 structures
REMARK Molecular dynamics scheme : cartesian; cartesian; minimize
REMARK High temperature dynamics :
REMARK      temp: 2000 steps: 1000 time(ps): 3
REMARK 1st cooling stage         :
REMARK      temp: 2000->0 steps: 1000 time(ps): 5 temp step: 25
REMARK 2nd cooling stage not used:
REMARK a total 150000 steps of minimization
REMARK VDW scale factors 20 20 0.01 0.003 0.003; 3E-03->4; 1
REMARK 528 NOEs in 1 class(es) with scale factors of 10; 10; 10
REMARK      averaging function(s): cent,
REMARK 0 3-bond j-couplings in 0 class(es) with
REMARK      scale factor(s) of NA
REMARK 0 1-bond j-couplings in 0 class(es) with
REMARK      scale factor(s) of NA
REMARK 0 carbon chemical shifts in 0 class(es) with
REMARK      scale factor(s) of NA
REMARK 0 proton chemical shifts in 0 class(es) with
REMARK      scale factor(s) of NA
REMARK 0 diffusion anisotropy restraints in 0 class(es) with
REMARK      scale factor(s) of NA
REMARK 0 susceptability anisotropy restraints in 0 class(es) with
REMARK      scale factor(s) of NA
REMARK 0 dihedral restraints with scale factors of 5; 200; 400
REMARK 0 planarity restraints with a scale factor of NA
REMARK NCS restraints not used.
REMARK ===============================================================
REMARK               bond, angles, improp, vdw(<1.6),  dihed
REMARK violations :    58      95       7         0      44
REMARK RMSD       : 0.0608   4.555   1.928            21.779
REMARK ===============================================================
REMARK                noe,   cdih,   coup,   oneb, carb-a, carb-b,
REMARK violations :   456       0       0       0       0   -----
REMARK RMSD       :  8.216   0.000   0.000   0.000   0.000   0.000
REMARK 0.2/2 viol.:   503       0       0
REMARK ===============================================================
REMARK               dani,   sani
REMARK violations :     0       0
REMARK RMSD       :  0.000   0.000
REMARK .2/.1 viol.:     0       0
REMARK ===============================================================
REMARK Protons       violations, rmsd
REMARK all    :           0       0.000
REMARK class 1:           0       0.000
REMARK class 2:           0       0.000
REMARK class 3:           0       0.000
REMARK class 4:           0       0.000
REMARK ===============================================================
REMARK overall = 41466.8
REMARK bon     = 2154.6
REMARK ang     = 1129.57
REMARK imp     = 59.5704
REMARK vdw     = 1231.8
REMARK harm    = 0
REMARK noe     = 36743.3
REMARK coup    = 0
REMARK oneb    = 0
REMARK carb    = 0
REMARK prot    = 0
REMARK dani    = 0
REMARK sani    = 0
REMARK cdih    = 0
REMARK ncs     = 0
REMARK ===============================================================
REMARK DATE:05-Jul-2018  16:14:59       created by user: oeow39
REMARK VERSION:1.3
