 MATLAB Evaluation Started............
Processing file /storage/htc/bdm/tosin/GSDB/Data/OO7429SF/primary/GM_100kb/GM12878/KR_100kb/chr13_list.txt..............
INFO: License(s) matlab:1
Currently Loaded Modulefiles:
  1) matlab/matlab-R2018a

                            < M A T L A B (R) >
                  Copyright 1984-2018 The MathWorks, Inc.
                   R2018a (9.4.0.813654) 64-bit (glnxa64)
                             February 23, 2018

 
To get started, type one of these: helpwin, helpdesk, or demo.
For product information, visit www.mathworks.com.
 
InfMod3DGen Execution Completed........

n =

     1


m =

   960


p =

     3


XYZ =

   1.0e+03 *

   -0.1650   -0.3750    0.3150
   -0.6564    0.1453    0.6502
   -0.2883   -0.2066    0.5202
   -0.3179   -0.2616    0.3411
   -0.2983   -0.1781    0.3913
   -0.3605    0.0273    0.5373
   -0.4107    0.0550    0.5277
   -0.3795    0.0260    0.5053
   -0.4351    0.0063    0.5307
   -0.4100   -0.0412    0.4966
   -0.3735   -0.1446    0.4375
   -0.3995   -0.1106    0.4137
   -0.4480   -0.1506    0.3402
   -0.4272   -0.1281    0.3583
   -0.4259   -0.1886    0.3756
   -0.4485   -0.1211    0.3182
   -0.4376   -0.1299    0.2828
   -0.4663   -0.0637    0.3039
   -0.4081   -0.1162    0.3969
   -0.4098   -0.1734    0.3560
   -0.4658   -0.0533    0.2875
   -0.4390   -0.1424    0.3211
   -0.4687   -0.0737    0.3672
   -0.4127   -0.0793    0.2937
   -0.4566   -0.1059    0.2525
   -0.4050   -0.0913    0.3553
   -0.4600   -0.1206    0.3408
   -0.4597   -0.0905    0.3519
   -0.4333   -0.1144    0.3572
   -0.3888   -0.1253    0.3817
   -0.3017   -0.0960    0.3469
   -0.4070   -0.1166    0.3892
   -0.3172   -0.1093    0.4427
   -0.3699   -0.0946    0.5196
   -0.3272   -0.1096    0.4850
   -0.4074   -0.1186    0.4643
   -0.3965   -0.1289    0.3908
   -0.3163   -0.1324    0.4215
   -0.4117   -0.0743    0.4596
   -0.4368   -0.0245    0.5657
   -0.3449   -0.0726    0.5326
   -0.3989   -0.0593    0.5727
   -0.3575   -0.0674    0.5461
   -0.4439   -0.0511    0.5174
   -0.3699   -0.1484    0.4503
   -0.4158   -0.1196    0.4814
   -0.4457   -0.1192    0.5289
   -0.4193   -0.1601    0.5246
   -0.4243   -0.1760    0.4900
   -0.4348   -0.1373    0.4023
   -0.4450   -0.1020    0.3385
   -0.4328   -0.1321    0.3005
   -0.4363   -0.0911    0.3174
   -0.4537   -0.1054    0.2554
   -0.5042   -0.0484    0.2376
   -0.4627   -0.1277    0.3416
   -0.4270   -0.1825    0.3693
   -0.4400   -0.1365    0.3619
   -0.4617   -0.1472    0.3192
   -0.4384   -0.1436    0.3711
   -0.4497   -0.1368    0.3089
   -0.4417   -0.1045    0.3230
   -0.4479   -0.1386    0.3072
   -0.4379   -0.1672    0.3671
   -0.4496   -0.1573    0.3276
   -0.4450   -0.0832    0.3189
   -0.4477   -0.1483    0.3860
   -0.4288   -0.1828    0.3864
   -0.4808   -0.1376    0.3360
   -0.4157   -0.1777    0.4151
   -0.4164   -0.1646    0.4754
   -0.4085   -0.1558    0.4303
   -0.4073   -0.1701    0.4667
   -0.4156   -0.1452    0.4766
   -0.4134   -0.1774    0.4348
   -0.3969   -0.1450    0.4750
   -0.4327   -0.1036    0.4605
   -0.4465   -0.1673    0.4016
   -0.4389   -0.1863    0.4032
   -0.4296   -0.2032    0.4295
   -0.4249   -0.1453    0.4453
   -0.4122   -0.1586    0.4625
   -0.4114   -0.1818    0.4360
   -0.4216   -0.1465    0.4590
   -0.4140   -0.1570    0.4340
   -0.4388   -0.1107    0.3068
   -0.4465   -0.1216    0.2627
   -0.4637   -0.0905    0.2613
   -0.4376   -0.1154    0.2839
   -0.4594   -0.0538    0.2634
   -0.4402   -0.1076    0.2960
   -0.4552   -0.1092    0.3163
   -0.4464   -0.1342    0.3624
   -0.4197   -0.1519    0.3297
   -0.4429   -0.0880    0.3797
   -0.4549   -0.1142    0.2879
   -0.4882   -0.0926    0.3173
   -0.4616   -0.1204    0.2834
   -0.4773   -0.0732    0.2661
   -0.4544   -0.0996    0.3472
   -0.4707   -0.1266    0.3561
   -0.4397   -0.1701    0.3613
   -0.4765   -0.1168    0.3302
   -0.4425   -0.1309    0.4350
   -0.4169   -0.1799    0.4940
   -0.4174   -0.1370    0.5170
   -0.4103   -0.1772    0.5007
   -0.4398   -0.1684    0.4749
   -0.4244   -0.1360    0.5193
   -0.4233   -0.1647    0.5011
   -0.4322   -0.1780    0.4578
   -0.4424   -0.1793    0.4151
   -0.4298   -0.1788    0.4510
   -0.4674   -0.1180    0.3779
   -0.4425   -0.1748    0.3958
   -0.4543   -0.1794    0.4342
   -0.4745   -0.1263    0.4094
   -0.4713   -0.1048    0.3102
   -0.4768   -0.0720    0.3294
   -0.5097   -0.0542    0.2531
   -0.4384   -0.1180    0.2810
   -0.4943   -0.0634    0.3097
   -0.5092   -0.1145    0.2777
   -0.4894   -0.0691    0.3370
   -0.4394   -0.1946    0.4348
   -0.4364   -0.1993    0.4809
   -0.4529   -0.1897    0.4487
   -0.4442   -0.1269    0.5002
   -0.4396   -0.1744    0.5411
   -0.4560   -0.0629    0.5807
   -0.4546   -0.1139    0.5479
   -0.4593   -0.0134    0.5938
   -0.4608   -0.0033    0.5908
   -0.4598   -0.0833    0.5547
   -0.4821   -0.0915    0.4514
   -0.4776   -0.0946    0.4783
   -0.4802   -0.0198    0.4225
   -0.4783   -0.0991    0.4258
   -0.4738   -0.1089    0.4810
   -0.4895    0.0011    0.4393
   -0.5171   -0.0950    0.3701
   -0.5234   -0.0342    0.3355
   -0.5333   -0.0202    0.3061
   -0.5337   -0.0623    0.3345
   -0.5026   -0.0873    0.4209
   -0.5089   -0.0325    0.4232
   -0.5081   -0.0400    0.4056
   -0.5143   -0.0741    0.3314
   -0.4868   -0.1282    0.4761
   -0.4794   -0.0382    0.5159
   -0.5080   -0.0273    0.4438
   -0.4846   -0.1196    0.4338
   -0.5137   -0.1028    0.4536
   -0.5026   -0.0544    0.4445
   -0.4862   -0.0890    0.5162
   -0.4770   -0.1860    0.4723
   -0.4505   -0.1589    0.5247
   -0.4720   -0.1144    0.5331
   -0.4917   -0.2076    0.4504
   -0.4723   -0.1365    0.5299
   -0.4733   -0.2044    0.4854
   -0.4786   -0.1223    0.5599
   -0.4761   -0.1204    0.5822
   -0.4622   -0.1940    0.5306
   -0.4885   -0.1294    0.5809
   -0.4747   -0.1754    0.5472
   -0.4926   -0.1179    0.5648
   -0.5066   -0.1178    0.5285
   -0.4783   -0.1323    0.5754
   -0.4857   -0.1939    0.5624
   -0.4792   -0.2081    0.5742
   -0.4804   -0.1594    0.5879
   -0.4778   -0.1570    0.5806
   -0.4628   -0.2081    0.5630
   -0.4644   -0.2063    0.5845
   -0.4697   -0.1811    0.5921
   -0.4707   -0.1349    0.6156
   -0.4676   -0.2185    0.5975
   -0.4659   -0.1708    0.5858
   -0.4694   -0.2174    0.5534
   -0.4691   -0.1316    0.6035
   -0.4613   -0.2260    0.5827
   -0.4657   -0.2266    0.5709
   -0.4512   -0.2448    0.5430
   -0.4602   -0.1985    0.5557
   -0.4706   -0.1768    0.5286
   -0.4649   -0.1948    0.5535
   -0.4744   -0.2151    0.5938
   -0.4909   -0.1858    0.6092
   -0.4712   -0.2148    0.6001
   -0.4859   -0.1889    0.6148
   -0.4850   -0.1619    0.6204
   -0.4757   -0.2194    0.5960
   -0.4980   -0.2190    0.5837
   -0.4907   -0.1874    0.6097
   -0.4873   -0.2153    0.5866
   -0.4912   -0.1827    0.6124
   -0.4753   -0.2321    0.5650
   -0.4830   -0.2195    0.5802
   -0.4670   -0.2501    0.5381
   -0.4705   -0.2427    0.5536
   -0.4931   -0.2092    0.5664
   -0.4751   -0.2574    0.5551
   -0.4766   -0.2292    0.5708
   -0.4736   -0.2592    0.5481
   -0.4707   -0.2194    0.5623
   -0.4667   -0.2646    0.5180
   -0.4707   -0.1827    0.5735
   -0.4736   -0.2667    0.5283
   -0.4670   -0.2563    0.5395
   -0.4605   -0.1546    0.5879
   -0.4828   -0.1459    0.5586
   -0.4892   -0.2575    0.4642
   -0.4775   -0.2591    0.4860
   -0.4725   -0.1936    0.5479
   -0.4955   -0.2413    0.4492
   -0.5226   -0.1824    0.4103
   -0.4698   -0.2139    0.4716
   -0.4730   -0.2867    0.4530
   -0.4903   -0.2856    0.4019
   -0.5084   -0.2217    0.3780
   -0.4855   -0.2558    0.3647
   -0.5236   -0.2503    0.3186
   -0.5017   -0.2563    0.3817
   -0.5030   -0.2175    0.4271
   -0.4731   -0.2527    0.2595
   -0.5292   -0.2118    0.3257
   -0.5102   -0.2714    0.3601
   -0.5358   -0.2390    0.3345
   -0.5591   -0.1466    0.3349
   -0.5067   -0.2411    0.3481
   -0.5217   -0.2911    0.3350
   -0.5999   -0.1749    0.2722
   -0.5255   -0.2371    0.2845
   -0.5429   -0.1918    0.2443
   -0.5322   -0.2756    0.2987
   -0.5126   -0.2132    0.2236
   -0.5691   -0.2600    0.2458
   -0.5558   -0.2289    0.2121
   -0.5485   -0.2110    0.2083
   -0.5563   -0.2130    0.2767
   -0.5397   -0.2280    0.2864
   -0.4713   -0.3055    0.4407
   -0.4964   -0.2623    0.4535
   -0.5418   -0.1583    0.4262
   -0.5365   -0.1931    0.3458
   -0.5403   -0.1227    0.3904
   -0.5163   -0.2134    0.4476
   -0.5411   -0.1809    0.4870
   -0.4873   -0.2928    0.4634
   -0.5796   -0.2762    0.4878
   -0.5243   -0.3067    0.4777
   -0.5423   -0.2954    0.4759
   -0.6238   -0.2688    0.4435
   -0.5359   -0.3088    0.3997
   -0.6406   -0.2552    0.4760
   -0.5770   -0.2819    0.4598
   -0.5943   -0.2829    0.4530
   -0.7066   -0.2411    0.4710
   -0.6355   -0.2713    0.4625
   -0.6734   -0.2653    0.4129
   -0.5929   -0.2833    0.4528
   -0.6996   -0.2413    0.4865
   -0.6281   -0.2726    0.4713
   -0.7279   -0.2313    0.4487
   -0.6262   -0.2504    0.3597
   -0.7341   -0.2060    0.3848
   -0.6422   -0.2517    0.3684
   -0.6815   -0.2249    0.3508
   -0.7823   -0.2039    0.3716
   -0.7059   -0.2253    0.3624
   -0.7403   -0.2206    0.4265
   -0.6300   -0.2475    0.3734
   -0.7043   -0.2434    0.4201
   -0.6339   -0.2305    0.4510
   -0.6652   -0.2597    0.3780
   -0.6966   -0.2296    0.3745
   -0.7856   -0.2324    0.3879
   -0.7627   -0.2353    0.4622
   -0.7847   -0.2364    0.4385
   -0.8283   -0.2315    0.4714
   -0.9297   -0.2401    0.4851
   -0.8586   -0.2325    0.4509
   -0.8379   -0.1720    0.5337
   -0.8213   -0.2557    0.5320
   -0.9146   -0.2626    0.5488
   -0.8559   -0.2099    0.5557
   -0.8802   -0.2653    0.5532
   -0.8877   -0.2644    0.5799
   -0.9947   -0.2781    0.6030
   -0.9138   -0.2641    0.5876
   -1.0173   -0.2836    0.6064
   -0.9407   -0.2748    0.5947
   -0.9824   -0.2728    0.5908
   -1.0215   -0.2826    0.6006
   -1.0569   -0.2820    0.5871
   -1.1365   -0.2792    0.5846
   -1.0345   -0.2725    0.5725
   -1.1282   -0.2762    0.5724
   -1.0390   -0.2662    0.5516
   -1.1189   -0.2688    0.5616
   -1.0069   -0.2590    0.5358
   -1.0179   -0.2744    0.5824
   -1.0883   -0.2769    0.5870
   -1.0154   -0.2748    0.5833
   -1.0516   -0.2772    0.5749
   -1.1275   -0.2784    0.5800
   -1.0642   -0.2670    0.5484
   -1.0818   -0.2674    0.5553
   -1.1501   -0.2794    0.5825
   -1.0642   -0.2574    0.5300
   -1.1042   -0.2662    0.5436
   -1.1837   -0.2708    0.5654
   -1.0772   -0.2633    0.5467
   -1.0490   -0.2686    0.5574
   -1.0230   -0.2537    0.5107
   -1.0869   -0.2634    0.5309
   -0.9924   -0.2621    0.5370
   -0.9747   -0.2620    0.5417
   -0.9531   -0.2570    0.5331
   -1.0087   -0.2648    0.5587
   -0.9157   -0.2503    0.5151
   -0.9130   -0.2568    0.5381
   -0.9238   -0.2539    0.5160
   -1.0099   -0.2601    0.5342
   -0.9935   -0.2649    0.5493
   -0.8886   -0.2545    0.5216
   -0.8950   -0.2683    0.5515
   -0.9839   -0.2698    0.5590
   -0.9057   -0.2499    0.4932
   -0.9143   -0.2585    0.5179
   -0.9938   -0.2610    0.5338
   -0.8962   -0.2604    0.5273
   -0.9081   -0.2543    0.5013
   -0.8089   -0.2643    0.5278
   -0.7559   -0.2758    0.5321
   -0.7447   -0.2698    0.5509
   -0.8553   -0.2662    0.5502
   -0.7712   -0.2831    0.5386
   -0.8062   -0.2755    0.5671
   -0.6974   -0.2795    0.5405
   -0.7869   -0.2630    0.5354
   -0.7720   -0.2761    0.5499
   -0.6881   -0.2864    0.5760
   -0.7605   -0.2998    0.5280
   -0.7167   -0.2857    0.5962
   -0.6233   -0.2982    0.6177
   -0.6152   -0.3250    0.5427
   -0.7021   -0.3091    0.5737
   -0.6096   -0.3623    0.4635
   -0.6658   -0.3253    0.5557
   -0.5535   -0.3416    0.6026
   -0.6650   -0.3309    0.5729
   -0.6013   -0.3018    0.6725
   -0.5879   -0.3375    0.6454
   -0.6818   -0.3564    0.5434
   -0.6094   -0.3874    0.5279
   -0.6789   -0.3147    0.6355
   -0.6001   -0.3346    0.6639
   -0.6175   -0.3773    0.5766
   -0.6993   -0.3460    0.5796
   -0.7088   -0.2901    0.6663
   -0.6398   -0.3536    0.6153
   -0.6986   -0.3021    0.6387
   -0.5856   -0.3086    0.7040
   -0.6620   -0.3094    0.6812
   -0.6113   -0.3515    0.6442
   -0.6917   -0.2794    0.6834
   -0.6110   -0.3047    0.7170
   -0.5659   -0.3538    0.6622
   -0.5789   -0.3170    0.7077
   -0.6683   -0.2876    0.6992
   -0.6107   -0.3464    0.6770
   -0.7052   -0.2692    0.7055
   -0.5988   -0.3081    0.7166
   -0.7016   -0.2942    0.6959
   -0.5993   -0.3520    0.6502
   -0.5932   -0.3769    0.6302
   -0.6875   -0.3911    0.5392
   -0.6264   -0.3837    0.6130
   -0.7289   -0.3743    0.5054
   -0.7288   -0.3396    0.6185
   -0.6355   -0.3772    0.6006
   -0.7342   -0.2689    0.7003
   -0.6297   -0.3061    0.7189
   -0.7064   -0.3466    0.6188
   -0.6218   -0.3219    0.7144
   -0.6326   -0.3673    0.6902
   -0.7116   -0.2657    0.7413
   -0.6463   -0.2988    0.7331
   -0.7212   -0.2714    0.7209
   -0.6620   -0.2836    0.7113
   -0.7404   -0.2686    0.6979
   -0.6319   -0.2855    0.7366
   -0.6746   -0.2729    0.7558
   -0.5920   -0.2896    0.7475
   -0.5749   -0.3169    0.7703
   -0.6401   -0.2605    0.7543
   -0.5421   -0.3078    0.7249
   -0.6408   -0.2809    0.7104
   -0.5713   -0.2982    0.7041
   -0.5709   -0.3173    0.6484
   -0.5866   -0.2897    0.6768
   -0.6955   -0.2752    0.6527
   -0.6176   -0.2900    0.6354
   -0.6325   -0.3011    0.6206
   -0.7438   -0.2675    0.6712
   -0.6676   -0.2872    0.6939
   -0.7680   -0.2700    0.6711
   -0.7259   -0.2831    0.6459
   -0.8263   -0.2751    0.6446
   -0.7204   -0.2828    0.6533
   -0.7972   -0.2787    0.6127
   -0.7324   -0.2798    0.5947
   -0.7800   -0.2797    0.5973
   -0.8725   -0.2802    0.6030
   -0.7721   -0.2744    0.5901
   -0.7270   -0.2814    0.6033
   -0.7824   -0.2806    0.6263
   -0.6862   -0.2848    0.5992
   -0.6797   -0.2854    0.6138
   -0.6793   -0.2907    0.6322
   -0.7778   -0.2843    0.6596
   -0.6871   -0.2934    0.6955
   -0.7862   -0.2785    0.7049
   -0.7475   -0.2826    0.6933
   -0.8302   -0.2835    0.6665
   -0.7598   -0.2875    0.6599
   -0.7546   -0.2871    0.6591
   -0.8802   -0.2868    0.6807
   -0.8779   -0.2915    0.6824
   -0.7828   -0.2842    0.6928
   -0.8328   -0.2834    0.6970
   -0.7548   -0.2907    0.7224
   -0.8605   -0.2917    0.6833
   -0.7542   -0.2915    0.6996
   -0.7868   -0.2793    0.6930
   -0.6747   -0.2615    0.6451
   -0.7396   -0.2825    0.6275
   -0.6387   -0.2444    0.7117
   -0.6281   -0.3028    0.6794
   -0.6934   -0.2983    0.6800
   -0.6054   -0.2724    0.7021
   -0.5869   -0.2549    0.7398
   -0.5968   -0.3179    0.7419
   -0.6199   -0.2366    0.7708
   -0.6917   -0.2908    0.7556
   -0.5960   -0.2251    0.7786
   -0.6745   -0.2898    0.7474
   -0.6335   -0.2062    0.7680
   -0.5549   -0.2728    0.7434
   -0.5957   -0.1792    0.7547
   -0.6828   -0.2560    0.7234
   -0.6179   -0.1893    0.7903
   -0.6887   -0.2477    0.7531
   -0.5806   -0.1640    0.7574
   -0.5452   -0.2630    0.7585
   -0.6496   -0.2389    0.7607
   -0.6107   -0.3210    0.7830
   -0.7139   -0.3047    0.7700
   -0.6756   -0.2781    0.7926
   -0.5625   -0.2724    0.7912
   -0.6406   -0.3129    0.7723
   -0.6264   -0.2985    0.7589
   -0.6932   -0.2036    0.7596
   -0.6511   -0.1696    0.7318
   -0.6351   -0.2626    0.7631
   -0.5326   -0.2526    0.7365
   -0.5206   -0.1586    0.7789
   -0.6124   -0.2235    0.7622
   -0.5026   -0.1507    0.7500
   -0.4791   -0.1670    0.7909
   -0.5331   -0.2637    0.8005
   -0.5123   -0.2115    0.7884
   -0.4696   -0.2865    0.7565
   -0.4997   -0.1970    0.7545
   -0.5071   -0.2364    0.7240
   -0.4498   -0.2144    0.7033
   -0.4615   -0.1447    0.7410
   -0.4765   -0.2337    0.7467
   -0.5882   -0.1349    0.7466
   -0.5102   -0.1348    0.7525
   -0.5626   -0.2352    0.7408
   -0.4919   -0.2226    0.7834
   -0.5890   -0.3278    0.7405
   -0.4936   -0.2613    0.7277
   -0.4697   -0.3252    0.7112
   -0.5566   -0.3024    0.7541
   -0.5502   -0.3313    0.7316
   -0.4620   -0.3108    0.7326
   -0.5125   -0.3382    0.7350
   -0.4666   -0.3261    0.7510
   -0.5561   -0.3508    0.7588
   -0.5312   -0.3220    0.7505
   -0.5976   -0.2748    0.7761
   -0.5427   -0.2386    0.7646
   -0.5370   -0.1594    0.7654
   -0.6248   -0.1509    0.7626
   -0.5747   -0.2523    0.7716
   -0.6261   -0.2028    0.7862
   -0.6063   -0.2745    0.7653
   -0.7047   -0.2401    0.7452
   -0.6523   -0.2660    0.7776
   -0.7203   -0.3397    0.7530
   -0.6383   -0.3551    0.7745
   -0.7437   -0.3454    0.7635
   -0.7135   -0.3506    0.7633
   -0.7517   -0.3334    0.7466
   -0.8503   -0.3288    0.7024
   -0.7434   -0.3406    0.7456
   -0.7566   -0.3440    0.7565
   -0.8027   -0.3298    0.7036
   -0.9133   -0.3263    0.6842
   -0.8040   -0.3433    0.7367
   -0.7848   -0.3393    0.7311
   -0.7792   -0.3394    0.6912
   -0.8682   -0.3352    0.6969
   -0.7702   -0.3486    0.7525
   -0.8186   -0.3408    0.7182
   -0.7488   -0.3527    0.7469
   -0.8150   -0.3485    0.7240
   -0.7515   -0.3104    0.7648
   -0.8289   -0.3558    0.7428
   -0.7792   -0.3386    0.7486
   -0.7736   -0.3626    0.7300
   -0.8610   -0.3485    0.7248
   -0.7545   -0.3565    0.7161
   -0.7891   -0.3594    0.7339
   -0.9023   -0.3400    0.6802
   -0.8290   -0.3654    0.7367
   -0.9117   -0.3532    0.7196
   -0.8236   -0.3601    0.7581
   -0.8081   -0.3703    0.7495
   -0.8244   -0.3629    0.7329
   -0.9166   -0.3505    0.7016
   -0.8359   -0.3614    0.7333
   -0.8924   -0.3550    0.7299
   -0.7891   -0.3664    0.7332
   -0.7708   -0.3694    0.7595
   -0.8780   -0.3567    0.7263
   -0.8581   -0.3543    0.7124
   -0.7739   -0.3708    0.7211
   -0.8449   -0.3460    0.6673
   -0.8378   -0.3419    0.6176
   -0.9314   -0.3326    0.6487
   -0.8252   -0.3443    0.6425
   -0.8623   -0.3433    0.6591
   -0.9617   -0.3382    0.6845
   -0.9495   -0.3454    0.6863
   -0.8585   -0.3557    0.7018
   -0.9111   -0.3485    0.7044
   -0.8960   -0.3632    0.7074
   -0.7857   -0.3802    0.6870
   -0.8693   -0.3659    0.6619
   -0.7605   -0.4041    0.6276
   -0.8554   -0.3578    0.6315
   -0.7571   -0.3979    0.6108
   -0.7931   -0.3788    0.6669
   -0.6999   -0.4250    0.7221
   -0.7437   -0.4051    0.7593
   -0.8506   -0.3781    0.7413
   -0.8475   -0.3788    0.7226
   -0.7566   -0.4043    0.7565
   -0.7297   -0.4069    0.7479
   -0.8143   -0.3893    0.7323
   -0.7318   -0.4034    0.7491
   -0.6944   -0.4164    0.7519
   -0.7955   -0.3943    0.7310
   -0.7265   -0.4155    0.6542
   -0.7174   -0.4264    0.6112
   -0.8104   -0.3756    0.6148
   -0.7156   -0.4347    0.6166
   -0.7950   -0.4018    0.6349
   -0.7424   -0.4190    0.6363
   -0.7450   -0.4295    0.6928
   -0.8548   -0.3811    0.7044
   -0.8000   -0.4086    0.7503
   -0.8745   -0.3812    0.7279
   -0.7748   -0.4025    0.7409
   -0.7242   -0.4237    0.7562
   -0.7933   -0.4081    0.7310
   -0.7057   -0.4182    0.7395
   -0.7357   -0.3997    0.6961
   -0.6435   -0.4168    0.6875
   -0.6436   -0.4378    0.6932
   -0.6892   -0.4221    0.6470
   -0.7819   -0.4953    0.5806
   -0.8311   -0.5197    0.6357
   -0.7648   -0.5504    0.5785
   -0.8229   -0.3987    0.6734
   -0.7135   -0.4876    0.6631
   -0.6671   -0.4778    0.6645
   -0.7382   -0.4289    0.6557
   -0.6508   -0.4570    0.6991
   -0.6470   -0.4315    0.7120
   -0.7549   -0.4104    0.6996
   -0.6916   -0.4425    0.7249
   -0.6989   -0.4620    0.7206
   -0.8104   -0.4299    0.7334
   -0.7527   -0.4288    0.7045
   -0.7355   -0.4311    0.7229
   -0.8277   -0.4006    0.6954
   -0.7271   -0.4277    0.6821
   -0.8213   -0.4137    0.7323
   -0.7246   -0.4313    0.7401
   -0.6843   -0.4519    0.7123
   -0.6508   -0.4514    0.6988
   -0.7285   -0.4381    0.6697
   -0.7069   -0.4572    0.6678
   -0.5984   -0.4796    0.6241
   -0.6186   -0.4384    0.6381
   -0.7220   -0.4243    0.6877
   -0.6177   -0.4390    0.7275
   -0.7279   -0.4401    0.7167
   -0.7076   -0.4326    0.7350
   -0.7832   -0.4177    0.7072
   -0.7300   -0.4208    0.6771
   -0.8336   -0.3987    0.6885
   -0.7372   -0.4326    0.6810
   -0.7984   -0.4235    0.6757
   -0.7345   -0.4165    0.7105
   -0.7386   -0.4226    0.7550
   -0.8347   -0.3996    0.7573
   -0.7818   -0.4216    0.7759
   -0.8761   -0.3924    0.7501
   -0.8945   -0.3930    0.7435
   -0.7831   -0.4238    0.7569
   -0.8940   -0.3884    0.7333
   -0.8438   -0.3984    0.7445
   -0.9178   -0.3695    0.7112
   -0.8091   -0.4186    0.7650
   -0.8310   -0.4134    0.7795
   -0.7199   -0.4245    0.7824
   -0.7601   -0.4288    0.7852
   -0.6574   -0.4465    0.8034
   -0.7339   -0.4312    0.8117
   -0.6398   -0.4449    0.8221
   -0.6072   -0.4401    0.8042
   -0.6675   -0.4338    0.8091
   -0.5722   -0.4525    0.8075
   -0.6196   -0.4454    0.8103
   -0.5173   -0.4486    0.8161
   -0.4795   -0.4412    0.7823
   -0.4893   -0.4457    0.7996
   -0.5262   -0.4417    0.8169
   -0.6124   -0.4395    0.7974
   -0.5624   -0.4456    0.8181
   -0.6579   -0.4429    0.8258
   -0.6768   -0.4441    0.8305
   -0.5911   -0.4475    0.8170
   -0.5561   -0.4546    0.8237
   -0.6137   -0.4462    0.8111
   -0.5205   -0.4342    0.7738
   -0.5013   -0.4446    0.7692
   -0.5736   -0.4405    0.7526
   -0.4863   -0.4222    0.7063
   -0.5433   -0.4401    0.7398
   -0.5324   -0.4319    0.7529
   -0.4266   -0.4416    0.7625
   -0.4222   -0.4278    0.7746
   -0.5008   -0.4379    0.7710
   -0.4143   -0.4243    0.7657
   -0.4388   -0.4217    0.7786
   -0.3969   -0.4250    0.7865
   -0.4132   -0.4179    0.7672
   -0.3810   -0.4279    0.7836
   -0.4377   -0.4310    0.8023
   -0.3836   -0.4002    0.8044
   -0.3868   -0.4216    0.7919
   -0.3951   -0.4076    0.7842
   -0.3855   -0.4195    0.7791
   -0.3855   -0.4074    0.7796
   -0.3822   -0.4171    0.7851
   -0.4336   -0.4267    0.7772
   -0.4513   -0.4165    0.7968
   -0.4318   -0.4242    0.7902
   -0.3848   -0.4110    0.7929
   -0.3707   -0.4335    0.8211
   -0.3846   -0.4016    0.8049
   -0.3833   -0.4229    0.7964
   -0.3793   -0.4139    0.8046
   -0.3747   -0.3973    0.8403
   -0.3685   -0.4138    0.7967
   -0.3695   -0.4221    0.8029
   -0.3631   -0.3908    0.7925
   -0.3670   -0.3880    0.8268
   -0.3636   -0.4155    0.8043
   -0.3709   -0.3941    0.8452
   -0.3614   -0.4179    0.7896
   -0.3787   -0.3831    0.8750
   -0.3696   -0.3761    0.8244
   -0.3561   -0.3963    0.8245
   -0.3628   -0.3770    0.8677
   -0.3848   -0.3655    0.9577
   -0.3683   -0.3917    0.8722
   -0.3561   -0.4060    0.8397
   -0.3620   -0.3838    0.8824
   -0.3392   -0.4308    0.8310
   -0.3493   -0.4302    0.8388
   -0.3437   -0.4188    0.8301
   -0.3503   -0.4082    0.8082
   -0.3585   -0.3689    0.9085
   -0.3469   -0.3856    0.8633
   -0.3536   -0.3847    0.8521
   -0.3700   -0.3562    0.8691
   -0.3602   -0.3813    0.8854
   -0.3450   -0.3978    0.8980
   -0.3708   -0.3755    0.9843
   -0.3595   -0.3910    0.8987
   -0.3642   -0.3717    0.9085
   -0.3432   -0.4176    0.8105
   -0.3466   -0.4207    0.8326
   -0.3398   -0.4229    0.8246
   -0.3386   -0.4332    0.8187
   -0.3409   -0.4347    0.8007
   -0.3435   -0.4236    0.8130
   -0.3427   -0.4086    0.8412
   -0.3307   -0.4302    0.8346
   -0.3378   -0.4019    0.8311
   -0.3298   -0.4213    0.8016
   -0.3374   -0.3928    0.8157
   -0.3432   -0.3911    0.7535
   -0.3468   -0.3975    0.8319
   -0.3400   -0.4303    0.7870
   -0.3503   -0.3814    0.8330
   -0.3465   -0.3991    0.7469
   -0.3478   -0.3864    0.7089
   -0.3495   -0.3648    0.7807
   -0.3486   -0.3836    0.6842
   -0.3375   -0.3671    0.7333
   -0.3424   -0.3939    0.7021
   -0.3381   -0.3887    0.7161
   -0.3393   -0.4032    0.7060
   -0.3396   -0.3946    0.7282
   -0.3397   -0.4060    0.7260
   -0.3276   -0.4063    0.7493
   -0.3230   -0.4266    0.7710
   -0.3109   -0.4139    0.7897
   -0.3181   -0.4393    0.8042
   -0.3106   -0.4336    0.8153
   -0.2922   -0.4491    0.8350
   -0.2958   -0.4379    0.8232
   -0.2876   -0.4481    0.8423
   -0.2932   -0.4275    0.8163
   -0.3003   -0.4493    0.8237
   -0.2928   -0.4387    0.8398
   -0.3045   -0.4581    0.8276
   -0.2893   -0.4497    0.8400
   -0.3035   -0.4546    0.8146
   -0.2892   -0.4412    0.8199
   -0.2865   -0.4544    0.8499
   -0.2883   -0.4423    0.8043
   -0.2929   -0.4365    0.8108
   -0.3027   -0.4350    0.7624
   -0.2895   -0.4402    0.7982
   -0.3060   -0.4078    0.8277
   -0.2964   -0.4521    0.7902
   -0.2941   -0.4280    0.7603
   -0.2996   -0.3741    0.7816
   -0.2908   -0.4429    0.7464
   -0.3088   -0.3729    0.7663
   -0.3019   -0.3569    0.7392
   -0.3022   -0.4091    0.6999
   -0.3108   -0.4153    0.7313
   -0.3122   -0.3995    0.7419
   -0.3147   -0.4064    0.6930
   -0.3055   -0.4026    0.6555
   -0.2645   -0.4419    0.6133
   -0.2862   -0.4088    0.6352
   -0.2792   -0.4280    0.6587
   -0.2919   -0.4178    0.6751
   -0.3042   -0.4133    0.6863
   -0.2903   -0.4018    0.6430
   -0.3007   -0.4286    0.6582
   -0.3054   -0.4024    0.6823
   -0.3049   -0.4051    0.6754
   -0.3061   -0.3982    0.7119
   -0.3056   -0.4080    0.7482
   -0.2899   -0.4300    0.7748
   -0.2951   -0.4077    0.7563
   -0.2903   -0.4225    0.7724
   -0.2767   -0.4119    0.7892
   -0.2971   -0.4343    0.7953
   -0.2762   -0.4135    0.7655
   -0.2899   -0.4169    0.7666
   -0.2093   -0.3922    0.7311
   -0.2909   -0.4123    0.7046
   -0.2960   -0.3946    0.6730
   -0.2615   -0.3805    0.6614
   -0.2796   -0.4034    0.6592
   -0.2984   -0.3847    0.6571
   -0.2870   -0.4081    0.7012
   -0.2858   -0.4025    0.7219
   -0.2597   -0.3999    0.7162
   -0.2832   -0.4101    0.6873
   -0.2512   -0.3957    0.6508
   -0.2910   -0.4065    0.6708
   -0.2132   -0.3710    0.6631
   -0.2353   -0.3808    0.6617
   -0.2558   -0.4276    0.6565
   -0.2273   -0.4400    0.5780
   -0.2414   -0.4161    0.6068
   -0.2462   -0.4314    0.6632
   -0.1439   -0.3698    0.6649
   -0.1925   -0.3840    0.6609
   -0.1450   -0.3623    0.6558
   -0.2230   -0.4160    0.6361
   -0.1879   -0.4296    0.6026
   -0.1264   -0.4422    0.5895
   -0.1224   -0.4129    0.5857
   -0.0112   -0.3487    0.6183
   -0.1079   -0.3763    0.6375
   -0.0058   -0.3493    0.6503
   -0.0755   -0.3571    0.6692
    0.0241   -0.3446    0.6591
   -0.0860   -0.3625    0.6745
   -0.1165   -0.3553    0.6476
   -0.0190   -0.3431    0.6455
   -0.0876   -0.3552    0.6563
   -0.0537   -0.3424    0.6498
   -0.1399   -0.3918    0.6744
   -0.1503   -0.3687    0.6704
   -0.0814   -0.3552    0.6707
   -0.1714   -0.3858    0.7146
   -0.1456   -0.3807    0.7187
   -0.0664   -0.3775    0.7209
   -0.1584   -0.4080    0.7495
   -0.1945   -0.4368    0.7695
   -0.1062   -0.3912    0.7402
   -0.1571   -0.4590    0.7406
   -0.1534   -0.4853    0.7401
   -0.0658   -0.3840    0.6971
   -0.1596   -0.3917    0.7151
   -0.0701   -0.4185    0.7401
   -0.1182   -0.4166    0.7584
   -0.0557   -0.4020    0.7411
   -0.1283   -0.4338    0.7765
   -0.0917   -0.4122    0.7664
    0.0020   -0.4055    0.7254
   -0.1021   -0.3980    0.7314
   -0.1102   -0.4480    0.7658
   -0.0647   -0.4095    0.6825
    0.0337   -0.4865    0.6589
   -0.0255   -0.3884    0.6646
    0.0554   -0.4348    0.6983
    0.0526   -0.3688    0.6568
   -0.0309   -0.4224    0.6842
    0.0694   -0.4107    0.7225
    0.0957   -0.3992    0.6950
    0.0321   -0.3994    0.7447
    0.0032   -0.4436    0.7435
    0.0447   -0.4721    0.7311
    0.1273   -0.3993    0.7538
    0.0288   -0.4436    0.7811
    0.1043   -0.4073    0.7822
   -0.0076   -0.4542    0.8315
   -0.0047   -0.4632    0.8640
    0.0648   -0.4223    0.7977
   -0.0028   -0.4566    0.8453
    0.0461   -0.4427    0.8377
    0.0873   -0.4337    0.8063
    0.1809   -0.5321    0.7389
    0.0777   -0.5479    0.7848
    0.1468   -0.4700    0.7316
    0.0797   -0.5684    0.6955
    0.0521   -0.4923    0.6827
    0.0078   -0.4420    0.7197
    0.1036   -0.4661    0.7256
    0.0485   -0.4278    0.7966
    0.0812   -0.4200    0.7975
    0.1131   -0.4561    0.7563
    0.1295   -0.4002    0.7738
    0.2160   -0.4499    0.7313
    0.1300   -0.3967    0.7677
    0.2237   -0.4516    0.7280
    0.1133   -0.4090    0.7767
    0.1159   -0.4495    0.7273
    0.1379   -0.3841    0.7407
    0.1954   -0.3533    0.6969
    0.1802   -0.3821    0.6727
    0.2707   -0.3463    0.6761
    0.2795   -0.3667    0.6625
    0.1687   -0.3647    0.7138
    0.1516   -0.3904    0.7147
    0.1408   -0.3633    0.7131
    0.2186   -0.3573    0.7150
    0.1239   -0.4081    0.7184
    0.0993   -0.3777    0.7449
    0.1222   -0.3706    0.7339
    0.2116   -0.3591    0.7127
    0.1046   -0.3958    0.7377
    0.1936   -0.3594    0.7120
    0.1247   -0.3632    0.7264
    0.1122   -0.4614    0.7174
    0.0945   -0.3596    0.7233
    0.1314   -0.4204    0.7043
    0.1663   -0.3500    0.6978
    0.2417   -0.3245    0.6510
    0.2617   -0.3228    0.6461
    0.2773   -0.3357    0.6706
    0.3813   -0.3725    0.6699
    0.3182   -0.3679    0.6680
    0.3951   -0.3263    0.6653
    0.3285   -0.3318    0.6691
    0.3401   -0.3760    0.6539
    0.3449   -0.3290    0.6628
    0.3805   -0.3727    0.6496
    0.4205   -0.3531    0.6366
    0.5232   -0.4432    0.6485
    0.4604   -0.3475    0.6542
    0.5112   -0.4072    0.6532
    0.4269   -0.3226    0.6582
    0.4019   -0.3437    0.6530
    0.3974   -0.3230    0.6509
    0.3868   -0.3201    0.6539
    0.4766   -0.3631    0.6483
    0.4187   -0.3152    0.6428
    0.3909   -0.3287    0.6406
    0.4335   -0.3123    0.6355
    0.5008   -0.3104    0.6302
    0.4243   -0.3099    0.6223
    0.4894   -0.3061    0.6170
    0.4302   -0.3084    0.6155
    0.3841   -0.3077    0.6264
    0.3745   -0.3389    0.6174
    0.4471   -0.3545    0.6248
    0.4245   -0.3055    0.6237
    0.3756   -0.3526    0.6145
    0.4012   -0.3273    0.6234
    0.4225   -0.3497    0.6342
    0.4928   -0.3113    0.6412
    0.4594   -0.3406    0.6521
    0.4822   -0.3911    0.6584
    0.5285   -0.3578    0.6544
    0.4990   -0.3891    0.6601
    0.5755   -0.4009    0.6523
    0.5178   -0.3512    0.6555
    0.5680   -0.4116    0.6533
    0.6070   -0.4219    0.6423
    0.5765   -0.3758    0.6263
    0.5554   -0.4496    0.6191
    0.5736   -0.3902    0.6179
    0.5019   -0.3469    0.6161
    0.5853   -0.3381    0.6207
    0.5600   -0.3029    0.6248
    0.5999   -0.3308    0.6229
    0.6750   -0.3000    0.6126
    0.6277   -0.3004    0.6116
    0.6143   -0.3033    0.6166
    0.6115   -0.3006    0.6112
    0.6596   -0.3032    0.6127
    0.7422   -0.3049    0.6108
    0.6816   -0.3017    0.6193
    0.7057   -0.3045    0.6214
    0.7070   -0.3079    0.6178
    0.7164   -0.3041    0.6120
    0.7660   -0.3015    0.6121
    0.7259   -0.3026    0.6150
    0.6862   -0.3019    0.6097
    0.6775   -0.2972    0.5944

Previous Length = 960
outputting PDB in file /storage/htc/bdm/tosin/GSDB/Structures/OO7429SF/GM12878/KR_100kb/InfMod3DGen/chr13.pdb
    41.67%    83.33%   100.00%
    done! closing file...
New Length = 960
spearman correlation = 0.596777
