 MATLAB Evaluation Started............
Processing file /storage/htc/bdm/tosin/GSDB/Data/OO7429SF/primary/GM_100kb/GM12878/KR_100kb/chr8_list.txt..............
INFO: License(s) matlab:1
Currently Loaded Modulefiles:
  1) matlab/matlab-R2018a

                            < M A T L A B (R) >
                  Copyright 1984-2018 The MathWorks, Inc.
                   R2018a (9.4.0.813654) 64-bit (glnxa64)
                             February 23, 2018

 
To get started, type one of these: helpwin, helpdesk, or demo.
For product information, visit www.mathworks.com.
 
InfMod3DGen Execution Completed........

n =

     1


m =

        1434


p =

     3


XYZ =

  126.0000  183.0000  363.0000
 -161.6396  247.4093  322.1278
 -285.6433  257.6542  263.9765
 -209.7881  237.2830  305.3886
 -272.8045  240.7814  272.8137
 -294.4187  236.6494  236.0562
 -217.1376  230.5936  346.2351
 -311.5200  245.1594  208.2898
 -344.4571  245.1829  187.8820
 -315.6225  265.1326  185.7011
 -350.9644  265.1670  136.2501
 -335.0159  276.9297  151.9834
 -319.1434  266.7467  144.0198
 -325.0632  270.5897  163.8681
 -334.0982  271.8484  226.7005
 -334.5466  255.6976  163.4636
 -302.3388  257.4858  255.7886
 -253.1335  253.1992  307.4524
 -317.2240  250.2042  209.3377
 -334.7145  235.0776  196.9230
 -317.0691  223.6775  202.5454
 -327.6204  213.7213  179.0065
 -333.2114  171.9781  190.5568
 -287.5568  213.0068  199.4113
 -291.3262  182.3791  222.3921
 -251.9998  204.5273  285.6182
 -296.6114  187.0430  227.3514
 -317.6293  178.9755  173.8695
 -295.0223  182.5752  144.7182
 -328.7305  165.9986  155.6262
 -303.0912  183.7448  145.8757
 -320.9212  209.2194  154.2595
 -323.3129  173.8129  152.6134
 -278.9858  204.4437  150.8334
 -300.5929  175.2958  113.6117
 -297.2053  195.5043  132.7321
 -322.3117  159.1577  114.6582
 -286.6660  190.3652  122.8300
 -312.8793  175.3874  115.8233
 -267.7861  179.6064  127.7911
 -304.3840  173.9562  129.3543
 -286.8301  209.7082  124.0118
 -325.5513  186.2683  119.5496
 -291.7170  187.5112  121.9630
 -313.4910  182.2025  135.7482
 -299.1168  202.9202  138.3120
 -315.2860  162.5044  135.4813
 -266.4267  180.0230  138.8068
 -316.9793  183.4863  142.8324
 -297.5796  192.6651  143.7012
 -314.7357  171.1988  132.5729
 -300.1394  169.3409  130.7441
 -268.7118  183.6338  138.9123
 -290.2727  157.5989  143.7916
 -296.3666  179.2911  141.2571
 -298.3603  162.8537  137.0217
 -269.8465  167.0695  148.3277
 -279.0252  159.9953  139.7990
 -287.3911  166.8566  162.2900
 -280.7622  183.2356  206.8319
 -259.8263  188.6715  242.0333
 -238.1877  175.9062  281.9731
 -223.2633  229.3631  356.4761
 -209.4429  233.0863  378.1664
 -208.8649  227.3218  366.5072
 -200.8872  249.3571  419.3882
 -257.8762  259.0157  357.2219
 -233.2911  239.8364  296.3925
 -218.6870  248.9535  283.9333
 -212.2411  231.9333  286.0322
 -103.3589  130.4132  343.7697
 -185.9804  136.0292  326.5191
 -110.8412  150.6795  356.8931
  -99.0556  116.1915  311.8136
 -236.0327  131.5703  320.5842
 -439.4348  245.1743  447.9230
 -165.3011  138.4427  354.8227
 -187.0275  140.3774  368.1679
 -106.4329  100.3377  291.5165
 -136.9704  112.7249  362.7787
 -117.9974  244.8552  390.3870
 -273.0795  358.4707  467.6862
 -213.5190  325.6651  461.5144
 -211.4007  310.7432  435.1795
 -223.5859  343.5874  465.8024
 -281.9499  397.8121  431.9431
 -218.3474  336.6776  435.8557
 -207.6081  308.4487  454.0755
 -228.7951  346.4381  429.0009
 -220.8558  304.0063  410.2571
 -218.9444  296.8746  364.3807
 -201.3820  281.7758  357.9297
 -212.7827  280.4203  338.1787
 -176.5244  255.5841  359.5621
 -184.9146  270.2468  423.4541
 -193.9129  280.6927  409.7806
 -209.4089  292.8004  386.6023
 -212.7633  268.7388  323.0597
 -193.8932  256.6558  322.5779
 -185.6749  251.9525  350.6290
 -175.2118  245.9890  342.3912
 -179.2984  266.0741  357.9742
 -197.4696  264.7498  344.7601
 -181.8441  268.3288  367.9775
 -211.9454  301.6826  369.4168
 -193.3360  271.2149  344.6631
 -184.9121  295.9819  393.8432
 -220.1526  309.5884  389.5627
 -213.5943  308.2380  383.0438
 -208.6149  312.4403  412.1241
 -191.0549  315.5817  422.0295
 -225.1558  334.2913  438.5270
 -220.6881  350.5293  423.0472
 -224.5639  345.1629  488.2490
 -236.9875  341.1202  406.7837
 -223.6114  308.5310  361.9130
 -226.5841  342.2364  444.1820
 -205.9509  322.6258  437.8141
 -229.3854  290.5009  353.8426
 -115.0515  171.3906  349.9292
 -107.8441  138.0206  375.4732
  -69.0220  154.7576  348.0306
 -109.9274  103.7964  361.8844
 -115.9673  138.0764  368.2893
 -151.4490  176.2815  361.7124
 -202.3722  203.7281  348.3209
 -195.7378  183.6562  384.1271
 -237.6686  163.0796  301.9163
 -226.8890  154.1427  286.7485
 -249.7815  146.5021  283.5703
 -237.8658  132.0092  280.2106
 -251.4165  119.3954  253.8061
 -260.9368  138.6988  240.8474
 -263.7219  115.2028  229.6455
 -252.5862  145.2339  225.2378
 -280.9602  136.9834  207.4048
 -280.4884  153.7060  189.3045
 -262.8639  145.7426  194.6935
 -277.9094  135.5921  192.4609
 -273.0079  141.8667  185.8862
 -268.5420  135.3414  188.4747
 -270.9621  129.4165  201.8034
 -274.0377  147.6087  202.8526
 -266.6753  119.7096  199.5572
 -279.6206  124.1068  197.8947
 -259.9616  138.5335  195.8247
 -276.3293  131.2066  188.1231
 -285.2249  157.7681  199.1433
 -306.5849  134.7588  201.8001
 -315.6239  141.4717  206.3712
 -287.8054  143.3800  197.6070
 -315.6066  125.7678  188.7005
 -318.4622  149.7427  188.6115
 -317.2033  138.7822  192.3945
 -290.1364  155.6941  191.5591
 -298.1887  131.8138  176.2618
 -268.8765  158.9541  179.7166
 -315.7806  134.2638  176.8414
 -289.2302  146.1655  184.3932
 -293.8790  137.0643  189.5860
 -314.2726  122.3155  188.7662
 -278.8466  127.1718  178.2765
 -271.3891  137.6427  197.4754
 -294.8055  126.1830  193.7810
 -262.6649  134.9882  191.3159
 -292.7442  135.3947  185.8559
 -317.2337  131.8609  214.6244
 -288.0858  125.6431  205.9907
 -275.9324  133.2774  247.7840
 -263.0140  124.8037  263.8279
 -215.7479  141.2141  340.6114
 -218.2868  146.6164  347.0083
 -255.1772  130.3575  268.2223
 -267.9523  138.8453  253.0119
 -232.7314  152.4596  297.0158
 -261.1176  151.8555  294.9153
 -216.0656  146.3595  304.5066
 -227.9034  172.4074  352.6981
 -220.3428  213.3738  412.0469
 -207.3896  167.2014  352.8001
 -233.1204  158.8754  303.3522
 -247.9079  146.7843  262.0160
 -236.3184  138.5239  254.7484
 -247.2275  155.0657  248.2843
 -258.1235  173.3590  255.1344
 -252.9267  159.1528  268.6687
 -236.1126  179.0608  286.8101
 -256.8942  188.6120  290.7121
 -211.3185  167.6264  285.2894
 -220.4884  168.6378  288.1692
 -209.7448  177.1479  278.1883
 -211.2665  190.9252  294.8415
 -228.0102  213.1761  314.6552
 -204.2002  199.4207  321.6734
 -190.2829  197.5371  363.4177
 -183.4695  203.8141  358.1864
 -208.6714  217.0645  374.3874
 -213.2275  215.0179  344.0240
 -205.9664  196.9629  306.8722
 -216.1382  214.5896  300.8550
 -201.5248  226.3136  374.4089
 -189.3788  225.0011  347.6617
 -219.1562  240.4093  327.0742
 -213.8196  227.2523  309.4134
 -209.5338  223.9652  305.3367
 -216.3913  228.3803  280.6618
 -198.4569  222.2328  275.6888
 -213.6779  236.9504  294.1601
 -228.0223  244.3470  304.0412
 -215.2618  257.0966  325.4987
 -194.4784  239.3418  347.8301
 -200.6549  245.6460  320.9826
 -182.4557  235.2593  336.6362
 -190.3810  243.0438  366.3289
 -212.8738  256.0912  331.3822
 -216.0988  252.9704  341.7325
 -211.9661  285.1630  356.9321
 -208.1404  277.3676  422.5714
 -202.2070  301.9677  472.0361
 -213.0910  310.9552  472.1422
 -219.1594  307.7263  455.8992
 -182.2680  285.9799  441.2222
 -219.3251  331.2001  487.6564
 -199.2955  330.0606  517.2342
 -264.0538  379.7317  523.8855
 -213.5728  349.0248  519.0687
 -231.2103  330.7302  493.3984
 -230.8343  354.4291  484.8079
 -222.6278  343.3281  515.4319
 -206.1342  302.1109  489.5349
 -199.0988  283.1565  469.6855
 -188.4334  267.8462  449.6762
 -206.8128  270.0200  442.7450
 -194.3618  239.4909  444.9965
 -176.8742  208.0602  394.4047
 -188.6487  218.8825  371.9017
 -177.6414  201.4843  352.8075
 -185.7976  192.9285  336.6122
 -164.7028  172.9445  333.2741
 -172.1238  169.3283  324.5527
 -193.6929  187.9581  332.6088
 -179.6074  180.0935  361.2967
 -168.9134  182.3878  381.1926
 -179.4417  171.7477  322.7683
 -169.8823  161.6478  340.1178
 -186.8765  158.9355  311.9061
 -175.3206  163.4599  314.4207
 -197.6404  174.2145  311.9902
 -200.8110  184.2823  322.4496
 -217.3219  179.6092  311.1933
 -225.8013  199.1351  356.2830
 -184.2026  189.3033  361.6274
 -182.1990  197.6174  411.7286
 -257.8154  198.5039  421.1487
 -213.5804  193.6490  317.4053
 -270.0227  173.1081  324.7638
 -207.4087  172.8557  313.9822
 -219.9403  183.9087  327.0475
 -317.8415  169.9574  355.0446
 -249.8328  219.9778  351.8247
 -293.7908  178.7571  392.4136
 -218.8884  207.1435  450.4040
 -312.8224  201.8298  440.8326
 -244.4733  193.5034  407.2441
 -333.2756  185.3380  448.1009
 -243.0519  196.4782  397.2395
 -337.7799  154.4185  365.3904
 -254.6868  161.7084  358.6105
 -283.1645  151.9478  364.4509
 -372.7715  150.8398  363.2007
 -300.8661  167.1232  381.6395
 -342.2870  185.5981  450.8258
 -245.8615  207.9994  496.7993
 -316.1996  203.8751  460.1209
 -248.6187  238.2726  455.8769
 -271.3728  194.2795  437.9253
 -294.1544  218.6315  495.9331
 -315.1341  211.6180  452.7318
 -342.0821  200.4403  442.8178
 -358.0219  240.1123  508.2074
 -389.6409  196.7835  468.6215
 -479.6511  173.7989  446.4885
 -411.6373  266.7464  558.2627
 -396.5630  250.7239  550.0490
 -384.5271  265.5180  523.6231
 -468.7184  196.4196  486.6759
 -409.6779  271.2377  529.6266
 -427.2530  241.4185  552.0400
 -432.7049  237.6830  557.5433
 -526.8082  238.4263  530.6526
 -451.6038  266.4261  559.0254
 -543.1567  237.3302  529.0739
 -471.1150  251.5849  546.4896
 -501.3934  234.7840  535.5797
 -529.6993  206.7141  507.8718
 -555.3774  219.2031  517.7442
 -629.5863  140.3417  447.4743
 -539.1731  156.0717  442.7885
 -623.5987  139.7822  440.0741
 -531.5696  170.7825  483.5471
 -606.0106  114.9458  424.0287
 -508.2433  110.4364  411.2812
 -516.2312  107.4625  410.5307
 -583.7866   99.8352  414.9595
 -514.4463  127.0826  435.7753
 -540.6754  108.0611  431.5003
 -612.2257   92.4220  418.5668
 -549.8549   94.1524  408.1128
 -562.6022   90.6119  410.4434
 -628.5896   88.7451  414.9574
 -549.8160   91.8884  403.4894
 -578.8518   82.0785  381.2492
 -652.9761   75.9745  380.6172
 -559.2495   81.7147  366.5296
 -538.8231   83.7873  352.1563
 -519.9610   80.2846  363.2096
 -582.8048   79.0053  365.1339
 -497.7593   80.8502  345.0934
 -484.9115   84.3770  352.3750
 -469.2218   90.5640  348.4737
 -526.0573   86.4759  363.6026
 -442.1241   84.7196  343.2041
 -440.1856   89.2387  337.7994
 -448.0124   88.6667  343.0877
 -526.9461   84.5550  369.8812
 -455.0494   85.0403  358.8363
 -422.4554   98.8476  346.8268
 -427.0968   95.0863  378.3280
 -508.0984   88.3533  381.0200
 -434.8470   96.0113  350.0159
 -441.1128   96.5560  353.4859
 -515.2444   87.9021  378.8609
 -427.9783  106.3384  395.3614
 -453.0779  111.0011  415.3058
 -364.6905  112.1554  401.0881
 -326.2213  102.8056  337.8882
 -318.0947  100.0781  307.1926
 -414.8505   93.9720  315.7412
 -337.3749   89.9378  285.1788
 -379.2449   92.4354  290.1666
 -283.8423   83.2707  257.0302
 -365.2231   82.4842  282.1017
 -294.3777   66.7632  261.8875
 -277.1036   81.9545  265.3197
 -346.0924   76.8114  285.2942
 -263.3133   70.0754  247.3234
 -272.0776   76.0430  250.4011
 -293.2341   78.3691  250.9909
 -303.6908   92.6258  259.9152
 -283.1257   85.2515  247.5354
 -289.3652   80.2902  240.9180
 -269.5041   85.7708  250.9286
 -276.7984   88.0004  260.8905
 -280.1561   72.8281  261.7745
 -279.4082   86.7983  272.9316
 -289.0112   78.3340  275.5079
 -261.9982   88.3649  255.2424
 -286.9158   92.8547  298.7314
 -288.2430   94.6505  247.3848
 -297.8829   83.2193  239.5825
 -301.7112   85.1656  256.7379
 -284.5540   78.1100  246.1288
 -317.0884   85.1189  261.5974
 -316.1735   85.8105  266.5927
 -280.7697   74.5511  252.0693
 -259.6550   83.4706  269.5626
 -245.3559   88.6223  282.5873
 -311.1464   97.1234  319.4823
 -236.1468   98.1808  328.0479
 -212.4572  116.1534  358.6486
 -212.8859  131.9698  370.4135
 -294.2276  123.0940  386.8065
 -235.9697  141.6700  387.4067
 -320.9612  125.1852  378.0671
 -227.3315  136.8348  395.4707
 -318.3625  139.0425  398.7271
 -227.7195  192.0111  462.4444
 -223.2847  201.1029  483.8881
 -308.1323  164.6376  437.4527
 -247.3464  223.0912  498.4317
 -338.1887  220.6431  517.9579
 -278.0894  257.3582  547.4703
 -253.9706  250.2476  536.0016
 -342.0254  151.7337  437.0800
 -249.7103  147.2649  434.2396
 -321.8402  169.0145  456.1962
 -243.9923  189.3522  517.9830
 -251.8655  151.6890  495.9299
 -325.6076  137.7342  479.0157
 -261.7910  103.6086  425.2631
 -332.5780   84.4631  382.5988
 -273.1705   81.5367  371.1895
 -346.5027   83.6835  362.6943
 -251.3485   92.4531  366.6156
 -298.7587   72.5408  357.7466
 -222.4168   88.1831  382.7600
 -209.9985   83.1627  359.0555
 -273.7649   96.1081  396.7005
 -186.1955  115.1962  402.5844
 -274.2335   90.2594  368.6113
 -207.4059  100.8996  353.3553
 -207.1133   91.0942  331.5398
 -218.4805   93.1810  328.4182
 -313.9077   87.7891  334.3620
 -240.9722   91.4798  332.9162
 -251.7295   91.7896  342.0000
 -348.9401   89.5804  357.7508
 -277.2253  101.7775  359.2808
 -306.4818  104.8541  361.5375
 -319.5114  107.9362  373.7729
 -408.7960  101.6706  381.3691
 -315.5097  114.8545  385.3368
 -387.7104  109.1188  393.1459
 -324.2346  132.5330  432.6141
 -358.6948  153.3359  448.4882
 -442.2657  137.3773  432.6524
 -353.0231  143.7578  438.4223
 -320.3016  146.0073  430.8541
 -376.9220  159.5302  471.5481
 -290.6849  136.3644  448.2744
 -285.9855  178.4915  506.5490
 -285.6846  186.8550  524.6681
 -373.6482  178.9643  484.0221
 -291.3475  143.6599  458.0653
 -334.7152  124.6271  426.6972
 -350.1323  140.6385  445.9203
 -426.6484  127.9227  443.5803
 -359.0996  130.6466  447.9262
 -355.2947  109.3243  426.8675
 -451.9945   99.1857  408.1917
 -390.3533   89.3023  397.0270
 -364.8467   77.3224  357.1608
 -417.6339   70.1589  336.7149
 -344.5944   59.4627  291.6233
 -437.7187   76.2431  292.5442
 -344.1472   67.3114  258.3482
 -384.2742   63.8907  267.8657
 -286.5037   53.0766  247.2650
 -350.0068   99.4696  335.2800
 -320.3742  104.4919  426.7914
 -252.7216   -9.6859  223.7303
 -316.5613   30.5324  290.6642
 -236.2365   27.1378  268.0189
 -222.8284   27.8535  250.8238
 -230.0021    7.4601  252.5946
 -246.7687    5.1269  265.8726
 -315.2810   13.9646  313.9510
 -229.4000   19.4502  301.7358
 -302.8647   25.0773  330.2842
 -213.1108   48.1721  380.0236
 -199.5827   43.4125  357.2107
 -229.2250   43.7697  379.6541
 -308.8676   55.5953  403.0323
 -245.2642   60.3881  430.9687
 -313.1491   64.5775  428.1620
 -218.2472   66.7879  432.4279
 -192.5595   68.4847  425.4069
 -284.7398   63.4696  435.8011
 -240.0866   76.6725  471.8899
 -331.4058   73.3119  476.0405
 -243.5935   62.0178  442.5236
 -205.1361   51.1621  407.7201
 -218.2417   36.7441  392.0859
 -311.4445   39.7560  403.3875
 -256.3839   38.0380  398.2242
 -307.6007   44.7016  413.1197
 -214.2316   35.7675  397.4334
 -183.4358   30.9940  382.7306
 -174.7040   28.7180  385.1989
 -257.7642   25.1493  418.6191
 -161.6905   22.4418  400.7427
 -144.6492   40.5911  420.0578
 -200.2609   20.0030  421.8611
 -125.1827    8.3105  387.8893
 -125.2727  -17.5235  345.3452
 -131.0664  -23.1948  330.4784
 -181.4631  -32.1979  349.9390
 -123.4628  -34.2861  319.7005
 -122.9824  -24.2499  334.5564
 -142.7872  -42.2501  333.4235
 -240.2776  -32.0980  372.7650
 -167.1932  -41.0816  356.9370
 -161.6500  -46.3251  331.1857
 -153.9418  -56.6937  320.8455
 -240.8391  -54.8762  354.8280
 -155.1244  -54.7899  332.3860
 -132.9601  -43.9291  330.9703
 -217.3006  -48.6135  366.3497
 -152.7051  -50.9603  350.9915
 -131.7142  -42.6973  349.6841
 -128.3168  -21.3898  369.7812
 -124.7093  -26.7635  372.1293
 -216.9891  -20.2555  400.4435
 -182.4508   -7.3101  401.4471
 -187.0458   -0.1044  425.5153
 -250.7653  -45.8110  404.0404
 -186.5943   -1.8735  432.7606
 -206.7739    1.2354  416.1585
 -213.9896   13.2508  462.8121
 -229.4558   32.6179  476.6152
 -236.9152   -2.8827  435.8136
 -324.7603    2.5508  409.8321
 -270.2251    7.7638  415.1624
 -336.0413   23.2895  423.7805
 -260.0649    3.4415  418.8457
 -293.0314   10.2278  416.4072
 -314.6517   31.6272  443.3489
 -342.3243   28.6757  442.1847
 -430.2938   30.3297  416.2276
 -336.2847    8.7487  420.8863
 -345.8817   13.5893  414.6869
 -379.2920   17.6609  404.4423
 -475.9725   28.8541  411.0703
 -380.2467   13.1656  408.9378
 -381.3112   23.1067  411.1712
 -377.2623   25.2877  423.2530
 -428.3136   33.2923  432.5119
 -370.7292   34.7404  460.4261
 -362.3205   30.4905  501.0913
 -355.2309   41.5311  504.4193
 -359.6894   39.8292  507.2862
 -357.1795   38.5867  485.4634
 -369.8323   26.4149  426.6801
 -407.2740   27.1740  418.7514
 -373.1924   24.7439  425.7429
 -423.0736   24.9750  422.0707
 -359.3523   16.6442  415.7387
 -384.4453   11.8366  418.6503
 -453.0538   21.6270  416.1012
 -428.3587   18.9601  414.3825
 -474.8124   28.0886  413.6268
 -424.5014   36.9755  435.7965
 -413.2366   28.8117  427.1369
 -425.0590   24.2429  420.8796
 -478.4214   31.5771  418.5784
 -433.3741   24.7516  425.6325
 -460.8753   31.6760  424.1718
 -399.4155   35.3695  462.3944
 -386.1459   37.4674  528.8897
 -450.4404   36.6223  517.2731
 -405.9942   32.6069  489.8866
 -388.4304   28.8424  457.2013
 -418.1438   30.6038  452.3363
 -434.7990   22.9550  413.1087
 -489.1205   23.1955  415.8516
 -425.6132   26.7329  428.2980
 -452.5533   21.7689  424.6012
 -511.1060   28.7409  422.9833
 -472.2336   17.8895  419.6538
 -449.8077   24.4062  439.6304
 -444.4392   26.4576  433.3432
 -463.4237   19.8828  423.4322
 -396.9613   28.6930  429.8966
 -444.0769   17.7817  430.5343
 -378.6772    6.0902  453.2949
 -434.0184    7.3820  437.3515
 -376.2642   -2.8004  431.8037
 -358.8345    0.2921  434.6904
 -334.7911   -7.1506  439.4968
 -366.5262    2.9897  455.3799
 -430.5364   17.4585  492.7575
 -428.2639   25.0000  493.5263
 -375.8923   16.8998  504.8271
 -356.3692   13.7022  525.6201
 -404.1808    9.6092  481.2045
 -357.8947   10.0466  489.0628
 -330.7761   11.9092  505.8431
 -379.7111   -7.9291  472.0249
 -343.1536  -24.2444  465.0475
 -336.6022   -7.8775  463.4148
 -390.5206   -0.3259  464.1645
 -335.2430  -16.6356  465.5323
 -379.3221  -14.9796  445.8039
 -343.8272  -34.5404  439.5316
 -345.6787  -41.9523  419.5701
 -381.8303  -34.4844  428.1828
 -385.5940  -19.5679  444.6019
 -426.0986  -23.0639  427.9847
 -367.3454  -33.3237  430.6042
 -330.5919  -30.1449  461.3397
 -367.2573  -20.9182  476.0598
 -317.2281  -27.5873  442.7997
 -325.4668  -24.1333  444.9095
 -272.0710  -17.9983  450.6241
 -272.1984  -21.0817  490.5176
 -305.2304    6.9613  528.2671
 -328.9337   -4.2736  571.5527
 -394.6020    9.2730  561.9617
 -360.0491   14.8017  576.8029
 -388.6678   17.0573  571.2693
 -322.8766    3.9078  563.8001
 -289.2081   -9.6801  531.0401
 -327.2355   -5.8066  469.5727
 -277.3717    5.5448  478.3661
 -274.6574  -12.5505  475.6145
 -339.3764  -15.6943  481.8216
 -306.9797   -5.6398  499.9603
 -312.2446   -8.3373  480.4017
 -379.6551  -21.0453  449.7311
 -351.3213  -33.8668  433.5984
 -338.8003  -35.4399  437.4758
 -392.1587  -41.0422  430.0727
 -332.7196  -43.2789  425.6397
 -387.5478  -39.9830  421.4765
 -330.8837  -49.0565  429.9259
 -301.6888  -51.0082  424.2133
 -292.3862  -41.1677  430.7362
 -335.2096  -36.6869  425.8513
 -289.5691  -40.1722  441.0375
 -254.4204  -39.8584  456.1418
 -269.0410  -13.0459  473.5262
 -330.5447   -3.8719  471.5474
 -268.4206   -1.8233  477.9560
 -304.7700  -18.3885  453.4702
 -333.6205  -20.4204  453.0467
 -344.9123  -43.7132  430.1438
 -364.8231  -48.6052  434.2842
 -426.4730  -11.3265  447.2435
 -370.0501  -22.6773  444.1282
 -370.9093  -35.3260  437.9361
 -368.0619  -45.0381  429.1374
 -371.0626  -37.2541  425.4402
 -427.2578  -26.5633  431.4574
 -402.4206  -38.8220  432.1794
 -457.2687  -13.5016  438.7773
 -470.5865    0.9486  459.4381
 -403.3575    2.0804  492.7129
 -470.2296    7.3959  498.5885
 -447.3924   10.1244  505.3141
 -487.5319    8.5497  470.7430
 -422.2212  -11.5517  459.4800
 -424.5965   -7.8944  450.3123
 -357.5219  -24.6700  448.9660
 -373.1808  -19.9772  439.5475
 -312.2211  -28.7062  444.2406
 -354.1209  -14.0048  462.5924
 -299.4295    4.6646  520.0576
 -275.8130   -4.8334  569.9499
 -306.0005    2.9155  597.7127
 -250.3703    9.3279  588.4083
 -271.2290  -11.2200  575.3449
 -210.6222   10.1671  524.7497
 -183.1501   16.1645  479.5822
 -190.2920   10.2793  489.6347
 -217.0091   -2.2830  548.8362
 -236.0129    8.1061  547.2345
 -243.2598    2.2970  579.7335
 -269.0433    5.1545  536.3567
 -312.7291    8.0220  518.7768
 -264.1242    4.9466  522.8613
 -238.7380    6.9528  535.1060
 -266.9554    2.4305  563.7914
 -212.9378    3.8423  560.4442
 -198.9615   10.2264  533.0715
 -237.8963    1.2142  502.1305
 -188.1416    2.4026  487.6021
 -185.9311   -2.3173  465.4849
 -208.0376   -4.6716  461.2787
 -144.7944    0.3246  461.6039
 -141.6303    1.7023  457.8758
 -185.1134  -17.5723  462.0355
 -135.8782  -20.2208  434.5065
 -140.1547  -16.1516  442.9215
  -79.7484  -18.2585  413.5131
 -121.6156  -41.7533  421.4726
  -72.5843  -31.7377  416.4267
 -139.3389  -50.3611  410.3382
  -87.5598  -45.6335  414.2916
  -57.1973  -41.5567  403.6215
 -108.4778  -50.1660  408.1413
  -45.3891  -27.8954  400.3140
 -101.4816  -46.7020  404.5823
  -71.3113  -26.0526  408.3905
 -136.3686  -42.2160  418.4830
 -119.2431  -36.1454  425.2398
 -135.0638  -21.3767  444.4387
  -70.9807  -11.6263  488.9768
  -77.6766   21.7058  525.4509
  -27.2994   28.9738  513.1372
   -4.6529   15.7411  500.7325
  -19.1747   19.2835  499.2686
  -65.3934    2.7409  587.2928
  -56.5123   19.7601  585.3583
   -1.1855   33.3722  601.9264
  -33.0597   25.5604  537.6232
   -9.7985   12.9917  568.5036
   25.6024   28.7302  542.0908
   22.1939   11.2745  452.8586
   18.1548  -15.3072  429.3864
    8.4770    5.3409  456.4558
   24.1656    8.8091  433.2952
   12.0392    6.7569  433.3338
   22.7103   -3.9652  464.6560
   13.4630   15.3124  516.4620
   13.2533  -11.4135  467.9337
   15.0469    3.2129  444.4192
   14.8646   -1.0802  461.8654
   16.9681  -11.3474  447.4749
   32.6019   22.3062  542.8361
   36.2679   31.8638  532.9587
   34.1404   30.2694  495.1704
   29.6990   19.8731  480.7315
   19.7541    6.6376  461.4929
   13.7581   -4.6809  453.3940
   18.8537   -0.2391  465.6899
   22.9191    8.1046  477.5451
   22.6111   17.1987  486.6856
   18.8082   10.9559  535.7348
   22.3874   12.7604  502.1500
   34.1469   30.8723  495.7918
   34.3421   44.3984  473.6596
   43.5319   43.2556  482.7378
   34.6505   37.6206  452.7178
   37.4155   46.0403  462.3356
   35.5278   39.4584  452.0267
   43.3362   41.4538  491.9522
   40.4535   36.4958  509.9344
   47.6724   36.8797  529.4395
   45.7506   52.0042  526.6228
   44.7352   47.7351  504.6310
   32.7758   39.8044  464.4891
   35.4376   24.6987  421.6873
   27.3959   18.3378  440.2336
   38.2079    4.6763  439.5362
   23.0841  -13.8320  440.9865
   34.3591    6.2749  403.8594
   29.0057  -20.1992  395.6328
   26.3703  -21.8434  403.1146
   31.1804  -44.6456  401.7426
   29.6501  -31.8471  383.7417
   32.2998  -38.3055  382.3541
   34.5249  -51.8950  390.4326
   33.7496  -66.8988  396.0087
   40.0264  -41.2830  425.7173
   41.2490  -18.6533  471.2427
   37.4877   -3.6101  484.9821
   37.8377  -62.9345  484.3113
   33.5451  -38.0258  468.0483
   31.5649  -69.1008  413.8470
   28.5913  -82.5161  385.4097
   30.7176 -103.5208  383.7333
   34.0054  -83.4617  375.6034
   36.1793  -92.4097  390.5326
   37.2277 -113.1479  402.4644
   41.3745  -99.6390  439.4021
   46.8455  -37.0792  434.8394
   47.2589  -23.1481  466.3183
   43.0959  -43.8059  443.2153
   50.6704  -45.5612  450.8363
   45.8040   -7.0983  477.5147
   44.3068   -6.2402  462.5898
   37.8856  -56.6576  462.5669
   44.8345  -75.4044  441.5294
   41.2647  -93.4161  405.7259
   44.2466  -95.2739  388.5662
   35.3648  -75.7230  437.1787
   51.9180  -75.4953  395.8364
   54.0993  -55.7102  394.8419
   45.8652  -70.7374  403.7655
   58.2999  -43.3921  394.3346
   45.4581  -58.6108  392.6562
   54.0727  -64.7745  400.0014
   57.3803  -84.8972  415.9990
   58.8571  -53.0026  388.0459
   60.4911  -43.8776  413.9760
   69.6131    3.8558  464.6371
   65.4391   -6.7833  463.0878
   66.1495    0.3745  474.5000
   66.8869   15.7156  477.5922
   60.5384  -19.0250  440.1542
   70.0603  -33.6264  400.8944
   59.8888  -24.6891  389.3025
   66.7747  -39.2116  377.4310
   65.5345  -34.5098  390.9295
   77.9455  -16.5296  392.5693
   75.7808  -22.8475  412.3577
   82.7076  -14.7780  477.9246
   84.9067   18.2451  515.5805
   82.0097   32.8523  485.0536
   86.0985   21.8869  516.5713
   82.1931   13.0186  570.2445
   96.1007    1.3810  572.0497
   93.1043   11.6013  532.1994
   86.6745    2.4642  493.9860
   89.4800   37.7642  476.7476
   87.1836   26.3328  500.6523
   92.4983    3.3153  470.5186
   83.9060   24.3193  429.9285
   76.3274    2.4657  435.9509
   84.7969   30.7282  452.1334
   94.1102  -28.9220  531.3832
   86.0431   29.7867  513.9524
   84.3696  -28.7768  515.7839
   83.6266   27.5682  454.7103
   71.9928   -3.7883  435.4440
   83.8122    4.4332  440.3414
   82.3551   21.2975  454.5608
   79.4387   20.4413  460.5513
   75.4034   22.7736  448.6702
   76.1510  -12.3667  405.3628
   82.6873  -31.4518  401.9334
   68.2170  -31.4874  387.8064
   72.0629  -47.8138  395.3528
   84.7108  -64.6238  380.7990
   80.9497  -41.4653  396.3037
   89.8834  -55.6145  384.4061
   82.8790  -50.3171  392.4771
   84.2837  -60.3553  381.8010
   77.6876  -53.6448  381.2536
   77.7822  -43.5078  389.9529
   69.9089  -45.3259  376.3232
   76.3450  -43.7913  382.9311
   76.8803  -54.3723  362.2772
   72.8265  -47.2717  376.6939
   71.5678  -58.5365  376.7323
   83.2187  -59.9381  374.2161
   85.1213  -40.0131  375.6507
   79.2647  -50.4799  391.7490
   79.0352  -55.4612  378.8966
   78.1460  -31.2424  406.3235
   83.1056  -60.5662  370.9998
   84.5457  -49.1926  383.5745
   88.0631  -43.9779  389.0330
   81.3125  -51.2571  380.8797
   84.9901  -39.5054  383.7642
   74.9132  -97.6294  393.5054
   78.6796  -59.3211  387.8372
   64.5427 -127.5848  393.8508
   64.0380 -103.6942  407.5471
   58.6750 -128.9154  425.2421
   64.3292 -178.0288  427.5233
   66.3141 -118.0717  448.1472
   65.8184  -99.7217  460.3735
   60.2583 -129.5743  418.6067
   56.8684  -72.0367  404.8269
   46.6944 -117.6089  414.6146
   46.5308  -82.3699  378.6360
  -22.9240  -51.5019  307.6159
   46.4914 -120.0980  356.1539
   53.5605 -108.6183  373.2173
   50.6845 -150.9203  403.4182
   56.6710 -136.5170  405.8856
   57.4957 -178.8643  398.8752
   61.0993 -121.2582  425.9208
   70.2463 -141.3581  446.0807
   74.2043  -76.5497  452.8424
   81.1625 -110.6515  414.6206
   86.3923  -83.0432  403.7766
   87.4476 -115.5270  395.7056
   84.8556  -85.6737  370.7327
   81.9158 -147.7530  373.2471
   75.9782 -168.4065  380.2355
   83.3670 -109.5498  345.1379
   73.4781 -147.7622  373.3347
   90.6855  -87.0791  347.9593
   95.0751 -107.5679  360.1454
  103.1985  -78.1530  344.4596
  101.0383  -71.3053  351.6580
   89.5397 -133.2187  381.0810
   79.9881 -134.5322  399.1346
   85.8837 -154.1196  406.1234
   89.2593 -211.9458  405.5260
   84.9404 -223.3580  421.7570
   85.5337 -180.3790  412.2146
   83.3763 -238.2626  395.7146
   84.3900 -196.6167  393.3763
   91.2192 -160.0758  381.1101
   90.1803 -164.0908  385.2679
  114.7321  -99.7883  377.4495
  102.4534  -91.9398  372.8669
  113.6110 -156.8046  395.0859
  113.4890 -127.6053  377.6858
  117.7227 -152.3542  407.1252
  113.8450  -92.4332  397.0074
   96.3032 -153.5229  418.8408
  110.7405  -92.6272  425.7969
  118.6064 -152.0247  430.8573
  128.5596  -96.3766  514.8523
  127.5170  -60.9950  523.6901
  126.2174 -103.1468  519.7442
  136.3700  -55.8790  496.6258
  130.7504  -91.9934  423.0509
  141.9089  -65.6787  426.8882
  132.5057 -109.1384  416.4153
  136.7085  -63.8398  432.4791
  137.5826  -68.2467  454.3160
  115.4453 -121.9936  475.3273
  118.5661  -87.3743  425.7547
  129.1668  -73.5023  401.3119
  141.4783  -65.1640  462.9884
  125.3935 -113.0662  488.6587
  125.4630  -84.9738  457.6608
  131.0335  -94.2506  426.4672
  118.9726 -160.6555  415.3248
  133.0753  -93.8239  416.6162
  132.8800 -130.9400  392.6763
  131.1370  -62.9197  382.5299
  134.0669  -74.4188  372.7492
  146.3514  -49.3017  369.3241
  136.6790  -28.6230  388.5109
  144.5603  -96.1745  409.9382
  136.3595  -92.8469  405.8572
  121.5915  -32.6881  423.6417
  122.7750  -49.6989  431.2010
  122.1932  -98.7593  420.7645
  134.6767  -43.3865  422.8496
  130.4787  -96.3196  405.2877
  144.5002  -95.6552  405.8701
  205.4438 -147.4931  415.1272
  173.4480  -91.5611  433.7582
  196.7736 -121.3486  410.7663
  144.3116  -62.6729  415.7349
  138.1453  -64.4362  399.5315
  146.8754  -17.2366  408.0696
  142.2296  -15.1483  405.5844
  160.7754  -78.4804  412.4618
  151.4383  -20.2538  430.2665
  140.3042  -42.6951  494.6724
  141.1527   20.9525  483.2776
  178.3228   36.7784  496.2162
  156.6713   -2.9225  508.8505
  170.0667   27.6530  468.4911
  148.9079   30.3490  500.1967
  157.4988   -1.7753  514.7851
  165.5183  -60.9265  570.3744
  157.3973  -72.2552  540.9753
  144.7466  -13.2267  490.2546
  157.2902  -70.9105  520.4818
  163.9075  -44.2756  563.5048
  179.3297  -68.7523  573.4659
  181.5695  -26.1859  572.5239
  173.0553  -53.9474  578.0964
  168.6382  -98.8098  534.3449
  198.4359  -66.4065  451.9948
  168.8083  -97.3354  433.8274
  232.5539  -75.9053  416.1935
  182.4620  -61.5929  424.4526
  248.8524  -83.6395  423.6038
  225.3622 -121.1513  430.3810
  255.0250  -79.4350  422.2444
  209.6957 -141.2000  420.4750
  231.1495  -89.8907  434.6573
  170.9131  -58.5305  484.7878
  239.5982  -60.3363  451.9410
  213.0568    8.1805  413.7931
  241.9675  -55.0855  403.5298
  304.6866  -20.1115  401.2248
  262.1354  -33.0270  399.5805
  252.3873   29.6899  412.1781
  250.3661   -0.5781  406.3920
  285.2621   33.7294  401.4419
  353.3897   36.3116  398.7172
  301.1919    9.5683  418.4732
  348.7341   41.8707  404.9449
  319.6532   45.8927  412.7524
  326.4508  -11.7583  441.0934
  370.6393   26.6445  500.3941
  333.3851   36.6997  483.6750
  304.5588  -18.9052  469.0512
  298.2244   10.2036  463.7242
  311.1381  -57.1106  491.2861
  376.1337  -20.2783  499.9777
  345.6602   37.7973  474.0757
  401.5335   47.0700  481.0585
  333.0055   46.7603  494.3605
  376.9652   13.3809  531.5741
  327.0936   27.9085  544.8612
  384.1598    2.1465  567.9838
  343.1783   30.8359  559.7833
  323.8514   15.9349  596.6166
  356.2705   12.2039  627.1022
  298.5343   25.3967  615.5212
  296.8700    5.1620  615.1057
  358.2436  -16.9867  607.0164
  333.3452    7.4215  595.9292
  377.7179   16.8068  550.3772
  353.0794   18.3610  560.3907
  384.8765   21.1780  535.1926
  447.8353   17.3194  527.5504
  427.6658   34.3008  474.2419
  419.0890   40.8780  465.8277
  456.8560   29.7557  543.5192
  392.3033   34.8475  577.0175
  383.0261   50.0615  602.2099
  442.7814   51.5209  604.7783
  393.3471   35.3912  640.4636
  358.5053   49.7330  547.7734
  407.5993   53.6737  559.7880
  359.0386   55.8908  613.4806
  401.0293   69.2302  600.4552
  346.8320   59.6831  535.2344
  332.4957   65.2334  581.4553
  384.9924   54.3604  574.2411
  320.3537   47.6719  609.0628
  384.8759   52.0575  505.6769
  355.6462   45.9513  524.4404
  322.9427   40.0897  574.9259
  312.9180   40.5631  571.4377
  344.2605   24.5299  592.2707
  306.3658   42.7448  633.5728
  355.5355   36.5836  594.6696
  316.2166   46.5790  647.2912
  336.1043   -5.1408  688.2241
  381.2598    8.4871  655.2384
  321.8862   66.7638  639.9907
  284.9198   74.2293  627.1934
  345.3757   47.5836  631.9039
  344.9466   50.1292  551.6827
  313.5810   38.2528  654.9736
  311.7140   37.0598  559.0183
  375.6318   25.3810  521.2096
  322.8121   38.6698  469.6176
  381.9297   35.1912  440.6749
  353.4713   33.6561  468.7091
  349.0543   37.3721  464.8843
  393.0174   27.4165  423.2381
  359.6388   19.4185  417.6798
  323.8790    0.5781  430.4400
  387.7387  -10.3875  422.3854
  339.1594   -5.3422  409.5714
  328.0680   -9.7704  412.3882
  365.5796   -9.1425  424.2463
  317.0940   10.4946  453.4508
  327.9361   12.0135  467.7991
  369.7168   -1.6760  452.9438
  332.1595    4.0644  498.4691
  312.1797   24.1761  482.2863
  294.9529   -5.0524  469.5886
  320.0714  -23.2002  417.4007
  270.1415  -22.3998  412.2803
  262.1867  -23.9928  399.3111
  291.3832  -26.8100  395.2182
  236.8989  -28.8168  395.0428
  253.8921  -33.5632  394.2172
  213.2903  -28.5614  406.5664
  212.0490  -34.4797  411.7253
  239.6692  -53.8337  401.2932
  243.0986  -61.2536  420.9374
  226.6104  -39.4055  409.8775
  247.4507  -61.4628  433.5102
  222.0468   -8.7869  441.6108
  221.7748  -19.8051  437.6498
  234.6443  -15.5885  425.5102
  300.8456  -20.9394  422.5174
  232.2837  -16.5484  426.9804
  232.7397  -28.2291  455.5809
  219.8139   15.0428  495.4607
  255.4378   16.5659  473.3734
  231.5044  -18.6908  459.3986
  239.1744  -42.9655  416.9808
  253.2513  -38.0821  399.7380
  238.7259  -39.5806  406.8923
  249.8798  -35.7057  406.9813
  281.8374  -25.1255  398.2120
  335.8255  -25.3711  396.6446
  286.3186  -16.9372  400.1031
  287.1750  -29.4905  387.0602
  287.2477  -27.4944  397.8179
  326.9723  -36.6787  405.2448
  270.1538  -47.7638  395.6857
  327.2917  -12.3131  399.2853
  259.0557   -6.9443  417.0847
  261.9849   15.7652  473.3334
  274.9951   -6.0943  438.2418
  310.5906   13.3380  444.1260
  378.0946  -10.7905  421.9763
  312.0738  -35.5736  411.3427
  340.0390  -33.6498  424.9110
  301.2478  -47.9570  414.5225
  326.3763  -12.5951  459.2775
  359.3396    3.0468  438.6709
  423.9320    9.8286  437.2631
  390.2301    9.8574  452.7822
  438.6810  -16.2650  457.5856
  433.2563  -20.9317  422.9164
  373.1367    5.4092  469.7505
  360.9152   -6.0450  463.2031
  362.5501  -35.8127  406.8105
  402.2603  -44.6825  391.0096
  378.0358  -31.5128  403.6776
  421.3839  -27.4101  422.3916
  375.7706  -39.6794  389.5712
  375.8801  -35.9406  380.1996
  381.6272  -33.6897  372.6411
  427.3217  -24.1675  378.4508
  363.6463  -44.1137  381.8812
  370.6968  -40.8264  382.6328
  306.1424  -59.4977  382.9180
  280.2356  -45.5910  404.9241
  297.0601  -35.4838  398.6072
  248.7750  -42.6501  381.1518
  244.2454  -46.1658  398.3759
  245.1809  -56.0346  407.5696
  281.1463  -45.6957  385.3959
  242.9823  -59.0818  399.6517
  257.4840  -43.4704  379.1291
  310.2309  -30.8618  373.3859
  294.7500  -50.1782  385.2795
  350.2603  -22.2267  383.6587
  369.8334  -31.4804  387.9209
  306.3977  -43.2138  368.8637
  310.0338  -38.7242  371.4476
  357.3849  -32.9249  372.3500
  332.5415  -38.8280  381.2927
  366.9104  -31.0767  384.8811
  419.2661  -24.1642  377.3312
  375.5257  -29.3092  378.1642
  342.4617  -51.8639  385.7990
  405.1518  -35.2526  391.3347
  378.1124  -41.0937  383.1616
  443.0911  -28.8913  381.3132
  392.5738  -42.7170  384.3655
  418.3111  -34.3738  380.9566
  464.0976  -36.9125  386.4814
  439.3883  -46.1352  426.8981
  428.8019  -32.2857  428.7352
  456.3559  -14.0214  439.5117
  403.6329  -23.5139  433.2492
  402.6215  -47.9187  409.4099
  461.9050  -45.9023  398.8336
  399.7255  -50.0075  374.8763
  450.4738  -46.6670  384.6384
  417.2983  -30.7261  412.0875
  405.9882  -24.5543  432.0246
  471.0150  -49.1741  411.5844
  430.2791  -45.4714  385.5216
  445.8286  -41.6907  375.7956
  506.9054  -37.7513  377.3101
  461.2542  -48.7761  377.6685
  515.8440  -23.5319  387.6875
  453.6307  -36.0934  403.2632
  439.5284  -10.5959  445.9979
  458.8211   -2.1357  450.2144
  490.0218  -20.7001  415.1852
  537.7758  -15.8674  428.8119
  503.5797  -30.1872  416.1719
  561.4227   -4.4309  421.8446
  533.8410  -20.1434  394.3043
  537.0546  -16.0434  398.8259
  581.3635    0.3750  413.1978
  537.9091   -6.1465  399.8217
  507.1345  -15.6097  387.9554
  480.2401  -18.2707  386.1871
  476.7124  -11.1978  387.8306
  529.1774   -0.7334  415.7096
  545.3226    4.7215  419.1567
  500.2332   21.1536  440.7524
  479.6676   27.4213  473.9932
  518.5944   28.2114  456.8739
  471.9110   19.4577  438.0089
  527.3750   11.1366  424.1964
  462.7150   10.6466  398.3667
  448.8014    4.0997  397.8219
  512.8023    5.7301  415.9177
  461.2114   22.4552  420.8734
  485.9422   28.4683  424.3195
  516.5254   24.7336  415.4598
  584.4821   36.6402  418.5968
  553.7068   40.1037  398.3409
  566.1032   44.4510  432.7397
  612.5145   49.5152  441.8423
  560.3601   33.7896  432.6037
  559.6865   42.3086  384.2485
  509.6614   36.8233  386.0232
  502.9458   29.9797  443.7761
  560.8887   40.2560  422.7078
  552.5219   36.4623  455.1862
  573.6063   31.3501  436.1555
  513.7148   34.9422  442.9962
  540.6322   35.3497  437.6666
  573.5931   35.1609  426.7376
  627.5397   37.5830  413.1829
  579.6164   30.8590  408.7129
  588.5119   34.9197  407.1114
  539.8151   32.5372  418.2923
  564.8705   38.5796  426.6862
  610.9790   48.3963  436.4429
  558.0522   41.5823  443.9884
  599.7104   46.5363  409.1636
  557.3019   44.1501  427.6925
  622.1917   44.9924  425.2303
  600.4379   31.6063  408.6089
  658.2015   37.1529  410.0245
  611.6057   36.1272  400.3737
  641.9579   44.6947  434.1480
  602.9282   44.3953  428.1248
  568.5497   40.3924  423.2270
  562.4927   45.5279  437.7657
  611.8623   43.7583  429.1391
  550.6092   25.8246  420.1602
  586.0472   26.7171  398.6072
  548.3753   26.0306  395.1078
  591.1719   28.9652  399.3554
  545.6275   25.3745  396.7674
  575.3337   32.9736  399.3802
  640.2098   35.9276  403.9436
  578.0589   27.2887  404.0902
  545.0153   33.5246  369.6046
  534.3276   26.9266  400.3389
  552.5559   29.6668  396.4462
  499.8025   29.4297  393.3887
  532.2281   52.3663  400.0347
  581.0892   31.4729  404.8005
  515.2332   32.3152  398.0294
  498.1249   39.6976  423.3434
  482.4516   54.3447  432.6382
  510.4021   40.8914  433.8278
  540.4252   58.0461  454.9594
  549.6483   62.1430  450.2080
  591.6993   62.7386  448.9603
  526.1063   63.1011  477.2101
  536.4360   70.7264  460.5433
  586.3350   76.6291  473.3938
  529.9340   88.6952  456.5755
  500.2337   84.7769  482.0392
  499.0623   92.3911  431.0483
  433.4378  160.2075  445.4592
  453.8932  130.5422  471.8545
  388.9750  148.0295  472.4377
  415.7930  184.3994  444.9829
  360.2986  146.5967  477.4747
  369.0939  135.8383  454.8954
  306.8621  136.8186  483.6599
  368.1802  154.1255  477.6035
  322.5462  198.9644  534.0518
  385.4073  136.5524  532.7107
  326.6341  147.4271  562.4303
  303.1251  127.1189  535.8124
  288.7763  120.9886  510.3782
  345.0297  122.9393  497.9478
  326.0897  142.8085  564.0248
  369.6499  162.6280  579.1288
  329.1543  146.1998  586.9905
  358.5867  125.9472  575.2810
  323.2147  137.6382  566.7809
  335.0136  127.5903  542.7426
  392.9818  121.7968  569.2032
  378.0991  121.4730  473.7880
  388.6704  126.9602  428.8475
  446.8268   71.4050  415.9780
  396.9734   90.8933  398.6903
  434.3542  107.1199  406.5682
  462.0873  168.8093  394.3021
  467.5519  143.6764  405.2748
  498.6107  177.4282  406.3665
  468.1380  180.1464  404.0534
  477.6716  113.4820  402.0274
  510.2258  130.0739  400.9372
  469.5391   71.8158  486.9674
  480.4187   84.1053  425.5384
  529.3481  140.5907  426.8277
  472.4018  101.3538  502.6754
  446.9646  154.1935  574.7815
  500.6724  120.6901  541.4652
  436.9047  120.9224  513.0607
  429.1871  129.8842  564.2022
  467.9759  107.6614  524.5218
  426.6814  137.5679  586.3832
  432.5620  106.6360  531.4670
  382.7191  111.1764  521.6815
  444.7742   93.8598  513.2937
  385.2819  141.8745  520.5355
  444.9747  106.0287  504.8375
  381.7507  138.9072  515.8348
  381.1380  184.4051  420.7698
  319.0086  132.3050  413.3262
  330.8509  178.0181  432.9983
  322.5110  152.1578  383.1049
  339.0866  192.5513  414.8804
  370.7586  168.0342  390.1415
  436.1424  163.3841  407.0012
  453.1912  207.2220  411.7680
  390.8078  159.7662  434.2149
  395.4022  157.0283  452.8200
  446.6094  198.9421  456.0286
  390.3716  163.7079  507.4223
  380.7220  192.1886  447.2253
  432.1738  153.2056  424.6003
  400.6980  170.9447  467.4685
  402.0335  232.1433  481.6559
  460.9216  169.8426  490.9780
  393.9178  223.7043  490.1480
  398.0183  169.0596  507.9657
  345.8629  153.4325  519.7355
  375.9519  215.1261  473.5122
  341.0564  220.7188  448.5486
  396.1206  161.7779  427.0771
  327.5836  226.6947  426.6894
  377.0352  168.7419  409.0263
  320.0481  168.4881  402.9168
  330.3324  213.0709  395.7199
  378.0825  210.9238  393.5465
  323.3595  246.5979  400.5057
  384.7889  183.8832  385.0079
  361.0289  211.9663  387.6405
  393.4112  160.8595  379.8551
  336.2145  203.0981  387.2257
  345.2621  148.5017  391.4006
  288.1408  125.4936  468.6155
  250.6709  190.9064  485.9029
  287.1361  145.2398  454.8436
  315.1820  175.9225  415.7723
  357.6221  240.0749  413.5932
  297.2753  215.2209  414.6769
  283.4031  152.0373  413.8352
  319.4857  190.5095  417.4739
  292.7837  218.4788  434.1423
  349.5146  277.8045  441.1974
  289.9074  248.5028  481.5642
  315.5362  311.6319  458.9814
  375.2385  272.9522  455.8920
  327.5483  301.4273  459.5849
  353.5136  347.6539  460.9773
  298.2895  297.8850  453.8855
  352.1768  355.2368  472.9996
  292.4151  292.7495  504.1994
  347.8732  300.6596  472.7267
  329.8465  233.9821  479.8465
  392.5539  233.3871  451.6998
  334.0198  283.4950  457.6529
  389.7722  234.8721  432.4400
  361.4994  226.9273  424.8231
  429.7288  265.0142  426.2601
  398.9890  230.2111  426.3643
  447.8803  225.7917  433.7654
  385.9767  248.8565  478.8079
  349.7783  283.2737  483.8211
  319.6229  231.3415  474.8948
  321.6545  290.9014  453.6791
  292.9405  251.3932  418.9669
  278.0539  220.5609  392.3051
  320.5869  287.0633  396.5406
  331.7487  223.6213  376.9322
  293.1129  221.2497  376.8488
  304.1413  215.6041  403.0958
  351.4986  251.8653  403.2118
  337.4002  183.5533  374.0793
  370.4402  145.4942  366.2063
  391.1327  213.9738  366.1260
  453.6063  194.9649  386.5768
  405.6614  245.3871  395.2240
  375.0296  213.0464  400.4787
  437.7482  199.1389  413.1535
  389.1598  258.4019  425.0246
  409.2220  192.1535  433.0420
  414.3980  212.5873  440.7926
  467.0117  155.1437  424.9522
  399.3047  160.8867  357.8090
  425.4843  103.1036  309.7831
  440.2733   67.0722  302.9207
  476.7601   52.0749  315.7460
  517.4835   74.3649  333.6394
  522.7355   53.6762  330.8393
  476.5264   46.4237  320.1596
  509.8695  110.4042  339.7030
  552.3882   88.3591  355.6764
  511.2621  116.4688  353.9139
  576.8398   57.6629  364.9599
  553.8661  116.5679  376.0864
  537.8665   66.8597  388.4059
  588.6395   65.0623  373.1481
  545.5809   73.4438  373.5222
  546.3461   73.3501  359.9077
  582.3582   74.2783  367.4260
  621.5150   71.2238  384.4456
  575.0149   78.1835  375.1706
  551.2687   83.8463  382.3747
  526.8431   87.6791  391.1779
  583.1440   85.1234  402.2438
  523.7488   90.7035  392.0277
  504.8924   92.6203  386.4024
  482.3313   96.4557  384.0405
  521.8286   95.6725  398.2498
  465.9956  104.8727  390.5897
  497.0925  106.5742  407.7606
  552.7944  102.2217  408.1932
  514.5970  115.3294  415.3693
  502.3424  125.0967  427.3156
  543.6007  111.1432  421.6530
  482.4217  117.3346  422.6051
  458.2081  122.9518  426.9243
  494.0695  122.4501  435.9031
  474.3499  125.2863  444.3907
  524.2168  127.2056  458.4114
  464.4328  159.5374  492.8686
  490.8872  178.3273  516.4846
  555.1856  175.3492  509.9624
  523.6998  177.7969  495.7509
  553.4854  192.7964  503.7218
  505.0990  207.4896  517.3618
  515.8228  225.5839  561.9275
  557.6588  213.4108  561.4485
  515.2852  254.8368  543.0634
  540.8344  245.2907  547.5294
  489.0935  244.8896  543.3665
  476.8457  265.4808  501.1991
  486.0416  255.8445  484.2845
  523.7107  293.7062  432.8498
  481.5369  269.1875  427.4676
  541.5538  225.7479  417.3798
  553.1474  201.1876  425.1490
  494.1466  244.6978  444.7897
  514.5299  248.8304  428.6882
  456.1600  268.1940  480.6675
  514.6840  227.6342  480.4273
  446.0006  311.5018  504.9215
  504.8272  253.3389  452.0810
  458.1310  263.3322  522.3330
  521.0352  245.7418  496.2082
  538.0068  250.8915  442.0081
  472.9074  274.8952  481.5107
  435.9576  304.2309  514.3259
  468.6004  290.9206  473.7950
  411.6158  326.7994  594.2468
  398.9192  366.7839  611.2203
  396.1945  383.2419  638.1280
  409.7057  415.1841  704.2406
  477.1621  377.3210  633.9018
  456.8041  415.9876  612.7602
  513.8817  392.0639  622.6679
  445.3965  413.2015  664.3121
  476.2195  416.3170  700.6518
  407.7935  425.7175  660.3657
  403.7948  153.9091  551.8485
  458.8710  322.1696  519.3137
  495.3042  438.5827  690.6922
  444.9937  433.1635  683.4032
  442.3862  402.1135  599.3957
  492.9199  347.8826  388.5894
  462.5664  355.0311  492.1211
  476.8100  368.5436  593.6428
  413.4478  336.7519  562.2756
  437.5269  296.0417  535.6738
  506.1063  180.7719  439.5896

Previous Length = 1434
outputting PDB in file /storage/htc/bdm/tosin/GSDB/Structures/OO7429SF/GM12878/KR_100kb/InfMod3DGen/chr8.pdb
    27.89%    55.79%    83.68%   100.00%
    done! closing file...
New Length = 1434
spearman correlation = 0.758552
