 MATLAB Evaluation Started............
Processing file /storage/htc/bdm/tosin/GSDB/Data/OO7429SF/primary/GM_100kb/GM12878/KR_100kb/chr9_list.txt..............
INFO: License(s) matlab:1
Currently Loaded Modulefiles:
  1) matlab/matlab-R2018a

                            < M A T L A B (R) >
                  Copyright 1984-2018 The MathWorks, Inc.
                   R2018a (9.4.0.813654) 64-bit (glnxa64)
                             February 23, 2018

 
To get started, type one of these: helpwin, helpdesk, or demo.
For product information, visit www.mathworks.com.
 
InfMod3DGen Execution Completed........

n =

     1


m =

        1210


p =

     3


XYZ =

   1.0e+03 *

   -0.1260   -0.1470    0.3750
   -0.1335   -0.1432    0.4732
   -0.1230   -0.0982    0.4397
   -0.1281   -0.0940    0.4302
   -0.1310   -0.1040    0.4458
   -0.1555   -0.1323    0.4490
   -0.1700   -0.1364    0.4387
   -0.1645   -0.1368    0.4438
   -0.1556   -0.1171    0.4352
   -0.1724   -0.1268    0.4362
   -0.1941   -0.1307    0.4244
   -0.2055   -0.1491    0.4252
   -0.1986   -0.1376    0.4275
   -0.2079   -0.1422    0.4263
   -0.2021   -0.1058    0.3946
   -0.2021   -0.0910    0.4232
   -0.2030   -0.1229    0.3975
   -0.1870   -0.0939    0.4072
   -0.1887   -0.0618    0.4126
   -0.1693   -0.0559    0.4032
   -0.1537   -0.0332    0.3992
   -0.1820   -0.0764    0.4208
   -0.2089   -0.1250    0.4264
   -0.2286   -0.1457    0.4276
   -0.2296   -0.1389    0.4173
   -0.2161   -0.1351    0.4232
   -0.2087   -0.1176    0.4187
   -0.2192   -0.0900    0.4172
   -0.2132   -0.1033    0.4127
   -0.2414   -0.1437    0.4120
   -0.2604   -0.1605    0.4212
   -0.2539   -0.1290    0.3940
   -0.2256   -0.0746    0.3784
   -0.2163   -0.0684    0.4062
   -0.2011   -0.0420    0.3819
   -0.2152   -0.0724    0.3996
   -0.2239   -0.1119    0.4045
   -0.2398   -0.1044    0.3851
   -0.2415   -0.1320    0.3925
   -0.2400   -0.1355    0.4170
   -0.2491   -0.1407    0.3908
   -0.2547   -0.1318    0.3999
   -0.2328   -0.1181    0.4093
   -0.2435   -0.0372    0.3696
   -0.1803   -0.0224    0.3768
   -0.2001   -0.0168    0.3896
   -0.2091   -0.0133    0.3729
   -0.1896    0.0505    0.3269
   -0.1575    0.0070    0.3641
   -0.1874    0.0406    0.3525
   -0.2005    0.0239    0.3319
   -0.1990   -0.0559    0.3924
   -0.2007   -0.0507    0.3915
   -0.1764   -0.0205    0.3646
   -0.1877    0.0619    0.3456
   -0.1391    0.0352    0.3570
   -0.1754    0.0693    0.3354
   -0.1596    0.0264    0.3473
   -0.1699    0.0285    0.3664
   -0.1633   -0.0045    0.3889
   -0.1963    0.0089    0.3635
   -0.1831   -0.0456    0.3947
   -0.1843   -0.0616    0.3960
   -0.1812   -0.0112    0.3674
   -0.1682    0.0037    0.3804
   -0.1694    0.0159    0.3455
   -0.1359   -0.0044    0.3765
   -0.1671   -0.0257    0.3806
   -0.2111   -0.0514    0.3926
   -0.2276   -0.0656    0.3966
   -0.2501   -0.0875    0.4075
   -0.2856   -0.1085    0.4139
   -0.3010   -0.1253    0.3952
   -0.3229   -0.1312    0.3855
   -0.3347   -0.1483    0.3699
   -0.3830   -0.1379    0.3376
   -0.3725   -0.1494    0.3174
   -0.3555   -0.1307    0.3740
   -0.3530   -0.1574    0.3301
   -0.3392   -0.1440    0.3537
   -0.3646   -0.1839    0.3094
   -0.3782   -0.1694    0.3097
   -0.3789   -0.1906    0.3036
   -0.3709   -0.1774    0.2857
   -0.4076   -0.1745    0.3050
   -0.3847   -0.1718    0.3040
   -0.3885   -0.1676    0.3245
   -0.3765   -0.1833    0.3186
   -0.3596   -0.1549    0.3335
   -0.3630   -0.1945    0.3095
   -0.3947   -0.1614    0.3086
   -0.3583   -0.1865    0.3231
   -0.3840   -0.1850    0.3236
   -0.3756   -0.1550    0.3177
   -0.3760   -0.1916    0.3128
   -0.3850   -0.1514    0.3165
   -0.3720   -0.1587    0.3370
   -0.3743   -0.1488    0.3293
   -0.3769   -0.1437    0.3496
   -0.3898   -0.1378    0.3210
   -0.3675   -0.1588    0.3393
   -0.3835   -0.1573    0.3429
   -0.3923   -0.1673    0.3453
   -0.3935   -0.1775    0.3115
   -0.3622   -0.1781    0.3012
   -0.3733   -0.2036    0.3194
   -0.3925   -0.2097    0.3309
   -0.3733   -0.2100    0.3103
   -0.3831   -0.2249    0.3378
   -0.3720   -0.2221    0.3102
   -0.3705   -0.2198    0.3308
   -0.4044   -0.2170    0.3169
   -0.3875   -0.2142    0.3202
   -0.3931   -0.1936    0.3313
   -0.3836   -0.2126    0.3304
   -0.3822   -0.2181    0.3244
   -0.3892   -0.2107    0.3196
   -0.3966   -0.2209    0.3286
   -0.3754   -0.1999    0.3291
   -0.3634   -0.2208    0.3329
   -0.3761   -0.1935    0.3241
   -0.3975   -0.1880    0.3137
   -0.3852   -0.1951    0.3199
   -0.3827   -0.1724    0.3217
   -0.3955   -0.1803    0.3285
   -0.3785   -0.1898    0.3299
   -0.3859   -0.1577    0.3411
   -0.3514   -0.1412    0.3816
   -0.3614   -0.1785    0.3723
   -0.3740   -0.0958    0.3782
   -0.3941   -0.1482    0.3546
   -0.3813   -0.0538    0.3564
   -0.3700   -0.0452    0.3701
   -0.3767   -0.1222    0.3395
   -0.4089   -0.1292    0.3327
   -0.3699   -0.1318    0.3444
   -0.3728   -0.0593    0.3832
   -0.3639   -0.1356    0.3440
   -0.3769   -0.1440    0.3400
   -0.3541   -0.0415    0.3998
   -0.3759   -0.1372    0.3679
   -0.3567   -0.0842    0.3848
   -0.3478   -0.1606    0.3889
   -0.3653   -0.1131    0.3641
   -0.3733   -0.1625    0.3593
   -0.3188   -0.0700    0.4018
   -0.2848   -0.0891    0.4264
   -0.3361   -0.1433    0.3891
   -0.3581   -0.1701    0.3813
   -0.3482   -0.0876    0.4032
   -0.3449   -0.0784    0.4110
   -0.3252   -0.1566    0.3986
   -0.2991   -0.1421    0.4021
   -0.2822   -0.1013    0.4385
   -0.2463   -0.0857    0.4196
   -0.2367   -0.0932    0.4112
   -0.2929   -0.1271    0.4028
   -0.3162   -0.1523    0.4058
   -0.3462   -0.1535    0.3896
   -0.3502   -0.1736    0.3822
   -0.3310   -0.1863    0.4223
   -0.3656   -0.1641    0.3956
   -0.3313   -0.1575    0.4116
   -0.3282   -0.1830    0.4123
   -0.2907   -0.1507    0.4330
   -0.2902   -0.1433    0.4086
   -0.3158   -0.1693    0.4148
   -0.3499   -0.1950    0.3923
   -0.3702   -0.1675    0.3830
   -0.3567   -0.2170    0.3658
   -0.3855   -0.2219    0.3694
   -0.3934   -0.1905    0.3644
   -0.3644   -0.1885    0.3462
   -0.3689   -0.2122    0.3438
   -0.3844   -0.2118    0.3571
   -0.3786   -0.1910    0.3747
   -0.3660   -0.1697    0.3786
   -0.3789   -0.1965    0.3693
   -0.3377   -0.1672    0.4171
   -0.3410   -0.1955    0.3834
   -0.3674   -0.1737    0.4003
   -0.3662   -0.1934    0.3631
   -0.3788   -0.1537    0.3652
   -0.3361   -0.1799    0.3942
   -0.3638   -0.1675    0.3996
   -0.3502   -0.1850    0.3764
   -0.3428   -0.1643    0.3995
   -0.3006   -0.1618    0.4257
   -0.3489   -0.1476    0.4368
   -0.3125   -0.1570    0.3958
   -0.3014   -0.0721    0.4061
   -0.2301   -0.0854    0.4204
   -0.2596   -0.0759    0.4297
   -0.2262   -0.0701    0.4145
   -0.2718   -0.0898    0.4163
   -0.3208   -0.1571    0.4161
   -0.3143   -0.1735    0.4216
   -0.3360   -0.1720    0.3947
   -0.3192   -0.1772    0.4037
   -0.3300   -0.1146    0.3846
   -0.3004   -0.1315    0.4223
   -0.3166   -0.1681    0.4162
   -0.3018   -0.1395    0.4208
   -0.2825   -0.0712    0.4085
   -0.2343   -0.0730    0.4169
   -0.2378   -0.0419    0.4082
   -0.2175   -0.0331    0.3996
   -0.2287   -0.0528    0.4182
   -0.2449   -0.0577    0.3973
   -0.2767   -0.0433    0.3849
   -0.2649   -0.0859    0.4196
   -0.3125   -0.0845    0.3924
   -0.3172   -0.1223    0.4060
   -0.2753   -0.1027    0.4223
   -0.3137   -0.1340    0.4011
   -0.3291   -0.1656    0.4246
   -0.3339   -0.1875    0.4177
   -0.3351   -0.1572    0.4067
   -0.3033   -0.1387    0.4339
   -0.3020   -0.1532    0.4456
   -0.3291   -0.1409    0.4317
   -0.3302   -0.1778    0.4187
   -0.3683   -0.1836    0.4072
   -0.3744   -0.2159    0.3937
   -0.3981   -0.2083    0.3858
   -0.3888   -0.2168    0.3676
   -0.4048   -0.2131    0.3810
   -0.3778   -0.2373    0.3606
   -0.3993   -0.2287    0.3849
   -0.3674   -0.1901    0.4078
   -0.3962   -0.2284    0.3836
   -0.3934   -0.2409    0.3634
   -0.4084   -0.2204    0.3723
   -0.3844   -0.2310    0.3653
   -0.3954   -0.2436    0.3794
   -0.3852   -0.2245    0.4020
   -0.3604   -0.2188    0.4076
   -0.3573   -0.2084    0.4189
   -0.3627   -0.2046    0.3952
   -0.3639   -0.2274    0.3800
   -0.4090   -0.2165    0.3767
   -0.4022   -0.2353    0.3786
   -0.3972   -0.2531    0.3582
   -0.3996   -0.2464    0.3861
   -0.4024   -0.1701    0.3772
   -0.3982   -0.2086    0.3558
   -0.3848   -0.1398    0.3706
   -0.4029   -0.2259    0.3674
   -0.4238   -0.1892    0.3900
   -0.3691   -0.2393    0.3780
   -0.4566   -0.2252    0.3725
   -0.4005   -0.2433    0.3784
   -0.4158   -0.2227    0.3837
   -0.4940   -0.2158    0.3872
   -0.4104   -0.2399    0.3921
   -0.5083   -0.2028    0.3928
   -0.4453   -0.2022    0.4043
   -0.4600   -0.2179    0.3966
   -0.5643   -0.1988    0.3879
   -0.4950   -0.2084    0.3787
   -0.5362   -0.2009    0.3985
   -0.4587   -0.2048    0.3981
   -0.5585   -0.1944    0.3924
   -0.4887   -0.1875    0.3955
   -0.5824   -0.1860    0.4122
   -0.4870   -0.1919    0.4184
   -0.5877   -0.1736    0.4261
   -0.5006   -0.1575    0.4458
   -0.5340   -0.1403    0.4465
   -0.6286   -0.1306    0.4520
   -0.5547   -0.1500    0.4505
   -0.5930   -0.1620    0.4358
   -0.4903   -0.1618    0.4343
   -0.5624   -0.1316    0.4421
   -0.4935   -0.1414    0.4541
   -0.5202   -0.1308    0.4457
   -0.5468   -0.1590    0.4354
   -0.5714   -0.1611    0.4190
   -0.6030   -0.1656    0.4278
   -0.6216   -0.1654    0.4216
   -0.6587   -0.1649    0.4248
   -0.7538   -0.1692    0.4389
   -0.6844   -0.1661    0.4268
   -0.6668   -0.1697    0.4267
   -0.6527   -0.1690    0.4120
   -0.7410   -0.1662    0.4360
   -0.6821   -0.1659    0.4206
   -0.7027   -0.1628    0.4243
   -0.7091   -0.1612    0.4282
   -0.8090   -0.1659    0.4499
   -0.7312   -0.1668    0.4314
   -0.8282   -0.1694    0.4545
   -0.7541   -0.1672    0.4423
   -0.7895   -0.1643    0.4504
   -0.8227   -0.1677    0.4510
   -0.8527   -0.1712    0.4554
   -0.9294   -0.1698    0.4689
   -0.8337   -0.1664    0.4589
   -0.9223   -0.1685    0.4656
   -0.8248   -0.1647    0.4499
   -0.9018   -0.1650    0.4670
   -0.7975   -0.1649    0.4420
   -0.8069   -0.1675    0.4497
   -0.8757   -0.1687    0.4618
   -0.8048   -0.1670    0.4421
   -0.8355   -0.1676    0.4547
   -0.9090   -0.1688    0.4631
   -0.8463   -0.1657    0.4569
   -0.8612   -0.1659    0.4586
   -0.9282   -0.1666    0.4639
   -0.8462   -0.1645    0.4575
   -0.8802   -0.1656    0.4625
   -0.9567   -0.1667    0.4709
   -0.8573   -0.1585    0.4654
   -0.8333   -0.1590    0.4692
   -0.8112   -0.1557    0.4586
   -0.8746   -0.1668    0.4642
   -0.7853   -0.1632    0.4457
   -0.7702   -0.1575    0.4472
   -0.7518   -0.1679    0.4463
   -0.8081   -0.1636    0.4583
   -0.7201   -0.1561    0.4449
   -0.7178   -0.1478    0.4521
   -0.7270   -0.1435    0.4562
   -0.8092   -0.1480    0.4736
   -0.7352   -0.1268    0.4611
   -0.6971   -0.1481    0.4561
   -0.7025   -0.1520    0.4609
   -0.7871   -0.1585    0.4732
   -0.7116   -0.1330    0.4620
   -0.7189   -0.0889    0.4577
   -0.7955   -0.1114    0.4689
   -0.7035   -0.0719    0.4512
   -0.7227   -0.0950    0.4653
   -0.6294   -0.0741    0.4612
   -0.5844   -0.0901    0.4750
   -0.5749   -0.0973    0.4726
   -0.6779   -0.0835    0.4589
   -0.5975   -0.0232    0.4629
   -0.6362   -0.0138    0.4606
   -0.5348    0.0039    0.4781
   -0.6198   -0.0285    0.4647
   -0.5471   -0.0125    0.4715
   -0.5269   -0.0203    0.4740
   -0.5974   -0.0417    0.4727
   -0.5002   -0.0265    0.4860
   -0.4718   -0.0191    0.4906
   -0.4650   -0.0674    0.5002
   -0.5478   -0.0717    0.4785
   -0.4602   -0.0307    0.4419
   -0.5169    0.0039    0.4903
   -0.4126   -0.0474    0.5061
   -0.5163   -0.0757    0.4838
   -0.4532   -0.0768    0.5020
   -0.4418   -0.0556    0.5034
   -0.5306   -0.0401    0.4828
   -0.4600    0.0357    0.4966
   -0.5281    0.0586    0.4890
   -0.4521    0.0369    0.5102
   -0.4669   -0.0174    0.4960
   -0.5454   -0.0491    0.4865
   -0.4935   -0.0188    0.4972
   -0.4859   -0.0261    0.5078
   -0.5448   -0.0129    0.4857
   -0.4398    0.0069    0.5104
   -0.4538   -0.0181    0.5033
   -0.4616   -0.0436    0.5114
   -0.5389   -0.0711    0.4890
   -0.4614   -0.0976    0.5081
   -0.4231   -0.0850    0.5177
   -0.4341    0.0145    0.5205
   -0.5191    0.0446    0.5062
   -0.4612    0.0288    0.5303
   -0.5504    0.0047    0.5065
   -0.4510   -0.0129    0.5107
   -0.5474   -0.0588    0.4889
   -0.4515   -0.1011    0.4955
   -0.4463   -0.0794    0.5025
   -0.5504   -0.0730    0.4792
   -0.4895   -0.0752    0.4909
   -0.5856   -0.0941    0.4625
   -0.5855   -0.1093    0.4776
   -0.4972   -0.1166    0.4894
   -0.5901   -0.1026    0.4741
   -0.4922   -0.1252    0.4908
   -0.5664   -0.1367    0.4718
   -0.4856   -0.1444    0.4840
   -0.4948   -0.1548    0.4784
   -0.5709   -0.1560    0.4648
   -0.5064   -0.1744    0.4817
   -0.5790   -0.1631    0.4709
   -0.5197   -0.1605    0.4777
   -0.5953   -0.2349    0.3494
   -0.4942   -0.0793    0.5644
   -0.5394   -0.2281    0.4020
   -0.4603    0.1252    0.5332
   -0.4457   -0.1858    0.4955
   -0.5102   -0.1883    0.5060
   -0.4179   -0.0581    0.3379
   -0.5107   -0.1986    0.5092
   -0.4427   -0.1807    0.4890
   -0.4424   -0.2297    0.5591
   -0.4557   -0.2042    0.5081
   -0.5572   -0.2004    0.4770
   -0.4820   -0.2045    0.5108
   -0.4946   -0.2026    0.5240
   -0.5982   -0.1984    0.5161
   -0.5245   -0.1927    0.5193
   -0.6187   -0.0847    0.4314
   -0.5740   -0.2212    0.4806
   -0.6683   -0.1534    0.4768
   -0.5693   -0.3306    0.3308
   -1.0186    0.2548    0.5525
   -0.5795   -0.2353    0.4802
   -0.6199   -0.1301    0.5141
   -0.7075   -0.1911    0.5102
   -0.6732    0.1733    0.4173
   -0.5749   -0.2044    0.4789
   -0.6309   -0.1605    0.4594
   -0.5402   -0.1906    0.5047
   -0.5947   -0.1935    0.4433
   -0.5344   -0.1772    0.5219
   -0.7441   -0.0084    0.2904
   -0.5410   -0.2680    0.4977
   -0.6342   -0.0803    0.4911
   -0.5923   -0.1965    0.4837
   -0.6716   -0.1873    0.4356
   -0.6028   -0.1705    0.4788
   -0.5983   -0.1828    0.4588
   -0.7013   -0.1816    0.4570
   -0.6994   -0.1692    0.4697
   -0.6095   -0.1945    0.4401
   -0.6611   -0.1758    0.4884
   -0.5858   -0.2833    0.4663
   -0.6846   -0.1928    0.4755
   -0.5853   -0.2006    0.4741
   -0.6220   -0.2081    0.4598
   -0.5178   -0.1931    0.5097
   -0.5819   -0.1441    0.4245
   -0.4872   -0.2146    0.5288
   -0.4782   -0.2674    0.5290
   -0.5427   -0.2101    0.4993
   -0.4589   -0.1784    0.5458
   -0.4432   -0.1905    0.5176
   -0.4516   -0.1629    0.4862
   -0.5312   -0.1600    0.4828
   -0.5412   -0.1872    0.5455
   -0.4509   -0.1893    0.4832
   -0.5267   -0.1662    0.4846
   -0.4918    0.0368    0.2760
   -0.4700   -0.2868    0.7054
   -0.4507   -0.0992    0.3535
   -0.5337   -0.1795    0.5552
   -0.4695   -0.1769    0.4678
   -1.0397   -0.2655    1.0401
   -0.4528   -0.2003    0.5120
   -0.4378   -0.1375    0.4362
   -0.5054   -0.1709    0.5312
   -0.4934   -0.1822    0.4808
   -0.5601   -0.1842    0.4867
   -1.0375   -0.3123    0.2352
   -0.4525    0.2056    1.0616
   -0.4978   -0.2117    0.4338
   -0.5367   -0.1406    0.5894
   -0.5425   -0.1950    0.4298
   -0.5322   -0.1901    0.6988
   -0.7361   -0.2031    0.3829
   -0.4271   -0.1977    0.5003
   -0.4169   -0.1807    0.4972
   -0.4739   -0.1489    0.5116
   -0.4016   -0.1680    0.5203
   -0.3817   -0.1879    0.5279
   -0.4065   -0.1830    0.5185
   -0.3889   -0.2047    0.5190
   -0.3379   -0.2054    0.5508
   -0.3782   -0.1654    0.4401
   -0.3845   -0.2259    0.5404
   -0.3288   -0.1772    0.5230
   -0.3387   -0.1690    0.2703
   -0.4095   -0.1966    0.5256
   -0.4534   -0.1606    0.5114
   -0.4081   -0.1606    0.5338
   -0.4316   -0.1888    0.5283
   -0.3925   -0.2171    0.5121
   -0.4540   -0.2096    0.5122
   -0.3939   -0.2290    0.5321
   -0.3610   -0.1694    0.5210
   -0.4265   -0.2129    0.5127
   -0.4211   -0.1828    0.5549
   -0.3595   -0.1900    0.5210
   -0.3890   -0.1927    0.5418
   -0.3583   -0.1970    0.5146
   -0.4261   -0.1913    0.5282
   -0.4559   -0.1636    0.4884
   -0.4313   -0.1715    0.5385
   -0.4657   -0.1887    0.4605
   -0.4308   -0.1814    0.4934
   -0.4844   -0.1743    0.5237
   -0.4629   -0.1824    0.3746
   -0.5110   -0.1823    0.5008
   -0.4897   -0.1713    0.5122
   -0.5523   -0.1720    0.4747
   -0.5287   -0.2030    0.4414
   -0.5655   -0.1205    0.5729
   -0.5168   -0.2098    0.4428
   -0.5854   -0.1684    0.5238
   -0.5807   -0.2286    0.4806
   -0.6431   -0.1506    0.4691
   -0.6759   -0.1776    0.5235
   -0.6061   -0.1819    0.5399
   -0.6173   -0.1648    0.5546
   -0.6564   -0.1495    0.5580
   -0.7294   -0.1533    0.5517
   -0.6575   -0.1535    0.5551
   -0.6412   -0.1409    0.5652
   -0.6365   -0.1574    0.5659
   -0.6911   -0.1631    0.5354
   -0.6288   -0.1660    0.5459
   -0.6190   -0.1888    0.5349
   -0.6107   -0.1980    0.5459
   -0.6159   -0.1973    0.5366
   -0.6130   -0.1957    0.5346
   -0.6278   -0.1760    0.5394
   -0.6665   -0.1926    0.5345
   -0.6317   -0.2040    0.5441
   -0.6850   -0.1963    0.5285
   -0.6155   -0.2005    0.5402
   -0.6449   -0.1771    0.5389
   -0.7201   -0.1728    0.5390
   -0.6787   -0.1749    0.5395
   -0.7280   -0.1807    0.5302
   -0.6742   -0.2008    0.5407
   -0.6610   -0.2200    0.5441
   -0.6749   -0.2119    0.5331
   -0.7322   -0.2053    0.5329
   -0.6846   -0.2123    0.5335
   -0.7117   -0.2113    0.5289
   -0.6448   -0.2151    0.5459
   -0.6293   -0.2145    0.5406
   -0.6995   -0.2100    0.5361
   -0.6525   -0.2141    0.5437
   -0.6320   -0.2046    0.5481
   -0.6668   -0.1846    0.5466
   -0.6863   -0.1790    0.5585
   -0.7448   -0.1709    0.5471
   -0.6755   -0.1988    0.5565
   -0.7071   -0.1901    0.5392
   -0.7705   -0.1870    0.5412
   -0.7301   -0.1773    0.5508
   -0.7039   -0.1713    0.5491
   -0.7276   -0.1720    0.5458
   -0.6847   -0.1973    0.5493
   -0.6420   -0.2169    0.5499
   -0.6920   -0.2126    0.5470
   -0.6206   -0.2287    0.5531
   -0.6802   -0.2148    0.5519
   -0.6177   -0.2045    0.5610
   -0.6273   -0.2320    0.5589
   -0.5692   -0.2587    0.5642
   -0.6063   -0.2480    0.5592
   -0.6762   -0.2335    0.5433
   -0.6735   -0.2456    0.5548
   -0.6173   -0.2591    0.5655
   -0.5944   -0.2495    0.5661
   -0.6453   -0.2412    0.5550
   -0.5962   -0.2523    0.5631
   -0.5645   -0.2570    0.5667
   -0.6166   -0.2463    0.5494
   -0.5790   -0.2656    0.5726
   -0.5713   -0.2551    0.5753
   -0.6293   -0.2363    0.5596
   -0.5697   -0.2443    0.5691
   -0.6162   -0.2265    0.5697
   -0.5798   -0.2084    0.5617
   -0.5819   -0.1954    0.5665
   -0.6543   -0.1819    0.5581
   -0.6287   -0.1895    0.5544
   -0.6710   -0.2196    0.5525
   -0.6073   -0.2471    0.5601
   -0.5643   -0.2315    0.5620
   -0.6021   -0.2398    0.5526
   -0.5486   -0.2609    0.5692
   -0.5531   -0.2495    0.5688
   -0.4957   -0.2504    0.5746
   -0.4959   -0.2494    0.5796
   -0.5346   -0.2411    0.5658
   -0.5623   -0.2353    0.5643
   -0.6341   -0.2248    0.5522
   -0.5988   -0.2085    0.5580
   -0.6271   -0.1757    0.5692
   -0.5552   -0.1864    0.5725
   -0.5158   -0.1943    0.5872
   -0.5552   -0.2087    0.5745
   -0.5019   -0.2148    0.5804
   -0.4988   -0.2118    0.5755
   -0.5694   -0.2205    0.5648
   -0.5366   -0.1991    0.5685
   -0.5428   -0.1743    0.5787
   -0.6166   -0.1770    0.5613
   -0.5885   -0.1930    0.5735
   -0.5739   -0.2140    0.5654
   -0.6312   -0.2236    0.5587
   -0.5668   -0.2202    0.5740
   -0.6258   -0.2047    0.5656
   -0.5646   -0.2063    0.5725
   -0.5304   -0.2315    0.5843
   -0.5020   -0.2164    0.5869
   -0.5470   -0.1956    0.5783
   -0.4987   -0.2127    0.5846
   -0.4575   -0.2508    0.5972
   -0.4746   -0.2717    0.5984
   -0.5415   -0.2600    0.5929
   -0.4739   -0.2501    0.5867
   -0.5165   -0.2675    0.5887
   -0.5502   -0.2850    0.5882
   -0.5935   -0.2686    0.5825
   -0.5692   -0.2854    0.5957
   -0.6363   -0.2559    0.5812
   -0.5753   -0.2806    0.5872
   -0.6063   -0.2639    0.5894
   -0.5880   -0.2191    0.5816
   -0.5915   -0.1885    0.5834
   -0.6522   -0.2170    0.5725
   -0.6282   -0.2361    0.5748
   -0.6873   -0.2511    0.5710
   -0.7029   -0.2596    0.5683
   -0.6293   -0.2754    0.5950
   -0.7025   -0.2777    0.5717
   -0.6809   -0.3029    0.5941
   -0.7228   -0.2843    0.5798
   -0.6514   -0.3094    0.5921
   -0.6491   -0.2998    0.6005
   -0.5757   -0.3254    0.6093
   -0.5889   -0.3123    0.6103
   -0.5226   -0.3281    0.6184
   -0.5666   -0.3114    0.6082
   -0.5076   -0.3271    0.6178
   -0.4800   -0.3333    0.6317
   -0.5102   -0.3372    0.6236
   -0.4502   -0.3234    0.6288
   -0.4695   -0.3082    0.6201
   -0.4037   -0.2737    0.6156
   -0.3715   -0.2829    0.6236
   -0.3799   -0.2949    0.6189
   -0.4111   -0.3062    0.6315
   -0.4334   -0.3071    0.6256
   -0.4419   -0.3174    0.6205
   -0.4721   -0.3187    0.6228
   -0.5181   -0.3152    0.6077
   -0.4663   -0.2978    0.6191
   -0.4366   -0.3225    0.6228
   -0.4645   -0.3143    0.6229
   -0.4064   -0.2942    0.6254
   -0.3900   -0.3033    0.6154
   -0.4305   -0.3058    0.6300
   -0.3773   -0.2803    0.6180
   -0.4047   -0.2729    0.6022
   -0.3955   -0.2525    0.6015
   -0.3266   -0.2427    0.6012
   -0.3229   -0.2212    0.5968
   -0.3687   -0.2218    0.6042
   -0.3161   -0.1879    0.6225
   -0.3160   -0.1862    0.6070
   -0.2504   -0.1932    0.6112
   -0.2943   -0.1760    0.6531
   -0.2420   -0.1890    0.6103
   -0.3151   -0.1967    0.6253
   -0.2596   -0.1938    0.6265
   -0.2240   -0.1931    0.6139
   -0.2789   -0.2097    0.6126
   -0.2102   -0.2113    0.6000
   -0.2707   -0.2077    0.6089
   -0.2405   -0.1684    0.6288
   -0.3116   -0.1884    0.6225
   -0.3267   -0.2009    0.6230
   -0.2801   -0.1890    0.6174
   -0.2402   -0.2068    0.6214
   -0.2429   -0.2130    0.6126
   -0.1890   -0.2014    0.6193
   -0.1625   -0.2109    0.5942
   -0.1795   -0.1882    0.5971
   -0.2285   -0.1671    0.6569
   -0.2181   -0.1735    0.6151
   -0.1584   -0.1816    0.6073
   -0.1906   -0.1728    0.6103
   -0.1634   -0.1725    0.6455
   -0.1025   -0.1797    0.6091
   -0.1259   -0.1735    0.6611
   -0.0726   -0.1596    0.6247
   -0.0522   -0.1920    0.6864
   -0.0815   -0.1989    0.6644
   -0.0605   -0.2094    0.6644
   -0.0765   -0.2016    0.7011
   -0.0777   -0.1951    0.7566
   -0.0735   -0.1962    0.7049
   -0.0694   -0.2100    0.6774
   -0.0632   -0.1966    0.6927
   -0.0482   -0.1974    0.6318
   -0.0540   -0.2001    0.6205
   -0.0171   -0.1662    0.6336
   -0.0085   -0.1511    0.6455
   -0.0185   -0.1697    0.7148
   -0.0555   -0.1892    0.6974
   -0.0504   -0.1955    0.6879
   -0.0568   -0.2043    0.7023
   -0.0714   -0.2014    0.7162
   -0.0709   -0.2075    0.7269
   -0.0708   -0.1956    0.7792
   -0.0681   -0.1875    0.7274
   -0.0442   -0.1749    0.7149
   -0.0444   -0.1911    0.6449
   -0.0421   -0.2065    0.6504
   -0.0440   -0.2056    0.5958
   -0.0453   -0.2029    0.5754
   -0.0500   -0.2045    0.5704
   -0.0418   -0.2071    0.5961
   -0.0438   -0.1937    0.6577
   -0.0276   -0.1818    0.6119
    0.0232   -0.1523    0.6491
    0.0536   -0.1282    0.6144
    0.0655   -0.1299    0.6061
    0.0480   -0.1516    0.6016
    0.0406   -0.1479    0.6498
    0.0443   -0.1495    0.5944
    0.0317   -0.1529    0.6507
    0.0093   -0.1530    0.5957
    0.0341   -0.1584    0.5715
    0.0365   -0.1704    0.6094
    0.0246   -0.1694    0.5896
    0.0154   -0.1699    0.5751
   -0.0039   -0.1854    0.5594
    0.0003   -0.1724    0.5617
    0.0103   -0.1728    0.5646
    0.0086   -0.1813    0.5813
    0.0477   -0.1316    0.5650
    0.0593   -0.1380    0.5959
    0.0332   -0.1616    0.5833
    0.0312   -0.1572    0.5672
    0.0459   -0.1423    0.5665
    0.0349   -0.1498    0.5593
    0.0460   -0.1435    0.5688
    0.0170   -0.1660    0.5674
    0.0224   -0.1765    0.5689
    0.0453   -0.1553    0.5743
    0.0440   -0.1584    0.5705
    0.0234   -0.1669    0.5601
    0.0415   -0.1610    0.5608
    0.0846   -0.1312    0.5738
    0.0885   -0.1216    0.5778
    0.1049   -0.1043    0.5770
    0.0805   -0.1204    0.5700
    0.0784   -0.1217    0.5613
    0.0807   -0.1285    0.5699
    0.1160   -0.1175    0.5842
    0.0925   -0.1222    0.5734
    0.0775   -0.1409    0.6462
    0.1012   -0.1282    0.5819
    0.1029   -0.1163    0.5667
    0.0789   -0.1463    0.6071
    0.0775   -0.1463    0.5615
    0.0560   -0.1497    0.5941
    0.0835   -0.1273    0.5711
    0.0759   -0.1417    0.5571
    0.0565   -0.1671    0.5616
    0.0384   -0.1781    0.5734
    0.0431   -0.1750    0.5584
    0.0611   -0.1639    0.5664
    0.0643   -0.1541    0.5666
    0.0758   -0.1391    0.5608
    0.0775   -0.1407    0.5571
    0.0351   -0.1393    0.5131
    0.0786   -0.1392    0.5618
    0.0745   -0.1512    0.5670
    0.1065   -0.1371    0.5812
    0.1029   -0.1162    0.5742
    0.1060   -0.1255    0.5688
    0.0798   -0.1327    0.5568
    0.0940   -0.1387    0.5732
    0.0937   -0.1268    0.5730
    0.0870   -0.1387    0.5673
    0.0811   -0.1536    0.5690
    0.0929   -0.1327    0.5691
    0.0848   -0.1643    0.5817
    0.0629   -0.1675    0.5706
    0.0797   -0.1506    0.5715
    0.0927   -0.1241    0.5572
    0.0864   -0.1455    0.5710
    0.0843   -0.1609    0.5820
    0.0904   -0.1585    0.5765
    0.0726   -0.1650    0.5778
    0.0834   -0.1682    0.5642
    0.0610   -0.1496    0.5467
    0.0437   -0.1680    0.5500
    0.0469   -0.1722    0.5681
    0.0563   -0.1628    0.5475
    0.0662   -0.1502    0.5606
    0.0410   -0.1568    0.5267
    0.0496   -0.1768    0.5565
    0.0249   -0.1795    0.5366
    0.0321   -0.1755    0.5486
    0.0778   -0.1523    0.5612
    0.0945   -0.1324    0.5571
    0.0966   -0.1319    0.5522
    0.1025   -0.1425    0.5622
    0.0551   -0.1669    0.5434
    0.0865   -0.1536    0.5586
    0.1013   -0.1378    0.5530
    0.1040   -0.1311    0.5584
    0.0995   -0.1484    0.5544
    0.0907   -0.1631    0.5615
    0.0441   -0.1783    0.5530
    0.0370   -0.1850    0.5512
    0.0338   -0.1840    0.5460
    0.0435   -0.1861    0.5527
    0.0562   -0.2029    0.5523
    0.0346   -0.1859    0.5464
    0.0507   -0.1816    0.5516
    0.0645   -0.1643    0.5460
    0.1022   -0.1712    0.5930
    0.0711   -0.1713    0.5600
    0.0398   -0.1805    0.5454
    0.0340   -0.1914    0.5566
    0.0356   -0.1758    0.5494
    0.0341   -0.1858    0.5464
    0.0620   -0.1857    0.5779
    0.0423   -0.2487    0.5533
    0.0571   -0.2089    0.5662
    0.0415   -0.2837    0.5489
    0.0175   -0.2609    0.5447
    0.0133   -0.3204    0.5504
   -0.0196   -0.3428    0.5312
   -0.0382   -0.2777    0.5341
   -0.0399   -0.2562    0.5430
   -0.0628   -0.2861    0.5542
   -0.0587   -0.2508    0.5487
   -0.0656   -0.2721    0.5462
   -0.0703   -0.2659    0.5483
   -0.0512   -0.2508    0.5551
   -0.0586   -0.2750    0.5491
   -0.0540   -0.2667    0.5568
   -0.0519   -0.3111    0.5336
   -0.0583   -0.2993    0.5399
   -0.0407   -0.3438    0.5371
   -0.0700   -0.2815    0.5716
   -0.0223   -0.2999    0.5551
   -0.0247   -0.3101    0.5714
   -0.0716   -0.3119    0.5823
   -0.0104   -0.3057    0.5526
    0.0119   -0.3206    0.5493
   -0.0211   -0.3238    0.5632
   -0.0456   -0.3284    0.5810
    0.0196   -0.3315    0.5508
    0.0388   -0.3217    0.5635
   -0.0239   -0.3194    0.5650
    0.0192   -0.3314    0.5544
   -0.0548   -0.3263    0.5780
   -0.0523   -0.3299    0.5818
   -0.0143   -0.3329    0.5736
   -0.0508   -0.3383    0.5774
   -0.0092   -0.3420    0.5743
    0.0258   -0.3349    0.5658
    0.0843   -0.3825    0.5403
    0.0176   -0.3959    0.5487
    0.0554   -0.3507    0.5502
    0.0193   -0.4133    0.5400
    0.0259   -0.3697    0.5454
   -0.0418   -0.3269    0.5569
    0.0186   -0.3265    0.5341
   -0.0072   -0.2803    0.5539
    0.0206   -0.3071    0.5562
    0.0477   -0.3180    0.5605
    0.0616   -0.2889    0.5404
    0.1141   -0.3127    0.5312
    0.0620   -0.2747    0.5413
    0.1207   -0.3141    0.5379
    0.0478   -0.2479    0.5382
    0.0500   -0.3124    0.5360
    0.0687   -0.2523    0.5358
    0.1221   -0.2169    0.5336
    0.1046   -0.2551    0.5259
    0.1605   -0.2049    0.5388
    0.1680   -0.2421    0.5319
    0.0949   -0.2129    0.5328
    0.1104   -0.2621    0.5299
    0.0712   -0.2472    0.5391
    0.1163   -0.2524    0.5330
    0.0569   -0.2802    0.5526
    0.0359   -0.2778    0.5389
    0.0854   -0.2765    0.5295
    0.1103   -0.2698    0.5341
    0.0404   -0.2667    0.5363
    0.0951   -0.2450    0.5226
    0.0575   -0.2738    0.5447
    0.0769   -0.3225    0.5332
    0.0318   -0.2493    0.5412
    0.0932   -0.2877    0.5287
    0.0928   -0.2191    0.5249
    0.1614   -0.2215    0.5280
    0.1738   -0.2101    0.5367
    0.1871   -0.2030    0.5285
    0.2544   -0.2470    0.5244
    0.2219   -0.2431    0.5265
    0.2662   -0.2137    0.5211
    0.2305   -0.2187    0.5231
    0.2404   -0.2500    0.5198
    0.2445   -0.2143    0.5204
    0.2747   -0.2471    0.5214
    0.3087   -0.2515    0.5267
    0.3749   -0.3070    0.5214
    0.3426   -0.2467    0.5216
    0.3648   -0.2764    0.5176
    0.3014   -0.2279    0.5300
    0.2802   -0.2248    0.5229
    0.3063   -0.2197    0.5233
    0.2674   -0.2052    0.5231
    0.3226   -0.2262    0.5240
    0.3117   -0.1752    0.5258
    0.2581   -0.1843    0.5239
    0.2942   -0.1899    0.5227
    0.3431   -0.1919    0.5229
    0.2737   -0.1768    0.5260
    0.3335   -0.1911    0.5289
    0.2787   -0.2059    0.5218
    0.2396   -0.2016    0.5217
    0.2314   -0.2057    0.5225
    0.2976   -0.2190    0.5241
    0.3038   -0.1700    0.5254
    0.2323   -0.2174    0.5290
    0.2541   -0.1913    0.5352
    0.2722   -0.2149    0.5169
    0.3364   -0.1971    0.5179
    0.3035   -0.2026    0.5178
    0.3229   -0.2500    0.5213
    0.3667   -0.2172    0.5258
    0.3371   -0.2483    0.5196
    0.4066   -0.2584    0.5239
    0.3531   -0.2116    0.5246
    0.3957   -0.2674    0.5182
    0.4334   -0.2762    0.5191
    0.4030   -0.2325    0.5232
    0.3850   -0.2997    0.5228
    0.4050   -0.2447    0.5177
    0.3396   -0.2080    0.5218
    0.4149   -0.2050    0.5279
    0.3889   -0.1779    0.5379
    0.4228   -0.1988    0.5370
    0.4911   -0.1630    0.5428
    0.4464   -0.1730    0.5647
    0.4350   -0.1707    0.5270
    0.4326   -0.1560    0.5306
    0.4735   -0.1753    0.5409
    0.5481   -0.1793    0.5252
    0.4921   -0.1801    0.5193
    0.5427   -0.1834    0.5222
    0.5138   -0.1817    0.5262
    0.5217   -0.1931    0.5156
    0.5683   -0.2073    0.5112
    0.5298   -0.2045    0.5162
    0.4961   -0.1745    0.5190
    0.4887   -0.1725    0.5241
    0.5038   -0.2012    0.5197
    0.5748   -0.1791    0.5162
    0.5442   -0.1792    0.5199
    0.6045   -0.1988    0.5225
    0.5294   -0.1977    0.5142
    0.5757   -0.1997    0.5142
    0.5225   -0.2022    0.5218
    0.5842   -0.1978    0.5173
    0.5413   -0.1957    0.5186
    0.5187   -0.1915    0.5230
    0.5515   -0.1762    0.5266
    0.4890   -0.1849    0.5251
    0.4871   -0.1739    0.5200
    0.5538   -0.1942    0.5284
    0.5298   -0.2091    0.5181
    0.5466   -0.2062    0.5204
    0.5529   -0.2050    0.5220
    0.5901   -0.2090    0.5157
    0.6287   -0.2051    0.5143
    0.6702   -0.2097    0.5111
    0.6302   -0.2119    0.5129
    0.6693   -0.2166    0.5152
    0.5988   -0.2321    0.5166
    0.5880   -0.2308    0.5175
    0.6528   -0.2235    0.5124
    0.6000   -0.2339    0.5156
    0.5593   -0.2291    0.5145
    0.6116   -0.2338    0.5160
    0.5599   -0.2266    0.5138
    0.5864   -0.2247    0.5136
    0.5280   -0.2128    0.5094
    0.5112   -0.2103    0.5139
    0.5676   -0.2101    0.5120
    0.4970   -0.2008    0.5162
    0.5674   -0.2168    0.5142
    0.5383   -0.2064    0.5155
    0.5000   -0.1986    0.5103
    0.4883   -0.2145    0.5134
    0.4899   -0.2240    0.5096
    0.4806   -0.2242    0.5182
    0.5331   -0.2314    0.5194
    0.4922   -0.2238    0.5124
    0.5119   -0.2347    0.5181
    0.5632   -0.2223    0.5154
    0.4988   -0.2206    0.5182
    0.4555   -0.2221    0.5126
    0.5212   -0.2341    0.5121
    0.4907   -0.2373    0.5122
    0.4715   -0.2343    0.5147
    0.4693   -0.2312    0.5108
    0.5391   -0.2173    0.5121
    0.4823   -0.2258    0.5143
    0.5464   -0.2338    0.5174
    0.5182   -0.2353    0.5112
    0.5131   -0.2399    0.5113
    0.5594   -0.2366    0.5121
    0.5255   -0.2325    0.5127
    0.4836   -0.2334    0.5136
    0.5532   -0.2352    0.5171
    0.5015   -0.2327    0.5199
    0.4885   -0.2308    0.5175
    0.5273   -0.2251    0.5144
    0.4756   -0.2198    0.5160
    0.4883   -0.2171    0.5177
    0.5321   -0.2145    0.5123
    0.4933   -0.2157    0.5155
    0.4699   -0.2101    0.5175
    0.4497   -0.2129    0.5182
    0.4740   -0.2066    0.5142
    0.4207   -0.2000    0.5139
    0.4113   -0.1839    0.5198
    0.4404   -0.1748    0.5192
    0.3817   -0.1660    0.5188
    0.3965   -0.1644    0.5169
    0.3365   -0.1445    0.5298
    0.3140   -0.1373    0.5285
    0.3799   -0.1539    0.5233
    0.3628   -0.1432    0.5253
    0.3294   -0.1323    0.5338
    0.3944   -0.1547    0.5260
    0.3452   -0.1533    0.5280
    0.3659   -0.1653    0.5202
    0.4091   -0.1688    0.5235
    0.4815   -0.1689    0.5254
    0.4063   -0.1677    0.5228
    0.3717   -0.1645    0.5227
    0.3812   -0.1690    0.5320
    0.4283   -0.1586    0.5269
    0.3633   -0.1568    0.5245
    0.3687   -0.1466    0.5274
    0.4258   -0.1678    0.5259
    0.3823   -0.1692    0.5208
    0.4269   -0.1758    0.5128
    0.4644   -0.1774    0.5117
    0.5224   -0.1668    0.5128
    0.4520   -0.1359    0.5259
    0.4530   -0.1277    0.5283
    0.4531   -0.1220    0.5348
    0.4945   -0.1301    0.5305
    0.4331   -0.1191    0.5283
    0.4949   -0.1458    0.5319
    0.4201   -0.1485    0.5227
    0.4235   -0.1388    0.5309
    0.4388   -0.1289    0.5204
    0.4805   -0.1322    0.5214
    0.5544   -0.1363    0.5285
    0.4822   -0.1377    0.5264
    0.5098   -0.1418    0.5306
    0.4695   -0.1300    0.5246
    0.4989   -0.1433    0.5198
    0.5375   -0.1455    0.5233
    0.6080   -0.1595    0.5258
    0.5737   -0.1399    0.5279
    0.6253   -0.1417    0.5240
    0.6190   -0.1322    0.5320
    0.5537   -0.1046    0.5406
    0.5394   -0.1148    0.5164
    0.5413   -0.1170    0.5300
    0.5827   -0.1069    0.5270
    0.5594   -0.0979    0.5357
    0.6051   -0.1245    0.5234
    0.5568   -0.1278    0.5258
    0.5569   -0.1030    0.5289
    0.5636   -0.1019    0.5179
    0.6120   -0.1163    0.5251
    0.5426   -0.1231    0.4830
    0.5457   -0.1516    0.4734
    0.4752   -0.1450    0.5283
    0.4449   -0.1466    0.4819
    0.4595   -0.1434    0.5361
    0.3905   -0.1266    0.5051
    0.3712   -0.1307    0.4426
    0.3723   -0.1346    0.5115
    0.4233   -0.1240    0.5031
    0.3697   -0.1101    0.4476
    0.4007   -0.0533    0.5063
    0.4573   -0.0651    0.4590
    0.4443   -0.0660    0.5135
    0.5042   -0.0353    0.4921
    0.5271   -0.0656    0.5402
    0.4580   -0.0291    0.5189
    0.4622   -0.0319    0.4532
    0.5126   -0.0396    0.5089
    0.4886   -0.0264    0.4859
    0.5288    0.0042    0.4865
    0.5850    0.0048    0.5463
    0.5689   -0.0180    0.4962
    0.5002   -0.0193    0.5563
    0.5685    0.0011    0.5448
    0.5420    0.0157    0.5289
    0.6129   -0.0137    0.5388
    0.5589    0.0402    0.5178
    0.5890    0.0401    0.5344
    0.6075    0.0042    0.5124
    0.6437   -0.0216    0.5426
    0.6013    0.0151    0.5247
    0.6284   -0.0086    0.5259
    0.5718    0.0187    0.5356
    0.5707   -0.0058    0.5518
    0.6349   -0.0756    0.5284
    0.5673   -0.0399    0.5500
    0.6216   -0.0761    0.5369
    0.5878   -0.0163    0.5515
    0.5746   -0.0542    0.5592
    0.6456   -0.0695    0.5312
    0.6030   -0.0416    0.5259
    0.6212   -0.0533    0.5175
    0.6876   -0.0758    0.5263
    0.6393   -0.0978    0.5432
    0.6981   -0.1232    0.5310
    0.6304   -0.1079    0.5341
    0.6139   -0.1030    0.5564
    0.6365   -0.1140    0.5322
    0.6730   -0.1048    0.5365
    0.7238   -0.1181    0.5182
    0.6889   -0.1023    0.5360
    0.7515   -0.1342    0.5247
    0.7243   -0.1258    0.5364
    0.7281   -0.0826    0.5227
    0.7748   -0.1151    0.5235
    0.7291   -0.0866    0.5323
    0.6930   -0.0629    0.5338
    0.6615   -0.1032    0.5056
    0.6574   -0.1119    0.5207
    0.7137   -0.1226    0.5332
    0.7326   -0.0901    0.5247
    0.6849   -0.0638    0.5098
    0.6609   -0.0670    0.5266
    0.7013   -0.1312    0.4865
    0.6518   -0.0738    0.5085
    0.7116   -0.0404    0.4693
    0.6410   -0.0640    0.5218
    0.6247   -0.0346    0.4666
    0.6945   -0.0362    0.5002
    0.6393   -0.1028    0.4603
    0.6682   -0.0482    0.4027
    0.7040   -0.0315    0.4470
    0.7785   -0.1038    0.4401
    0.7476   -0.0662    0.3723
    0.7621   -0.1368    0.4075
    0.8113   -0.1259    0.4181
    0.7554   -0.0947    0.4073
    0.7494   -0.1358    0.3558
    0.6960   -0.0946    0.3579
    0.6881   -0.1022    0.4204
    0.7508   -0.1278    0.4009
    0.7762   -0.0986    0.4689
    0.7357   -0.1141    0.4958
    0.7007   -0.1031    0.4527
    0.7323   -0.1436    0.4905
    0.7708   -0.1368    0.4161
    0.8289   -0.1359    0.4443
    0.7779   -0.1548    0.4426
    0.7832   -0.1567    0.3826
    0.7313   -0.1511    0.4222
    0.7606   -0.1530    0.4196
    0.8095   -0.1594    0.4750
    0.7527   -0.1207    0.4382
    0.7963   -0.1645    0.3850
    0.7518   -0.1649    0.4156
    0.8226   -0.1594    0.4233
    0.8023   -0.1550    0.3844
    0.8648   -0.1559    0.4371
    0.8154   -0.1290    0.3747
    0.8458   -0.1189    0.4232
    0.8052   -0.0682    0.4283
    0.7649   -0.1250    0.4612
    0.7578   -0.1210    0.5208
    0.8105   -0.0654    0.4786
    0.7439   -0.0939    0.5087
    0.7803   -0.0627    0.5080
    0.7413   -0.0178    0.4564
    0.7863    0.0542    0.5019
    0.7381    0.0271    0.4267
    0.7729    0.0484    0.4387
    0.8437    0.0148    0.4194
    0.7761    0.0223    0.3880
    0.7374    0.0296    0.3387
    0.7249    0.0500    0.4012
    0.7411    0.1218    0.4423
    0.6844    0.1161    0.4227
    0.7224    0.1554    0.4711
    0.7745    0.1150    0.4185
    0.7025    0.1125    0.4617
    0.6825    0.1141    0.4086
    0.6641    0.1577    0.4741
    0.6969    0.1014    0.4350
    0.7320    0.1094    0.5073
    0.7428    0.0490    0.5128
    0.7869    0.0832    0.4843

Previous Length = 1210
outputting PDB in file /storage/htc/bdm/tosin/GSDB/Structures/OO7429SF/GM12878/KR_100kb/InfMod3DGen/chr9.pdb
    33.06%    66.12%    99.17%   100.00%
    done! closing file...
New Length = 1210
spearman correlation = 0.588889
