 MATLAB Evaluation Started............
Processing file /storage/htc/bdm/tosin/GSDB/Data/OO7429SF/primary/GM_100kb/GM12878/KR_100kb/chr7_list.txt..............
INFO: License(s) matlab:1
Currently Loaded Modulefiles:
  1) matlab/matlab-R2018a

                            < M A T L A B (R) >
                  Copyright 1984-2018 The MathWorks, Inc.
                   R2018a (9.4.0.813654) 64-bit (glnxa64)
                             February 23, 2018

 
To get started, type one of these: helpwin, helpdesk, or demo.
For product information, visit www.mathworks.com.
 
{Unable to perform assignment because the left and right sides have a different
number of elements.

Error in ChrMod_main (line 109)
    OmegaRec(k)=omega;

Error in call_InfMod3DGen_FPzJZy (line 1)
ChrMod_main('/storage/htc/bdm/tosin/GSDB/Data/OO7429SF/primary/GM_100kb/GM12878/KR_100kb/chr7_list.txt','/storage/htc/bdm/tosin/GSDB/Data/OO7429SF/primary/GM_100kb/GM12878/KR_100kb/chr7_InfMod3DGen.txt','/storage/htc/bdm/tosin/GSDB/Structures/OO7429SF/GM12878/KR_100kb/InfMod3DGen/chr7.mat',7,1)

Error in run (line 91)
evalin('caller', strcat(script, ';'));
} 
