base directory = /storage/htc/bdm/tosin/GSDB/Data/OO7429SF/primary/GM12878_normalized/*
/var/spool/slurmd/job7612354/slurm_script: line 14: ((: /storage/htc/bdm/tosin/GSDB/Data/OO7429SF/primary/GM12878_normalized/GM12878: syntax error: operand expected (error token is "/storage/htc/bdm/tosin/GSDB/Data/OO7429SF/primary/GM12878_normalized/GM12878")
Root Directory Name: GM12878 
mkdir: cannot create directory ‘/storage/htc/bdm/tosin/GSDB/Structures/OO7429SF/GM12878’: File exists
Directory created successfully: 
Nest Directory Path: /storage/htc/bdm/tosin/GSDB/Data/OO7429SF/primary/GM12878_normalized/GM12878/KR_100kb 
Nest directory Name:  KR_100kb
mkdir: cannot create directory ‘/storage/htc/bdm/tosin/GSDB/Structures/OO7429SF/GM12878/KR_100kb’: File exists
Directory created successfully........

Construct Chromosome Structure
Submitted batch job 7612355
Submitted batch job 7612356
Submitted batch job 7612357
Submitted batch job 7612358
Submitted batch job 7612359
Submitted batch job 7612360
Submitted batch job 7612361
Submitted batch job 7612362
Submitted batch job 7612363
Submitted batch job 7612364
Submitted batch job 7612365
Submitted batch job 7612366
Submitted batch job 7612367
Submitted batch job 7612368
Submitted batch job 7612369
Submitted batch job 7612370
Submitted batch job 7612371
Submitted batch job 7612372
Submitted batch job 7612373
Submitted batch job 7612374
Submitted batch job 7612375
Submitted batch job 7612376
Submitted batch job 7612377
Nest Directory Path: /storage/htc/bdm/tosin/GSDB/Data/OO7429SF/primary/GM12878_normalized/GM12878/KR_1mb 
Nest directory Name:  KR_1mb
mkdir: cannot create directory ‘/storage/htc/bdm/tosin/GSDB/Structures/OO7429SF/GM12878/KR_1mb’: File exists
Directory created successfully........

Construct Chromosome Structure
Submitted batch job 7612378
Submitted batch job 7612379
Submitted batch job 7612380
Submitted batch job 7612381
Submitted batch job 7612382
Submitted batch job 7612383
Submitted batch job 7612384
Submitted batch job 7612385
Submitted batch job 7612386
Submitted batch job 7612387
Submitted batch job 7612388
Submitted batch job 7612389
Submitted batch job 7612390
Submitted batch job 7612391
Submitted batch job 7612392
Submitted batch job 7612393
Submitted batch job 7612394
Submitted batch job 7612395
Submitted batch job 7612396
Submitted batch job 7612397
Submitted batch job 7612398
Submitted batch job 7612399
Submitted batch job 7612400
Nest Directory Path: /storage/htc/bdm/tosin/GSDB/Data/OO7429SF/primary/GM12878_normalized/GM12878/KR_250kb 
Nest directory Name:  KR_250kb
mkdir: cannot create directory ‘/storage/htc/bdm/tosin/GSDB/Structures/OO7429SF/GM12878/KR_250kb’: File exists
Directory created successfully........

Construct Chromosome Structure
Submitted batch job 7612401
Submitted batch job 7612402
Submitted batch job 7612403
Submitted batch job 7612404
Submitted batch job 7612405
Submitted batch job 7612406
Submitted batch job 7612407
Submitted batch job 7612408
Submitted batch job 7612409
Submitted batch job 7612410
Submitted batch job 7612411
Submitted batch job 7612412
Submitted batch job 7612413
Submitted batch job 7612414
Submitted batch job 7612415
Submitted batch job 7612416
Submitted batch job 7612417
Submitted batch job 7612418
Submitted batch job 7612419
Submitted batch job 7612420
Submitted batch job 7612421
Submitted batch job 7612422
Submitted batch job 7612423
Nest Directory Path: /storage/htc/bdm/tosin/GSDB/Data/OO7429SF/primary/GM12878_normalized/GM12878/KR_500kb 
Nest directory Name:  KR_500kb
mkdir: cannot create directory ‘/storage/htc/bdm/tosin/GSDB/Structures/OO7429SF/GM12878/KR_500kb’: File exists
Directory created successfully........

Construct Chromosome Structure
Submitted batch job 7612424
Submitted batch job 7612425
Submitted batch job 7612426
Submitted batch job 7612427
Submitted batch job 7612428
Submitted batch job 7612429
Submitted batch job 7612430
Submitted batch job 7612431
Submitted batch job 7612432
Submitted batch job 7612433
Submitted batch job 7612434
Submitted batch job 7612435
Submitted batch job 7612436
Submitted batch job 7612437
Submitted batch job 7612438
Submitted batch job 7612439
Submitted batch job 7612440
Submitted batch job 7612441
Submitted batch job 7612442
Submitted batch job 7612443
Submitted batch job 7612444
Submitted batch job 7612445
Submitted batch job 7612446

InfMod3DGen Run Successfully!!!
