./chr20_1mb_matrix_9.pdbREMARK FILENAME="chr20_1mb_matrix_9.pdb"
REMARK The macromolecule has 60 residues
REMARK Trial structure 9 of 20 structures
REMARK Molecular dynamics scheme : cartesian; cartesian; minimize
REMARK High temperature dynamics :
REMARK      temp: 2000 steps: 1000 time(ps): 3
REMARK 1st cooling stage         :
REMARK      temp: 2000->0 steps: 1000 time(ps): 5 temp step: 25
REMARK 2nd cooling stage not used:
REMARK a total 150000 steps of minimization
REMARK VDW scale factors 20 20 0.01 0.003 0.003; 3E-03->4; 1
REMARK 1540 NOEs in 1 class(es) with scale factors of 10; 10; 10
REMARK      averaging function(s): cent,
REMARK 0 3-bond j-couplings in 0 class(es) with
REMARK      scale factor(s) of NA
REMARK 0 1-bond j-couplings in 0 class(es) with
REMARK      scale factor(s) of NA
REMARK 0 carbon chemical shifts in 0 class(es) with
REMARK      scale factor(s) of NA
REMARK 0 proton chemical shifts in 0 class(es) with
REMARK      scale factor(s) of NA
REMARK 0 diffusion anisotropy restraints in 0 class(es) with
REMARK      scale factor(s) of NA
REMARK 0 susceptability anisotropy restraints in 0 class(es) with
REMARK      scale factor(s) of NA
REMARK 0 dihedral restraints with scale factors of 5; 200; 400
REMARK 0 planarity restraints with a scale factor of NA
REMARK NCS restraints not used.
REMARK ===============================================================
REMARK               bond, angles, improp, vdw(<1.6),  dihed
REMARK violations :    74     162      18         9      71
REMARK RMSD       : 0.0529   4.881   2.129            22.686
REMARK ===============================================================
REMARK                noe,   cdih,   coup,   oneb, carb-a, carb-b,
REMARK violations :  1316       0       0       0       0   -----
REMARK RMSD       :  4.497   0.000   0.000   0.000   0.000   0.000
REMARK 0.2/2 viol.:  1458       0       0
REMARK ===============================================================
REMARK               dani,   sani
REMARK violations :     0       0
REMARK RMSD       :  0.000   0.000
REMARK .2/.1 viol.:     0       0
REMARK ===============================================================
REMARK Protons       violations, rmsd
REMARK all    :           0       0.000
REMARK class 1:           0       0.000
REMARK class 2:           0       0.000
REMARK class 3:           0       0.000
REMARK class 4:           0       0.000
REMARK ===============================================================
REMARK overall = 75595.2
REMARK bon     = 2773.55
REMARK ang     = 1976.73
REMARK imp     = 116.79
REMARK vdw     = 2611.46
REMARK harm    = 0
REMARK noe     = 67838.5
REMARK coup    = 0
REMARK oneb    = 0
REMARK carb    = 0
REMARK prot    = 0
REMARK dani    = 0
REMARK sani    = 0
REMARK cdih    = 0
REMARK ncs     = 0
REMARK ===============================================================
REMARK DATE:05-Jul-2018  16:20:22       created by user: oeow39
REMARK VERSION:1.3
./chr20_1mb_matrix_12.pdbREMARK FILENAME="chr20_1mb_matrix_12.pdb"
REMARK The macromolecule has 60 residues
REMARK Trial structure 12 of 20 structures
REMARK Molecular dynamics scheme : cartesian; cartesian; minimize
REMARK High temperature dynamics :
REMARK      temp: 2000 steps: 1000 time(ps): 3
REMARK 1st cooling stage         :
REMARK      temp: 2000->0 steps: 1000 time(ps): 5 temp step: 25
REMARK 2nd cooling stage not used:
REMARK a total 150000 steps of minimization
REMARK VDW scale factors 20 20 0.01 0.003 0.003; 3E-03->4; 1
REMARK 1540 NOEs in 1 class(es) with scale factors of 10; 10; 10
REMARK      averaging function(s): cent,
REMARK 0 3-bond j-couplings in 0 class(es) with
REMARK      scale factor(s) of NA
REMARK 0 1-bond j-couplings in 0 class(es) with
REMARK      scale factor(s) of NA
REMARK 0 carbon chemical shifts in 0 class(es) with
REMARK      scale factor(s) of NA
REMARK 0 proton chemical shifts in 0 class(es) with
REMARK      scale factor(s) of NA
REMARK 0 diffusion anisotropy restraints in 0 class(es) with
REMARK      scale factor(s) of NA
REMARK 0 susceptability anisotropy restraints in 0 class(es) with
REMARK      scale factor(s) of NA
REMARK 0 dihedral restraints with scale factors of 5; 200; 400
REMARK 0 planarity restraints with a scale factor of NA
REMARK NCS restraints not used.
REMARK ===============================================================
REMARK               bond, angles, improp, vdw(<1.6),  dihed
REMARK violations :    71     147      18         1      82
REMARK RMSD       : 0.0521   4.805   2.208            23.522
REMARK ===============================================================
REMARK                noe,   cdih,   coup,   oneb, carb-a, carb-b,
REMARK violations :  1321       0       0       0       0   -----
REMARK RMSD       :  4.527   0.000   0.000   0.000   0.000   0.000
REMARK 0.2/2 viol.:  1449       0       0
REMARK ===============================================================
REMARK               dani,   sani
REMARK violations :     0       0
REMARK RMSD       :  0.000   0.000
REMARK .2/.1 viol.:     0       0
REMARK ===============================================================
REMARK Protons       violations, rmsd
REMARK all    :           0       0.000
REMARK class 1:           0       0.000
REMARK class 2:           0       0.000
REMARK class 3:           0       0.000
REMARK class 4:           0       0.000
REMARK ===============================================================
REMARK overall = 75312.2
REMARK bon     = 2682.48
REMARK ang     = 1841.85
REMARK imp     = 111.771
REMARK vdw     = 2594.47
REMARK harm    = 0
REMARK noe     = 67778.4
REMARK coup    = 0
REMARK oneb    = 0
REMARK carb    = 0
REMARK prot    = 0
REMARK dani    = 0
REMARK sani    = 0
REMARK cdih    = 0
REMARK ncs     = 0
REMARK ===============================================================
REMARK DATE:05-Jul-2018  16:21:46       created by user: oeow39
REMARK VERSION:1.3
./chr20_1mb_matrix_15.pdbREMARK FILENAME="chr20_1mb_matrix_15.pdb"
REMARK The macromolecule has 60 residues
REMARK Trial structure 15 of 20 structures
REMARK Molecular dynamics scheme : cartesian; cartesian; minimize
REMARK High temperature dynamics :
REMARK      temp: 2000 steps: 1000 time(ps): 3
REMARK 1st cooling stage         :
REMARK      temp: 2000->0 steps: 1000 time(ps): 5 temp step: 25
REMARK 2nd cooling stage not used:
REMARK a total 150000 steps of minimization
REMARK VDW scale factors 20 20 0.01 0.003 0.003; 3E-03->4; 1
REMARK 1540 NOEs in 1 class(es) with scale factors of 10; 10; 10
REMARK      averaging function(s): cent,
REMARK 0 3-bond j-couplings in 0 class(es) with
REMARK      scale factor(s) of NA
REMARK 0 1-bond j-couplings in 0 class(es) with
REMARK      scale factor(s) of NA
REMARK 0 carbon chemical shifts in 0 class(es) with
REMARK      scale factor(s) of NA
REMARK 0 proton chemical shifts in 0 class(es) with
REMARK      scale factor(s) of NA
REMARK 0 diffusion anisotropy restraints in 0 class(es) with
REMARK      scale factor(s) of NA
REMARK 0 susceptability anisotropy restraints in 0 class(es) with
REMARK      scale factor(s) of NA
REMARK 0 dihedral restraints with scale factors of 5; 200; 400
REMARK 0 planarity restraints with a scale factor of NA
REMARK NCS restraints not used.
REMARK ===============================================================
REMARK               bond, angles, improp, vdw(<1.6),  dihed
REMARK violations :    68     156      12         4      74
REMARK RMSD       : 0.0520   4.604   2.156            21.844
REMARK ===============================================================
REMARK                noe,   cdih,   coup,   oneb, carb-a, carb-b,
REMARK violations :  1309       0       0       0       0   -----
REMARK RMSD       :  4.496   0.000   0.000   0.000   0.000   0.000
REMARK 0.2/2 viol.:  1431       0       0
REMARK ===============================================================
REMARK               dani,   sani
REMARK violations :     0       0
REMARK RMSD       :  0.000   0.000
REMARK .2/.1 viol.:     0       0
REMARK ===============================================================
REMARK Protons       violations, rmsd
REMARK all    :           0       0.000
REMARK class 1:           0       0.000
REMARK class 2:           0       0.000
REMARK class 3:           0       0.000
REMARK class 4:           0       0.000
REMARK ===============================================================
REMARK overall = 75104.8
REMARK bon     = 2689.12
REMARK ang     = 1767.92
REMARK imp     = 115.714
REMARK vdw     = 2523.7
REMARK harm    = 0
REMARK noe     = 67769.7
REMARK coup    = 0
REMARK oneb    = 0
REMARK carb    = 0
REMARK prot    = 0
REMARK dani    = 0
REMARK sani    = 0
REMARK cdih    = 0
REMARK ncs     = 0
REMARK ===============================================================
REMARK DATE:05-Jul-2018  16:23:21       created by user: oeow39
REMARK VERSION:1.3
./chr20_1mb_matrix_11.pdbREMARK FILENAME="chr20_1mb_matrix_11.pdb"
REMARK The macromolecule has 60 residues
REMARK Trial structure 11 of 20 structures
REMARK Molecular dynamics scheme : cartesian; cartesian; minimize
REMARK High temperature dynamics :
REMARK      temp: 2000 steps: 1000 time(ps): 3
REMARK 1st cooling stage         :
REMARK      temp: 2000->0 steps: 1000 time(ps): 5 temp step: 25
REMARK 2nd cooling stage not used:
REMARK a total 150000 steps of minimization
REMARK VDW scale factors 20 20 0.01 0.003 0.003; 3E-03->4; 1
REMARK 1540 NOEs in 1 class(es) with scale factors of 10; 10; 10
REMARK      averaging function(s): cent,
REMARK 0 3-bond j-couplings in 0 class(es) with
REMARK      scale factor(s) of NA
REMARK 0 1-bond j-couplings in 0 class(es) with
REMARK      scale factor(s) of NA
REMARK 0 carbon chemical shifts in 0 class(es) with
REMARK      scale factor(s) of NA
REMARK 0 proton chemical shifts in 0 class(es) with
REMARK      scale factor(s) of NA
REMARK 0 diffusion anisotropy restraints in 0 class(es) with
REMARK      scale factor(s) of NA
REMARK 0 susceptability anisotropy restraints in 0 class(es) with
REMARK      scale factor(s) of NA
REMARK 0 dihedral restraints with scale factors of 5; 200; 400
REMARK 0 planarity restraints with a scale factor of NA
REMARK NCS restraints not used.
REMARK ===============================================================
REMARK               bond, angles, improp, vdw(<1.6),  dihed
REMARK violations :    72     168      19         7      76
REMARK RMSD       : 0.0536   4.988   2.593            21.947
REMARK ===============================================================
REMARK                noe,   cdih,   coup,   oneb, carb-a, carb-b,
REMARK violations :  1327       0       0       0       0   -----
REMARK RMSD       :  4.468   0.000   0.000   0.000   0.000   0.000
REMARK 0.2/2 viol.:  1446       0       0
REMARK ===============================================================
REMARK               dani,   sani
REMARK violations :     0       0
REMARK RMSD       :  0.000   0.000
REMARK .2/.1 viol.:     0       0
REMARK ===============================================================
REMARK Protons       violations, rmsd
REMARK all    :           0       0.000
REMARK class 1:           0       0.000
REMARK class 2:           0       0.000
REMARK class 3:           0       0.000
REMARK class 4:           0       0.000
REMARK ===============================================================
REMARK overall = 75796.2
REMARK bon     = 2829.07
REMARK ang     = 2080.7
REMARK imp     = 151.77
REMARK vdw     = 2688.73
REMARK harm    = 0
REMARK noe     = 67745.4
REMARK coup    = 0
REMARK oneb    = 0
REMARK carb    = 0
REMARK prot    = 0
REMARK dani    = 0
REMARK sani    = 0
REMARK cdih    = 0
REMARK ncs     = 0
REMARK ===============================================================
REMARK DATE:05-Jul-2018  16:21:21       created by user: oeow39
REMARK VERSION:1.3
./chr20_1mb_matrix_10.pdbREMARK FILENAME="chr20_1mb_matrix_10.pdb"
REMARK The macromolecule has 60 residues
REMARK Trial structure 10 of 20 structures
REMARK Molecular dynamics scheme : cartesian; cartesian; minimize
REMARK High temperature dynamics :
REMARK      temp: 2000 steps: 1000 time(ps): 3
REMARK 1st cooling stage         :
REMARK      temp: 2000->0 steps: 1000 time(ps): 5 temp step: 25
REMARK 2nd cooling stage not used:
REMARK a total 150000 steps of minimization
REMARK VDW scale factors 20 20 0.01 0.003 0.003; 3E-03->4; 1
REMARK 1540 NOEs in 1 class(es) with scale factors of 10; 10; 10
REMARK      averaging function(s): cent,
REMARK 0 3-bond j-couplings in 0 class(es) with
REMARK      scale factor(s) of NA
REMARK 0 1-bond j-couplings in 0 class(es) with
REMARK      scale factor(s) of NA
REMARK 0 carbon chemical shifts in 0 class(es) with
REMARK      scale factor(s) of NA
REMARK 0 proton chemical shifts in 0 class(es) with
REMARK      scale factor(s) of NA
REMARK 0 diffusion anisotropy restraints in 0 class(es) with
REMARK      scale factor(s) of NA
REMARK 0 susceptability anisotropy restraints in 0 class(es) with
REMARK      scale factor(s) of NA
REMARK 0 dihedral restraints with scale factors of 5; 200; 400
REMARK 0 planarity restraints with a scale factor of NA
REMARK NCS restraints not used.
REMARK ===============================================================
REMARK               bond, angles, improp, vdw(<1.6),  dihed
REMARK violations :    71     159      16         1      69
REMARK RMSD       : 0.0519   5.244   2.297            21.399
REMARK ===============================================================
REMARK                noe,   cdih,   coup,   oneb, carb-a, carb-b,
REMARK violations :  1311       0       0       0       0   -----
REMARK RMSD       :  4.504   0.000   0.000   0.000   0.000   0.000
REMARK 0.2/2 viol.:  1447       0       0
REMARK ===============================================================
REMARK               dani,   sani
REMARK violations :     0       0
REMARK RMSD       :  0.000   0.000
REMARK .2/.1 viol.:     0       0
REMARK ===============================================================
REMARK Protons       violations, rmsd
REMARK all    :           0       0.000
REMARK class 1:           0       0.000
REMARK class 2:           0       0.000
REMARK class 3:           0       0.000
REMARK class 4:           0       0.000
REMARK ===============================================================
REMARK overall = 75078.5
REMARK bon     = 2664.23
REMARK ang     = 1853.18
REMARK imp     = 124.495
REMARK vdw     = 2507.18
REMARK harm    = 0
REMARK noe     = 67652
REMARK coup    = 0
REMARK oneb    = 0
REMARK carb    = 0
REMARK prot    = 0
REMARK dani    = 0
REMARK sani    = 0
REMARK cdih    = 0
REMARK ncs     = 0
REMARK ===============================================================
REMARK DATE:05-Jul-2018  16:20:52       created by user: oeow39
REMARK VERSION:1.3
./chr20_1mb_matrix_17.pdbREMARK FILENAME="chr20_1mb_matrix_17.pdb"
REMARK The macromolecule has 60 residues
REMARK Trial structure 17 of 20 structures
REMARK Molecular dynamics scheme : cartesian; cartesian; minimize
REMARK High temperature dynamics :
REMARK      temp: 2000 steps: 1000 time(ps): 3
REMARK 1st cooling stage         :
REMARK      temp: 2000->0 steps: 1000 time(ps): 5 temp step: 25
REMARK 2nd cooling stage not used:
REMARK a total 150000 steps of minimization
REMARK VDW scale factors 20 20 0.01 0.003 0.003; 3E-03->4; 1
REMARK 1540 NOEs in 1 class(es) with scale factors of 10; 10; 10
REMARK      averaging function(s): cent,
REMARK 0 3-bond j-couplings in 0 class(es) with
REMARK      scale factor(s) of NA
REMARK 0 1-bond j-couplings in 0 class(es) with
REMARK      scale factor(s) of NA
REMARK 0 carbon chemical shifts in 0 class(es) with
REMARK      scale factor(s) of NA
REMARK 0 proton chemical shifts in 0 class(es) with
REMARK      scale factor(s) of NA
REMARK 0 diffusion anisotropy restraints in 0 class(es) with
REMARK      scale factor(s) of NA
REMARK 0 susceptability anisotropy restraints in 0 class(es) with
REMARK      scale factor(s) of NA
REMARK 0 dihedral restraints with scale factors of 5; 200; 400
REMARK 0 planarity restraints with a scale factor of NA
REMARK NCS restraints not used.
REMARK ===============================================================
REMARK               bond, angles, improp, vdw(<1.6),  dihed
REMARK violations :    75     161      17         1      66
REMARK RMSD       : 0.0527   4.724   2.281            20.713
REMARK ===============================================================
REMARK                noe,   cdih,   coup,   oneb, carb-a, carb-b,
REMARK violations :  1320       0       0       0       0   -----
REMARK RMSD       :  4.503   0.000   0.000   0.000   0.000   0.000
REMARK 0.2/2 viol.:  1450       0       0
REMARK ===============================================================
REMARK               dani,   sani
REMARK violations :     0       0
REMARK RMSD       :  0.000   0.000
REMARK .2/.1 viol.:     0       0
REMARK ===============================================================
REMARK Protons       violations, rmsd
REMARK all    :           0       0.000
REMARK class 1:           0       0.000
REMARK class 2:           0       0.000
REMARK class 3:           0       0.000
REMARK class 4:           0       0.000
REMARK ===============================================================
REMARK overall = 75180.9
REMARK bon     = 2738.37
REMARK ang     = 1846.38
REMARK imp     = 128.951
REMARK vdw     = 2580.92
REMARK harm    = 0
REMARK noe     = 67627.9
REMARK coup    = 0
REMARK oneb    = 0
REMARK carb    = 0
REMARK prot    = 0
REMARK dani    = 0
REMARK sani    = 0
REMARK cdih    = 0
REMARK ncs     = 0
REMARK ===============================================================
REMARK DATE:05-Jul-2018  16:24:13       created by user: oeow39
REMARK VERSION:1.3
./chr20_1mb_matrix_20.pdbREMARK FILENAME="chr20_1mb_matrix_20.pdb"
REMARK The macromolecule has 60 residues
REMARK Trial structure 20 of 20 structures
REMARK Molecular dynamics scheme : cartesian; cartesian; minimize
REMARK High temperature dynamics :
REMARK      temp: 2000 steps: 1000 time(ps): 3
REMARK 1st cooling stage         :
REMARK      temp: 2000->0 steps: 1000 time(ps): 5 temp step: 25
REMARK 2nd cooling stage not used:
REMARK a total 150000 steps of minimization
REMARK VDW scale factors 20 20 0.01 0.003 0.003; 3E-03->4; 1
REMARK 1540 NOEs in 1 class(es) with scale factors of 10; 10; 10
REMARK      averaging function(s): cent,
REMARK 0 3-bond j-couplings in 0 class(es) with
REMARK      scale factor(s) of NA
REMARK 0 1-bond j-couplings in 0 class(es) with
REMARK      scale factor(s) of NA
REMARK 0 carbon chemical shifts in 0 class(es) with
REMARK      scale factor(s) of NA
REMARK 0 proton chemical shifts in 0 class(es) with
REMARK      scale factor(s) of NA
REMARK 0 diffusion anisotropy restraints in 0 class(es) with
REMARK      scale factor(s) of NA
REMARK 0 susceptability anisotropy restraints in 0 class(es) with
REMARK      scale factor(s) of NA
REMARK 0 dihedral restraints with scale factors of 5; 200; 400
REMARK 0 planarity restraints with a scale factor of NA
REMARK NCS restraints not used.
REMARK ===============================================================
REMARK               bond, angles, improp, vdw(<1.6),  dihed
REMARK violations :    72     159      20         1      79
REMARK RMSD       : 0.0522   4.733   2.291            23.271
REMARK ===============================================================
REMARK                noe,   cdih,   coup,   oneb, carb-a, carb-b,
REMARK violations :  1309       0       0       0       0   -----
REMARK RMSD       :  4.523   0.000   0.000   0.000   0.000   0.000
REMARK 0.2/2 viol.:  1460       0       0
REMARK ===============================================================
REMARK               dani,   sani
REMARK violations :     0       0
REMARK RMSD       :  0.000   0.000
REMARK .2/.1 viol.:     0       0
REMARK ===============================================================
REMARK Protons       violations, rmsd
REMARK all    :           0       0.000
REMARK class 1:           0       0.000
REMARK class 2:           0       0.000
REMARK class 3:           0       0.000
REMARK class 4:           0       0.000
REMARK ===============================================================
REMARK overall = 75029.6
REMARK bon     = 2696.17
REMARK ang     = 1823.54
REMARK imp     = 130.174
REMARK vdw     = 2486.12
REMARK harm    = 0
REMARK noe     = 67620.8
REMARK coup    = 0
REMARK oneb    = 0
REMARK carb    = 0
REMARK prot    = 0
REMARK dani    = 0
REMARK sani    = 0
REMARK cdih    = 0
REMARK ncs     = 0
REMARK ===============================================================
REMARK DATE:05-Jul-2018  16:25:37       created by user: oeow39
REMARK VERSION:1.3
./chr20_1mb_matrix_4.pdbREMARK FILENAME="chr20_1mb_matrix_4.pdb"
REMARK The macromolecule has 60 residues
REMARK Trial structure 4 of 20 structures
REMARK Molecular dynamics scheme : cartesian; cartesian; minimize
REMARK High temperature dynamics :
REMARK      temp: 2000 steps: 1000 time(ps): 3
REMARK 1st cooling stage         :
REMARK      temp: 2000->0 steps: 1000 time(ps): 5 temp step: 25
REMARK 2nd cooling stage not used:
REMARK a total 150000 steps of minimization
REMARK VDW scale factors 20 20 0.01 0.003 0.003; 3E-03->4; 1
REMARK 1540 NOEs in 1 class(es) with scale factors of 10; 10; 10
REMARK      averaging function(s): cent,
REMARK 0 3-bond j-couplings in 0 class(es) with
REMARK      scale factor(s) of NA
REMARK 0 1-bond j-couplings in 0 class(es) with
REMARK      scale factor(s) of NA
REMARK 0 carbon chemical shifts in 0 class(es) with
REMARK      scale factor(s) of NA
REMARK 0 proton chemical shifts in 0 class(es) with
REMARK      scale factor(s) of NA
REMARK 0 diffusion anisotropy restraints in 0 class(es) with
REMARK      scale factor(s) of NA
REMARK 0 susceptability anisotropy restraints in 0 class(es) with
REMARK      scale factor(s) of NA
REMARK 0 dihedral restraints with scale factors of 5; 200; 400
REMARK 0 planarity restraints with a scale factor of NA
REMARK NCS restraints not used.
REMARK ===============================================================
REMARK               bond, angles, improp, vdw(<1.6),  dihed
REMARK violations :    73     148      16         1      64
REMARK RMSD       : 0.0518   4.667   2.312            20.874
REMARK ===============================================================
REMARK                noe,   cdih,   coup,   oneb, carb-a, carb-b,
REMARK violations :  1308       0       0       0       0   -----
REMARK RMSD       :  4.482   0.000   0.000   0.000   0.000   0.000
REMARK 0.2/2 viol.:  1442       0       0
REMARK ===============================================================
REMARK               dani,   sani
REMARK violations :     0       0
REMARK RMSD       :  0.000   0.000
REMARK .2/.1 viol.:     0       0
REMARK ===============================================================
REMARK Protons       violations, rmsd
REMARK all    :           0       0.000
REMARK class 1:           0       0.000
REMARK class 2:           0       0.000
REMARK class 3:           0       0.000
REMARK class 4:           0       0.000
REMARK ===============================================================
REMARK overall = 74980.9
REMARK bon     = 2657.96
REMARK ang     = 1788.38
REMARK imp     = 132.876
REMARK vdw     = 2553.08
REMARK harm    = 0
REMARK noe     = 67594.3
REMARK coup    = 0
REMARK oneb    = 0
REMARK carb    = 0
REMARK prot    = 0
REMARK dani    = 0
REMARK sani    = 0
REMARK cdih    = 0
REMARK ncs     = 0
REMARK ===============================================================
REMARK DATE:05-Jul-2018  16:17:14       created by user: oeow39
REMARK VERSION:1.3
./chr20_1mb_matrix_8.pdbREMARK FILENAME="chr20_1mb_matrix_8.pdb"
REMARK The macromolecule has 60 residues
REMARK Trial structure 8 of 20 structures
REMARK Molecular dynamics scheme : cartesian; cartesian; minimize
REMARK High temperature dynamics :
REMARK      temp: 2000 steps: 1000 time(ps): 3
REMARK 1st cooling stage         :
REMARK      temp: 2000->0 steps: 1000 time(ps): 5 temp step: 25
REMARK 2nd cooling stage not used:
REMARK a total 150000 steps of minimization
REMARK VDW scale factors 20 20 0.01 0.003 0.003; 3E-03->4; 1
REMARK 1540 NOEs in 1 class(es) with scale factors of 10; 10; 10
REMARK      averaging function(s): cent,
REMARK 0 3-bond j-couplings in 0 class(es) with
REMARK      scale factor(s) of NA
REMARK 0 1-bond j-couplings in 0 class(es) with
REMARK      scale factor(s) of NA
REMARK 0 carbon chemical shifts in 0 class(es) with
REMARK      scale factor(s) of NA
REMARK 0 proton chemical shifts in 0 class(es) with
REMARK      scale factor(s) of NA
REMARK 0 diffusion anisotropy restraints in 0 class(es) with
REMARK      scale factor(s) of NA
REMARK 0 susceptability anisotropy restraints in 0 class(es) with
REMARK      scale factor(s) of NA
REMARK 0 dihedral restraints with scale factors of 5; 200; 400
REMARK 0 planarity restraints with a scale factor of NA
REMARK NCS restraints not used.
REMARK ===============================================================
REMARK               bond, angles, improp, vdw(<1.6),  dihed
REMARK violations :    68     158      15         4      79
REMARK RMSD       : 0.0523   4.841   2.252            22.700
REMARK ===============================================================
REMARK                noe,   cdih,   coup,   oneb, carb-a, carb-b,
REMARK violations :  1308       0       0       0       0   -----
REMARK RMSD       :  4.465   0.000   0.000   0.000   0.000   0.000
REMARK 0.2/2 viol.:  1442       0       0
REMARK ===============================================================
REMARK               dani,   sani
REMARK violations :     0       0
REMARK RMSD       :  0.000   0.000
REMARK .2/.1 viol.:     0       0
REMARK ===============================================================
REMARK Protons       violations, rmsd
REMARK all    :           0       0.000
REMARK class 1:           0       0.000
REMARK class 2:           0       0.000
REMARK class 3:           0       0.000
REMARK class 4:           0       0.000
REMARK ===============================================================
REMARK overall = 75204.6
REMARK bon     = 2729.97
REMARK ang     = 1896.67
REMARK imp     = 113.838
REMARK vdw     = 2620.12
REMARK harm    = 0
REMARK noe     = 67556.1
REMARK coup    = 0
REMARK oneb    = 0
REMARK carb    = 0
REMARK prot    = 0
REMARK dani    = 0
REMARK sani    = 0
REMARK cdih    = 0
REMARK ncs     = 0
REMARK ===============================================================
REMARK DATE:05-Jul-2018  16:19:47       created by user: oeow39
REMARK VERSION:1.3
./chr20_1mb_matrix_1.pdbREMARK FILENAME="chr20_1mb_matrix_1.pdb"
REMARK The macromolecule has 60 residues
REMARK Trial structure 1 of 20 structures
REMARK Molecular dynamics scheme : cartesian; cartesian; minimize
REMARK High temperature dynamics :
REMARK      temp: 2000 steps: 1000 time(ps): 3
REMARK 1st cooling stage         :
REMARK      temp: 2000->0 steps: 1000 time(ps): 5 temp step: 25
REMARK 2nd cooling stage not used:
REMARK a total 150000 steps of minimization
REMARK VDW scale factors 20 20 0.01 0.003 0.003; 3E-03->4; 1
REMARK 1540 NOEs in 1 class(es) with scale factors of 10; 10; 10
REMARK      averaging function(s): cent,
REMARK 0 3-bond j-couplings in 0 class(es) with
REMARK      scale factor(s) of NA
REMARK 0 1-bond j-couplings in 0 class(es) with
REMARK      scale factor(s) of NA
REMARK 0 carbon chemical shifts in 0 class(es) with
REMARK      scale factor(s) of NA
REMARK 0 proton chemical shifts in 0 class(es) with
REMARK      scale factor(s) of NA
REMARK 0 diffusion anisotropy restraints in 0 class(es) with
REMARK      scale factor(s) of NA
REMARK 0 susceptability anisotropy restraints in 0 class(es) with
REMARK      scale factor(s) of NA
REMARK 0 dihedral restraints with scale factors of 5; 200; 400
REMARK 0 planarity restraints with a scale factor of NA
REMARK NCS restraints not used.
REMARK ===============================================================
REMARK               bond, angles, improp, vdw(<1.6),  dihed
REMARK violations :    68     156      18         3      67
REMARK RMSD       : 0.0520   4.688   2.137            21.741
REMARK ===============================================================
REMARK                noe,   cdih,   coup,   oneb, carb-a, carb-b,
REMARK violations :  1321       0       0       0       0   -----
REMARK RMSD       :  4.505   0.000   0.000   0.000   0.000   0.000
REMARK 0.2/2 viol.:  1445       0       0
REMARK ===============================================================
REMARK               dani,   sani
REMARK violations :     0       0
REMARK RMSD       :  0.000   0.000
REMARK .2/.1 viol.:     0       0
REMARK ===============================================================
REMARK Protons       violations, rmsd
REMARK all    :           0       0.000
REMARK class 1:           0       0.000
REMARK class 2:           0       0.000
REMARK class 3:           0       0.000
REMARK class 4:           0       0.000
REMARK ===============================================================
REMARK overall = 74925.7
REMARK bon     = 2689.62
REMARK ang     = 1779.39
REMARK imp     = 110.999
REMARK vdw     = 2529.52
REMARK harm    = 0
REMARK noe     = 67532.4
REMARK coup    = 0
REMARK oneb    = 0
REMARK carb    = 0
REMARK prot    = 0
REMARK dani    = 0
REMARK sani    = 0
REMARK cdih    = 0
REMARK ncs     = 0
REMARK ===============================================================
REMARK DATE:05-Jul-2018  16:15:19       created by user: oeow39
REMARK VERSION:1.3
./chr20_1mb_matrix_5.pdbREMARK FILENAME="chr20_1mb_matrix_5.pdb"
REMARK The macromolecule has 60 residues
REMARK Trial structure 5 of 20 structures
REMARK Molecular dynamics scheme : cartesian; cartesian; minimize
REMARK High temperature dynamics :
REMARK      temp: 2000 steps: 1000 time(ps): 3
REMARK 1st cooling stage         :
REMARK      temp: 2000->0 steps: 1000 time(ps): 5 temp step: 25
REMARK 2nd cooling stage not used:
REMARK a total 150000 steps of minimization
REMARK VDW scale factors 20 20 0.01 0.003 0.003; 3E-03->4; 1
REMARK 1540 NOEs in 1 class(es) with scale factors of 10; 10; 10
REMARK      averaging function(s): cent,
REMARK 0 3-bond j-couplings in 0 class(es) with
REMARK      scale factor(s) of NA
REMARK 0 1-bond j-couplings in 0 class(es) with
REMARK      scale factor(s) of NA
REMARK 0 carbon chemical shifts in 0 class(es) with
REMARK      scale factor(s) of NA
REMARK 0 proton chemical shifts in 0 class(es) with
REMARK      scale factor(s) of NA
REMARK 0 diffusion anisotropy restraints in 0 class(es) with
REMARK      scale factor(s) of NA
REMARK 0 susceptability anisotropy restraints in 0 class(es) with
REMARK      scale factor(s) of NA
REMARK 0 dihedral restraints with scale factors of 5; 200; 400
REMARK 0 planarity restraints with a scale factor of NA
REMARK NCS restraints not used.
REMARK ===============================================================
REMARK               bond, angles, improp, vdw(<1.6),  dihed
REMARK violations :    73     153      20         3      82
REMARK RMSD       : 0.0523   4.670   2.471            22.781
REMARK ===============================================================
REMARK                noe,   cdih,   coup,   oneb, carb-a, carb-b,
REMARK violations :  1321       0       0       0       0   -----
REMARK RMSD       :  4.462   0.000   0.000   0.000   0.000   0.000
REMARK 0.2/2 viol.:  1457       0       0
REMARK ===============================================================
REMARK               dani,   sani
REMARK violations :     0       0
REMARK RMSD       :  0.000   0.000
REMARK .2/.1 viol.:     0       0
REMARK ===============================================================
REMARK Protons       violations, rmsd
REMARK all    :           0       0.000
REMARK class 1:           0       0.000
REMARK class 2:           0       0.000
REMARK class 3:           0       0.000
REMARK class 4:           0       0.000
REMARK ===============================================================
REMARK overall = 74924.3
REMARK bon     = 2696.57
REMARK ang     = 1790.32
REMARK imp     = 151.444
REMARK vdw     = 2496.02
REMARK harm    = 0
REMARK noe     = 67491.7
REMARK coup    = 0
REMARK oneb    = 0
REMARK carb    = 0
REMARK prot    = 0
REMARK dani    = 0
REMARK sani    = 0
REMARK cdih    = 0
REMARK ncs     = 0
REMARK ===============================================================
REMARK DATE:05-Jul-2018  16:17:49       created by user: oeow39
REMARK VERSION:1.3
./chr20_1mb_matrix_14.pdbREMARK FILENAME="chr20_1mb_matrix_14.pdb"
REMARK The macromolecule has 60 residues
REMARK Trial structure 14 of 20 structures
REMARK Molecular dynamics scheme : cartesian; cartesian; minimize
REMARK High temperature dynamics :
REMARK      temp: 2000 steps: 1000 time(ps): 3
REMARK 1st cooling stage         :
REMARK      temp: 2000->0 steps: 1000 time(ps): 5 temp step: 25
REMARK 2nd cooling stage not used:
REMARK a total 150000 steps of minimization
REMARK VDW scale factors 20 20 0.01 0.003 0.003; 3E-03->4; 1
REMARK 1540 NOEs in 1 class(es) with scale factors of 10; 10; 10
REMARK      averaging function(s): cent,
REMARK 0 3-bond j-couplings in 0 class(es) with
REMARK      scale factor(s) of NA
REMARK 0 1-bond j-couplings in 0 class(es) with
REMARK      scale factor(s) of NA
REMARK 0 carbon chemical shifts in 0 class(es) with
REMARK      scale factor(s) of NA
REMARK 0 proton chemical shifts in 0 class(es) with
REMARK      scale factor(s) of NA
REMARK 0 diffusion anisotropy restraints in 0 class(es) with
REMARK      scale factor(s) of NA
REMARK 0 susceptability anisotropy restraints in 0 class(es) with
REMARK      scale factor(s) of NA
REMARK 0 dihedral restraints with scale factors of 5; 200; 400
REMARK 0 planarity restraints with a scale factor of NA
REMARK NCS restraints not used.
REMARK ===============================================================
REMARK               bond, angles, improp, vdw(<1.6),  dihed
REMARK violations :    77     166      16         4      67
REMARK RMSD       : 0.0524   4.905   2.307            21.272
REMARK ===============================================================
REMARK                noe,   cdih,   coup,   oneb, carb-a, carb-b,
REMARK violations :  1305       0       0       0       0   -----
REMARK RMSD       :  4.478   0.000   0.000   0.000   0.000   0.000
REMARK 0.2/2 viol.:  1445       0       0
REMARK ===============================================================
REMARK               dani,   sani
REMARK violations :     0       0
REMARK RMSD       :  0.000   0.000
REMARK .2/.1 viol.:     0       0
REMARK ===============================================================
REMARK Protons       violations, rmsd
REMARK all    :           0       0.000
REMARK class 1:           0       0.000
REMARK class 2:           0       0.000
REMARK class 3:           0       0.000
REMARK class 4:           0       0.000
REMARK ===============================================================
REMARK overall = 75143.2
REMARK bon     = 2716.88
REMARK ang     = 1979.39
REMARK imp     = 126.707
REMARK vdw     = 2594.97
REMARK harm    = 0
REMARK noe     = 67471.8
REMARK coup    = 0
REMARK oneb    = 0
REMARK carb    = 0
REMARK prot    = 0
REMARK dani    = 0
REMARK sani    = 0
REMARK cdih    = 0
REMARK ncs     = 0
REMARK ===============================================================
REMARK DATE:05-Jul-2018  16:22:51       created by user: oeow39
REMARK VERSION:1.3
./chr20_1mb_matrix_2.pdbREMARK FILENAME="chr20_1mb_matrix_2.pdb"
REMARK The macromolecule has 60 residues
REMARK Trial structure 2 of 20 structures
REMARK Molecular dynamics scheme : cartesian; cartesian; minimize
REMARK High temperature dynamics :
REMARK      temp: 2000 steps: 1000 time(ps): 3
REMARK 1st cooling stage         :
REMARK      temp: 2000->0 steps: 1000 time(ps): 5 temp step: 25
REMARK 2nd cooling stage not used:
REMARK a total 150000 steps of minimization
REMARK VDW scale factors 20 20 0.01 0.003 0.003; 3E-03->4; 1
REMARK 1540 NOEs in 1 class(es) with scale factors of 10; 10; 10
REMARK      averaging function(s): cent,
REMARK 0 3-bond j-couplings in 0 class(es) with
REMARK      scale factor(s) of NA
REMARK 0 1-bond j-couplings in 0 class(es) with
REMARK      scale factor(s) of NA
REMARK 0 carbon chemical shifts in 0 class(es) with
REMARK      scale factor(s) of NA
REMARK 0 proton chemical shifts in 0 class(es) with
REMARK      scale factor(s) of NA
REMARK 0 diffusion anisotropy restraints in 0 class(es) with
REMARK      scale factor(s) of NA
REMARK 0 susceptability anisotropy restraints in 0 class(es) with
REMARK      scale factor(s) of NA
REMARK 0 dihedral restraints with scale factors of 5; 200; 400
REMARK 0 planarity restraints with a scale factor of NA
REMARK NCS restraints not used.
REMARK ===============================================================
REMARK               bond, angles, improp, vdw(<1.6),  dihed
REMARK violations :    76     161      18         5      71
REMARK RMSD       : 0.0525   4.959   2.282            21.952
REMARK ===============================================================
REMARK                noe,   cdih,   coup,   oneb, carb-a, carb-b,
REMARK violations :  1313       0       0       0       0   -----
REMARK RMSD       :  4.461   0.000   0.000   0.000   0.000   0.000
REMARK 0.2/2 viol.:  1462       0       0
REMARK ===============================================================
REMARK               dani,   sani
REMARK violations :     0       0
REMARK RMSD       :  0.000   0.000
REMARK .2/.1 viol.:     0       0
REMARK ===============================================================
REMARK Protons       violations, rmsd
REMARK all    :           0       0.000
REMARK class 1:           0       0.000
REMARK class 2:           0       0.000
REMARK class 3:           0       0.000
REMARK class 4:           0       0.000
REMARK ===============================================================
REMARK overall = 75271.4
REMARK bon     = 2711.53
REMARK ang     = 1996.67
REMARK imp     = 122.827
REMARK vdw     = 2672.59
REMARK harm    = 0
REMARK noe     = 67471.8
REMARK coup    = 0
REMARK oneb    = 0
REMARK carb    = 0
REMARK prot    = 0
REMARK dani    = 0
REMARK sani    = 0
REMARK cdih    = 0
REMARK ncs     = 0
REMARK ===============================================================
REMARK DATE:05-Jul-2018  16:15:54       created by user: oeow39
REMARK VERSION:1.3
./chr20_1mb_matrix_16.pdbREMARK FILENAME="chr20_1mb_matrix_16.pdb"
REMARK The macromolecule has 60 residues
REMARK Trial structure 16 of 20 structures
REMARK Molecular dynamics scheme : cartesian; cartesian; minimize
REMARK High temperature dynamics :
REMARK      temp: 2000 steps: 1000 time(ps): 3
REMARK 1st cooling stage         :
REMARK      temp: 2000->0 steps: 1000 time(ps): 5 temp step: 25
REMARK 2nd cooling stage not used:
REMARK a total 150000 steps of minimization
REMARK VDW scale factors 20 20 0.01 0.003 0.003; 3E-03->4; 1
REMARK 1540 NOEs in 1 class(es) with scale factors of 10; 10; 10
REMARK      averaging function(s): cent,
REMARK 0 3-bond j-couplings in 0 class(es) with
REMARK      scale factor(s) of NA
REMARK 0 1-bond j-couplings in 0 class(es) with
REMARK      scale factor(s) of NA
REMARK 0 carbon chemical shifts in 0 class(es) with
REMARK      scale factor(s) of NA
REMARK 0 proton chemical shifts in 0 class(es) with
REMARK      scale factor(s) of NA
REMARK 0 diffusion anisotropy restraints in 0 class(es) with
REMARK      scale factor(s) of NA
REMARK 0 susceptability anisotropy restraints in 0 class(es) with
REMARK      scale factor(s) of NA
REMARK 0 dihedral restraints with scale factors of 5; 200; 400
REMARK 0 planarity restraints with a scale factor of NA
REMARK NCS restraints not used.
REMARK ===============================================================
REMARK               bond, angles, improp, vdw(<1.6),  dihed
REMARK violations :    74     148      17         4      77
REMARK RMSD       : 0.0520   4.780   2.210            22.160
REMARK ===============================================================
REMARK                noe,   cdih,   coup,   oneb, carb-a, carb-b,
REMARK violations :  1321       0       0       0       0   -----
REMARK RMSD       :  4.483   0.000   0.000   0.000   0.000   0.000
REMARK 0.2/2 viol.:  1450       0       0
REMARK ===============================================================
REMARK               dani,   sani
REMARK violations :     0       0
REMARK RMSD       :  0.000   0.000
REMARK .2/.1 viol.:     0       0
REMARK ===============================================================
REMARK Protons       violations, rmsd
REMARK all    :           0       0.000
REMARK class 1:           0       0.000
REMARK class 2:           0       0.000
REMARK class 3:           0       0.000
REMARK class 4:           0       0.000
REMARK ===============================================================
REMARK overall = 74918.1
REMARK bon     = 2664.33
REMARK ang     = 1859.94
REMARK imp     = 116.147
REMARK vdw     = 2552.51
REMARK harm    = 0
REMARK noe     = 67429.6
REMARK coup    = 0
REMARK oneb    = 0
REMARK carb    = 0
REMARK prot    = 0
REMARK dani    = 0
REMARK sani    = 0
REMARK cdih    = 0
REMARK ncs     = 0
REMARK ===============================================================
REMARK DATE:05-Jul-2018  16:23:47       created by user: oeow39
REMARK VERSION:1.3
./chr20_1mb_matrix_3.pdbREMARK FILENAME="chr20_1mb_matrix_3.pdb"
REMARK The macromolecule has 60 residues
REMARK Trial structure 3 of 20 structures
REMARK Molecular dynamics scheme : cartesian; cartesian; minimize
REMARK High temperature dynamics :
REMARK      temp: 2000 steps: 1000 time(ps): 3
REMARK 1st cooling stage         :
REMARK      temp: 2000->0 steps: 1000 time(ps): 5 temp step: 25
REMARK 2nd cooling stage not used:
REMARK a total 150000 steps of minimization
REMARK VDW scale factors 20 20 0.01 0.003 0.003; 3E-03->4; 1
REMARK 1540 NOEs in 1 class(es) with scale factors of 10; 10; 10
REMARK      averaging function(s): cent,
REMARK 0 3-bond j-couplings in 0 class(es) with
REMARK      scale factor(s) of NA
REMARK 0 1-bond j-couplings in 0 class(es) with
REMARK      scale factor(s) of NA
REMARK 0 carbon chemical shifts in 0 class(es) with
REMARK      scale factor(s) of NA
REMARK 0 proton chemical shifts in 0 class(es) with
REMARK      scale factor(s) of NA
REMARK 0 diffusion anisotropy restraints in 0 class(es) with
REMARK      scale factor(s) of NA
REMARK 0 susceptability anisotropy restraints in 0 class(es) with
REMARK      scale factor(s) of NA
REMARK 0 dihedral restraints with scale factors of 5; 200; 400
REMARK 0 planarity restraints with a scale factor of NA
REMARK NCS restraints not used.
REMARK ===============================================================
REMARK               bond, angles, improp, vdw(<1.6),  dihed
REMARK violations :    77     154      21         3      65
REMARK RMSD       : 0.0525   4.789   2.527            20.690
REMARK ===============================================================
REMARK                noe,   cdih,   coup,   oneb, carb-a, carb-b,
REMARK violations :  1310       0       0       0       0   -----
REMARK RMSD       :  4.472   0.000   0.000   0.000   0.000   0.000
REMARK 0.2/2 viol.:  1439       0       0
REMARK ===============================================================
REMARK               dani,   sani
REMARK violations :     0       0
REMARK RMSD       :  0.000   0.000
REMARK .2/.1 viol.:     0       0
REMARK ===============================================================
REMARK Protons       violations, rmsd
REMARK all    :           0       0.000
REMARK class 1:           0       0.000
REMARK class 2:           0       0.000
REMARK class 3:           0       0.000
REMARK class 4:           0       0.000
REMARK ===============================================================
REMARK overall = 75025.4
REMARK bon     = 2720.74
REMARK ang     = 1878.37
REMARK imp     = 161.813
REMARK vdw     = 2604.18
REMARK harm    = 0
REMARK noe     = 67400.9
REMARK coup    = 0
REMARK oneb    = 0
REMARK carb    = 0
REMARK prot    = 0
REMARK dani    = 0
REMARK sani    = 0
REMARK cdih    = 0
REMARK ncs     = 0
REMARK ===============================================================
REMARK DATE:05-Jul-2018  16:16:32       created by user: oeow39
REMARK VERSION:1.3
./chr20_1mb_matrix_7.pdbREMARK FILENAME="chr20_1mb_matrix_7.pdb"
REMARK The macromolecule has 60 residues
REMARK Trial structure 7 of 20 structures
REMARK Molecular dynamics scheme : cartesian; cartesian; minimize
REMARK High temperature dynamics :
REMARK      temp: 2000 steps: 1000 time(ps): 3
REMARK 1st cooling stage         :
REMARK      temp: 2000->0 steps: 1000 time(ps): 5 temp step: 25
REMARK 2nd cooling stage not used:
REMARK a total 150000 steps of minimization
REMARK VDW scale factors 20 20 0.01 0.003 0.003; 3E-03->4; 1
REMARK 1540 NOEs in 1 class(es) with scale factors of 10; 10; 10
REMARK      averaging function(s): cent,
REMARK 0 3-bond j-couplings in 0 class(es) with
REMARK      scale factor(s) of NA
REMARK 0 1-bond j-couplings in 0 class(es) with
REMARK      scale factor(s) of NA
REMARK 0 carbon chemical shifts in 0 class(es) with
REMARK      scale factor(s) of NA
REMARK 0 proton chemical shifts in 0 class(es) with
REMARK      scale factor(s) of NA
REMARK 0 diffusion anisotropy restraints in 0 class(es) with
REMARK      scale factor(s) of NA
REMARK 0 susceptability anisotropy restraints in 0 class(es) with
REMARK      scale factor(s) of NA
REMARK 0 dihedral restraints with scale factors of 5; 200; 400
REMARK 0 planarity restraints with a scale factor of NA
REMARK NCS restraints not used.
REMARK ===============================================================
REMARK               bond, angles, improp, vdw(<1.6),  dihed
REMARK violations :    72     156      18         4      76
REMARK RMSD       : 0.0523   4.879   2.459            22.303
REMARK ===============================================================
REMARK                noe,   cdih,   coup,   oneb, carb-a, carb-b,
REMARK violations :  1324       0       0       0       0   -----
REMARK RMSD       :  4.451   0.000   0.000   0.000   0.000   0.000
REMARK 0.2/2 viol.:  1458       0       0
REMARK ===============================================================
REMARK               dani,   sani
REMARK violations :     0       0
REMARK RMSD       :  0.000   0.000
REMARK .2/.1 viol.:     0       0
REMARK ===============================================================
REMARK Protons       violations, rmsd
REMARK all    :           0       0.000
REMARK class 1:           0       0.000
REMARK class 2:           0       0.000
REMARK class 3:           0       0.000
REMARK class 4:           0       0.000
REMARK ===============================================================
REMARK overall = 74958
REMARK bon     = 2708.95
REMARK ang     = 1932.9
REMARK imp     = 152.15
REMARK vdw     = 2483.68
REMARK harm    = 0
REMARK noe     = 67385.3
REMARK coup    = 0
REMARK oneb    = 0
REMARK carb    = 0
REMARK prot    = 0
REMARK dani    = 0
REMARK sani    = 0
REMARK cdih    = 0
REMARK ncs     = 0
REMARK ===============================================================
REMARK DATE:05-Jul-2018  16:19:12       created by user: oeow39
REMARK VERSION:1.3
./chr20_1mb_matrix_18.pdbREMARK FILENAME="chr20_1mb_matrix_18.pdb"
REMARK The macromolecule has 60 residues
REMARK Trial structure 18 of 20 structures
REMARK Molecular dynamics scheme : cartesian; cartesian; minimize
REMARK High temperature dynamics :
REMARK      temp: 2000 steps: 1000 time(ps): 3
REMARK 1st cooling stage         :
REMARK      temp: 2000->0 steps: 1000 time(ps): 5 temp step: 25
REMARK 2nd cooling stage not used:
REMARK a total 150000 steps of minimization
REMARK VDW scale factors 20 20 0.01 0.003 0.003; 3E-03->4; 1
REMARK 1540 NOEs in 1 class(es) with scale factors of 10; 10; 10
REMARK      averaging function(s): cent,
REMARK 0 3-bond j-couplings in 0 class(es) with
REMARK      scale factor(s) of NA
REMARK 0 1-bond j-couplings in 0 class(es) with
REMARK      scale factor(s) of NA
REMARK 0 carbon chemical shifts in 0 class(es) with
REMARK      scale factor(s) of NA
REMARK 0 proton chemical shifts in 0 class(es) with
REMARK      scale factor(s) of NA
REMARK 0 diffusion anisotropy restraints in 0 class(es) with
REMARK      scale factor(s) of NA
REMARK 0 susceptability anisotropy restraints in 0 class(es) with
REMARK      scale factor(s) of NA
REMARK 0 dihedral restraints with scale factors of 5; 200; 400
REMARK 0 planarity restraints with a scale factor of NA
REMARK NCS restraints not used.
REMARK ===============================================================
REMARK               bond, angles, improp, vdw(<1.6),  dihed
REMARK violations :    73     160      21         4      77
REMARK RMSD       : 0.0528   4.800   2.437            21.995
REMARK ===============================================================
REMARK                noe,   cdih,   coup,   oneb, carb-a, carb-b,
REMARK violations :  1326       0       0       0       0   -----
REMARK RMSD       :  4.473   0.000   0.000   0.000   0.000   0.000
REMARK 0.2/2 viol.:  1454       0       0
REMARK ===============================================================
REMARK               dani,   sani
REMARK violations :     0       0
REMARK RMSD       :  0.000   0.000
REMARK .2/.1 viol.:     0       0
REMARK ===============================================================
REMARK Protons       violations, rmsd
REMARK all    :           0       0.000
REMARK class 1:           0       0.000
REMARK class 2:           0       0.000
REMARK class 3:           0       0.000
REMARK class 4:           0       0.000
REMARK ===============================================================
REMARK overall = 74968.3
REMARK bon     = 2737.64
REMARK ang     = 1893.19
REMARK imp     = 144.943
REMARK vdw     = 2532.23
REMARK harm    = 0
REMARK noe     = 67383.8
REMARK coup    = 0
REMARK oneb    = 0
REMARK carb    = 0
REMARK prot    = 0
REMARK dani    = 0
REMARK sani    = 0
REMARK cdih    = 0
REMARK ncs     = 0
REMARK ===============================================================
REMARK DATE:05-Jul-2018  16:24:46       created by user: oeow39
REMARK VERSION:1.3
./chr20_1mb_matrix_19.pdbREMARK FILENAME="chr20_1mb_matrix_19.pdb"
REMARK The macromolecule has 60 residues
REMARK Trial structure 19 of 20 structures
REMARK Molecular dynamics scheme : cartesian; cartesian; minimize
REMARK High temperature dynamics :
REMARK      temp: 2000 steps: 1000 time(ps): 3
REMARK 1st cooling stage         :
REMARK      temp: 2000->0 steps: 1000 time(ps): 5 temp step: 25
REMARK 2nd cooling stage not used:
REMARK a total 150000 steps of minimization
REMARK VDW scale factors 20 20 0.01 0.003 0.003; 3E-03->4; 1
REMARK 1540 NOEs in 1 class(es) with scale factors of 10; 10; 10
REMARK      averaging function(s): cent,
REMARK 0 3-bond j-couplings in 0 class(es) with
REMARK      scale factor(s) of NA
REMARK 0 1-bond j-couplings in 0 class(es) with
REMARK      scale factor(s) of NA
REMARK 0 carbon chemical shifts in 0 class(es) with
REMARK      scale factor(s) of NA
REMARK 0 proton chemical shifts in 0 class(es) with
REMARK      scale factor(s) of NA
REMARK 0 diffusion anisotropy restraints in 0 class(es) with
REMARK      scale factor(s) of NA
REMARK 0 susceptability anisotropy restraints in 0 class(es) with
REMARK      scale factor(s) of NA
REMARK 0 dihedral restraints with scale factors of 5; 200; 400
REMARK 0 planarity restraints with a scale factor of NA
REMARK NCS restraints not used.
REMARK ===============================================================
REMARK               bond, angles, improp, vdw(<1.6),  dihed
REMARK violations :    71     158      20         2      72
REMARK RMSD       : 0.0524   4.895   2.502            21.086
REMARK ===============================================================
REMARK                noe,   cdih,   coup,   oneb, carb-a, carb-b,
REMARK violations :  1316       0       0       0       0   -----
REMARK RMSD       :  4.454   0.000   0.000   0.000   0.000   0.000
REMARK 0.2/2 viol.:  1451       0       0
REMARK ===============================================================
REMARK               dani,   sani
REMARK violations :     0       0
REMARK RMSD       :  0.000   0.000
REMARK .2/.1 viol.:     0       0
REMARK ===============================================================
REMARK Protons       violations, rmsd
REMARK all    :           0       0.000
REMARK class 1:           0       0.000
REMARK class 2:           0       0.000
REMARK class 3:           0       0.000
REMARK class 4:           0       0.000
REMARK ===============================================================
REMARK overall = 74923.4
REMARK bon     = 2708.85
REMARK ang     = 1937.55
REMARK imp     = 153.082
REMARK vdw     = 2494.02
REMARK harm    = 0
REMARK noe     = 67351.6
REMARK coup    = 0
REMARK oneb    = 0
REMARK carb    = 0
REMARK prot    = 0
REMARK dani    = 0
REMARK sani    = 0
REMARK cdih    = 0
REMARK ncs     = 0
REMARK ===============================================================
REMARK DATE:05-Jul-2018  16:25:16       created by user: oeow39
REMARK VERSION:1.3
./chr20_1mb_matrix_6.pdbREMARK FILENAME="chr20_1mb_matrix_6.pdb"
REMARK The macromolecule has 60 residues
REMARK Trial structure 6 of 20 structures
REMARK Molecular dynamics scheme : cartesian; cartesian; minimize
REMARK High temperature dynamics :
REMARK      temp: 2000 steps: 1000 time(ps): 3
REMARK 1st cooling stage         :
REMARK      temp: 2000->0 steps: 1000 time(ps): 5 temp step: 25
REMARK 2nd cooling stage not used:
REMARK a total 150000 steps of minimization
REMARK VDW scale factors 20 20 0.01 0.003 0.003; 3E-03->4; 1
REMARK 1540 NOEs in 1 class(es) with scale factors of 10; 10; 10
REMARK      averaging function(s): cent,
REMARK 0 3-bond j-couplings in 0 class(es) with
REMARK      scale factor(s) of NA
REMARK 0 1-bond j-couplings in 0 class(es) with
REMARK      scale factor(s) of NA
REMARK 0 carbon chemical shifts in 0 class(es) with
REMARK      scale factor(s) of NA
REMARK 0 proton chemical shifts in 0 class(es) with
REMARK      scale factor(s) of NA
REMARK 0 diffusion anisotropy restraints in 0 class(es) with
REMARK      scale factor(s) of NA
REMARK 0 susceptability anisotropy restraints in 0 class(es) with
REMARK      scale factor(s) of NA
REMARK 0 dihedral restraints with scale factors of 5; 200; 400
REMARK 0 planarity restraints with a scale factor of NA
REMARK NCS restraints not used.
REMARK ===============================================================
REMARK               bond, angles, improp, vdw(<1.6),  dihed
REMARK violations :    74     154      20         3      72
REMARK RMSD       : 0.0526   4.832   2.341            21.566
REMARK ===============================================================
REMARK                noe,   cdih,   coup,   oneb, carb-a, carb-b,
REMARK violations :  1318       0       0       0       0   -----
REMARK RMSD       :  4.476   0.000   0.000   0.000   0.000   0.000
REMARK 0.2/2 viol.:  1452       0       0
REMARK ===============================================================
REMARK               dani,   sani
REMARK violations :     0       0
REMARK RMSD       :  0.000   0.000
REMARK .2/.1 viol.:     0       0
REMARK ===============================================================
REMARK Protons       violations, rmsd
REMARK all    :           0       0.000
REMARK class 1:           0       0.000
REMARK class 2:           0       0.000
REMARK class 3:           0       0.000
REMARK class 4:           0       0.000
REMARK ===============================================================
REMARK overall = 74826.3
REMARK bon     = 2731.41
REMARK ang     = 1889.09
REMARK imp     = 131.876
REMARK vdw     = 2534.09
REMARK harm    = 0
REMARK noe     = 67262.9
REMARK coup    = 0
REMARK oneb    = 0
REMARK carb    = 0
REMARK prot    = 0
REMARK dani    = 0
REMARK sani    = 0
REMARK cdih    = 0
REMARK ncs     = 0
REMARK ===============================================================
REMARK DATE:05-Jul-2018  16:18:28       created by user: oeow39
REMARK VERSION:1.3
./chr20_1mb_matrix_13.pdbREMARK FILENAME="chr20_1mb_matrix_13.pdb"
REMARK The macromolecule has 60 residues
REMARK Trial structure 13 of 20 structures
REMARK Molecular dynamics scheme : cartesian; cartesian; minimize
REMARK High temperature dynamics :
REMARK      temp: 2000 steps: 1000 time(ps): 3
REMARK 1st cooling stage         :
REMARK      temp: 2000->0 steps: 1000 time(ps): 5 temp step: 25
REMARK 2nd cooling stage not used:
REMARK a total 150000 steps of minimization
REMARK VDW scale factors 20 20 0.01 0.003 0.003; 3E-03->4; 1
REMARK 1540 NOEs in 1 class(es) with scale factors of 10; 10; 10
REMARK      averaging function(s): cent,
REMARK 0 3-bond j-couplings in 0 class(es) with
REMARK      scale factor(s) of NA
REMARK 0 1-bond j-couplings in 0 class(es) with
REMARK      scale factor(s) of NA
REMARK 0 carbon chemical shifts in 0 class(es) with
REMARK      scale factor(s) of NA
REMARK 0 proton chemical shifts in 0 class(es) with
REMARK      scale factor(s) of NA
REMARK 0 diffusion anisotropy restraints in 0 class(es) with
REMARK      scale factor(s) of NA
REMARK 0 susceptability anisotropy restraints in 0 class(es) with
REMARK      scale factor(s) of NA
REMARK 0 dihedral restraints with scale factors of 5; 200; 400
REMARK 0 planarity restraints with a scale factor of NA
REMARK NCS restraints not used.
REMARK ===============================================================
REMARK               bond, angles, improp, vdw(<1.6),  dihed
REMARK violations :    75     156      21         7      75
REMARK RMSD       : 0.0523   4.752   2.355            22.667
REMARK ===============================================================
REMARK                noe,   cdih,   coup,   oneb, carb-a, carb-b,
REMARK violations :  1298       0       0       0       0   -----
REMARK RMSD       :  4.475   0.000   0.000   0.000   0.000   0.000
REMARK 0.2/2 viol.:  1448       0       0
REMARK ===============================================================
REMARK               dani,   sani
REMARK violations :     0       0
REMARK RMSD       :  0.000   0.000
REMARK .2/.1 viol.:     0       0
REMARK ===============================================================
REMARK Protons       violations, rmsd
REMARK all    :           0       0.000
REMARK class 1:           0       0.000
REMARK class 2:           0       0.000
REMARK class 3:           0       0.000
REMARK class 4:           0       0.000
REMARK ===============================================================
REMARK overall = 74692.2
REMARK bon     = 2687.91
REMARK ang     = 1869.18
REMARK imp     = 133.089
REMARK vdw     = 2498.44
REMARK harm    = 0
REMARK noe     = 67219.3
REMARK coup    = 0
REMARK oneb    = 0
REMARK carb    = 0
REMARK prot    = 0
REMARK dani    = 0
REMARK sani    = 0
REMARK cdih    = 0
REMARK ncs     = 0
REMARK ===============================================================
REMARK DATE:05-Jul-2018  16:22:15       created by user: oeow39
REMARK VERSION:1.3
