 MATLAB Evaluation Started............
Processing file /storage/htc/bdm/tosin/GSDB/Data/WT9059TG/Cheng_Prop_WT/GSM455133_30E0LAAXX.1/VC_1mb/chr15_list.txt..............
INFO: License(s) matlab:1
Currently Loaded Modulefiles:
  1) matlab/matlab-R2018a

                            < M A T L A B (R) >
                  Copyright 1984-2018 The MathWorks, Inc.
                   R2018a (9.4.0.813654) 64-bit (glnxa64)
                             February 23, 2018

 
To get started, type one of these: helpwin, helpdesk, or demo.
For product information, visit www.mathworks.com.
 
InfMod3DGen Execution Completed........

n =

     1


m =

    83


p =

     3


XYZ =

   1.0e+03 *

   -1.7550   -1.7550    1.5990
    0.9317    1.5970    0.0946
   -0.4893   -0.2091    0.7215
   -0.4112    0.2512    1.1194
   -0.5206   -0.0742    0.4438
    0.0480   -0.0194    1.0675
   -0.4939    0.1404    0.4863
    0.0003   -0.1193    1.0297
   -0.6126    0.1570    0.6140
   -0.2131   -0.1724    1.0024
   -0.6130    0.2688    0.5790
   -0.1573   -0.2227    0.9282
   -0.5839    0.3167    0.6853
   -0.3154   -0.3188    0.8826
   -0.5098    0.3021    0.6621
   -0.2510   -0.2892    0.9113
   -0.5181    0.3937    0.6786
   -0.3555   -0.3503    0.8438
   -0.3148    0.4444    0.8213
   -0.4486   -0.2895    0.6159
   -0.3306    0.1800    1.1336
   -0.2716    0.1075    0.3636
   -0.3551   -0.0680    1.1506
   -0.1945    0.1933    0.4045
   -0.3182   -0.0294    1.1530
   -0.2809    0.0195    0.4887
   -0.4607    0.1571    1.1645
   -0.4710   -0.1264    0.4977
    0.0688    0.0611    1.0123
    0.4102    0.0848    0.5863
    0.8591    0.0429    0.8942
    0.2095   -0.1075    0.7025
    0.6883    0.2448    0.8065
    0.7694   -0.1903    0.7925
    0.5775    0.2547    0.7192
    0.2051   -0.1496    0.9553
    0.3253    0.2281    0.6178
    0.6982   -0.1155    0.8956
    0.2079    0.1892    0.6685
   -0.3516   -0.0390    0.8696
    0.3829   -0.0229    0.7901
   -0.2305    0.2452    0.7526
    0.2433   -0.1400    0.8149
   -0.3962    0.3839    0.7930
    0.1073   -0.2879    0.6738
   -0.2675    0.4479    0.9552
   -0.4562   -0.3021    0.7281
   -0.1875    0.4167    0.9310
   -0.4937   -0.1819    0.5566
   -0.1174    0.1586    1.0572
   -0.5851    0.0022    0.4929
   -0.4185   -0.0183    1.1233
   -0.2186   -0.0290    0.4956
   -0.5778    0.0942    1.0826
   -0.1538   -0.0046    0.4427
   -0.4550    0.1642    1.1823
   -0.3996   -0.2121    0.4716
   -0.5390    0.2773    1.0382
   -0.1750   -0.1423    0.5964
   -0.6053    0.2388    0.9880
   -0.2873   -0.1602    0.5732
   -0.6609    0.1759    0.9875
   -0.1393    0.0959    0.5486
   -0.6933   -0.0801    0.9987
   -0.1967    0.2247    0.5465
   -0.6953   -0.1389    0.9938
   -0.3564    0.2972    0.5715
   -0.6782   -0.2675    0.9305
   -0.4252    0.3035    0.6572
   -0.6191   -0.2353    0.8391
   -0.3110    0.3739    0.8396
   -0.5863   -0.1932    0.5863
   -0.7537    0.1914    1.0458
   -1.2266   -0.0345    0.5840
   -1.1523    0.0250    1.0287
   -1.3846    0.1517    0.6327
   -0.6694   -0.2473    0.9426
   -1.1044    0.2602    0.6703
   -1.3845   -0.2337    0.8712
   -1.5623    0.2126    0.7456
   -1.9258   -0.1077    0.7879
   -2.2941    0.0355    0.8005
   -2.9686    0.0547    0.8498

Previous Length = 83
outputting PDB in file /storage/htc/bdm/tosin/GSDB/Structures/WT9059TG/GSM455133_30E0LAAXX.1/VC_1mb/InfMod3DGen/chr15.pdb
   100.00%
    done! closing file...
New Length = 83
spearman correlation = 0.165831
