 MATLAB Evaluation Started............
Processing file /storage/htc/bdm/tosin/GSDB/Data/WT9059TG/Cheng_Prop_WT/GSM455133_30E0LAAXX.1/VC_100kb/chr10_list.txt..............
INFO: License(s) matlab:1
Currently Loaded Modulefiles:
  1) matlab/matlab-R2018a
MobaXterm X11 proxy: Authorisation not recognised

                            < M A T L A B (R) >
                  Copyright 1984-2018 The MathWorks, Inc.
                   R2018a (9.4.0.813654) 64-bit (glnxa64)
                             February 23, 2018

 
To get started, type one of these: helpwin, helpdesk, or demo.
For product information, visit www.mathworks.com.
 
InfMod3DGen Execution Completed........

n =

     1


m =

        1328


p =

     3


XYZ =

   1.0e+03 *

    0.0360    0.0540    0.3600
   -0.0404    0.0360    0.3986
    0.1223    0.2748    0.5219
    0.0653    0.0296    0.5741
   -0.1399    0.0678    0.4924
    0.0233    0.1986    0.4299
   -0.0118    0.1232    0.6557
    0.1200    0.0946    0.4794
   -0.0978    0.0180    0.6528
    0.1207    0.0480    0.4326
   -0.0891    0.1687    0.5618
    0.0837    0.0226    0.4956
   -0.1932    0.0798    0.5550
    0.0806    0.1459    0.5106
   -0.0623    0.0839    0.7110
    0.1003    0.0119    0.5505
   -0.1435    0.1785    0.5414
    0.0956   -0.0318    0.5981
    0.0172    0.0349    0.4117
   -0.0378    0.2087    0.6021
    0.1142    0.0177    0.5076
   -0.0004    0.1837    0.3311
   -0.0802    0.0206    0.5365
    0.1007    0.1861    0.3849
   -0.1231    0.0429    0.4939
   -0.0675    0.0490    0.6819
   -0.0797   -0.0117    0.4246
   -0.1002    0.1331    0.5715
    0.2147    0.1881    0.5696
   -0.0303    0.1436    0.4555
    0.0503   -0.0761    0.5481
    0.0218    0.1306    0.4786
   -0.0785   -0.0231    0.5174
    0.1881    0.0734    0.6127
    0.0999    0.1839    0.4387
    0.0065   -0.0778    0.5074
   -0.0752    0.2029    0.3640
    0.0692    0.2021    0.6179
    0.0353   -0.1679    0.4776
    0.1330    0.1736    0.4507
    0.0414   -0.0288    0.7101
   -0.0596    0.2818    0.6097
   -0.0252    0.1037    0.4927
   -0.0531   -0.1085    0.5212
    0.0374    0.2129    0.3956
   -0.1565    0.1217    0.5858
    0.0988    0.0048    0.3463
   -0.1191   -0.0661    0.6270
   -0.0822    0.3027    0.4931
    0.0778   -0.1218    0.6309
   -0.0128    0.1075    0.3757
   -0.0136   -0.0612    0.6725
    0.0826    0.1090    0.4736
   -0.1196   -0.1104    0.4300
    0.0258    0.2064    0.6910
    0.0827    0.0066    0.4392
   -0.0792    0.1596    0.5723
   -0.0401   -0.1312    0.4397
   -0.0731    0.1799    0.3702
   -0.0953    0.0330    0.5924
   -0.1694    0.1800    0.5164
   -0.0576   -0.1096    0.5873
    0.0311    0.1036    0.5525
   -0.2046    0.0539    0.4704
    0.1153    0.1548    0.6458
    0.1202    0.0896    0.4705
   -0.2046    0.1893    0.4714
   -0.0137   -0.0897    0.5011
   -0.2786    0.0887    0.5788
    0.0152    0.0794    0.7174
   -0.1037    0.2634    0.4905
   -0.1605    0.1602    0.6801
    0.0936    0.1252    0.6283
   -0.2137   -0.0036    0.3331
   -0.0540    0.2270    0.6796
    0.0453   -0.0476    0.4875
   -0.1706   -0.0496    0.5279
   -0.1573    0.2100    0.4906
   -0.0057   -0.0577    0.5858
   -0.0853    0.2022    0.4972
    0.0619   -0.0650    0.6659
   -0.2118    0.0657    0.5134
    0.0588    0.1096    0.4241
   -0.2331   -0.0310    0.6397
    0.0786    0.2437    0.6526
    0.1613    0.1048    0.4447
    0.0004    0.2214    0.6401
    0.0346   -0.0298    0.4225
    0.0540    0.1538    0.5786
   -0.1857    0.2274    0.4662
   -0.0301    0.0448    0.6732
   -0.0681   -0.0176    0.3218
   -0.0784   -0.0871    0.5736
    0.0134    0.2624    0.4398
   -0.0652    0.1311    0.3067
    0.0788    0.0875    0.6936
   -0.0052    0.1511    0.3479
   -0.1543   -0.0587    0.7181
   -0.0105    0.1348    0.4787
   -0.0323    0.1438    0.7997
    0.1590    0.2278    0.5393
   -0.0479   -0.0034    0.5771
   -0.0198    0.1964    0.5172
   -0.0869    0.0122    0.5114
    0.1216    0.1632    0.5999
   -0.1189    0.1874    0.3933
   -0.1586    0.0829    0.7768
    0.1225    0.2390    0.4622
    0.0086    0.1760    0.7059
   -0.1712   -0.0542    0.3511
   -0.1600    0.2495    0.6375
   -0.1199   -0.2000    0.6611
    0.0665   -0.0951    0.2870
   -0.2079   -0.1317    0.6162
   -0.0290    0.1721    0.5874
   -0.1344    0.0054    0.3166
    0.0873   -0.2517    0.4307
   -0.0934    0.1417    0.4385
    0.0220    0.0142    0.6607
   -0.1119    0.0728    0.3705
    0.0168    0.1134    0.6857
   -0.2522    0.1394    0.5818
   -0.0404   -0.0928    0.4841
    0.0074    0.1804    0.6721
    0.1263    0.0212    0.5060
   -0.1749    0.0544    0.5196
    0.0552    0.0617    0.6593
    0.0398    0.1434    0.4891
    0.0228    0.2519    0.6200
   -0.0858    0.0782    0.6117
   -0.0265    0.0281    0.3518
   -0.0804    0.0290    0.6926
   -0.0309    0.2527    0.4948
    0.1010   -0.0116    0.5392
   -0.0692    0.1922    0.4552
   -0.1961    0.0458    0.5941
    0.0061    0.0901    0.3701
   -0.1160   -0.1136    0.5136
    0.0796    0.0049    0.5607
   -0.2386    0.0700    0.4403
    0.0081    0.0529    0.5933
    0.1058    0.2177    0.5180
   -0.2102   -0.0205    0.5601
    0.0220    0.2877    0.4967
   -0.0315   -0.0648    0.5928
   -0.1463   -0.0396    0.4697
    0.0451    0.3362    0.5017
    0.1540    0.1781    0.5057
   -0.0665   -0.0813    0.3117
    0.0288    0.2026    0.3770
   -0.1643    0.0429    0.5268
    0.0795    0.0383    0.4997
   -0.1756    0.1041    0.4377
   -0.0341    0.2113    0.5224
   -0.0599    0.0139    0.6095
   -0.0200    0.1056    0.4435
   -0.0833   -0.0545    0.3910
   -0.1372    0.1835    0.5611
    0.0614    0.2571    0.5438
   -0.1069    0.0264    0.5858
   -0.0011    0.2363    0.5705
   -0.1031   -0.0581    0.4316
   -0.1118    0.2662    0.4426
   -0.0733   -0.0918    0.5354
   -0.0054    0.2078    0.3776
   -0.0404   -0.0054    0.6338
   -0.0112    0.2205    0.3579
   -0.0100    0.1577    0.7276
   -0.1987    0.1158    0.2734
   -0.0215    0.1808    0.5192
   -0.0277    0.1252    0.6896
   -0.0840   -0.0518    0.4951
   -0.1530    0.3100    0.5773
   -0.0290   -0.1451    0.6896
   -0.1965    0.0451    0.4694
   -0.0574    0.0516    0.2728
    0.0247    0.3328    0.5633
   -0.0003   -0.0656    0.5552
   -0.2314    0.1555    0.5037
   -0.0760   -0.0318    0.6180
   -0.0981    0.1739    0.3947
   -0.1075    0.0614    0.6327
   -0.0728    0.0033    0.4434
   -0.1028    0.2176    0.3567
   -0.1142    0.2279    0.7442
   -0.0393    0.1005    0.8535
   -0.1384    0.3477    0.6673
   -0.0971    0.3050    0.3245
   -0.3098    0.2706    0.5826
   -0.1409   -0.1188    0.3678
   -0.0601    0.3872    0.5966
   -0.0965    0.0938    0.6036
   -0.0226    0.3828    0.7208
   -0.1357    0.0107    0.5822
    0.0392    0.1919    0.7695
    0.0164    0.1668    0.6401
   -0.0212    0.1000    0.3876
    0.0474    0.3882    0.6334
   -0.0610    0.1016    0.7568
   -0.1934    0.2212    0.4345
   -0.0468    0.2405    0.5842
   -0.0393   -0.0875    0.3762
   -0.0022   -0.1318    0.8459
   -0.1634    0.1060    0.3732
    0.1094    0.1452    0.4821
    0.1206    0.1405    0.8247
    0.0085   -0.1206    0.6053
    0.1016    0.2855    0.7327
    0.0456    0.0068    0.5783
   -0.0484    0.2001    0.3694
    0.0363    0.2379    0.5197
   -0.1457    0.1666    0.4016
    0.0648    0.4242    0.7247
    0.0853    0.0269    0.3688
    0.0706    0.1182    0.5383
   -0.2075    0.1425    0.6561
   -0.0041    0.0307    0.4691
    0.0252    0.1927    0.6893
   -0.2312    0.0235    0.6193
   -0.0779    0.1706    0.4222
   -0.0180   -0.0335    0.6938
   -0.1086    0.2387    0.6775
   -0.0632    0.1420    0.3118
   -0.1569   -0.2065    0.6020
   -0.0938    0.1149    0.8290
   -0.1289   -0.1302    0.6938
   -0.1191    0.2478    0.3243
   -0.0240   -0.1596    0.5387
   -0.1195    0.2538    0.5321
   -0.0201    0.3850    0.7503
   -0.0190   -0.1273    0.7091
   -0.1208    0.0205    0.5168
   -0.1610    0.0759    0.7972
   -0.1277   -0.0590    0.2756
   -0.0398    0.0328    0.6854
   -0.1512   -0.0196    0.4121
   -0.1745    0.0716    0.6593
   -0.0580    0.2385    0.5611
   -0.0518    0.1294    0.2958
   -0.1590    0.0504    0.8149
   -0.2365    0.1003    0.4914
   -0.1248    0.1339    0.7793
   -0.0630    0.1145    0.4498
   -0.1467   -0.0625    0.6801
   -0.1492   -0.0259    0.3899
   -0.1082   -0.1057    0.6079
   -0.1550    0.1512    0.5946
   -0.1248   -0.2052    0.4168
   -0.2197    0.1849    0.6535
   -0.1644   -0.1998    0.5568
   -0.2491    0.1151    0.6611
   -0.1927    0.1187    0.4554
   -0.2663   -0.1468    0.5668
   -0.2828   -0.0788    0.8102
   -0.2015    0.0609    0.3508
   -0.2956    0.3145    0.6958
   -0.2329    0.0607    0.3774
   -0.2461   -0.0401    0.7514
   -0.3459    0.3071    0.5671
   -0.2775   -0.1498    0.5678
   -0.3206    0.1432    0.5025
   -0.2449   -0.0112    0.5301
   -0.3406    0.2576    0.8049
   -0.2719    0.1992    0.4517
   -0.3622   -0.1267    0.6215
   -0.2704    0.1376    0.7156
   -0.3669    0.1718    0.2141
   -0.2826    0.2799    0.5350
   -0.3126   -0.0380    0.3323
   -0.4037   -0.1045    0.5584
   -0.3312    0.1078    0.5141
   -0.3716    0.2122    0.7373
   -0.2733    0.0171    0.3886
   -0.3442   -0.0236    0.7006
   -0.2762    0.2880    0.6689
   -0.3002    0.1643    0.4630
   -0.3841    0.0802    0.5812
   -0.3462    0.0648    0.3430
   -0.4346    0.1657    0.4934
   -0.3913   -0.1496    0.3339
   -0.4246    0.2687    0.6468
   -0.5162    0.1088    0.3958
   -0.5077    0.2216    0.7083
   -0.4319    0.0027    0.4628
   -0.4192    0.2049    0.3241
   -0.5197   -0.0602    0.6304
   -0.4607    0.1507    0.5889
   -0.5392    0.0081    0.4290
   -0.4849    0.1841    0.5580
   -0.5808   -0.0109    0.4422
   -0.5048    0.2106    0.7751
   -0.5980    0.2035    0.5258
   -0.5253    0.0687    0.6963
   -0.6172    0.2954    0.6029
   -0.5869   -0.0253    0.5708
   -0.6740    0.1150    0.6189
   -0.6889    0.1400    0.4576
   -0.5969   -0.0475    0.5372
   -0.6826    0.2111    0.6738
   -0.5889    0.1439    0.4655
   -0.6641    0.0267    0.6315
   -0.5644    0.1769    0.5007
   -0.6328    0.0012    0.4917
   -0.6407    0.1335    0.6158
   -0.5709   -0.0926    0.5491
   -0.6585    0.1234    0.4263
   -0.6706    0.2915    0.5715
   -0.6081    0.0546    0.4955
   -0.6816   -0.0578    0.5456
   -0.6879    0.0718    0.5864
   -0.6081    0.0146    0.3946
   -0.6986    0.0689    0.6205
   -0.7135    0.0934    0.4117
   -0.6180   -0.1260    0.6096
   -0.6565    0.1081    0.5752
   -0.5767    0.0910    0.6950
   -0.6397    0.0046    0.4343
   -0.5533    0.0081    0.6679
   -0.5998    0.2742    0.5793
   -0.5233   -0.0120    0.4662
   -0.5800    0.3477    0.5034
   -0.4948   -0.0641    0.2955
   -0.5528    0.0777    0.5813
   -0.5010    0.1578    0.4383
   -0.5809   -0.0702    0.5238
   -0.5684    0.1510    0.5324
   -0.4741    0.3460    0.4307
   -0.4790   -0.0457    0.3972
   -0.5611    0.2728    0.5330
   -0.4871    0.0173    0.3766
   -0.5537    0.1134    0.6543
   -0.5686    0.0910    0.3628
   -0.4799   -0.1425    0.4699
   -0.5032   -0.0091    0.6861
   -0.4133    0.1606    0.6953
   -0.3729   -0.0749    0.4677
   -0.3643    0.1020    0.3995
   -0.4630   -0.0185    0.5748
   -0.3846    0.1600    0.7406
   -0.4255    0.2258    0.3273
   -0.3283    0.0896    0.7009
   -0.4108    0.1483    0.5593
   -0.3994   -0.0337    0.3842
   -0.3212   -0.1991    0.6763
   -0.3907    0.0693    0.3884
   -0.3572    0.3128    0.5974
   -0.2717   -0.0987    0.4209
   -0.2656    0.2037    0.3006
   -0.3460   -0.1722    0.6415
   -0.2613    0.2514    0.5432
   -0.3183    0.1247    0.5258
   -0.2185    0.1705    0.6636
   -0.3177   -0.0276    0.4377
   -0.2550    0.2078    0.5092
   -0.2447   -0.0887    0.6752
   -0.3306    0.1140    0.4452
   -0.2611   -0.1562    0.4903
   -0.3284    0.1863    0.6076
   -0.2540   -0.0500    0.7103
   -0.2673   -0.0038    0.5155
   -0.3440    0.2029    0.4488
   -0.3512    0.1423    0.7122
   -0.2844    0.1945    0.5540
   -0.3434   -0.0015    0.2838
   -0.2430   -0.1123    0.4692
   -0.3155    0.0691    0.5975
   -0.2625    0.0521    0.3810
   -0.3381    0.3016    0.5901
   -0.3223    0.0096    0.7050
   -0.2279    0.1637    0.5028
   -0.2379   -0.0087    0.5995
   -0.3203    0.1705    0.5056
   -0.2621   -0.0684    0.3191
   -0.3484    0.1565    0.7128
   -0.2531    0.0375    0.7620
   -0.3457    0.2197    0.5510
   -0.2535    0.1330    0.2889
   -0.2488    0.3112    0.5376
   -0.3349    0.1121    0.6010
   -0.2741    0.1452    0.4195
   -0.3666    0.3193    0.4852
   -0.3665    0.0408    0.6037
   -0.2811    0.1206    0.4138
   -0.3706   -0.0294    0.5626
   -0.2766    0.2040    0.7073
   -0.3494    0.3295    0.4997
   -0.2856   -0.1055    0.6948
   -0.3539    0.0258    0.5121
   -0.3683    0.3031    0.5991
   -0.3043    0.0613    0.3989
   -0.3757    0.0101    0.5659
   -0.3163    0.1850    0.6884
   -0.5103    0.5515    0.8608
   -1.3433   -0.5966   -0.2608
   -0.8321   -0.4674   -0.2828
   -1.2829    0.5057   -0.2154
   -0.2498    0.1209    0.4743
   -0.3138   -0.0862    0.5038
   -0.2248    0.2110    0.6906
   -0.3143    0.2984    0.6072
   -0.2471   -0.0095    0.7942
   -0.2468    0.3347    0.6809
   -0.3187    0.0366    0.5206
   -0.3560    0.1021    0.6603
   -0.2824    0.0641    0.4406
   -0.2937   -0.0701    0.7089
   -0.3929    0.0910    0.6096
   -0.3205    0.0661    0.4607
   -0.4113    0.0353    0.5760
   -0.3650   -0.0890    0.4016
   -0.4558    0.1043    0.7406
   -0.3608    0.1830    0.6707
   -0.4337   -0.0228    0.4547
   -0.3700    0.2324    0.6668
   -0.4063    0.1744    0.4348
   -0.4910    0.1773    0.6779
   -0.4603   -0.0529    0.5349
   -0.3659    0.0315    0.4575
   -0.4223    0.2090    0.5260
   -0.3347   -0.0994    0.6736
   -0.3898    0.1518    0.6729
   -0.3294    0.2147    0.4983
   -0.4189   -0.0873    0.6881
   -0.3354    0.1935    0.5188
   -0.4252    0.0766    0.7787
   -0.3815    0.0254    0.3378
   -0.4588    0.3019    0.4061
   -0.3909    0.1081    0.7332
   -0.3869    0.0307    0.5025
   -0.4855    0.1554    0.3794
   -0.4838    0.1360    0.5890
   -0.3969   -0.1386    0.4976
   -0.4494    0.1107    0.5449
   -0.3756    0.0119    0.5154
   -0.8215   -0.1367    0.2320
   -0.3752    0.1496    0.5758
   -0.4143   -0.0372    0.4942
   -0.3145    0.1365    0.5841
   -0.3782   -0.0851    0.4963
   -0.2870    0.0806    0.3540
   -0.2790    0.3460    0.7286
   -0.3430    0.1780    0.9711
   -0.2616   -0.0759    0.4586
   -0.2475    0.2165    0.6559
   -0.3151    0.0032    0.5385
   -0.3117    0.3265    0.7001
   -0.3417   -0.0277    0.5360
   -0.2544    0.1012    0.4341
   -0.3286    0.0497    0.6525
   -0.2973    0.1127    0.3583
   -0.2231   -0.0633    0.5902
   -0.2543   -0.0167    0.4140
   -0.3349   -0.0085    0.6918
   -0.2711    0.0805    0.5574
   -0.3394   -0.0682    0.5312
   -0.2427    0.1539    0.6911
   -0.2157    0.0581    0.4213
   -0.3095    0.1597    0.6049
   -0.2657   -0.1200    0.5662
   -0.3586    0.1092    0.5529
   -0.3294   -0.1312    0.5586
   -0.2289    0.0502    0.3019
   -0.3027    0.0055    0.6792
   -0.3376    0.0760    0.3888
   -0.2828   -0.1014    0.6262
   -0.3336    0.2516    0.4356
   -0.2985   -0.0046    0.7820
   -0.2061    0.1560    0.5213
   -0.1969   -0.0370    0.5479
   -0.2812   -0.1367    0.4580
   -0.1832    0.0560    0.6179
   -0.2253   -0.0404    0.4693
   -0.1607    0.0996    0.6544
   -0.2048    0.2496    0.4868
   -0.1260   -0.0468    0.4680
   -0.1952    0.1737    0.5861
   -0.2009   -0.0326    0.5504
   -0.1177    0.1612    0.3745
   -0.1867    0.0066    0.6892
   -0.1633    0.0805    0.4285
   -0.2628    0.0531    0.6581
   -0.1890    0.1491    0.4941
   -0.2432   -0.0827    0.4961
   -0.1751    0.1302    0.5589
   -0.2634   -0.0649    0.4427
   -0.1763    0.0466    0.6363
   -0.1467    0.0619    0.3635
   -0.2386    0.0303    0.5055
   -0.2338   -0.1241    0.5932
   -0.1454    0.0869    0.5218
   -0.2049   -0.0758    0.3723
   -0.1443    0.2852    0.7327
   -0.2383    0.1724    0.3321
   -0.2651   -0.0529    0.8015
   -0.2099    0.0371    0.3792
   -0.2738    0.3167    0.5138
   -0.2094    0.3644    0.6410
   -0.2906    0.1338    0.4729
   -0.2382   -0.1557    0.3993
   -0.3145    0.2562    0.7715
   -0.2624   -0.1097    0.6581
   -0.3516    0.1138    0.2915
   -0.2974    0.0670    0.6980
   -0.3635    0.0360    0.3136
   -0.2867    0.1681    0.6488
   -0.3814    0.1925    0.4404
   -0.3441   -0.1841    0.6040
   -0.4332   -0.0260    0.7126
   -0.4627    0.0120    0.3852
   -0.3669    0.1663    0.8278
   -0.3770   -0.0777    0.5837
   -0.4721    0.2141    0.4191
   -0.5107   -0.0159    0.6415
   -0.4131   -0.1175    0.3283
   -0.4585    0.1212    0.6732
   -0.3942   -0.0307    0.5063
   -0.4764    0.2018    0.7272
   -0.3874    0.2268    0.3794
   -0.4385   -0.0008    0.5747
   -0.3710    0.3756    0.5524
   -0.4357   -0.0685    0.3344
   -0.3731   -0.1258    0.6503
   -0.4464    0.1157    0.4798
   -0.4542    0.0657    0.6080
   -0.3899    0.1973    0.3200
   -0.4709   -0.0828    0.5072
   -0.3754    0.2581    0.5947
   -0.4018    0.0668    0.4584
   -0.5024   -0.1282    0.3997
   -0.4322    0.1963    0.3107
   -0.5095   -0.0165    0.6110
   -0.4281    0.1367    0.3732
   -0.4163    0.1000    0.7935
   -0.4287    0.0068    0.4258
   -0.5133    0.2758    0.4773
   -0.4375   -0.0770    0.5873
   -0.4948    0.2590    0.6057
   -0.4017   -0.0737    0.4980
   -0.3878    0.0947    0.6534
   -0.4839    0.1447    0.3421
   -0.4687    0.1986    0.6633
   -0.3902   -0.0997    0.3670
   -0.4815   -0.1117    0.5500
   -0.4390    0.1060    0.4737
   -0.5246   -0.1140    0.6678
   -0.4293    0.0121    0.3883
   -0.5177    0.0577    0.6931
   -0.5477    0.0704    0.3718
   -0.5384   -0.0714    0.6088
   -0.4548    0.2461    0.6976
   -0.5091   -0.0147    0.4723
   -0.4975    0.0916    0.8147
   -0.3992    0.3029    0.5122
   -0.4772    0.1039    0.5988
   -0.3799    0.1707    0.2949
   -0.4666   -0.0876    0.5660
   -0.4374    0.2728    0.4203
   -0.3591    0.0048    0.5885
   -0.3338    0.1260    0.8322
   -0.3671   -0.0086    0.4522
   -0.4629    0.2318    0.6788
   -0.4605   -0.0713    0.7350
   -0.3770    0.2408    0.7521
   -0.3565    0.0501    0.8613
   -0.4352    0.2891    0.5758
   -0.4181    0.0308    0.5558
   -0.3295   -0.1037    0.4952
   -0.4095   -0.1582    0.7087
   -0.3426   -0.0677    0.3790
   -0.3507    0.1068    0.5887
   -0.4358   -0.1919    0.4090
   -0.3492    0.2635    0.5592
   -0.4240    0.0117    0.7381
   -0.3583    0.1558    0.3734
   -0.3602   -0.2310    0.5187
   -0.4582    0.0927    0.2945
   -0.4022   -0.0369    0.2941
   -0.4733    0.0318    0.7883
   -0.3830   -0.2522    0.7166
   -0.3443   -0.0077    0.2317
   -0.4114   -0.1072    0.8034
   -0.3303   -0.1419    0.6339
   -0.3674   -0.0947    0.3980
   -0.2828    0.1391    0.6776
   -0.2829   -0.1117    0.6119
   -0.3177    0.1537    0.5194
   -0.4026   -0.0498    0.3896
   -0.4401    0.1275    0.4291
   -0.3753   -0.0782    0.6239
   -0.4339    0.2110    0.7218
   -0.3362   -0.0564    0.4920
   -0.3008    0.1759    0.6141
   -0.3693    0.1956    0.3879
   -0.2884    0.1790    0.7106
   -0.2855    0.2528    0.3493
   -0.3820   -0.1412    0.6768
   -0.3195   -0.2285    0.3951
   -0.3250    0.3120    0.6644
   -0.4244    0.2525    0.3533
   -0.4262   -0.1453    0.5526
   -0.3530    0.1608    0.3666
   -0.4376   -0.2060    0.5025
   -0.3466    0.0196    0.8487
   -0.4327   -0.0712    0.5742
   -0.3446    0.1632    0.4891
   -0.3739   -0.0896    0.8523
   -0.2884    0.1048    0.2945
   -0.3619    0.2657    0.6782
   -0.3454   -0.1973    0.3344
   -0.2484    0.1572    0.5206
   -0.2638   -0.2647    0.6177
   -0.3570    0.2963    0.5118
   -0.2632    0.1129    0.2342
   -0.3614    0.2722    0.7285
   -0.3317   -0.0498    0.2940
   -0.4036   -0.0930    0.7118
   -0.3488   -0.1207    0.3842
   -0.4421   -0.0260    0.7711
   -0.3543   -0.0959    0.5388
   -0.4152    0.1963    0.5615
   -0.3522    0.0646    0.3211
   -0.3554   -0.0980    0.5471
   -0.4429    0.0095    0.3884
   -0.3883    0.0918    0.8477
   -0.4745    0.1117    0.6358
   -0.4885   -0.1157    0.4215
   -0.3893    0.1330    0.5527
   -0.4881   -0.0593    0.4940
   -0.4357    0.2600    0.4829
   -0.5063    0.1732    0.7091
   -0.4092   -0.0074    0.4127
   -0.4401    0.0784    0.8033
   -0.3411    0.1688    0.3805
   -0.3860   -0.0259    0.3265
   -0.2935    0.0692    0.5363
   -0.3660   -0.1174    0.4812
   -0.2800    0.1957    0.6027
   -0.2552   -0.0105    0.5434
   -0.3153    0.2143    0.4941
   -0.2284   -0.0267    0.5206
   -0.2788    0.2755    0.4309
   -0.1866   -0.1348    0.5426
   -0.1577    0.1723    0.3730
   -0.1652    0.2306    0.7501
   -0.2533    0.1986    0.4527
   -0.2133   -0.0257    0.4237
   -0.2809    0.1840    0.6487
   -0.2480   -0.0424    0.3006
   -0.3224    0.0065    0.7770
   -0.3029   -0.1248    0.3804
   -0.2161    0.0474    0.5719
   -0.2743   -0.0358    0.7159
   -0.1890    0.1398    0.5736
   -0.1743   -0.0529    0.4950
   -0.2437    0.1453    0.7781
   -0.1629    0.0974    0.3725
   -0.2206    0.0969    0.7834
   -0.2123    0.2700    0.4962
   -0.1173    0.2536    0.3985
   -0.1140   -0.0732    0.8316
   -0.1882    0.1219    0.5578
   -0.1079   -0.0276    0.4096
   -0.1409    0.1867    0.4828
   -0.0489   -0.1670    0.5436
   -0.1214    0.1940    0.6908
   -0.0413    0.1215    0.5580
   -0.1400   -0.1404    0.5709
   -0.0571    0.1638    0.5338
   -0.0252   -0.0912    0.4706
   -0.1075    0.1306    0.3123
   -0.0697   -0.1760    0.6289
   -0.1002    0.0616    0.4188
   -0.0400    0.1503    0.5960
   -0.1369   -0.0681    0.4767
   -0.1504    0.0419    0.5512
   -0.1355    0.1066    0.4022
   -0.0397    0.0543    0.6121
   -0.0751    0.0326    0.7674
   -0.0537    0.1192    0.4733
    0.0031   -0.0298    0.5888
   -0.0452    0.0161    0.3697
   -0.0742   -0.0218    0.6482
   -0.0529    0.1112    0.4440
    0.0338   -0.0725    0.5616
   -0.0282    0.1503    0.5667
   -0.0457   -0.0409    0.4999
    0.0840    0.0463    0.4882
    0.0239    0.0956    0.6309
    0.0509    0.0536    0.3972
   -0.1699    0.0055    0.5216
    0.0489   -0.0085    0.6158
    0.1196    0.0928    0.4239
    0.0134    0.0024    0.5618
    0.1167    0.0274    0.5368
   -0.1310   -0.0048    0.5323
    0.1076    0.0952    0.5405
    0.0617   -0.0922    0.4253
    0.0710    0.1095    0.4636
    0.0945    0.0390    0.5644
    0.1121    0.1075    0.7501
   -0.0296   -0.0505    0.4939
    0.1809    0.0563    0.5322
    0.0009    0.1120    0.5885
    0.0655    0.0335    0.4510
   -0.0475   -0.0135    0.5989
    0.0422    0.1799    0.5514
    0.1273   -0.0229    0.4770
    0.0308    0.1407    0.7070
    0.1130    0.1156    0.4985
    0.1776   -0.1301    0.6102
   -0.0854    0.0575    0.5593
    0.1894    0.0167    0.5553
   -0.0010    0.1063    0.4072
    0.0203   -0.0700    0.5779
    0.0836    0.0629    0.3844
   -0.0366    0.0833    0.6955
    0.2140   -0.0097    0.6428
    0.0904    0.1795    0.4336
   -0.0370   -0.1754    0.4881
    0.1754    0.1657    0.5199
    0.0926    0.1068    0.7014
   -0.0534    0.0166    0.4154
    0.0708    0.1854    0.4708
    0.0831   -0.0880    0.6700
    0.1638    0.1533    0.5496
   -0.0711    0.0317    0.5527
    0.2095    0.1403    0.6032
    0.0626    0.0143    0.4887
    0.2559    0.0713    0.3864
    0.1237   -0.1584    0.6446
    0.2709    0.0341    0.5426
   -0.0763   -0.0805    0.6158
    0.1346    0.0112    0.3406
    0.0452    0.1244    0.6080
    0.1829   -0.0618    0.3878
   -0.0037    0.1191    0.5323
    0.1918   -0.1195    0.5665
    0.0583    0.0958    0.3235
    0.0898   -0.0241    0.7710
    0.0682    0.1983    0.4337
    0.0812   -0.0764    0.4368
    0.1756    0.0503    0.6218
    0.0089   -0.0111    0.4852
    0.2181    0.1203    0.6640
    0.1615    0.2071    0.7622
    0.0473    0.1170    0.3218
    0.0155    0.2251    0.6920
   -0.0219    0.1743    0.3441
    0.1574    0.1832    0.5423
    0.1055    0.0947    0.6988
   -0.0954   -0.0920    0.5686
    0.0137    0.1219    0.3779
    0.1180    0.0681    0.6525
    0.1264    0.1737    0.4443
   -0.0745    0.0120    0.5371
    0.2057    0.2228    0.5276
   -0.0393    0.1473    0.5507
    0.1116   -0.0294    0.3900
    0.1920    0.1176    0.6754
    0.0397    0.1937    0.4931
   -0.0540    0.0296    0.4627
    0.1760    0.1238    0.7421
    0.1046   -0.0595    0.3992
   -0.0037    0.1504    0.4980
    0.1453    0.0050    0.6961
   -0.0041   -0.0120    0.4421
    0.1463    0.1345    0.5439
    0.1099    0.0567    0.4067
    0.0371    0.0128    0.6417
    0.1214    0.0591    0.4026
    0.0746    0.0430    0.6289
    0.0534    0.1378    0.4062
    0.0318   -0.0509    0.5000
   -0.0933    0.0329    0.6187
    0.1469    0.0799    0.6094
   -0.0997    0.0505    0.4518
    0.1820    0.0396    0.5385
    0.2190    0.1137    0.4431
    0.0618    0.0455    0.4718
    0.1533   -0.0566    0.5309
   -0.1194    0.0395    0.5011
    0.1537   -0.0212    0.4553
    0.1371    0.0401    0.5939
   -0.0056   -0.0200    0.4557
    0.0758    0.0739    0.6726
    0.0694   -0.0557    0.5839
    0.0199   -0.0192    0.4424
    0.1726    0.0566    0.5442
   -0.0664   -0.0530    0.5794
    0.0665    0.0476    0.5738
    0.0864   -0.0531    0.2891
    0.0336    0.0371    0.5279
    0.0995   -0.0529    0.3000
    0.0040    0.0411    0.6095
    0.1064   -0.0266    0.3099
    0.2235   -0.0180    0.6677
   -0.0209    0.0819    0.4988
    0.1510    0.0146    0.4730
   -0.0399    0.0992    0.6135
    0.1152    0.0401    0.3776
    0.0387    0.1021    0.7084
    0.0375    0.0168    0.3148
    0.0996    0.0881    0.7314
    0.0869    0.0293    0.4500
    0.1045    0.1105    0.6919
    0.2270    0.0167    0.7380
    0.0393    0.1044    0.5415
    0.3030    0.0180    0.5024
    0.1480   -0.0191    0.7606
    0.0200    0.0358    0.7088
    0.1371   -0.0325    0.3439
    0.2231    0.0134    0.6498
    0.0393   -0.0672    0.7663
    0.2208    0.0097    0.5843
   -0.0039   -0.0842    0.4402
    0.0328   -0.0036    0.6935
    0.0546   -0.0490    0.4672
    0.2211    0.0158    0.6769
    0.2056   -0.0707    0.5770
   -0.0663    0.0242    0.4573
    0.0787    0.0186    0.5488
   -0.0883   -0.0673    0.4458
    0.1016   -0.0176    0.4981
   -0.0143   -0.0158    0.6517
    0.1073   -0.0508    0.3110
   -0.0670   -0.1434    0.6222
    0.1426   -0.0716    0.2837
    0.1331   -0.2319    0.4558
    0.0916   -0.1183    0.2067
   -0.0664   -0.2048    0.4953
    0.1584   -0.2249    0.7333
    0.0234   -0.1334    0.3472
    0.2586   -0.1141    0.4892
    0.0412   -0.1740    0.5521
    0.1793   -0.0850    0.7100
   -0.0648   -0.1614    0.3516
    0.0965   -0.1559    0.7012
    0.0315   -0.0634    0.4280
    0.1922   -0.1640    0.5945
    0.1796   -0.1235    0.3816
    0.0354   -0.1964    0.4390
    0.1721   -0.1528    0.7198
    0.0184   -0.2408    0.4984
    0.0640   -0.1518    0.7319
    0.2089   -0.2014    0.5029
    0.0088   -0.1047    0.4990
    0.2638   -0.1691    0.6801
   -0.0084   -0.1116    0.4470
    0.0146   -0.1742    0.6444
    0.1019   -0.1143    0.4754
    0.1369   -0.2081    0.5931
    0.2795   -0.2298    0.4966
    0.0838   -0.1395    0.5623
   -0.0296   -0.2081    0.5264
    0.0752   -0.1158    0.4139
    0.2666   -0.1658    0.3710
    0.0469   -0.0875    0.5208
    0.2791   -0.0929    0.5120
   -0.0417   -0.1928    0.5328
   -0.0254   -0.1657    0.6540
   -0.0090   -0.2463    0.4340
    0.0077   -0.2156    0.5879
   -0.0733   -0.2876    0.5055
    0.0507   -0.2140    0.3826
    0.1922   -0.3033    0.6791
    0.0482   -0.2911    0.4772
    0.3624   -0.1926    0.6701
    0.0087   -0.2253    0.6634
    0.0544   -0.1292    0.3129
    0.4124   -0.1209    0.7775
    0.3077   -0.2176    0.5528
    0.1132   -0.1584    0.8103
    0.0345   -0.2129    0.2299
   -0.0394   -0.1214    0.7326
    0.0943   -0.2142    0.4049
    0.0139   -0.2417    0.6685
   -0.0562   -0.2546    0.3962
    0.2456   -0.1856    0.2203
    0.2696   -0.0884    0.8405
    0.3049   -0.2512    0.3195
    0.1062   -0.0980    0.7814
    0.1279   -0.1344    0.5622
   -0.0009   -0.1051    0.3132
    0.3371   -0.1525    0.4694
   -0.0221   -0.1064    0.5322
    0.3724   -0.1110    0.4488
   -0.0200   -0.1660    0.5573
    0.2372   -0.1311    0.2605
    0.1106   -0.1465    0.4089
    0.0161   -0.1078    0.4994
    0.0552   -0.1566    0.7880
    0.2994   -0.1286    0.6378
    0.0766   -0.1384    0.2034
    0.0431   -0.2067    0.5102
    0.0355   -0.1379    0.8057
    0.1267   -0.1754    0.7096
    0.3033   -0.1054    0.5825
    0.0619   -0.1159    0.3090
    0.2231   -0.0595    0.8624
    0.1120   -0.0693    0.5095
    0.1455   -0.1388    0.8386
    0.1132   -0.1353    0.2507
    0.1561   -0.0736    0.4319
    0.2200   -0.0915    0.7505
    0.3219   -0.1415    0.3965
    0.1335   -0.0848    0.7720
    0.1907   -0.1090    0.3166
    0.1912   -0.3198    0.6066
    0.2688   -0.2078    0.4402
    0.2367   -0.1505    0.7977
    0.2597   -0.2553    0.5152
    0.1997   -0.1501    0.8086
    0.2106   -0.0904    0.6436
    0.1772   -0.0723    0.3875
    0.1691   -0.0701    0.6116
    0.2218   -0.1352    0.4586
    0.2120   -0.0755    0.6020
    0.1608   -0.0976    0.3994
    0.2232   -0.0322    0.4912
    0.2402   -0.0124    0.5238
    0.1748   -0.0557    0.3694
    0.2316   -0.0251    0.7245
    0.1793   -0.0223    0.4074
    0.1442   -0.0561    0.5612
    0.1368   -0.1167    0.3856
    0.3073   -0.1287    0.4207
    0.2049   -0.0681    0.6543
    0.2186   -0.1272    0.4549
    0.1572   -0.1008    0.6066
    0.2034   -0.1250    0.3530
    0.2342   -0.0818    0.5966
    0.2015   -0.1410    0.4474
    0.2490   -0.1566    0.2964
    0.2314   -0.1241    0.6139
    0.2318   -0.1550    0.2267
    0.3723   -0.1641    0.5615
    0.2462   -0.1190    0.6552
    0.3144   -0.2562    0.4874
    0.2913   -0.1801    0.3412
    0.3209   -0.1378    0.7660
    0.2748   -0.2012    0.5976
    0.2958   -0.1488    0.4035
    0.2340   -0.1458    0.7371
    0.3047   -0.1161    0.4114
    0.3323   -0.0456    0.6793
    0.3088   -0.1106    0.5030
    0.3732   -0.1654    0.6594
    0.3300   -0.0874    0.4878
    0.3497   -0.0230    0.6056
    0.4076   -0.0532    0.7820
    0.3543    0.0160    0.7832
    0.4244    0.0124    0.7501
    0.3711   -0.1026    0.7232
    0.4195   -0.0102    0.7260
    0.3905   -0.0059    0.3727
    0.3976   -0.0650    0.6032
    0.4426   -0.0562    0.3944
    0.4049   -0.0156    0.6059
    0.4046   -0.1505    0.3853
    0.3679   -0.0435    0.4686
    0.3815   -0.2777    0.6086
    0.4484   -0.0740    0.3274
    0.4179   -0.0144    0.5914
    0.4751    0.0111    0.3920
    0.4045    0.0013    0.6169
    0.4492   -0.0386    0.4386
    0.3983   -0.0027    0.5649
    0.4568   -0.0504    0.3847
    0.4452    0.0193    0.6208
    0.3949    0.0146    0.4970
    0.4275    0.0691    0.4084
    0.3683    0.0340    0.6273
    0.3665    0.0712    0.3404
    0.4295    0.0526    0.5860
    0.4049    0.1117    0.4590
    0.4500    0.0610    0.5775
    0.4257   -0.0525    0.4218
    0.4591    0.1229    0.3468
    0.5238   -0.0683    0.5492
    0.5341    0.1334    0.4216
    0.4951    0.0629    0.5674
    0.5333    0.0891    0.7038
    0.4669   -0.0827    0.5198
    0.4572    0.1468    0.4419
    0.5335    0.0351    0.5670
    0.5280   -0.0060    0.2738
    0.4614    0.0421    0.5686
    0.5115   -0.0661    0.3881
    0.4619   -0.0353    0.6560
    0.4888    0.0634    0.4453
    0.4333   -0.1410    0.5265
    0.4182    0.0904    0.5968
    0.4719   -0.1076    0.5033
    0.4054    0.1869    0.6108
    0.4718   -0.0294    0.4491
    0.4726   -0.0050    0.6501
    0.4082   -0.0245    0.3391
    0.4276    0.0455    0.5867
    0.4290   -0.1396    0.4984
    0.3907    0.0474    0.4719
    0.4559    0.1220    0.6353
    0.4161   -0.0548    0.4889
    0.4639    0.0822    0.6572
    0.4830    0.0573    0.4095
    0.4521   -0.0804    0.4992
    0.3832    0.1622    0.4220
    0.4452    0.2254    0.5709
    0.4448   -0.0258    0.5133
    0.3975    0.1564    0.3800
    0.3956    0.0167    0.4707
    0.4613    0.1705    0.6480
    0.4073    0.0936    0.2795
    0.4679    0.0455    0.5403
    0.4695   -0.1408    0.4828
    0.4349    0.1421    0.5633
    0.4796    0.1316    0.3909
    0.4760   -0.0522    0.4973
    0.4084    0.1318    0.5231
    0.4740   -0.0831    0.4690
    0.4245    0.1150    0.5271
    0.4128   -0.0624    0.4054
    0.4507    0.1299    0.4062
    0.4012   -0.0951    0.3242
    0.4426   -0.0260    0.6143
    0.4550    0.1056    0.3707
    0.4471    0.0739    0.6210
    0.3961   -0.0010    0.3280
    0.4079   -0.0232    0.5338
    0.3728    0.0959    0.4748
    0.3818   -0.0486    0.6031
    0.3435    0.1568    0.4644
    0.3726   -0.1530    0.6543
    0.3169    0.1435    0.5862
    0.3332   -0.0343    0.5380
    0.2763    0.2306    0.6015
    0.2560    0.2069    0.6653
    0.3182    0.2205    0.4657
    0.3029   -0.0497    0.6034
    0.2429    0.1876    0.3789
    0.3043    0.1186    0.7009
    0.2571    0.1283    0.6999
    0.2757    0.0740    0.2298
    0.3445    0.0816    0.5559
    0.3826    0.1439    0.3987
    0.3120   -0.0489    0.6656
    0.2809   -0.1194    0.3946
    0.3194    0.0949    0.3305
    0.3348    0.1612    0.6639
    0.2733    0.0894    0.5349
    0.2782    0.1586    0.4857
    0.3325    0.1827    0.6496
    0.2904   -0.0666    0.4206
    0.3305    0.0889    0.3771
    0.3941    0.0874    0.6158
    0.4194   -0.0371    0.2142
    0.3531    0.1008    0.3897
    0.3840    0.0323    0.7057
    0.3541   -0.0744    0.3341
    0.3943   -0.1673    0.6996
    0.3361   -0.0439    0.2776
    0.3946   -0.1021    0.6223
    0.3244   -0.1375    0.4870
    0.3275    0.0847    0.6702
    0.3412    0.0285    0.3953
    0.4086   -0.1257    0.6994
    0.4481   -0.1722    0.6161
    0.3802   -0.2392    0.3695
    0.4080    0.1305    0.2951
    0.3688    0.0349    0.6430
    0.4252    0.0911    0.2133
    0.4299    0.1407    0.6527
    0.4963   -0.2395    0.5084
    0.4624    0.0680    0.6375
    0.5118   -0.1332    0.3994
    0.5061    0.1549    0.6250
    0.4444   -0.1222    0.4492
    0.4316    0.1376    0.4818
    0.4333   -0.0201    0.3128
    0.4735   -0.0326    0.5994
    0.4496    0.2401    0.5748
    0.4936    0.0118    0.3553
    0.4472    0.1855    0.5821
    0.4773    0.0713    0.5308
    0.4534    0.0552    0.3143
    0.4999    0.0978    0.5357
    0.4344   -0.2227    0.4840
    0.4403    0.2618    0.4753
    0.3739    0.0897    0.5277
    0.3767   -0.1138    0.4830
    0.3628   -0.0089    0.3188
    0.2978    0.2648    0.5069
    0.2804   -0.0980    0.3637
    0.2814    0.3220    0.4526
    0.3303   -0.0476    0.5051
    0.2791    0.2691    0.2572
    0.3070    0.0304    0.5080
    0.3609   -0.0082    0.2825
    0.3462    0.1305    0.3824
    0.4030   -0.0687    0.2852
    0.4236    0.0030    0.4019
    0.3584    0.4582    0.5193
    0.3622    0.1233    0.2083
    0.4105   -0.1585    0.5103
    0.3859    0.0289    0.4866
    0.4521    0.2541    0.4602
    0.4756   -0.0781    0.3939
    0.4612    0.1617    0.3519
    0.3964    0.1851    0.5529
    0.4608   -0.1709    0.5476
    0.4339    0.2881    0.6037
    0.5007    0.0256    0.6207
    0.4491   -0.0217    0.3108
    0.5062   -0.1343    0.5840
    0.4928    0.0989    0.5993
    0.5283   -0.1838    0.6403
    0.4872    0.1777    0.5996
    0.5146    0.3249    0.6630
    0.4607    0.2668    0.4291
    0.4597   -0.0346    0.6605
    0.5205    0.0377    0.4397
    0.4566    0.1568    0.5449
    0.5084   -0.0689    0.6030
    0.5051    0.1675    0.6551
    0.4632   -0.0700    0.4821
    0.5300    0.0426    0.4003
    0.4888   -0.0037    0.6510
    0.5051    0.1181    0.4128
    0.5678   -0.0677    0.6607
    0.5213    0.0817    0.5346
    0.5772   -0.0051    0.6811
    0.5133   -0.0813    0.3176
    0.4985    0.0362    0.5645
    0.5188    0.2590    0.6064
    0.5816   -0.1422    0.6564
    0.6003    0.0016    0.4135
    0.5659   -0.0517    0.5990
    0.6252    0.1847    0.6539
    0.5977    0.0269    0.4056
    0.6011   -0.1019    0.6171
    0.6461    0.1023    0.6259
    0.6320   -0.2087    0.5660
    0.5696    0.2187    0.5677
    0.5413   -0.0043    0.3483
    0.5376   -0.1016    0.5613
    0.5912    0.0718    0.5291
    0.6082    0.2321    0.5595
    0.5923   -0.0473    0.4181
    0.5407    0.1958    0.5478
    0.5801   -0.1470    0.4872
    0.5326    0.2982    0.5099
    0.5893    0.0937    0.4717
    0.5229   -0.0145    0.5219
    0.5082    0.2459    0.4692
    0.5740    0.0255    0.5025
    0.5213   -0.0104    0.4367
    0.5473   -0.0123    0.2649
    0.6095   -0.0033    0.4547
    0.6494    0.2137    0.4485
    0.6186    0.0975    0.3846
    0.6316    0.0610    0.4192
    0.6789   -0.0839    0.4288
    0.6556    0.2399    0.3890
    0.6233   -0.0281    0.3697
    0.5723    0.2220    0.3716
    0.5652   -0.1220    0.4308
    0.6246    0.0404    0.4102
    0.6474    0.1284    0.4744
    0.6380   -0.0671    0.4985
    0.5765    0.0462    0.4568
    0.6349    0.1729    0.4938
    0.6395   -0.0610    0.4239
    0.6947    0.1039    0.4523
    0.6459   -0.1708    0.4507
    0.6537    0.0114    0.3938
    0.6040   -0.1752    0.4324
    0.6604   -0.0359    0.4270
    0.6773    0.1464    0.4799
    0.6232    0.2226    0.4018
    0.6654   -0.0916    0.3959
    0.6224    0.1238    0.4265
    0.6891   -0.0348    0.4334
    0.6678    0.1117    0.2484
    0.7270   -0.0671    0.4458
    0.6795    0.2001    0.3267
    0.7099   -0.0159    0.4333
    0.7004    0.1107    0.4348
    0.6342   -0.0388    0.4644
    0.6278    0.0620    0.5318
    0.6782    0.0892    0.3631
    0.6153   -0.0912    0.5101
    0.6511    0.0706    0.5095
    0.6130   -0.0661    0.4601
    0.6565    0.2207    0.5040
    0.6101    0.0432    0.3734
    0.6714   -0.0065    0.4472
    0.7080   -0.0187    0.3999
    0.6442    0.2609    0.4017
    0.6095   -0.0265    0.2553
    0.6282   -0.0082    0.4135
    0.6158    0.0594    0.4504
    0.5619    0.1773    0.2828
    0.6260    0.0896    0.4763
    0.6459    0.1253    0.3001
    0.5781    0.1680    0.4679
    0.5901    0.0494    0.4172
    0.5436    0.2507    0.4790
    0.6030    0.0381    0.3718
    0.6346    0.1082    0.5088
    0.6143   -0.0090    0.5354
    0.6570    0.0848    0.4852
    0.5896   -0.0269    0.5038
    0.6004    0.1986    0.4500
    0.6514    0.0441    0.4777
    0.5936    0.0694    0.4458
    0.5923    0.2320    0.4868
    0.5596    0.1333    0.2840
    0.4921    0.2031    0.4341
    0.5120    0.1734    0.4856
    0.4453    0.2218    0.4720
    0.4720    0.1985    0.3539
    0.4451    0.2203    0.5231
    0.4228    0.2690    0.3588
    0.3589    0.1800    0.5359
    0.4219    0.2282    0.2113
    0.3754    0.2438    0.4853
    0.4400    0.1797    0.3249
    0.3797    0.1896    0.5872
    0.3850    0.1288    0.3327
    0.3399    0.1192    0.6145
    0.3975    0.1639    0.4247
    0.3791    0.1106    0.6173
    0.4234    0.1488    0.3108
    0.3824    0.0920    0.4848
    0.4118    0.0802    0.3842
    0.3603    0.1683    0.5330
    0.3885    0.0977    0.3945
    0.4480    0.0948    0.5442
    0.4339    0.1623    0.3320
    0.4450    0.1681    0.4088
    0.5046    0.1112    0.5656
    0.4537    0.1617    0.6311
    0.5230    0.1488    0.3257
    0.5222    0.2121    0.6633
    0.5580    0.1872    0.4089
    0.5291    0.2212    0.6187
    0.5586    0.2240    0.3032
    0.5386    0.1555    0.5494
    0.5713    0.1714    0.4347
    0.5301    0.1116    0.6214
    0.5715    0.1246    0.3747
    0.5914    0.1824    0.5680
    0.5331    0.1727    0.3182
    0.5063    0.1289    0.7012
    0.5612    0.1062    0.5139
    0.4957    0.1662    0.2931
    0.4876    0.0686    0.6499
    0.5269    0.1593    0.3751
    0.4850    0.1193    0.5831
    0.4896    0.0504    0.4020
    0.4387    0.1225    0.6773
    0.5024    0.1190    0.4563
    0.4414    0.1838    0.6229
    0.5027    0.1476    0.4307
    0.4677    0.2122    0.6132
    0.4055    0.2285    0.3527
    0.4017    0.1753    0.5063
    0.3494    0.2518    0.6380
    0.3533    0.1962    0.3906
    0.3928    0.2371    0.5458
    0.4261    0.2129    0.4394
    0.4934    0.2080    0.6517
    0.5113    0.2525    0.4513
    0.4472    0.2042    0.6732
    0.4521    0.2313    0.3585
    0.5044    0.2438    0.5754
    0.4468    0.2083    0.4168
    0.4366    0.2367    0.6289
    0.4892    0.1973    0.4512
    0.4576    0.2159    0.6668
    0.4590    0.2787    0.3709
    0.5194    0.2148    0.6380
    0.4505    0.2789    0.3659
    0.4533    0.2139    0.5495
    0.3999    0.1975    0.6554
    0.4300    0.2608    0.5294
    0.3949    0.2667    0.4176
    0.4513    0.2063    0.5604
    0.3807    0.2730    0.5551
    0.4312    0.2136    0.4318
    0.3728    0.2133    0.5919
    0.4136    0.2287    0.4563
    0.4323    0.2880    0.4486
    0.3763    0.2940    0.6492
    0.4393    0.2295    0.4171
    0.4159    0.2575    0.6069
    0.4484    0.2053    0.5160
    0.3898    0.2482    0.4219
    0.3978    0.1923    0.3677
    0.3392    0.1681    0.4768
    0.2998    0.2354    0.6062
    0.3682    0.1889    0.3622
    0.3677    0.2512    0.5469
    0.4108    0.2871    0.4356
    0.3488    0.2609    0.4617
    0.3121    0.1960    0.6408
    0.3706    0.2365    0.4295
    0.3441    0.2959    0.5588
    0.4022    0.3268    0.4138
    0.3411    0.2975    0.4769
    0.3680    0.3624    0.6869
    0.4293    0.3232    0.4044
    0.3807    0.3832    0.5860
    0.4064    0.4003    0.5022
    0.3499    0.3495    0.3877
    0.4050    0.4082    0.5414
    0.3437    0.3441    0.3860
    0.4005    0.3508    0.5117
    0.3831    0.2822    0.6160
    0.4475    0.2816    0.4242
    0.3875    0.3328    0.5879
    0.4446    0.2832    0.3605
    0.4164    0.3048    0.6528
    0.4866    0.3133    0.3830
    0.4558    0.2783    0.6362
    0.5057    0.2736    0.4108
    0.4721    0.3279    0.5615
    0.4041    0.3325    0.4714
    0.3723    0.2795    0.6377

Previous Length = 1328
outputting PDB in file /storage/htc/bdm/tosin/GSDB/Structures/WT9059TG/GSM455133_30E0LAAXX.1/VC_100kb/InfMod3DGen/chr10.pdb
    30.12%    60.24%    90.36%   100.00%
    done! closing file...
New Length = 1328
spearman correlation = 0.423844
