 MATLAB Evaluation Started............
Processing file /storage/htc/bdm/tosin/GSDB/Data/WT9059TG/Cheng_Prop_WT/GSM455133_30E0LAAXX.1/VC_1mb/chr7_list.txt..............
INFO: License(s) matlab:1
Currently Loaded Modulefiles:
  1) matlab/matlab-R2018a

                            < M A T L A B (R) >
                  Copyright 1984-2018 The MathWorks, Inc.
                   R2018a (9.4.0.813654) 64-bit (glnxa64)
                             February 23, 2018

 
To get started, type one of these: helpwin, helpdesk, or demo.
For product information, visit www.mathworks.com.
 
InfMod3DGen Execution Completed........

n =

     1


m =

   157


p =

     3


XYZ =

   1.0e+03 *

   -0.2850    0.4350    0.2850
   -0.5667    0.9393    0.5244
   -0.1169    0.7893    0.0825
   -0.4275    0.9823    0.5644
    0.2697    0.4610    0.5457
    0.7513    0.6004    0.6135
    0.3415    0.3936    0.8611
    0.7035    0.8769    0.8480
    0.2167    0.9802    0.7728
    0.4963    0.8761    0.9492
    0.2682    0.9589    0.7197
    0.5676    0.9403    0.8669
    0.0884    0.6481    0.7535
    0.3798    0.5154    1.1100
   -0.1079    0.4710    1.0241
    0.2347    0.8351    0.7490
    0.0772    0.6457    0.9031
    0.3791    0.9804    0.7797
    0.5094    1.0269    0.8440
    0.0831    0.9417    0.8294
   -0.0327    1.0635    0.8271
    0.2996    0.8259    0.7924
    0.4440    1.0404    0.9666
    0.4782    0.8473    0.7422
    0.1523    1.0405    0.8550
    0.5303    1.0284    0.8453
    0.2715    0.6884    0.9498
    0.3556    0.6690    0.7402
    0.7456    0.8808    0.8362
    0.8982    0.5755    0.8758
    1.2323    0.6388    0.8290
    0.7746    0.1652    0.8513
    1.1271    0.6300    0.8979
    1.1770    0.6078    0.6998
    1.0589    0.2128    0.8893
    0.7719    0.3835    0.7668
    0.8459    0.0616    0.8425
    1.1332    0.3916    0.8247
    0.8313    0.0450    0.8815
    0.4291    0.4313    0.8313
    0.9390   -0.0247    0.8017
    0.5037    0.4604    0.7724
    0.8531    0.6905    0.8868
    0.4017    0.4678    0.8147
    0.7693    0.5681    0.8155
    0.5386    0.2468    0.8224
    0.1246    0.6646    0.8982
    0.1607    0.2871    0.8273
    0.3993    0.2990    0.7829
    0.3281   -0.1586    0.8763
   -0.0952   -0.2379    0.8526
   -0.1552   -0.7145    0.8057
    0.3174   -0.7211    0.8219
    0.1997   -0.2810    0.7691
   -0.2323   -0.0777    0.8691
   -0.2696   -0.2974    0.6694
   -0.6866    0.1733    0.8263
   -0.4820   -0.2960    0.8199
   -0.5885    0.0869    0.4564
   -1.0700   -0.3032    0.7146
   -0.7519   -0.0460    0.5290
   -0.7178   -0.3437    0.8564
   -1.0934   -0.0583    0.4769
   -1.0388   -0.1171    0.8301
   -1.4927    0.3443    0.8531
   -1.3522    0.1478    0.7215
   -1.6397    0.1540    0.8493
   -1.2623    0.3678    0.8160
   -1.5004    0.7438    0.7858
   -1.6086    0.9122    0.7585
   -1.2963    0.7761    0.9927
   -1.6672    0.8569    0.7226
   -1.7607    1.0616    0.9902
   -1.6775    0.8678    0.7026
   -1.7842    0.8808    0.8897
   -1.6548    0.5022    0.9044
   -1.7568    0.6078    0.7273
   -1.7493    0.3916    0.8502
   -1.8408    0.6162    0.8444
   -1.8116    0.1887    0.8679
   -1.9131    0.2837    0.7266
   -2.0397   -0.0386    0.9209
   -2.5312    0.4225    1.0880
   -2.3894    0.3294    0.7474
   -2.5693    0.8153    0.9314
   -2.5540    0.4707    0.9233
   -2.3140    0.7506    0.8475
   -2.5601    1.1045    0.8002
   -2.1307    1.0923    0.7811
   -2.5718    1.1026    0.8147
   -2.2914    0.8180    0.8341
   -2.7267    0.9295    0.7429
   -2.5243    1.0315    1.0567
   -2.0907    1.1152    1.0509
   -2.4599    0.6247    1.2279
   -2.4599    0.6101    1.6715
   -2.3802    0.8455    1.9322
   -2.0086    0.7511    1.5522
   -2.3473    1.1815    1.2103
   -2.3546    0.7906    1.7076
   -2.0503    0.7909    1.6866
   -2.3697    1.0729    1.2047
   -2.8306    0.9386    0.9122
   -2.4498    1.1480    1.2235
   -2.8538    1.0447    1.0870
   -2.3607    1.1048    1.3049
   -2.3942    1.1248    1.6908
   -2.8464    1.0777    1.3039
   -2.7755    1.1860    1.6740
   -3.2443    1.0650    1.5434
   -3.1546    1.0887    1.7863
   -3.4555    1.1262    1.2848
   -2.9544    1.1548    0.9992
   -3.1969    0.8488    0.9917
   -3.1634    1.2004    1.4466
   -3.6378    1.1299    1.1291
   -3.5438    1.0956    1.6003
   -3.7535    1.1640    1.3063
   -3.4576    1.2847    1.4846
   -3.3139    1.2554    1.1012
   -3.5837    1.7674    0.8626
   -4.0727    1.8118    1.2896
   -3.8000    1.4373    1.1945
   -3.9785    1.9366    0.7953
   -3.5706    2.0417    0.8166
   -3.9448    1.8396    0.8545
   -4.2200    1.9045    0.8029
   -4.1537    2.1147    0.8269
   -4.4557    2.0497    0.8636
   -4.0704    2.5498    0.8657
   -4.3337    2.4607    0.7462
   -3.8889    2.8861    0.8566
   -4.2125    2.9546    0.7803
   -4.1167    2.6687    0.3848
   -4.4997    2.7628    0.0904
   -4.2783    2.5917    0.3826
   -4.1333    2.8422   -0.1057
   -4.5960    2.5613   -0.0833
   -4.3340    2.4943    0.2988
   -4.1756    2.9842    0.1715
   -4.4524    2.5482    0.4020
   -4.1002    2.6427   -0.0448
   -4.2696    2.2414   -0.0537
   -4.4631    2.4111   -0.2346
   -4.0408    2.2742    0.2372
   -4.0909    2.7562   -0.1009
   -3.8132    2.6032    0.1738
   -3.6716    2.1399   -0.1541
   -4.0218    2.2616    0.2457
   -3.9846    2.6151    0.3729
   -4.4924    2.6892    0.1408
   -4.0407    2.1773    0.1135
   -4.0955    2.1490    0.4595
   -4.2243    2.5055    0.2887
   -4.7110    2.2704    0.5995
   -4.7303    1.8685    0.3343
   -4.5024    1.6449    0.6572

Previous Length = 157
outputting PDB in file /storage/htc/bdm/tosin/GSDB/Structures/WT9059TG/GSM455133_30E0LAAXX.1/VC_1mb/InfMod3DGen/chr7.pdb
   100.00%
    done! closing file...
New Length = 157
spearman correlation = 0.584484
