 MATLAB Evaluation Started............
Processing file /storage/htc/bdm/tosin/GSDB/Data/WT9059TG/Cheng_Prop_WT/GSM455133_30E0LAAXX.1/VC_1mb/chr19_list.txt..............
INFO: License(s) matlab:1
Currently Loaded Modulefiles:
  1) matlab/matlab-R2018a

                            < M A T L A B (R) >
                  Copyright 1984-2018 The MathWorks, Inc.
                   R2018a (9.4.0.813654) 64-bit (glnxa64)
                             February 23, 2018

 
To get started, type one of these: helpwin, helpdesk, or demo.
For product information, visit www.mathworks.com.
 
InfMod3DGen Execution Completed........

n =

     1


m =

    57


p =

     3


XYZ =

   1.0e+03 *

    1.3950    0.0660    1.1910
    1.5128    0.3207    0.9665
    1.2687   -0.2047    0.2247
    1.5039    0.5093    1.0474
    1.4286   -0.5042    1.2894
    1.3868    0.5723    1.0560
    1.6012   -0.4127    1.3733
    1.1039    0.4669    0.9843
    1.7412    0.0143    1.2565
    1.1580    0.5433    1.4220
    1.5605    0.7720    0.8665
    1.3355   -0.0665    1.6545
    1.3582    0.0671    0.7711
    1.7077    0.2452    1.5832
    1.0141   -0.1539    1.4090
    1.9205    0.1722    1.0956
    0.9094   -0.0548    1.1637
    1.9553    0.0827    1.2964
    0.8606    0.0887    1.0612
    1.9083   -0.0637    1.3623
    0.9536    0.2807    1.2322
    1.9051   -0.2984    1.2529
    0.9738    0.4264    1.2923
    1.7993   -0.2550    1.3256
    0.9507    0.3960    1.0843
    2.9548    0.5979    2.2195
    0.0372   -0.5773    0.5305
    1.6959    0.1365    1.6353
    1.4233   -0.1342    0.7605
    1.3078    0.2919    1.6577
    1.8309   -0.2259    1.0134
    1.1502    0.3392    1.4217
    1.6177   -0.3156    0.9975
    1.7189    0.3714    1.5337
    1.4794   -0.3084    0.8925
    1.3578    0.3456    1.6488
    1.3758   -0.2820    0.9424
    1.7350    0.4849    1.3736
    1.1350   -0.3966    1.1955
    1.6769    0.4995    1.1288
    1.3294   -0.4208    1.3595
    1.5460    0.4475    0.9371
    1.3623   -0.2590    1.5513
    1.4472    0.3137    0.7992
    1.4144   -0.2042    1.6250
    1.4836    0.1805    0.6628
    1.4284    0.0965    1.8000
    1.6338   -0.0896    0.6871
    1.1472    0.0333    1.5466
    1.8249    0.1117    0.9152
    1.1149    0.0309    1.5228
    1.5393   -0.7813    0.9389
    1.3833   -0.7947    1.5651
    1.2737   -0.0565    0.9079
    1.6080    0.2386    1.6337
    1.2762   -0.1217    0.8273
    0.7350    0.0094    1.3961

Previous Length = 57
outputting PDB in file /storage/htc/bdm/tosin/GSDB/Structures/WT9059TG/GSM455133_30E0LAAXX.1/VC_1mb/InfMod3DGen/chr19.pdb
   100.00%
    done! closing file...
New Length = 57
spearman correlation = 0.135944
