 MATLAB Evaluation Started............
Processing file /storage/htc/bdm/tosin/GSDB/Data/WT9059TG/Cheng_Prop_WT/GSM455133_30E0LAAXX.1/VC_100kb/chr8_list.txt..............
INFO: License(s) matlab:1
Currently Loaded Modulefiles:
  1) matlab/matlab-R2018a
MobaXterm X11 proxy: Authorisation not recognised

                            < M A T L A B (R) >
                  Copyright 1984-2018 The MathWorks, Inc.
                   R2018a (9.4.0.813654) 64-bit (glnxa64)
                             February 23, 2018

 
To get started, type one of these: helpwin, helpdesk, or demo.
For product information, visit www.mathworks.com.
 
InfMod3DGen Execution Completed........

n =

     1


m =

        1434


p =

     3


XYZ =

  -63.0000   51.0000  333.0000
  -53.6452    4.4022  364.1344
  -84.6561   23.6448  512.9902
   51.2030   54.2727  386.3943
 -170.8217  -86.2229  323.8110
 -147.4439  113.6454  407.0482
  -10.1564  -66.4091  403.2198
 -227.5440   92.1487  259.2718
 -212.4729  -30.8340  526.8563
  -66.6415   97.1112  341.6710
 -212.9815  -34.8572  400.2259
  -98.0367   66.9138  535.9631
 -124.1561   -6.2621  302.9938
  -10.0793   39.5841  370.8342
 -151.1062  -10.1561  490.6686
 -187.5592   78.6879  331.4373
 -128.3513   44.4771  501.7597
 -148.1496   64.1860  346.4274
   60.7567   25.1882  416.3187
 -205.7271  -16.9384  376.8959
    9.9211   82.6600  436.5231
 -162.6346  -89.2919  364.9841
 -129.2291  294.9581  541.5263
  -86.5753   95.9931  298.3870
 -144.3405  -93.6405  576.3722
 -123.0196  276.5122  369.5907
 -152.6286    1.0332  380.3283
   18.3515  172.9662  350.8490
  -25.0474   35.5644  513.6969
 -139.7629 -149.0085  425.6003
 -231.1281  111.7399  451.8486
  -89.9506 -114.7777  313.2319
 -275.3473   -0.1918  479.5923
  -90.0213  108.4395  432.8209
   11.3744  -79.7025  320.5940
 -174.2347  -23.4944  540.7203
  -13.3428   15.1631  417.6437
 -142.7005  166.3663  290.8164
  -42.9064  -94.6068  439.8024
 -162.8071  131.6065  556.7695
    4.5862 -213.0363  402.3337
  -67.8529   71.7076  243.9999
 -115.5790  -68.7379  602.5313
  -36.7374  193.5068  424.9489
 -145.5166 -108.8008  366.7268
   69.8632   -1.0788  528.2969
  -93.2996   33.4988  183.4648
 -209.4412  117.0237  507.7841
   34.0040   42.4896  406.8094
 -282.5945  -20.3241  407.6828
    9.2561  -17.7849  237.5591
   11.8538  139.3652  520.7232
  -16.7264  -41.3418  186.8915
   51.7155  -10.3837  524.7732
 -191.3715 -171.6964  435.2407
   37.6393  144.8679  401.0124
 -248.8404   68.0759  334.3103
 -177.0204  -43.9905  553.7863
 -119.3837   55.8650  219.2858
  -85.7467  147.2499  461.8251
 -214.8149  -36.3168  398.0273
   -4.1771  -94.0785  449.9629
  -25.2473  154.3751  239.4714
 -167.4246 -138.9039  321.1568
 -100.8391   95.3240  453.4928
   30.1387   27.3605  215.3746
 -107.8469 -226.9811  483.2082
 -236.2673  113.8344  458.3762
 -152.6611    8.9460  307.9164
  -65.2126   21.9181  556.0087
  -76.3312  -40.6042  346.7446
 -179.9475  154.0153  419.4946
 -125.8037  -80.3405  230.8739
  -60.0132  140.1773  458.7993
 -211.9891  -39.4405  368.5624
  -67.3900 -132.8309  513.8941
  -75.2648   33.4385  264.8006
 -171.9869  -39.6252  557.1441
  -49.3881   88.3333  321.4890
  -61.9207   13.7272  461.7548
 -147.9445   55.8589  240.3629
 -219.0193 -151.5214  515.6569
  -57.4505  145.6654  362.4810
  -52.3320  -88.2579  282.1508
  -61.5165   76.5781  537.7728
  -65.8809   64.8076  266.9137
  -44.2805  -95.3300  459.8281
 -243.5389   50.4324  514.0561
 -132.7328 -154.5855  401.9763
 -184.7863  219.9870  452.2354
 -122.8781  -78.1383  352.3550
 -156.3088   -9.2398  558.9042
 -254.7144  142.4008  365.1461
  -74.4629 -146.4325  203.5260
  -91.8479 -191.7615  519.4136
   55.1539   19.6848  436.7330
  -95.3441  178.7904  257.5484
 -161.7039 -142.2725  287.0114
   -4.8292  190.6376  391.5379
   12.3893  -48.0598  506.5805
 -187.1514   92.9767  390.3432
  -11.2302   32.0586  564.9343
 -155.3938   60.7340  287.7273
 -163.7739   22.3073  583.9408
  -76.8690 -112.3417  399.3797
  -64.2680   79.1880  356.6208
  -46.8433   -7.0439  516.7951
 -133.0765 -161.4309  431.5204
 -102.5162  116.2129  412.9962
  -49.5291 -113.5830  343.0760
  -64.9676  141.5556  559.9792
   35.9352   49.2664  177.4852
 -115.6056 -219.4897  432.0123
  -92.4792   -8.8508  545.2143
   21.1000   17.0986  376.7416
 -289.5160  -39.4948  442.8750
   16.5126  -74.7903  492.1361
  -76.8527   46.5906  314.7717
 -136.2907   35.4627  506.7995
 -147.9604  -83.6506  358.8918
 -197.7464   14.9707  600.4416
 -125.9160  244.7066  152.9923
 -223.8244  -61.2491  397.8484
 -154.8636  189.0224  533.2594
   25.6484   23.2249  286.6847
 -217.2694  -36.3272  438.2935
   -6.6283  165.5993  549.1045
  -66.5570 -133.9788  262.8981
  -73.7737   76.0823  412.7344
 -159.6719  173.4331  550.5522
 -132.7535  -81.0612  232.1994
  -29.3114  -51.6817  544.7893
 -224.8274  -17.3800  336.8390
 -155.6112  115.1273  508.6430
 -171.4698   46.1598  159.2425
   46.1544   85.9098  384.4060
 -217.3773  192.6300  357.3140
 -142.7452 -136.3303  254.7025
  -70.7934   27.5208  504.4642
  -44.8958   72.7872  206.8889
 -154.4268  -14.7311  479.4755
  -63.8518  159.3453  426.8114
 -114.9233 -149.4564  310.8645
  -80.5598  173.6440  343.5698
  -24.5118 -121.9590  407.8995
 -253.8552  -86.5405  252.8341
  -75.2260  176.1363  476.1295
 -189.1250  -31.2945  217.1539
 -186.4802  -72.3068  468.8047
 -153.5164  189.4012  182.3727
 -194.6892 -126.6924  320.6105
   29.5022   50.7043  353.7047
  -72.3520  -45.3202  518.6109
   -8.0900   18.7143  261.3944
 -143.0149   68.6319  539.5551
  -40.0667 -156.2422  395.2606
  -73.7564  -48.0965  170.7112
 -159.6560  173.2059  362.8401
  -49.1103  -51.8870  484.3956
  -77.7519  185.0105  309.5852
 -236.1463   -9.7370  398.7629
  -62.7229  199.1162  442.2707
  -25.2732  -78.4078  521.4659
 -177.6850  -26.8608  253.7696
 -103.5435  155.9452  521.3017
  -79.6275 -107.6457  461.8388
 -170.1156  188.8145  397.6015
  -86.9634  -81.4054  610.9664
 -140.8108  160.2224  271.7638
  -67.8891  -31.2446  485.8000
 -215.6256 -101.8338  445.5810
 -143.1652  149.5658  241.9771
  -54.0596  139.3066  508.1823
 -243.8297   36.8014  210.9788
  -91.6011  -54.5827  539.9837
 -101.9849  -25.1914  192.8809
 -146.9378  -72.6951  361.4639
  -44.7701  -10.6408  547.6520
 -208.2023  120.3252  307.0001
  -99.2555  -90.8470  619.7553
  -34.9894   53.8228  462.3070
 -106.7741  200.7378  255.9693
 -314.1805  -53.5145  530.6972
 -145.0850   83.0283  383.2298
 -155.9786 -117.6826  288.0818
  -81.7850  180.1076  514.6171
 -178.9624  -27.9814  247.7598
 -136.7400 -174.4249  473.6561
 -202.1630  149.5827  600.2353
 -181.3376  -86.4040  606.1096
 -194.5985 -143.8918  323.1338
 -139.1254  223.8775  393.7900
  -65.8721 -146.8704  386.5979
 -105.0669  133.3801  216.6097
 -109.1582  -33.5038  621.3472
 -111.3463  -24.2207  196.1211
 -154.5466 -226.9747  458.3164
  -78.1078  115.9819  568.9525
  -76.8395 -151.0662  405.8070
   -9.0145  163.5605  372.7953
  -63.4009 -100.7092  275.3570
  -90.2611   47.9771  365.6022
 -177.0420   63.3839  567.0092
  -90.7121  -63.7817  330.3572
  -62.4327 -103.0708  527.2719
 -222.2907  111.3446  403.5917
 -180.3515  -68.8028  434.6116
   14.4262  209.9087  453.0787
  -32.9198  -52.6902  447.9568
 -119.1519  -24.9428  292.4115
 -203.3726   17.2955  533.7345
  -38.5538  -45.4018  281.8794
  -23.3560   52.2200  510.5397
 -157.2877  108.0048  279.2263
  -23.7753   64.0513  472.2773
 -287.9921 -116.0716  476.6300
  -22.8515   72.1213  350.8350
 -157.0191  -46.6690  527.4806
 -205.0802  -49.0608  237.9429
 -143.9604  -28.0740  505.0455
 -186.0288   64.6965  371.8035
 -122.1308  -35.0497  525.1203
  -39.1945  -34.8254  334.5596
 -124.1660  132.0326  544.1389
  -50.9191   34.6958  346.7975
 -195.4312  -62.0048  380.9866
 -147.0708  102.6992  490.3242
  -53.7024 -116.6058  472.7296
 -147.4882  163.2868  353.3459
 -101.0031   17.0632  522.4439
 -264.9679   22.1146  298.5962
 -137.2961  135.8125  386.5792
 -212.6720  -33.0101  547.6510
 -236.2204   32.4582  294.9108
 -104.7388   46.0265  511.3128
 -119.5107  -90.1503  236.8177
 -165.4977   69.4486  457.7264
 -107.6609  -92.1004  222.5225
  -71.5669  124.9119  492.1756
 -147.9841 -145.7028  327.4548
  -70.5578  112.9214  233.5180
 -194.4667 -284.9407  577.2136
 -129.7731  -12.6435  342.1153
 -188.2962   96.7092  589.6879
 -190.7363 -138.3980  427.0444
 -111.7347  188.8856  386.8316
 -196.1733   19.4082  611.3497
 -164.4867 -113.8320  368.9122
 -257.6497   46.2403  268.3796
 -202.1596  -72.4242  641.1162
 -285.6336   28.1088  242.2093
 -229.0341   90.2841  514.5450
 -302.0276  -87.3982  471.6539
 -317.6404  201.4963  442.0739
 -237.4100   -1.3609  344.3378
 -329.8449  137.0933  411.6891
 -267.2315  -82.1522  442.9017
 -279.7603  -89.0956  245.9627
 -377.6528  133.9611  330.9568
 -309.6459  -98.0190  306.7329
 -353.6077   64.7553  545.3255
 -278.7086   81.1407  357.3178
 -372.6349  -92.1780  635.7492
 -304.2877   22.4915  431.1677
 -393.0835 -132.6749  385.0247
 -302.8666   37.4601  433.1592
 -397.5867  -28.5921  341.3174
 -314.4988  221.6900  487.5342
 -342.9700    1.9255  472.3815
 -447.5703   24.8150  354.1343
 -390.6676   77.0940  528.5716
 -432.0927  -96.4264  282.7538
 -335.6755   30.9684  553.7346
 -406.0113   -9.1536  286.0530
 -338.4321  130.2388  509.8113
 -361.1811  -33.7470  395.8549
 -443.9574   74.6070  339.8618
 -404.9323 -145.4090  488.6608
 -491.8742    8.4083  439.7538
 -447.8104  144.0849  517.1428
 -479.4222 -205.2422  321.5639
 -569.4255  -33.2318  530.4346
 -561.4136  125.7075  483.2100
 -486.3427 -145.3196  480.9975
 -474.3096  214.4814  472.5639
 -558.4954  -52.6128  414.6115
 -499.4546  -85.7995  241.5640
 -577.0257   25.3894  320.9744
 -522.4764  -71.3452  629.4757
 -616.5719  121.4014  404.5802
 -541.3710 -147.5922  393.9596
 -632.9167   75.3205  307.0094
 -560.8777 -108.4287  465.4245
 -651.1493  153.7681  355.5213
 -619.4487   32.7053  678.8196
 -705.1210  -11.8004  244.6953
 -719.3266   23.3433  516.4297
 -628.9204  -98.9303  325.7430
 -713.3404  -64.2148  581.0360
 -621.3185  -30.2182  300.5080
 -695.7563 -152.0490  525.9874
 -597.9975   92.4475  576.2442
 -665.9837   56.4811  443.4905
 -673.5374  -56.1547  342.9210
 -604.1992  -97.9013  558.7389
 -690.4223   60.0727  353.4573
 -641.9699 -117.5696  376.5275
 -639.5997   19.1549  534.0718
 -712.3441   54.6180  278.4032
 -718.3301  -31.2464  477.9162
 -639.5608  148.8983  208.4494
 -728.5900  -58.9033  387.2129
 -742.7111   60.9900  455.5728
 -648.9921  -71.2690  264.4898
 -688.5704  -69.2010  487.1123
 -609.7126  152.3032  375.1623
 -672.5557  -49.9710  308.0938
 -587.5159  137.8797  456.0592
 -634.6710  -98.6006  355.3405
 -558.9850  -17.4074  543.4312
 -615.8212   50.5013  306.5682
 -531.8935  105.7406  517.1765
 -589.9553 -147.7372  277.7709
 -537.7804   94.6923  457.0649
 -616.7098 -152.4110  339.8510
 -604.8158   55.0667  526.8119
 -512.2292  212.8688  334.8010
 -516.8695 -168.8882  462.2979
 -597.8664  211.3865  401.9851
 -524.6180    6.0406  196.9785
 -590.8824  -56.4127  578.4430
 -605.0107   81.9279  282.8129
 -517.7508 -112.6359  470.3110
 -542.8584  138.0278  298.2631
 -454.4775  -85.8202  332.0480
 -416.0170 -104.1652  451.8454
 -407.8923  100.1093  424.1561
 -504.6397  -67.9954  378.7103
 -427.1681 -129.0273  333.1419
 -469.0423  212.4690  482.1353
 -373.6477 -258.6915  472.9915
 -455.0237   43.5242  384.0702
 -444.1808 -128.1912  522.8641
 -366.9105   -4.9972  169.2934
 -435.8973 -196.1425  423.2763
 -404.1254  136.1162  190.3012
 -319.8952  -49.9142  448.3768
 -314.0531  -20.5886  262.9706
 -393.5054   11.6690  505.8997
 -309.9456  256.2861  328.5282
 -367.1857  -18.6679  198.9055
 -269.3333  124.8203  448.9083
 -366.6191 -148.9534  530.8652
 -303.9774  210.8676  513.7422
 -294.2317   56.8442  584.9043
 -378.8292  105.3880  293.4875
 -309.8182 -235.5889  291.2246
 -376.7341 -102.1076  592.7057
 -303.0645   67.6796  280.3544
 -315.7015  -93.7545  530.5566
 -391.5262   -4.8115  307.7116
 -398.3675 -185.8688  366.0980
 -331.9033  211.1391  450.5651
 -390.9886  -55.1619  284.5565
 -292.5936   17.5813  609.0248
 -364.4762  158.4939  578.5189
 -311.1756  -31.3493  297.5502
 -385.9627  -19.8523  490.4402
 -370.9665 -240.7862  453.9998
 -278.2844  131.1816  487.6086
 -287.7109  -99.0056  382.3694
 -369.0477 -155.8773  569.7594
 -310.7895  -29.3035  360.3642
 -395.7752  101.2059  429.0199
 -302.1532 -241.1375  323.4291
 -393.1771   76.0703  350.6910
 -302.5411 -104.9541  516.4163
 -298.1073  -14.8671  306.8633
 -382.9492  182.6705  437.4330
 -322.1636  -19.8830  411.4097
 -412.9988 -127.3292  481.9438
 -412.8995  116.3870  304.4474
 -328.7862  -40.7233  550.9717
 -416.8346   64.7647  224.0426
 -324.5269    3.2921  449.2001
 -396.6541  -76.9659  291.1633
 -318.8103  120.3692  541.9442
 -386.6817  151.7016  213.8852
 -400.4205  -99.2541  571.9626
 -336.6048  139.6233  542.2079
 -407.3894  114.4732  106.5451
 -347.9818  138.5434  497.1275
 -421.3110 -108.3158  413.6281
 -341.1647   -0.5379  261.5519
 -388.5778   69.5537  459.6876
 -312.2396 -244.8063  310.6994
 -299.8242   89.1813  253.9976
 -363.5897  162.1313  381.6388
 -276.0266 -256.7767  450.5187
 -364.0582 -140.7195  362.5519
 -297.2322  130.9231  365.2905
 -296.9396  -13.8822  478.4683
 -368.3042 -131.7945  163.3386
 -403.7234   -8.1946  475.2879
 -330.7908    7.4945  254.8389
 -341.5456 -196.1978  470.9173
 -438.7478  170.6003  309.6597
 -367.0356 -150.1978  422.1914
 -456.2855  122.8829  361.4524
 -409.3121  -66.0290  571.6905
 -498.5900    2.6987  243.2938
 -405.3114 -149.1157  454.2695
 -477.5093  -16.8554  447.0734
 -414.0342  -26.4446  255.5346
 -448.4866   -8.6382  556.4167
 -532.0521  -78.6007  360.5771
 -502.8162   11.7784  471.3546
 -410.1021  -33.9774  301.7901
 -466.7233   84.5369  492.4803
 -380.4921 -124.6277  295.2071
 -435.7938  148.5035  467.4774
 -375.4930  -14.1356  266.5998
 -463.4502   88.9741  417.9562
 -381.1546  -72.3353  286.9965
 -469.5159  -16.3596  519.6273
 -424.9295  101.6440  238.8419
 -501.4418  -13.0770  416.4949
 -433.8947 -151.3599  231.8330
 -430.0906   10.3137  552.7730
 -526.7821  -56.8239  288.0945
 -525.1413 -117.7050  615.9221
 -439.6405   98.3089  360.0582
 -492.4294   85.1388  633.6047
 -419.3928  -24.5522  441.5104
 -512.5095  106.2299  586.4284
 -418.9457   67.2927  519.2326
 -459.0772  -83.1266  309.7417
 -361.3154  206.0529  391.1430
 -424.8177   -2.5497  542.1530
 -335.1918  581.4654  906.6634
 -327.5409  554.2937  127.5952
 -391.3797 -398.4828  914.5221
 -311.0596   51.1159  474.8805
 -297.6545  -62.1713  403.6921
 -364.8267   10.4393  627.4591
 -321.5894   74.0991  397.7313
 -390.0997  -52.0632  463.8063
 -304.2246  136.4205  349.5898
 -377.6863  -28.9516  555.1344
 -347.9392  105.1393  283.8823
 -274.4141  -19.6192  423.0705
 -304.0497  -22.2676  241.5170
 -383.6878 -115.4392  564.8974
 -320.0852  108.3524  406.8356
 -387.9684  -55.4584  455.0261
 -293.0744  156.7480  534.2938
 -267.3925  191.4514  326.2806
 -359.5655  -95.5578  291.6779
 -314.9089   58.6537  543.7659
 -406.2209 -211.7007  430.9143
 -378.4149   49.9969  466.3961
 -279.9662 -131.8598  335.5923
 -353.0689  126.7234  394.9583
 -386.2641   51.7285  205.2675
 -331.2024 -111.9953  374.1061
 -382.4212  -48.3373  511.9948
 -349.0597  -81.2659  310.3128
 -258.2709   45.9589  538.6099
 -249.5412    4.6773  319.0777
 -332.5960 -103.8906  340.4991
 -236.5306  -52.6002  565.6193
 -279.4932  163.5518  527.9341
 -215.1059 -106.0303  145.7363
 -260.0311 -225.7215  525.7585
 -182.1252  162.4470  357.2152
 -250.9169 -251.2292  291.3443
 -256.3124   72.7643  508.7971
 -174.3171  151.6725  256.5654
 -242.8348  -99.2929  478.4221
 -217.6316  131.7116  432.2833
 -315.1134  231.8574  525.6322
 -242.0321  -17.1263  257.8092
 -296.4901  -70.3631  538.0548
 -228.7837   96.2761  356.7225
 -315.6749 -147.8979  432.7061
 -229.9660  -30.8137  191.2638
 -201.8081 -217.9458  363.8409
 -292.1416   38.3695  384.2265
 -287.5473 -218.9685  446.8637
 -200.5624 -147.7129  694.5477
 -260.1652  -99.4014  318.6518
 -199.5578  162.2235  458.9953
 -291.8302 -209.2714  319.3092
 -317.2861   85.6663  512.3112
 -261.8801 -135.1359  185.3766
 -325.5988  272.1516  325.9012
 -261.4287   97.0859  246.6237
 -341.6037  148.1934  455.0152
 -288.8178 -109.7843  576.6697
 -364.2805   71.5845  245.4670
 -311.7381  150.0858  693.6678
 -399.5769  227.5235  517.6936
 -345.0405  -16.2591  637.0274
 -410.8553 -108.7267  264.6457
 -334.8825 -230.5702  481.7058
 -427.8415  100.2179  302.2760
 -389.4569 -124.3738  554.2232
 -477.1232  -43.3213  337.0648
 -505.0863   90.3310  629.1006
 -411.0850 -123.2451  486.7596
 -420.6799  232.5951  471.5643
 -514.0825 -138.3322  428.3255
 -550.7546   70.8530  455.9547
 -455.0370  -55.8401  366.8310
 -516.1047  197.0974  546.0617
 -452.0567 -148.7167  240.1388
 -533.1032  -23.7099  579.3907
 -445.5250  -31.2600  406.3082
 -497.1183  120.4829  419.9662
 -430.0303 -120.4736  480.2879
 -494.4878 -134.1826  369.1631
 -431.9785  170.5710  380.3459
 -504.6284   -9.5952  444.5658
 -452.0684   36.1631  211.6450
 -447.9877  -59.2631  536.6411
 -527.8644   -8.0260  283.9608
 -434.1508   -1.3623  586.6249
 -459.2381   41.8325  325.5419
 -557.8378 -140.3738  289.9892
 -488.1449 -206.0414  447.2717
 -564.5948   64.0869  542.5114
 -484.2884 -104.0275  603.6767
 -473.0262  187.8154  268.0170
 -484.8459  102.2538  249.7659
 -568.2030    4.5849  460.4659
 -508.1591   57.7637  191.5287
 -535.6609  -31.3080  445.0601
 -474.2083 -141.6126  189.2911
 -460.9417  103.4793  522.7781
 -525.2284 -194.3649  265.1600
 -510.7854 -108.3841  465.7709
 -463.2257  -97.1464  205.0841
 -522.9323  -29.3772  500.2107
 -509.5837   19.9724  652.9749
 -563.8997 -141.7817  547.7206
 -500.3999  122.7576  419.1710
 -557.3340  129.7954  181.4764
 -585.8801 -127.2315  389.8657
 -577.0097   95.9257  380.5350
 -524.5890  -95.5529  436.5125
 -549.2217  107.5062  277.2253
 -538.2087   94.9364  561.3084
 -471.7546 -184.2596  462.7726
 -518.8663 -102.1751  268.4150
 -453.4747  183.1312  636.1738
 -508.8101   40.4302  359.2348
 -451.0622  231.2406  332.6834
 -463.6365 -113.6621  134.5688
 -409.5986  190.8968  283.3666
 -441.3265 -182.9597  296.2495
 -505.3289   -9.4948  555.6260
 -503.0569   -7.9592  199.3886
 -450.6904 -262.0562  585.6901
 -431.1718  -28.2470  360.4901
 -478.9793  -26.3404  619.0661
 -462.6969 -223.8996  491.9281
 -405.5845  194.9557  466.7059
 -454.5151 -136.8753  501.8818
 -417.9592  233.8015  398.9121
 -411.4093  109.1721  298.2736
 -465.3222 -282.2752  245.0253
 -410.0503  142.4119  153.3982
 -454.1263 -350.9255  334.6668
 -418.6326   10.5194  205.4007
 -420.4837  198.1004  281.4383
 -486.6271 -184.4239  245.0455
 -460.3899 -142.5053  537.4596
 -500.8921  -35.0019  364.8386
 -442.1454 -186.2587  592.4554
 -405.4003   86.9276  266.1894
 -442.0642 -125.8424  505.9137
 -392.0396  140.4798  199.6591
 -400.2832 -273.0608  273.7602
 -346.8927   51.0755  528.4708
 -347.0201 -252.0133  436.3668
 -380.0446   49.0280  369.1091
 -433.7425 -232.2057  556.3903
 -469.4027   93.3331  462.7946
 -434.8508  -96.1326  711.6359
 -463.4699  185.1143  355.0961
 -397.6868  153.9616  725.6285
 -364.0260   41.3740  371.8733
 -402.0516 -218.7561  574.4048
 -352.1922  191.5866  661.1900
 -349.4786  257.4832  328.4453
 -414.1897   29.3427  721.6509
 -381.7935  258.3902  445.7889
 -387.0572   -8.3081  558.2266
 -454.4592  -54.0213  305.5622
 -426.1250    5.1614  487.4319
 -413.6068 -119.4059  587.3132
 -466.9599  -11.0027  585.9132
 -407.5275  -91.2390  257.4819
 -462.3501 -186.9513  472.3203
 -405.6920 -103.0269  378.7719
 -406.5039   51.0164  421.0599
 -352.2068 -227.1501  292.5840
 -395.0272   68.3289  473.6920
 -379.3903  256.8458  365.8741
 -314.2496 -147.8411  458.9776
 -328.8669  199.9790  551.3677
 -390.3634  -30.8464  222.3975
 -328.2467  148.1996  471.8149
 -394.5877 -129.3604  426.3300
 -393.4317  243.6164  314.9025
 -434.7209  130.3187  643.0007
 -409.6306   89.4346  200.1490
 -471.2732  -35.2884  351.1128
 -414.8564  136.3545  659.9894
 -445.7154  -47.2893  473.8021
 -412.8686  137.9941  291.0061
 -415.8687 -103.2244  296.3016
 -472.0578  201.4625  275.3174
 -447.2195   42.1971  513.0412
 -502.0619 -103.4849  519.6370
 -515.3767  114.9600  312.2890
 -448.1562  179.0983  588.5684
 -515.0199 -232.5880  504.4510
 -492.1811   10.1337  703.1757
 -532.3183  -93.4359  281.6056
 -467.0156 -257.5306  369.3431
 -469.3972  -61.8652  639.1720
 -402.3310 -171.6370  280.8322
 -417.9932   73.0486  418.4118
 -357.0406 -139.6750  498.1004
 -398.9376  -49.9722  510.4583
 -344.2518    4.6950  336.9193
 -320.6408 -211.7954  530.8036
 -350.8283   89.9490  495.5621
 -295.2038    0.3675  288.2584
 -316.0646  -95.1881  578.1892
 -255.4649  232.1976  524.5925
 -227.9990 -115.7968  314.4182
 -235.1392 -127.6738  717.4663
 -291.8502  201.7701  341.6660
 -280.8497  158.1623  304.0661
 -318.0950  161.3552  426.5631
 -313.8726 -114.7817  353.1935
 -357.5553   83.0810  515.6182
 -338.9547  -78.9978  516.6970
 -283.5742  121.0120  420.9451
 -311.7920  -18.5072  326.6246
 -257.7799 -275.0964  431.2816
 -243.8068  115.2924  274.9096
 -282.7396 -166.7204  495.9601
 -232.9894  110.4595  352.4362
 -260.7793  -98.2525  312.3145
 -252.8876  -70.6131  689.0998
 -189.6520  171.3847  521.4338
 -186.4887  118.7675  289.7106
 -229.9686 -239.4999  458.8659
 -180.7378 -227.1492  296.3398
 -185.0202   13.9191  634.7467
 -124.6209   83.8147  335.3375
 -166.4854   24.3178  691.2918
 -117.4584   64.3399  383.2402
 -184.2045 -224.2820  431.1476
 -132.4305   77.4480  633.0967
 -102.0749   27.5294  391.4331
 -153.3505   45.9227  374.9567
  -90.2694 -219.7988  562.1277
 -146.3559 -247.6113  356.4019
 -116.1856  -43.9708  585.2126
 -181.2350  -66.1291  337.3069
 -194.1065 -165.0538  524.0560
 -179.9305   68.7068  456.2561
 -115.8551 -194.5341  374.7922
 -122.5564 -113.1973  765.2587
 -102.1838   35.0649  443.9437
  -73.5424 -278.1647  392.5438
  -94.0609   28.3762  418.0742
 -110.2759  -66.1647  581.0919
 -101.3968   -1.1542  423.1627
  -46.0758   72.4549  403.7352
  -98.9496   64.6448  651.4302
 -144.6937 -397.9169  466.3050
    1.7012  -76.1759  430.8934
  -22.7086   38.3649  623.6569
   -2.7522 -366.2149  444.1860
   32.5619    5.4320  750.2492
   15.2544   44.8980  478.0870
  -38.8801 -230.1468  508.1256
 -154.2094  -48.8618  782.4407
   91.5365  -53.5831  561.2418
   46.3330 -320.3111  542.7177
   81.1276   12.3092  699.2085
  -12.0513 -132.9835  476.6576
  -15.9530   48.7406  570.2731
   38.6854   34.3907  440.6365
   30.3430  100.9400  823.7565
   88.2092 -266.6527  671.9660
  -27.2408   97.9499  636.5194
  151.8104   96.7147  536.2783
 -112.1923 -169.5985  651.1813
   99.8946   35.8450  744.4743
   46.9528  104.1801  522.3269
  -58.3483 -111.7177  531.4653
  -29.1523  104.0314  754.5102
  157.4240   75.8355  531.9296
 -157.8247  108.9467  525.5796
  115.3671  110.4724  461.4553
    7.5500 -196.6674  500.5383
  -19.3246 -151.2991  713.5230
  106.4377 -160.8717  582.1448
 -105.4461 -113.4604  547.8368
  175.3578   -3.4668  449.7573
  -79.5181  123.5668  494.7334
   59.7087  120.9513  433.2416
 -119.2154  -79.9194  484.4235
  -42.2326  107.8097  435.4326
  206.8162   78.8788  458.2923
   65.4849   75.7737  424.4914
  -14.5577  129.4074  650.0342
    5.2477  -94.2461  418.3417
 -105.8754  130.2374  494.7869
  151.4005   87.3473  406.6675
 -147.9571   -2.1269  383.4463
  113.4088  -81.7653  432.9236
   -7.7789  126.4247  365.5601
  -18.3149   79.2210  647.5585
   89.3321  153.7587  427.1780
    4.5506 -219.8224  531.2602
   12.7808  140.1664  380.8439
 -175.9438  150.7798  329.5498
  113.2724   95.4172  354.0696
  -94.4894  -39.5430  301.8141
  -49.1402  156.1290  367.1352
  117.5682 -178.9549  377.8801
  -13.4143  116.9649  437.6754
 -214.3851  181.5417  589.2378
   51.7332   58.5445  296.5665
 -187.9839   60.5963  627.4317
   45.1936 -176.3455  375.3547
  274.2370  105.9203  324.2913
 -186.6131  -48.5766  379.2234
  178.8567  136.9819  560.6644
 -159.7334  189.9078  538.1443
   76.1045  157.2506  311.0453
  -84.3241  218.4881  462.6590
  -20.1948  127.9553  741.3341
    8.3145  -96.1800  363.4147
  118.8995  177.4011  300.3993
   23.8427  164.6504  393.3543
   92.2730   92.6360  663.5439
  -87.7457  159.7820  700.3758
  140.3807   -3.6641  697.9799
 -119.0637 -147.4330  608.6443
 -134.8898  -70.6415  394.6527
   33.8692  -25.6687  433.5743
   31.3024  148.6732  367.1518
 -179.5399   82.4627  422.4676
  102.0774  -46.7071  609.8173
  105.3836  173.1625  355.8228
 -139.1317 -220.9344  462.8665
   -2.4994  106.1973  608.7914
  -35.3795 -224.0616  341.4601
  215.4529   95.2942  339.9180
 -212.8320  -32.5436  279.3372
  -83.1010   90.7941  327.4253
 -179.4522   92.0532  283.9904
  157.0668   32.4585  256.7368
 -120.0961   98.3877  503.1365
   12.7964   35.8657  305.2622
 -216.4401  115.5630  309.7597
   92.9722   -1.4527  542.3950
   -2.1995  115.2254  322.1851
   49.7195   66.2992  642.7514
  192.9106   78.3264  305.4118
   49.0060   44.9412  289.8884
  -21.9068 -227.0189  519.4037
   76.1825   22.1127  462.0743
  -68.9150 -208.5201  319.8777
  -23.9046  -54.3001  739.0214
  134.6582  -27.4372  625.8119
 -102.5391   34.8554  461.5733
   54.1562  -18.5707  359.4849
   44.4745 -197.5863  410.3526
  -96.1145   18.4142  261.7697
   46.3087 -132.4357  591.7954
  -29.2149   -5.1748  244.9818
  145.1044 -262.8163  597.2354
   -9.9636 -369.1141  192.8128
   27.3558 -391.6711  488.6383
 -114.3925 -251.3335  220.5711
   35.9737 -273.6883  231.3105
  110.7918  -40.4686  302.2130
   -1.6658   27.3869  508.4326
  -73.5855  -99.4677  166.4313
  138.3828   43.8594  178.5529
   58.1377   14.7188  354.2478
 -118.3302   46.6333  260.8131
   65.1939   -7.3969  132.6927
  -41.9658   33.2743  113.2477
  102.6751    4.4641  359.6930
  -60.0879    3.6179  444.1915
  152.8479   -7.5239  555.2897
   88.8464   48.7675  506.3631
   -8.7547   -6.2650  252.6935
   74.6426  -41.5464  531.1428
  -54.2670  -16.4083  374.8442
  123.8513  -54.2247  448.2155
   94.2934  -37.6870  268.8268
  -88.1782 -183.2635  449.1762
  105.7696  -41.1666  340.5991
 -105.4957 -103.4240  304.6382
   95.1635  -53.8301  476.1185
   70.0711  -69.9082  246.5521
  -94.7917  -35.3761  640.6433
   39.9802  -76.3549  309.7911
  -41.9046  -13.1437  202.2185
  -45.9407  -18.4663  400.8913
    0.5011  -73.0871  605.4597
   88.0170  -82.8702  397.9231
  -59.7286  -51.1497  227.7710
  -59.0553  -84.3904  572.6494
  215.8647 -142.5081  441.3843
  -53.3636 -104.2016  435.7153
  136.5055 -172.4565  678.7242
   60.9960 -148.5646  140.4282
  -88.3685 -230.7800  452.1192
   82.2851 -222.8891  538.3931
   66.2655 -162.9388  379.0246
 -231.2246 -144.5930  637.2474
   54.2104 -174.4457  475.4819
 -150.1815 -116.9143  479.6990
   88.6442 -162.4829  399.4832
   37.4826 -157.2452  663.4977
    4.0217  -96.3842  343.4699
   97.4316 -263.9715  746.0167
  128.5079 -651.4876  241.0885
  -42.3667 -195.7868  715.2887
  188.6123 -181.3799  594.7589
   -2.5694 -223.7244  200.7549
  133.0341 -166.1246  470.8025
  -43.8224 -186.2268  331.9633
  149.1361 -121.4263  209.7323
  102.0982 -155.5272  357.5090
  -42.6787 -127.9183  355.6662
  -35.6277 -160.4015  497.5887
  105.7809 -130.5482  193.6161
 -113.1542 -192.6202  265.1381
  -53.0986 -213.2690  455.1201
  116.2865 -154.4189  525.0148
  -94.5961 -192.6294  613.2031
  -53.3912 -131.9533  434.8280
   59.0069 -152.4442  264.0189
  -40.8701 -105.0333  524.3312
 -112.0319 -110.1844  285.5341
   14.4707 -178.0893  590.9552
    7.9111 -179.3956  396.0170
  -16.2002 -228.9785  205.0144
   86.1699 -226.7984  519.4103
   63.8582 -268.2080  250.6397
  -22.5500 -225.2320  493.0947
  182.2937 -283.1092  431.5903
  -41.6881 -271.4659  300.2456
  202.1485 -204.9334  545.9877
  -53.8963 -208.9542  166.1535
  -47.3454 -144.6596  419.3382
  120.3705 -136.8129  471.7504
  -33.4771 -201.6697  334.9733
   53.3981 -172.4702  539.5649
  195.6275 -197.2204  221.0078
  -21.2459 -137.3062  276.8910
  183.2067 -213.3888  301.7180
   44.6524 -137.5001  671.6670
   58.5178 -196.8909  364.7331
  -15.5326 -171.2487   94.7363
   34.4202 -105.8751  631.5769
   15.1182 -148.0241  222.6361
  169.2658 -100.7603  643.5215
   73.6447 -136.8733   89.9538
   21.8117 -107.5585  390.7951
  180.4113 -154.0144  122.3280
    1.6158 -123.7193  558.3970
  167.4869 -128.1251  268.2351
  -10.6446 -181.8666   52.2443
  -28.5197 -207.2485  473.6639
   60.0772 -163.3796   92.2130
   39.3839 -125.0431  387.8816
  -24.6932 -232.9413  566.5432
   32.3715 -144.8485  313.5421
   67.9435 -154.1231  579.3536
  112.8847 -220.5197  370.2116
  246.9902 -153.6966  188.5021
   93.7889 -190.8110  710.5629
   68.0401 -122.7994  199.4161
   82.9625 -134.3027  456.6342
   95.2388  -79.1913  618.2010
  130.5637  -88.5105  355.3882
  162.4378 -156.0535  442.8215
  130.2375 -152.7266  651.7483
  172.4667  -92.5747  207.5397
  137.6513 -109.5816  518.0904
  176.0676 -158.6377  315.6604
  149.5502 -103.2706  710.7396
  205.3464 -126.1985  351.1768
  204.3613 -236.5274  543.7530
  265.2979 -312.3604  448.0176
  233.3025 -151.4343  574.6491
  256.6296 -181.2218  401.6638
  198.1741 -152.5526  199.6306
  210.0120  -94.3224  510.4350
  176.7428  -77.1268  134.9759
  169.0987  -75.0389  453.4838
  220.6396 -285.3634  397.3651
  211.3046  -80.1432  289.1712
  161.1751 -102.5862   86.5774
  222.0166  -38.9463  450.1771
  238.1830  -20.1247  715.1086
  174.5392  -62.8227  409.7516
  229.9288  -32.2473  612.3946
  178.7749  -29.5519  425.1039
  145.3733  -61.6689  136.6999
  138.3945 -120.8135  372.2903
  199.2664 -162.1396  606.8978
  204.6145  -73.1177  703.1798
  139.1661 -130.7952  304.4145
  157.7792 -134.1595  590.4344
  203.1979 -128.6375  300.3934
  232.4311  -86.0740  419.4447
  199.9174 -143.8291  572.0248
  246.4965 -218.6881  324.2703
  228.2916 -126.2854  640.9164
  228.6638 -277.2141  349.7491
  292.4017 -189.7820  227.1219
  242.3145 -121.4729  205.3750
  308.6965 -173.5144  453.5216
  285.2048 -181.0245  112.2986
  314.8678 -139.3109  560.1578
  269.5419 -201.0687  387.3826
  290.9977 -149.7643  185.5706
  230.7681 -148.4112  448.6945
  299.4445 -120.2234  295.8558
  272.9022  -51.7154  623.7077
  301.8064 -114.9738  355.4358
  364.5181 -110.0009  548.1320
  321.9697  -92.9203  330.4963
  342.2238  -30.2109  448.0931
  310.2031  -60.4788  664.3104
  345.0911    6.8202  728.3599
  413.2101    3.4031  590.6366
  361.0172 -140.3347  706.3868
  408.5555  -18.0328  398.8526
  379.4744  -14.0118  400.6652
  386.2704 -131.6565  351.0141
  430.4557  -33.2556  221.3197
  393.2032  -41.2027  477.5997
  394.3834 -243.8018  432.9846
  358.0504  -49.6928  325.6636
  370.9612 -116.9985  521.2322
  435.9489  -80.1746  334.9321
  405.4754  -61.1054   75.0346
  461.3429    2.1618  466.0152
  392.8236   -7.1457  626.3101
  436.7801  -85.5230  246.5214
  386.9131  -40.9967  640.7999
  443.9732  -96.7548  357.9193
  432.9941 -287.0741  484.7262
  383.6716 -256.9805  245.5668
  416.0902   57.2831  465.0481
  358.3603 -286.5229  462.4698
  356.6964   11.2408  237.0606
  418.0628  -76.9103  159.9772
  393.1633 -148.5098  424.8850
  437.5327  100.8761  325.3372
  412.8930  -59.5652  176.3539
  444.6828 -191.7550  457.1507
  507.6341 -165.6079  269.5081
  517.4624 -187.6339  570.1967
  478.8876  -91.0609  447.7769
  516.6527   74.8241  624.4610
  452.1080 -238.0846  366.9660
  442.8328   50.1239  422.1629
  502.5813  141.5796  202.7334
  483.1515  -81.5458  553.4140
  418.3176 -118.2073  256.7218
  467.4073   80.7251  235.7384
  418.8508   25.9355  490.4256
  445.8422 -113.7179  594.3990
  391.6504   95.7344  331.1808
  377.3174 -207.7192  542.4014
  429.8089  -86.5870  346.1841
  365.1781  -33.2808  639.0026
  429.6924 -277.8880  436.6096
  430.4626  103.0038  608.3763
  367.7666  -52.8640  334.8680
  387.7441  -28.3928  544.3710
  359.0863   63.5654  466.2089
  351.1935  195.7768  522.5187
  400.3587   12.6170  276.6100
  361.0420  238.6156  524.2229
  407.9259  -80.1027  673.1630
  426.0772  -63.4773  181.1848
  396.7103  285.7910  579.9371
  329.7523 -195.7357  300.1462
  390.2013  176.6193  442.8556
  389.7723 -165.8276  347.6274
  343.4105  134.3002  411.9166
  341.5439  -67.8906  423.9586
  405.4539  196.4285  452.1537
  352.6394  -36.2816  391.5700
  411.7504  191.2379  266.6325
  413.2917 -224.2894  471.6604
  378.8757   40.4258  623.8344
  422.8355   69.4725  174.1957
  419.4577 -127.5176  420.6332
  353.7060  114.6341  496.3891
  417.5580  -46.3318  266.3391
  368.9829   24.7089  544.5163
  357.8941  -72.7237  223.3400
  395.4040  -45.0946  586.1941
  346.9226  124.5496  378.3994
  387.7623  -89.9250  578.7485
  399.5402 -127.6203  185.8966
  391.9846    4.1134  597.4184
  342.0095  204.2205  116.2392
  354.7866 -361.9993  160.5438
  319.9061  -98.1436    9.3595
  329.9808   58.6491  253.2328
  292.0278  -71.9436  363.2625
  321.2245 -191.7567  620.1610
  266.7458  169.2301  271.9938
  283.7419 -123.5207  370.1656
  228.1459  244.4731  463.5141
  208.9091   10.5535  318.6657
  269.5223  177.1997  401.2346
  254.9550  -46.2122  522.8742
  196.4733  128.6383  193.8162
  256.3068  145.5895  610.4429
  209.9067   24.2698  375.5436
  227.6306  103.2568  374.5877
  294.4917 -249.5282  485.4515
  330.6848  129.1139  269.4642
  262.1316  187.5012  429.9207
  232.5944  -61.1714  557.5194
  270.6667  123.1002  246.4080
  285.2873  187.6154  584.3140
  225.3607 -177.6387  540.3438
  230.0296    2.0847  176.9295
  283.1013  -92.0372  456.6818
  241.5785   59.4722  514.8323
  279.7237  -95.6470  172.9282
  341.6740 -124.0665  665.1527
  365.6567 -256.3065  336.5898
  301.1576 -118.8746  370.0434
  332.0138   63.5804  515.9918
  302.0866   11.5796  298.7553
  341.8089  -81.6061  687.1777
  284.9965 -323.6886  380.6249
  342.1282   32.7650  498.2285
  273.9010 -222.8716  441.0280
  276.8294  114.8314  521.2727
  289.8367  -90.0225  636.1803
  355.4241 -268.5919  540.0590
  392.9196   79.2729  403.9143
  326.9070 -185.5094  465.2893
  354.8726    2.4064   94.8620
  316.0834  123.1004  645.4677
  371.2062 -129.5368  102.2248
  374.1620   27.1008  654.6140
  438.7465 -128.1176  377.2010
  405.0455 -182.0949  614.7221
  453.4922   61.7742  565.5250
  448.0687 -140.8873  323.8590
  387.9559   77.4558  613.6961
  405.7373  191.9960  646.1481
  377.3718  231.2234  520.7622
  417.0797 -161.6436  603.9642
  392.8539  244.5196  349.6376
  436.1990 -150.3847  410.3569
  390.5893  140.3460  353.5296
  420.6987  -83.9112  590.1574
  396.4445  197.3412  186.6075
  442.1355 -198.1367  222.4193
  378.4677   33.9196  471.8543
  385.5235  -25.7986  244.6078
  320.9769  -74.4678  481.8882
  325.0760  101.4317  329.8975
  311.9036 -113.4559  182.5758
  248.6260  299.3699  369.1264
  232.1001   61.8508  458.3569
  233.0355  -71.0218  392.5430
  280.9968  143.3126  241.3709
  230.8374 -101.0738  390.6318
  257.3330   64.5347  331.1036
  310.0747 -219.8561  277.3637
  294.5905  204.8189  523.2525
  350.0951    7.7667  194.6301
  369.6637 -229.4869  411.8858
  306.2356   82.7714  194.8357
  309.8709 -104.7372  347.4265
  357.2180 -266.9399  519.3240
  332.3734   45.1515  405.2653
  396.7345   85.8962  495.8535
  419.0851 -111.1908  452.2978
  405.3478  117.6557  273.1347
  342.2914 -102.9034  337.7637
  404.9740  -62.2891  547.2941
  377.9340  144.8705  605.1153
  442.9047 -232.9195  384.2632
  392.3920   62.2565  255.3196
  448.1235   94.5909  548.9080
  433.9064  107.0447  314.4295
  469.1959  -70.1759  552.8439
  428.6119    3.6752  311.6833
  456.1664  -68.0606  592.4525
  403.4486   51.4498  376.1887
  402.4374  198.0491  514.3481
  461.7142 -171.9267  341.7728
  399.5421   48.9669  602.8148
  450.2857  -73.6878  291.5753
  447.1109  170.2467  364.0216
  405.8034  -57.5788  491.9631
  470.8222  -82.1950  327.5289
  430.0887  -42.4965  646.4624
  445.6347   87.2928  414.7387
  506.7044  -76.7646  596.2514
  461.0568  -24.7828  176.6119
  515.6410 -167.5471  579.6244
  453.4351 -222.1057  319.2048
  439.3360   43.3833  454.9387
  458.6242  -38.1626  321.1610
  519.8179 -227.7200  583.1275
  537.5678   -0.8911  599.7606
  503.3727 -282.2111  443.1201
  561.2093  -70.4579  499.7874
  533.6271  132.8215  592.2547
  536.8399  -28.0747  620.7767
  581.1456   69.3490  455.1467
  567.6943  -15.1792  366.7770
  506.9266  317.3495  333.9169
  480.0383 -108.3056  263.1558
  476.5115  219.7644  504.7935
  528.9713 -153.7750  532.6730
  545.1129  220.6719  266.1199
  530.0269 -134.9011  317.7203
  479.4660   57.3672  404.9590
  518.3907 -196.8360  216.8463
  471.7111 -178.5939   44.9829
  527.1693  104.0773   97.1722
  462.5173  226.5861  452.3381
  448.6069  -79.9607  415.7982
  512.6000  299.6700  511.8933
  461.0140   88.4023   81.8568
  485.7392 -121.5894  124.3083
  546.3154    6.6726  466.4458
  584.2634    6.5874  100.5841
  553.4883  103.0494  185.3355
  565.8819 -120.5954  339.7334
  612.2894   97.4691  321.8339
  560.1401  -38.2592  432.5974
  559.4735  -80.7379  252.2464
  509.4529  -50.2255  167.0207
  502.7388 -210.0641  443.7673
  560.6754  -31.7839  380.6969
  582.3037  183.4144  266.1679
  573.3901 -220.6920  508.1320
  513.5054 -181.0938  346.9752
  570.4167  200.3122  503.6441
  573.3701 -225.8779  162.7237
  627.3112   13.5423  464.1694
  579.3920 -215.1774  462.6998
  588.2924 -184.1088  212.1041
  539.5998    5.5141  445.2832
  594.6495 -249.4491  432.6717
  610.7543  192.3614  448.4234
  557.8327 -183.4614  260.9761
  599.4883   46.4976  319.1558
  557.0826 -183.8833  379.6846
  621.9644  110.9609  434.2209
  600.2088   22.5710  318.6013
  657.9660  -10.8898  458.0124
  611.3741    9.0793  235.3679
  641.7262    8.6448  446.1387
  632.6985    8.3415  152.1086
  568.3278 -196.6551  474.2044
  562.2722 -110.5180  539.7350
  611.6374   70.7038  240.1131
  550.3915 -175.2277  519.1342
  585.8282  101.6563  518.5813
  548.1580  -94.0389  161.0862
  590.9517  208.8875  345.3307
  545.4109  -61.7038  444.7515
  605.1103  -39.1030  459.3678
  639.9785   -6.1482  340.9349
  577.8349  210.2113  362.0877
  544.7988  -59.5542  261.6059
  564.1135  -42.1561  427.3338
  552.3445  146.5760  462.4331
  499.5963   14.3341  264.3736
  562.0145   52.2689  487.0160
  580.8713   13.3776  314.7861
  515.0235  257.2203  479.0126
  527.9191   12.6025  204.3310
  482.2493  333.2469  417.6189
  540.1935  235.7987  124.8103
  570.2098  315.9576  367.9337
  549.4307  -42.9395  543.1766
  591.4790   -9.3448  313.9332
  525.8941  -59.9775  513.1854
  536.2215   85.6391  301.5238
  586.1159    7.5351  488.3748
  529.7210   31.5956  327.5569
  530.0274  150.6707  497.0183
  498.8631   92.2777  386.0355
  433.2467  160.0855  235.4432
  453.7043  130.4201  186.8337
  388.7941  177.9035  442.4135
  415.6128  154.2719  171.9615
  390.1242  176.4710  531.4459
  368.9243  135.7150  133.8696
  306.6998  136.6951  372.6283
  368.0108  183.9981  141.5740
  322.3804  198.8336  396.0156
  385.2340  136.4289  400.6747
  326.4673  147.3080  526.3875
  332.9638   88.0065  157.7689
  288.6182   78.8783  609.3296
  344.8656  122.8258  353.9006
  325.9231   70.7001  470.9756
  369.4802  108.5178  147.0823
  328.9869   53.0954  181.9388
  358.4195   71.8454  653.2244
  308.0522  128.5303  458.7188
  334.8450   58.4847  281.6825
  392.8068   55.6918  449.1419
  377.9206  121.3598  260.7258
  388.4896  126.8458  710.7778
  446.6395   71.2964  556.9140
  396.7906  210.7803  221.6315
  464.1629  107.0032  421.5152
  461.8897  168.6854  625.2409
  497.3531  143.5513  285.2194
  468.4116  297.3023  538.3169
  497.9390  180.0199  299.0092
  477.4704  113.3638  497.9863
  510.0241  129.9587  289.8943
  469.3398   71.7071  450.9172
  510.2169   83.9938  206.4851
  529.1420  170.4732  375.7742
  472.2019  101.2384  190.6162
  446.7705  118.0811  700.7141
  530.4729   66.5826  559.3889
  436.7129   90.8162  701.9862
  428.9970   30.7849  546.1290
  467.7838   98.5534  674.4535
  426.4919  290.4641  682.3186
  432.3779   13.5406  282.4033
  382.5396   72.0745  503.6173
  444.5873   78.7495  321.2280
  385.1018  141.7567  553.4682
  444.7878  105.9122  357.7683
  411.5714  168.7832  719.7631
  350.9657  355.2776  429.6999
  348.8436  132.1826  146.2607
  297.6907  177.8920  561.9283
  301.3500  152.0308  203.0327
  338.9170  252.4219  612.8064
  370.5819  167.9036  459.0704
  435.9575  163.2546  571.9283
  453.0025  237.0893  357.7002
  390.6265  159.6374  641.1405
  395.2198  186.9002  335.7469
  446.4222  198.8113  320.9527
  390.1903  163.5783  699.3463
  380.5429  192.0594  357.1521
  431.9899  153.0784  157.5234
  400.5144  170.8135  515.3838
  401.8496  232.0049  295.5762
  460.7311  169.7116  472.8990
  393.7358  223.5679  271.0746
  397.8422  168.9288  369.8889
  345.6918  153.3052  492.6540
  375.7808  214.9916   95.4385
  340.8864  220.5830  607.4737
  395.9449  161.6487  223.0058
  327.4166  226.5576  414.6133
  391.8638  183.6112  279.9529
  334.8828  183.3574  576.8379
  375.1649  197.9368  230.6386
  392.9109  255.7834  495.4630
  338.1935  375.4563  400.4281
  399.6158  198.7490  687.9331
  375.8543  226.8326  432.5603
  408.2361  175.7305  199.7713
  351.0456  217.9663  690.1395
  360.0980  163.3756  469.3202
  302.9829  140.3727  393.5272
  265.5215  205.7774  677.8229
  331.9783  160.1144  370.7632
  330.0179  280.7901  277.6973
  372.4552  254.9347  194.5099
  312.1153  230.0864  543.5892
  277.2510  166.9103  383.7477
  334.3275  205.3738  240.3952
  307.6246  263.3367  491.0564
  364.3495  292.6557  354.1071
  304.7490  263.3539  193.4797
  330.3720  326.4754  590.9028
  390.0675  287.7977  470.8155
  342.3814  346.2663  387.5041
  368.3475  362.4892  496.8886
  313.1292  312.7248  312.7944
  367.0111  370.0704  475.9103
  307.2562  307.5905  297.1126
  362.7085  315.5056  541.6347
  344.6790  248.8365  365.7494
  407.3790  248.2417  247.5969
  348.8514  298.3450  463.5424
  404.5979  249.7263  318.3346
  376.3247  271.7832  202.7180
  444.5454  279.8683  438.1472
  413.8057  245.0663  627.2467
  462.6928  240.6479  202.6556
  430.7965  293.7075  622.6953
  364.6063  298.1236  495.7047
  364.4578  246.1964  357.7729
  336.4957  305.7497  297.5497
  268.7903  311.2436  616.8434
  271.9030  235.4184  245.1897
  335.4284  301.9124  432.4276
  346.5877  238.4781  625.8244
  280.9600  266.1070  331.7472
  318.9797  230.4627  516.9861
  366.3330  266.7225  151.1015
  352.2311  198.4192  370.9639
  415.2635  160.3687  621.0852
  405.9513  228.8396  468.0097
  468.4175  209.8282  317.4675
  450.4767  260.2457  434.1093
  389.8518  257.9055  289.3690
  452.5630  214.0012  551.0375
  403.9788  273.2575  292.9141
  454.0365  207.0174  474.9290
  429.2113  227.4534  182.6846
  481.8198  170.0161  568.8444
  414.1214  175.7646  492.7014
  470.2950  147.9878  597.6715
  455.0807   81.9646  257.8092
  521.5592   51.9742  396.6303
  502.2802   89.2625  588.5237
  537.5309   53.5751  357.7310
  491.3255   58.3215  521.0490
  524.6610  125.2936  411.5996
  567.1769  103.2466  196.5735
  526.0533  131.3568  368.8080
  591.6229   69.5581  574.8487
  598.6475  131.4559  285.9822
  552.6517   66.7556  601.3016
  603.4199   79.9620  262.0487
  560.3643   46.3443  394.4187
  561.1293   37.2527  485.7969
  627.1332   77.1787  313.3217
  636.2879   38.1262  423.3327
  589.7916   84.0823  603.0571
  596.0508   98.7417  388.2691
  541.6307   72.5825  520.0655
  597.9257    4.0335  453.1329
  538.5371   36.6124  298.9089
  549.6850   77.5206  548.2864
  497.1291   90.3531  320.9161
  536.6242   26.5775  512.1276
  480.7971    5.7825  363.4753
  511.8870   58.4789  479.6486
  567.5830   78.1218  345.0789
  559.3874   37.2321  577.2623
  517.1356  100.9984  286.2093
  558.3914   42.0447  400.5412
  497.2195  102.2367  587.4917
  473.0113   47.8520  336.8188
  508.8715  104.3443  498.7976
  474.1529   47.1866  297.2935
  524.0153  100.1007  491.3179
  464.2381   60.4347  354.7693
  490.6864  103.2217  573.3771
  554.9770   73.2505  377.8523
  523.4916  117.7058  498.6338
  553.2772   60.7005  257.6125
  504.8950   72.3910  448.2590
  545.6164   63.4873  567.8200
  557.4497   24.3164  363.3445
  515.0789  179.7350  449.9602
  540.6291   53.1896  487.4183
  488.8931   82.7818  327.2639
  728.6481  256.3683  252.0993
  485.8419   99.7329  502.1933
  523.5093  137.5927  345.7559
  481.3383  137.0742  496.3702
  541.3483   72.6424  324.2895
  552.9393  123.0775  524.0501
  493.9451   82.5901  333.6876
  514.3306  140.7163  485.5898
  455.9671  124.0768  327.5744
  514.4846  173.5126  687.3356
  445.8101  116.3864  402.8338
  504.6302  364.2217  130.9965
  457.9377  119.2161  516.2413
  520.8344  149.6257  307.1142
  537.8021   82.7837  507.9129
  472.7108  106.7888  379.4160
  435.7694  133.1321  838.2238
  468.4116   62.8242  341.6953
  411.4332   23.7092  465.1496
  428.7394  210.6887  350.1234
  396.0153    2.1532  539.0243
  409.5234   55.0895  263.1341
  476.9713   62.2180  384.7997
  456.6112  109.8805  585.6581
  513.6826  106.9622  355.5725
  445.2061   59.1060  586.2161
  476.0290   20.2235  427.5591
  407.6117  173.6185  246.2706
  403.6139   24.8146  566.7480
  458.6844  193.0688  456.2138
  495.1093   78.4759  324.5998
  444.8035  103.0511  746.3124
  442.1965  167.9931  221.2967
  492.7256  173.7609  586.4830
  492.3721  117.9153  381.0179
  476.6193  152.4268  293.5471
  413.2647   96.6409  433.1721
  437.3383  112.9270  502.5620
  505.9090  180.6486  400.4840

Previous Length = 1434
outputting PDB in file /storage/htc/bdm/tosin/GSDB/Structures/WT9059TG/GSM455133_30E0LAAXX.1/VC_100kb/InfMod3DGen/chr8.pdb
    27.89%    55.79%    83.68%   100.00%
    done! closing file...
New Length = 1434
spearman correlation = 0.431373
