 MATLAB Evaluation Started............
Processing file /storage/htc/bdm/tosin/GSDB/Data/WT9059TG/Cheng_Prop_WT/GSM455133_30E0LAAXX.1/VC_1mb/chr10_list.txt..............
INFO: License(s) matlab:1
Currently Loaded Modulefiles:
  1) matlab/matlab-R2018a

                            < M A T L A B (R) >
                  Copyright 1984-2018 The MathWorks, Inc.
                   R2018a (9.4.0.813654) 64-bit (glnxa64)
                             February 23, 2018

 
To get started, type one of these: helpwin, helpdesk, or demo.
For product information, visit www.mathworks.com.
 
InfMod3DGen Execution Completed........

n =

     1


m =

   135


p =

     3


XYZ =

   1.0e+03 *

   -0.2850    0.4350    0.2850
   -0.5431    0.6698    0.4964
   -0.0622    0.7038    0.0243
   -0.3895    0.7683    0.5405
    0.3426    0.4792    0.5572
    0.8586    0.6175    0.6475
    0.4219    0.4049    1.1303
    0.8058    0.7067    1.0930
    0.2842    0.6442    1.1854
    0.5772    0.7425    1.0770
    0.3410    0.8129    1.1168
    0.6559    0.6662    1.1302
    0.1426    0.6857    1.0411
    0.4486    0.5393    1.2545
   -0.0741    0.4903    1.1597
    0.2885    0.6786    1.0141
    0.1303    0.6830    1.2122
    0.4479    0.4729    1.1559
    0.5917    0.8040    1.1438
    0.1367    0.7217    1.2268
    0.0090    0.7210    0.9758
    0.3601    0.6569    1.2415
    0.5194    0.8648    1.0962
    0.5572    0.5186    1.1244
    0.2131    0.7583    1.1798
    0.6147    0.6520    1.0764
    0.3446    0.7211    1.2761
    0.4375    0.7087    1.0434
    0.8523    0.7260    1.1912
    1.0363    0.6056    1.0581
    1.3894    0.6539    1.1393
    0.8999    0.1528    1.1490
    1.2733    0.6502    1.2068
    1.3284    0.6257    0.8521
    1.1980    0.2053    1.2286
    0.8969    0.3782    0.8200
    0.9785    0.0384    1.0933
    1.2800    0.3871    0.9037
    0.9469    0.0201    1.1686
    0.5186    0.4309    0.9923
    1.0657   -0.0567    1.3424
    0.6009    0.4630    0.8229
    0.9709    0.7170    1.2140
    0.4883    0.4868    0.9258
    0.8785    0.5819    1.2095
    0.6238    0.2428    0.9708
    0.1825    0.6884    1.0346
    0.2224    0.2842    1.1881
    0.4701    0.2849    1.1297
    0.3915   -0.2045    1.1196
   -0.0600   -0.3075    0.9114
   -0.1262   -0.8180    1.1978
    0.3798   -0.8253    1.1472
    0.2499   -0.3551    1.1205
   -0.2113   -0.1308    1.1822
   -0.2680   -0.3577    0.7092
   -0.7126    0.1462    1.1913
   -0.5024   -0.3562    1.0120
   -0.6200    0.0509    0.4741
   -1.1358   -0.3641    0.7435
   -0.8003   -0.0958    0.5542
   -0.7626   -0.4088    0.9001
   -1.1616   -0.1093    0.4968
   -1.1169   -0.1588    0.8711
   -1.5992    0.3349    1.0918
   -1.3608    0.1336    0.8992
   -1.5728    0.1404    0.9078
   -1.3635    0.3764    1.1733
   -1.6107    0.7758    1.0496
   -1.3162    0.6022    1.2155
   -1.4560    0.8412    1.0932
   -1.4110    0.5681    1.2469
   -1.3657    0.8317    1.1526
   -1.6391    0.6551    0.9346
   -1.7385    0.9269    1.2045
   -1.7464    0.5247    1.1536
   -1.3654    0.6257    1.1783
   -1.5560    0.4027    1.1882
   -1.7464    0.6350    1.1113
   -1.8191    0.1787    1.1736
   -2.1142    0.2680    1.1498
   -2.3259   -0.0721    1.1208
   -2.8228    0.4212    1.2302
   -2.6819    0.3341    1.0499
   -2.8648    0.8517    1.1143
   -2.8479    0.4899    1.1174
   -2.5986    0.7833    1.1688
   -2.8547    0.6069    1.1198
   -2.3964    0.7847    1.1559
   -2.8676    0.7351    1.1351
   -2.5738    0.7622    1.1262
   -3.0385    0.6722    1.0915
   -2.8152    0.7604    1.1957
   -2.3523    0.7476    1.2048
   -2.7441    0.6598    1.4001
   -2.7441    0.6438    1.8741
   -2.6562    0.7770    2.1618
   -2.2617    0.7844    1.7580
   -2.6198    0.7848    1.3807
   -2.6279    0.7679    1.9139
   -2.3077    0.7893    1.8907
   -2.6602    0.7820    1.3745
   -3.1532    0.8503    1.0517
   -2.7485    0.7805    1.3797
   -3.1788    0.8182    1.2446
   -2.6502    0.9375    1.4850
   -2.6872    0.8834    1.8954
   -3.1706    0.7308    1.4840
   -3.1079    0.8550    1.8768
   -3.6097    0.7114    1.7483
   -3.5263    0.8999    2.0008
   -3.8428    0.8452    1.4629
   -3.3054    0.7978    1.1477
   -3.5575    0.7212    1.1395
   -3.5360    0.8187    1.6259
   -4.0440    0.8891    1.2911
   -3.9558    0.7774    1.7955
   -4.1716    1.3140    1.4866
   -3.8607    1.4472    1.6679
   -3.7021    1.4305    1.2603
   -3.9998    1.9800    1.1290
   -4.5240    2.0290    1.4527
   -4.2386    1.6312    1.3477
   -4.4200    2.1667    1.1327
   -3.9854    2.2826    1.1477
   -4.3828    2.0751    1.1903
   -4.6865    2.1468    1.1451
   -4.6288    2.3632    1.1114
   -4.9466    2.3069    0.9236
   -4.5369    2.8433    1.2189
   -4.8119    2.7606    0.7939
   -4.3367    3.2145    1.1983
   -4.6782    3.2900    0.8161
   -4.5880    2.9901    0.3951
   -4.9952    2.9284    0.0703

Previous Length = 135
outputting PDB in file /storage/htc/bdm/tosin/GSDB/Structures/WT9059TG/GSM455133_30E0LAAXX.1/VC_1mb/InfMod3DGen/chr10.pdb
   100.00%
    done! closing file...
New Length = 135
spearman correlation = 0.457886
