 MATLAB Evaluation Started............
Processing file /storage/htc/bdm/tosin/GSDB/Data/WT9059TG/Cheng_Prop_WT/GSM455133_30E0LAAXX.1/VC_1mb/chr1_list.txt..............
INFO: License(s) matlab:1
Currently Loaded Modulefiles:
  1) matlab/matlab-R2018a

                            < M A T L A B (R) >
                  Copyright 1984-2018 The MathWorks, Inc.
                   R2018a (9.4.0.813654) 64-bit (glnxa64)
                             February 23, 2018

 
To get started, type one of these: helpwin, helpdesk, or demo.
For product information, visit www.mathworks.com.
 
InfMod3DGen Execution Completed........

n =

     1


m =

   229


p =

     3


XYZ =

   1.0e+03 *

   -0.3480    0.4350    0.2850
   -0.6134    0.7862    0.5797
   -0.2248    0.7876    0.1974
   -0.5026    0.9226    0.6115
    0.1107    0.4400    0.5381
    0.5245    0.5816    0.5614
    0.1679    0.3864    0.9513
    0.4865    0.8016    0.8912
    0.0685    0.8531    1.1417
    0.3217    0.9779    1.1530
    0.1095    0.9506    0.9992
    0.3784    0.8214    0.9635
   -0.0335    0.5889    1.1502
    0.2289    0.4834    1.1190
   -0.1748    0.4330    1.2397
    0.1285    0.7534    0.9029
   -0.0274    0.5720    1.1164
    0.2434    0.8690    1.1191
    0.3471    0.8715    0.9064
   -0.0228    0.8075    1.1507
   -0.1149    0.9377    1.0123
    0.1801    0.7154    0.9378
    0.2950    1.0310    1.1939
    0.3223    0.7324    1.0784
    0.0323    0.9321    0.9366
    0.3637    0.9311    1.0944
    0.1271    0.6059    1.1577
    0.1941    0.5905    0.9551
    0.5350    0.7897    0.9838
    0.6258    0.5161    1.0962
    0.9223    0.5971    1.0934
    0.5275    0.1897    1.0452
    0.8386    0.5902    1.1256
    0.8783    0.5725    0.6939
    0.7843    0.2276    1.0137
    0.5253    0.3940    0.6707
    0.5842    0.1072    0.9097
    0.8434    0.4004    0.7311
    0.6032    0.0940    1.0837
    0.2526    0.4321    1.0728
    0.6889    0.0386    1.1087
    0.3119    0.4552    0.6728
    0.6206    0.6383    1.0356
    0.2307    0.4305    0.7470
    0.5539    0.5409    1.0980
    0.3703    0.2546    0.7795
    0.0103    0.6177    0.8255
    0.0390    0.2928    1.1012
    0.2595    0.3268    1.1328
    0.2028   -0.0679    0.8867
   -0.1646   -0.1004    0.7367
   -0.2123   -0.5103    1.1131
    0.1944   -0.5156    1.0889
    0.1007   -0.1347    0.8874
   -0.2737    0.0271    0.9738
   -0.2728   -0.1784    0.5909
   -0.6352    0.2267    1.0041
   -0.4418   -0.1773    0.8511
   -0.5265    0.1580    0.4214
   -0.9403   -0.1830    0.6574
   -0.6565    0.0523    0.4791
   -0.6294   -0.2153    0.7703
   -0.9589    0.0425    0.4377
   -0.8848   -0.0350    0.7494
   -1.2766    0.3628    0.9085
   -1.1342    0.1758    0.7278
   -1.3960    0.1807    0.7340
   -1.0626    0.3509    0.9673
   -1.2827    0.6807    0.8363
   -1.3689    0.7841    1.1433
   -1.1899    0.9508    1.1125
   -1.5086    0.7401    1.2367
   -1.5141    0.9448    0.9105
   -1.8223    0.7487    0.7534
   -1.7094    0.7897    1.1477
   -1.8997    0.4578    1.1414
   -1.4728    0.5725    1.0070
   -1.7625    0.3698    1.0617
   -1.8997    0.5792    1.1026
   -1.9103    0.2084    1.0663
   -2.1649    0.3146    1.0708
   -2.2541    0.0275    1.1095
   -2.0968    0.4250    1.0115
   -2.2444    0.3204    1.1478
   -2.0911    0.7376    1.0969
   -2.0429    0.4327    1.0395
   -2.1933    0.6861    1.1472
   -2.2368    0.9558    0.9194
   -2.1225    0.9273    1.1743
   -2.3481    0.9398    0.9953
   -2.1424    0.7091    1.2490
   -2.1534    0.7978    1.0236
   -2.1633    1.0059    1.0796
   -1.8957    0.9432    1.0683
   -2.1571    0.5553    1.1132
   -2.3131    0.5437    1.2718
   -2.3277    0.7616    1.4792
   -2.0794    0.6559    1.1462
   -2.3225    1.0049    1.0662
   -2.2413    0.6873    1.3005
   -2.1035    0.6876    1.2838
   -2.1417    0.9426    1.0077
   -2.2690    0.8051    1.1619
   -2.4724    0.9734    1.1703
   -2.2125    0.8315    1.0700
   -2.2425    0.9865    0.9974
   -2.1252    0.8934    1.2871
   -2.2426    0.8977    0.9666
   -2.1825    0.9330    1.2737
   -2.5232    0.9108    1.1392
   -2.4212    0.8574    1.3631
   -2.6913    0.9349    0.9905
   -2.2619    0.9648    1.0542
   -2.4855    0.7336    0.9882
   -2.4282    0.9673    1.0928
   -2.8363    0.9215    1.0376
   -2.7309    0.9012    1.2151
   -2.9284    0.9070    1.0435
   -2.6623    0.9640    1.1291
   -2.5480    0.9101    1.0393
   -2.7626    1.3481    1.1105
   -3.1824    1.3834    1.0369
   -2.9348    1.0548    1.6123
   -3.1074    1.4827    0.5439
   -2.7522    1.5663    1.1325
   -3.0806    1.3749    1.0352
   -3.2996    1.4265    1.1351
   -3.2162    1.6244    0.8809
   -3.4871    1.5420    0.7454
   -3.1499    1.9706    1.0283
   -3.3900    1.8691    0.6519
   -3.0055    2.2382    0.9853
   -3.2936    2.2927    0.7098
   -3.1868    2.0346    0.3644
   -3.5222    2.1401    0.1302
   -3.3153    1.9733    0.3933
   -3.1999    2.2033   -0.0259
   -3.5988    1.9491   -0.0081
   -3.3596    1.8958    0.3266
   -3.2336    2.3163    0.1947
   -3.4845    1.9387    0.4087
   -3.1736    2.0445    0.0226
   -3.3084    1.6946    0.0462
   -3.4930    1.8603   -0.1284
   -3.1263    1.7207    0.2776
   -3.1969    2.1349   -0.0220
   -2.9452    2.0131    0.2271
   -2.8326    1.6138   -0.0644
   -3.1419    1.7107    0.2844
   -3.0816    2.0226    0.3856
   -3.5163    2.0815    0.1702
   -3.1262    1.6436    0.1486
   -3.1699    1.6211    0.4545
   -3.2724    1.9354    0.2879
   -3.6903    1.7483    0.5659
   -3.7056    1.3979    0.3242
   -3.4936    1.2200    0.6118
   -3.7920    1.6109    0.4786
   -3.4888    1.2812    0.2059
   -3.8748    1.4752    0.3117
   -3.8479    1.2823    0.5451
   -3.7627    1.5357    0.5335
   -3.3558    1.3677    0.7443
   -3.6580    0.9980    0.6562
   -3.6868    1.1242    0.8997
   -3.3808    0.9357    0.8432
   -3.4292    1.2351    1.1853
   -3.7197    1.1506    1.2328
   -3.5462    1.5141    0.9470
   -3.8012    1.1443    1.1919
   -3.5672    1.1324    1.2453
   -3.6914    1.3675    1.1716
   -3.4138    1.3805    1.2405
   -3.5762    1.0029    1.2193
   -3.9781    0.9599    1.2375
   -4.0555    1.2499    1.2123
   -3.7485    1.4998    1.2181
   -3.9263    1.1413    1.2264
   -4.3107    1.3060    1.2439
   -3.9523    1.1473    1.2244
   -3.8533    1.4365    1.2030
   -3.9412    1.0845    1.0937
   -4.0785    0.9716    1.2408
   -4.3770    0.9713    1.4992
   -4.4582    1.0747    1.2884
   -4.2024    1.1925    1.4051
   -4.6296    1.0949    1.2115
   -4.7622    0.9650    1.5471
   -4.8027    1.1438    1.3343
   -4.4973    1.0843    1.6624
   -4.4401    0.9475    1.3485
   -4.1825    1.2728    1.2490
   -4.2337    1.2374    1.5915
   -4.0785    0.9104    1.6504
   -3.6458    1.0537    2.0222
   -3.5950    0.9174    1.6989
   -3.7987    0.9980    2.0368
   -3.4813    1.0132    2.0565
   -3.8680    0.9211    1.8466
   -3.6149    0.9934    1.5175
   -3.7678    0.9550    1.2607
   -3.4153    0.9479    1.5086
   -3.4518    1.0437    1.8406
   -3.2331    0.9209    1.4024
   -2.8722    1.0189    1.6851
   -2.8562    1.0340    2.0091
   -3.1633    0.9399    2.2404
   -3.1202    1.1572    2.2281
   -2.9206    0.9450    2.4742
   -3.3110    0.9337    2.4171
   -3.1784    1.2312    2.6954
   -2.8731    1.2782    3.0926
   -2.9769    0.9544    2.7238
   -2.6175    1.0234    3.0728
   -2.7852    1.0206    3.1478
   -3.2053    1.0868    3.0684
   -3.4353    1.0807    2.7409
   -3.6829    0.9108    2.5369
   -3.7123    1.1118    2.6150
   -3.9882    0.9391    2.8776
   -3.8387    0.9778    2.6960
   -4.2058    0.9662    3.0497
   -3.8400    0.8876    2.7314
   -3.8025    1.0076    2.8335
   -3.9722    0.9751    2.4423
   -4.3497    0.9545    2.3998
   -4.2799    1.0421    1.9913
   -3.8810    0.8980    2.1286
   -4.2830    1.0671    2.5293

Previous Length = 229
outputting PDB in file /storage/htc/bdm/tosin/GSDB/Structures/WT9059TG/GSM455133_30E0LAAXX.1/VC_1mb/InfMod3DGen/chr1.pdb
   100.00%
    done! closing file...
New Length = 229
spearman correlation = 0.440658
