 MATLAB Evaluation Started............
Processing file /storage/htc/bdm/tosin/GSDB/Data/WT9059TG/Cheng_Prop_WT/GSM455133_30E0LAAXX.1/VC_1mb/chr14_list.txt..............
INFO: License(s) matlab:1
Currently Loaded Modulefiles:
  1) matlab/matlab-R2018a

                            < M A T L A B (R) >
                  Copyright 1984-2018 The MathWorks, Inc.
                   R2018a (9.4.0.813654) 64-bit (glnxa64)
                             February 23, 2018

 
To get started, type one of these: helpwin, helpdesk, or demo.
For product information, visit www.mathworks.com.
 
InfMod3DGen Execution Completed........

n =

     1


m =

    89


p =

     3


XYZ =

   1.0e+03 *

   -1.5330   -1.5450    1.4370
    0.6585    1.7895    0.0982
   -0.6844    0.0298    0.6314
   -0.5485   -0.1037    1.0868
   -0.5318    0.3708    0.6990
    0.1303   -0.0716    0.7353
   -0.4059    0.1168    0.9610
    0.0715    0.1845    0.6704
   -0.5986   -0.1175    0.6376
   -0.2484    0.2312    1.0449
   -0.5191    0.0814    0.4066
   -0.1383    0.2050    0.9877
   -0.6887   -0.1653    0.6900
   -0.3174    0.4038    0.7953
   -0.5029   -0.2768    0.7977
   -0.6525    0.3899    0.8039
   -0.4510   -0.2501    0.8508
   -0.4295    0.3802    0.6749
   -0.2282   -0.1150    1.0290
   -0.4419    0.1681    0.4640
   -0.5817    0.1526    1.1026
   -0.5523   -0.0407    0.4223
   -0.3293    0.2952    1.1018
   -0.2764   -0.1036    0.4989
   -0.6980    0.2570    0.9887
   -0.1960   -0.0873    0.5785
   -0.5140    0.3019    1.0137
   -0.3840   -0.1090    0.6075
    0.1365    0.2535    0.9182
    0.4539   -0.0764    0.6963
    0.8881    0.1647    0.8323
    0.2630   -0.0380    0.7108
    0.7257    0.1212    0.9533
    0.8028    0.0689    0.5775
    0.6203    0.0535    1.0182
    0.2588   -0.0165    0.5896
    0.3731    0.2100    0.9752
    0.7350    0.0019    0.6798
    0.2689    0.1393    0.8848
   -0.2705    0.0783    0.7418
    0.4352    0.0618    0.7736
   -0.1554    0.0662    0.8847
    0.3025    0.1726    0.7157
   -0.3129   -0.0836    0.9147
    0.1732    0.2745    0.7537
   -0.1682   -0.2240    0.8006
   -0.6238    0.4356    0.8989
   -0.6700   -0.2801    0.7184
   -0.3833    0.4290    0.9612
   -0.4933   -0.2260    0.5379
   -0.8912    0.2749    1.0506
   -0.6989   -0.1035    0.4517
   -0.5097   -0.1137    1.2046
   -0.6914    0.3194    0.5302
   -0.6769   -0.1737    1.1087
   -0.8493    0.2467    0.4946
   -0.8775   -0.0802    1.1226
   -0.7123    0.0597    0.4535
   -0.5917    0.0325    1.1017
   -0.9236    0.1507    0.7227
   -0.3761   -0.0078    0.6767
   -0.8694    0.1931    0.9838
   -0.5638    0.0513    0.5093
   -0.6781    0.0540    1.0872
   -0.7033    0.1839    0.4810
   -0.8861   -0.0649    0.9734
   -0.5030    0.2866    0.6195
   -0.9632   -0.0281    0.9462
   -0.4632    0.1349    0.5359
   -0.8434    0.0056    1.0470
   -0.7632    0.2868    0.5235
   -0.7066   -0.1608    0.9890
   -0.7955    0.3089    0.6651
   -1.2525   -0.1080    0.9210
   -1.1745    0.2954    0.6152
   -1.4027    0.0174    0.8918
   -0.7153   -0.0391    0.7172
   -1.1363    0.2006    0.9285
   -1.4027   -0.0022    0.5831
   -1.5644    0.0943    0.9553
   -1.9173    0.1624    0.6551
   -2.2616    0.0223    0.8423
   -2.9090    0.1967    0.7373
   -2.7717   -0.1114    0.8780
   -2.9678    0.2004    0.6334
   -2.9441    0.0317    1.0200
   -2.6552   -0.0016    0.4380
   -2.9537    0.1550    1.0662
   -2.3722    0.0659    0.7229

Previous Length = 89
outputting PDB in file /storage/htc/bdm/tosin/GSDB/Structures/WT9059TG/GSM455133_30E0LAAXX.1/VC_1mb/InfMod3DGen/chr14.pdb
   100.00%
    done! closing file...
New Length = 89
spearman correlation = 0.145284
