 MATLAB Evaluation Started............
Processing file /storage/htc/bdm/tosin/GSDB/Data/WT9059TG/Cheng_Prop_WT/GSM455133_30E0LAAXX.1/VC_100kb/chr12_list.txt..............
INFO: License(s) matlab:1
Currently Loaded Modulefiles:
  1) matlab/matlab-R2018a

                            < M A T L A B (R) >
                  Copyright 1984-2018 The MathWorks, Inc.
                   R2018a (9.4.0.813654) 64-bit (glnxa64)
                             February 23, 2018

 
To get started, type one of these: helpwin, helpdesk, or demo.
For product information, visit www.mathworks.com.
 
InfMod3DGen Execution Completed........

n =

     1


m =

        1308


p =

     3


XYZ =

 -153.0000  -36.0000  348.0000
 -208.1801  -41.7088  407.3980
  101.7333   47.1499  386.3802
    5.5613 -129.0039  525.9141
  -34.2993   43.9066  381.5215
   27.2066 -137.2931  520.1565
   57.8270   27.2882  500.2634
 -119.2003  205.9849  510.0404
  -31.2905  -14.3725  659.6452
  -43.6271 -113.2276  382.5917
   -1.4688  130.5278  436.6159
  -23.5648  -90.8806  277.3147
    5.2032   71.0681  576.8512
  141.1869   -3.9370  364.7873
   -5.0071 -164.9624  442.0704
   61.7759  105.2558  464.3815
 -113.0639 -124.2083  506.3850
 -215.8876  127.6861  404.0101
 -129.1448  -84.5896  361.3308
   79.5978  -69.7238  252.0481
  105.5031   57.2715  466.3897
 -128.8830   22.1795  373.8784
  -76.5508 -125.7508  522.5586
   65.3228 -131.3980  313.7867
  -44.5712   88.5544  416.6281
 -111.7873 -115.4868  304.8448
  -46.0946   84.6219  503.4238
  -30.5743   10.4305  305.2539
   38.5668  -78.5744  498.3332
 -134.2066  -57.1442  399.4339
 -275.3907  -33.9524  518.9980
 -124.1876   58.4537  377.5246
   66.7153 -103.9401  452.1622
 -110.6384   22.5487  424.1186
    7.9991 -206.1658  469.2617
   34.5112   75.1750  483.8316
   45.8778 -145.2708  355.4722
  -16.5990   52.0876  528.4146
 -140.7423 -264.1472  361.3248
  -73.2612   50.5829  370.4704
   90.4417 -140.0236  482.7677
 -139.8285  -30.1295  361.1280
   26.7251   -7.0980  562.3757
  -55.3678  -72.3198  335.6754
    8.2499    0.0534  573.3649
  -47.8514  145.6758  361.2850
  129.2917    7.9725  523.8239
 -133.6178  -81.1554  462.7866
  119.3956   50.6168  277.8736
  -62.6601 -146.1709  523.5363
  113.4370  -43.1031  382.2020
  -67.3504 -116.0494  499.2409
  -15.8600  117.2011  327.3591
 -149.1735 -116.9785  352.6322
  -82.0704    2.0133  565.5863
  -52.2621   24.1303  283.4795
 -151.4550 -125.6039  524.9007
   25.7151  -80.7196  245.1421
  -10.3317    8.6312  466.3858
 -206.8220   83.4751  331.6192
  -55.8115 -168.4038  444.5930
 -132.9549   45.8864  446.6676
   45.5270   13.2094  447.7029
 -193.2626  -84.4848  518.6927
   93.3730  -79.2580  382.3122
 -156.7106   -9.5202  362.9463
   73.4023 -134.8221  519.8300
  -56.5395   18.3658  369.6699
 -237.4984  -40.0721  450.3629
  101.2553  -94.0565  367.2052
  -71.6299  -18.0086  482.3464
 -152.6067 -190.3144  437.9609
 -225.7175  -12.0673  415.9194
  126.7972   68.9176  339.5770
 -196.4781  -93.5795  275.3110
  -64.2039   54.5628  575.5274
   -0.8454  -76.4523  414.6237
 -119.6937   24.0591  323.4089
  -94.2019   26.4963  505.7371
  -84.0297 -124.8907  339.0564
 -131.8972   39.8879  459.7011
   41.0986 -195.5980  430.3963
 -243.5242 -181.4148  389.2926
  -58.4587   32.0273  349.7394
 -160.8347 -163.9809  413.5793
   47.8992  -45.0009  430.6685
 -205.9229   62.6954  470.0966
 -108.7984 -119.2706  471.1727
  -86.1992   25.6355  360.4716
  -35.1208 -161.9006  400.9643
 -179.3759 -257.7178  392.1138
  -49.6372   99.8965  418.6358
 -131.7438 -281.4619  466.7570
 -270.6725  -13.0672  498.0621
 -184.4642   -9.5816  155.0860
 -142.4624  -65.2288  626.2894
 -130.4489  271.4246  565.7780
  -72.3866   70.7188  170.7650
 -129.7225 -221.5718  210.0974
   94.4490 -158.8150  219.3684
   69.8984 -206.7763  519.9964
 -278.2304  -44.8473  242.4575
 -121.3890 -148.0712  320.3733
 -146.2881 -128.0196  602.6222
   16.9869  113.0744  325.1477
 -163.2103  137.2976  565.7868
  138.9992   35.7510  325.4756
 -246.1729 -168.3436  421.6804
   26.8797   95.8428  335.5684
  -15.1793 -194.4221  514.7733
  -28.0050  -34.5533  630.2722
   41.9293  -67.1607  359.5228
  -59.3581  100.5338  126.2168
  -24.8256  -53.2325  227.3708
 -136.9935  325.8192  543.8548
 -140.6919 -215.6669  272.9134
 -198.0225 -244.7396  678.2355
  -27.7707  -76.1100  172.9469
  -26.2726  -26.4635  725.1568
  -85.0200 -225.8016  395.7508
 -214.5377   43.1429  377.7696
  -42.8831    3.1638  541.0979
 -101.0040 -214.2331  692.3438
  -23.2260  -90.7195  388.1553
  -30.0590  230.1570  525.0047
 -193.4156  -39.7292  616.5297
 -329.5406  171.6140  381.0662
 -150.0064 -127.5778  534.7044
  -71.1986  -15.9716  317.4480
 -341.5868  -30.3740  498.3376
  -57.3952  -95.4769  517.1590
 -312.0617   67.6699  483.2281
 -205.6915  -98.5892  489.0550
   10.1768  192.0463  500.2833
 -241.1772  -51.2802  388.9939
   -8.0944  252.3345  366.0695
    8.3044  -75.3005  420.8064
 -216.0707   20.8995  210.3385
  -14.4000  -19.6794  509.5898
  -53.4858   -5.2314  218.1604
 -148.8309  -34.5856  482.2634
   12.0420 -133.8655  187.6946
 -253.1166   38.7205  448.7283
 -147.0320 -106.0527  340.2354
   18.7634  156.4283  502.6302
 -257.9389  -64.0225  136.3578
 -162.4898  272.6723  372.4529
   48.5195  105.2305  259.3359
  -22.1203 -136.0005  503.5898
   25.1194  -19.9867  517.9741
  -81.3496  189.3953  280.6848
 -104.2217  -55.5302  193.6041
 -122.4281 -232.7366  527.7680
 -223.9925   96.6234  240.4181
 -148.0785  -82.9679  516.6112
 -102.2537 -249.4586  239.5770
 -162.4435 -289.7478  550.1376
 -114.5401  -36.5023   30.1914
  -32.7585 -260.0445  378.7577
 -288.3036 -154.7923  396.8008
 -296.4811 -274.8855  117.6509
 -110.3705 -104.1990  218.7909
  -55.8485  132.9221  568.9603
 -134.4881  -90.3026  298.7635
 -111.5788   38.3112  591.0495
 -119.4046  -18.9769  112.3407
  -24.2829  291.0749  631.6532
 -341.2645  123.3833  221.4009
  -40.9222  171.7332  334.1034
 -328.8474  -30.5064  628.1870
  -43.9064 -179.1913  342.6166
 -100.2379  228.8942  376.2170
  -22.1032   95.7397  485.7205
  -90.1830 -248.6006  618.7001
 -158.9859  -13.4289  479.4646
 -163.9943   26.1891  237.9572
 -204.6811  181.7003  333.7408
 -163.9471  -87.9264  625.8425
 -188.2701  136.1578  418.3320
 -170.6422 -183.0849  379.5911
 -363.5780  133.7079  651.2362
 -157.0716  -36.0063  388.2992
 -146.5852 -241.3792  553.2139
 -227.6871   68.8954  574.6207
 -209.2360  -97.7152  406.9825
 -134.1885  147.0248  645.2493
 -323.6024   55.1484  315.0396
 -192.4494 -110.7053  680.4336
 -258.1986  107.1074  404.5063
 -248.1205 -264.3598  486.8167
 -212.1940   97.5817  424.5189
 -350.3690 -216.5574  392.3724
 -315.3185  192.4091  512.7328
 -155.2617  -83.8895  335.4297
  -73.0726   -4.7062  561.9561
 -122.8509   53.9697  297.3328
 -343.4843 -102.6264  453.0437
 -100.6958 -114.5147  530.8383
 -182.3362  -38.3704  281.9998
 -149.6796 -137.7660  649.5436
 -276.0893  -19.6762  382.0337
 -229.3169 -248.7079  447.2788
 -201.1823  -25.9158  665.1540
 -377.0880 -156.8055  543.1769
   -2.1074  -48.5705  493.3724
 -278.8366  -11.2504  605.0949
 -322.1643 -170.4068  400.9808
 -103.0391   88.9116  429.5589
 -197.9848 -126.8663  512.2116
 -115.1558    6.4675  366.4155
 -369.3070 -204.4752  414.9837
 -296.2358  -62.7934  549.1224
  -37.6652   65.5799  551.0178
 -232.9085 -262.7084  390.3097
  -70.7489   53.5816  406.9654
 -331.1443   62.9927  491.6776
  -68.1006  227.1370  382.4512
  -39.0228 -193.0242  455.4513
 -148.5313 -227.5450  238.5429
 -151.4269  -17.3786  743.5541
  -82.4995   -2.4414  196.0569
 -173.3520  155.7675  537.0168
 -301.6751  -67.0776  408.0990
  -98.3441 -130.5664  470.2921
 -197.4659   83.1820  445.0052
 -193.8135 -276.1849  639.6417
 -252.8900    5.8622  467.8941
 -283.5143  -92.3784  100.4067
 -184.3326  108.1922  376.0452
  -84.5926  -84.3605  633.4725
  -83.4951  -74.8100  349.1528
 -188.5273  180.7042  487.1799
 -129.8282  -88.0702  512.4740
 -207.5299    2.0880  269.5238
 -305.4553  -47.0690  625.5741
 -131.9353  -90.4969  514.0040
 -218.4254  225.8598  353.1252
 -125.7336 -291.4667  429.1950
 -122.4534  -79.4912  629.1732
 -199.8583  219.4962  512.2887
 -211.2032 -150.3983  335.4909
 -204.6105   -2.9139  614.1230
 -142.8150 -208.3808  179.5149
 -226.6930  139.8580  556.9040
 -229.2799 -126.3307  242.4171
 -149.1353  145.0527  289.4922
 -235.0440  147.0279  192.0790
 -205.0605 -137.5503  458.4800
 -300.2185  105.3233  718.8701
 -244.9996 -174.6069  706.4556
 -329.8858  131.0332  300.6520
 -273.4908 -312.6458  566.2938
 -347.2659  -98.2714  395.3640
 -363.8180  -39.4888  743.8093
 -282.3706   31.2642  395.1640
 -376.7566   15.0090  665.4013
 -313.9860 -350.0560  377.1306
 -327.2684 -111.9584  655.3381
 -427.4404  -23.0038  318.1140
 -358.9519 -242.8623  531.9593
 -401.9488  -27.7782  283.5650
 -326.1535 -353.1290  581.0755
 -422.1206  122.8566  663.7509
 -353.2713 -148.3509  172.3298
 -443.7993 -141.2866  570.1180
 -351.7647  120.2400  433.3434
 -448.5734  -22.8004  123.5862
 -364.0967  241.5439  474.6582
 -394.2806 -133.1837  388.6916
 -485.6615  166.3607  575.6475
 -413.0427   93.7995  240.4721
 -453.3505 -191.9553  268.7480
 -354.7426  120.1476  234.8027
 -425.7002 -313.5833  369.9824
 -357.6650 -121.8439  131.1247
 -381.7825  189.2463  414.4341
 -465.9289 -311.9199  325.6820
 -428.1656  140.7249  498.4088
 -516.7282  103.8546  384.6426
 -473.6230   -1.6913  696.1753
 -507.1364  -12.4593  303.7569
 -598.9446 -229.1248  403.6574
 -590.4507  198.9764  560.1184
 -514.4733 -127.8491  290.5924
 -501.7162 -102.8648  491.1781
 -587.3569 -143.0475  665.6120
 -528.3739  143.0178  333.0804
 -607.0020 -152.9474  260.2975
 -552.7805  137.0933  476.3102
 -648.9270  -94.0176  369.6843
 -572.8117   64.2447  126.3420
 -666.2551  -42.1337  504.0339
 -593.4919 -242.8451  365.5943
 -685.5844  -58.0350  607.9523
 -655.5862  131.0336  386.5843
 -742.8028 -148.8861  533.6103
 -757.8630  121.9428  330.1858
 -665.6276 -170.3847  607.7586
 -751.5167  -47.0097  309.0841
 -657.5685  131.9492  340.8251
 -732.8748   32.5645  620.8748
 -632.8447   17.5268  370.0041
 -701.3112 -194.4227  376.1073
 -709.3193   85.1891  479.0825
 -639.4194 -102.1664  577.3480
 -727.2199 -119.9908  331.7940
 -739.4622   93.2305  530.9059
 -676.9494 -110.4975  295.9040
 -750.4604   47.0309  619.0147
 -756.8066  -24.4870  419.7992
 -676.9082  131.3055  465.0036
 -767.6836 -207.7099  423.7904
 -782.6542  -54.1012  560.2774
 -686.9068   26.4438  262.9863
 -725.2567  -87.2810  399.7290
 -645.2645    6.3887  600.6242
 -708.2786   87.7746  372.6867
 -621.7325 -217.8876  354.0860
 -668.1150   57.4681  433.4444
 -591.4853  -69.9513  404.6460
 -648.1311 -163.2060  276.6257
 -562.7641  136.1907  323.4658
 -620.7094   43.9021  522.2766
 -569.0052 -245.0636  499.0843
 -649.0733  -50.3988  491.8426
 -636.4637 -125.9072  299.2372
 -541.9169    6.2665  185.5866
 -546.8364 -214.6189  464.2563
 -629.0963   10.6271  534.1880
 -555.0509  -58.7169  347.8427
 -621.6922 -157.6788  463.7788
 -636.6704  129.1260  388.4943
 -547.7707   81.5885  672.6240
 -570.7793 -142.0087  477.5280
 -480.6912    0.7540  633.6382
 -439.9171 -162.8750  628.1453
 -431.3036 -100.1253  289.7903
 -530.2615   76.4027  524.8739
 -451.7389 -186.2327  435.8955
 -492.5228   92.5942  460.3847
 -394.9990 -238.6587  381.2173
 -477.6609  -42.0316  479.3759
 -466.1657   66.7663  322.0519
 -387.8566   -5.7499  500.2289
 -457.3840 -292.3024  529.9851
 -423.7008  218.3554  523.1544
 -338.0131   40.7818   64.7760
 -331.8195 -118.7527  424.3227
 -652.4419 -710.7203  581.9843
 -327.4649  349.1597  333.4248
 -384.5390  -29.7165  409.2084
 -284.4096  219.7558  226.2566
 -383.9383  -32.1621    9.5343
 -321.1376  323.4528  342.2687
 -310.8057  -24.2564  511.1171
 -396.8829  -16.8455  301.8706
 -327.3298   94.2243  532.9302
 -394.6618   -4.0397  212.4855
 -320.1699  168.0206  405.3763
 -333.5671 -190.6576  462.3877
 -410.3437  127.1242  572.6722
 -417.5965 -221.4554  203.2249
 -350.7435  283.7937  192.0810
 -409.7738 -137.4504  204.0945
 -309.0691 -116.3844  665.7566
 -381.6665 -210.6723  497.0397
 -328.7689    6.1704  361.3285
 -404.4455   63.7200  654.5353
 -388.5472 -153.4958  364.6925
 -293.8991 -335.2667  594.1723
 -303.8927  155.4973  547.0016
 -386.5130 -148.4494  621.1970
 -328.3596  -75.2998  215.5750
 -414.8483  212.7442  384.4732
 -319.2037 -242.4246  184.4032
 -412.0939   86.7356  195.2370
 -319.6150  -99.1550  631.8404
 -314.9145 -445.7996  337.4120
 -401.2508 -405.0116  541.6323
 -340.4179  -35.6735  444.2093
 -433.1080   -8.6278  239.6700
 -433.0028  171.7706  460.4898
 -362.4389 -306.4065  273.8503
 -452.1746   56.5695  143.9106
 -357.9234 -108.9089  513.6190
 -430.7800 -163.1372  206.8355
 -351.8628   10.8798  147.1673
 -420.2077   -1.6248  510.6687
 -434.7731  143.6627  213.9765
 -370.7278  -50.2493  274.7779
 -442.1612  -71.2053  600.7143
 -382.7892  -43.2286  396.4974
 -456.9202  233.4848  221.1109
 -359.6597 -194.9163  578.3684
 -406.3156   18.1581  454.2490
 -328.9946 -271.6219  359.6826
 -315.8323    6.2595  518.2769
 -379.8243 -266.9967  358.9192
 -290.6031  -32.9218  644.8746
 -380.3211 -149.2970  255.2255
 -313.0844 -169.2775  547.3920
 -312.7742  117.8688  419.3251
 -384.8224 -144.2788  211.3531
 -422.3723  119.5226  653.8556
 -348.6617 -113.3859  263.2218
 -360.0635  130.4818  549.7486
 -459.5036 -377.6572  579.7013
 -387.0869 -213.7065  745.7838
 -478.0963 -379.7037  437.9175
 -431.9065  -72.2344  491.4480
 -522.9456 -337.7185  356.1626
 -427.6651 -130.0029  640.0315
 -500.5968  -47.6443  349.2072
 -436.9127 -149.3665  789.5008
 -473.4375   26.5259  362.2704
 -558.4206 -144.4117  608.4630
 -527.4260  108.3511  384.2420
 -432.7440   48.9936  573.6811
 -489.1619  130.7646  462.3753
 -401.3529  -45.7107  309.9653
 -456.3719 -223.6544  372.3948
 -396.0530  199.3898  569.6223
 -485.6920 -201.6142  462.3384
 -402.0552  166.3813  620.1632
 -492.1225  -88.8702  277.0725
 -448.4633  -94.8211  565.5258
 -525.9690   -7.1418  160.0228
 -457.9679 -209.6371  571.4265
 -453.9350  106.0998  244.7237
 -552.8336  -93.2868  694.7263
 -551.0941  109.2377  448.5888
 -464.0593 -120.1233  261.1315
 -516.4144  102.4408  602.6960
 -442.5936   51.3848  366.3179
 -537.7025 -235.2673  308.0129
 -442.1196  285.2430  474.7453
 -481.0559 -264.5624  450.4506
 -381.0225  158.3122  549.3346
 -444.7355   23.5305  644.6687
 -353.3275  129.4714  295.4504
 -345.2164  -94.3348  277.2428
 -409.2861  -10.4814  574.0302
 -327.7436 -243.1023  310.3875
 -313.5321   58.3753  528.4433
 -396.1357 -104.0602  333.2189
 -353.9069 -203.5561  528.0114
 -422.9291  -20.7281  489.9932
 -335.4975  138.2659  292.1246
 -409.7689 -201.3090  441.6644
 -378.2324  101.8100  618.1714
 -303.8937 -113.2347  682.0702
 -335.3120   29.5817  439.7013
 -416.1314  -94.3221  345.5031
 -352.3122   30.7579  555.9564
 -420.6695 -207.9814  346.8802
 -323.6764 -213.7400  608.6827
 -296.4497  125.2612  317.6234
 -390.5581 -193.3126  480.2024
 -346.8244  144.6257  501.4763
 -440.0200 -208.3742  287.2351
 -410.5414 -133.4690  593.0467
 -309.7798  -78.0765  366.3149
 -398.6707  -29.8191  569.6427
 -433.8628 -100.0090  353.9252
 -379.0981 -148.2124  510.2728
 -429.7887   90.9289  466.9596
 -394.4203 -117.4391  345.1536
 -301.7794  -16.7797  591.4687
 -292.5245   30.4257  300.0849
 -376.9663  -48.3569  537.1707
 -278.7313   -8.5076  355.2005
 -320.6690 -132.0683  566.5944
 -256.0178   16.7506  337.6854
 -300.0361   10.7170  575.2731
 -221.0531 -135.7661  388.5166
 -290.3737    6.8404  413.7362
 -296.0937 -184.2641  486.2615
 -212.7753   81.6010  466.2113
 -281.8054   -6.9412  300.8789
 -258.6955 -203.1996  514.2957
 -358.4319  135.6392  575.6805
 -284.5637  -41.3435  186.5447
 -338.6884 -195.3391  458.5872
 -270.5184   77.2332  464.1896
 -359.0272 -133.1770  527.8714
 -271.7718 -105.5463  322.5228
 -241.9200  -39.5512  541.9994
 -334.0783  -98.1568  380.7240
 -329.2076  -87.8010  555.6025
 -240.5995   63.3950  463.5534
 -300.1783 -156.3576  244.7990
 -239.5344   84.6658  530.3662
 -333.7482  -61.0769  333.7592
 -360.7354  -22.0976  545.1824
 -305.6057  -21.8426  365.9736
 -369.5481 -161.9739  491.6500
 -305.1272  -15.2013  333.7543
 -386.5158    9.2736  519.8537
 -334.1638 -223.5074  527.2468
 -410.5566   80.4023  464.5959
 -358.4629 -165.6076  540.1472
 -447.9764  -71.2865  509.2495
 -393.7686   22.8010  387.6409
 -459.9332  -83.4393  537.2362
 -382.9996   18.5235  350.6234
 -477.9413 -167.1823  513.8818
 -440.8569  -22.0956  431.3822
 -530.1875   21.8774  353.7103
 -559.8327  -57.0100  557.6131
 -463.7860 -184.8840  295.1915
 -473.9581   81.0669  443.9016
 -569.3700 -206.1569  456.1445
 -608.2482  -42.8551  438.4507
 -510.3819  -81.3266  326.0336
 -555.6116   31.5696  511.9399
 -491.3201 -135.5567  396.2848
 -573.6326   15.8490  305.3566
 -484.3955  -97.1553  590.4269
 -535.4830  143.4970  398.9893
 -467.9686  -41.2388  415.9546
 -532.6943 -179.0655  542.6567
 -470.0340  -20.3040  351.3466
 -543.4449   20.0759  657.7376
 -551.3325  129.0603  497.7161
 -487.0063   14.5859  287.5089
 -568.0787  -79.7869  561.9533
 -472.3370  129.3604  661.6799
 -498.9334 -161.0947  375.1482
 -599.8551  -68.1557  607.5248
 -529.5792    4.3772  329.5234
 -607.0186 -205.4867  455.9806
 -525.4907  115.7529  491.2989
 -513.5510 -110.1582  431.6597
 -526.0817   93.3816  420.7693
 -610.8439 -150.4853  508.1505
 -549.8950   27.5613  353.9311
 -577.2465  -29.5374  537.5398
 -513.9019  -89.3415  300.5589
 -499.8372  -64.6801  498.2407
 -566.1864   57.2445  388.0066
 -550.8747 -143.7532  511.3159
 -502.2586   73.8972  362.0089
 -563.7522 -175.3928  413.3688
 -551.4053   54.3989  562.2845
 -607.1840  -39.7841  363.2930
 -541.6691  -96.7537  503.6877
 -600.2233 -141.1949  286.4099
 -630.4867  -38.5242  576.8977
 -621.0827 -126.6434  432.9080
 -567.3132   88.6461  500.6435
 -591.6231  -40.3365  332.3391
 -579.9476 -108.2039  443.9912
 -511.3006   -7.7875  567.4834
 -559.4416   84.4450  377.9011
 -491.9210 -304.6889  500.1266
 -548.7805  -56.2968  171.0484
 -519.3634 -256.5729  565.4263
 -470.8895 -323.7330  352.6657
 -445.4056   91.3783  293.7373
 -479.0420 -178.3117  615.6732
 -545.0899 -120.7963  206.3131
 -542.6812  122.2755  334.7457
 -488.9693  -21.6695  726.8248
 -468.2765 -149.6764  256.8080
 -517.1552  116.3448  655.5843
 -499.8933 -181.0902  380.4755
 -441.1500   98.6814  331.9017
 -491.2194  -61.0645  575.6521
 -454.2691 -117.3016  329.6390
 -447.3251   57.0686  530.5261
 -502.6766 -340.6462  548.7816
 -445.8845   81.8643  356.7934
 -490.8072 -212.1778  556.8602
 -454.9831    9.7299  584.9539
 -456.9455 -211.7894  295.2343
 -525.2631  -41.3905  263.2617
 -499.2523 -114.0182  524.0240
 -540.3862  -21.3642  397.3883
 -479.9103   72.5815  586.7040
 -440.9547 -220.2061  377.8431
 -478.0195  -43.8646  487.4680
 -426.7903 -279.2371  467.7544
 -433.7252  -37.1938  391.1475
 -378.9276 -295.4102  589.9234
 -379.0627   11.9393  491.1514
 -414.0738 -100.5957  602.8032
 -469.1972 -208.1443  362.2443
 -507.0025   -6.5278  545.8760
 -472.1769    0.5347  353.7078
 -500.7128 -198.9176  622.8198
 -432.7772   79.7627  656.9030
 -397.0915 -194.9204  688.8992
 -435.5999  103.9041  471.7034
 -384.5459 -269.4466  539.6413
 -381.6690  278.6093  469.1072
 -448.4682  -22.4419  754.6862
 -415.9279  115.4732  689.0129
 -421.5082 -373.0264  610.4394
 -491.1602  -99.3389  704.1109
 -492.9261   48.7119  354.3712
 -449.6549 -224.3934  654.2226
 -504.4128    8.5903  463.0166
 -443.2099 -215.7805  752.1382
 -499.5257  242.6901  609.5459
 -441.2640 -182.8487  266.4231
 -440.3200  -78.4794  584.5479
 -384.5614  176.2089  257.7427
 -428.1530  163.1379  593.7220
 -411.5754 -215.9157  429.9977
 -344.3209  225.5967  433.2880
 -359.8174 -106.5792  437.1977
 -423.2086  289.4254  378.9434
 -359.1599 -271.8640  443.0398
 -427.6871   64.2189  424.3452
 -428.2661 -249.0916  535.9748
 -470.2344   -7.0839  614.7781
 -445.4395  -68.0664  535.8300
 -508.9856  -93.3516  391.5885
 -450.9797   31.9541  237.6232
 -481.8903 -224.9916  653.1614
 -448.8723 -191.4882  196.6558
 -452.0528  -36.0581  341.8941
 -509.8174 -219.3673  648.2717
 -485.2895  241.1559  603.4977
 -556.6264 -167.9054  427.6707
 -570.7421 -104.0501  711.6479
 -501.2826 -164.6480  290.6809
 -570.3638 -113.8342  519.7517
 -547.9558  181.6754  508.7005
 -588.7028 -127.2519  431.8555
 -521.2765   51.9032  510.4569
 -521.9967  -51.5570  451.1778
 -452.7008  -18.3377  376.1332
 -467.5005  174.2539  226.2289
 -404.6859 -351.8967  295.1018
 -447.2987   -7.5727  434.8571
 -391.1279  221.6760  385.4286
 -366.0964  135.1710  350.4114
 -396.2952  108.1031  748.2983
 -354.1294    4.9226  339.7959
 -374.4404 -139.6211  748.2866
 -311.9999  101.1487  341.0751
 -282.8818  -60.0109  705.6949
 -290.4515  171.9539  362.8889
 -348.7694  121.7401  623.5818
 -338.9118 -204.6862  363.5247
 -376.5929  124.9769  402.5329
 -373.9212 -275.6120  597.2762
 -418.4269  145.5057  677.4633
 -398.7074 -144.6755  662.0506
 -341.8001 -290.6276  328.4113
 -369.9107   85.0400  385.6356
 -314.4542 -225.2839  336.1892
 -299.6405 -337.1350  512.6144
 -339.1107  -81.9681  663.9537
 -288.1724   62.4484  351.1953
 -315.8294 -115.3518  372.2693
 -307.4630  147.9503  442.3276
 -242.2281  140.5269  371.3356
 -238.8744 -243.4508  348.3057
 -283.1653   53.4009  488.6133
 -232.7776 -195.0469  367.3337
 -235.5130   91.2662  542.8705
 -173.2850 -142.5063  396.6773
 -215.8632  -60.4315  649.0124
 -165.6916 -184.1525  447.4616
 -234.6482   36.8272  706.4462
 -181.5643   40.9394  516.5352
 -149.3828  -10.1774  456.1473
 -201.9382    7.5177  438.6798
 -136.8671 -251.2925  476.2821
 -194.5228 -346.5297  419.0089
 -164.3423  -80.5647  437.1465
 -231.5000 -251.0560  398.7652
 -245.1459 -171.2394  614.5445
 -230.1171   19.6724  429.4558
 -163.9919 -368.8689  438.5054
 -169.2916 -330.7751  503.9851
 -147.6936   -3.9932  510.0120
  -93.6902 -306.0187  457.3249
 -139.0820  -11.0844  484.3910
 -156.2724 -238.0788  751.0942
 -146.8592   21.2182  621.7856
  -90.0150    5.6459  469.1895
 -140.0015   27.3660  687.3474
  -97.3467  -95.0341  722.7185
  -39.3640  -46.9704  497.9814
  -63.4375 -249.4947  637.8736
  -87.2807 -450.5906  542.0736
 -166.8422 -138.6041  720.7648
  -23.1908    6.4314  548.0139
  -21.1678  -27.5412  698.0549
   16.6034 -379.1639  611.2537
 -209.8614 -171.1692  883.3662
  -46.7013 -407.3395  674.7278
    5.8403  -28.1178  589.8044
  -49.2517 -260.4883  567.4986
   53.2361   10.5051  578.5268
    1.6497   -2.9034  508.3105
   13.5125   53.8446  820.0995
 -124.9450   27.7951  530.9231
   73.8638   62.6746  596.4950
 -142.0593   61.3651  607.9011
  138.7424 -143.3505  569.3169
  107.1204  -37.3616  612.3495
  -84.9530   69.2795  594.9150
  -36.0768 -250.7777  604.6032
  -96.5683   69.1219  786.7937
 -104.2355 -186.9655  659.0954
   50.6665  -81.6671  596.5588
 -212.2279  -74.0496  650.3817
   26.7706 -144.9798  538.2064
 -169.9010 -148.4917  485.9270
   79.5688  -19.0839  497.5034
  157.6694   42.0967  462.9363
  109.6646 -150.4289  516.1754
    8.9915   89.8325  544.7743
  161.1265   87.0597  500.4709
 -221.1915 -115.0666  660.0246
  -50.7285   52.1275  502.7936
  103.1576 -318.7391  591.2238
   65.0018   -7.0309  743.1943
 -113.8027   96.0244  669.6720
  -23.2645 -210.7137  484.6746
 -146.5755   96.9044  598.4700
   11.4763 -375.7612  472.2982
 -226.7598   83.7963  447.6801
  -64.7329  -63.3844  672.3291
 -180.5334   92.8623  428.7179
   92.4624 -106.7521  758.8967
  113.8100  121.8405  398.6285
  216.7862   51.9988  681.7531
   82.5264  116.9720  346.3267
  -66.8207  -21.7761  388.7368
  161.0929   61.7942  414.7316
 -172.5343 -204.2613  361.1373
   17.0163  124.3535  548.5832
  -80.5334 -248.6604  413.2674
  149.0867   84.6381  407.9527
  -82.6042  151.2949  409.6091
 -123.3734 -249.6873  505.5740
  -55.8102  150.2926  408.7545
   89.4155 -100.2699  536.2970
 -136.2151 -281.0709  384.9666
  110.1017  129.9663  651.3985
 -160.0995 -149.1408  393.8434
  -95.7626  160.1642  539.0514
  157.8249 -172.6528  505.9238
   61.2127  190.4638  434.4392
  201.4927  140.8162  539.9971
   54.2881  109.9282  424.6388
 -169.7760  146.9052  359.6374
  153.6676  135.1921  454.5748
  -17.9363   27.8987  426.5805
  141.2244  130.0308  663.6280
  -25.8073  145.7759  669.4340
  146.1200 -100.8814  710.3337
  -41.7706 -106.7868  837.5606
 -153.1614   61.1844  574.0189
  204.6589  116.4492  430.4053
   -9.0536   24.0604  622.2441
  -79.1812 -274.4954  436.4116
  134.5044  142.4116  399.3121
 -205.0873  103.0831  414.2006
    7.0042   68.4182  618.5046
  -70.3273 -416.8415  586.1682
  259.8107   59.8591  399.7286
   40.3055  -81.1720  337.3083
  126.7047 -193.9117  620.4844
  -85.9457   20.4231  342.2413
  -48.6736 -124.9518  313.3483
   37.9279   63.1387  381.9377
 -268.9306 -200.5350  514.7928
   88.8563   81.3472  369.5608
  -64.0676 -168.7522  663.3773
 -130.3849   80.9893  382.7337
  151.5745   30.9246  415.4544
  -18.1174   41.8706  784.9513
  -67.0311    6.4772  348.4942
  -50.5176  -47.8642  779.6420
  168.9607  -47.7246  372.0146
  -25.7592 -294.5986  380.2875
 -150.5528  -38.3052  495.0039
   57.9688 -335.4506  413.7591
   58.4816   -4.2154  534.5663
  -10.6158  -59.0506  358.6680
  -78.2408 -313.5484  472.1668
  140.2926 -111.6456  348.6840
  228.2600  -68.4489  332.8090
    0.9002  -30.7513  641.9839
   -6.3854 -101.7172  489.2301
   33.7831  -41.2884  229.6766
  -86.0135 -275.5633  608.0557
  160.6369  -37.2805  437.3001
   86.0252  -75.0777  266.5200
 -159.8068 -123.3635  447.0931
  -17.1715    3.7692  233.2658
  -43.1842 -348.4977  303.0989
 -174.1802   21.2326  185.5059
   97.6350   -7.8563  114.5809
    3.2819   24.1734  283.5638
  -15.7187 -241.3023  390.6916
   52.6158   10.0108  128.9941
   64.0999  -18.7279  462.6467
  -98.1676   32.6383  230.7994
  183.2230  -31.4370  288.9863
   82.4394   26.4360  689.4625
  184.3661  -30.1024  440.0683
  176.5318  -67.5061  584.3868
  123.7105  -42.6605  355.5288
 -121.9384  -80.9471  539.6218
   83.9061  -95.2192  566.3674
 -117.7291 -250.9733  265.8355
  147.7945  -68.9081  341.5996
  -40.7422 -133.1060  470.4605
   64.7309  -82.3334  648.8720
  110.3095 -124.5741  305.5723
   61.0792  -62.7694  569.5338
  246.4764 -104.4085  373.6303
  -28.5444  -39.1995  562.9031
  -93.7256  -44.8423  210.5186
  -17.7385 -100.9441  590.7455
   73.1694  -81.3157  216.9133
 -153.8843 -229.4918  445.4513
  186.9123 -114.7321  641.9465
  117.6696 -174.5412  581.3498
  -56.9560 -135.7350  383.8812
  137.3412 -320.2912  601.1538
  171.0643 -182.7667  231.7948
  -55.9010 -257.4990  151.5500
  231.9122 -259.7576  515.7653
   -7.9055 -198.0056  177.3896
 -162.8688 -178.5561  442.5280
  105.8557 -208.4000  583.4158
  114.9815 -149.2125  186.4280
   89.9170 -195.7177  491.1616
   -6.7956 -190.1648  330.9817
   42.3399 -127.4474  585.9975
  -96.7818 -198.3559  419.2311
  -19.6258 -187.9859  299.0815
  -55.8539 -231.0249  572.4742
  255.1090 -217.5560  265.1907
  -30.3993 -287.6431  439.5021
   84.2406 -201.3831  658.0112
   79.2950 -220.8898  311.9410
  -72.8693 -153.9959  463.7712
  218.0678 -188.3434  581.9555
  105.0489 -160.8784  378.8213
   -9.7541 -193.5110  630.4236
  146.4986 -163.6666  395.3924
  -82.6958 -227.6678  338.9006
    0.1678 -249.5587  491.5659
  233.5385 -188.9732  491.4995
    2.9786 -227.6776  584.9249
  200.8575 -165.1562  280.4671
   28.9937 -185.0751  303.4061
  103.2444 -136.6167  636.2185
   80.4940 -142.0777  186.2305
  -54.3341 -212.2628  600.1582
  298.2382 -215.4523  406.0580
  113.9249 -266.2132  413.7695
  280.7609 -265.7066  585.9337
  124.5657 -337.8026  335.5979
   95.5540 -264.0460  722.7420
    0.0876 -323.6002  275.4103
   26.9038 -326.2565  490.7293
  -91.1945 -242.5263  728.2903
    2.3221 -415.9844  439.3606
   87.0866 -178.6268  367.7143
   -4.7709 -170.3080  763.4747
  -10.2257 -237.2617  103.6883
    2.3639 -208.1104  493.4811
   52.7500 -232.5447  125.9881
  242.7412 -170.8310  601.6237
   58.6648 -233.7834  829.1247
  -10.0885 -171.0366  447.9354
  219.8892 -322.1955  553.5017
    8.7982 -205.0107  194.3394
  278.9513 -137.5093  352.4485
   41.2928 -180.3891  278.1879
   94.7727 -132.0868  614.0438
  101.5354 -168.5674  349.5772
  182.4866 -139.2938  502.3862
   49.3403 -186.7397  196.3871
   26.0758 -155.5245  283.0767
   69.7212 -160.1954  616.6043
  187.0779 -215.3650  158.1555
   21.1275 -180.4691  461.6455
  161.7228 -285.7659  385.3331
  154.3112 -156.9280  482.0872
   -1.8158 -205.9028  741.0144
   50.5161 -177.9247  692.8554
  346.7014 -187.7573  207.3321
   73.0976 -421.3433  538.0613
  320.4275 -187.3050  335.6099
   69.8383 -224.8475  638.4939
   45.6084 -154.5492  124.4586
  110.5113 -164.9399  387.9905
  118.9698 -108.3180  722.6968
  160.9760 -118.1977  795.7750
  194.7674 -187.9991  812.6102
  162.4348 -433.4721  275.4873
  205.3996 -122.5064  132.4616
  170.2946 -140.5363  604.2711
  209.2171 -433.7387  277.1309
  182.9093 -133.8457  667.7789
  240.2572 -158.1529  251.4229
  241.0175 -324.2460  523.6579
  318.8151 -269.3923  233.9533
  286.6997 -289.9067  525.4423
  309.6254 -229.6814  281.7134
  249.4581 -199.2876  752.1594
  260.2035 -139.3592  595.9068
  226.7376 -121.1292  216.6983
  218.6337 -118.9157  615.0413
  271.4704 -184.2448  143.8928
  261.5739 -124.3271  527.3264
  210.2335 -146.3155  501.6367
  272.9303  -80.6520  281.7161
  290.0692  -60.6982  629.5083
  224.4015 -104.1600  321.8440
  281.3184  -73.5500  478.8640
  228.8919  -70.6924  134.5933
  193.4811 -104.7414  426.1799
  186.0825 -165.6392  541.5050
  248.8114 -177.6466  207.3444
  254.4813 -116.8790  272.9215
  186.9005 -176.2214  451.1852
  206.6333 -149.7881  647.9884
  252.9795 -173.9339  391.5464
  283.9712 -130.6146  542.3453
  251.3063 -190.0394  245.9151
  298.8827 -205.7922  373.9573
  281.3873 -173.2450  427.6047
  281.7820 -204.2295  691.4274
  347.5494 -306.3128  459.0180
  296.2538 -168.1429  324.8503
  364.8244 -191.5104  670.2089
  341.7242 -346.4723  410.0326
  371.3669 -187.0540  688.0262
  325.1191 -418.7222  516.7684
  346.0609 -198.1362  238.4639
  284.0129 -194.8971  605.3397
  355.0158 -165.0136  204.3452
  328.6816  -94.1892  337.2483
  359.3245 -159.4482  698.2459
  424.0039 -154.1763  251.6231
  380.7007 -136.0681  481.7234
  400.3686  -71.3910  578.5366
  368.2262 -101.6751  220.8646
  405.2129 -107.1324  536.9773
  475.6250  -35.7550  329.9097
  422.0971  -90.9208  465.2088
  470.6904  -58.4805  636.2066
  441.6646  -54.2175  396.6845
  448.8694 -155.5252  632.9489
  493.9080 -251.6190  321.9495
  456.2192  -63.9613  716.4870
  455.6658 -316.1003  561.5490
  418.9519 -152.0449  359.6446
  432.6393 -161.5947  145.4428
  499.7316 -122.5557  172.9591
  469.2297 -257.7980  493.8646
  526.6532  -37.0710  249.4456
  455.8168  -46.9384  624.6230
  500.6129  -86.8798  296.4486
  449.5507  -51.0210  407.9696
  508.2386 -224.7873  635.9384
  496.5992 -340.8398  415.8087
  446.1143  -33.2969  123.7147
  478.6783 -218.6338  641.3078
  419.2804  -13.7290  503.0330
  417.5163    5.4416  254.9749
  480.7696 -226.0569  470.3225
  456.1769   52.3529  556.5482
  501.4107   67.5815  344.8847
  477.0935 -121.0293  279.0602
  510.7957   60.5741  450.2283
  575.7291 -178.7739  271.6674
  586.1486 -189.8764  570.1193
  547.0580  -62.1862  413.1781
  585.2903    5.7670  549.8283
  518.6674 -250.0159  323.5590
  508.8344 -227.3511  581.5647
  570.3724   96.0944  394.5680
  549.7738 -281.1815  407.4926
  482.8445   82.0196  540.3602
  533.0825 -106.8264  248.8365
  483.4097   80.1412  483.9486
  510.2201 -169.4163  474.2212
  454.5730  115.1836  276.3282
  439.3779  160.7854  505.6222
  493.2224 -127.4580  559.2340
  426.5083  137.2502  639.8837
  493.0988 -298.2584  397.3920
  493.9154 -192.8317  655.3025
  429.2525  144.9327  500.1395
  448.6271   94.9736  699.9586
  420.0501   18.2152  590.5235
  411.6824   34.3417  260.8067
  462.0005   84.8113  454.3471
  422.1234  219.9676  632.2228
  470.0229 -147.1548  368.2944
  489.2661   80.1098  237.3324
  458.1326   11.6199  615.0698
  388.9515 -252.9837  447.6071
  451.2321  -84.7878  431.5998
  450.7773  107.7533  539.2227
  403.4312 -163.1941  267.9504
  401.4523 -134.9978  532.7167
  467.4023   12.8819  319.9009
  413.2153  -79.1116  557.1166
  474.0775  145.9204  361.7993
  475.7115 -214.6839  616.5131
  441.0298 -111.7452  417.9984
  485.8294 -176.2973  227.3963
  482.2484 -114.3922  519.9429
  414.3461   84.8740  575.8271
  480.2345 -265.0296  380.5710
  430.5420  -42.7834  283.0448
  418.7862 -181.0389  437.0532
  456.7477   17.2671  527.9813
  407.1547  -15.9748  187.9583
  448.6464   73.8376  544.0879
  461.1328 -169.3354  294.3425
  453.1227  -35.8131  622.7980
  401.9459   81.5035  320.6456
  413.6870 -205.0154  463.3669
  378.5130   96.9292  356.2091
  387.3890 -137.2453  574.7591
  348.9576  -27.9337  271.0914
  378.1060   76.1816  509.2696
  322.1548 -164.1481  263.9268
  338.3686  192.2591  437.7706
  281.2329  -85.6420  345.3205
  260.8389  -91.1959  568.4062
  323.2936   30.3689  422.7086
  307.8500  -12.1131  632.5297
  247.6550 -191.9332  371.9869
  309.2831  116.7893  583.2153
  261.8965   24.3074  381.2620
  280.6866 -213.0900  450.9853
  349.7650   79.5591  662.9385
  388.1354  139.0445  355.5083
  317.2630  -32.5825  391.6765
  285.9490 -121.4010  567.7324
  324.5069   41.9471  215.3283
  340.0070   42.5386  458.9733
  278.2802 -101.3925  416.8018
  283.2299   96.8556  286.4602
  337.6895 -127.8900  405.5210
  295.4736  114.5446  527.6431
  335.9134  -90.1458  249.9401
  399.7857  -22.6507  608.8022
  425.2110 -231.3489  327.0625
  358.6367   98.5903  388.8066
  389.5444 -189.1531  474.0378
  359.6215   16.0640  288.2832
  399.9287   52.2281  509.8740
  341.5034  -40.5211  387.6638
  400.2672   -2.8222  618.2209
  329.7404 -218.0534  471.0083
  332.8450   10.3762  432.2904
  346.6348   26.0273  280.4330
  414.3629 -161.0951  566.7481
  454.1139   47.5661  393.2713
  385.9350  -88.4437  530.3831
  413.7782  -39.4275  302.7871
  374.4603   71.9473  557.9330
  431.0944 -174.9087  452.1342
  436.0326   -8.1499  513.6296
  502.6976  -19.3213  342.5753
  468.7739 -143.6731  447.5863
  518.3303   24.4139  539.4978
  512.5805  -98.6108  315.0096
  450.6563  -27.8486  517.0549
  437.7027   28.1679  357.6544
  439.4355  -60.3278  530.5008
  479.7274   32.0913  321.9330
  455.8490 -142.0513  531.2031
  499.9968 -163.0851  350.5220
  453.4481  142.6295  394.5097
  483.5641 -181.6658  430.2956
  459.6556  -29.8194  360.4868
  506.2904   39.7342  500.7459
  440.5974 -124.8679  484.9439
  446.2729  -42.1255  335.2013
  379.6482  -61.3762  504.7618
  382.1892   80.4422  387.9294
  368.2244 -210.8223  442.8517
  302.9450    3.0985  507.8113
  285.4250  -32.5495  262.3712
  286.4166  -20.3918  498.5537
  335.4584  108.1057  415.9502
  284.0863 -166.1837  431.9033
  312.1758   27.1833  457.8472
  366.2855   54.6487  235.2206
  351.6745  -88.4100  515.3660
  408.7133   15.4972  316.1874
  429.4591  153.2283  397.1429
  364.0201  -57.3322  439.2249
  367.8741   15.7074  238.9864
  416.2646 -100.9661  433.2011
  391.7302   47.5745  487.4998
  458.1583   36.0485  314.1235
  481.8534   21.8359  512.0984
  467.2898  -98.1011  382.9028
  402.2448   33.5093  542.0735
  466.8934    7.3184  351.0194
  440.0315  -34.6929  578.3337
  507.1059  -63.4555  391.4531
  455.3593  114.2499  459.4300
  512.6386 -139.1096  429.7156
  499.3709   49.3565  538.1106
  534.9787  -95.4187  315.1515
  493.7579  179.0024  538.3796
  521.1654  -87.7176  563.0599
  467.0810   58.0415  353.1412
  466.0089   20.5339  524.6710
  527.0469 -162.4857  495.8206
  462.9395   31.7023  469.0456
  514.9309  -86.1949  350.2127
  511.5651 -116.5800  588.4077
  469.5774  -21.1169  364.2028
  536.7028  -55.6724  570.1784
  495.3236   15.1508  395.0705
  511.8048    1.6416  624.7618
  574.7435   31.7386  332.7264
  528.1546  -41.0252  602.5672
  584.2177   46.4504  419.2648
  520.0744  -41.8637  343.6168
  505.1271 -158.1195  542.5753
  525.5757   13.9260  278.2470
  588.6458  -96.4696  427.3544
  607.4635   53.3716  598.2812
  573.0160 -185.9075  336.7826
  632.5272  -12.3270  511.8735
  605.0903   10.0747  269.3237
  608.4965  -46.8379  537.7568
  653.6627    1.2276  300.6303
  639.4022  -72.5277  534.5540
  576.7837   88.1383  470.0781
  548.2780  -66.1202  367.4064
  544.5390   16.7360  550.5864
  598.3498 -163.8132  530.3383
  615.4624   92.7660  422.8121
  599.4690 -105.4579  509.1853
  547.6712   44.6460  428.9798
  587.1328 -160.3139  437.1159
  539.4498  111.0256  510.8396
  596.4395  -84.2777  271.5590
  529.7029   14.5624  498.8778
  514.9557  -79.0172  374.0422
  580.9937  147.5311  500.3235
  528.1093  -95.6175  323.2395
  554.3218   16.6545  412.2744
  616.7372   82.7745  365.1421
  656.9681 -114.4814  448.9278
  626.1463   72.3693  378.7393
  639.2854 -174.3596  419.4017
  686.6800 -145.3514  399.0496
  663.1983   25.5985  389.2575
  630.6869  -65.4505  369.8026
  579.4620   49.6342  272.6836
  572.3440  -99.5181  431.0993
  631.9611  -39.2438  410.5662
  654.8904   76.0719  474.9904
  645.4407  -98.6049  499.3359
  583.7583  -24.5949  286.5080
  642.2884   99.1965  494.5780
  647.2241  -23.6441  424.3766
  702.6054   -8.7175  281.7287
  653.6083 -136.5633  451.1707
  661.2394   63.4041  394.0354
  611.4223 -123.3794  432.7064
  667.9789  -73.8965  256.5019
  685.0526    0.5868  480.5621
  630.7521   23.0607  270.2231
  688.1088 -153.3062  381.2104
  644.9568  -34.0936  351.7710
  711.9370  116.2600  418.7005
  690.6773  -16.1307  377.6226
  750.1043 -125.6341  431.2014
  702.5142   51.7166  272.8939
  732.8875 -116.2025  418.6134
  723.3167  118.5586  390.3862
  656.8785 -133.1221  450.1720
  650.4586   18.6021  517.8400
  700.9887  -91.9369  375.9776
  637.8632  -47.4058  496.0000
  673.6270   87.6971  435.4138
  635.4954  -51.6939  445.8061
  679.0587  196.3937  390.8473
  632.5830  -11.0527  418.9474
  694.0690   53.1029  432.6383
  821.0347  -22.1255  229.2169
  696.9575  137.6167  386.7547
  631.9341   -8.7738  315.2814
  650.6061    9.6708  398.6773
  638.1291  107.5524  435.8880
  584.0124   69.5592  259.3663
  648.3808  107.9713  461.9497
  668.3719   68.5451  282.5631
  600.3677   96.2581  453.4648
  612.2344   67.7234  297.5993
  565.6219  110.0683  464.7092
  625.2471   56.2697  345.4308
  657.0690   66.2953  494.7272
  636.8447    8.8403  470.4886
  679.6177   42.6513  336.0877
  611.8922   -3.2226  489.6934
  622.8408   60.6569  255.6685
  673.9320   62.3512  463.3902
  615.9493   87.8591  371.4629
  614.4695  148.6832  472.5536
  581.4305  152.1916  233.4064
  513.6716  222.2737  419.6807
  533.5552  192.6284  471.2979
  466.5449  241.1635  487.8148
  493.1723  217.9150  336.6137
  466.1504  239.6448  479.0522
  443.6752  198.2418  371.6593
  379.5123  199.2809  488.9675
  442.7067  247.6247  308.3685
  396.1361  263.3527  480.5812
  460.9660  198.9987  278.1597
  400.4689  208.7275  507.6599
  405.5515  147.6634  394.2446
  360.3429  137.9861  514.1625
  418.1692  182.7726  291.3468
  399.8919  129.3159  588.9677
  444.2646  167.6039  300.3589
  403.1401  110.6522  528.5903
  432.5385   98.7254  368.1563
  380.9459  157.0156  541.1242
  409.3505  116.3657  261.5444
  468.9944  113.4048  594.3321
  455.0173  181.2184  259.1317
  466.2221  187.0345  423.1719
  526.0654  129.9481  582.8124
  475.0225  180.6041  459.1294
  544.6429  167.8028  555.5022
  544.0376  231.3909  341.3770
  579.8296  206.5495  560.8503
  550.9518  240.5261  422.3897
  580.4508  243.4072  253.6798
  560.5556  174.5461  502.8135
  593.2629  190.3346  331.1972
  551.9358  130.3835  497.1464
  593.4673  143.4094  247.5305
  613.5308  201.4816  524.8970
  554.9701  161.6913  314.2335
  528.0089  177.7425  544.5028
  583.1371  124.9508  354.5042
  517.3462  148.8374  403.6561
  509.1663   86.9996  508.4465
  548.4816  157.0401  338.4672
  506.5104  137.8626  582.3617
  510.9459   68.7180  281.2108
  459.9141  128.9683  532.5581
  523.8898  137.8495  407.5664
  462.6305  202.8423  586.2421
  524.1023  166.6463  394.0415
  488.8878  231.4946  540.6977
  426.4409  247.9210  325.1495
  422.3865  194.4969  418.5410
  369.9612  241.1514  541.3916
  373.8406  215.5391  405.1038
  413.6674  256.5553  635.3452
  447.2371  232.3667  372.8431
  514.7408  227.4380  564.1736
  532.8111  272.1050  354.6084
  468.4875  223.6033  495.7596
  473.3572  250.7014  295.0414
  525.8349  263.3290  457.9815
  468.0251  227.7812  644.3988
  457.7974  256.1709  343.4711
  510.5345  216.6497  444.8271
  478.9702  235.4516  609.7245
  480.3858  298.5194  415.6050
  541.0047  234.2835  529.7667
  471.7838  289.5748  359.4491
  474.3326  233.4536  564.1545
  420.8498  216.8901  400.1687
  450.9442  280.4826  354.8950
  415.7553  286.4104  558.2331
  472.3212  225.7356  355.8347
  401.4753  292.7444  518.6819
  452.0923  233.1169  341.3201
  393.4883  232.8478  525.6419
  434.3888  248.3043  354.0922
  453.2024  307.8260  538.5076
  396.9981  313.8401  381.9066
  460.3106  249.1653  521.6600
  436.9244  277.1336  324.7085
  469.4495  224.7621  548.8946
  410.6233  267.7340  421.8865
  418.4156  211.6640  226.5141
  359.6694  187.2774  587.8389
  319.9545  254.8118  272.9267
  388.6044  208.2066  604.9837
  388.3307  270.7276  300.4702
  431.5161  306.9262  483.4972
  369.3512  280.5831  350.7242
  332.3896  215.4114  514.8321
  391.0948  256.1886  378.1725
  364.5904  315.8336  534.7382
  422.9229  346.9163  353.9350

Previous Length = 1308
outputting PDB in file /storage/htc/bdm/tosin/GSDB/Structures/WT9059TG/GSM455133_30E0LAAXX.1/VC_100kb/InfMod3DGen/chr12.pdb
    30.58%    61.16%    91.74%   100.00%
    done! closing file...
New Length = 1308
spearman correlation = 0.405604
