 MATLAB Evaluation Started............
Processing file /storage/htc/bdm/tosin/GSDB/Data/WT9059TG/Cheng_Prop_WT/GSM455133_30E0LAAXX.1/VC_100kb/chr2_list.txt..............
INFO: License(s) matlab:1
Currently Loaded Modulefiles:
  1) matlab/matlab-R2018a

                            < M A T L A B (R) >
                  Copyright 1984-2018 The MathWorks, Inc.
                   R2018a (9.4.0.813654) 64-bit (glnxa64)
                             February 23, 2018

 
To get started, type one of these: helpwin, helpdesk, or demo.
For product information, visit www.mathworks.com.
 
InfMod3DGen Execution Completed........

n =

     1


m =

        2386


p =

     3


XYZ =

  -66.0000  363.0000  -84.0000
  -27.6684  451.3466 -332.5415
 -166.9041  521.6356  -51.7047
   57.8979  473.2173 -212.5101
   -6.5010  328.3623 -105.5950
 -119.3252  615.5570 -242.0588
  -85.0462  578.2484  -93.1645
   42.0454  393.5523 -102.5880
    1.4774  511.7786 -207.6883
   -6.6798  393.9721  -62.2992
   59.3852  576.5342 -146.4067
  -82.2680  424.7526  -20.6914
  -29.2600  453.5669 -266.8788
   53.4691  428.4947  -38.0855
   15.8314  518.1214 -194.6079
  -83.5468  420.3779  -85.8516
   14.8896  345.3813 -185.7943
 -135.5809  551.4067 -201.1284
   72.3152  487.9479 -114.7081
  -47.6663  382.8578 -224.3904
  -71.4561  519.5534  -53.5998
   -0.6191  563.0667 -296.2718
 -169.6561  515.5934 -207.9790
  -71.0559  363.6928 -200.2921
  134.5902  436.4558 -114.8235
 -118.1024  455.3319 -304.1843
  -99.3636  408.6236  -77.8920
   45.0269  485.1527 -131.0609
   -5.7547  333.8481 -134.3227
 -120.7801  574.0544 -222.1589
  -49.8075  528.4707  -77.4240
  -19.1649  512.9071 -276.7280
   11.2087  563.8077  -57.1088
  -90.0013  439.1221 -116.9880
   48.0292  381.5187 -199.7819
  -76.3670  503.0900 -158.1944
   16.2490  430.0370  -38.7094
   17.6689  398.7025 -212.4330
 -185.2497  551.7775 -225.6709
   80.6070  416.7200  -70.5594
 -144.0712  546.4905 -223.7160
   59.2675  313.9268 -235.9954
  -75.5934  646.4005 -170.6917
 -128.4782  514.8816 -249.9155
  116.0463  529.1046 -149.3014
   11.5259  375.0974  -78.8213
 -215.5155  485.4340 -194.4320
    6.2302  501.8820 -198.9909
 -128.0483  619.6740 -276.2612
 -145.4557  536.3228 -131.5839
   34.8008  389.9159 -154.9045
 -140.7552  434.1157   71.2728
   15.7389  415.6126  -97.3191
   -2.1978  575.6433 -278.5195
   48.3914  588.0765  -77.5915
   58.1666  435.7850 -225.8145
 -160.1004  610.1284  -86.6955
   33.0413  375.8858 -128.3010
  -62.0451  603.5737 -301.9873
   89.7896  432.3453 -167.7756
 -119.4497  593.4815  -77.4782
  -92.8609  402.2651 -232.0032
   70.0101  592.5506 -141.4320
  -33.2324  437.4684 -282.0001
  -77.2995  590.1143   42.1832
 -129.0268  559.5821 -275.7474
   43.3090  482.0507  -74.1542
   42.8005  606.2868 -228.2067
    9.1156  311.4453 -193.3990
 -131.1047  677.6207 -166.6962
  -17.3427  552.3654 -317.9027
   53.5629  505.4201   46.4961
 -240.2789  611.3810 -240.3130
   89.6279  446.2471 -267.3103
 -192.9132  546.8447  -42.9951
  142.2434  586.4877 -149.6986
  -53.3372  595.1214 -210.1140
 -252.6604  503.0946 -381.8881
  -16.7552  625.7581   40.7433
  -92.0784  562.6896 -447.4536
 -228.0581  618.5135 -186.0208
   40.1166  395.4336  -52.4442
 -120.8089  587.0503 -291.7600
 -256.4362  570.3746 -348.2276
 -129.7024  517.8765   -6.6501
  114.4616  476.0956 -235.2615
 -151.7065  527.9605 -157.0154
  -39.0067  653.8333 -311.4717
 -227.7958  694.5926 -157.1611
  161.1056  510.4791  -25.2279
 -137.9969  391.4644 -262.0450
   -3.6522  438.9316  -85.3659
  -39.2851  618.7736 -282.1333
  -32.7573  387.6411  -43.1885
  -10.3987  361.7883 -197.7476
 -181.3974  555.6826 -160.4598
   91.6528  523.1624 -173.6656
  -98.5241  458.3874  -59.1268
   31.1542  401.6723 -160.0824
  -44.4020  587.3854 -250.7218
 -104.6890  416.4113  -57.3139
   12.0595  468.4324 -241.5119
   48.4594  499.6246 -110.7197
 -138.0205  415.1117 -173.4701
   28.6979  384.9010  -97.4461
   -8.2558  540.1059 -236.9071
 -163.8001  506.3827 -197.9923
   44.2619  441.1817 -158.9786
 -162.7440  651.4305 -121.2725
  -81.9485  408.8828 -131.7925
    0.4697  558.5209 -217.7451
 -133.9856  533.7570 -205.4268
  -14.3286  446.4282  -17.1122
   38.6451  453.8038 -317.6801
  -27.1939  328.6748 -210.5327
   11.1724  566.7734 -115.2472
  -68.0770  377.4096 -159.8660
   11.3933  539.0110  -83.7997
 -106.5324  383.1711 -186.6450
   60.3771  545.3417 -132.3700
 -131.1078  521.8256 -384.4811
  -15.8471  555.1958   44.5480
   -0.5308  697.1483 -229.6707
  138.3064  285.6717 -179.5922
  -22.1152  674.6437 -192.4058
 -147.1358  583.6927 -238.3958
  -66.0284  372.6218 -361.4745
  143.6177  416.1918 -201.1423
 -107.9226  659.6399 -277.0681
  110.9405  422.2198  -81.3885
 -158.6570  702.8494 -213.9883
  -40.2820  387.7566  -43.4895
 -146.4585  653.9528 -369.7844
 -150.5744  574.6393  -16.4261
 -174.2645  723.3927 -221.7716
   41.1611  541.7915 -396.9808
 -208.8312  636.4203 -332.6649
  -67.5767  530.4858 -348.9652
  -62.0715  645.3985  -13.3441
 -122.0467  395.2066 -257.6186
   90.3243  712.4889 -125.5082
 -194.3223  549.2736 -274.0412
   47.8174  416.2007 -340.1011
 -132.4820  393.6954  -30.4457
  170.1894  451.6896 -288.0157
 -146.2271  653.8944 -236.2948
   88.4718  441.2784  -55.8334
 -137.7819  708.4881 -297.3370
  132.0212  504.7305  -41.3716
  -53.5441  646.1785 -253.7162
  -32.7089  258.8049 -286.9516
   14.1994  546.3337 -112.0195
 -148.9667  337.1814 -259.1420
  120.2570  403.8618 -245.7193
 -259.3082  542.0124 -164.5073
   60.2317  621.8881   -5.2564
 -221.8545  547.9127 -301.1265
  -14.0155  477.8999  -55.8440
 -113.3946  616.7548 -166.5464
 -156.9117  338.9516 -114.4487
   49.6541  448.8615 -166.4943
  -47.2167  530.7198  -96.0167
  -91.7013  376.6911 -132.4917
   58.7731  424.7316 -192.5825
 -123.9727  608.4586  -90.6644
  -46.0883  645.2102 -372.7426
   24.2946  487.0400   50.5908
    7.8820  394.2882 -250.8798
 -178.8745  495.6606    3.1668
 -221.8930  447.6910 -170.6121
  -57.8776  359.5601 -291.9401
  -88.4151  667.6724 -337.5233
 -307.2423  602.9112 -202.3354
 -169.7345  683.2028 -223.8290
  -88.7672  452.9481  -52.6721
   68.8434  470.4591  -72.6290
 -198.1789  701.2960 -190.5955
  102.8614  384.4091 -134.7873
  -75.5066  682.8081 -295.1162
   88.3811  339.9740 -207.9835
  -55.1784  476.2599  -35.8792
  -30.5647  483.9855 -418.1382
  -19.6632  368.8989 -221.0992
 -153.8278  542.7271   -0.7574
 -176.5800  351.7421 -225.5558
  109.5206  458.9789   -6.7330
 -138.9359  725.6643 -208.9012
   37.4131  495.9813    6.8157
  -68.4461  745.3356 -200.1768
 -254.6262  682.6520 -288.1871
   17.4207  414.9002 -243.8258
 -152.5868  634.6431 -157.3216
   24.8446  559.2643 -309.9560
 -140.3498  537.9402  -26.0220
   -8.3729  649.7345 -289.8599
  -96.5254  327.7220 -306.3883
  -26.6493  584.4180  -84.4586
 -169.6813  634.4243 -244.5827
  -90.2624  409.0412   20.3882
 -113.4241  573.7756 -227.6992
  -44.6992  488.3697   86.7936
   79.6143  383.7046 -180.5482
  -59.5554  466.2639 -124.1795
   63.3166  595.1879  -61.6854
  -93.5590  397.3868  -19.7042
   39.9653  420.2592 -216.1092
 -182.0221  561.1542 -110.0346
 -150.9106  472.1629 -294.8929
   99.8246  590.2158   -6.7285
   46.8874  504.1523 -189.8654
  -48.4604  348.6707 -184.3053
  -99.6452  617.1559  -43.7185
  -11.2346  605.5565 -292.5974
   53.7395  409.6917 -102.6065
 -133.2633  502.5714 -278.4539
  -57.0362  682.8886  -76.0308
 -225.8431  535.3142 -281.9640
    8.4005  477.0960 -115.4302
  -86.7221  259.9102 -257.9849
   81.2655  439.0357  -43.2375
   45.2168  570.0072 -262.2562
 -149.4929  623.4762 -176.8168
   36.0989  409.8265  -81.8716
 -137.3227  540.5534 -242.4408
  -12.5144  487.2207   70.5442
  -37.2276  389.5082  -37.8236
   38.4335  384.5673 -308.4903
 -147.8206  478.1595 -241.3925
   80.1364  543.0087   19.5298
 -124.1882  211.7752 -201.7447
   35.5485  614.0210 -108.3293
    6.3894  390.1875  -48.1461
  -25.5525  522.9277    2.6539
  -81.3660  342.0889 -176.4915
   78.4790  429.3397   20.0085
   28.1018  402.3675 -220.5391
  -88.6796  498.3332 -136.8552
  -33.7353  351.3053 -109.9585
 -148.5335  701.7001 -100.4518
   19.7835  312.9929 -234.3881
  -67.6806  585.5161 -208.4036
  -88.4064  349.7863  -82.8155
   86.7988  379.7467 -238.6761
    4.7707  564.0582 -244.0175
   30.0343  355.7540 -115.8243
 -166.4437  584.7650  -40.4176
 -114.8348  629.1184 -288.4349
  -44.9834  451.2916   69.3142
 -233.5832  521.1105 -246.2602
   21.2075  458.3074 -104.3872
 -106.4973  327.9146 -171.9953
   44.0829  527.9789 -111.7146
  -76.1637  411.8189 -189.8324
   -6.2742  503.8369  -75.5335
 -102.8777  424.0548 -245.1178
 -146.9593  646.3222 -306.8074
   46.9005  393.7986 -120.8653
 -103.0153  550.4529 -233.3011
  -48.9807  417.5862  -41.0541
 -112.2828  530.0237 -253.4041
  -37.8695  560.5189 -121.0801
 -111.2669  278.6397  -96.7786
 -162.4097  603.0687 -177.7227
    8.5303  334.3544   -4.4853
  -59.9616  397.0825 -242.2988
   21.5416  500.5460  -94.3938
  -63.1662  423.0251  -42.0532
    7.2638  414.4213 -184.9362
  -33.9971  321.6865  -59.3937
 -121.0615  479.4357 -242.8208
  -19.5912  391.1552  -13.2398
 -132.3728  577.5523 -216.3009
   19.5427  324.7589 -122.0866
  -47.8125  494.5558  -90.8972
    2.5810  366.4908 -185.1855
  -37.6078  535.7289  -47.2103
  -74.8160  340.5761 -287.3589
  -29.7424  330.3926  -42.2135
 -108.9150  489.9184   28.7922
  -60.2556  454.4558 -101.5077
  -82.7514  275.2416 -186.2685
 -164.1026  572.9048  -44.7466
 -158.4011  394.4802  -93.4646
  -87.6763  330.6935 -205.1739
  -79.1131  489.2030  -22.2871
 -165.3244  536.3267 -179.8858
  -97.0071  413.1380 -200.6127
 -169.5111  345.6539  -74.0694
 -113.3900  528.9962    6.9803
 -197.6533  371.8531  -50.0011
 -126.8359  324.2204 -160.3684
 -251.2847  570.1164 -143.6027
 -140.7174  591.3926 -312.8840
 -222.2595  460.6489  -42.4524
 -182.3981  351.5438 -236.1656
 -260.6673  610.8164 -177.2169
 -270.7764  325.2629  -82.9268
 -189.1384  549.4542 -298.8574
 -266.5164  350.5960 -181.1325
 -183.7288  340.9796   11.0499
 -254.0031  484.5977 -159.2043
 -167.1329  421.4487    7.4575
 -232.8161  376.9889 -234.4045
 -238.1915  556.5783 -218.7911
 -171.5462  348.5447 -168.3254
 -250.2073  533.7587  -60.8886
 -228.4249  441.9760 -309.2246
 -196.7381  586.2823 -156.8559
 -265.8074  326.2258 -117.4666
 -270.0673  525.4944  -33.2550
 -196.7105  512.3276 -235.1453
 -277.3684  471.1386 -117.6997
 -287.4174  302.6022 -227.5366
 -203.4221  468.2830 -121.8282
 -248.8894  455.5640  -36.5759
 -232.4697  481.8623 -206.5775
 -237.4929  388.0114  -48.6868
 -159.6739  448.1144 -331.2137
 -210.5331  514.8331   56.6981
 -139.3705  450.7566 -284.3304
 -197.1190  520.6544   17.1485
 -120.0914  378.3457 -216.7675
 -178.7122  356.7545   -4.2095
 -124.2808  517.0787 -333.7911
 -197.7514  355.6750  -91.4596
 -222.2873  517.4987 -274.9897
 -106.0978  461.7253  -39.7276
 -109.4000  331.3772 -124.8532
 -292.3419  436.3774 -251.1315
 -114.9140  508.2290 -240.3084
 -179.3719  331.2133 -138.8988
 -189.4260  519.5348 -392.9797
 -257.0271  459.8452   25.4910
 -226.1967  369.7593 -310.7384
  -65.0001  523.9838 -183.7194
  -88.6305  376.7941  115.6760
 -181.8488  502.5848 -264.0285
 -117.9992  225.2405 -125.4248
  -45.5659  425.1015   34.3846
  -92.6671  279.0128 -226.4107
   -7.4793  422.0893 -269.0294
  -82.6911  475.1266  -48.7454
 -284.9750  397.5384 -238.7991
  -62.6850  389.1369 -277.9540
  -69.0802  240.1498   28.7036
  -46.4705  472.7013 -290.7578
 -119.2276  406.2751  -44.2993
   34.9298  467.9300 -287.6860
 -221.9130  405.2668 -353.6807
   37.8528  492.0362   22.4364
  -20.1832  298.2968 -185.9277
   66.7536  385.4489  -29.7304
 -139.7799  326.5728 -155.1052
   42.1000  434.7942  -73.1324
 -154.9647  396.8519 -298.6728
  -28.4690  371.6203   -2.3182
   37.9435  455.8321 -196.3332
  -74.9781  263.5048 -141.7955
   39.7496  509.3953  -85.1013
 -146.2433  458.3375 -213.1899
 -187.5045  528.2598 -361.6564
   -9.3730  473.9120 -407.8605
  -37.7729  536.7641 -142.2583
  -37.1220  273.7779 -256.1668
   50.2010  445.7672 -263.2149
 -219.2550  512.0538   49.2902
   18.9775  250.5096 -217.3248
  -18.5454  508.9610  104.2528
 -187.8737  451.9662 -110.8467
   45.3838  466.8874 -316.0321
  -81.3244  508.1402  -36.3930
 -321.5082  465.4222 -227.8643
   22.2523  274.2352 -101.3781
 -325.5282  520.3884  -56.6789
 -295.6019  468.7952 -389.1784
  -47.6794  438.2315   52.9289
   28.1221  170.1536 -269.1736
  -88.7227  290.1597 -342.5299
  -88.4009  263.2912  -70.4919
 -207.8418  504.6693 -210.3922
  -61.7850  468.6588 -438.9191
 -157.7144  311.8987 -216.5188
  -65.5547  464.1086 -368.7969
 -259.5147  458.0512 -222.2627
 -119.5236  469.8126 -320.7460
  -50.1537  388.8242   21.5906
   16.5445  270.8906 -245.0630
  -19.0570  269.6482 -103.6026
 -124.8340  548.5262 -173.2174
  -92.1186  341.1877 -142.6382
 -111.7932  553.3135 -147.3796
 -175.2148  474.0379 -361.3465
 -148.7002  537.6404 -111.1810
   11.3108  526.8638 -308.0631
 -324.7319  427.8312 -217.9107
   16.8947  440.6914 -113.9210
 -214.2701  316.7756 -311.2483
    8.0503  512.5074 -353.4059
 -125.3350  308.4752 -349.6821
 -142.2831  519.0183 -291.5840
   -2.4255  361.6476  -67.6910
  -50.2173  511.0746 -253.9273
 -124.3047  478.2905  -21.4010
 -221.5100  534.3359 -353.5161
   18.6932  509.0961 -274.8728
 -108.9602  545.7197 -200.7380
  -75.4343  426.8040   -9.5911
   -7.0996  265.0034 -218.9057
 -147.9146  495.2516 -289.2409
  -79.1847  314.1004 -252.6110
  -88.0197  449.2554  -76.9538
  -34.3377  461.6945 -245.8780
  -73.0180  504.6889 -358.6501
 -280.5451  514.9441  -99.9731
 -125.0624  474.1319 -361.9640
 -207.8322  408.2563   82.2478
 -238.0271  490.7958 -307.3943
 -244.7469  399.3370 -340.1820
 -266.3424  564.0333 -172.3048
  -16.6756  341.3580  -47.9225
 -196.3322  517.6420 -178.2092
  -13.1181  435.7267  -32.7965
  -63.0132  308.3816 -328.3708
 -317.1471  569.8172 -286.0909
  -67.3297  426.4697 -255.7955
  -48.2985  405.6676    4.6874
  -90.0491  347.2336 -150.4990
 -129.6784  560.3811 -276.0631
  -51.9713  299.9581 -217.8361
 -108.0819  423.0136    6.2207
 -106.9143  388.9820 -155.7067
  -58.7672  549.2059 -198.7261
  -83.6356  323.7220 -117.8535
  -44.3584  601.5745 -232.3811
  -97.9252  260.4380 -121.1883
 -233.0403  472.5618 -224.0392
 -149.9013  233.9936 -153.0583
  -33.0289  605.0469 -204.1774
  -83.5212  330.0972    0.4855
  -74.4387  517.8800 -185.3048
   -8.9941  576.5439  -43.2929
 -167.7259  479.3355 -111.2844
 -117.2655  653.3987  -60.1270
  -26.7261  548.4455 -173.8983
 -286.8300  620.0707   30.0335
 -229.7588  638.8891 -143.9820
  -10.8150  413.7736 -103.2542
 -172.4015  677.8108 -129.1385
 -223.9813  591.4111  -81.3650
    1.1876  543.5735   60.1254
  -82.1876  396.1872 -117.2988
   28.7229  497.5165  -60.9439
  -42.2521  353.8548 -133.7894
   26.3116  567.2647 -169.5264
 -231.2983  667.1110   -4.8513
  -44.4667  709.3555 -136.3538
 -260.1908  620.2188 -190.5586
  -40.0860  430.7100 -170.2386
   23.9952  388.8187  -45.0411
  -88.2873  453.3525   37.1807
 -191.4998  524.4675 -186.9182
    6.8614  317.4160 -141.0670
  -59.4628  508.5613  -42.5182
  -68.0855  331.9138 -195.4935
  -26.5997  565.9010  -36.3014
  -68.3507  361.4483  -81.0317
 -248.6098  644.4200 -193.3264
  -52.6996  286.5614 -142.1149
  -70.4873  595.1517 -191.3588
  -17.8938  427.6127 -195.3287
  -19.2286  395.2240    1.4313
  -85.1043  515.7927 -183.6331
  -30.9822  667.8761 -180.2157
 -203.2545  480.8261 -131.6975
   25.4878  350.1181 -116.2190
   25.2313  623.2927 -100.3179
 -170.6082  543.9625  -27.8004
  -31.9557  360.2832   10.6860
   78.9828  383.2892 -150.5509
 -185.7796  659.3482 -102.1474
  -62.4526  451.3775   -8.3828
   66.8564  355.3892 -170.9127
 -205.1998  562.5834  -47.4867
    4.2843  646.1314 -185.9185
 -203.8522  310.6773 -159.4883
   75.4430  419.1419 -188.3798
  -93.5191  396.9874   11.0913
  -49.1053  304.9234 -185.5598
  -33.8358  487.6410 -170.8739
   69.3673  507.5950    5.9431
  -29.3500  228.0074 -166.0433
 -100.9178  574.7218 -121.5663
 -225.8837  589.6208 -150.6313
   17.0012  481.7718  106.3516
 -241.2680  521.1079 -107.0624
   14.0857  302.8148   17.7342
  -12.9468  414.7309 -142.5796
  -27.3039  491.0771  111.6246
   33.5624  424.7442 -125.4677
 -178.4413  596.3136  -77.1097
  -51.7484  527.2657  -84.7946
 -137.5592  646.0562 -137.5484
   -6.4473  539.6900 -118.6969
  -40.5852  269.7200 -148.9685
 -209.2186  576.5988   22.7300
  -52.6731  600.7551 -160.6176
  -38.0552  543.2921 -147.7343
 -102.7433  257.5202 -180.6377
 -122.6427  490.9658   75.4482
  -68.4464  280.6116 -129.5060
 -195.2743  536.9212 -172.4543
 -129.0446  413.4148   13.5850
 -242.1415  558.4535 -164.2370
  -99.7238  287.9045 -221.3669
 -119.8092  347.2460  -21.3748
  -86.9285  406.7225 -198.3758
 -131.9058  492.6111   78.1524
  -82.2804  361.2382 -186.8692
 -106.2979  578.8273  -29.3405
  -71.2539  452.6072 -114.8975
 -104.4260  270.8747   18.3950
  -72.6403  603.7971 -188.2656
 -141.6423  448.5997 -168.0719
 -176.9369  583.2742 -222.9225
  -84.0329  312.8732 -225.1578
 -305.1777  527.8280 -182.0233
  -74.1862  575.3794  -25.4531
  -92.0390  537.6901 -216.5912
 -149.5076  371.5805 -175.5984
 -112.6099  559.9519   10.0444
 -154.3161  260.0433 -164.5525
 -151.8655  564.2316 -180.9139
 -101.8510  474.4826  128.3283
 -110.2622  329.0225 -200.0643
 -228.8838  530.5093 -173.8360
 -116.1781  199.1156 -167.8332
 -234.4003  504.9669  -47.2596
  -92.0178  469.0571 -232.4255
 -334.5769  424.6248 -176.4604
 -136.9763  328.8892   32.0812
 -315.6983  526.9732 -163.6562
  -84.2023  520.0261 -189.1635
 -135.3423  465.6665  -72.7432
 -117.1919  500.8966  123.7076
 -251.4959  453.9926 -146.0129
 -110.6565  474.9717    3.4983
 -429.8235  442.3056 -135.4006
 -282.1377  468.7283 -187.8957
 -218.8253  411.7983   50.1387
 -157.8701  427.2252 -186.7238
 -154.0506  211.0719 -186.9282
 -146.2134  183.7222 -120.3667
  -90.2717  406.7967   -6.0363
 -216.4488  192.3777 -182.5234
  -77.2632  427.0004  -15.0020
 -203.2926  374.4411 -190.4795
  -90.5464  412.0782 -134.4859
 -312.1458  367.2033 -160.2977
  -61.0398  391.9080   73.6003
  -83.6182  172.0474 -132.7714
 -137.8153  364.4758 -129.6569
 -337.1984  412.6477  -79.9004
  -90.2818  402.6159   97.4677
 -355.3918  351.1313 -134.0234
 -119.0642  382.4880   36.0051
 -107.4771  252.1273 -119.4792
  -58.1832  394.7964 -111.8094
 -101.6548  342.1446   74.8181
  -66.9894  396.8216 -117.3557
  -62.3283  354.9876  -69.3077
 -169.3454  351.8228 -105.1775
  -61.3612  331.5630 -121.2796
 -101.3781  341.3972  128.1628
 -217.4686  323.2116 -131.2406
  -68.7859  375.6854  -98.3673
 -124.5065  237.1170 -111.5677
  -97.1843  344.6544  -65.6173
 -347.6579  316.4359  -83.9615
  -84.2010  190.0020  -45.6946
  -58.0521   76.6509  -40.9026
 -275.7943  273.1401  -83.9080
  -48.5443  204.4113 -101.1683
 -360.0618  283.6591  -44.0545
  -16.4165  279.4864  -31.4511
 -256.5072  326.5022  -69.3531
  -40.0083  190.5130  -16.7643
 -287.8724  297.7886  -33.0433
 -142.2492  352.3673   11.4770
 -349.0100  304.9568  -18.6360
 -108.0272  362.1744   30.9054
 -172.5630  342.0285  175.5913
  -28.6090  340.8988  -19.1787
 -274.3203  352.1922  -15.9539
  -20.1878  379.4780  183.5118
  -18.2567  435.0229  -11.6554
 -282.9581  394.2486  109.7607
  -41.2529  446.3428   -5.0062
  -44.9987  418.6924   36.6913
 -152.6150  465.2639  -12.9954
  -72.8004  451.8730  195.7956
 -243.8921  403.6786  -32.3866
 -110.5108  416.8865  138.0776
  -59.5659  217.2951  -47.2107
 -284.2304  441.1184  -22.3071
  -58.2597  417.4693  -59.1020
  -67.4886  463.1559  127.9681
  -80.1982  455.0979  -64.9287
  -59.3215  490.4201   68.2086
 -288.1939  453.6717  -29.8526
    6.8132  486.0294    2.3560
   -3.5888  249.4176  -15.1571
 -305.0026  460.4070  -42.1777
   -3.1475  468.2677   20.3658
  -59.0088  452.2133 -102.1142
 -169.5349  395.1550  -59.6091
 -135.5686  440.5989   17.9027
  -61.0625  385.7744 -117.8987
 -113.5803  300.9530 -132.1570
  -64.7814  440.6244  -76.6263
  -95.3927  308.2221  -13.7038
  -63.3668  409.6563 -130.0981
 -215.5017  417.3287  -77.1157
 -114.1386  243.2036 -102.8347
 -108.8118  480.3635 -108.7243
 -135.4904  286.7061 -101.8957
 -144.9655  468.3902  -44.3898
  -88.4784  453.8514  177.8649
 -324.7116  459.7676 -110.5676
 -119.8078  345.9184   27.0831
 -157.0216  464.8573 -111.1691
 -350.8993  474.1527 -112.7792
 -184.2453  419.0076   62.7735
 -205.8679  407.0723 -122.3940
  -90.6647  459.6206  138.7115
  -23.6380  412.7383  -72.2775
  -62.1043  246.2570 -121.2368
  -14.5372  445.1365 -108.0994
 -177.7349  391.3038  -53.2748
 -102.8683  435.3544  -39.9257
 -279.6333  386.4383  -72.2767
   -3.1296  440.2383  186.1764
   48.6461  444.7825  -49.2668
 -177.8084  419.1679  226.9579
  -56.8896  363.6368  -14.4869
  -57.8979  374.0272   66.3482
   30.5815  163.3435  -14.0601
  -64.5744  358.0761  156.9866
  -58.9185   94.8996  -30.3369
 -140.6555  181.7461  -44.9788
 -169.4187  366.3644    2.8679
  -85.3573  324.9854  -37.6299
 -234.0890  345.3647   10.6444
   46.9986  348.5036  -32.4090
 -180.0577  303.8361  -34.8086
 -327.4145  305.9618   22.2691
   64.6403  362.4201  -22.3362
 -254.7870  307.7180   -8.1903
   41.8289  357.3870   57.6987
 -144.5197  352.4041   -8.8171
 -253.2686  336.3090  -24.2759
 -169.8613  284.0583   19.3556
  -51.1761  316.4428  -19.5583
  -89.8747  289.3379   35.6382
   66.7583  281.4356    8.1935
 -124.6848  318.1983   54.5284
   47.8553  267.5769   42.2824
  -92.2943  292.8645   85.0258
   61.2008  285.5561   98.5105
 -217.1974  241.3814   48.1127
  112.6623  263.1218   36.3876
 -133.7963  208.4130   71.4907
 -185.3601  227.0488   23.1835
 -131.2390  284.5464   45.2209
   92.8190  268.7780    9.5950
   14.6592  157.8874   63.6118
 -239.2527  279.3356   30.1960
  -62.0037  222.1223   36.2706
  104.5763  207.4178   90.0863
  161.0739  255.3951   94.1318
  -32.8138  215.9806   48.9031
 -196.1456  250.6352   67.0712
  143.3154  215.2690  117.0094
 -243.3660  272.3183   70.6924
  167.6531  282.0028   56.8672
   34.3197  276.4450  119.3432
 -270.1308  224.6964  110.0448
   33.6526  168.6842   76.1937
  -82.3693  257.7435  119.5464
  129.8322  221.6379   85.6531
  211.9627  255.6564  134.9120
 -181.3537  262.3926  109.7780
  -68.8309  239.5886  109.8055
   91.3580  187.0194  162.0902
 -202.4740  213.6596  177.6044
   15.1673  190.2578  134.4221
 -119.8254  239.2015  147.6924
  -52.6271  208.2816  108.7608
  104.8102  265.1271  119.9848
  -50.6796  246.2642   83.1272
  116.4070  302.2736  121.0405
   -1.7627  266.8704   98.3058
   12.9589  300.1458  152.1834
 -154.9069  299.2668  129.8397
  -58.5601  252.6765  124.0776
 -238.4564  247.2991  162.8257
    2.6455  304.5794  141.2603
 -147.9176  249.0335  147.7635
   74.7800  304.4736  191.3163
  -66.2703  275.7574  148.0939
   52.1713  307.9714  152.2263
 -123.0178  279.0572   97.9424
  111.4612  299.7065  113.0573
 -212.7984  289.2942   68.1023
   83.5720  235.4030   85.7354
 -252.4430  286.3329   52.6698
  -91.3500  262.0214   98.2690
   -4.6106  318.3755  117.4659
  138.6439  316.5143   77.8648
 -139.1858  271.6621  112.2640
   73.4949  307.1623   79.4240
 -102.0889  277.9231  104.3427
    8.3265  275.7135   71.6379
   62.1427  322.5318  112.6985
  -40.3585  267.8714   67.2616
   -3.5810  323.1225  113.2342
   98.7687  283.9495   58.9539
 -142.9648  314.3237   42.4290
  111.0258  266.0787   86.2897
  -10.2240  320.4093   29.7007
 -205.1032  297.3806   61.8345
   13.1852  339.8609    9.5033
  -77.0221  283.1172   28.1757
   94.3510  321.5929  -10.6043
 -129.1832  329.1457   27.7260
  112.8962  265.6923   45.1750
 -269.5110  315.3951   -0.6627
   80.8724  326.5477   54.4728
 -279.1817  273.7159    0.0959
   15.9471  194.0262   40.6247
   13.4283  344.6321   41.7365
   59.4194  291.1503   -4.3970
  -93.4350  343.9593   41.1628
   -5.6948  294.7867  114.3220
  123.9919  282.1666   15.3328
  -32.8642  330.3153  123.0751
 -103.9717  304.2709   21.2913
  134.9944  350.5856   48.0746
  -32.9675  318.6947    5.9065
  -65.3097  370.9241   58.4037
   86.3033  327.7357   68.8469
  -23.9715  235.0022   51.8252
  211.5192  341.6855   -1.6695
 -229.7305  323.9606   21.7822
  -11.1359  362.4898   43.2660
 -225.0144  320.4961   99.4766
  -22.5430  340.9275  125.5251
  147.0244  300.4175   74.6490
 -181.0797  280.3436   65.4039
 -255.1908  310.3242  101.7527
 -166.6127  321.2419   45.8334
  -42.0772  265.4735   93.8489
 -269.8891  284.5666   49.8651
 -178.4014  338.6692   24.9621
  103.0365  312.2700   64.9560
 -173.5321  261.0149   81.2700
  -38.0422  237.3469   27.5505
  190.9130  283.2559   35.1043
  -45.5223  239.1388  -16.6579
 -214.7881  280.0535   26.2141
    3.5015  280.9495  -13.3465
  186.4104  229.8892  -32.7410
   15.9642  285.4573  137.1621
 -205.7495  253.6626    1.7911
   22.6962  297.6798    4.9916
  126.7198  254.8593   48.9647
 -121.3420  297.4396   13.8339
 -244.2043  253.9711   45.6602
  110.8387  271.1812    1.8975
  -78.6097  217.4234   -9.1493
   70.4338  201.0843   28.3336
  -96.1352  231.1780    6.6387
  151.1628  186.4951   12.1919
  -14.1786  217.3633   72.7965
 -234.0060  187.2657   18.5497
  -18.6069  240.2460   49.0915
   91.5065  193.5754   -2.3202
 -135.6531  187.8712   23.3159
  120.9650  228.5460  -29.1594
  -67.4269  187.2668   -9.8155
   36.8517  222.4338  -51.7805
  -42.1350  164.9355  -33.6977
  146.6631  215.3608  -88.9055
 -200.0491  165.0388  -40.5273
  104.4974  218.0511  -60.5007
   23.7580  182.8173 -108.4768
 -251.1017  188.6666 -124.2020
  193.9960  245.6057  -94.7574
 -119.2725  210.7277 -150.3769
  172.3189  257.3279 -128.8299
 -150.6276  227.9395 -166.1633
  -14.4396  259.3019 -119.3936
  120.0124  212.2014 -170.1165
 -183.3106  249.7953 -106.7634
    3.4943  220.6420 -194.3116
  114.3560  264.9840  -39.7429
 -162.0943  212.1110 -131.8637
 -273.3465  260.8207 -168.9278
  -96.2720  243.0068 -189.3298
  -36.3521  187.8996   18.9527
    0.5216  214.4398 -185.6645
  -90.0640   43.8774 -158.9583
 -108.9634  199.2973 -199.1978
   89.7615  155.3661 -179.6236
  -56.2570  196.8211 -229.2482
  183.1914  143.8658  -66.3552
 -193.6697  187.8094 -190.3390
  123.6087  167.7166 -217.1840
  -46.0797  200.9417  -45.0586
   78.4882  163.1290 -132.6651
  -72.9508  216.7630 -194.4957
  159.5026  212.9752 -156.3426
 -190.8760  165.4544 -136.7241
  140.7609  188.4925 -182.0502
   32.2861  189.7168 -185.7165
 -131.4254  166.0618 -136.5891
   37.4804  116.0525  -56.8522
   17.9505  151.9636 -144.4818
  -12.6450   94.7403   44.4687
  124.9367  120.3937   26.0628
 -155.3413   72.4497 -141.3478
  131.5471   58.8511  -88.3808
 -145.2344  110.1646 -142.1268
   56.3378   93.2200 -101.2939
  -87.4084   93.3248 -135.3967
   -0.2827  142.9169   39.0090
  133.0165  101.8378 -114.7586
  -74.5031  105.5652  -63.3994
  142.3828  157.5267  -39.2239
 -152.2464  100.0669  -66.5883
  -54.9642  116.8903 -122.8674
  -77.1447   78.1379   80.4100
 -209.6760   97.0414  -99.5066
   -6.8797   58.2567 -149.4350
 -216.4502  107.8975 -125.8058
   28.3264   84.9411 -128.5378
 -108.1265  139.7060 -181.4743
  185.7489  106.7878  -83.6518
   -0.4551  135.0862 -180.0981
 -211.8979  103.3190 -130.2277
   20.2579  133.2146  -22.9198
   95.3600   80.3913 -166.7437
   26.7484   65.6971 -164.8309
 -147.5915  116.2276 -110.7105
   96.5664   80.3848  -12.2463
  -57.4599  132.2147  -85.2248
  107.7816  108.9816 -130.0332
  -97.7076  151.3718  -94.1179
    0.1587  147.7061 -138.2061
 -123.7534   90.7319  -81.2134
   33.4669   98.4535  -49.7880
  -92.2635   54.5178 -184.8317
   75.0790   64.7204  -46.9128
 -157.2033   26.6010 -158.7682
  -32.5124   65.8351 -120.6164
 -105.1817   15.9969 -136.7429
  126.5987   24.2825  -87.0626
 -181.2897   80.2801 -112.8647
  143.1807   68.7676 -167.6537
 -109.2924  123.1726 -177.4850
   33.5845  128.7565 -131.5358
   59.0604   73.9514 -173.4749
 -163.4888  103.3818 -117.4353
    9.1953   77.1177 -158.5062
  148.7645  128.4055 -161.4358
  -64.8344   76.2862 -111.6333
  107.1525  128.2675  -89.6092
 -116.5200   77.3522 -137.3528
  104.8302   95.5999 -162.9691
  -63.9708  150.7727 -141.6221
   21.6422  112.1271  -64.2358
  124.4030  154.4125 -169.4150
 -129.0576  120.0624 -221.8795
   30.7310  149.5748  -21.0901
   36.9065  107.8643 -252.2132
 -166.6409  148.7487 -238.5315
  -61.4815  145.6134 -146.2049
   49.6342   98.7183 -265.7937
  -32.0862  132.0047  -76.2998
   93.7246  111.8742 -216.0020
  -86.1130  147.8066   -2.3309
  -71.3631  105.0698 -152.5298
  108.6271  133.7126 -124.5678
 -111.9473  127.1125 -170.3578
  -34.3938   71.2117   56.1180
  -13.5698  127.4161 -168.8288
  104.5008   92.3532   -5.9204
 -102.5297  149.4034 -169.6017
  112.8988  132.5661  -60.8883
  -38.2860  180.4360 -110.5780
  104.7731  173.8042  -84.8680
  634.4556  117.0876  319.2264
 -144.1101  -33.5449 -185.0211
  329.5925   74.9120 -206.5183
  194.1657  128.8095  -14.7962
   32.1549  115.2487 -173.0278
  109.6333  163.3006   49.5309
  112.9906  146.9844  -74.0231
  928.6384 -923.8868  890.6009
  980.6537 -939.4238  867.3054
  -70.7662  129.0259 -184.3800
   62.4851   99.1772 -106.0068
  219.2354  119.5790  -43.3374
  -12.6893  169.6683  -13.6719
  110.9843  151.9052 -157.5381
   33.5445  183.3910  -51.8279
  111.8736  129.6764 -199.0101
   18.2306  179.7586  -56.4178
 -122.0941  155.1364 -228.5520
  -70.1464  209.0755 -211.0462
  130.3580  222.4695  -69.0345
 -112.5839  183.4332 -216.3304
  229.4841  213.8427   73.2993
  -70.5696  215.7608 -187.2936
    7.6609  192.9055  -73.0648
  131.6946  142.1654  -43.2028
  -80.3361  134.1054 -283.1193
  -58.5303  184.7582  -18.4582
  120.2437  135.0621 -146.7749
  -94.5107  162.6680 -275.5095
   51.4616  136.5976 -232.4225
   51.2648  175.5382  -79.7487
   25.4760  125.7868 -160.5312
  -52.7259  145.2128 -292.1054
  -74.3322  116.9226 -106.2596
  -74.0673  146.2617 -280.3786
  -20.0584  110.1646 -301.4621
   85.6469  150.3473   -0.7797
   -8.4626  104.6619 -268.4428
   26.1689   99.3176  -36.8899
  163.9290  137.6533 -116.4692
  -44.9773   85.0535 -206.5185
  -21.0576  130.2144 -254.1754
  -72.5698  122.5261 -128.4501
  116.9534  142.5853 -225.9539
  167.4140  199.9887  -51.3476
  -22.0170  146.3211 -201.4993
   31.2615  149.8599  -13.2736
   22.3318  162.0150 -262.0562
   15.3964  215.2919 -229.4966
  166.9583  185.1012 -234.0164
  224.7856  241.6442  -35.2695
   65.9121  239.2125 -201.3424
  104.1191  192.3200    8.9821
   62.5998  223.9581 -110.8957
   96.2537  226.8196 -252.6848
   68.0899  177.1469  -28.3435
  138.1846  213.1251 -292.7819
   82.0235  220.2791  -28.7361
   61.5146  172.0621 -272.2157
   18.0078  201.4280  -74.9464
   27.1955  144.8803 -245.8906
  214.0937  171.0852 -115.7228
   51.7568  221.0600 -354.8824
  100.1647  238.3292 -140.7799
   42.7534  201.7057 -235.5096
   82.6852  225.0326  -54.2430
   38.5473  228.9652 -303.7146
  150.8040  187.0397 -200.6668
   79.9910  243.8544  -70.5763
   36.2406  231.0000 -327.4618
   67.9617  277.5550 -170.3100
   72.2284  244.1349   -7.5494
   17.0442  278.9482 -294.0546
   69.3655  256.6685 -150.6163
  198.9951  310.4373   23.9739
   83.2208  308.5770 -235.2252
   57.0353  264.7420 -272.1761
   79.6578  315.9558  -27.9533
  283.1069  268.2698 -191.9873
  140.1009  321.0234 -383.9577
  262.9989  256.2404  137.5342
  142.5248  281.3865 -115.2069
   84.9418  282.8748 -364.1963
   78.3413  330.1022   11.7112
  243.5112  341.8125 -342.9990
  130.6844  283.2024 -253.2821
   75.8956  293.4060 -348.6585
  215.4804  349.6881 -130.0513
   76.2751  370.4751   99.8052
  269.1341  317.9497 -124.6556
   56.9185  319.6948 -309.6388
  274.7187  362.1813  -71.7702
  104.7243  315.9079 -196.9621
   38.0801  362.4932   58.8716
   92.6414  310.0007 -119.6360
   93.1895  346.3283 -231.7649
  135.9221  170.6363 -173.3405
   62.7899  342.3763 -139.9407
  213.7450  393.3884   57.9998
   28.1282  410.2133 -289.9751
   71.7667  375.8298 -125.8311
   35.1367  395.8660  -30.0647
   77.1517  361.0851   94.8322
   90.0687  368.6464 -237.6360
   69.1704  425.1676   23.1878
   12.8701  370.5974 -191.5890
  256.5384  374.7152  -86.2377
   64.2332  344.9134 -307.3396
   97.5896  362.1950  -50.1524
   21.2613  324.9430 -164.5830
  165.3926  361.5747  -50.5418
   29.1572  328.2229 -313.5758
  178.8734  364.2856  -41.8987
   50.9702  309.7151 -252.9534
  137.8276  342.3589   -0.2714
   57.7618  335.2758 -239.4980
  184.3581  280.3759  -70.3774
   29.9162  335.3908 -147.0301
   84.0062  306.1267 -311.2983
   40.7877  320.3882   39.8697
   32.8966  364.3129 -314.6046
   68.2408  360.4909   40.1008
   85.0890  338.1772 -184.5996
   62.8028  236.9139 -106.1976
   71.1843  335.9214  -68.7666
   35.8075  327.0808 -198.7209
   51.5926  371.3895 -264.2344
    9.3363  314.1912  -67.1340
  287.8633  303.4141 -204.6512
   -8.3161  357.4619   -4.8158
   46.0243  281.3286 -283.2365
  189.4527  313.6523  -91.2669
   88.0329  333.5684 -267.0044
  120.7790  377.2667  -55.0543
  -59.4358  402.1693 -208.6714
  -73.1253  376.4962  -56.7915
   47.6599  405.5329   24.0553
  -31.7066  351.0443 -282.9686
  -81.9750  283.1101 -126.7029
   71.2554  316.7451   66.2453
  -72.4154  332.9967 -210.3946
  174.1974  286.6200  -91.0190
   -3.5712  291.7544  -17.7904
  163.1848  343.5602 -343.8604
  -35.2507  355.2218 -293.6100
  -56.2702  299.8362 -183.2025
  -20.5257  300.7411 -330.3237
  199.8787  355.3031  -93.7533
  -52.4178  317.2944 -143.9647
   61.9047  323.5022 -349.9339
  -11.6769  369.7829  -19.4544
   16.1232  315.2384 -220.9612
   46.2684  296.6513  -44.2418
   30.0051  325.6411 -270.8681
  122.0718  278.3912  -26.7896
   -7.4787  314.3916 -254.5227
   86.1306  258.3852  -98.5175
  203.1824  249.1334 -221.4765
   30.1011  283.2711 -144.6550
  125.0206  245.3844  -53.2623
  114.3283  236.4561 -302.6421
  -26.8753  253.0821 -209.7848
  -24.7913  303.5080  -98.5130
  -15.5349  255.8213 -272.7322
   93.7900  261.1091 -213.7395
  174.4728  312.3617   16.5017
   10.8453  279.6701 -343.2732
   39.3976  334.5172 -258.0982
   81.1430  300.7412  -83.8766
   27.0210  298.1529 -273.4540
   74.4732  341.4160   33.6323
  159.0846  311.9722 -166.2942
   66.4508  331.2023 -214.3281
  109.5780  387.4394 -291.0450
  105.7185  341.3128  -60.7702
   54.2894  334.4407 -310.1372
   75.5943  381.9042  -23.3923
   46.7574  397.0102 -254.3042
  227.6659  238.5653  -89.4115
   57.7750  273.6070 -175.0114
  109.2717  430.7356 -209.5786
   56.1634  325.5439   69.8931
   86.2413  388.2632 -120.2368
   60.3301  413.4614 -332.9584
  101.4962  383.8330  -18.4970
   47.5374  376.0451 -180.1316
   61.2096  261.3247   74.9999
    6.6253  386.4439 -353.8563
   18.1935  439.1445 -195.8125
   68.8196  392.8570   13.9028
  -44.8616  447.6400 -244.9193
  -26.6219  427.9450 -363.6809
   64.0437  467.1333   28.9352
  -13.1745  453.8923 -402.1686
   89.4795  362.0405  -96.6388
  -38.6655  428.0131 -136.2240
  133.5181  258.3117   15.2867
  -12.1520  495.1223 -239.8482
  146.9977  455.4712 -108.5981
   64.9233  332.2907 -133.4906
   -3.8651  397.0932  -65.5867
  154.7219  466.7498  -30.2267
   86.0666  251.0102  -53.6439
   14.7353  559.1543 -220.4159
  138.1877  366.6099   95.0027
   85.0929  563.1247 -375.8904
   75.3171  358.3457 -112.1042
   21.7933  609.1804 -195.8659
   75.0511  584.6547 -383.1210
   47.1575  570.6334 -212.4575
  102.0436  568.2991 -185.9662
   57.4462  394.7314 -276.7354
  105.7575  365.0112  -43.4887
   86.9890  493.8178 -267.1549
  264.7532  304.2562  -82.7437
   83.2213  395.1688 -254.9743
  111.4811  539.3568   28.6336
   65.3144  578.4689 -120.2844
   64.5948  343.3745 -187.9012
  115.4290  556.1963 -320.1571
   62.5344  355.6788  -35.9923
  107.2962  544.9803 -283.1813
   75.0369  492.8592   25.6758
   66.9901  550.4439 -317.8868
  121.9105  449.3310 -108.6981
   84.2723  354.6373   34.6407
   95.3352  354.4456 -305.2790
  147.4453  551.4420 -116.9327
  106.3100  362.7918 -138.0809
  153.8048  557.2898  -19.1464
  100.8862  323.3527 -240.6776
   90.8529  575.0309 -175.0204
  104.5789  323.8564 -103.3646
  156.7772  389.1109   -2.8675
  169.4085  521.0868 -332.0541
  136.4232  449.5707   38.6250
  186.2325  564.3578 -181.5327
  157.9530  487.4637 -247.3955
  226.2394  292.4399 -167.4473
  200.4197  561.3739 -116.4910
  226.8473  405.3468 -295.6796
  138.9523  559.6300 -149.7940
  149.8178  252.6616 -127.3961
  117.3080  624.9625  -19.1516
  163.2910  546.6764 -395.6606
  174.7778  388.9013  -89.3426
  164.0422  605.8610 -340.8596
  119.4105  663.9170  -61.2850
  155.7616  364.1352   16.9976
  113.8919  467.1169 -332.8866
  162.0087  452.0782  -32.4449
  107.3493  440.9984 -252.8059
   97.4503  512.6093  -82.1343
  151.6407  484.6349 -172.9317
  106.2796  312.3839 -230.1531
  123.8747  495.3340  -81.9109
  175.6335  370.4832 -196.2735
  259.6384  437.8040    6.5552
  172.0868  331.4025 -148.3938
  180.9064  594.7483 -223.2642
  222.5825  333.0826 -132.7880
  206.8204  536.1039 -415.3609
  283.9972  316.3586  -26.4200
  170.7500  278.1279 -313.1574
  135.9721  556.5869 -212.4121
  185.8525  391.6886 -194.0575
  201.2438  620.7367 -299.9503
  194.9007  497.1587  -82.6084
  143.6339  397.3704 -258.5479
  192.7847  518.9291 -151.8021
  186.2353  388.0636  -82.7873
  233.2724  508.0556 -215.8934
  190.5206  410.7342  -66.9392
  205.5055  433.8761 -193.1538
  162.2034  483.2402  -58.3334
  210.0295  428.3455 -236.6894
  221.4901  580.1362 -155.2103
  175.1784  529.3042 -363.5891
  297.4729  345.6192 -185.6938
  174.6446  292.9807  -59.3175
  229.4675  569.1768 -162.6661
  205.3344  370.9970 -165.0884
  255.0872  559.1528 -163.2749
  213.2799  446.4982 -260.9475
  243.5305  389.5937  -18.7246
  237.1061  249.1871 -219.3971
  182.6471  550.2640 -352.4034
  178.3377  563.3801 -129.1189
  240.1185  244.8683 -107.7939
  169.8830  523.5123   48.2211
  203.7520  312.7600 -279.1724
  168.2937  541.0187 -412.3340
  207.3980  530.5850   50.0911
  166.3387  505.2991 -286.3629
  217.4736  653.0336 -162.3104
  242.2868  470.8665  -84.0045
  189.4125  253.3922 -220.1097
  195.9032  548.8288 -225.8386
  158.2992  384.2097  117.8933
  179.9241  430.6377 -265.1290
  133.7358  337.4097  -69.7667
  246.8055  574.0564  -13.6351
  200.2245  555.7291 -414.3196
  144.7142  707.1939 -292.3306
  162.5423  597.1775 -429.3366
  121.3912  626.4640  -56.7828
  171.2770  421.4892 -278.3397
  252.6374  417.0814 -177.6333
  199.1994  368.6523  -30.6697
  237.7732  401.2104 -290.3638
  152.4500  482.5276  -91.0122
  159.7993  383.2966 -266.1389
  203.9567  713.5714 -234.6682
  155.1733  610.6935 -397.9619
  164.0426  646.3842  -42.5173
  111.8652  485.8766 -470.1236
  116.5196  584.7817 -276.8707
  109.7289  369.0198 -370.3602
   54.8858  774.4615 -224.2732
   82.6220  622.9934 -386.1344
   64.4836  668.4420 -297.0176
   49.3971  390.7878 -321.6788
   -3.5347  502.4853 -117.3482
   48.7471  580.7985 -366.7916
    7.6240  654.3559 -135.8401
   61.0036  376.2958 -247.7943
  118.5324  428.6889  -43.6498
   23.8066  512.8371 -305.2436
  -16.4021  635.3412 -178.1887
   86.2763  453.2667 -314.7638
   25.1451  563.5214  -47.3058
   64.7928  491.0846 -226.7694
  135.3254  475.9934  -57.5041
   56.9216  368.9876 -132.3567
  171.4277  513.9773 -198.9258
   31.4942  449.8286  -52.3562
  141.3926  495.8411 -186.4712
   62.1480  407.2234 -228.9208
   69.6692  666.1274  -37.4000
  119.7014  551.9457 -286.0938
   75.5764  475.8110 -152.6623
  132.1716  610.3556 -281.5357
  121.9027  524.9016 -145.1123
  155.7906  381.3643 -102.9183
  126.5439  528.0336  -37.3512
  156.2076  274.9675 -128.9377
  132.9904  473.8821  -93.9167
  164.8077  380.3426 -157.2892
  127.2044  588.2380 -206.5008
  164.9449  449.9816  -94.8455
  178.4125  543.8250 -210.9282
  129.2412  396.2533  -61.2499
  111.1435  518.8902 -254.5617
  158.0107  557.5913 -116.0396
  103.9862  553.4877 -262.3076
  128.4954  451.1166  -86.4757
  134.7483  339.9937 -281.9006
   96.7126  624.1209  -50.3826
  109.5525  498.8451 -278.1689
   65.4350  495.1506  -30.5933
  187.2411  407.2495 -172.8890
   67.2583  490.7384 -134.7367
  118.3837  615.5793  -86.8301
   94.7460  401.9712 -241.0059
   42.9661  412.9974   41.2562
   50.1072  496.2740 -266.5773
    5.0542  522.4533  -99.5813
    7.6582  453.3986 -269.3908
   34.3919  448.7932    0.1412
   56.9255  527.6941 -266.9221
  112.0998  266.3857 -108.3302
  124.2295  456.2309 -196.1483
   71.1898  506.8117 -115.9094
  110.4586  372.8637   21.2524
  119.5468  612.3400 -228.0616
   70.8795  359.6161  -74.7815
   64.0141  568.5352 -266.4593
  178.2763  364.1440 -164.8090
   78.2264  346.7648  -59.7130
   79.1765  593.9615 -246.2319
  129.7294  549.9807 -218.1371
   73.4025  608.9575 -106.8028
   84.9759  387.4236  -99.2605
   54.2131  487.3054 -165.4835
   84.2764  338.8543 -213.8322
   50.7934  573.8334  -66.2490
  233.6257  148.2429 -152.2564
   41.2080  554.0850    3.4085
   85.0471  261.1976 -250.8894
   35.8467  669.0170 -203.8921
  163.1637  355.3921 -208.2061
  142.7922  468.2086  107.7852
   38.2027  445.2455 -237.7419
   90.5636  763.9701 -246.6337
   65.0032  666.6063   -4.8199
  123.6981  309.5895  102.7162
  197.3486  273.2968  -30.9055
   62.4417  702.7974 -229.2792
   13.1458  440.4279  164.7751
  -13.5127  510.6229 -230.3447
   42.4310  601.4766 -198.9639
   32.3847  362.3063  -66.0899
  197.2354  527.6046    5.1069
   19.6447  701.9218 -206.3157
   -5.1657  624.3128 -176.9145
   44.1027  351.6845 -234.2072
   16.4490  392.5836    7.3237
   65.4672  707.4479  -42.1192
   14.4026  581.9447 -216.3564
   47.6367  416.5149  -21.5576
  110.7688  446.3396 -148.0244
   41.1829  709.5987 -227.7251
   68.3123  520.1433 -173.2561
   20.3662  389.0784   29.5048
   67.3613  693.5383 -201.1058
   73.1868  325.4247  -76.7897
  202.2994  405.7085   -0.7624
   42.8179  631.6137 -177.0249
  150.0882  319.1904 -128.6312
  123.7871  486.4965   95.8138
  250.1090  431.2469 -150.9899
   65.3379  560.5945  -29.1403
  122.5368  722.3480  -67.6395
   92.0104  481.9308   67.3754
  135.4510  754.7865   63.7595
  112.7527  525.1964  -68.6727
   56.9988  312.3390   33.4316
   65.5442  542.7350  125.5592
   45.6456  506.7659  -46.1159
  -11.1865  794.0012  -34.4092
   -8.9715  676.0650 -119.7814
  119.8861  363.0352   46.5600
   52.8274  777.2424 -143.5250
   -2.5263  628.5551 -162.7939
   24.5296  723.5384 -107.7169
   66.8787  652.9931 -135.5000
   48.1922  472.7354  -89.9421
  101.6990  448.6576   29.9350
   86.4210  725.0346  -57.0630
  139.5248  804.8544 -138.7977
  126.7576  609.3840   22.0265
   74.9642  337.7187 -137.4445
  128.2424  345.8240  125.2452
   85.0173  498.6436 -134.9217
  129.2909  712.8541   -7.0832
  102.9734  331.0481 -142.9129
  149.0623  638.5229 -113.5108
   92.2351  531.2649 -144.3242
  140.8609  778.4982   -8.5362
  121.3828  545.8631 -132.1498
  177.3419  614.5211  130.2438
  154.9713  466.7077  133.1679
  347.7079  537.6603 -142.1682
  147.1756  589.0380 -104.8257
  170.8981  708.3484 -157.2060
  320.8047  627.0080 -158.6478
  171.8889  829.6631 -119.2298
  227.2012  420.0343  -18.8333
  292.2001  730.7336 -154.7988
  190.8170  595.0400   55.4285
  235.5963  352.0891 -169.6957
  196.3055  535.5147 -156.6231
  196.8499  520.0449   48.7065
  252.4713  362.1085 -154.5572
  258.9861  664.6665  -22.5076
  217.2468  616.0213  120.4312
  254.3522  512.4533 -150.3249
  182.9742  415.4331   74.8791
  231.6865  580.4052 -134.0543
  180.7727  269.3753   49.6932
  287.3571  719.3518 -117.5777
  151.3056  746.4837   19.4890
  188.0626  623.4481  129.5233
  139.6833  491.6498 -123.1363
  191.8077  354.8011 -130.1293
  210.0937  635.7796  -93.4183
  204.2615  397.0302  -14.0599
  165.5428  516.7104 -148.2325
  335.5528  616.4550 -100.9173
  151.3700  401.4567   51.0289
  254.1428  314.5876 -150.6453
  168.3130  420.4402   83.3396
  134.9551  641.1141 -176.6377
  368.0897  426.4204  -53.0064
  127.8995  416.5418 -169.8945
  146.7209  428.6414  179.4450
  201.1230  413.3130 -136.3889
  170.0659  365.4417   32.5160
  199.9134  539.3822  113.3055
  294.8321  325.7014 -158.8716
  194.4617  334.3653  113.7602
  361.8826  564.8390 -155.2526
  164.0792  437.9090 -157.6610
  190.9126  699.3860   46.8603
  292.4447  240.4446 -159.5797
  136.7308  831.0946  125.7636
  173.2734  540.5075 -195.2114
  208.7297  723.1008 -156.9831
  140.0685  773.7318 -145.8715
  416.4244  659.2292 -197.9894
  199.6729  697.7713   -0.1179
  149.0398  465.3082  150.5869
  232.1979  530.3236 -172.8687
  122.0137  302.8313 -159.2472
  172.3075  472.6623  148.3131
  114.7856  744.3586 -176.1416
  363.2948  302.9344 -215.9886
  123.4160  482.3723  181.2461
  206.8262  422.6637 -186.7281
  290.9009  240.4460   -2.6016
  133.9289  542.1799   67.6215
  107.6404  728.2288   51.9685
  199.5206  348.8934  -57.5239
   90.3220  407.5976   96.2599
  126.2888  255.2388 -177.4704
   79.3503  471.9322 -126.1921
   88.9630  703.3892    2.4255
  145.6119  411.8108 -161.3333
  122.4719  670.3800  -41.4341
  171.7367  239.3591  -50.1322
  114.3558  700.2474 -150.2510
  144.9414  255.9264 -190.6813
   87.6026  609.2865 -183.0587
   84.7576  433.1935  -28.3515
  102.5985  740.5884 -138.1549
  293.5195  618.3804 -191.3640
  114.0693  659.8688 -196.5499
  112.2141  732.7346  -50.9424
  156.8231  310.8391  -67.0378
  246.5716  715.4466   58.3801
  235.3615  505.6571 -133.4386
  127.6254  385.3072  128.2014
  108.7568  807.8968  -10.9025
  166.2048  558.7405 -120.1720
  191.4529  806.4179 -173.6267
  181.0900  807.1796  -35.1913
  243.6847  457.9009   26.5048
  322.6493  511.8974 -151.5385
   87.7714  484.0009  173.9946
  276.2341  496.2997   73.6197
   69.3308  633.4184 -175.8456
   84.9674  328.4950 -134.7045
   27.8533  775.6034  -40.7659
   44.0280  375.9992   21.3369
   -7.7975  497.9577 -198.1184
  133.3182  612.1244 -148.9685
   27.7827  608.0314   77.3530
   69.3708  696.4209 -151.5072
   41.1136  512.9724 -206.0384
  281.1357  731.2698 -153.7748
   48.3048  751.8702 -179.0829
   97.0634  816.1528 -176.5926
  199.3919  511.5575 -145.0978
   81.2650  834.4348   39.0742
   28.8361  660.4052 -162.2471
   59.4710  541.2330   12.3735
   28.2847  768.3488 -153.0325
   81.0367  685.3999  -68.4313
   55.9589  419.0073   30.0988
   31.4514  570.4036 -169.3177
   76.7365  813.8444 -117.3836
   66.1105  699.6718   14.1679
   13.1375  754.4747 -159.4652
  129.9176  430.6236 -148.0923
  -34.9877  537.4681   41.8433
  -19.0005  430.6030 -226.6871
  -56.2454  616.4976 -221.0314
  -57.4098  767.9308  -57.5700
   -8.7221  496.8481 -206.7860
  -41.6532  764.1037   21.8903
   14.9173  378.0680  -94.6616
  -35.8429  436.4718 -185.1040
  -48.6087  634.2384 -232.6977
   -8.7793  465.7706 -243.3568
  -50.5355  778.4978 -206.2976
   -1.4482  382.7540 -254.5137
  -35.2782  600.1402   61.0842
    4.5714  649.0208 -189.2281
   14.4305  439.5403   87.2208
   35.7258  510.5719 -251.1066
   36.8555  682.9004 -256.4741
   -8.7973  386.7019  -64.6259
   26.8678  682.9555 -223.5432
   42.9585  355.7860 -182.9337
   26.6479  810.0470 -201.2682
  -21.6953  485.8958   -1.9444
   31.9826  610.5111 -156.9795
   41.9402  264.8162 -206.0977
    6.7483  464.4894  137.5802
   58.2632  724.9757 -148.5784
   18.7053  559.7225 -184.7029
   70.5583  371.4213   19.3816
   19.0862  782.2635  -31.8798
    3.4497  564.6047 -155.3739
   57.5074  740.5031 -121.5331
   19.7731  495.4465 -121.5100
  145.7816  305.1738 -176.5177
  122.8200  437.0252  102.0880
   62.6033  584.2067 -113.9032
   86.6073  327.5172 -179.0788
   38.5192  611.7199  126.5755
   95.1408  417.5442   20.7145
  324.7145  438.5718 -136.7531
   61.1804  267.0866    3.2901
  201.7677  531.8192  -95.3480
   42.0929  237.0525 -159.4614
   79.3070  640.9404   96.8215
  235.2339  219.0804  -23.0106
   85.0357  394.2905  197.9165
  153.5696  769.1192  -31.9252
   74.4184  773.1898   47.0986
   20.2267  356.1227 -116.9171
   33.1228  664.3268   79.1948
   78.6925  675.1110  -24.3879
   55.0653  298.0388 -140.5633
    0.9473  454.6419  -14.2829
   40.4377  369.2526  102.6315
  -14.4103  584.0005 -105.5690
    1.3607  632.3892 -135.6864
   48.8967  397.6278 -133.6806
    9.5830  530.7647  107.5101
    0.9486  303.7055 -124.7687
   40.8374  484.4380  117.5895
   40.3481  556.8462 -117.6504
  -13.5196  731.9466   16.1821
   31.9395  621.5584  -17.1887
   16.0692  730.4620   -2.3114
   72.4286  457.0599   78.9657
  122.9914  302.7384  -36.5333
   98.1152  591.2075  193.0804
   48.7251  356.4870   81.5269
   25.3984  657.5770 -139.1334
   71.8597  681.2704   94.5919
  269.1223  352.1021  -71.9759
   99.0210  529.7556 -206.0313
   46.6247  702.1599 -194.3895
  383.2317  369.9842   48.5309
   36.6258  787.7788 -190.2547
  272.5738  556.7513  187.6678
   41.0335  413.6609 -200.3201
   89.4217  615.8589  123.8410
  101.5046  370.2822 -122.8098
   93.4078  493.2536   24.6024
   51.8308  762.4559 -224.6678
  107.4297  644.7394  -82.5456
  149.3619  327.1132 -122.0127
  223.3233  684.6167 -198.5753
  105.2190  594.0463 -289.4253
  266.7525  348.1364 -155.0257
  162.7791  623.9155 -165.0261
  113.6360  481.0130 -284.9245
  115.4414  695.0088 -221.8842
  166.4603  413.9001  -32.0370
  142.1973  694.6706 -184.5521
  141.9876  645.2333 -294.2250
  196.4168  299.2099 -229.9353
  250.0654  427.6134  -60.7382
  206.8482  470.4105 -297.1004
  210.2915  342.5869 -343.5468
  269.8091  360.9792   84.2380
  258.8566  380.5243 -353.6721
  281.1608  397.8037  -44.9970
  259.3827  265.2788 -295.8290
  296.6474  595.0647 -382.1145
  292.6183  659.3130 -153.7508
  249.9626  257.8502 -186.7630
  276.8713  346.2930  -50.3051
  221.1328  663.4239 -372.7877
  277.3346  454.6542   18.7703
  240.9051  451.8257 -297.7207
  293.4312  665.5538 -357.3093
  300.3159  453.2763    9.4162
  284.5753  503.9542 -326.6255
  245.9886  324.9041  -48.8653
  229.2239  828.8358  -63.7359
  433.7503  384.8220  126.8576
  264.8678  508.7148  164.8155
  212.0619  744.4318 -110.7864
  229.0472  576.8266 -140.0818
  198.8016  320.6827  -94.9081
  237.5000  660.1492  -19.3720
  289.2352  303.0390 -259.4469
  239.4042  484.4508  -57.9509
  189.3307  686.5924 -264.5355
  219.3064  669.2095   96.2152
  170.0218  776.0372 -275.2148
  224.5797  308.3166    7.6115
  204.4596  520.5732  160.9859
  248.3504  598.5837  149.4841
  201.3276  405.6540 -186.2544
  191.7062  511.5374   -5.9794
  225.6863  845.6189 -193.3994
  197.4781  431.0621  -66.4223
  289.9470  585.1516 -196.1028
  246.9415  804.0600  -70.0441
  264.6959  696.7024 -349.4663
  208.7106  712.7792 -129.5379
  228.5665  793.9598 -329.6147
  251.5537  684.5610  138.6210
  304.6851  736.5506 -241.8721
  319.4105  680.6943 -109.2742
  286.5409  413.0234 -127.4745
  318.2727  606.3917 -124.2328
  286.6411  477.6664   43.5120
  283.4769  441.4525 -228.7897
  338.2783  596.1517 -337.9356
  311.2941  455.0383  -55.7494
  355.1899  686.7852 -150.9243
  334.8615  441.6671 -346.9981
  278.9185  630.6328 -224.6866
  314.9237  530.7026  -88.8238
  273.9731  296.4589 -198.1416
  286.7962  809.3542 -211.5923
  333.8560  564.8590 -166.5607
  308.4997  419.1493    5.7103
  356.6019  669.3891 -319.1029
  382.4560  462.9748  -57.1200
  347.5650  379.4634 -253.9130
  388.8751  469.8715 -216.6832
  347.6504  482.8219  145.7340
  332.0047  590.3429  -26.8745
  371.9195  285.1663 -145.6592
  320.0525  465.5291  -48.4256
  356.9495  321.6569 -216.5383
  359.4433  415.1586  -35.4830
  304.4086  550.9773 -213.3605
  294.2935  566.5850  -10.3458
  329.0550  626.8967 -351.8067
  307.3697  389.9619  -96.6434
  339.3016  600.3691   44.7436
  306.0269  529.1517 -270.6044
  308.6506  490.3770  -36.2065
  352.4921  407.6078 -204.7334
  299.8410  654.8874 -240.6213
  307.4384  513.4214 -132.4931
  361.2390  706.9658 -167.5170
  312.6695  534.8734  -15.1749
  298.3640  547.2099 -332.1865
  345.6306  817.8996 -181.2005
  295.3658  610.0758 -316.3127
  453.4811  554.3037 -168.8814
  288.5160  319.6412 -171.9532
  276.6492  430.8449  -25.4213
  330.7788  613.3283 -173.6902
  273.6493  726.6542 -273.3437
  296.3311  427.3146   45.1833
  252.5428  370.0953  -82.1650
  260.2568  454.9306 -400.8312
  309.1996  399.1730  -25.8731
  261.6982  633.2419 -196.7962
  302.7975  464.8540 -321.0538
  308.1852  302.0484 -231.7303
  255.5758  404.7848    6.5098
  252.9452  261.1429 -235.7378
  295.7139  565.8381    3.1057
  297.9285  380.8301 -243.9246
  246.8002  391.8823  -22.4891
  303.4260  396.0238 -409.6322
  290.8661  384.1996 -287.2358
  335.2242  596.0593 -232.1544
  289.4875  598.6509  -42.4757
  272.6606  651.2469 -175.8217
  307.2456  509.0605 -387.6852
  266.1290  682.0314 -275.3087
  283.4337  525.5130 -203.3204
  227.0721  657.4386  -87.9004
  217.3890  321.7477 -147.1183
  271.0661  657.7404 -426.3528
  254.5672  803.4812 -222.9028
  280.2612  349.1848 -348.2279
  326.3092  470.7716  -79.5416
  278.8708  726.4729 -257.6141
  326.8716  604.5117 -342.0085
  335.1732  498.9891   11.6546
  328.2442  343.9100 -220.2777
  270.9081  724.9538 -356.6450
  305.9786  610.3327   12.2811
  282.2305  260.3222  -99.6287
  281.6316  470.6186   24.6566
  258.2953  386.7534 -188.7929
  235.0329  505.7483  137.4309
  220.5603  453.7875 -407.0026
  170.4461  492.0837  -85.1914
  172.2155  640.1889 -172.6456
  181.5270  534.8155 -319.6400
  231.5245  666.2455 -209.9302
  182.6191  608.9117  -95.7575
  230.0858  557.1684 -309.7315
  205.8856  686.2602 -163.1627
  257.8265  417.5733 -230.5560
  216.0139  510.9898  -21.4653
  215.6015  419.7439 -172.7781
  272.8556  530.2250  -22.5879
  287.6567  341.0619 -232.1619
  237.4383  682.2977 -171.5694
  245.6236  401.7115 -357.9641
  295.3323  552.9996  -72.4174
  307.7708  361.1580  -90.9356
  259.6131  484.1904 -124.9613
  307.7369  552.3792 -304.7952
  303.9474  413.0385 -100.0883
  283.6076  553.3320 -222.0666
  227.6749  470.2976  -28.3526
  228.5383  667.6425  -35.3646
  274.7114  358.7454 -158.6653
  223.7666  314.0350   50.2331
  278.1362  618.6416 -218.3127
  224.7157  529.1544 -247.1023
  237.1028  728.5585 -233.6170
  253.0644  561.2070 -387.3677
  300.7739  541.4620  -82.3147
  286.4675  418.6677 -275.4764
  329.2698  466.1067  -42.2881
  283.9728  572.1763 -269.7640
  328.8168  637.6705 -373.5240
  313.0384  438.0682 -369.3729
  358.8431  457.8041  -23.9371
  301.3808  601.3071 -218.0715
  322.9261  412.4738 -106.0972
  274.1515  688.5743 -296.9533
  320.2543  518.2382 -298.7165
  281.7187  676.8011  -77.1752
  325.8204  431.1396 -254.3280
  310.4705  567.2019 -106.1912
  315.7410  390.4415  -85.7183
  366.0840  604.7176 -205.8407
  381.6953  419.8338 -268.8435
  366.8038  467.6799   15.8401
  310.4715  419.7932 -165.7873
  324.1830  620.7298 -136.9478
  267.0285  280.3001   29.5549
  319.4856  639.4346 -273.3790
  290.5303  435.1655  106.1668
  345.5268  672.7773  -48.1376
  291.7008  465.3374 -223.0038
  271.5483  355.2143 -131.1556
  302.9121  739.6792 -164.2630
  267.9500  723.5856   93.6950
  294.9780  683.7116   10.4425
  261.2831  640.4743  -81.7286
  256.8351  760.8521  -61.4029
  297.0058  604.7183 -334.9458
  283.1423  376.0957    8.9378
  329.0714  601.1655 -108.0234
  306.2717  675.0271 -332.0288
  342.6446  433.2864  -47.3271
  299.8261  353.9274 -217.5303
  302.9301  532.7589   23.8847
  314.9286  656.0096 -286.2785
  365.6194  590.1226   74.4122
  319.5527  694.2905   82.9835
  443.6992  369.3593   85.4637
  284.5287  794.7176  -31.7706
  318.9346  622.2933 -231.2808
  290.3422  315.0560 -102.9975
  363.1155  737.5688 -178.0909
  289.8674  548.1623 -325.8182
  305.7335  556.5162 -195.9836
  361.5845  730.9198 -106.2709
  306.5364  518.6374 -280.3178
  345.9859  534.9301 -132.3299
  297.0125  352.0605  -95.5999
  279.8458  495.3791  105.2971
  369.7606  415.6799 -150.2912
  277.0647  377.9060 -326.7574
  311.3370  455.7067  -84.4066
  294.1213  790.6180 -192.4103
  336.2181  326.7557 -149.6669
  281.3284  533.4421 -352.2821
  371.6308  499.8833  -55.0065
  361.5168  524.8629 -357.9588
  262.7440  413.3532  -23.3856
  288.5744  813.6855 -234.9386
  239.5237  743.8883 -162.8684
  461.3874  261.0871 -167.1406
  297.5466  366.5960   99.0859
  279.7171  391.0610 -340.7427
  226.4190  745.5762  -51.8539
  247.9922  222.5627 -168.0613
  203.4481  499.5564  113.6646
  214.6587  735.2238 -386.3699
  175.1533  412.7716   86.1965
  157.1983  658.7101 -390.7539
  194.2146  557.5378   59.8013
  145.8085  350.3394  -16.7835
  130.3086  583.7679 -164.6524
  178.8485  471.5544  -82.3651
  147.6018  562.0250 -286.3160
  178.1226  535.6772   -3.4536
  133.2537  869.3471 -170.3342
  148.0952  769.2167 -365.5683
  205.2679  621.6563 -148.5496
  168.9214  331.1056 -381.1794
  201.2126  485.9174 -282.9400
  152.0825  705.9246 -205.3863
  180.1476  309.6277 -377.3241
  132.5247  710.3505 -427.5555
  210.1921  352.2617 -171.8834
  136.6509  791.1729 -353.1766
  148.8298  437.6660 -347.9526
  198.7636  341.8465  -42.5503
  157.9410  473.7632 -270.7260
  222.4377  529.0730   45.2802
  171.3724  709.6985 -234.2229
  190.2404  791.8821 -311.4447
  349.6688  435.5488  -77.0338
  261.7861  840.1669 -244.5224
  224.7555  462.9736 -373.8913
  264.5936  689.0501 -114.9304
  226.5919  599.1851   68.8693
  259.0939  726.9129 -365.7884
  226.5186  694.4947   60.2066
  297.7335  858.5660 -332.9784
  248.2025  704.0453 -355.7460
  275.9159  729.9022   -7.8613
  258.8685  517.7814 -272.2672
  341.2052  523.6867  -55.3370
  183.2960  777.1630 -249.5103
  192.0827  519.6283 -336.1255
  144.0617  737.9199  -82.5436
  133.0277  405.0984 -172.6375
  136.0395  627.8000  -25.5692
  188.1138  775.8741 -186.3746
  171.0101  386.9351  141.1059
  120.8402  555.4665   93.0753
  108.3521  699.8445   40.6831
  158.8671  362.5243   20.1560
  111.6480  701.0382 -251.3296
  100.9548  812.3598  -90.5117
  306.4276  510.6257   11.3910
  133.8082  727.8769  -99.8624
  136.0561  867.2743 -131.9208
  187.3195  448.9668 -369.5181
  163.0362  649.4153 -189.2724
  110.7397  571.6223   72.5155
  146.1675  435.4501 -101.9882
   89.3313  885.5276 -115.0021
   89.9582  758.8375 -363.4767
  352.6053  412.0806 -222.9411
   97.5493  452.6755  -46.0259
  116.7361  623.3962 -396.4090
   62.1962  487.1804   -1.5022
   61.0802  377.5853 -153.8745
  247.5102  399.0455   84.5279
   88.4124  477.6215 -196.5435
  129.8273  607.1812 -337.2859
   76.4031  513.1963  -73.2595
  129.8967  310.8874 -290.1201
  102.4298  637.5028 -291.8467
  139.7693  482.8285  -65.6572
   83.0182  412.7221 -312.0312
  183.1477  574.5307  -86.4494
   88.9053  518.8223 -370.5500
  130.3061  809.0926 -164.6933
   89.9147  593.5556 -296.5350
  109.7986  727.9716 -155.8379
  160.2423  508.9524 -376.5513
  383.5514  694.8325 -205.8995
  131.7292  372.9162   99.4136
  139.4580  513.8288   80.4549
  265.1471  402.5506  -20.4589
  320.1659  423.3306 -172.1205
  148.1524  770.2396  -84.7856
  125.7489  690.2718 -302.7454
  171.0011  725.3446  -77.9099
  120.9236  613.9636 -372.8987
  107.2874  387.4470 -165.6330
  140.1460  766.1500 -244.8593
  139.4402  777.8052 -386.0122
   93.6735  849.2213 -195.9329
  145.7542  851.7865 -484.0438
  117.8365  246.6345  -64.7889
  167.5165  395.0046  132.2457
  113.3619  493.8748 -365.2644
  131.8581  609.9679   45.3091
   87.7430  559.9969 -256.6339
  124.8916  822.6574 -297.6174
   86.5414  812.9035  -86.7315
  127.7822  843.7494 -340.2059
  115.6816  676.4113 -445.2554
   67.2723  697.8355  -98.0941
  139.8965  285.6420 -399.5660
   95.0476  518.4179 -181.8558
  272.7630  506.0570  119.2668
  129.6463  764.8562 -234.0219
   81.2877  454.7842 -447.5077
  129.5755  576.7544 -178.0223
  110.9240  425.3683  -75.6180
  150.2508  432.8824 -234.9690
  100.5616  638.8397 -187.3024
  132.3068  730.0634 -336.5788
  102.1120  485.2954   -5.2955
  152.7612  523.9404 -199.9928
  165.8040  280.1271 -198.4801
  157.9310  443.7210 -319.4461
  347.2407  494.3906 -126.2849
  177.8060  522.6342 -365.4528
  228.8770  453.1890  -86.0070
  339.2477  601.9000 -417.7704
  350.1820  335.7792 -304.2239
  155.9146  571.9130 -187.3771
  171.8762  678.6852 -467.5458
  323.6215  598.1359 -276.7302
  161.5952  347.8575 -323.4794
  367.0174  415.5720 -207.5153
  152.1450  733.4580 -317.8148
  209.5785  587.1851 -220.7761
  158.8657  344.9065 -194.7083
  258.3893  591.8502 -275.9398
  232.3635  309.5686 -168.7739
  135.4157  728.9534 -384.1353
   98.9328  616.5767 -237.5143
  144.0910  537.6339 -352.3330
  133.4010  525.5304 -104.9797
  247.7638  342.4873 -357.3942
  169.8305  448.7974  -87.4895
  224.5634  563.7538   24.3374
  188.2128  298.4265  -19.0955
  359.7765  530.4515 -136.1581
  318.6342  717.2809 -291.4065
  295.2122  252.9205   41.9858
  256.7259  545.1116 -123.7176
  147.8848  425.5884 -388.0289
  129.2382  673.0478  -54.0884
  324.7825  690.0827 -382.2928
  217.3363  345.1901    7.1626
  430.2110  479.9669 -163.3613
  138.5709  527.0799 -538.1233
   92.3386  359.3944 -107.9850
   75.8306  618.3096  -49.1851
  108.2950  739.8497 -399.5260
   55.2590  575.8724 -440.3780
   81.6786  312.0590 -273.7353
   26.0284  755.6180 -300.9454
   61.1709  341.5691 -126.9468
    6.7352  787.1035  -37.3191
   31.2073  777.4894 -160.2689
  -10.0587  635.1167 -342.5816
   -2.8874  767.1724 -234.4823
   21.5832  446.9312 -152.3886
   74.6889  669.2946 -119.5879
  112.7808  364.7189 -219.9313
  108.7634  575.9991   33.0700
   63.2463  652.7182 -345.5656
  108.9312  297.1078 -372.8570
  165.1641  600.1074   10.0634
   96.6427  306.9910 -172.8677
  148.3098  579.4213 -402.1842
  148.5695  646.1435   32.5230
  107.1180  385.4971  -79.9456
  367.5265  528.7172 -143.7004
  107.2693  695.4894 -303.5094
  149.8934  730.6722 -163.9051
  173.7335  477.4487 -161.4474
  129.0612  631.6944 -460.0496
  285.9057  421.8276 -252.3325
  131.6577  494.5050  -27.2839
  120.0678  605.9894 -325.1877
  174.9641  469.7021 -128.0499
  177.2819  682.7005 -154.0994
  135.5147  588.2049 -279.9298
  167.5699  388.9600  -34.5621
  117.8668  625.1085 -378.3960
  168.0933  578.3449   16.8275
  221.5978  238.8223 -158.3276
  163.1003  530.1373 -124.2766
  114.9431  350.5471 -328.6418
  169.8127  645.1034   -0.8031
  134.5495  547.2127 -460.6332
  156.8257  304.5562 -307.1800
  118.8693  507.0084 -135.9431
  169.0886  723.6897 -180.2034
  161.3873  519.6679 -284.9323
  200.3007  455.1485 -100.6012
  179.3929  661.4228 -134.2824
  182.5345  512.0666 -318.2361
  301.4950  555.0635 -233.2544
  172.4552  687.0840 -197.0394
  292.2452  347.0280 -117.2577
  155.3161  497.4373  -59.5488
  281.9732  285.7593 -181.7341
  135.5237  405.0161    4.5267
  192.4212  634.3091 -287.6350
  151.4436  516.0896 -199.0985
  138.0079  325.0623  -99.4544
  191.0974  349.2045 -244.3910
  153.3685  298.2816 -129.0941
  140.1984  621.9004 -247.4985
  182.5563  422.3307  -95.3715
  145.4234  649.2807 -292.1968
  152.8136  434.5287 -375.3643
  203.5276  661.1468 -373.0436
  171.3428  503.0101 -397.5997
  156.5611  384.0121 -111.0931
  192.2686  271.5908 -210.6638
  171.5471  458.3191 -119.3889
  203.6954  595.3789 -232.9373
  218.9376  316.2817 -260.7161
  149.9525  394.0047 -348.4825
  189.3430  369.9446 -143.8980
  237.4858  378.0951 -429.7075
  192.7413  532.3025 -396.2860
  278.5556  531.6476  -30.7640
  310.4101  302.9680 -255.3417
  272.6728  612.7021 -437.6216
  217.7559  489.9398  -93.7699
  253.6683  616.5490 -255.7793
  305.6753  499.6953 -334.2612
  174.9742  343.4656 -161.8195
  161.0220  600.8280 -314.3523
  192.2270  465.6152 -210.7855
  187.6434  327.5161 -142.3832
  132.1174  435.4886   39.8630
  140.0004  570.3183 -312.2319
  195.6555  338.8410 -109.4483
   96.7063  557.7291 -447.5885
   64.6722  571.3556 -277.2377
  169.0657  305.0883  -54.2416
   67.4744  490.7491 -312.9240
  295.9223  492.9225  -18.5797
   98.8715  501.1490 -368.5745
   46.7897  409.0582 -114.1635
  194.0634  539.3450 -131.5764
   19.6866  528.3839 -331.3803
   23.0943  268.1515 -278.6521
  209.0322  511.0977  -99.1053
   45.3424  316.4726 -232.0013
   72.6591  482.7036 -236.9207
   22.9801  255.3954  -90.9322
   61.1480  225.7103 -272.6035
   65.4313  506.3610  -18.4200
   20.4946  478.1495 -456.8879
   47.4419  389.1717  -25.9802
   11.1333  535.7373 -120.9748
  125.6280  476.7133   34.8952
   -9.1654  485.7036 -317.1997
   42.3268  490.0078 -268.5293
   12.7269  351.7354 -323.0554
  312.2031  356.1690 -179.7200
   56.6297  414.0285  -24.6881
   13.5689  461.8689 -202.1063
   67.8710  234.7771 -236.9336
   38.4671  358.3335   66.2549
   83.3900  183.0797 -204.0927
  223.2825  236.3133  -37.9347
   51.9035  381.5869  -61.3394
   16.7226  465.3355   57.3467
   37.6902  187.7772 -103.7025
    1.0253  367.1289 -359.3642
    8.3897  302.6340  -51.4161
   60.2112  433.1650 -223.4124
   80.0919  271.7381 -142.9590
  165.7936  438.6731  -99.2403
   96.2658  379.3974 -285.6515
  125.5894  520.7076   19.3104
   29.4721  481.5390 -312.0171
   45.7060  252.1351 -158.5346
  156.2295  444.3401 -389.8970
   51.4647  481.0560 -422.2946
  284.1686  457.1119 -212.6983
   51.3174  356.8028 -506.9963
  250.4727  327.0570 -168.0952
  192.5507  436.1396 -425.2990
   74.3374  519.4992  -75.7426
  119.6434  422.6588 -140.9633
  130.7620  537.2637 -226.2969
  191.2215  413.5107 -121.9729
   64.7703  521.9250 -407.4130
   97.5694  163.6380 -218.8713
  122.0317  212.8454  -27.1382
  145.5027  353.7509 -191.9051
  311.9908  385.8639 -112.8411
  132.4360  300.8024  -11.9697
   61.5996  577.2285 -330.9343
  106.4171  284.8800   -3.2840
  172.2247  417.0250  -97.8915
  185.4298  588.6647 -442.0024
   45.4707  554.4843 -223.4329
   76.8164  220.4984  -85.6168
   56.3284  200.0325 -298.7744
  210.5574  632.1120 -283.2502
   61.8798  357.0996 -307.4435
   74.1402  641.9100 -394.0420
   18.7972  307.6692 -347.2285
   52.4456  672.6630 -316.1538
   57.1763  319.6319 -243.9643
   26.4456  484.1865 -109.0398
   39.6544  433.7724 -471.4910
  190.8569  423.5519 -103.9796
   28.7013  664.6498 -245.2457
   82.6108  482.6885 -445.6286
   65.8449  154.1507 -240.5975
   67.9461  320.7366    0.1810
  286.9191  683.2908 -468.9894
   69.9884  603.9597 -445.3334
   57.1076  204.9004 -424.7953
  345.7502  370.3396 -282.4767
   68.5958  643.5447 -201.8291
  124.1780  649.7008 -411.3747
   85.0389  374.9549 -342.8559
  298.0649  411.2651 -242.9264
   81.7325  427.9623   24.9077
  157.1344  386.3755 -313.5864
   77.7302  711.6735  -95.2831
   98.9408  282.6551 -293.8915
  342.5805  475.2531 -195.0788
   38.8796  620.6521 -400.4471
  230.6406  274.9351 -369.9671
   96.0843  551.1388 -143.7620
   42.7077  353.5070 -149.3231
   25.8761  674.1676 -293.9919
   61.2046  597.9199   -7.1923
   65.7062  656.8812 -361.5522
   13.7938  640.4003  -85.1043
   51.4954  366.3754 -259.6696
   15.4113  583.8949 -166.1879
  185.4605  368.6173  -50.4779
   80.6686  649.6276 -318.5596
   59.3561  326.3825 -390.5697
    6.1884  516.3738 -458.4524
   13.8204  452.0091 -182.9376
   70.0422  671.5131 -461.9503
   53.2121  330.9451 -161.8764
   93.8687  672.9966 -379.2624
   53.8672  643.5710 -172.2248
   57.8771  623.5642 -418.3111
  215.3032  502.4537  -49.0862
   87.3196  452.4067 -339.4927
  120.0392  655.2622  -42.6790
  158.0485  291.8386 -158.2079
   76.4882  539.3348  -80.7237
   61.6269  342.5450 -220.8602
  182.0841  436.2896  -92.0364
   75.3087  620.8416 -256.5952
  245.7847  329.5923  -64.5824
   71.5149  424.4235 -241.3028
   80.1709  521.9827   -1.3627
  135.6367  646.7253 -186.0025
   93.8065  341.0110 -157.3523
  114.3744  516.3037  -54.8944
   65.7725  510.2192 -325.2036
  105.7541  408.0336 -246.4185
  128.8429  431.9593  -48.5955
  105.7240  526.2581 -237.8485
  132.3970  385.5798 -116.8034
   90.5464  577.5736  -99.1721
  129.1627  414.1068 -198.4433
   81.9920  557.1168 -120.1971
  103.9974  520.0861 -318.1673
   48.0145  657.6249 -199.8556
   98.1604  597.6529 -156.7840
   64.9059  429.3457 -217.6864
  170.9291  463.5678 -131.6109
   30.5505  617.2636 -180.4002
  107.2319  420.6067  -80.8569
    1.7184  420.0899 -158.8305
  134.4171  551.7739 -201.6691
   -3.4722  502.0060  -86.2045
   94.7211  415.0464 -147.9503
  104.0535  613.5498 -125.8859
  111.6036  349.2896 -150.1030
   28.7738  529.2945 -144.3053
   92.1038  342.4996  -82.7726
  -36.3263  487.3378 -335.9099
  215.5468  534.4048  -93.4245
   24.3650  444.6431 -144.6847
  -39.0156  371.2604 -438.6680
  -27.7709  515.0775 -325.6864
  137.5106  466.2714  -89.6623
  107.3243  347.0641 -278.3083
   38.4657  401.7265    2.0463
   84.2462  522.5926 -338.0918
  -78.2498  601.2189 -146.5191
  -44.8654  555.4100 -327.3267
  115.0957  399.9260 -124.4003
  -74.8426  637.7279 -310.4536
 -119.5842  359.1387 -182.5997
   37.4516  446.2055  -27.4674
 -108.1074  550.3540 -189.0875
  177.0871  412.7552 -217.8944
 -166.5343  623.9406  -82.9809
 -128.0001  585.5918 -299.1473
 -113.0721  386.3403 -101.3051
  138.8839  518.1099 -141.0054
  -20.2026  260.5232 -206.7564
  -49.5494  605.5665 -401.3350
 -128.4696  656.2504 -196.7911
   66.4491  475.7073  -61.4846
  -43.2452  391.6186 -230.8751
 -128.6833  650.9469 -275.6878
  201.2046  460.2760  -81.1200
 -129.1459  553.8884 -238.7779
   -4.2113  611.2732 -362.7609
   13.3369  458.4743  -34.6829
  -90.4964  367.3059 -352.2068
   16.3065  514.1907 -123.4148
  216.8664  448.6096 -147.0022
  -97.0896  442.2341 -225.5972
  124.6700  510.9792   22.6528
  -87.8202  699.8350 -234.4733
   51.6149  675.0427 -264.8909
  -59.5350  403.8147 -142.2016
 -133.3510  685.8540  -95.1838
   -9.5762  333.0369 -187.1698
   61.7260  504.5725  -80.4141
  -34.2408  409.3153  -93.4330
  -46.7706  685.5043 -183.7170
  -68.0943  488.1033 -338.4354
 -108.6172  683.2830 -282.9018
  -54.5583  294.5039 -106.7447
  -37.6799  584.3684 -147.5562
  110.0623  417.2536 -110.0369
  -68.6517  290.9737 -337.5860
  -16.7807  667.7089 -367.5220
  -10.2355  440.9596 -377.3782
  -57.4512  542.0600 -431.0841
  156.1680  501.8577 -185.4091
  -18.1488  613.1789 -270.7294
  -44.3360  323.0968  -71.8373
  153.6197  319.1673 -213.8571
   80.7569  610.7655  -61.7049
   25.0420  673.4581 -357.0990
  -13.4985  522.0689  -21.1708
   78.0412  353.2273 -142.3541
    6.3183  673.0656 -413.1665
   15.1099  735.5427 -128.2007
  107.8790  456.9059 -241.7795
    1.1480  763.8286 -184.8943
   37.6792  547.2259 -276.8596
   -7.6457  543.0066   -2.6355
  187.6746  407.1681 -170.1487
  -26.6991  537.8947   22.4302
  -18.3927  801.4499 -258.4301
  188.7109  534.1085  -19.4310
  -25.3516  453.6582 -258.0768
    4.5437  696.4070 -215.2418
  -50.0615  373.3306  -84.0282
  167.4578  579.4382   12.7695
  -14.5486  570.6478 -381.6125
   34.3073  717.4806  -40.1620
  -13.3216  518.0330  -62.3400
   91.1012  424.0734 -222.5698
  -47.0017  514.2231   13.8798
  -25.5524  731.1892 -233.8016
   20.8540  456.7932  -93.2746
  214.3779  388.2194 -149.5947
  -40.8840  454.1943  -73.6293
    2.9112  688.0486 -258.3143
   37.2603  374.2614  -86.0100
   64.6400  625.0190 -166.3817
   98.0948  420.4785   48.9692
  -24.0837  434.2702 -228.4660
   80.5311  446.3305 -143.3426
  -48.9284  611.7017   53.7151
   -9.5687  570.2979   -5.9509
  -50.8412  550.2340 -281.8007
  -56.7987  657.0967 -248.4366
   -9.2148  617.5821  -61.6590
   93.8868  275.2488  -78.2800
  -61.0478  645.6923 -259.1854
   -7.6071  425.7028   12.7319
  -32.7266  547.7228 -286.0924
   20.6618  685.2474  -49.4778
  132.3790  424.2580 -234.3461
   29.7340  385.3956  -40.6471
  186.4886  575.1203 -144.8055
  -28.7227  488.4574 -103.4568
   61.0508  364.9199   72.8970
   59.5597  345.6013 -238.1855
  -49.5670  674.0077 -175.4103
  138.9495  407.4582 -131.2572
  -68.1833  669.9195  -65.6745
   62.1881  381.4189 -131.8997
  -27.5536  505.9799 -186.0424
  130.7646  362.1953 -100.3394
  -55.8920  632.0038 -265.3163
   -2.6717  400.2531  -61.6411
   98.5892  452.0930 -223.3293
  -13.2782  465.4120  -27.0131
  154.4064  439.3232 -126.0307
   55.9542  456.8564 -269.2017
   21.5535  499.3359  -24.0884
  168.3034  424.8738 -152.2428
  -13.4602  488.3385 -161.0355
   44.2604  392.2954  -20.4327
  -60.6125  602.3406 -233.5891
   51.8071  408.5114 -140.1695
   64.3749  491.8076  -13.5782
   88.6196  411.5051 -161.6151
   23.1837  548.2488  -38.4577
   98.6863  414.5211 -111.3456
  -42.7605  627.3626 -139.7995
   43.5266  603.8238 -250.0871
   21.3134  382.2486 -216.3819
   77.9914  505.3325  -59.4395
  -10.5773  408.7799 -221.7979
    7.7852  647.2113 -170.6200
   19.6416  317.3161  -94.7929
  -22.3840  546.6065 -194.6317
  153.0585  440.9257 -121.3063
  124.2617  521.0566   21.0277
   32.3577  469.7222 -227.9918
  129.2956  469.1899   43.6060
  116.3401  384.5383 -233.2627
  -27.1899  518.5190 -126.3096
   11.5909  466.9423  -29.7526
  120.4718  342.4087 -153.7080
  -31.5634  477.6166 -162.9134
  161.4819  548.4123 -144.3654
   -8.7442  452.3465 -249.1797
  -40.3529  625.3551 -175.0523
   68.5028  527.3280 -234.7819
  -32.9026  380.7413 -172.3088
   50.1055  460.9674  -31.1558
  -58.8424  411.7285 -145.6344
  126.9794  392.3895 -154.0650
  -56.8489  520.8908 -107.2387
   45.2441  582.9952 -277.1946
   24.1520  462.1460  -70.5685
  100.2845  456.6813 -196.2533
  -71.6238  516.5884 -268.0925
   11.1290  478.0964  -92.9021
  164.2939  460.8432 -210.0664
  -29.9484  571.0530 -234.0984
  172.9231  390.1836 -153.3974
   -6.8883  467.5543  -77.0270
  113.7837  448.9984 -230.4216
  115.1864  504.4424  -63.7678
    4.5285  376.8786 -195.2907
  -62.4337  538.8308 -203.1666
   62.6893  375.5385 -175.7342
    2.0087  492.3213  -20.9194
   45.7199  526.3266 -194.9831
  -18.3934  328.3921  -98.6024
  -89.9211  634.3028 -169.3707
  164.3261  416.7364  -69.4262
  -58.0878  421.9697 -127.9579
  166.8584  412.4197 -202.6715
   -1.3370  403.8915  -52.7829
   88.9034  522.9283 -179.2730
  126.0967  440.0000  -49.7407
  -14.5679  591.7823 -188.7122
   85.3093  356.5811 -177.9460
    1.1978  371.7011  -20.1415
   33.1880  560.6972 -234.0697
  136.0899  471.0963  -32.7459
  -17.9040  475.6395 -193.2690
  145.5620  434.4911  -47.9985
   53.6259  355.0444 -100.4784
  114.1741  548.4708  -61.2434
   84.5463  331.0444 -109.5790
   43.5200  553.8866 -197.0477
   22.3032  325.6566 -102.5966
   81.1933  513.4067  -41.6740
   38.8771  381.6632 -169.4750
   82.7238  554.7271 -123.1914
  110.8039  338.6450 -131.2855
   12.3821  482.9510 -115.4017
  -17.2696  428.0820  -16.5264
  199.0514  468.6764 -148.9466
   31.6825  385.7326  -89.4982
  -60.4428  430.8665  -24.3693
   59.4557  396.0604 -123.6953
  138.5503  479.5459  -94.6160
  -57.8630  586.3577 -142.7131
  154.2533  364.0370  -85.0306
  -26.3244  399.0999 -133.4892
   46.0791  555.4286 -119.4041
  158.0091  380.3273 -148.1041
    7.9510  469.1824 -123.4422
  177.9470  433.3907  -35.8796
  -22.4907  533.1676  -91.4896
   79.5154  339.0353 -152.1276
  150.4916  503.5971  -73.6508
    8.4762  444.3113 -140.3133
  147.0959  341.8269  -92.7219
  -18.5992  473.6268 -135.1102
  113.7839  450.2231   -6.4069
  -28.5594  435.8505 -135.4541
  106.1049  326.2532  -87.6718
  -28.8516  528.5173 -118.6185
  146.5880  394.1173 -121.9850
   41.9856  389.1440  -67.0518
   16.2784  599.7011 -122.3101
   60.0838  438.3318 -102.5632
  210.6437  388.8541  -63.5415

Previous Length = 2386
outputting PDB in file /storage/htc/bdm/tosin/GSDB/Structures/WT9059TG/GSM455133_30E0LAAXX.1/VC_100kb/InfMod3DGen/chr2.pdb
    16.76%    33.53%    50.29%    67.06%    83.82%   100.00%
    done! closing file...
New Length = 2386
spearman correlation = 0.445499
