 MATLAB Evaluation Started............
Processing file /storage/htc/bdm/tosin/GSDB/Data/WT9059TG/Cheng_Prop_WT/GSM455133_30E0LAAXX.1/VC_1mb/chr2_list.txt..............
INFO: License(s) matlab:1
Currently Loaded Modulefiles:
  1) matlab/matlab-R2018a

                            < M A T L A B (R) >
                  Copyright 1984-2018 The MathWorks, Inc.
                   R2018a (9.4.0.813654) 64-bit (glnxa64)
                             February 23, 2018

 
To get started, type one of these: helpwin, helpdesk, or demo.
For product information, visit www.mathworks.com.
 
InfMod3DGen Execution Completed........

n =

     1


m =

   241


p =

     3


XYZ =

   1.0e+03 *

   -0.3570    0.4350    0.2850
   -0.6236    0.8060    0.5918
   -0.2484    0.7671    0.2226
   -0.5191    0.8677    0.6218
    0.0942    0.4172    0.5181
    0.4932    0.5592    0.5317
    0.1481    0.3666    0.9081
    0.4573    0.7669    0.8430
    0.0544    0.8070    1.1604
    0.3017    0.8784    1.1758
    0.0930    0.8521    1.0327
    0.3553    0.7771    0.9112
   -0.0419    0.5577    1.0874
    0.2142    0.4580    1.1796
   -0.1894    0.4247    1.0881
    0.1052    0.7355    1.0975
   -0.0503    0.5558    1.0842
    0.2137    0.8445    1.1602
    0.3116    0.8960    0.8714
   -0.0460    0.7781    1.1609
   -0.1329    0.8936    0.9714
    0.1540    0.6912    0.9747
    0.2624    0.9581    1.0958
    0.2881    0.7073    1.0338
    0.0060    0.9109    0.9000
    0.3272    0.8702    1.1728
    0.0955    0.5879    1.1482
    0.1587    0.5733    0.9174
    0.4889    0.7698    0.9445
    0.5662    0.5031    1.0906
    0.8544    0.5880    1.1215
    0.4733    0.1951    1.1353
    0.7754    0.5815    1.0867
    0.8129    0.5648    0.6709
    0.7242    0.2308    0.9812
    0.4713    0.3963    0.6490
    0.5269    0.1172    0.8830
    0.7799    0.4024    0.7060
    0.5533    0.1048    1.0812
    0.2139    0.4322    1.1020
    0.6341    0.0525    1.0708
    0.2699    0.4541    0.6510
    0.5696    0.6269    1.0018
    0.1933    0.4223    0.7210
    0.5067    0.5349    1.0947
    0.3334    0.2563    0.7516
   -0.0148    0.6074    0.7951
    0.0124    0.2941    1.1013
    0.2288    0.3329    1.0876
    0.1754   -0.0481    0.8529
   -0.1798   -0.0703    0.7113
   -0.2249   -0.4656    1.0806
    0.1674   -0.4705    1.0748
    0.0790   -0.1026    0.8535
   -0.2828    0.0500    0.9435
   -0.2735   -0.1523    0.5737
   -0.6239    0.2385    0.9721
   -0.4330   -0.1513    0.8277
   -0.5129    0.1736    0.4137
   -0.9118   -0.1567    0.6449
   -0.6356    0.0738    0.4682
   -0.6100   -0.1871    0.7515
   -0.9294    0.0646    0.4291
   -0.8511   -0.0170    0.7317
   -1.2292    0.3669    0.8819
   -1.0864    0.1820    0.7029
   -1.3419    0.1866    0.7088
   -1.0189    0.3472    0.9374
   -1.2350    0.6669    0.8053
   -1.3163    0.7560    1.1600
   -1.1390    0.8557    1.0785
   -1.4482    0.7145    1.1766
   -1.4450    0.8510    0.8754
   -1.7443    0.7226    0.7270
   -1.6293    0.7698    1.1076
   -1.8173    0.4481    1.1062
   -1.4060    0.5648    0.9663
   -1.6878    0.3651    0.9940
   -1.8173    0.5711    1.0701
   -1.7679    0.2127    1.0223
   -1.9146    0.3214    1.0116
   -1.8553    0.0420    1.0886
   -1.8298    0.4256    1.0100
   -1.9770    0.3184    1.0379
   -1.8584    0.7206    1.0454
   -1.8469    0.4244    1.1984
   -1.8783    0.5220    1.0725
   -1.9175    0.9228    0.8837
   -1.8307    0.8149    1.1650
   -1.8603    0.8262    0.8743
   -1.6124    0.6852    1.2258
   -2.0546    0.7690    1.0727
   -2.2056    1.0361    1.2536
   -1.9176    0.7958    0.9748
   -2.2292    0.5401    1.0447
   -2.0162    0.5291    1.1842
   -2.0734    0.7432    1.3800
   -2.1200    0.6350    1.0783
   -1.9947    0.9835    1.0885
   -2.2012    0.6647    1.2113
   -2.0763    0.6649    1.1955
   -2.1542    0.9140    1.0213
   -2.1806    0.7758    1.1226
   -1.9893    0.9968    0.9978
   -2.0720    0.8047    1.0859
   -2.0844    0.9759    0.9615
   -2.1786    0.9271    1.1987
   -2.2284    0.8803    1.0028
   -2.1168    0.9647    1.1860
   -2.3652    0.8469    1.0507
   -2.2606    0.9113    1.2704
   -2.5239    0.8741    1.0905
   -2.1102    0.9988    1.0290
   -2.3297    0.7084    1.0414
   -2.2671    0.9724    1.0753
   -2.6608    0.8769    1.0216
   -2.5528    0.9120    1.1397
   -2.7476    0.9171    1.0076
   -2.4881    0.9717    1.1579
   -2.3802    0.8434    1.0606
   -2.5828    1.2563    1.0434
   -2.9874    1.2896    1.0984
   -2.7452    0.9710    1.0510
   -2.9166    1.3833    1.0649
   -2.5730    1.4622    1.0725
   -2.8913    1.2731    0.9667
   -3.0980    1.3218    1.1326
   -3.0108    1.5170    0.8474
   -3.2750    1.4308    0.7195
   -2.9483    1.8437    0.9949
   -3.1833    1.7395    0.6313
   -2.8120    2.0963    0.9544
   -3.0923    2.1477    0.6943
   -2.9830    1.8957    0.3599
   -3.3080    2.0037    0.1389
   -3.1043    1.8378    0.3956
   -2.9955    2.0633   -0.0084
   -3.3803    1.8150    0.0084
   -3.1462    1.7647    0.3327
   -3.0273    2.1700    0.1998
   -3.2725    1.8052    0.4102
   -2.9707    1.9135    0.0373
   -3.0979    1.5748    0.0680
   -3.2805    1.7396   -0.1052
   -2.9260    1.5995    0.2865
   -3.0010    1.9988   -0.0048
   -2.7551    1.8839    0.2388
   -2.6488    1.4986   -0.0447
   -2.9491    1.5900    0.2929
   -2.8838    1.8928    0.3884
   -3.3025    1.9484    0.1767
   -2.9259    1.5267    0.1562
   -2.9671    1.5054    0.4534
   -3.0638    1.8105    0.2878
   -3.4667    1.6340    0.5586
   -3.4811    1.2948    0.3220
   -3.2726    1.1269    0.6019
   -3.5627    1.5043    0.4761
   -3.2681    1.1847    0.2104
   -3.6408    1.3762    0.3102
   -3.6154    1.1857    0.5389
   -3.5350    1.4332    0.5229
   -3.1425    1.2747    0.7269
   -3.4362    0.9174    0.6353
   -3.4634    1.0449    0.8735
   -3.1662    0.8643    0.8118
   -3.2118    1.1496    1.1431
   -3.4945    1.0614    1.1519
   -3.3223    1.4129    0.9098
   -3.5714    1.0555    1.1073
   -3.3421    1.0443    1.1922
   -3.4678    1.2745    1.1741
   -3.1974    1.2868    1.2180
   -3.3506    0.9221    1.1315
   -3.7383    0.8701    1.1693
   -3.8114    1.1636    1.1910
   -3.5132    1.3994    1.1755
   -3.6810    1.0527    1.1564
   -4.0522    1.2165    1.1579
   -3.7055    1.0583    1.1779
   -3.6121    1.3397    1.1708
   -3.6951    0.9990    1.2117
   -3.8246    0.8529    1.1466
   -4.1147    0.8605    1.3988
   -4.1914    0.9983    1.1915
   -3.9415    1.1094    1.3101
   -4.3532    1.0173    1.1308
   -4.4783    0.9183    1.4441
   -4.5165    1.0635    1.2348
   -4.2199    1.0073    1.5529
   -4.1710    0.8955    1.2482
   -3.9228    1.1852    1.1543
   -3.9795    1.1518    1.4859
   -3.8331    0.8506    1.5331
   -3.4162    1.0204    1.8924
   -3.3683    0.8654    1.5789
   -3.5690    0.9348    1.9062
   -3.2610    0.9590    1.9248
   -3.6344    0.9605    1.7267
   -3.3871    0.8619    1.4077
   -3.5398    0.8889    1.2133
   -3.1988    0.9099    1.3993
   -3.2416    0.9700    1.7211
   -3.0352    0.8763    1.2990
   -2.6862    0.9796    1.5659
   -2.6711    0.9175    1.8800
   -2.9693    0.8624    2.0984
   -2.9287    1.0024    2.0783
   -2.7318    0.9635    2.3190
   -3.1087    0.8401    2.2567
   -2.9835    1.1459    2.5194
   -2.6870    1.1903    2.9027
   -2.7934    0.9152    2.5461
   -2.4458    0.9336    2.8840
   -2.6041    0.9471    2.9547
   -3.0090    1.0096    2.8798
   -3.2244    1.0039    2.5623
   -3.4597    1.0115    2.3698
   -3.4790    0.8884    2.4434
   -3.7479    0.9814    2.6997
   -3.5983    0.8989    2.5198
   -3.9532    0.8967    2.8621
   -3.5995    0.9816    2.5533
   -3.5641    0.8840    2.6581
   -3.7243    0.8850    2.2805
   -4.0890    0.9120    2.2488
   -4.0231    0.8921    1.8548
   -3.6383    0.9057    1.9844
   -4.0261    0.8440    2.3710
   -3.6122    1.1865    2.5265
   -3.6049    0.8609    2.3213
   -3.8043    0.9954    2.7105
   -4.0626    0.8660    2.6195
   -4.0805    0.8987    2.2109
   -3.7441    0.9939    2.5538
   -3.8270    0.8835    2.1610
   -4.1528    0.8912    2.0688
   -3.7858    0.9352    2.3349
   -3.7640    0.8079    2.7569
   -4.0296    0.9683    2.7378
   -3.7358    0.8927    2.3700

Previous Length = 241
outputting PDB in file /storage/htc/bdm/tosin/GSDB/Structures/WT9059TG/GSM455133_30E0LAAXX.1/VC_1mb/InfMod3DGen/chr2.pdb
   100.00%
    done! closing file...
New Length = 241
spearman correlation = 0.541157
