 MATLAB Evaluation Started............
Processing file /storage/htc/bdm/tosin/GSDB/Data/WT9059TG/Cheng_Prop_WT/GSM455133_30E0LAAXX.1/VC_1mb/chr12_list.txt..............
INFO: License(s) matlab:1
Currently Loaded Modulefiles:
  1) matlab/matlab-R2018a

                            < M A T L A B (R) >
                  Copyright 1984-2018 The MathWorks, Inc.
                   R2018a (9.4.0.813654) 64-bit (glnxa64)
                             February 23, 2018

 
To get started, type one of these: helpwin, helpdesk, or demo.
For product information, visit www.mathworks.com.
 
InfMod3DGen Execution Completed........

n =

     1


m =

   132


p =

     3


XYZ =

   1.0e+03 *

   -0.2850    0.4350    0.2850
   -0.5393    0.6687    0.4919
   -0.0534    0.7073    0.0149
   -0.3834    0.6254    0.5366
    0.3544    0.4822    0.5590
    0.8758    0.6203    0.6530
    0.4348    0.4067    1.1408
    0.8223    0.6361    1.1173
    0.2950    0.4517    1.2270
    0.5903    0.7032    1.0975
    0.3527    0.8295    1.2114
    0.6701    0.5661    1.1981
    0.1514    0.5897    1.0589
    0.4597    0.5431    1.2777
   -0.0686    0.4934    1.1815
    0.2971    0.6942    1.2331
    0.1388    0.4970    1.0520
    0.4589    0.7669    1.3200
    0.6049    0.6260    1.0128
    0.1454    0.4236    1.2844
    0.0157    0.5199    0.9910
    0.3698    0.5609    1.2418
    0.5316    0.7885    1.1170
    0.5699    0.5399    1.3061
    0.2229    0.6218    1.1274
    0.6283    0.7374    1.1882
    0.3564    0.4458    1.1299
    0.4507    0.7151    1.2284
    0.8695    0.6434    1.0888
    1.0585    0.5294    1.2168
    1.4146    0.6513    1.1189
    0.9200    0.1508    1.1679
    1.2968    0.6535    1.2572
    1.3528    0.6286    0.8606
    1.2204    0.2041    1.2497
    0.9170    0.3773    0.8281
    1.1499    0.0347    1.1033
    1.3036    0.3863    0.9131
    0.9655    0.0161    1.2069
    0.5330    0.4309    1.1781
    1.0861   -0.0619    1.2005
    0.6165    0.4634    0.8310
    0.9899    0.7212    1.2806
    0.5022    0.4898    0.9355
    0.8961    0.5841    1.2961
    0.6376    0.2422    0.9811
    0.1918    0.6922    1.0459
    0.2324    0.2837    1.2967
    0.4815    0.2826    1.2055
    0.4017   -0.2119    1.1322
   -0.0543   -0.3187    0.9209
   -0.1215   -0.8347    1.2361
    0.3899   -0.8421    1.1823
    0.2580   -0.3670    1.1331
   -0.2079   -0.1393    1.1935
   -0.2678   -0.3674    0.7156
   -0.7168    0.1418    1.2362
   -0.5057   -0.3659    1.0207
   -0.6250    0.0451    0.4770
   -1.1463   -0.3739    0.7482
   -0.8081   -0.1038    0.5583
   -0.7699   -0.4193    0.9071
   -1.1726   -0.1176    0.4999
   -1.1294   -0.1655    0.8776
   -1.4248    0.3334    1.1017
   -1.2555    0.1313    0.9084
   -1.4639    0.1382    0.9172
   -1.3558    0.3778    1.1844
   -1.3524    0.7239    1.0611
   -1.2307    0.5046    1.2406
   -1.5290    0.7511    1.1433
   -1.3374    0.5237    1.2817
   -1.2954    0.6774    1.1507
   -1.6681    0.6529    0.9444
   -1.5704    0.6704    1.3154
   -1.7771    0.5283    1.1464
   -1.3153    0.6286    1.1964
   -1.5838    0.4044    1.1925
   -1.7771    0.6380    1.1811
   -1.8531    0.1771    1.2109
   -2.1504    0.2655    1.1843
   -2.3672   -0.0775    1.1349
   -2.8697    0.4210    1.2530
   -2.7289    0.3348    1.1386
   -2.9124    0.7681    1.1676
   -2.8952    0.4930    1.1856
   -2.6444    0.7885    1.1727
   -2.9021    0.5370    1.1661
   -2.4392    0.8008    1.1547
   -2.9152    0.6074    1.1710
   -2.6192    0.6960    1.1977
   -3.0887    0.6380    1.1480
   -2.8620    0.6117    1.2180
   -2.3943    0.6359    1.2295
   -2.7899    0.6625    1.4278
   -2.7898    0.6282    1.9067
   -2.7006    0.6308    2.1987
   -2.3024    0.7261    1.7911
   -2.6637    0.6202    1.4081
   -2.6719    0.6684    1.9471
   -2.3491    0.6177    1.9236
   -2.7069    0.6606    1.4018
   -3.2051    0.7322    1.1071
   -2.7966    0.7052    1.4049
   -3.2311    0.8349    1.2700
   -2.6968    0.9560    1.5140
   -2.7343    0.9010    1.9283
   -3.2228    0.6120    1.5129
   -3.1614    0.8722    1.9094
   -3.6685    0.6404    1.7813
   -3.5861    0.9178    2.0353
   -3.9051    0.8623    1.4916
   -3.3618    0.7298    1.1716
   -3.6155    0.6076    1.1632
   -3.5959    0.7135    1.6548
   -4.1094    0.9068    1.3172
   -4.0221    0.7957    1.8269
   -4.2389    1.3382    1.5156
   -3.9255    1.4733    1.6974
   -3.7645    1.4586    1.2858
   -4.0668    2.0142    1.1446
   -4.5966    2.0639    1.4789
   -4.3091    1.6624    1.3724
   -4.4910    2.2037    1.1502
   -4.0521    2.3213    1.1877
   -4.4533    2.1130    1.1701
   -4.7615    2.2158    1.2986
   -4.7053    2.2532    1.1239
   -5.0256    2.3483    0.9332
   -4.6120    2.8905    1.2703
   -4.8888    2.8088    0.8016
   -4.4087    3.2673    1.2098

Previous Length = 132
outputting PDB in file /storage/htc/bdm/tosin/GSDB/Structures/WT9059TG/GSM455133_30E0LAAXX.1/VC_1mb/InfMod3DGen/chr12.pdb
   100.00%
    done! closing file...
New Length = 132
spearman correlation = 0.457303
