 MATLAB Evaluation Started............
Processing file /storage/htc/bdm/tosin/GSDB/Data/WT9059TG/Cheng_Prop_WT/GSM455133_30E0LAAXX.1/VC_100kb/chr7_list.txt..............
INFO: License(s) matlab:1
Currently Loaded Modulefiles:
  1) matlab/matlab-R2018a

                            < M A T L A B (R) >
                  Copyright 1984-2018 The MathWorks, Inc.
                   R2018a (9.4.0.813654) 64-bit (glnxa64)
                             February 23, 2018

 
To get started, type one of these: helpwin, helpdesk, or demo.
For product information, visit www.mathworks.com.
 
InfMod3DGen Execution Completed........

n =

     1


m =

        1558


p =

     3


XYZ =

   1.0e+03 *

    0.1230    0.0810    0.3660
    0.1010   -0.0093    0.4077
   -0.1057    0.0934    0.3662
    0.1751    0.0878    0.2167
    0.0051   -0.2072    0.4132
    0.3356    0.0167    0.3812
   -0.0146   -0.0610    0.4566
    0.0068    0.1136    0.2940
   -0.0302    0.0372    0.4788
   -0.1731    0.0410    0.3136
    0.0980    0.0734    0.4125
   -0.1329    0.0541    0.3692
    0.0438    0.0127    0.3779
   -0.1759    0.0203    0.3928
    0.1560    0.0758    0.2461
    0.0225    0.0074    0.4392
    0.0727    0.1654    0.3809
   -0.0110    0.0191    0.3645
    0.1162   -0.0326    0.3248
    0.0553    0.2073    0.3465
   -0.0284    0.0335    0.4583
   -0.0880    0.0426    0.2937
    0.1486    0.0502    0.4293
   -0.0520   -0.0512    0.3317
    0.0653    0.0997    0.3287
   -0.1307    0.0689    0.4261
    0.1313   -0.0583    0.2219
   -0.0012    0.1918    0.4180
   -0.0280   -0.0510    0.4426
   -0.0784    0.1013    0.3145
    0.0512   -0.0034    0.4454
   -0.0159    0.1049    0.3727
   -0.1545   -0.0643    0.4506
    0.0366    0.2154    0.2979
   -0.0053    0.0887    0.5354
   -0.1542    0.0638    0.3009
   -0.0897    0.0284    0.5642
   -0.0009    0.0616    0.2516
    0.0917   -0.0272    0.4799
    0.0032    0.1556    0.3957
   -0.0564   -0.0343    0.3225
   -0.0912    0.1556    0.4362
   -0.0771   -0.0162    0.3432
   -0.0775    0.1115    0.4336
   -0.0076   -0.0076    0.2597
   -0.0609    0.0891    0.5097
    0.0715    0.1042    0.3206
    0.0091   -0.0028    0.5024
   -0.0299    0.1453    0.3144
   -0.1451    0.0302    0.3853
    0.0973   -0.0229    0.3213
   -0.0618    0.1001    0.4498
   -0.1342    0.0034    0.3890
    0.1119   -0.0243    0.2264
   -0.1895    0.1373    0.2993
   -0.0224    0.0462    0.4888
   -0.1364    0.0726    0.2672
    0.0041   -0.0797    0.4338
   -0.0426    0.1359    0.3263
    0.1039    0.0126    0.4482
    0.0759    0.1284    0.3216
   -0.0767    0.0235    0.4025
    0.1105    0.0642    0.3644
   -0.0791    0.0344    0.2859
   -0.0048    0.0928    0.5041
    0.0483    0.0551    0.3052
   -0.0109   -0.0162    0.4110
    0.1353    0.1044    0.3825
   -0.1495    0.0612    0.3129
    0.0345    0.0813    0.4335
   -0.0608    0.2193    0.3558
    0.0228   -0.0623    0.2547
   -0.0899    0.3319    0.5804
    0.1120   -0.0102    0.3234
    0.0263    0.3570    0.3784
    0.1862    0.0579    0.5101
   -0.1507    0.1284    0.5086
   -0.1444   -0.1362    0.1945
    0.2042    0.1863    0.2490
    0.0998   -0.1147    0.1861
   -0.1144   -0.1323    0.0517
   -0.1088   -0.2847    0.3257
   -0.0203   -0.1183    0.5436
   -0.0781    0.3225    0.2994
    0.1589    0.2424    0.5908
    0.0134    0.2227    0.0260
   -0.0675    0.2629    0.6033
   -0.0802    0.1996    0.1945
    0.0380    0.0798    0.5792
    0.1076    0.0654    0.2251
   -0.1762    0.0118    0.3553
   -0.1030   -0.1449    0.4839
    0.0284   -0.0032    0.1624
   -0.0449    0.0777    0.4080
   -0.0431   -0.0197    0.5309
    0.0739    0.2428    0.2635
    0.0400   -0.1776    0.5598
   -0.0757    0.0140    0.2816
    0.0523   -0.1137    0.5651
   -0.0834    0.0930    0.1681
   -0.1279   -0.0209    0.3490
   -0.0341    0.0494    0.5315
   -0.0535    0.0990    0.3070
   -0.0152    0.3592    0.5633
   -0.0078    0.1609    0.4296
    0.1048   -0.0112    0.3376
   -0.1266    0.3289    0.3074
    0.0079   -0.0250    0.3435
    0.1199    0.1913    0.3057
    0.1448    0.0729    0.6107
   -0.1433    0.2134    0.4881
   -0.1196   -0.1096    0.4556
    0.0599    0.2140    0.5948
   -0.1085    0.2489    0.2970
    0.0028   -0.2790    0.4898
    0.1530    0.0474    0.1999
    0.0004   -0.0361    0.2113
    0.1414   -0.0157    0.5238
    0.1411    0.2364    0.3316
    0.0296   -0.0334    0.1731
   -0.1116   -0.1768    0.2840
   -0.0049    0.2027    0.2819
   -0.0705    0.0960    0.5393
    0.0946   -0.2227    0.4122
   -0.0053   -0.0141    0.6041
   -0.1450    0.1966    0.2968
   -0.1067   -0.1268    0.4418
    0.0018    0.1462    0.4266
    0.0765   -0.0252    0.2084
    0.0012    0.0761    0.5403
    0.0828   -0.0047    0.2595
    0.0555    0.2151    0.4658
   -0.1720   -0.0750    0.1579
    0.0326    0.1393    0.4301
   -0.0660    0.1546    0.2504
    0.0072   -0.0395    0.4267
    0.1359    0.1537    0.3596
    0.0263    0.0594    0.0768
   -0.0494   -0.0283    0.2862
    0.0026    0.3660    0.2735
    0.0048    0.0731    0.1677
    0.1092   -0.0915    0.4047
    0.0261    0.0992    0.1007
   -0.0653   -0.1719    0.1216
    0.0912    0.2825    0.1750
    0.0263   -0.2270    0.2131
   -0.0268    0.2765    0.4686
    0.1795    0.0529    0.1387
   -0.0417   -0.1718    0.0979
    0.1119   -0.1123    0.4647
   -0.2362    0.2642    0.1534
    0.0492   -0.1773    0.2617
    0.0797    0.0478    0.6175
    0.1447    0.1857    0.1744
   -0.0603    0.0809    0.5146
   -0.0382    0.1065    0.2420
    0.0296   -0.1351    0.3404
   -0.0972    0.2855    0.3085
    0.0872    0.0347    0.3200
    0.0093    0.1183    0.5194
    0.0907   -0.0071    0.1490
   -0.0515   -0.0030    0.5519
    0.0801    0.2247    0.2882
   -0.1612   -0.1302    0.3651
   -0.1559    0.2418    0.5689
   -0.1631   -0.0932    0.4578
   -0.0102    0.1658    0.2692
   -0.0670   -0.1589    0.3712
    0.1099    0.1082    0.2670
    0.0126   -0.2587    0.3622
   -0.1207   -0.0382    0.1714
    0.0506   -0.0094    0.5586
   -0.1733    0.2593    0.2707
    0.0641   -0.1356    0.2242
   -0.1088    0.2024    0.0734
    0.0044    0.2547    0.4488
    0.0273    0.1724    0.1354
   -0.0403   -0.2080    0.2847
   -0.0280   -0.1702    0.5690
    0.0074    0.2067    0.3962
   -0.0370    0.0144    0.6556
   -0.0002    0.2228    0.2989
    0.0424    0.1084    0.4796
   -0.1864   -0.1988    0.3673
   -0.1577    0.2925    0.3176
    0.0267    0.3944    0.2324
   -0.0685    0.0971    0.1009
   -0.2323    0.1169    0.6044
   -0.0904    0.2383    0.2215
   -0.0377    0.2157    0.6520
   -0.0520   -0.0063    0.5143
   -0.0638    0.0386    0.2556
   -0.0272    0.2201    0.1420
   -0.0015    0.2528    0.5675
    0.0163   -0.1182    0.2207
    0.0918    0.0395    0.4807
   -0.1490    0.1088    0.3035
    0.0492    0.4195    0.6270
   -0.2358    0.1690    0.6124
    0.1012    0.2347    0.3467
   -0.0611   -0.0791    0.1581
    0.0936    0.0783    0.1266
    0.0660   -0.1766    0.6747
   -0.0593    0.1532    0.0441
    0.0875   -0.2046    0.3560
    0.1075    0.3759    0.3960
   -0.0264   -0.0232    0.4404
    0.0720    0.3651    0.4098
   -0.0117    0.0225    0.3290
   -0.0452   -0.0883    0.5208
   -0.0224    0.2433    0.5291
    0.1413   -0.0207    0.6925
   -0.0598    0.1539    0.6797
    0.0868    0.3028    0.2640
    0.1105    0.0156    0.2855
    0.0942    0.2760    0.6354
    0.0642   -0.1027    0.4569
   -0.0054   -0.0883    0.2720
   -0.2201    0.0822    0.4919
   -0.0081    0.1600    0.6232
   -0.0022   -0.0923    0.4032
   -0.0297    0.1739    0.3180
   -0.1043   -0.0349    0.6327
    0.0174    0.3294    0.3056
   -0.0461    0.0862    0.5270
   -0.0480   -0.0060    0.2326
   -0.2461    0.0084    0.3078
   -0.0165    0.2021    0.3732
   -0.0395   -0.0265    0.3600
   -0.0790    0.2068    0.5639
    0.0030   -0.1348    0.4185
   -0.0298    0.2928    0.4237
   -0.1644   -0.0551    0.4084
   -0.0468    0.0607    0.1637
   -0.0038    0.0621    0.4506
    0.0121   -0.1729    0.2709
   -0.0565    0.1870    0.4806
    0.0326    0.0721    0.1473
   -0.0064    0.0962    0.4899
   -0.0400    0.2370    0.3073
    0.0394    0.0023    0.5060
   -0.0772    0.1450    0.1976
    0.0174   -0.1520    0.4738
   -0.0639    0.3006    0.3187
   -0.0662    0.1298    0.2837
   -0.0272   -0.0749    0.5342
   -0.0714   -0.0078    0.1086
   -0.0382   -0.0948    0.3955
   -0.1295    0.1653    0.1678
   -0.0738   -0.1823    0.0919
   -0.1560    0.3069    0.2158
   -0.0992    0.0317    0.3151
   -0.1715    0.1669    0.2020
   -0.1863    0.1577    0.5324
   -0.1071   -0.0307    0.2234
   -0.1978    0.2296    0.2980
   -0.1354   -0.0990    0.3009
   -0.1472    0.0599    0.4569
   -0.2431   -0.0482    0.1662
   -0.1755   -0.0883    0.6090
   -0.2203    0.0433    0.2095
   -0.1462   -0.0905    0.5289
   -0.2383    0.1970    0.4240
   -0.1704   -0.1183    0.3801
   -0.2577    0.0353    0.6220
   -0.1691    0.2462    0.3542
   -0.2619   -0.0521    0.3001
   -0.1801    0.1573    0.6615
   -0.2070    0.3056    0.2550
   -0.2950    0.0880    0.4885
   -0.2238    0.1872    0.2035
   -0.2812    0.0358    0.4487
   -0.1867    0.0146    0.3314
   -0.2565    0.1641    0.3630
   -0.1893    0.0383    0.4403
   -0.2109   -0.1270    0.5892
   -0.2924    0.0628    0.2150
   -0.2523    0.3102    0.4449
   -0.3377   -0.0532    0.4966
   -0.2928   -0.2194    0.2709
   -0.3227    0.1277    0.0680
   -0.4111   -0.0645    0.3257
   -0.4035    0.1495    0.4798
   -0.3293   -0.0746    0.3458
   -0.3179    0.3408    0.3686
   -0.4008   -0.0303    0.6274
   -0.3417    0.1274    0.1818
   -0.4183    0.1505    0.2665
   -0.3635    0.2100    0.5685
   -0.4557   -0.1545    0.3635
   -0.3813    0.2591    0.3454
   -0.4712    0.0010    0.4298
   -0.3998    0.1494    0.3240
   -0.4884   -0.0480    0.3027
   -0.4552   -0.0384    0.5675
   -0.5395    0.1704    0.3201
   -0.5529    0.0027    0.4789
   -0.4642    0.0356    0.2310
   -0.5473   -0.0425    0.4850
   -0.4570    0.1586    0.2373
   -0.5306    0.0682    0.4352
   -0.4349    0.1821    0.2195
   -0.5025   -0.0681    0.3110
   -0.5096    0.1112    0.4748
   -0.4408    0.0229    0.3191
   -0.5256    0.2518    0.3103
   -0.4765    0.1574    0.4032
   -0.4743   -0.0343    0.3444
   -0.5463    0.1670    0.4759
   -0.5520    0.0038    0.4262
   -0.4742    0.1932    0.3280
   -0.5617   -0.0696    0.2856
   -0.5751    0.0317    0.4901
   -0.4832    0.0526    0.2131
   -0.5238    0.1316    0.3717
   -0.4460    0.2347    0.4660
   -0.5087   -0.1194    0.4546
   -0.4250   -0.0142    0.2140
   -0.4729    0.1467    0.4792
   -0.3980   -0.0767    0.6264
   -0.4550    0.0895    0.4845
   -0.3724   -0.0483    0.4296
   -0.4305    0.1700    0.3700
   -0.3779   -0.0763    0.1967
   -0.4559    0.0206    0.3117
   -0.4446    0.1453    0.4641
   -0.3538   -0.0941    0.4787
   -0.3582    0.1611    0.2752
   -0.4380   -0.0718    0.3307
   -0.3655    0.1030    0.3831
   -0.4314   -0.0070    0.5053
   -0.4448    0.1000    0.2745
   -0.3590    0.3554    0.3084
   -0.3860   -0.0867    0.2162
   -0.2991    0.3009    0.3466
   -0.2627    0.1517    0.5167
   -0.2551   -0.1055    0.2745
   -0.3498    0.1167    0.3654
   -0.2733    0.0202    0.6004
   -0.3161   -0.0736    0.2317
   -0.2227    0.1042    0.0618
   -0.3029    0.1640    0.4876
   -0.2926    0.0506    0.2233
   -0.2163   -0.1526    0.4061
   -0.2848    0.0757    0.1821
   -0.2547   -0.0312    0.4131
   -0.1718   -0.2108    0.1066
   -0.1663    0.0794    0.0212
   -0.2447   -0.2391    0.3972
   -0.1624    0.1235    0.3928
   -0.2198   -0.1378    0.4839
   -0.1240   -0.0465    0.5941
   -0.2192    0.0540    0.3509
   -0.1567    0.2952    0.4311
   -0.1475   -0.1933    0.4464
   -0.2308    0.0791    0.3967
   -0.1623    0.1533    0.2090
   -0.2288    0.1228    0.5536
   -0.1559    0.2425    0.1442
   -0.1678   -0.0936    0.2994
   -0.2428    0.1536    0.3945
   -0.2493   -0.1059    0.4698
   -0.1832    0.1649    0.5179
   -0.2423   -0.0996    0.2340
   -0.1460   -0.0083    0.6555
   -0.2172    0.1040    0.3582
   -0.1636   -0.1597    0.4718
   -0.2375    0.2859    0.2735
   -0.2234   -0.0170    0.5326
   -0.1324    0.1709    0.0941
   -0.1414    0.2188    0.5220
   -0.2215    0.0189    0.5916
   -0.1632   -0.0380    0.3023
   -0.2468    0.1181    0.6129
   -0.1550   -0.0366    0.3316
   -0.2444    0.1906    0.3001
   -0.1554   -0.1777    0.3388
   -0.1512    0.2202    0.4240
   -0.2347   -0.0136    0.1598
   -0.1739    0.2982    0.3252
   -0.2631   -0.1028    0.2056
   -0.2630    0.1742    0.3620
   -0.1802    0.1282    0.1659
   -0.2668   -0.1889    0.3172
   -0.1762    0.1267    0.5299
   -0.2477   -0.1713    0.2264
   -0.1708    0.1424    0.4698
   -0.2382   -0.0103    0.1463
   -0.2512    0.0445    0.6284
   -0.1876   -0.0639    0.3162
   -0.2578    0.1079    0.4389
   -0.1984   -0.1179    0.4105
   -0.2710    0.0239    0.1940
   -0.1777    0.2626    0.5135
   -0.2258   -0.2664    0.4278
   -0.1504   -0.0953    0.6354
   -0.1386   -0.0594    0.2643
   -0.2022   -0.1294    0.5021
   -0.1161    0.0526    0.6600
   -0.2026    0.1343    0.3695
   -0.1362   -0.0825    0.4820
   -0.1959    0.1147    0.5876
   -0.1466    0.0510    0.2375
   -0.2402    0.2746    0.4938
   -0.1679   -0.1150    0.5096
   -0.1781    0.2928    0.3494
   -0.2733    0.1633    0.1831
   -0.2022    0.0536    0.6141
   -0.2899   -0.0533    0.1823
   -0.2422   -0.1088    0.4982
   -0.3299    0.2043    0.3245
   -0.2384   -0.0731    0.3514
   -0.3100    0.2022    0.2979
   -0.2467    0.1379    0.5098
   -0.2793   -0.0535    0.2335
   -0.3616   -0.1904    0.4388
   -0.3339    0.0256    0.4733
   -0.2430    0.1106    0.2837
   -0.2998   -0.1929    0.4945
   -0.2149    0.2012    0.3393
   -0.2705   -0.1487    0.2765
   -0.2102    0.0571    0.4425
   -0.2967    0.0793    0.2164
   -0.2156   -0.0502    0.4867
   -0.3024   -0.0102    0.0951
   -0.2570    0.3070    0.2923
   -0.3326   -0.1300    0.3513
   -0.2655    0.0391    0.2788
   -0.2619    0.2058    0.2394
   -0.3566    0.0849    0.5891
   -0.3550   -0.1194    0.3421
   -0.2709    0.3351    0.3688
   -0.3241    0.0264    0.3556
   -0.2667    0.1759    0.5258
   -0.3581   -0.0439    0.1900
   -0.2663    0.2699    0.4769
   -0.3075   -0.1472    0.3944
   -0.2118    0.1344    0.2423
   -0.2751   -0.0611    0.4821
   -0.1871    0.1462    0.3964
   -0.2398   -0.0745    0.3597
   -0.2435    0.1259    0.4219
   -0.1643   -0.0171    0.5052
   -0.1516   -0.0140    0.2586
   -0.2334    0.2125    0.4994
   -0.1892   -0.0885    0.3763
   -0.2573    0.0254    0.3816
   -0.1728    0.1084    0.4081
   -0.2455   -0.0808    0.4477
   -0.2174    0.1244    0.3045
   -0.1446    0.0239    0.5009
   -0.1726    0.0379    0.3531
   -0.2512    0.0984    0.5840
   -0.1878   -0.0321    0.2584
   -0.2552    0.1821    0.5459
   -0.1622   -0.0717    0.4006
   -0.1379    0.1266    0.3864
   -0.2284    0.0540    0.4335
   -0.1829   -0.0748    0.2835
   -0.2725    0.1303    0.1611
   -0.2462    0.2820    0.3913
   -0.1498   -0.0050    0.1464
   -0.2372    0.0228    0.6378
   -0.2686    0.2702    0.2249
   -0.2133    0.3001    0.4302
   -0.2650    0.1225    0.4825
   -0.2334   -0.0412    0.2128
   -0.1443   -0.1483    0.5881
   -0.1360    0.1151    0.1974
   -0.2179    0.2557    0.6001
   -0.1237   -0.1225    0.4014
   -0.1676    0.2353    0.2617
   -0.1035   -0.1919    0.2752
   -0.1492    0.1057    0.4318
   -0.0723   -0.0035    0.2875
   -0.1406    0.1786    0.4096
   -0.1457   -0.0412    0.4302
   -0.0649    0.0579    0.3146
   -0.1329    0.0915    0.4977
   -0.1059    0.0777    0.2551
   -0.2013    0.0083    0.6322
   -0.1439    0.0383    0.3386
   -0.1987    0.1427    0.6061
   -0.1314    0.2212    0.1746
   -0.2168    0.1110    0.4549
   -0.1325    0.1556    0.2374
   -0.1059   -0.0449    0.5432
   -0.1946    0.1934    0.4241
   -0.1902   -0.0229    0.2246
   -0.1047   -0.1094    0.4223
   -0.1643   -0.1651    0.1981
   -0.1038    0.0451    0.5803
   -0.1943    0.2730    0.2306
   -0.2184    0.1131    0.5852
   -0.1627    0.1964    0.3566
   -0.2262   -0.0997    0.3680
   -0.1623    0.0275    0.4543
   -0.2414    0.2913    0.4391
   -0.1882   -0.1691    0.4500
   -0.2628    0.1267    0.3034
   -0.2099    0.0316    0.7282
   -0.2962    0.2121    0.1940
   -0.2414    0.3233    0.5961
   -0.3069    0.0374    0.3528
   -0.2318    0.1687    0.5896
   -0.3230   -0.0011    0.1813
   -0.2834   -0.0346    0.4645
   -0.3696   -0.0036    0.2097
   -0.3961    0.0396    0.4581
   -0.3039   -0.1668    0.4298
   -0.3130    0.0420    0.4666
   -0.4046   -0.0947    0.2477
   -0.4393    0.1756    0.3746
   -0.3455   -0.0422    0.4586
   -0.3923    0.0269    0.2952
   -0.3285    0.2882    0.3961
   -0.4084   -0.0452    0.3798
   -0.3223   -0.1664    0.5284
   -0.3743    0.0317    0.2764
   -0.3076    0.0794    0.5902
   -0.3718    0.0340    0.2711
   -0.3095    0.0349    0.4906
   -0.3814   -0.0420    0.2525
   -0.3285    0.1956    0.3305
   -0.3246    0.0231    0.2336
   -0.4034    0.0038    0.4440
   -0.3115    0.2311    0.4307
   -0.3353   -0.1031    0.3839
   -0.4318    0.1534    0.3805
   -0.3626    0.2016    0.1811
   -0.4382   -0.0713    0.2392
   -0.3590    0.1863    0.5004
   -0.3483   -0.0663    0.3627
   -0.3595    0.0058    0.1509
   -0.4416    0.1144    0.5149
   -0.3823   -0.1554    0.3680
   -0.4100    0.0955    0.5087
   -0.3502   -0.0804    0.2729
   -0.3377    0.0853    0.5594
   -0.4001    0.1117    0.2594
   -0.3864    0.1547    0.4444
   -0.3398   -0.1035    0.4714
   -0.3979    0.1611    0.2215
   -0.3837    0.1201    0.4414
   -0.4367   -0.0404    0.2888
   -0.3750   -0.0604    0.5122
   -0.4305    0.1661    0.5990
   -0.4575   -0.0397    0.3891
   -0.4491    0.0685    0.2564
   -0.3979    0.2501    0.3696
   -0.4228    0.0650    0.2254
   -0.4124   -0.0124    0.4990
   -0.3479    0.1390    0.3375
   -0.3941   -0.0620    0.3632
   -0.3306   -0.1012    0.5776
   -0.3846    0.0308    0.2686
   -0.3283    0.2559    0.3343
   -0.3418   -0.1269    0.4478
   -0.2891    0.1091    0.4536
   -0.3191   -0.1170    0.3194
   -0.3813    0.1845    0.3986
   -0.3791    0.0137    0.4848
   -0.3280    0.1563    0.4243
   -0.3095   -0.1092    0.5338
   -0.3564   -0.0624    0.3734
   -0.3410    0.1248    0.4091
   -0.3003   -0.0431    0.4283
   -0.3482   -0.1122    0.5551
   -0.3120    0.1006    0.3609
   -0.3058    0.0099    0.4569
   -0.3584    0.0597    0.3561
   -0.3195   -0.0894    0.4607
   -0.3628    0.1448    0.3263
   -0.3276   -0.0563    0.3875
   -0.3294    0.1655    0.3973
   -0.3936   -0.0441    0.4466
   -0.3672    0.1933    0.4678
   -0.4071   -0.0533    0.3423
   -0.3499    0.1321    0.3023
   -0.3301    0.0291    0.5697
   -0.3664    0.0031    0.3844
   -0.3475    0.1863    0.1184
   -0.2969   -0.4209    0.9615
   -0.2748   -0.4655    0.3182
   -0.2749    0.0401    0.2387
   -0.3061    0.1578    0.3978
   -0.3586   -0.3121    0.2090
   -1.0103   -0.5765    1.1253
   -0.3580   -0.0866    0.7772
   -0.3867    0.1566    0.8331
   -0.3228    0.2417    0.7541
   -0.2910    0.1172    0.7494
   -0.3286   -0.0568    0.4267
   -0.2798    0.1115    0.4186
   -0.2772    0.0554    0.2824
   -0.3401    0.1461    0.4773
   -0.3078   -0.0405    0.3303
   -0.3278   -0.0824    0.5408
   -0.3932    0.0416    0.3257
   -0.3647    0.0898    0.4271
   -0.3529   -0.0544    0.5519
   -0.4050    0.1213    0.3832
   -0.3471   -0.0908    0.4392
   -0.4006    0.0905    0.3814
   -0.3454   -0.0300    0.4864
   -0.3478    0.2248    0.4118
   -0.2948    0.1070    0.2386
   -0.3369   -0.0299    0.3041
   -0.3221    0.0901    0.5133
   -0.2589    0.2042    0.2882
   -0.2727   -0.0041    0.4179
   -0.3325    0.2032    0.4630
   -0.2721    0.0156    0.2345
   -0.3365   -0.0567    0.3422
   -0.3338    0.0093    0.4698
   -0.3745    0.0298    0.2792
   -0.3491   -0.0152    0.5162
   -0.4091    0.0697    0.2632
   -0.3541    0.0599    0.4652
   -0.3849   -0.0266    0.1691
   -0.3522    0.0016    0.4040
   -0.3550    0.1618    0.3535
   -0.4098    0.0336    0.4612
   -0.3847    0.1187    0.3064
   -0.4382   -0.0005    0.5225
   -0.4508    0.1327    0.3760
   -0.3856   -0.0687    0.5154
   -0.4505    0.1252    0.4839
   -0.4272   -0.0147    0.3405
   -0.4668    0.0420    0.5371
   -0.4034   -0.0155    0.2920
   -0.4073    0.1100    0.4770
   -0.3422   -0.0138    0.3842
   -0.3587   -0.1549    0.3323
   -0.2994    0.0387    0.5040
   -0.3406   -0.1263    0.3318
   -0.2873    0.1259    0.4212
   -0.2649    0.0462    0.3132
   -0.2951    0.0469    0.5080
   -0.2409    0.0007    0.3428
   -0.2622    0.0924    0.4964
   -0.2033   -0.1686    0.4304
   -0.1773    0.2174    0.4077
   -0.1840   -0.1016    0.3087
   -0.2393    0.0763    0.4724
   -0.2273   -0.0595    0.2703
   -0.2641    0.1601    0.4553
   -0.2585   -0.0247    0.5036
   -0.3015   -0.0200    0.3011
   -0.2839    0.1741    0.4209
   -0.2299   -0.1050    0.4159
   -0.2582    0.1612    0.3622
   -0.2205    0.0604    0.2399
   -0.2072   -0.1121    0.3987
   -0.2457    0.1337    0.4557
   -0.1970    0.0399    0.2592
   -0.2249   -0.0289    0.4311
   -0.2174    0.1922    0.5238
   -0.1560    0.1856    0.2712
   -0.1530   -0.2198    0.4427
   -0.1958    0.1046    0.6948
   -0.1476    0.1378    0.2569
   -0.1532    0.0366    0.6204
   -0.0945    0.1011    0.2938
   -0.1357    0.0981    0.5646
   -0.0877    0.0827    0.3392
   -0.1525    0.1064    0.6651
   -0.1019   -0.1133    0.5510
   -0.0731    0.0479    0.3469
   -0.1233    0.0669    0.5113
   -0.0620   -0.2090    0.4521
   -0.1167   -0.0342    0.3138
   -0.0865    0.0954    0.4082
   -0.1497    0.0444    0.2957
   -0.1618   -0.0114    0.5616
   -0.1484    0.0884    0.4731
   -0.0862    0.0223    0.3462
   -0.1361   -0.0963    0.4978
   -0.0749    0.0566    0.3982
   -0.0234   -0.1089    0.3570
   -0.0672    0.0503    0.3721
   -0.0825   -0.1249    0.4286
   -0.0741    0.0791    0.5059
   -0.0202   -0.0280    0.3585
   -0.0519    0.0846    0.5308
   -0.0299   -0.1393    0.4194
    0.0130    0.0150    0.3842
   -0.0447    0.0597    0.5310
   -0.1758    0.0156    0.6038
    0.0376    0.0270    0.4524
   -0.0387    0.0659    0.4289
    0.1002    0.0056    0.4289
   -0.0692   -0.0244    0.4886
    0.0699   -0.0289    0.5962
   -0.0398   -0.0411    0.4617
    0.0972    0.0351    0.4754
    0.0558   -0.1221    0.4275
   -0.0843    0.0695    0.4326
    0.0584   -0.1166    0.3935
    0.0121    0.1129    0.4940
   -0.0545   -0.0412    0.4136
    0.1190    0.0801    0.4754
   -0.0269   -0.0261    0.4856
    0.1365    0.0389    0.4479
   -0.0645   -0.0643    0.4895
    0.0549    0.1220    0.4708
    0.1253   -0.0740    0.4794
   -0.0018    0.0619    0.5274
    0.1511   -0.0864    0.4798
   -0.0671   -0.0445    0.4754
    0.0883    0.0980    0.4132
   -0.0122   -0.0045    0.5374
   -0.0734   -0.0543    0.3825
    0.1147    0.0159    0.4410
   -0.0783    0.0587    0.4940
   -0.0415   -0.1917    0.3737
    0.0172    0.1403    0.5792
    0.0263    0.0629    0.3865
    0.0928   -0.0859    0.4223
    0.1814    0.1164    0.4245
    0.0364    0.0094    0.4178
    0.1667   -0.0055    0.3782
    0.0684    0.1279    0.5069
    0.0267   -0.0579    0.3904
    0.0417    0.1377    0.4626
    0.1042   -0.0215    0.3613
   -0.0702    0.0870    0.4084
    0.1615    0.0267    0.4988
    0.0409    0.0560    0.3464
    0.1759    0.1223    0.5053
    0.0340    0.1689    0.2956
    0.2026    0.1034    0.3285
    0.0382    0.1346    0.2519
    0.1431    0.0306    0.4640
    0.0648   -0.1099    0.3492
    0.0669    0.1563    0.3461
    0.1451    0.1712    0.5685
   -0.0540    0.1108    0.2631
   -0.0115    0.1325    0.4961
    0.1242    0.1952    0.3086
    0.0974    0.0290    0.3352
    0.1595    0.1943    0.4728
    0.0936    0.1388    0.6453
    0.0754   -0.1360    0.2924
    0.0773    0.1762    0.4240
   -0.1245    0.1514    0.2913
    0.0911    0.2031    0.4670
    0.0481   -0.0094    0.2709
   -0.0080    0.2302    0.3308
   -0.1249    0.0836    0.6296
   -0.0679    0.1551    0.5320
    0.1102    0.1913    0.2608
   -0.0822    0.1776    0.2920
    0.1783    0.1769    0.4705
    0.0461    0.1730    0.3854
    0.0211    0.1903    0.6780
   -0.0218    0.0263    0.3622
   -0.0243    0.1196    0.5780
    0.1698    0.0596    0.5204
    0.1339    0.1641    0.3239
   -0.0831   -0.1072    0.4109
    0.0882    0.1252    0.6173
    0.0882    0.1543    0.3232
    0.1005   -0.0278    0.3095
    0.0717    0.0099    0.5832
    0.0024   -0.1266    0.3146
    0.0657    0.1136    0.5038
    0.1935    0.0648    0.3159
   -0.0262    0.1093    0.2880
   -0.1952    0.1105    0.3953
    0.0926   -0.2115    0.3995
    0.0635    0.1165    0.2839
    0.2189    0.0841    0.3254
   -0.0364   -0.0472    0.2786
    0.0753    0.0857    0.5582
    0.1284    0.1325    0.2814
   -0.0105    0.0845    0.6288
   -0.0132   -0.0825    0.3075
    0.3601    0.0360    0.5808
    0.1898    0.0142    0.7138
    0.2297    0.0444    0.5418
    0.3084   -0.0652    0.7982
    0.0880   -0.2440    0.6489
    0.1608   -0.0041    0.8457
    0.0130    0.0564    0.6424
    0.0747   -0.2568    0.4309
    0.0358   -0.0033    0.7641
   -0.0440   -0.0941    0.2392
   -0.0061   -0.0191    0.7201
    0.0880    0.0177    0.2302
   -0.0782   -0.1778    0.4933
    0.1955    0.0083    0.2858
    0.0061   -0.1657    0.4182
    0.0851    0.0119    0.4727
    0.1514   -0.0251    0.3228
    0.0220   -0.0173    0.4219
   -0.0756    0.0485    0.1421
    0.0467    0.0121    0.1321
   -0.0825    0.0641    0.2168
    0.2530    0.0349    0.3961
    0.0425    0.0667    0.3854
   -0.0183   -0.0160    0.2798
   -0.0758    0.0541    0.4934
    0.1722    0.0252    0.4337
    0.1290    0.0743    0.3007
    0.0785   -0.0161    0.4738
    0.0632    0.0688    0.1644
   -0.0838    0.0151    0.5063
    0.0490   -0.1083    0.1030
    0.0301    0.0071    0.3912
    0.0862   -0.0303    0.4828
   -0.0859   -0.0730    0.2202
    0.1380   -0.0616    0.5573
   -0.0907   -0.0163    0.1952
    0.0385   -0.0768    0.4054
    0.1841   -0.0283    0.3181
    0.0132   -0.0451    0.1362
    0.1739   -0.0108    0.5407
   -0.0240   -0.0512    0.2339
    0.1981   -0.0198    0.4174
    0.0901    0.0052    0.1233
    0.1670   -0.0481    0.6413
    0.2661   -0.0274    0.2700
    0.0716   -0.0258    0.5321
    0.1102   -0.0572    0.2695
    0.0484   -0.1138    0.4608
    0.0294   -0.1660    0.0949
    0.1337   -0.1422    0.3908
    0.0631   -0.1179    0.4873
    0.1204   -0.1718    0.1831
    0.2009   -0.2169    0.4686
   -0.1102   -0.1315    0.2480
    0.1846   -0.1142    0.5834
    0.0309   -0.3300    0.2270
   -0.0060   -0.0880    0.5455
   -0.1302   -0.1327    0.6144
    0.1251   -0.1278    0.3008
   -0.0688   -0.0686    0.6510
    0.1043   -0.1351    0.3776
   -0.0819   -0.1226    0.2226
    0.2905   -0.1642    0.3727
   -0.0803   -0.1490    0.5288
   -0.0209   -0.1907    0.1243
    0.2046   -0.2605    0.1549
    0.1920   -0.1552    0.5382
    0.0790   -0.0923    0.0907
   -0.1531   -0.1261    0.3431
    0.3335   -0.0984    0.5486
   -0.0774   -0.1907    0.2540
    0.1151   -0.1009    0.5171
    0.2693   -0.1612    0.1584
    0.2318   -0.2888    0.4129
    0.1003   -0.1235    0.4869
   -0.0401   -0.1612    0.3421
    0.0875   -0.1022    0.6228
    0.1389   -0.1232    0.3361
    0.2549   -0.0767    0.7160
    0.0934   -0.0816    0.3163
    0.2112   -0.1475    0.6182
    0.2417   -0.1471    0.1912
    0.1710   -0.2556    0.2543
    0.1310   -0.1920    0.5941
    0.0744   -0.2327    0.2349
    0.3387   -0.1905    0.3178
    0.0758   -0.4058    0.4622
   -0.0691   -0.2478    0.4974
    0.3564   -0.3453    0.5441
    0.2940   -0.2427    0.2921
    0.0574   -0.1142    0.1050
   -0.0462   -0.1068    0.1022
    0.2787   -0.2658    0.4374
    0.0079   -0.1406    0.2650
    0.1581   -0.1656    0.3433
    0.1313   -0.1073    0.6514
    0.2714   -0.1667    0.2697
   -0.0542   -0.1075    0.5570
    0.1756   -0.3603    0.4884
   -0.0343   -0.1410    0.4543
    0.1076   -0.0775    0.5808
   -0.0083   -0.1190    0.3291
    0.2886   -0.1627    0.5379
    0.0937   -0.1085    0.0820
    0.0888   -0.0791    0.3748
    0.2841   -0.1247    0.3417
    0.2197   -0.0802    0.0590
    0.2289   -0.0844    0.3481
    0.0461   -0.2239    0.1736
    0.1282   -0.1025    0.5692
    0.0149   -0.1194    0.3268
    0.0051   -0.0815    0.0746
    0.2158   -0.2184    0.2903
   -0.0103   -0.1002    0.5075
   -0.0463   -0.1090    0.3035
    0.0501   -0.1734    0.5175
   -0.0641   -0.1686    0.2995
   -0.0117   -0.1993    0.6628
   -0.0179   -0.0794    0.1455
    0.0433   -0.0919    0.2944
    0.0476   -0.0381    0.5711
    0.1303   -0.0469    0.5304
    0.3585   -0.1124    0.5922
    0.0864   -0.1093    0.4340
    0.1430   -0.0508    0.1264
    0.0934   -0.1269    0.6540
    0.1314   -0.1149    0.0481
    0.1047   -0.0609    0.6667
    0.1591   -0.0826    0.3190
    0.4175   -0.1403    0.3901
    0.2248   -0.3080    0.3411
    0.1839   -0.2805    0.6029
    0.2076   -0.1363    0.2994
    0.1507   -0.1091    0.6010
    0.1635   -0.0524    0.3676
    0.1304   -0.0662    0.1728
    0.1232   -0.0342    0.4777
    0.1736   -0.2277    0.4375
    0.1647   -0.0390    0.6596
    0.2657   -0.0619    0.0761
    0.2049   -0.0000    0.5374
    0.1901    0.0178    0.2757
    0.1283   -0.0242    0.5694
    0.1823    0.0063    0.7006
    0.1323    0.0089    0.2262
    0.1217   -0.0215    0.0686
    0.0941   -0.1091    0.4694
    0.1533   -0.0898    0.1446
    0.1584   -0.0324    0.6285
    0.0949   -0.0885    0.4085
    0.1425   -0.0917    0.1748
    0.1270   -0.0565    0.5112
    0.2357   -0.0446    0.3857
    0.1523   -0.1009    0.2491
    0.1980   -0.1149    0.4296
    0.3352   -0.0947    0.1784
    0.1795   -0.1135    0.4362
    0.2414   -0.2866    0.3122
    0.1924   -0.0781    0.5650
    0.2569   -0.1290    0.3111
    0.2330   -0.1361    0.1708
    0.2627   -0.0950    0.4047
    0.2272   -0.1640    0.5575
    0.2401   -0.1049    0.2071
    0.1815   -0.1052    0.4356
    0.2481   -0.0785    0.3057
    0.2214   -0.0121    0.4355
    0.2487   -0.0736    0.4922
    0.3097   -0.0689    0.3732
    0.2678   -0.0527    0.2956
    0.2886    0.0082    0.5180
    0.2567   -0.0400    0.4200
    0.2897    0.0433    0.3130
    0.3557    0.0400    0.4516
    0.3047   -0.1144    0.2779
    0.3513    0.0198    0.4430
    0.3222   -0.0844    0.4460
    0.3286   -0.0326    0.2633
    0.3721   -0.0816    0.5127
    0.3352    0.0149    0.3038
    0.3529   -0.0544    0.5433
    0.3169   -0.0252    0.3684
    0.3292   -0.1025    0.3825
    0.3923   -0.0557    0.2312
    0.3618   -0.0291    0.5453
    0.4163    0.0239    0.3538
    0.3498   -0.0149    0.4824
    0.3930   -0.0028    0.2850
    0.3443    0.0114    0.5033
    0.3999   -0.0734    0.2917
    0.3895    0.0312    0.5372
    0.3412   -0.0060    0.4468
    0.3735    0.0430    0.2903
    0.3172    0.0415    0.5223
    0.3157    0.0779    0.3824
    0.3753   -0.0739    0.3517
    0.3502    0.0747    0.4984
    0.3938    0.1173    0.3249
    0.3688   -0.0451    0.4377
    0.3989    0.0791    0.2912
    0.4601    0.0736    0.3885
    0.4694   -0.0192    0.5625
    0.4313   -0.0406    0.2888
    0.4686    0.0400    0.4817
    0.4059    0.0420    0.2978
    0.3972   -0.0461    0.4321
    0.4553    0.1404    0.3931
    0.4369   -0.0726    0.4337
    0.3740    0.0999    0.4125
    0.4220   -0.0541    0.3890
    0.3745    0.1205    0.3784
    0.4016    0.0126    0.5151
    0.3487    0.0149    0.3665
    0.3352    0.1905    0.6047
    0.3865   -0.0592    0.2517
    0.3237    0.2089    0.4148
    0.3863   -0.2740    0.4567
    0.4021   -0.0166    0.5512
    0.3411    0.0211    0.3932
    0.3617   -0.1620    0.3216
    0.3329    0.2429    0.4366
    0.3255    0.0563    0.0867
    0.3736    0.1135    0.3015
    0.3348    0.0343    0.5531
    0.3807    0.0699    0.3107
    0.3979   -0.1480    0.3065
    0.3701    0.2712    0.4563
    0.3052   -0.1365    0.4300
    0.3640    0.0890    0.1644
    0.3636   -0.0206    0.6196
    0.3181   -0.0045    0.2875
    0.3163   -0.1372    0.5778
    0.3784   -0.2633    0.5919
    0.3268    0.1582    0.2423
    0.3844    0.1903    0.3616
    0.3858   -0.2294    0.4751
    0.3516    0.1671    0.5970
    0.3949    0.0827    0.2542
    0.3917   -0.1574    0.2806
    0.3278    0.0439    0.4424
    0.3899    0.0838    0.2074
    0.3423   -0.0082    0.4295
    0.3318   -0.0107    0.1850
    0.3689    0.1822    0.4778
    0.3214    0.0116    0.2613
    0.3617   -0.0604    0.5338
    0.3728   -0.0694    0.0818
    0.3657   -0.2633    0.2974
    0.3168    0.2027    0.3781
    0.3305   -0.2534    0.2700
    0.2959    0.1252    0.0866
    0.3070   -0.1728    0.5330
    0.2695    0.1227    0.1298
    0.2987   -0.1762    0.3996
    0.2456   -0.0717    0.2364
    0.2633    0.1835    0.4330
    0.2090    0.1116    0.2351
    0.1908    0.0184    0.5716
    0.2498    0.2211    0.1954
    0.2360    0.1226    0.5200
    0.1791    0.1060    0.2123
    0.2373   -0.1991    0.4235
    0.1918    0.1547    0.6627
    0.2085   -0.1101    0.2969
    0.2734   -0.0733    0.5886
    0.3077   -0.0923    0.3019
    0.2412    0.1842    0.5478
    0.2132    0.1205    0.6300
    0.2509    0.1217    0.1709
    0.2647    0.1843    0.3993
    0.2064    0.0147    0.6054
    0.2108   -0.0131    0.1228
    0.2626    0.1916    0.3684
    0.2217    0.1409    0.5937
    0.2578   -0.2348    0.3044
    0.3181   -0.0051    0.5431
    0.3408   -0.2770    0.4136
    0.2781    0.1299    0.2809
    0.3089   -0.0936    0.4878
    0.2790    0.0351    0.3950
    0.3182   -0.1304    0.5963
    0.2628   -0.0119    0.3213
    0.3185    0.0362    0.1428
    0.2523   -0.0467    0.4876
    0.2551    0.0495    0.2789
    0.2674   -0.2501    0.4026
    0.3311   -0.0930    0.6172
    0.3665    0.1212    0.4583
    0.3025   -0.1463    0.2187
    0.3306    0.0307    0.0443
    0.2922   -0.1993    0.4105
    0.3460   -0.1188    0.1378
    0.5212   -0.1041    0.6262
    0.4099   -0.2444    0.3865
    0.3764    0.1172    0.6095
    0.5469    0.2271    0.5212
    0.4187   -0.3044    0.4783
    0.3602   -0.2235    0.1718
    0.3787    0.2197    0.5582
    0.3502   -0.0872    0.5604
    0.4164   -0.1255    0.2482
    0.3649    0.1472    0.5322
    0.4075    0.2576    0.2851
    0.3627   -0.2466    0.4337
    0.3928    0.1360    0.5082
    0.3683    0.0516    0.2027
    0.4131   -0.0859    0.5210
    0.3513   -0.1352    0.1895
    0.3596    0.0348    0.4247
    0.2969   -0.1934    0.2378
    0.3024   -0.0882    0.3476
    0.2899    0.0041    0.0252
    0.2284    0.2981    0.3871
    0.2128    0.1798    0.1629
    0.2137    0.2050    0.4793
    0.2607   -0.0437    0.0405
    0.2116    0.3268    0.2299
    0.2367    0.2757    0.4571
    0.2882   -0.1075    0.1101
    0.2719    0.3571    0.2919
    0.3260    0.1922    0.0919
    0.3445    0.0420    0.3256
    0.2829   -0.0557    0.4402
    0.2864    0.1382    0.1894
    0.3328   -0.1115    0.3872
    0.3076    0.1183    0.3898
    0.3702    0.2295    0.2073
    0.3913   -0.0605    0.5284
    0.3783   -0.1156    0.1912
    0.3170    0.2838    0.3204
    0.3780   -0.0799    0.0337
    0.3508    0.1994    0.4922
    0.4138   -0.2156    0.4175
    0.3644    0.2960    0.4425
    0.4188   -0.1867    0.5794
    0.4037    0.3159    0.5752
    0.4597    0.0102    0.5430
    0.3987   -0.0146    0.2814
    0.4264    0.1867    0.5215
    0.3749    0.1599    0.1609
    0.3739   -0.0255    0.4397
    0.4316   -0.2287    0.3034
    0.3712   -0.0801    0.6453
    0.4208   -0.2136    0.3817
    0.4178    0.1608    0.6635
    0.3771   -0.2104    0.3964
    0.4403   -0.0961    0.1584
    0.4001   -0.0304    0.4705
    0.4148   -0.1656    0.3323
    0.4742    0.1151    0.3784
    0.4294   -0.1644    0.1782
    0.4827   -0.2431    0.6007
    0.4222    0.0300    0.2304
    0.4088    0.1105    0.5969
    0.4271   -0.2485    0.3715
    0.4866   -0.1274    0.6295
    0.5034   -0.2615    0.5427
    0.4694   -0.1109    0.2809
    0.5258    0.0612    0.5523
    0.4981    0.2865    0.4336
    0.5011   -0.0925    0.5942
    0.5446   -0.2578    0.5451
    0.5319   -0.0229    0.3232
    0.4728    0.1397    0.5498
    0.4474   -0.1435    0.2348
    0.4440   -0.0202    0.5140
    0.4953    0.0704    0.2000
    0.5105   -0.0641    0.5424
    0.4963    0.2812    0.4931
    0.4468    0.0806    0.4419
    0.4853   -0.1931    0.4743
    0.4395    0.0042    0.2788
    0.4936    0.1771    0.4575
    0.4308   -0.1387    0.5086
    0.4176    0.3318    0.3202
    0.4798   -0.1105    0.3711
    0.4294    0.1749    0.4169
    0.4528    0.0868    0.0917
    0.5117    0.1633    0.3371
    0.5476   -0.1709    0.4426
    0.5169    0.1142    0.2711
    0.5286   -0.0176    0.4162
    0.5741    0.3086    0.2988
    0.5231   -0.0828    0.2511
    0.5241    0.3403    0.1557
    0.4752    0.0733    0.2534
    0.4688   -0.1814    0.4267
    0.5253    0.2288    0.2041
    0.5457   -0.1609    0.4658
    0.5373   -0.2156    0.4876
    0.4790   -0.1266    0.0810
    0.5345    0.1165    0.4593
    0.5357    0.0890   -0.0055
    0.5883    0.1989    0.4460
    0.5414   -0.2088    0.3126
    0.5514   -0.1548    0.1174
    0.5037    0.0060    0.4281
    0.5574   -0.1992    0.1922
    0.5726    0.0881    0.4708
    0.5210    0.1002    0.1231
    0.5620    0.0404    0.2033
    0.5203   -0.1408    0.4228
    0.5833   -0.0195    0.2490
    0.5611   -0.1418    0.1788
    0.6173    0.0150    0.4402
    0.5716    0.1418    0.0990
    0.6020   -0.1831    0.3989
    0.5934    0.1096    0.4213
    0.5309   -0.0309    0.2829
    0.5252   -0.1754    0.4365
    0.5735   -0.1102    0.0720
    0.5139    0.0074    0.4980
    0.5491   -0.1377    0.3175
    0.5118    0.0245    0.0450
    0.5539    0.3315    0.3005
    0.5092   -0.0652    0.4260
    0.5673    0.1318    0.4414
    0.6003    0.2519    0.1739
    0.5399    0.0239    0.1305
    0.5086    0.1828    0.2649
    0.5285   -0.0467    0.1711
    0.5174    0.2301    0.4053
    0.4659    0.0067    0.2488
    0.5265    0.0443    0.4676
    0.5444    0.0058    0.4194
    0.4805    0.1208    0.4600
    0.4943    0.0051    0.2644
    0.4495    0.3551    0.3201
    0.5059   -0.0051    0.1237
    0.5853    0.0761    0.4968
    0.5130   -0.0474    0.5207
    0.5544    0.0190    0.1725
    0.4907   -0.0636    0.4924
    0.5005    0.0020    0.0179
    0.6303    0.1503    0.4689
    0.4944    0.0231    0.1822
    0.4963    0.3806    0.2971
    0.4668    0.1105    0.3800
    0.4031    0.2693    0.1536
    0.4241    0.1166    0.4759
    0.3610    0.1631    0.3287
    0.3880    0.1391    0.0259
    0.3639    0.1618    0.5096
    0.3438    0.1696    0.2058
    0.2834    0.2395    0.4972
    0.3430    0.1689    0.1766
    0.2982    0.4529    0.3724
    0.3593    0.1223    0.2692
    0.3021    0.3292    0.4173
    0.3098    0.0764    0.1175
    0.2663    0.0678    0.3338
    0.3211    0.3510    0.1928
    0.3015    0.0601    0.2733
    0.3444    0.1215    0.0341
    0.3044    0.0434    0.1247
    0.3339    0.0328    0.6009
    0.2846    0.2680    0.5760
    0.3100    0.0485    0.6095
    0.3664    0.2259    0.5576
    0.3507    0.1096    0.2760
    0.3607    0.3248    0.5593
    0.4174    0.0606    0.4308
    0.3686    0.1091    0.0608
    0.4340    0.0944    0.1990
    0.4302    0.3644    0.5088
    0.4654    0.2850    0.2601
    0.4364    0.1625    0.2956
    0.4659    0.1651    0.4116
    0.4449    0.1004    0.2603
    0.4773    0.2618    0.4178
    0.4372    0.0610    0.4331
    0.4775    0.0727    0.2809
    0.4954    0.1277    0.5221
    0.4399    0.1490    0.3086
    0.4159    0.1065    0.4628
    0.4683    0.0562    0.5774
    0.4064    0.1107    0.3754
    0.3991    0.0223    0.5378
    0.4374    0.2290    0.2473
    0.3967    0.0709    0.6131
    0.4039    0.0330    0.3034
    0.3551    0.1830    0.5634
    0.4154    0.0677    0.4437
    0.3575    0.1289    0.2046
    0.4156    0.0934    0.4044
    0.3842    0.2805    0.4778
    0.3252    0.1691    0.4192
    0.3248    0.1182    0.2598
    0.2748    0.1631    0.5064
    0.2783    0.1370    0.3390
    0.3138    0.1769    0.5893
    0.3438    0.2720    0.3853
    0.4073    0.1476    0.6657
    0.4234    0.2987    0.1947
    0.3628    0.1442    0.6416
    0.3671    0.1716    0.1925
    0.4172    0.2129    0.5520
    0.3624    0.1479    0.4624
    0.3532    0.2365    0.1599
    0.4035    0.1380    0.3763
    0.3721    0.1548    0.4744
    0.3734    0.2143    0.2407
    0.4307    0.1538    0.3552
    0.3657    0.2663    0.2717
    0.3712    0.1530    0.5287
    0.3202    0.1382    0.4464
    0.3503    0.1982    0.3300
    0.3157    0.2935    0.4548
    0.3694    0.1461    0.2901
    0.3030    0.2091    0.4896
    0.3514    0.1527    0.1816
    0.2958    0.1525    0.4922
    0.3356    0.2563    0.1034
    0.3523    0.2226    0.4727
    0.2990    0.2580    0.3881
    0.3587    0.1670    0.2953
    0.3346    0.1952    0.4676
    0.3668    0.1453    0.1560
    0.3111    0.1868    0.3848
    0.3213    0.1336    0.1683
    0.2656    0.1118    0.4656
    0.2302    0.1753    0.3319
    0.2947    0.1305    0.5708
    0.2912    0.1895    0.2330
    0.3330    0.3058    0.5948
    0.2743    0.1983    0.2859
    0.2413    0.1369    0.6271
    0.2969    0.1733    0.2698
    0.2700    0.2298    0.5067
    0.3253    0.3565    0.3718
    0.2673    0.2282    0.0565
    0.2916    0.4125    0.3503
    0.3497    0.2513    0.4077
    0.3029    0.3082    0.2094
    0.3291    0.4226    0.3919
    0.2752    0.2749    0.4893
    0.3278    0.4027    0.5988
    0.2697    0.2700    0.3276
    0.3238    0.2791    0.6549
    0.3051    0.2144    0.3248
    0.3660    0.2139    0.5533
    0.3090    0.2629    0.2724
    0.3634    0.2153    0.4254
    0.3350    0.3487    0.1689
    0.4012    0.3174    0.4175
    0.3705    0.2109    0.6384
    0.4184    0.3267    0.2007
    0.3882    0.3485    0.4491
    0.3240    0.2627    0.6632
    0.3254    0.2119    0.3500
    0.2990    0.3719    0.5490
    0.2333    0.2609    0.2577
    0.2362    0.2017    0.4489
    0.2980    0.2963    0.5707
    0.3085    0.2046    0.4024
    0.2448    0.2894    0.1607
    0.2808    0.1970    0.5361
    0.3272    0.2330    0.2240
    0.3122    0.1967    0.5837
    0.3735    0.1307    0.7215
    0.3631    0.3591    0.5635
    0.4238    0.1775    0.2226
    0.4068    0.3138    0.6620
    0.3478    0.1946    0.2724
    0.4088    0.2865    0.5206
    0.3612    0.2391    0.3418
    0.4102    0.1749    0.5112
    0.3851    0.1958    0.3012
    0.4365    0.1398    0.5194
    0.3708    0.2069    0.0953
    0.4256    0.1806    0.4573
    0.4096    0.0565    0.3305
    0.4741    0.0282    0.4083
    0.4542    0.1551    0.6122
    0.4892    0.0297    0.2692
    0.4438    0.0342    0.4499
    0.4754    0.2401    0.4562
    0.6162    0.0767    0.3252
    0.4767    0.1469    0.5508
    0.5404    0.0448    0.4046
    0.5470    0.2130    0.3424
    0.5019    0.0691    0.4867
    0.5515    0.1763    0.2176
    0.5092    0.0228    0.3369
    0.5099    0.0742    0.5256
    0.5740    0.0536    0.2617
    0.5826    0.0151    0.5706
    0.5370    0.0602    0.4382
    0.5445    0.1280    0.2883
    0.4914    0.0408    0.4545
    0.5463   -0.0172    0.3399
    0.4885    0.1711    0.4568
    0.5007    0.0840    0.1728
    0.4493    0.0661    0.3065
    0.4883    0.0041    0.5882
    0.4339    0.0325    0.3455
    0.4933    0.0059    0.2252
    0.5176    0.1745    0.5461
    0.5099    0.0142    0.4440
    0.4683    0.1678    0.2281
    0.5089    0.0188    0.4221
    0.4494    0.1361    0.6327
    0.4265    0.0243    0.2669
    0.4621    0.0793    0.4589
    0.4276    0.0536    0.1933
    0.4764    0.0753    0.5592
    0.4182    0.1442    0.1993
    0.4432    0.1983    0.5330
    0.5057    0.1999    0.3788
    0.4743   -0.0118    0.5700
    0.5041    0.0380    0.3938
    0.4567    0.0491    0.2379
    0.4968    0.1307    0.4344
    0.5080    0.0020    0.2758
    0.4663    0.0627    0.4106
    0.4921    0.0293    0.5332
    0.4415    0.0573    0.3300
    0.4300    0.1068    0.6215
    0.4687    0.0733    0.3726
    0.4759    0.2308    0.3776
    0.4344    0.1103    0.0563
    0.4928    0.0477    0.2309
    0.5038    0.1271    0.7137
    0.4463    0.0571    0.3396
    0.4672    0.1137    0.5793
    0.4104    0.0964    0.2066
    0.4674    0.3638    0.4287
    0.4008    0.0891    0.1181
    0.4580    0.1265    0.1980
    0.4123    0.0918    0.5006
    0.4734    0.3712    0.3329
    0.6424    0.0573    0.4614
    0.4262    0.2676    0.1590
    0.3913    0.0198    0.5501
    0.4238    0.1300    0.6631
    0.3683   -0.0156    0.2412
    0.3862    0.1282    0.5522
    0.3537   -0.0218    0.3225
    0.3665    0.0327    0.5530
    0.4319    0.0379    0.2557
    0.4110    0.0846    0.5705
    0.6496    0.0319    0.3630
    0.4002    0.3065    0.5725
    0.4310   -0.0019    0.3337
    0.3646    0.1202    0.2118
    0.3609    0.0025    0.6120
    0.3846    0.0583    0.2646
    0.4490    0.2332    0.4347
    0.3998    0.0765    0.3619
    0.3974    0.3405    0.4319
    0.4468    0.1450    0.5104
    0.4465    0.0906    0.2816
    0.4315    0.2448    0.2169
    0.3700    0.0704    0.4087
    0.3928    0.1758    0.5841
    0.4293    0.1515    0.3395
    0.4928    0.1238    0.4733
    0.4791    0.2427    0.2308
    0.4126    0.2620    0.5110
    0.4240    0.1310    0.2027
    0.3649    0.1298    0.4458
    0.3862    0.3892    0.3229
    0.3403    0.1551    0.2574
    0.3513    0.0906    0.6202
    0.2852    0.3837    0.5145
    0.2968    0.3139    0.2313
    0.2378    0.1125    0.5248
    0.2959    0.1247    0.4272
    0.2851    0.1772    0.3950
    0.3305    0.2210    0.1959
    0.3028    0.2183    0.4122
    0.3329    0.2464    0.0938
    0.3124    0.3147    0.4331
    0.3673    0.2165    0.2744
    0.3138    0.2563    0.3623
    0.3463    0.2248    0.4858
    0.2865    0.2527    0.2905
    0.3174    0.2958    0.5353
    0.2858    0.2526    0.3327
    0.3460    0.2960    0.5544
    0.2867    0.2668    0.4059
    0.2900    0.3106    0.3261
    0.3403    0.3032    0.4782
    0.3262    0.2411    0.3377
    0.2656    0.3041    0.5213
    0.2674    0.2384    0.1645
    0.2017    0.2788    0.4807
    0.2130    0.2564    0.2768
    0.2394    0.1903    0.4673
    0.1718    0.2063    0.1642
    0.2267    0.2189    0.3482
    0.1928    0.1473    0.4661
    0.2581    0.1865    0.3047
    0.2005    0.1624    0.5232
    0.1835    0.1961    0.2628
    0.2266    0.1335    0.3907
    0.2110    0.1026    0.4830
    0.2364    0.1249    0.2488
    0.2013    0.0888    0.4185
    0.1944    0.1519    0.5657
    0.2575    0.1496    0.1813
    0.2858    0.0894    0.4093
    0.2873    0.1491    0.2672
    0.2365    0.0882    0.4339
    0.2740    0.1993    0.4100
    0.2954    0.0671    0.1721
    0.2737    0.1997    0.5926
    0.2193    0.1805    0.2153
    0.2808    0.0986    0.5096
    0.2940    0.1596    0.3222
    0.2571    0.1159    0.5314
    0.3157    0.1452    0.3497
    0.2730    0.1188    0.4796
    0.3321    0.1617    0.2306
    0.2735    0.1456    0.5682
    0.2528    0.1325    0.3506
    0.3147    0.0940    0.6167
    0.2745    0.0294    0.3077
    0.3284    0.0117    0.4545
    0.2798    0.0535    0.1780
    0.3215    0.0419    0.5600
    0.2835   -0.0313    0.2771
    0.2994    0.0146    0.5195
    0.3348    0.0436    0.3513
    0.3868    0.1676    0.2134
    0.3295    0.0709    0.5820
    0.3430    0.2038    0.3346
    0.3041    0.0368    0.3872
    0.3437    0.0234    0.4478
    0.3136    0.0709    0.2321
    0.4863    0.0465    0.4976
    0.3627    0.1822    0.2241
    0.3372    0.0517    0.4644
    0.2751    0.1036    0.3447
    0.2922    0.0146    0.3811
    0.3429    0.0470    0.5941
    0.3115    0.0562    0.2443
    0.2494   -0.0009    0.4897
    0.2920    0.1181    0.2886
    0.2290    0.1195    0.4429
    0.2500   -0.0039    0.3018
    0.3033    0.0630    0.4814
    0.2909   -0.0034    0.5900
    0.2494    0.0928    0.1843
    0.2926    0.0468    0.4354
    0.2919   -0.0086    0.3438
    0.2302    0.1649    0.4231
    0.2808    0.0016    0.2565
    0.2695    0.1228    0.4593
    0.3346   -0.0017    0.3287
    0.3040    0.0586    0.5378
    0.3687    0.0272    0.2330
    0.3130    0.1322    0.6293
    0.2819    0.0536    0.0752
    0.3338    0.2351    0.4619
    0.3148    0.1102    0.2939
    0.3699    0.0351    0.4722
    0.3102    0.2369    0.2357
    0.4599    0.0960    0.3616
    0.2969    0.0591    0.3942
    0.3255    0.1920    0.3182
    0.3027    0.0793    0.4489
    0.3572    0.0299    0.3561
    0.3153    0.1745    0.3113
    0.3625    0.0424    0.5027
    0.3171    0.0634    0.3245
    0.3811    0.0435    0.4831
    0.3670    0.0290    0.2545
    0.4155    0.1196    0.4644
    0.3881    0.0488    0.2834
    0.3954    0.1108    0.3897
    0.4547    0.1145    0.4743
    0.3993    0.0660    0.2395
    0.4017    0.0554    0.4335
    0.4596    0.1025    0.4176
    0.4372    0.1129    0.2854
    0.4369    0.0690    0.4921
    0.4694    0.0636    0.3829
    0.5309    0.1248    0.2766
    0.4833    0.1458    0.4574

Previous Length = 1558
outputting PDB in file /storage/htc/bdm/tosin/GSDB/Structures/WT9059TG/GSM455133_30E0LAAXX.1/VC_100kb/InfMod3DGen/chr7.pdb
    25.67%    51.35%    77.02%   100.00%
    done! closing file...
New Length = 1558
spearman correlation = 0.464396
