 MATLAB Evaluation Started............
Processing file /storage/htc/bdm/tosin/GSDB/Data/WT9059TG/Cheng_Prop_WT/GSM455133_30E0LAAXX.1/VC_1mb/chr3_list.txt..............
INFO: License(s) matlab:1
Currently Loaded Modulefiles:
  1) matlab/matlab-R2018a

                            < M A T L A B (R) >
                  Copyright 1984-2018 The MathWorks, Inc.
                   R2018a (9.4.0.813654) 64-bit (glnxa64)
                             February 23, 2018

 
To get started, type one of these: helpwin, helpdesk, or demo.
For product information, visit www.mathworks.com.
 
InfMod3DGen Execution Completed........

n =

     1


m =

   197


p =

     3


XYZ =

   1.0e+03 *

   -0.3450    0.4350    0.2850
   -0.5985    0.8983    0.5621
   -0.1905    0.9960    0.1609
   -0.4787    1.0732    0.5965
    0.1565    0.4515    0.5453
    0.5919    0.5923    0.5827
    0.2183    0.3935    0.8963
    0.5507    0.8304    0.8285
    0.1109    0.8983    0.8504
    0.3725    1.0772    0.8942
    0.1552    0.9583    0.8569
    0.4338    0.8640    0.8707
    0.0005    0.6125    0.8176
    0.2721    0.4983    0.9007
   -0.1535    0.4451    0.8417
    0.1622    0.7794    0.9222
    0.0059    0.5954    0.8036
    0.2866    0.9044    0.8918
    0.3987    1.0012    0.7651
    0.0109    0.8502    0.8781
   -0.0888    1.0534    0.7777
    0.2181    0.7505    0.8234
    0.3424    1.0756    0.8402
    0.3719    0.7690    0.8522
    0.0705    1.0237    0.8548
    0.4167    0.9716    0.8318
    0.1730    0.6322    0.9104
    0.2455    0.6155    0.6948
    0.6020    0.8187    0.8999
    0.7124    0.5350    0.7754
    1.0208    0.6104    0.8688
    0.6061    0.1819    0.8220
    0.9303    0.6029    0.8700
    0.9733    0.5838    0.7272
    0.8716    0.2229    0.8360
    0.6038    0.3907    0.7022
    0.6674    0.0927    0.8494
    0.9356    0.3976    0.7675
    0.6757    0.0784    0.8786
    0.3087    0.4318    0.8575
    0.7685    0.0185    0.8127
    0.3729    0.4568    0.7045
    0.6945    0.6549    0.9047
    0.2851    0.4424    0.7847
    0.6224    0.5495    0.8941
    0.4238    0.2521    0.8198
    0.0466    0.6326    0.8516
    0.0777    0.2910    0.9070
    0.3039    0.3179    0.8162
    0.2426   -0.0968    0.9359
   -0.1425   -0.1441    0.7735
   -0.1942   -0.5752    0.8299
    0.2335   -0.5809    0.8652
    0.1322   -0.1812    0.8676
   -0.2605   -0.0062    0.8738
   -0.2718   -0.2162    0.6159
   -0.6515    0.2097    0.8646
   -0.4546   -0.2151    0.8850
   -0.5462    0.1354    0.4325
   -0.9815   -0.2212    0.6756
   -0.6869    0.0210    0.4950
   -0.6575   -0.2561    0.7977
   -1.0017    0.0105    0.4501
   -0.9338   -0.0611    0.7751
   -1.3453    0.3569    0.8422
   -1.2035    0.1669    0.7640
   -1.4744    0.1722    0.7707
   -1.1261    0.3563    0.8488
   -1.3519    0.7008    0.7523
   -1.4451    0.8248    0.8700
   -1.2638    1.0093    0.8433
   -1.5962    0.7772    0.7742
   -1.6145    1.0222    0.8566
   -1.8636    0.7866    0.7916
   -1.6547    0.8187    0.7949
   -1.9593    0.4719    0.7807
   -1.5698    0.5837    0.8319
   -1.8708    0.3768    0.7891
   -1.7283    0.5910    0.8340
   -2.0190    0.2021    0.7821
   -1.8321    0.3048    0.8410
   -1.8629    0.0065    0.7949
   -2.1388    0.4242    0.8967
   -1.9959    0.3233    0.8107
   -2.1716    0.7623    0.7919
   -2.1584    0.4448    0.7700
   -1.9309    0.7066    0.8607
   -2.1637    0.9843    0.7612
   -1.8662    0.9903    0.8471
   -2.1737    1.0096    0.7683
   -1.9115    0.7437    0.8314
   -3.0270    0.1197    0.4677
   -2.0788    1.1239    0.8698
   -2.3148    1.0204    0.9938
   -2.3444    0.5773    0.9962
   -2.2214    0.5648    1.3989
   -2.2128    0.7883    1.6233
   -2.1031    0.6862    1.2753
   -2.2145    1.0774    0.9811
   -2.2958    0.7201    1.4299
   -2.1450    0.7204    1.4119
   -2.2159    0.9840    0.9762
   -2.3965    0.8476    0.7365
   -2.3298    1.1748    1.0133
   -2.4164    1.0704    0.8749
   -2.2502    1.0914    1.0624
   -2.2820    1.1122    1.4155
   -2.4100    0.9672    1.0616
   -2.3281    1.1471    1.4010
   -2.7525    1.0242    1.2678
   -2.6544    1.0711    1.4977
   -2.9343    1.0225    1.0452
   -2.4821    1.1087    0.8174
   -2.7118    0.7702    0.7929
   -2.6620    1.1332    1.2053
   -3.0912    0.9997    0.9112
   -2.9894    1.0925    1.3376
   -3.1907    1.0281    1.0636
   -2.9152    1.0839    1.2381
   -2.7915    1.0199    0.8871
   -3.0237    1.4815    0.7988
   -3.4655    1.5197    1.0702
   -3.2099    1.1764    0.9884
   -3.3844    1.6271    0.8549
   -3.0125    1.7175    0.8316
   -3.3554    1.5227    0.9224
   -3.5923    1.5785    0.8145
   -3.5143    1.7804    0.9205
   -3.7951    1.7034    0.7830
   -3.4426    2.1548    0.8968
   -3.6901    2.0572    0.6819
   -3.2865    2.4443    0.8713
   -3.5858    2.5032    0.7322
   -3.4825    2.2362    0.3709
   -3.8330    2.3381    0.1175
   -3.6215    2.1699    0.3899
   -3.4967    2.4064   -0.0513
   -3.9159    2.1438   -0.0320
   -3.6695    2.0861    0.3177
   -3.5332    2.5287    0.1873
   -3.7923    2.1325    0.4066
   -3.4683    2.2347    0.0011
   -3.6141    1.8685    0.0144
   -3.8015    2.0355   -0.1622
   -3.4171    1.8967    0.2648
   -3.4812    2.3325   -0.0471
   -3.2212    2.2008    0.2102
   -3.0994    1.7811   -0.0929
   -3.4217    1.8859    0.2721
   -3.3688    2.2110    0.3815
   -3.8267    2.2748    0.1609
   -3.4170    1.8133    0.1374
   -3.4643    1.7889    0.4561
   -3.5751    2.1167    0.2882
   -4.0149    1.9144    0.5766
   -4.0314    1.5476    0.3274
   -3.8144    1.3551    0.6263
   -4.1249    1.7657    0.4821
   -3.8092    1.4213    0.1995
   -4.2144    1.6189    0.3139
   -4.1854    1.4226    0.5541
   -4.0932    1.6843    0.5789
   -3.6653    1.5026    0.7695
   -3.9800    1.1150    0.6865
   -4.0111    1.2392    0.8686
   -3.6924    1.0077    0.7927
   -3.7447    1.3592    0.8776
   -4.0467    1.2800    0.8479
   -3.8713    1.6610    0.8661
   -4.1349    1.2733    0.8556
   -3.8940    1.2604    0.8736
   -4.0161    1.5024    0.7990
   -3.7281    1.5164    1.1282
   -3.9037    1.1204    0.8186
   -4.3262    1.0608    0.8373
   -4.4099    1.3753    0.7822
   -4.0901    1.6455    1.2273
   -4.2824    1.2701    1.3498
   -4.6860    1.4359    1.3688
   -4.3105    1.2765    1.1522
   -4.2035    1.5771    1.1648
   -4.2986    1.2086    1.2185
   -4.4471    1.0232    1.3777
   -4.7576    1.0172    1.6449
   -4.8455    1.1858    1.4292
   -4.5810    1.3132    1.5431
   -5.0309    1.2076    1.3459
   -5.1743    0.9644    1.6967
   -5.2181    1.2605    1.4788
   -4.9001    1.1961    1.8214
   -4.8008    0.9696    1.4941
   -4.5596    1.4000    1.3865
   -4.6026    1.3617    1.7447
   -4.4348    1.0040    1.8206
   -3.9790    1.1630    2.2105
   -3.9240    1.0105    1.8732
   -4.1321    1.1027    2.2264

Previous Length = 197
outputting PDB in file /storage/htc/bdm/tosin/GSDB/Structures/WT9059TG/GSM455133_30E0LAAXX.1/VC_1mb/InfMod3DGen/chr3.pdb
   100.00%
    done! closing file...
New Length = 197
spearman correlation = 0.526535
