 MATLAB Evaluation Started............
Processing file /storage/htc/bdm/tosin/GSDB/Data/WT9059TG/Cheng_Prop_WT/GSM455133_30E0LAAXX.1/VC_1mb/chr17_list.txt..............
INFO: License(s) matlab:1
Currently Loaded Modulefiles:
  1) matlab/matlab-R2018a

                            < M A T L A B (R) >
                  Copyright 1984-2018 The MathWorks, Inc.
                   R2018a (9.4.0.813654) 64-bit (glnxa64)
                             February 23, 2018

 
To get started, type one of these: helpwin, helpdesk, or demo.
For product information, visit www.mathworks.com.
 
InfMod3DGen Execution Completed........

n =

     1


m =

    79


p =

     3


XYZ =

   1.0e+03 *

    0.3300    0.1770    0.2850
    0.5236    0.1323    0.3700
    0.2085    0.2531   -0.2385
    0.3792    0.0425    0.4328
    0.6718    0.3844    0.6089
    1.3426    0.0768    0.8010
    0.7846    0.1646    1.3496
    1.2675    0.4091    0.8311
    0.5886    0.6569    1.2265
    0.9422    1.1005    1.6535
    0.6694    1.2776    1.1289
    1.0542    0.5943    1.0937
    0.3871    0.1353    1.2432
    0.7591    0.3139    1.9062
    0.1237    0.0371    1.7712
    0.5312    0.3615    1.2645
    0.3695    0.1315    1.5812
    0.7581    0.5716    1.3260
    0.9628    0.7483    0.8966
    0.4297    0.5965    1.4654
    0.1969    0.8436    1.0008
    0.6332    0.4146    1.0345
    0.8600    1.0099    1.6808
    0.9137    0.4482    1.1312
    0.4875    0.9864    0.9833
    0.9955    0.6942    1.4904
    0.6746    0.1985    1.2068
    0.8068    0.1681    0.9058
    1.3337    0.4152    1.0734
    1.6590    0.0213    1.3874
    2.0981    0.2721    1.4647
    1.4649    0.0309    1.4998
    1.9329    0.4143    1.0782
    2.0113   -0.0135    0.9691
    1.8258    0.0966    1.3344
    1.4607    0.3031    0.8394
    1.5769   -0.0659    1.2580
    1.9425    0.3218    0.9796
    1.4683   -0.0920    1.1025
    0.9223    0.3092    1.1102
    1.6375   -0.2014    1.0449
    1.0394    0.1779    1.0506
    1.5026    0.1164    1.0506
    0.8791   -0.0158    1.0410
    1.3710    0.2450    1.0949
    1.0085   -0.1380    1.1710
    0.4439    0.2917    1.0368
    0.5007   -0.1938    1.1840
    0.7898    0.2214    1.1991
    0.6779   -0.4117    1.0828
    0.2758   -0.6218    1.1616
    0.1275   -1.2849    1.0894
    0.6612   -1.2953    1.1281
    0.4764   -0.6895    0.9882
    0.2044   -0.3702    1.2705
    0.1411   -0.6297    0.8888
   -0.1101    0.0239    1.1145
    0.1255   -0.6276    1.2173
   -0.0418   -0.1117    0.5542
   -0.7124   -0.6388    0.8741
   -0.2984   -0.3205    0.6682
   -0.2448   -0.7025    1.0969
   -0.7492   -0.4898    0.5864
   -0.7490   -0.3466    1.0556
   -1.3762    0.2925    1.2167
   -1.2413   -0.0385    0.9491
   -1.6119    0.0792    1.1714
   -1.1000    0.1001    1.1798
   -1.3883    0.2000    0.9532
   -1.5584    0.5502    1.2315
   -1.3513    0.8397    1.3307
   -1.8342    0.4633    1.2976
   -1.9913    1.0055    1.1538
   -2.4535    0.4804    0.9245
   -2.3768    0.4152    1.1219
   -2.6063    0.0711    1.5832
   -1.9097    0.3135    0.9901
   -2.3353   -0.1805    1.0982
   -2.6063    0.2516    1.4889

Previous Length = 79
outputting PDB in file /storage/htc/bdm/tosin/GSDB/Structures/WT9059TG/GSM455133_30E0LAAXX.1/VC_1mb/InfMod3DGen/chr17.pdb
   100.00%
    done! closing file...
New Length = 79
spearman correlation = 0.276651
