 MATLAB Evaluation Started............
Processing file /storage/htc/bdm/tosin/GSDB/Data/WT9059TG/Cheng_Prop_WT/GSM455133_30E0LAAXX.1/VC_1mb/chr20_list.txt..............
INFO: License(s) matlab:1
Currently Loaded Modulefiles:
  1) matlab/matlab-R2018a

                            < M A T L A B (R) >
                  Copyright 1984-2018 The MathWorks, Inc.
                   R2018a (9.4.0.813654) 64-bit (glnxa64)
                             February 23, 2018

 
To get started, type one of these: helpwin, helpdesk, or demo.
For product information, visit www.mathworks.com.
 
InfMod3DGen Execution Completed........

n =

     1


m =

    62


p =

     3


XYZ =

   1.0e+03 *

    0.4350    0.2010    0.2850
    1.0682    0.1167    0.2934
    1.3721    0.1207   -0.3978
    1.2032    0.3427    0.3674
    0.9404    0.0143    0.6402
    1.6361    0.2496    0.8940
    1.0046    0.0844    1.4921
    1.5475    0.5343    1.0595
    0.9982    0.8538    1.5261
    1.2385    1.3504    2.0030
    1.1746    1.5594    1.4109
    1.2957    0.7799    1.1229
    0.9554    0.2381    1.5459
    1.3254    0.2382    2.3013
    0.8913    0.0178    2.1420
    1.3744    0.4568    1.5709
    0.9856    0.2336    1.9177
    1.3152    0.7261    1.6165
    1.2028    0.9347    1.0158
    1.2455    0.7825    1.7810
    1.0308    1.0471    1.2596
    1.1197    0.5678    1.2677
    1.1684    1.2434    2.0353
    1.1299    0.6075    1.4137
    1.2478    1.2157    1.1193
    1.2264    0.8708    1.8105
    1.1477    0.3128    1.4758
    1.0308    0.2769    1.1263
    1.6256    0.5415    1.3432
    2.0366    0.1035    1.6890
    2.5278    0.0928    1.7802
    1.8075    0.0630    1.8216
    2.3329    0.0766    1.3240
    2.4254    0.1074    0.8146
    2.2064   -0.0048    1.4893
    1.8025    0.1895    1.0607
    1.9397   -0.1532    1.4089
    2.3441    0.3125    1.1774
    1.7845   -0.1600    1.3102
    1.1670    0.2872    1.3618
    1.9842   -0.2891    1.2877
    1.3052    0.0260    1.0836
    1.8249    0.1887    1.4534
    1.1161   -0.0960    1.0645
    1.6696    0.1837    1.3437
    1.2418   -0.1939    1.4370
    1.2054    0.1407    0.9202
    1.0805   -0.1867    1.4489
    1.1666    0.1829    1.4668
    1.3555   -0.5373    1.2940
    0.9150   -0.8124    1.2113
    0.8038   -1.5680    1.3089
    1.3599   -1.5803    1.3034
    1.2227   -0.8923    1.3436
    0.6608   -0.5155    1.3453
    0.3435   -0.7947    0.9977
   -0.1814   -0.0502    1.3230
    0.0697   -0.7922    1.4044
   -0.1277   -0.2103    0.6028
   -0.8922   -0.8054    0.9533
   -0.4306   -0.4567    0.7373
   -0.3674   -0.8806    1.2163

Previous Length = 62
outputting PDB in file /storage/htc/bdm/tosin/GSDB/Structures/WT9059TG/GSM455133_30E0LAAXX.1/VC_1mb/InfMod3DGen/chr20.pdb
   100.00%
    done! closing file...
New Length = 62
spearman correlation = 0.268802
