 MATLAB Evaluation Started............
Processing file /storage/htc/bdm/tosin/GSDB/Data/WT9059TG/Cheng_Prop_WT/GSM455133_30E0LAAXX.1/VC_1mb/chr4_list.txt..............
INFO: License(s) matlab:1
Currently Loaded Modulefiles:
  1) matlab/matlab-R2018a

                            < M A T L A B (R) >
                  Copyright 1984-2018 The MathWorks, Inc.
                   R2018a (9.4.0.813654) 64-bit (glnxa64)
                             February 23, 2018

 
To get started, type one of these: helpwin, helpdesk, or demo.
For product information, visit www.mathworks.com.
 
InfMod3DGen Execution Completed........

n =

     1


m =

   190


p =

     3


XYZ =

   1.0e+03 *

   -0.3030    0.4350    0.2850
   -0.5941    0.9041    0.5568
   -0.1801    0.8506    0.1499
   -0.4715    0.8625    0.5920
    0.1853    0.4399    0.5324
    0.6272    0.5806    0.5742
    0.2485    0.3806    0.8636
    0.5851    0.8240    0.7980
    0.1386    0.7979    0.6491
    0.4028    0.8485    0.8854
    0.1840    1.0408    0.7294
    0.4655    0.8618    0.8510
    0.0258    0.6046    0.7665
    0.3001    0.4878    0.9430
   -0.1471    0.4487    0.8674
    0.1724    0.7872    0.7514
    0.0159    0.6025    0.7609
    0.2996    0.9151    0.8369
    0.4143    0.9991    0.7624
    0.0210    0.8631    0.7980
   -0.0809    0.9955    0.8196
    0.2296    0.7611    0.7694
    0.3567    1.0287    0.8257
    0.3868    0.7800    0.7608
    0.0820    0.9285    0.8199
    0.4326    0.9538    0.7700
    0.1869    0.6401    0.7160
    0.2610    0.6230    0.8703
    0.6222    0.8274    0.8091
    0.7386    0.5407    0.7483
    1.0506    0.6144    0.8366
    0.6297    0.1796    0.7842
    0.9580    0.6067    0.8810
    1.0019    0.5871    0.6833
    0.8979    0.2214    0.8472
    0.6274    0.3897    0.7117
    0.6925    0.0883    0.7981
    0.9633    0.3968    0.7785
    0.6976    0.0737    0.7694
    0.3257    0.4318    0.7639
    0.7924    0.0124    0.7783
    0.3913    0.4573    0.7140
    0.7168    0.6599    0.8444
    0.3015    0.4459    0.7961
    0.6431    0.5522    0.8213
    0.4399    0.2513    0.8290
    0.0576    0.6371    0.7659
    0.0894    0.2904    0.7663
    0.3173    0.3153    0.7897
    0.2546   -0.1055    0.9507
   -0.1359   -0.1573    0.6767
   -0.1887   -0.5948    0.8768
    0.2453   -0.6006    0.7889
    0.1417   -0.1952    0.7654
   -0.2565   -0.0163    0.8300
   -0.2715   -0.2276    0.6234
   -0.6565    0.2046    0.8126
   -0.4584   -0.2265    0.8473
   -0.5522    0.1286    0.4359
   -0.9940   -0.2327    0.6811
   -0.6960    0.0116    0.4997
   -0.6660   -0.2684    0.8060
   -1.0146    0.0008    0.4539
   -0.9486   -0.0690    0.7828
   -1.3660    0.3552    0.8119
   -1.2244    0.1642    0.7749
   -1.4981    0.1696    0.7818
   -1.1453    0.3579    0.7959
   -1.3728    0.7068    0.7419
   -1.4681    0.8371    0.8529
   -1.2861    1.0353    0.8125
   -1.6227    0.7884    0.8119
   -1.6447    1.0413    0.7550
   -1.9697    0.7980    0.8031
   -1.8038    0.8274    0.7795
   -1.8844    0.4762    0.7650
   -1.5990    0.5871    0.8287
   -1.9035    0.3789    0.7153
   -1.9743    0.5945    0.7661
   -1.9810    0.2002    0.8433
   -2.0247    0.3018    0.7373
   -1.9443    0.0002    0.8155
   -2.1939    0.4240    0.9236
   -2.0512    0.3241    0.7378
   -2.2275    0.7698    0.7887
   -2.2140    0.4484    0.7966
   -2.0148    0.7128    0.7749
   -2.2194    1.0154    0.8008
   -1.9465    1.0122    0.7559
   -2.2297    1.0312    0.7648
   -1.9739    0.7541    0.8070
   -2.3660    0.8523    0.7283
   -2.1879    1.0826    0.8961
   -2.0643    1.0277    0.8730
   -2.1642    0.5840    1.0288
   -2.1732    0.5712    1.4372
   -2.1150    0.7963    1.6667
   -2.0460    0.6953    1.3142
   -2.0320    1.0891    1.0133
   -2.2425    0.7300    1.4689
   -1.9687    0.7303    1.4505
   -2.1479    0.9965    1.0083
   -2.4575    0.8604    0.7509
   -2.1254    1.1231    1.0429
   -2.4779    1.0060    0.9047
   -2.1069    1.0801    1.0965
   -2.2654    1.0670    1.4542
   -2.4714    0.9828    1.0957
   -2.3910    1.0563    1.4394
   -2.8216    0.9860    1.3065
   -2.7248    1.0892    1.5382
   -3.0076    1.0245    1.0789
   -2.5485    1.0970    0.8275
   -2.7800    0.7813    0.8209
   -2.7324    1.1266    1.2392
   -3.1681    0.9755    0.9418
   -3.0673    1.0211    1.3745
   -3.2698    1.0175    1.0977
   -2.9914    1.0967    1.2727
   -2.8650    1.0530    0.9172
   -3.1025    1.5217    0.7552
   -3.5509    1.5607    1.1011
   -3.2929    1.2131    1.0174
   -3.4679    1.6706    0.7920
   -3.0910    1.7630    0.7760
   -3.4383    1.5672    0.8245
   -3.6805    1.6244    0.7787
   -3.6042    1.8274    0.8272
   -3.8880    1.7521    0.7854
   -3.5309    2.2103    0.8454
   -3.7806    2.1140    0.6909
   -3.3711    2.5064    0.8518
   -3.6739    2.5666    0.7389
   -3.5716    2.2970    0.3728
   -3.9267    2.3978    0.1137
   -3.7138    2.2292    0.3888
   -3.5862    2.4677   -0.0589
   -4.0115    2.2025   -0.0392
   -3.7629    2.1435    0.3151
   -3.6235    2.5927    0.1851
   -3.8851    2.1909    0.4059
   -3.5571    2.2921   -0.0053
   -3.7062    1.9209    0.0048
   -3.8945    2.0883   -0.1723
   -3.5048    1.9498    0.2609
   -3.5669    2.3920   -0.0546
   -3.3044    2.2573    0.2050
   -3.1798    1.8315   -0.1015
   -3.5060    1.9387    0.2684
   -3.4553    2.2678    0.3803
   -3.9203    2.3330    0.1580
   -3.5047    1.8645    0.1341
   -3.5530    1.8396    0.4565
   -3.6663    2.1714    0.2883
   -4.1127    1.9644    0.5798
   -4.1297    1.5927    0.3284
   -3.9111    1.3959    0.6306
   -4.2253    1.8124    0.4832
   -3.9058    1.4636    0.1975
   -4.3168    1.6623    0.3146
   -4.2871    1.4648    0.5568
   -4.1928    1.7291    0.5835
   -3.7586    1.5433    0.7771
   -4.0770    1.1503    0.6956
   -4.1089    1.2739    0.8500
   -3.7863    1.0373    0.7675
   -3.8398    1.3966    0.8300
   -4.1453    1.3191    0.8015
   -3.9693    1.7053    0.8404
   -4.2355    1.3121    0.7702
   -3.9925    1.2990    0.8201
   -4.1140    1.5431    0.7432
   -3.8229    1.5574    1.1604
   -4.0025    1.1557    0.7612
   -4.4311    1.0948    0.8182
   -4.5168    1.4131    0.8099
   -4.1931    1.6894    1.2617
   -4.3898    1.3089    1.3870
   -4.7991    1.4751    1.4064
   -4.4185    1.3154    1.1884
   -4.3091    1.6194    1.2012
   -4.4063    1.2460    1.2561
   -4.5582    1.1171    1.4189
   -4.8724    0.9963    1.6888
   -4.9623    1.2192    1.4716
   -4.6952    1.3495    1.5847
   -5.1519    1.2415    1.3864
   -5.2986    1.1531    1.7418
   -5.3433    1.2957    1.5224
   -5.0215    1.1338    1.8693

Previous Length = 190
outputting PDB in file /storage/htc/bdm/tosin/GSDB/Structures/WT9059TG/GSM455133_30E0LAAXX.1/VC_1mb/InfMod3DGen/chr4.pdb
   100.00%
    done! closing file...
New Length = 190
spearman correlation = 0.617389
