 MATLAB Evaluation Started............
Processing file /storage/htc/bdm/tosin/GSDB/Data/WT9059TG/Cheng_Prop_WT/GSM455133_30E0LAAXX.1/VC_100kb/chr20_list.txt..............
INFO: License(s) matlab:1
Currently Loaded Modulefiles:
  1) matlab/matlab-R2018a

                            < M A T L A B (R) >
                  Copyright 1984-2018 The MathWorks, Inc.
                   R2018a (9.4.0.813654) 64-bit (glnxa64)
                             February 23, 2018

 
To get started, type one of these: helpwin, helpdesk, or demo.
For product information, visit www.mathworks.com.
 
InfMod3DGen Execution Completed........

n =

     1


m =

   599


p =

     3


XYZ =

   1.0e+03 *

   -0.3450    0.0090    0.3450
   -0.6941    0.0566    0.5240
   -0.5884   -0.0959    0.4588
   -0.6793    0.1476    0.6096
   -0.3295    0.0128    0.4563
   -0.2357    0.1248    0.4982
   -0.3157   -0.1351    0.5862
   -0.2449    0.0580    0.5269
   -0.3397    0.1397    0.6684
   -0.2847   -0.0884    0.4503
   -0.3298    0.1643    0.5875
   -0.2710   -0.0930    0.5954
   -0.3643    0.0728    0.5205
   -0.3072   -0.0397    0.7333
   -0.4021    0.1978    0.7077
   -0.3351   -0.0191    0.6431
   -0.3665    0.1654    0.5465
   -0.3073   -0.1081    0.5842
   -0.2822    0.2315    0.4952
   -0.3654   -0.1137    0.6793
   -0.3876    0.0392    0.5838
   -0.3226   -0.0220    0.3836
   -0.2948    0.1045    0.7057
   -0.2882   -0.1319    0.6238
   -0.3521    0.0927    0.4605
   -0.2782    0.2219    0.6104
   -0.3291    0.0566    0.6356
   -0.3130   -0.0492    0.5970
   -0.2368    0.1367    0.6039
   -0.2086   -0.0131    0.5348
   -0.1432    0.1532    0.4452
   -0.2324   -0.0830    0.6835
   -0.1635    0.0345    0.6319
   -0.1539    0.1652    0.5218
   -0.1766   -0.0979    0.5239
   -0.2329    0.1761    0.5102
   -0.2187   -0.0700    0.5257
   -0.1623    0.1326    0.5428
   -0.2203   -0.1482    0.6305
   -0.2988    0.1013    0.6058
   -0.1996   -0.0055    0.6128
   -0.2845    0.0829    0.4327
   -0.2161    0.0731    0.6102
   -0.3041   -0.0878    0.5467
   -0.2323    0.1426    0.6339
   -0.2766   -0.0554    0.4075
   -0.3574    0.2302    0.5656
   -0.3504   -0.1284    0.5249
   -0.3034    0.1448    0.6467
   -0.3171   -0.1153    0.5804
   -0.3996    0.0056    0.5442
   -0.4112    0.1378    0.5103
   -0.3191   -0.0255    0.6288
   -0.3418    0.1713    0.5806
   -0.4260   -0.1496    0.5832
   -0.4320   -0.0280    0.3709
   -0.5134    0.0487    0.6025
   -0.4729   -0.2467    0.5656
   -0.4934    0.1821    0.4680
   -0.5871   -0.2331    0.5188
   -0.5248    0.1625    0.3139
   -0.5182   -0.1599    0.5460
   -0.5916   -0.0739    0.3609
   -0.5020    0.2167    0.5410
   -0.6684    0.4476    0.5794
   -0.5712    0.0666    0.5420
   -0.6972   -0.1512    0.3125
   -0.6229    0.2619    0.3537
   -0.6699    0.3834    0.5682
   -0.6907    0.0246    0.6507
   -0.6537    0.3357    0.6628
   -0.5445   -0.0550    0.6588
   -0.7321    0.2450    0.5862
   -0.6773    0.0611    0.1822
   -0.6503    0.1247    0.6372
   -0.7830   -0.2732    0.5437
   -0.7221   -0.0988    0.2795
   -0.7858   -0.3155    0.4307
   -0.7890    0.0258    0.6822
   -0.8278   -0.3635    0.6238
   -0.7271   -0.1161    0.2739
   -0.8029   -0.1822    0.6969
   -0.8506    0.2046    0.7290
   -0.9781   -0.2525    0.4464
   -0.9959    0.1901    0.3389
   -0.7649   -0.0543    0.4454
   -0.8946   -0.3473    0.6828
   -0.9971   -0.0722    0.3573
   -0.7784   -0.0326    0.6596
   -0.9664    0.1592    0.4297
   -0.9593    0.1415    0.6675
   -0.8221    0.0939    0.2497
   -1.0052   -0.1791    0.6960
   -0.7197    0.1428    0.4147
   -0.9328   -0.0847    0.3198
   -0.7528    0.0355    0.7092
   -0.9775   -0.1701    0.8584
   -0.8719   -0.0964    0.5261
   -0.6652    0.2095    0.7304
   -0.8496   -0.0288    0.8482
   -0.9129    0.2323    0.7961
   -0.7704   -0.2763    0.7503
   -0.8091   -0.0753    0.3551
   -0.9898    0.1400    0.5841
   -0.8856   -0.2068    0.4187
   -0.7266    0.1320    0.3736
   -0.8591    0.2516    0.7010
   -1.0672   -0.1266    0.3134
   -0.6444    0.2557    0.4247
   -0.7087    0.0946    0.8155
   -1.0383    0.3565    0.8633
   -1.0613   -0.2381    0.6007
   -0.6818   -0.2635    0.1618
   -1.1196   -0.2666    0.4154
   -1.0010    0.1684    0.7830
   -0.7664    0.1536    0.2198
   -1.1191   -0.1187    0.5755
   -0.8066    0.3386    0.5058
   -1.0035    0.2298    0.7393
   -1.1409    0.1271    0.3284
   -0.6438    0.1397    0.6695
   -0.8740    0.3732    0.5728
   -0.9464    0.0720    0.7345
   -1.0869    0.1962    0.3956
   -0.8033    0.3184    0.6423
   -0.7204    0.0384    0.6518
   -0.9413    0.0449    0.5086
   -1.2604    0.0265    0.4800
   -1.0316    0.2798    0.2223
   -0.9984    0.3801    0.5784
   -0.9902    0.5509    0.4487
   -1.2365    0.2048    0.4420
   -1.2009    0.3950    0.5014
   -0.8603    0.5008    0.4242
   -0.7041    0.1811    0.3076
   -1.2844    0.1470    0.4249
   -1.0045    0.1964    0.3299
   -1.1666    0.2612    0.3132
   -1.1961    0.1283    0.4088
   -0.9166    0.3527    0.3832
   -0.7850    0.1387    0.4286
   -1.1061    0.3350    0.2396
   -1.0727    0.0797    0.0800
   -0.9341    0.2335    0.1011
   -0.6597    0.3680    0.3970
   -1.1835    0.3838    0.2168
   -0.7629    0.3754    0.3848
   -0.7927    0.0781    0.1526
   -0.8522    0.5126    0.3986
   -1.0929    0.1827    0.4231
   -1.0177    0.1669    0.0863
   -0.7437    0.1364    0.3720
   -0.9102    0.0619    0.4397
   -1.2350    0.3446    0.3877
   -0.7747    0.3474    0.2866
   -1.1084    0.0080    0.2555
   -0.7245   -0.0350    0.3667
   -1.3363    0.0532    0.2595
   -0.8223   -0.0202    0.1519
   -1.2033    0.0204    0.4115
   -1.0738   -0.0200    0.1556
   -0.9662    0.0350    0.4505
   -0.6791    0.2254    0.5097
   -0.9709    0.0193    0.1557
   -1.0319   -0.0644    0.3433
   -0.9432   -0.1153    0.5399
   -0.7269   -0.0376    0.4363
   -1.2649    0.0682    0.5108
   -0.9592    0.2698    0.3790
   -1.2306   -0.0503    0.6563
   -1.0333   -0.0562    0.5618
   -0.7120    0.0754    0.5649
   -0.8732    0.3995    0.5438
   -0.7594   -0.0545    0.3423
   -1.1413    0.0912    0.5271
   -0.8000   -0.0160    0.4190
   -0.9151    0.1403    0.5959
   -0.7390    0.0060    0.6023
   -1.0147    0.1475    0.4415
   -0.9343   -0.0526    0.6636
   -1.0064    0.1971    0.7204
   -1.1116   -0.0378    0.4025
   -0.7098    0.1687    0.7140
   -1.0217   -0.1393    0.6352
   -1.0443    0.1036    0.4075
   -0.9767    0.1951    0.8285
   -0.9238    0.0665    0.4099
   -0.8298   -0.0328    0.7398
   -0.9806   -0.0447    0.4246
   -1.0840    0.1749    0.6836
   -0.8835   -0.1062    0.4550
   -0.8610    0.1905    0.4640
   -0.8521    0.3949    0.5015
   -0.9436   -0.0985    0.6960
   -0.9682    0.2695    0.7406
   -0.8270   -0.1446    0.6417
   -1.0649    0.1631    0.4951
   -0.7665   -0.0812    0.7639
   -1.1597    0.0446    0.6772
   -1.2158   -0.0941    0.4029
   -0.8025   -0.1732    0.5268
   -0.8285    0.1292    0.5237
   -1.0681   -0.1232    0.6997
   -0.9432    0.0650    0.6271
   -1.0303   -0.1053    0.4314
   -1.0834    0.2518    0.4824
   -1.0974    0.0325    0.8533
   -0.9490    0.1947    0.5086
   -0.8590   -0.1106    0.6878
   -0.9861   -0.0931    0.7943
   -0.7710    0.1624    0.3726
   -0.9015    0.0988    0.8103
   -0.7733   -0.0556    0.5684
   -0.8397   -0.0518    0.9285
   -0.7543    0.1955    0.6946
   -1.1165    0.2925    0.6844
   -0.8554   -0.0449    0.7556
   -0.9709    0.2680    0.8022
   -0.8673   -0.0928    0.5691
   -1.1437    0.2486    0.6113
   -0.8829   -0.0974    0.7627
   -0.8693    0.2372    0.7969
   -0.8472   -0.0138    0.4383
   -1.1951    0.0808    0.6937
   -0.8941    0.1042    0.4404
   -1.0511   -0.0747    0.7149
   -1.2082    0.2326    0.5264
   -0.9381   -0.1285    0.4816
   -1.1850    0.0718    0.7192
   -0.7934    0.1488    0.5940
   -1.2326   -0.0101    0.6998
   -0.8546    0.1134    0.4701
   -0.9633   -0.0681    0.7618
   -1.0009    0.1266    0.4736
   -0.8692   -0.0062    0.7780
   -1.0794   -0.1307    0.5508
   -1.0645    0.3510    0.5782
   -1.2189   -0.0773    0.4063
   -1.1743    0.1316    0.7910
   -0.9849   -0.1443    0.6241
   -0.8401    0.1881    0.5653
   -0.8910    0.0605    0.7315
   -0.9089    0.0856    0.3982
   -1.1115   -0.0139    0.7587
   -1.1429    0.2716    0.4935
   -0.9647    0.0495    0.7481
   -1.0837    0.0331    0.4682
   -1.2607    0.1940    0.6013
   -1.1315   -0.0429    0.5570
   -0.9056    0.0272    0.6334
   -1.1670    0.1685    0.4386
   -1.0801   -0.1571    0.6307
   -0.9805    0.0607    0.6806
   -1.0686   -0.0296    0.4083
   -1.1942   -0.0323    0.7771
   -1.0306    0.1293    0.6086
   -1.0019   -0.0782    0.3901
   -1.0185    0.2411    0.6975
   -1.1168   -0.1969    0.3819
   -1.1084    0.1847    0.6869
   -1.0915    0.1850    0.3783
   -1.0166   -0.1371    0.6609
   -1.1078    0.1000    0.5783
   -1.0627   -0.3104    0.1991
   -1.5016    0.5065    1.0071
   -1.1862    0.3262    0.8268
   -1.9327   -0.3214    0.1724
   -1.0811    0.2624    0.9000
   -1.1325    0.0115    0.5906
   -1.2158    0.1421    0.6388
   -1.1944   -0.0181    0.5184
   -1.1609   -0.1001    0.6891
   -1.0652    0.1851    0.6674
   -1.1139   -0.0012    0.5342
   -1.2682    0.0302    0.7198
   -1.1112    0.0655    0.5237
   -1.1823    0.1340    0.6449
   -1.1901   -0.1552    0.4988
   -1.2686    0.1571    0.5211
   -1.2674   -0.0956    0.6184
   -1.3243    0.1072    0.6712
   -1.4084   -0.0481    0.4922
   -1.3940    0.1667    0.6387
   -1.3368   -0.0013    0.4764
   -1.3151   -0.0227    0.7379
   -1.3887    0.0736    0.4404
   -1.3604    0.0842    0.7709
   -1.3921   -0.0404    0.4351
   -1.4019    0.1209    0.6274
   -1.4934   -0.0818    0.6114
   -1.4360    0.2049    0.6318
   -1.5229   -0.0857    0.5221
   -1.4712    0.0744    0.7695
   -1.5557    0.0778    0.4354
   -1.5767    0.0188    0.7214
   -1.6530    0.0454    0.3960
   -1.6786    0.0810    0.6313
   -1.5938   -0.0977    0.6990
   -1.6678   -0.0238    0.4451
   -1.5801    0.1730    0.6841
   -1.6361   -0.0865    0.5032
   -1.5381    0.1285    0.6674
   -1.5825   -0.2069    0.6241
   -1.5961    0.0644    0.5325
   -1.5492   -0.1518    0.5819
   -1.6265   -0.0198    0.7447
   -1.6473   -0.0719    0.4640
   -1.6130    0.0615    0.7296
   -1.6660    0.0724    0.5130
   -1.6768   -0.0971    0.7311
   -1.6130    0.1473    0.5142
   -1.6953   -0.0480    0.6620
   -1.7208    0.0814    0.5577
   -1.6300   -0.0805    0.5905
   -1.6232    0.1507    0.6661
   -1.5592   -0.0903    0.6134
   -1.5943    0.1066    0.6924
   -1.5192   -0.0197    0.4865
   -1.5260    0.0863    0.6478
   -1.4677   -0.0760    0.4620
   -1.4920    0.0420    0.6374
   -1.4189    0.1187    0.3264
   -1.4154   -0.0736    0.5399
   -1.4595    0.1306    0.5014
   -1.4936   -0.1613    0.6445
   -1.4722   -0.0020    0.5375
   -1.3835    0.1831    0.5393
   -1.3918   -0.2137    0.6435
   -1.4597   -0.0315    0.5128
   -1.4058    0.1096    0.6706
   -1.4171   -0.1217    0.6157
   -1.4726    0.1892    0.4310
   -1.3934   -0.0680    0.7619
   -1.3605   -0.0428    0.4215
   -1.2794    0.0685    0.6923
   -1.2100   -0.2250    0.5666
   -1.1954    0.0353    0.4567
   -1.2916    0.1473    0.5836
   -1.2601   -0.0118    0.6973
   -1.2275    0.0221    0.3162
   -1.1817   -0.2717    0.6274
   -1.2022    0.0887    0.6239
   -1.1827   -0.0578    0.5604
   -1.3885   -0.0071    0.3668
   -1.3357   -0.3134    0.5161
   -1.3625    0.0826    0.5564
   -1.0368   -0.0027    0.5397
   -1.2693   -0.0855    0.2624
   -1.0913   -0.1673    0.5274
   -1.0189    0.1315    0.4198
   -1.0439   -0.1871    0.3180
   -0.9457   -0.3525    0.4453
   -1.0969   -0.3778    0.5748
   -1.0381   -0.1621    0.6605
   -1.0205   -0.2756    0.6211
   -1.2689   -0.2195    0.3413
   -1.0186   -0.0982    0.4260
   -1.0611   -0.0156    0.6081
   -1.0125    0.1755    0.3004
   -1.0292   -0.0118    0.5797
   -1.0878    0.1063    0.2926
   -1.1001   -0.0624    0.4385
   -1.0584    0.2028    0.6302
   -1.3178   -0.1404    0.4928
   -1.2156   -0.2057    0.7565
   -1.0390    0.1932    0.7502
   -1.0571   -0.0681    0.4250
   -1.3417    0.1644    0.3174
   -1.0507   -0.0390    0.6173
   -0.9618   -0.0312    0.2775
   -0.9788    0.2103    0.7535
   -1.0622   -0.2059    0.5917
   -1.0354    0.1504    0.4859
   -1.1104    0.1663    0.7631
   -1.0198   -0.1283    0.7188
   -1.3637    0.0292    0.5470
   -1.0205   -0.1317    0.6125
   -1.2705   -0.1957    0.4722
   -1.2913    0.0999    0.3958
   -1.0559    0.0905    0.3988
   -1.1415   -0.0807    0.4717
   -1.3153    0.1438    0.4601
   -1.0678   -0.0982    0.5631
   -1.1484    0.1144    0.6557
   -1.0781   -0.1708    0.5492
   -1.3100    0.2200    0.5719
   -1.0498   -0.1315    0.4563
   -1.0940    0.2153    0.5211
   -1.3318   -0.1134    0.6119
   -1.0819    0.1030    0.5446
   -1.2243   -0.0203    0.4126
   -1.1294    0.0759    0.7245
   -1.1564   -0.1140    0.4608
   -1.0631    0.1867    0.5549
   -1.0704   -0.0687    0.4363
   -1.1910    0.2186    0.8089
   -0.9886    0.0025    0.5388
   -1.1364    0.0834    0.7488
   -0.9577   -0.0941    0.5860
   -1.0262    0.1149    0.5416
   -0.9839   -0.0868    0.7884
   -1.3674   -0.0552    0.6310
   -1.1449    0.0097    0.5667
   -1.0977    0.0217    0.9013
   -1.0654   -0.2843    0.5177
   -1.2798    0.1315    0.8341
   -1.1608    0.0435    0.3994
   -1.1187    0.1650    0.6019
   -1.1924   -0.1433    0.6401
   -1.1859    0.0662    0.7029
   -1.2687    0.0538    0.3853
   -1.2987   -0.2303    0.7812
   -1.2307    0.0756    0.5793
   -1.1944   -0.0214    0.7782
   -1.2565   -0.0818    0.5499
   -1.3290    0.0929    0.5059
   -1.2763   -0.1326    0.6350
   -1.1873    0.0803    0.4401
   -1.2113    0.0549    0.7012
   -1.1340    0.2256    0.4271
   -1.1555   -0.1036    0.6598
   -1.1250    0.2379    0.5100
   -1.2054   -0.0656    0.4458
   -1.2132    0.0635    0.6973
   -1.2163   -0.0182    0.3457
   -1.2141    0.2081    0.6558
   -1.2738   -0.1309    0.4830
   -1.2302    0.1176    0.5959
   -1.2984   -0.0635    0.7626
   -1.3195    0.1210    0.4230
   -1.3166   -0.2328    0.6850
   -1.2406    0.0199    0.5502
   -1.2576    0.2219    0.6767
   -1.2041    0.0040    0.5031
   -1.2938   -0.1020    0.6854
   -1.2393    0.2923    0.5453
   -1.1975   -0.0762    0.6591
   -1.0994    0.1726    0.6256
   -1.1357   -0.2138    0.6443
   -1.3763    0.1139    0.6224
   -1.0385    0.1309    0.6781
   -1.0785    0.0509    0.7639
   -1.3538   -0.1178    0.7339
   -0.9847    0.1002    0.6513
   -1.2376    0.0028    0.6815
   -1.0278    0.2741    0.7270
   -1.0731    0.0218    0.8292
   -1.3145    0.0761    0.7646
   -1.0508    0.1330    0.8245
   -0.9972    0.0348    0.7273
   -1.2188   -0.1268    0.7486
   -1.2512    0.2321    0.8442
   -1.0616   -0.0988    0.7069
   -1.0251    0.1468    0.7223
   -1.1023   -0.0760    0.7143
   -0.9764    0.1680    0.7004
   -1.1461    0.0030    0.6091
   -1.2581    0.0551    0.8426
   -1.0158    0.0560    0.5901
   -1.1022   -0.2183    0.6384
   -1.0521    0.1058    0.6183
   -1.3638   -0.0637    0.6505
   -1.1324    0.0345    0.7393
   -1.0662    0.2806    0.7026
   -1.1051    0.1042    0.5439
   -1.0593    0.0376    0.8077
   -0.9992    0.0275    0.5641
   -1.2887    0.0015    0.7146
   -1.0149    0.1781    0.5991
   -0.9695   -0.0744    0.5590
   -0.9915    0.0804    0.6613
   -1.2248   -0.0070    0.5886
   -0.9379    0.1491    0.6573
   -1.0967   -0.0652    0.6742
   -1.0554    0.1223    0.6378
   -1.2393    0.1788    0.6795
   -1.0810   -0.0132    0.7626
   -0.8583    0.1895    0.6781
   -1.3027    0.2351    0.6724
   -0.8854    0.1163    0.7490
   -1.4090    0.0530    0.7892
   -0.8934    0.1161    0.7108
   -1.2824    0.3664    0.6747
   -1.0435    0.2684    0.9218
   -0.9390   -0.2186    0.9038
   -0.9167    0.2748    0.5766
   -1.0219   -0.2583    0.6635
   -0.8966   -0.0550    0.5837
   -1.1403    0.0019    0.6209
   -1.1037   -0.2369    0.7189
   -0.8749    0.0252    0.6962
   -0.9788   -0.1789    0.7478
   -1.0280    0.0627    0.6722
   -0.9419   -0.1011    0.9008
   -0.9712    0.2635    0.7066
   -0.9749   -0.0221    0.9391
   -1.0004    0.4020    0.6926
   -1.2797    0.2240    0.8128
   -0.9687   -0.0970    0.7359
   -1.0836    0.2102    0.8124
   -1.2170    0.0419    0.9700
   -1.4892    0.1524    0.7053
   -1.2051    0.1366    0.9081
   -1.3116   -0.1385    0.7274
   -1.0758    0.0537    0.8272
   -1.3722    0.1799    0.6469
   -1.3661   -0.0397    0.9486
   -1.3770   -0.2100    0.5642
   -1.2804    0.1368    0.8092
   -1.1951   -0.2381    0.6417
   -1.2064    0.2542    0.5789
   -1.2966   -0.1087    0.7705
   -1.3627    0.1167    0.5838
   -1.2683   -0.1047    0.4551
   -1.2432    0.2571    0.5233
   -1.2359   -0.0522    0.5133
   -1.3039    0.1457    0.7058
   -1.2242   -0.0659    0.7824
   -1.2390    0.1444    0.5995
   -1.1962    0.1240    0.8137
   -1.2403   -0.0896    0.6406
   -1.1997    0.1866    0.6349
   -1.2525   -0.0850    0.5471
   -1.2660    0.1168    0.5831
   -1.2286   -0.0526    0.8501
   -1.2944   -0.0438    0.5267
   -1.2037    0.1356    0.5406
   -1.2489   -0.2169    0.5632
   -1.3484    0.0005    0.5700
   -1.3010    0.1865    0.6395
   -1.3606   -0.0682    0.5530
   -1.2940    0.0744    0.5875
   -1.2737    0.1448    0.7651
   -1.2950   -0.0711    0.6620
   -1.3671    0.1450    0.5595
   -1.3100   -0.1380    0.5001
   -1.3355    0.2243    0.5743
   -1.2488   -0.0727    0.4330
   -1.2249    0.2233    0.6098
   -1.3167   -0.0506    0.6963
   -1.2907    0.1240    0.8672
   -1.2290   -0.0766    0.5486
   -1.3126    0.1407    0.7145
   -1.3126    0.0010    0.6980
   -1.3864   -0.1769    0.6879
   -1.2960    0.0809    0.7973
   -1.3746   -0.1135    0.6268
   -1.4260    0.1145    0.5428
   -1.4100   -0.1067    0.6971
   -1.3396    0.0664    0.5608
   -1.3600   -0.0248    0.5423
   -1.3401   -0.0937    0.6193
   -1.2444    0.0146    0.7701
   -1.5572    0.0490    0.6134
   -1.2114    0.0658    0.5974
   -1.3261   -0.2133    0.6803
   -1.2371    0.0660    0.7081
   -1.3257   -0.2027    0.6167
   -1.1324    0.0149    0.8529
   -1.1896   -0.0401    0.6415
   -1.2958   -0.0236    0.6644
   -1.2917   -0.0076    0.7444
   -1.2214    0.0270    0.8277
   -1.1862   -0.1894    0.6533
   -1.2483   -0.0240    0.7492
   -1.2190   -0.1642    0.6901
   -1.1401    0.0072    0.7096
   -1.3663   -0.0802    0.7867
   -1.1624    0.0123    0.6955
   -1.1506   -0.0476    0.7712
   -1.2237   -0.1396    0.7564
   -1.1482   -0.0010    0.6856
   -1.2035   -0.0821    0.8475
   -1.1636   -0.1401    0.6603
   -1.1670   -0.0412    0.6976
   -1.2621   -0.1334    0.7102
   -1.2389   -0.1498    0.7806
   -1.2878   -0.1153    0.7801
   -1.2060   -0.1392    0.8310
   -1.1398   -0.2283    0.8432
   -1.1818   -0.2549    0.7802
   -1.1157   -0.1559    0.7365
   -1.1725   -0.2283    0.8352
   -1.2803   -0.2389    0.8671
   -1.0346   -0.1658    0.8171
   -1.1001   -0.1531    0.9043
   -1.1668   -0.1925    0.9091
   -1.3541   -0.1003    0.9758
   -1.1929   -0.1744    0.9456
   -1.2204   -0.0754    1.0251
   -1.1259   -0.0505    1.0116
   -1.1852   -0.2363    0.9442
   -1.1097   -0.0247    0.9523
   -1.0439   -0.1056    1.0468
   -1.0390    0.0941    0.9632
   -1.1316   -0.1492    1.0044
   -1.2892   -0.0002    0.9801
   -1.1067   -0.0873    1.0397
   -1.2041    0.0777    0.9598

Previous Length = 599
outputting PDB in file /storage/htc/bdm/tosin/GSDB/Structures/WT9059TG/GSM455133_30E0LAAXX.1/VC_100kb/InfMod3DGen/chr20.pdb
    66.78%   100.00%
    done! closing file...
New Length = 599
spearman correlation = 0.493879
