 MATLAB Evaluation Started............
Processing file /storage/htc/bdm/tosin/GSDB/Data/WT9059TG/Cheng_Prop_WT/GSM455133_30E0LAAXX.1/VC_100kb/chr17_list.txt..............
INFO: License(s) matlab:1
Currently Loaded Modulefiles:
  1) matlab/matlab-R2018a

                            < M A T L A B (R) >
                  Copyright 1984-2018 The MathWorks, Inc.
                   R2018a (9.4.0.813654) 64-bit (glnxa64)
                             February 23, 2018

 
To get started, type one of these: helpwin, helpdesk, or demo.
For product information, visit www.mathworks.com.
 
InfMod3DGen Execution Completed........

n =

     1


m =

   784


p =

     3


XYZ =

   1.0e+03 *

   -0.4170   -0.3030    0.4080
   -0.5458   -0.3463    0.5061
   -0.6512   -0.1211    0.4537
   -0.6947   -0.3437    0.7734
   -0.5632   -0.1971    0.4646
   -0.4206   -0.2588    0.6071
   -0.5518   -0.5048    0.5470
   -0.4282   -0.1789    0.6669
   -0.5716   -0.3517    0.4588
   -0.4610   -0.4210    0.6518
   -0.5634   -0.1571    0.7430
   -0.4497   -0.3940    0.6423
   -0.5919   -0.2154    0.5475
   -0.4795   -0.2724    0.8364
   -0.6231   -0.2435    0.6067
   -0.5025   -0.3535    0.4357
   -0.5937   -0.2818    0.7585
   -0.4796   -0.1775    0.6487
   -0.4589   -0.2556    0.4809
   -0.5928   -0.3398    0.7048
   -0.5632   -0.1860    0.4210
   -0.4922   -0.4122    0.7277
   -0.5593   -0.2202    0.5256
   -0.4639   -0.4178    0.7432
   -0.5818   -0.4566    0.5469
   -0.4556   -0.2701    0.6834
   -0.5629   -0.2210    0.4627
   -0.5495   -0.3801    0.6436
   -0.4215   -0.2803    0.5744
   -0.4635   -0.0949    0.6880
   -0.3443   -0.3187    0.5038
   -0.4831   -0.2380    0.7743
   -0.3609   -0.2121    0.5967
   -0.3530   -0.4766    0.4535
   -0.3718   -0.1825    0.5984
   -0.4835   -0.4072    0.5569
   -0.4718   -0.1495    0.5507
   -0.3600   -0.3399    0.6380
   -0.4079   -0.2211    0.7845
   -0.5379   -0.2166    0.3989
   -0.3908   -0.1061    0.6534
   -0.5261   -0.4340    0.6623
   -0.4044   -0.1305    0.7378
   -0.5272   -0.3010    0.4821
   -0.4177   -0.3119    0.7154
   -0.4543   -0.1591    0.5456
   -0.5862   -0.4196    0.5128
   -0.5805   -0.2174    0.7754
   -0.4764   -0.1776    0.5129
   -0.4877   -0.2624    0.7050
   -0.6211   -0.3228    0.4591
   -0.6306   -0.0926    0.6794
   -0.4894   -0.4446    0.6452
   -0.5081   -0.1256    0.6211
   -0.6428   -0.5103    0.7464
   -0.5826   -0.2424    0.4420
   -0.6969   -0.5395    0.4975
   -0.6163   -0.1402    0.6200
   -0.6332   -0.3822    0.5942
   -0.7758   -0.4773    0.4434
   -0.6591   -0.2083    0.4887
   -0.6537   -0.4868    0.6909
   -0.6415   -0.2763    0.6154
   -0.7046   -0.1568    0.4617
   -0.6748   -0.2994    0.7454
   -0.5833   -0.2948    0.4243
   -0.7586   -0.3478    0.7435
   -0.7131   -0.3799    0.3132
   -0.7780   -0.5480    0.5239
   -0.8252   -0.2155    0.6782
   -0.7025   -0.3304    0.4452
   -0.7061   -0.1433    0.6489
   -0.7491   -0.3826    0.5987
   -0.6427   -0.1535    0.4984
   -0.8451   -0.2503    0.6641
   -0.6791   -0.2145    0.4587
   -0.7889   -0.3476    0.6930
   -0.8377   -0.0911    0.4789
   -0.6221   -0.3222    0.5932
   -0.7471   -0.0843    0.5608
   -0.7110   -0.3270    0.6397
   -0.8547   -0.2073    0.4763
   -0.5879   -0.1730    0.6259
   -0.9252   -0.2809    0.5116
   -0.7469   -0.0416    0.7750
   -0.7055   -0.3545    0.6807
   -0.8622   -0.5529    0.4737
   -0.6494   -0.0528    0.6125
   -0.9771   -0.3742    0.6316
   -0.8073   -0.1256    0.6216
   -0.6336   -0.3684    0.4911
   -0.9339   -0.2007    0.6224
   -0.6258   -0.3020    0.6389
   -0.9108   -0.1591    0.4818
   -0.6065   -0.2431    0.6689
   -0.7925   -0.4044    0.4124
   -0.8099   -0.0669    0.6878
   -0.9517   -0.4360    0.5403
   -0.7357   -0.3526    0.3811
   -0.6858   -0.2798    0.6612
   -0.9134   -0.2917    0.6728
   -0.7510   -0.4688    0.3532
   -0.8664   -0.4123    0.5798
   -0.9377   -0.0067    0.4854
   -0.6210   -0.1894    0.5955
   -0.9566   -0.2892    0.7831
   -0.7519   -0.1800    0.5325
   -0.9169   -0.3542    0.5189
   -0.6894   -0.0521    0.8208
   -0.7790   -0.3127    0.5629
   -0.9296   -0.1326    0.7067
   -0.6745   -0.1105    0.4769
   -0.7298   -0.3198    0.7976
   -0.8255   -0.1295    0.4934
   -0.8260   -0.2216    0.8148
   -1.0754   -0.0472    0.5752
   -0.6223   -0.2457    0.6501
   -0.9648   -0.3311    0.6963
   -0.6897   -0.3929    0.4158
   -0.6219   -0.3918    0.7118
   -0.7967   -0.2443    0.4159
   -0.8985    0.0417    0.5619
   -1.0050   -0.3629    0.7538
   -0.7335   -0.2175    0.3062
   -1.0916   -0.1858    0.6640
   -0.7882   -0.2841    0.4819
   -1.1168   -0.1838    0.4444
   -0.7041   -0.2642    0.6738
   -0.8482   -0.2507    0.4248
   -0.7029   -0.0182    0.7303
   -1.0359   -0.1255    0.6282
   -0.8901   -0.0518    0.2687
   -1.0376    0.0640    0.5948
   -0.5182   -0.1525    0.4748
   -1.0052   -0.0714    0.3621
   -0.7689   -0.1647    0.6367
   -0.7879    0.0942    0.4930
   -0.6335   -0.1156    0.3016
   -1.0657   -0.1802    0.4914
   -0.7796    0.1587    0.5370
   -0.9977   -0.1716    0.2948
   -0.6656   -0.0905    0.3977
   -0.9715   -0.2203    0.2825
   -0.6124    0.0108    0.4726
   -0.9322   -0.2151    0.4666
   -0.6283   -0.0724    0.4458
   -0.9231   -0.0637    0.5885
   -0.5556   -0.1614    0.4703
   -0.8814   -0.2021    0.5430
   -0.6683    0.0072    0.6201
   -0.8780   -0.0681    0.3131
   -0.6412   -0.2155    0.5128
   -0.8419   -0.0310    0.6339
   -1.1113   -0.0972    0.4536
   -0.7057   -0.1345    0.6021
   -0.8528   -0.2645    0.2628
   -0.6574   -0.3000    0.5783
   -1.0620   -0.1619    0.4077
   -0.7765   -0.2878    0.2902
   -0.6165   -0.1650    0.5453
   -0.8812    0.0155    0.5050
   -0.6872   -0.1769    0.4516
   -0.7949   -0.2104    0.6917
   -0.9123   -0.3442    0.3830
   -1.0710   -0.2590    0.4077
   -0.5599   -0.3602    0.6003
   -0.8396   -0.2369    0.2996
   -0.8406   -0.2268    0.6781
   -0.6949   -0.1362    0.4590
   -0.9139   -0.3151    0.6896
   -0.9691   -0.2724    0.4957
   -0.7960   -0.1475    0.3987
   -0.7645   -0.2079    0.6175
   -0.9619   -0.2263    0.5756
   -0.6851   -0.3122    0.4197
   -0.7936   -0.2339    0.7314
   -0.8133   -0.1841    0.5398
   -0.8997   -0.3157    0.3704
   -0.6375   -0.2227    0.5569
   -0.8899   -0.3145    0.6526
   -0.9152   -0.0947    0.5079
   -0.6927   -0.2370    0.6618
   -0.9511   -0.2204    0.5022
   -0.7707   -0.3860    0.8478
   -0.6549   -0.2688    0.3257
   -0.9638   -0.1254    0.7600
   -0.8841   -0.2648    0.3973
   -0.6345   -0.0987    0.5184
   -0.7146   -0.2551    0.7128
   -0.9386   -0.1169    0.6343
   -0.8402   -0.3561    0.6767
   -0.7198   -0.1093    0.5698
   -1.0151   -0.2064    0.6862
   -0.8192   -0.2897    0.4489
   -0.6968   -0.2010    0.7421
   -0.9116   -0.3338    0.5335
   -0.8834   -0.1402    0.7510
   -0.7120   -0.0950    0.5989
   -0.8612   -0.3947    0.5631
   -0.6036   -0.3053    0.3354
   -0.6612   -0.4238    0.7401
   -0.9688   -0.3209    0.4146
   -0.6822   -0.3743    0.4149
   -0.9836   -0.2731    0.6754
   -0.8125   -0.1671    0.3448
   -0.7913   -0.3525    0.6945
   -0.8526   -0.0857    0.5816
   -0.5531   -0.1780    0.6211
   -0.8012   -0.0271    0.6132
   -0.9121   -0.3276    0.4248
   -0.8377   -0.1926    0.7263
   -0.7227   -0.0813    0.4366
   -0.9835   -0.2899    0.5849
   -0.7377   -0.0877    0.6096
   -1.0382   -0.0757    0.7446
   -0.5430    0.4146    0.9837
   -0.7269   -0.0006    0.7083
   -0.8963   -0.1725    0.5897
   -0.7940    0.0958    0.6052
   -0.7412   -0.2147    0.7417
   -0.6663    0.0864    0.7384
   -0.4005    0.7783    1.2500
   -0.7505   -0.1932    0.5654
   -0.8960   -0.0120    0.8379
   -0.6809   -0.1075    0.4538
   -0.9242   -0.3737    0.8744
   -0.5263   -0.2572    0.6848
   -0.8787   -0.2789    0.6762
   -1.0039   -0.3154    0.3392
   -0.9722   -0.1661    0.5071
   -0.7486   -0.2302    0.7834
   -0.7968   -0.2752    0.3420
   -0.9606   -0.3887    0.5357
   -0.8444   -0.0296    0.7361
   -0.6011    0.1122    0.6808
   -1.0416   -0.3711    0.5785
   -0.7637   -0.1093    0.8201
   -0.7959   -0.3183    0.5643
   -0.9383   -0.0935    0.6308
   -0.6957   -0.3133    0.6567
   -0.6833   -0.0907    0.5897
   -0.9543   -0.0798    0.6347
   -0.7838   -0.3507    0.5854
   -0.6583   -0.1151    0.7225
   -0.7820   -0.1396    0.5150
   -0.9367   -0.2295    0.7021
   -0.7630   -0.1583    0.3011
   -0.7961   -0.1313    0.7185
   -0.9085   -0.2210    0.3612
   -0.9092   -0.1480    0.6949
   -0.5991   -0.3238    0.5047
   -0.7271   -0.0666    0.6547
   -0.7885   -0.3930    0.2533
   -0.6467   -0.0072    0.3949
   -0.5356   -0.3731    0.6537
   -0.9228   -0.3442    0.7544
   -0.5920   -0.1972    0.7109
   -0.7696   -0.1189    0.3702
   -0.7359   -0.4979    0.6505
   -0.7450   -0.2939    0.4550
   -0.9342   -0.2975    0.6016
   -0.7170   -0.1199    0.7037
   -0.9295   -0.2797    0.7060
   -0.7281   -0.4169    0.5765
   -0.7739   -0.3212    0.7938
   -0.9180   -0.3378    0.2718
   -0.7806   -0.5010    0.3624
   -0.8933   -0.1380    0.7015
   -0.7496   -0.3074    0.5937
   -1.0396   -0.2282    0.6910
   -0.7879   -0.1755    0.3946
   -1.1443   -0.4100    0.5086
   -0.7691   -0.0138    0.5990
   -0.8235   -0.3828    0.7163
   -0.9532   -0.0795    0.6471
   -0.9121   -0.3971    0.6094
   -0.8229   -0.1490    0.5793
   -0.7461   -0.3036    0.8325
   -0.8762   -0.2712    0.3696
   -0.8639    0.0166    0.4361
   -0.9559   -0.2493    0.7776
   -0.9915   -0.3216    0.2796
   -1.0726   -0.2261    0.5059
   -0.9332   -0.1244    0.8161
   -0.8583   -0.3313    0.5480
   -0.9753   -0.1452    0.7623
   -1.1387   -0.2373    0.3394
   -1.0029   -0.3295    0.7583
   -1.0500   -0.0711    0.5939
   -1.0767   -0.3023    0.8923
   -0.9791   -0.0694    0.5948
   -1.1160   -0.4771    0.5019
   -1.0081   -0.2084    0.7395
   -1.1431   -0.2982    0.4685
   -1.0952   -0.4164    0.6643
   -1.2234   -0.0254    0.6913
   -1.2445   -0.4899    0.6747
   -1.1093   -0.0525    0.3271
   -1.2356   -0.1337    0.6984
   -1.0980   -0.3049    0.5971
   -1.2094   -0.2173    0.7762
   -1.0633   -0.2582    0.5143
   -1.1652   -0.3162    0.7725
   -1.1764   -0.2907    0.4882
   -1.0725   -0.5284    0.6876
   -1.2015   -0.0517    0.6823
   -1.2187   -0.5254    0.4996
   -1.1252   -0.1961    0.3908
   -1.2341   -0.4802    0.4244
   -1.2430   -0.4304    0.6861
   -1.1251   -0.0401    0.5519
   -1.2583   -0.2838    0.6868
   -1.2793   -0.2391    0.7994
   -1.1391   -0.1870    0.4905
   -1.3187   -0.1091    0.6952
   -1.0807   -0.3135    0.5901
   -1.1749   -0.1546    0.7119
   -1.1377   -0.4230    0.6732
   -1.0286   -0.0776    0.6151
   -1.0053   -0.3095    0.6733
   -1.1566   -0.3308    0.3739
   -0.9650   -0.1552    0.6302
   -0.9621   -0.3703    0.6356
   -1.0637   -0.1070    0.3918
   -1.1519   -0.3602    0.7376
   -1.0742   -0.5954    0.6089
   -0.9657   -0.0545    0.5998
   -0.9426   -0.3464    0.3558
   -1.0788   -0.5496    0.6625
   -0.9691   -0.3178    0.2949
   -0.9785   -0.1114    0.7363
   -1.0895   -0.5312    0.4215
   -0.9919   -0.3145    0.7582
   -0.9970   -0.1710    0.5635
   -1.1798   -0.3329    0.6608
   -0.9216   -0.1996    0.5914
   -0.8075   -0.3656    0.6732
   -0.9942   -0.1737    0.5288
   -0.8752   -0.3386    0.7661
   -0.9023   -0.2944    0.4770
   -0.8046   -0.3784    0.7778
   -0.8664   -0.1830    0.6403
   -1.0243   -0.3067    0.5880
   -0.7346   -0.4233    0.6965
   -0.8380   -0.3456    0.3894
   -0.7907   -0.1820    0.6697
   -0.9227   -0.4655    0.5482
   -0.8870   -0.1080    0.5673
   -0.7749   -0.3596    0.6260
   -0.7309   -0.2916    0.4819
   -0.9278   -0.2252    0.5167
   -0.5895   -0.5000    0.5972
   -0.9449   -0.2598    0.5009
   -0.8300   -0.2965    0.7058
   -0.7615   -0.2302    0.4483
   -0.9271   -0.4989    0.4841
   -0.7457   -0.1963    0.5513
   -0.8370   -0.5366    0.5516
   -0.7176   -0.1174    0.5673
   -0.9104   -0.5217    0.5379
   -0.7810   -0.2429    0.2471
   -0.8481   -0.1321    0.7259
   -0.6945   -0.2942    0.6065
   -0.9362   -0.1832    0.6348
   -0.7771   -0.4249    0.4671
   -1.0647   -0.4495    0.7708
   -0.9877   -0.3619    0.3828
   -0.9767   -0.2009    0.7873
   -0.7744   -0.4103    0.5508
   -0.7738   -0.1722    0.6692
   -0.9438   -0.3586    0.5756
   -0.7415   -0.2562    0.7125
   -0.8941   -0.5090    0.5232
   -1.0153   -0.2400    0.6889
   -0.8213   -0.3302    0.5473
   -0.8704   -0.0883    0.6620
   -0.7199   -0.2545    0.6996
   -0.8333   -0.4181    0.5819
   -1.0262   -0.1877    0.5395
   -0.7220   -0.1859    0.6264
   -0.8849   -0.4684    0.5121
   -0.8038   -0.2243    0.6744
   -0.7469   -0.0940    0.5848
   -0.8606   -0.4336    0.7120
   -0.7346   -0.3070    0.5096
   -0.8126   -0.0049    0.6344
   -0.8191   -0.5160    0.7628
   -0.7798   -0.2772    0.6243
   -0.9562   -0.2112    0.6225
   -0.7045   -0.2937    0.7562
   -0.8196   -0.4322    0.5003
   -0.9584   -0.3198    0.7587
   -0.8313   -0.2269    0.5252
   -0.7100   -0.2568    0.7218
   -1.0513   -0.3960    0.6247
   -0.6460   -0.2916    0.6472
   -0.9065   -0.4847    0.6778
   -0.9631   -0.2445    0.5735
   -0.7811   -0.1557    0.6961
   -0.7238   -0.3689    0.6935
   -0.9656   -0.2793    0.5458
   -0.7612   -0.3345    0.8142
   -0.7631   -0.2983    0.5616
   -1.0408   -0.1479    0.7538
   -0.7996   -0.2999    0.6299
   -0.7406   -0.4631    0.4558
   -0.9009   -0.3220    0.7414
   -0.8145   -0.5929    0.4543
   -0.8610   -0.2656    0.7504
   -0.8503   -0.3746    0.4389
   -0.9239   -0.2254    0.7372
   -0.7844   -0.4020    0.6521
   -0.8925   -0.1618    0.8391
   -0.7974   -0.5664    1.0284
   -0.8486   -0.6760    0.7241
   -1.1357   -0.3087    0.4287
   -0.9302   -0.0772    0.5322
   -0.8515   -0.5886    0.6696
   -1.0475   -0.2778    0.3944
   -0.7475   -0.2345    0.4571
   -0.8305   -0.3451    0.7677
   -0.7400   -0.2172    0.6346
   -0.9226   -0.4960    0.4748
   -0.7845   -0.0767    0.8422
   -0.8806   -0.3898    0.4890
   -0.8136   -0.1022    0.4874
   -1.0511   -0.1846    0.9230
   -0.8599   -0.2994    0.6410
   -0.8512   -0.0571    0.7699
   -1.0468   -0.1383    0.8227
   -0.9634   -0.3390    0.6360
   -0.8714   -0.0228    0.6004
   -0.9147   -0.2889    0.6953
   -1.0573   -0.0647    0.5720
   -0.9446   -0.2314    1.0112
   -1.2787   -0.1476    0.5594
   -0.8651   -0.0792    0.8687
   -0.7640   -0.2382    0.5199
   -0.9522   -0.1954    0.8706
   -0.8721   -0.1718    0.5923
   -0.6687   -0.3532    0.7794
   -0.9654   -0.2071    0.6753
   -0.7012   -0.2770    0.6806
   -0.8793    0.0149    0.8022
   -0.7999   -0.3740    0.7161
   -0.6779   -0.1334    0.7777
   -1.0145   -0.3286    0.7311
   -0.7510   -0.1450    0.6947
   -1.1041   -0.3210    0.7703
   -0.9038   -0.0316    0.6099
   -0.9707   -0.3027    0.8068
   -0.8558   -0.1765    0.5226
   -0.9990   -0.2846    0.7273
   -0.8046   -0.1875    0.5773
   -0.9754   -0.2757    0.6675
   -0.7285   -0.0551    0.6320
   -0.8433   -0.2922    0.7854
   -0.9571   -0.1869    0.5701
   -0.7819   -0.2731    0.8147
   -0.8165   -0.1338    0.5238
   -1.0212   -0.0672    0.6790
   -0.7360   -0.2770    0.7798
   -1.2475   -0.2581    0.7128
   -0.7988   -0.2584    0.6957
   -1.2352   -0.2029    0.5186
   -1.0871   -0.1092    0.8810
   -0.8275   -0.1658    0.8712
   -1.2167   -0.2810    0.7247
   -0.9187    0.0737    0.4763
   -0.7610   -0.2496    0.5490
   -1.2114    0.0463    0.7035
   -0.8650    0.1306    0.6275
   -0.8585   -0.2089    0.3406
   -1.1001   -0.2114    0.6913
   -0.6535   -0.3175    0.3381
   -1.0265   -0.0428    0.5270
   -1.2296   -0.2635    0.7613
   -0.8098   -0.0898    0.9383
   -1.1555   -0.0793    0.7386
   -0.6883   -0.1226    0.8401
   -0.8250    0.0483    0.5605
   -0.8386   -0.1287    0.5641
   -0.7763   -0.1092    0.8508
   -0.6448   -0.2383    0.6707
   -0.8888   -0.3326    0.4923
   -0.7996   -0.0040    0.7256
   -0.8837   -0.3173    0.6705
   -0.8958   -0.1024    0.3925
   -1.0060   -0.4264    0.6242
   -0.8279   -0.3064    0.9592
   -0.8723   -0.4197    0.4843
   -0.6224   -0.3499    0.6495
   -1.2134   -0.3913    0.5615
   -0.7532   -0.3408    0.9169
   -0.8801   -0.2300    0.4518
   -0.9816   -0.2509    0.8936
   -1.0924   -0.1701    0.4043
   -0.7834   -0.1611    0.6745
   -1.0371    0.0944    0.7071
   -1.2251   -0.2170    0.5924
   -0.9572   -0.2596    0.8134
   -1.0976    0.0878    0.5768
   -0.7158   -0.0542    0.7905
   -0.9494    0.0640    0.3909
   -0.7666   -0.4185    0.7027
   -1.2267   -0.3707    0.6246
   -0.7758   -0.2361    0.4328
   -1.0750   -0.4608    0.6684
   -1.2185   -0.0624    0.9696
   -0.8560    0.0165    0.8536
   -0.8223   -0.4728    0.8145
   -1.1359   -0.4801    0.9000
   -1.2145   -0.2778    0.7000
   -1.0263   -0.1876    0.4183
   -0.9606   -0.2209    0.8100
   -0.9876   -0.4663    0.4273
   -0.9379   -0.2862    0.7963
   -0.8369   -0.4084    0.3944
   -1.0194   -0.1482    0.5465
   -0.8138   -0.2785    0.6591
   -0.8805    0.0651    0.8484
   -0.8437   -0.0540    0.4785
   -1.0396   -0.3480    0.5900
   -0.9156    0.0296    0.5860
   -0.8406   -0.4493    0.6043
   -0.9601   -0.1441    0.8548
   -1.0450   -0.2784    0.4521
   -0.8573   -0.4235    0.5723
   -1.0617   -0.2106    0.7332
   -0.9003   -0.1997    0.5432
   -1.0897   -0.1785    0.8223
   -0.8945   -0.1577    0.5928
   -0.9078   -0.2701    1.0763
   -0.8954   -0.5450    0.6968
   -1.0381   -0.2642    0.9979
   -0.9647   -0.3312    0.6385
   -0.9640   -0.2906    1.0229
   -0.8572   -0.3839    0.5572
   -0.8495   -0.1771    0.7854
   -1.0985   -0.2548    0.6599
   -0.9270   -0.1516    0.4432
   -1.2789   -0.2201    0.5366
   -0.9601   -0.4360    0.6938
   -0.9249   -0.0201    0.5220
   -1.0210   -0.4424    0.7918
   -0.9112   -0.2600    0.6817
   -1.1583   -0.5568    0.6222
   -1.0537   -0.0483    0.4942
   -1.0405   -0.1676    0.9917
   -0.9472   -0.5370    0.8687
   -0.9992    0.0155    0.7813
   -0.9828   -0.3346    0.5890
   -0.8686   -0.4117    0.8237
   -1.0620   -0.2334    0.6945
   -0.8684   -0.0005    0.4390
   -0.9391   -0.3447    0.3988
   -1.1228   -0.3034    0.4188
   -0.8119   -0.4004    0.5716
   -0.7852   -0.0935    0.7148
   -0.8233   -0.3181    0.7491
   -0.9339   -0.4541    0.4526
   -0.9305   -0.0532    0.7849
   -1.1373   -0.4971    0.9804
   -0.8082   -0.6050    0.6655
   -1.2307   -0.5632    0.6959
   -0.8705   -0.2518    0.8189
   -1.0192   -0.2345    0.6999
   -0.8583   -0.4048    0.5138
   -0.9686   -0.5962    0.5983
   -0.7788   -0.5220    0.9360
   -0.8744   -0.2136    0.4888
   -0.7768   -0.3042    0.8061
   -0.9448   -0.6554    0.6698
   -0.8496   -0.2914    0.9623
   -1.0293   -0.3134    0.6803
   -0.9211   -0.0918    0.4334
   -0.8667   -0.3783    0.8357
   -0.9783   -0.4855    0.6591
   -1.0286   -0.1213    0.8084
   -0.8149   -0.2241    0.5754
   -0.9118   -0.5460    0.7372
   -0.7680   -0.1470    0.4671
   -1.0687   -0.3380    0.5688
   -0.7129   -0.4938    0.5951
   -1.1751   -0.5272    0.5186
   -0.7472   -0.4807    0.7578
   -1.1154   -0.4345    0.5945
   -0.8955   -0.3621    0.7389
   -0.8287   -0.0475    0.7206
   -1.1327   -0.2336    0.7255
   -0.7734   -0.1831    0.8464
   -1.0474   -0.3294    0.8095
   -0.7953   -0.3688    0.6302
   -0.8288   -0.2638    1.0645
   -0.7017    0.0626    0.7892
   -0.9514   -0.3319    0.8735
   -0.7738   -0.2497    0.6531
   -0.7696   -0.1128    1.0016
   -0.8733   -0.4412    0.9754
   -0.8757   -0.1152    0.7834
   -0.8001   -0.4892    0.7579
   -1.1648   -0.7223    0.6360
   -0.7881   -0.6116    0.6069
   -0.8850   -0.1587    0.6953
   -0.8903   -0.5744    0.7951
   -1.1079   -0.3436    0.5960
   -0.7658   -0.2407    0.5699
   -1.0039   -0.3046    0.7331
   -0.9026   -0.1237    0.8442
   -1.2343   -0.4278    0.9238
   -0.7581   -0.0361    0.8152
   -0.9519   -0.5383    0.5337
   -0.7362   -0.2549    0.8003
   -1.1772   -0.1205    0.8072
   -1.0011   -0.4710    0.7403
   -0.8439   -0.1207    0.6580
   -0.7912   -0.4066    0.8912
   -0.8983   -0.4048    0.5974
   -1.0780   -0.2077    0.8487
   -1.1452   -0.2399    0.4302
   -0.8980   -0.1857    0.9347
   -0.8335   -0.3317    0.6497
   -1.1004   -0.3309    0.7217
   -0.8861    0.0974    0.6404
   -1.1661   -0.2953    0.8076
   -0.9669   -0.0534    0.8111
   -1.1125   -0.2433    0.7353
   -0.9633   -0.3780    0.8735
   -0.9140    0.0052    0.7470
   -0.9891   -0.2083    0.5062
   -0.8765   -0.2276    0.8809
   -0.9105   -0.4542    0.5249
   -0.8283   -0.2751    0.7738
   -1.0830   -0.0960    0.7025
   -0.7850   -0.3713    0.8698
   -0.8147   -0.2486    0.5452
   -0.9370   -0.4803    0.8247
   -0.7218   -0.4701    0.5645
   -0.7341    0.0123    0.8534
   -0.7770   -0.4262    0.7885
   -0.9524   -0.0135    0.7641
   -0.6159   -0.2290    0.6446
   -1.1061   -0.4505    1.0040
   -0.7087   -0.2669    0.8613
   -1.1684   -0.3499    0.8675
   -0.8787   -0.6161    0.6492
   -0.6944   -0.1882    1.1508
   -0.6638   -0.4851    0.9152
   -0.7441   -0.0551    0.5846
   -0.8635   -0.1919    0.7839
   -0.6187   -0.1917    0.6299
   -0.8111   -0.4608    0.9801
   -0.7274   -0.5802    0.6108
   -0.6076   -0.1759    0.6478
   -1.0409   -0.0784    0.9864
   -0.9785   -0.1431    0.6619
   -0.9362   -0.3388    1.0905
   -0.6275   -0.3337    0.7777
   -0.8000   -0.0681    0.9632
   -0.6033   -0.4587    0.8348
   -0.9564   -0.6042    0.7163
   -0.7808   -0.0922    0.7697
   -1.0035   -0.3922    0.7504
   -0.5743   -0.3877    0.6957
   -0.9340   -0.2356    0.8378
   -0.5937   -0.2397    0.9409
   -1.1073   -0.2555    0.7936
   -0.8799   -0.4178    1.0918
   -0.8738   -0.5914    0.8001
   -1.0764   -0.3057    1.0336
   -0.5922   -0.2913    0.8613
   -0.9340   -0.3364    0.7270
   -0.7238   -0.6149    0.8304
   -0.8389   -0.6058    0.6986
   -1.1220   -0.6340    0.8088
   -0.7080   -0.1578    0.9157
   -1.0113   -0.2147    0.7724
   -0.8806   -0.2424    1.0622
   -0.7483   -0.5648    0.8726
   -0.7806   -0.2545    0.7808
   -1.0242   -0.3108    0.9388
   -1.0184   -0.5830    0.9204
   -0.7322   -0.4244    0.8863
   -1.0575   -0.4432    0.7974
   -0.8113   -0.2358    0.8689
   -0.8097   -0.5243    0.9059
   -0.7704   -0.2800    0.8378
   -0.9661   -0.3109    0.9257
   -0.7654   -0.2127    0.8576
   -0.6859   -0.4203    0.9578
   -0.9427   -0.3162    0.9080
   -0.7303   -0.2108    0.9081
   -0.7848   -0.4830    1.0146
   -0.8516   -0.2920    1.0471
   -0.9701   -0.3202    1.0195
   -0.7753   -0.1937    0.9246
   -0.8909   -0.3846    0.9659
   -0.7005   -0.2415    0.8666
   -0.9468   -0.3442    0.8523
   -0.7303   -0.0948    0.9289
   -0.8058   -0.3641    0.8840
   -0.8430   -0.3183    0.9939
   -0.6436   -0.2061    1.0099
   -0.7730   -0.2168    0.9379
   -0.6564   -0.3600    1.0162
   -0.6102   -0.1920    0.9738
   -0.7153   -0.4404    0.9874
   -0.7075   -0.1682    1.0757
   -0.6888   -0.3546    0.9881
   -0.5756   -0.3049    0.9940
   -0.6131   -0.1737    0.8833
   -0.5082   -0.3702    0.9122
   -0.6126   -0.1490    0.8209
   -0.5351   -0.3879    0.7951
   -0.6202   -0.2542    0.7887
   -0.5308   -0.5093    0.8813
   -0.5752   -0.2472    0.9214
   -0.6869   -0.4761    0.8413
   -0.6719   -0.3151    0.9105
   -0.6001   -0.1596    0.8446
   -0.6535   -0.3020    0.8940
   -0.7586   -0.2077    0.8283
   -0.7347   -0.4155    0.9114
   -0.5839   -0.3170    0.8192
   -0.7145   -0.1353    0.9125
   -0.6751   -0.4094    0.8018
   -0.6324   -0.2047    0.7673
   -0.5717   -0.4168    0.8562
   -0.6679   -0.1679    0.8577
   -0.6180   -0.4414    0.8051
   -0.5827   -0.0823    0.7974
   -0.5572   -0.3602    0.7348
   -0.6541   -0.3741    0.6251
   -0.5307   -0.0733    0.7025
   -0.5428   -0.3704    0.7959
   -0.5995   -0.2191    0.6458
   -0.5345   -0.2168    0.8574
   -0.6009   -0.2825    0.6474
   -0.4510   -0.3474    0.7294
   -0.6038   -0.1820    0.7588
   -0.4915   -0.4230    0.6380
   -0.4599   -0.2134    0.7006
   -0.5434   -0.3704    0.8636
   -0.4506   -0.3878    0.6793
   -0.5312   -0.1189    0.7764
   -0.5231   -0.3746    0.6917
   -0.4402   -0.2235    0.7960
   -0.5064   -0.4315    0.6596
   -0.4862   -0.1420    0.7666
   -0.3977   -0.2746    0.7884
   -0.5001   -0.4889    0.6928
   -0.5409   -0.2481    0.8747
   -0.4438   -0.3365    0.7228
   -0.5046   -0.1866    0.7377
   -0.4402   -0.3767    0.8524
   -0.5535   -0.1477    0.9069
   -0.5691   -0.2987    0.8032
   -0.5212   -0.3826    0.7839
   -0.4155   -0.2357    0.8572
   -0.4659   -0.4588    0.7430
   -0.4027   -0.1857    0.8407
   -0.4811   -0.3798    0.8114
   -0.4117   -0.1734    0.6994
   -0.5231   -0.5106    0.7563
   -0.4517   -0.1650    0.8144
   -0.4382   -0.3765    0.7048
   -0.5401   -0.1572    0.8679
   -0.5702   -0.4267    0.6574
   -0.4690   -0.1339    0.8793
   -0.5117   -0.2581    0.6193
   -0.3430   -0.5091    1.0198
   -0.4883   -0.1406    0.6929
   -0.5916   -0.4204    0.8160
   -0.4567   -0.2441    0.6577
   -0.6241   -0.3189    1.0649
   -0.5782   -0.1966    0.7061
   -0.5278   -0.3837    0.7400
   -0.4154   -0.0985    0.6512
   -0.3662   -0.2681    0.7481
   -0.4157   -0.4013    0.7037
   -0.3213   -0.1881    0.6851
   -0.2873   -0.4498    0.6727
   -0.3919   -0.2379    0.7716
   -0.2834   -0.4332    0.6860

Previous Length = 784
outputting PDB in file /storage/htc/bdm/tosin/GSDB/Structures/WT9059TG/GSM455133_30E0LAAXX.1/VC_100kb/InfMod3DGen/chr17.pdb
    51.02%   100.00%
    done! closing file...
New Length = 784
spearman correlation = 0.580331
