 MATLAB Evaluation Started............
Processing file /storage/htc/bdm/tosin/GSDB/Data/WT9059TG/Cheng_Prop_WT/GSM455133_30E0LAAXX.1/VC_100kb/chr9_list.txt..............
INFO: License(s) matlab:1
Currently Loaded Modulefiles:
  1) matlab/matlab-R2018a
MobaXterm X11 proxy: Authorisation not recognised

                            < M A T L A B (R) >
                  Copyright 1984-2018 The MathWorks, Inc.
                   R2018a (9.4.0.813654) 64-bit (glnxa64)
                             February 23, 2018

 
To get started, type one of these: helpwin, helpdesk, or demo.
For product information, visit www.mathworks.com.
 
InfMod3DGen Execution Completed........

n =

     1


m =

        1222


p =

     3


XYZ =

   1.0e+03 *

   -0.3000   -0.1170    0.3750
   -0.3168   -0.2457    0.6506
   -0.1268   -0.1798    0.3326
   -0.2246    0.0014    0.5715
   -0.0780   -0.1703    0.3257
   -0.2801   -0.2676    0.5056
   -0.0901   -0.0646    0.5608
   -0.0970   -0.0504    0.4157
   -0.2255   -0.2562    0.6286
   -0.2305   -0.0801    0.6474
    0.0148   -0.1442    0.5519
   -0.3297   -0.1831    0.5169
    0.0136   -0.2402    0.3959
   -0.2839   -0.0646    0.6252
   -0.2746   -0.3430    0.5126
   -0.3588    0.0854    0.3826
   -0.2368   -0.1445    0.3597
   -0.1760   -0.3317    0.6036
   -0.0999   -0.2158    0.2614
   -0.2210   -0.4979    0.5906
   -0.3763   -0.2893    0.4669
    0.0782   -0.0922    0.3804
   -0.1800   -0.1622    0.6975
    0.0462   -0.2336    0.3721
   -0.1495   -0.3651    0.4281
   -0.0373   -0.1210    0.5925
   -0.1588   -0.1422    0.3453
   -0.3614   -0.0156    0.5690
   -0.0648   -0.2990    0.4774
   -0.0484   -0.1591    0.5725
   -0.2657   -0.1008    0.3415
   -0.1267   -0.3538    0.7223
   -0.2427   -0.0029    0.6921
    0.0125   -0.1347    0.2764
   -0.0531   -0.1859    0.6688
   -0.0700   -0.0244    0.4649
   -0.3249   -0.4176    0.5386
   -0.1879   -0.1164    0.2012
   -0.1472   -0.4166    0.3432
   -0.1543    0.0355    0.4217
   -0.2599   -0.4072    0.5965
   -0.3461    0.0901    0.5012
   -0.2615   -0.2805    0.5792
   -0.3377   -0.0974    0.2307
   -0.0858    0.1814    0.5795
   -0.3633   -0.2627    0.2027
   -0.1079    0.0884    0.4139
   -0.2384   -0.2494    0.4695
    0.0095   -0.1758    0.5157
   -0.3053    0.0322    0.5134
   -0.2130   -0.4881    0.3101
   -0.0315   -0.2794    0.6341
    0.0834   -0.0972    0.3332
   -0.1352   -0.4364    0.6785
   -0.1670   -0.1383    0.2996
   -0.2711   -0.5669    0.4345
   -0.0191   -0.2693    0.4333
   -0.0963    0.0303    0.6076
   -0.1125   -0.3190    0.2612
   -0.1534   -0.2256    0.5985
   -0.2166   -0.0444    0.2581
   -0.0984   -0.4076    0.3790
   -0.2193   -0.1929    0.4107
    0.0449   -0.1816    0.6338
   -0.1516   -0.3922    0.6045
   -0.3538   -0.1549    0.3597
   -0.1251   -0.2712    0.5977
   -0.3037   -0.1488    0.4666
   -0.0145   -0.1419    0.5025
   -0.4239   -0.3456    0.5872
   -0.1914    0.0614    0.3280
   -0.1666   -0.3944    0.5534
    0.0043   -0.0456    0.5471
   -0.2003   -0.3900    0.1837
   -0.1880   -0.1040    0.6176
   -0.3173   -0.4562    0.4498
   -0.2623    0.0333    0.5590
   -0.2720   -0.2328    0.4025
   -0.1853   -0.2446    0.6644
   -0.2582   -0.4289    0.2772
   -0.3974   -0.2167    0.2629
   -0.1345   -0.1539    0.3799
   -0.2697   -0.4455    0.5145
    0.0053   -0.2195    0.2930
   -0.2234   -0.3700    0.4922
   -0.2755   -0.0971    0.2572
   -0.1504   -0.3690    0.6108
   -0.2493   -0.1933    0.2544
   -0.0708   -0.1023    0.5780
   -0.3977   -0.0217    0.5302
   -0.1386   -0.1772    0.4810
   -0.3958   -0.3704    0.5795
   -0.0228   -0.1772    0.7356
   -0.0928   -0.3360    0.3904
   -0.3839   -0.1381    0.4153
   -0.2489   -0.3529    0.8085
   -0.0740    0.0447    0.6187
   -0.4217   -0.2395    0.6803
   -0.2050    0.1792    0.5991
   -0.1219   -0.0816    0.7260
   -0.4508   -0.1505    0.4954
   -0.2863   -0.1642    0.4514
   -0.1266   -0.4113    0.4633
   -0.2782   -0.1369    0.7532
   -0.4625   -0.3056    0.3649
   -0.0182   -0.0642    0.6648
   -0.2233   -0.0643    0.5229
   -0.2936   -0.3821    0.4397
   -0.3304   -0.2025    0.2929
   -0.2737   -0.2745    0.6043
   -0.2932   -0.0264    0.3577
   -0.2578   -0.1436    0.5693
   -0.4005   -0.2904    0.6031
   -0.1359   -0.0084    0.4131
   -0.1923   -0.1450    0.6248
   -0.2683   -0.3367    0.5621
   -0.3892   -0.1494    0.4878
   -0.1326   -0.2711    0.3680
   -0.3306   -0.0552    0.6835
   -0.2588   -0.3343    0.3427
   -0.1931   -0.0616    0.3852
   -0.4690   -0.1461    0.5454
   -0.1629   -0.3388    0.5097
   -0.1754    0.0013    0.4369
   -0.3745   -0.1478    0.6958
   -0.0962   -0.2742    0.5562
   -0.3822   -0.0682    0.4027
   -0.1375   -0.1417    0.5275
   -0.1503   -0.0562    0.3354
   -0.2772   -0.0850    0.5751
   -0.1352   -0.1975    0.2309
   -0.2278   -0.0435    0.6314
   -0.2283    0.1540    0.4356
   -0.0700   -0.1718    0.3783
   -0.4017   -0.0587    0.3990
   -0.3089   -0.1813    0.5485
   -0.4830   -0.0489    0.3868
   -0.2876   -0.1851    0.2875
   -0.3728    0.0647    0.5322
   -0.0742   -0.0284    0.4210
   -0.1499   -0.1867    0.5509
   -0.2059    0.0494    0.3163
   -0.1848   -0.2246    0.2367
   -0.1812   -0.0541    0.1909
   -0.0516   -0.2205    0.5306
   -0.1772   -0.0595    0.3124
   -0.1465    0.1646    0.5227
    0.0480   -0.1111    0.3808
   -0.3697   -0.2221    0.2646
   -0.2696   -0.0740    0.5473
   -0.5028   -0.0678    0.2462
   -0.0486   -0.1035    0.3778
   -0.3913    0.0370    0.5490
   -0.1912   -0.0905    0.2585
   -0.3168   -0.1195    0.5753
   -0.1842   -0.0876    0.3121
   -0.1296   -0.1152    0.5464
   -0.3626   -0.0508    0.0998
   -0.1588   -0.2887    0.1977
   -0.2104    0.0631    0.3131
   -0.1463   -0.2885    0.5721
   -0.1930   -0.1195    0.4252
   -0.4022   -0.0286    0.6030
   -0.1918   -0.2877    0.4326
   -0.1963    0.0776    0.5671
   -0.0851   -0.3228    0.4916
   -0.0836    0.0139    0.5094
   -0.4144   -0.2940    0.6638
   -0.0777   -0.1199    0.5227
   -0.4360   -0.2530    0.4811
   -0.0810   -0.1768    0.2656
   -0.3560    0.0164    0.3175
   -0.1172   -0.1586    0.5417
   -0.3464   -0.2389    0.3088
   -0.2415   -0.3254    0.5831
   -0.2535    0.0822    0.5946
   -0.1091   -0.0681    0.4749
   -0.2777   -0.2954    0.6095
   -0.3561   -0.0561    0.6722
   -0.1497   -0.2645    0.4017
   -0.2844   -0.1439    0.6615
   -0.2590   -0.1692    0.1832
   -0.3373   -0.1050    0.7580
   -0.4204   -0.1732    0.3518
   -0.3160    0.1300    0.4534
   -0.2515   -0.1907    0.6192
   -0.3426    0.1031    0.6245
   -0.2431   -0.3530    0.7493
   -0.3694    0.1467    0.5415
   -0.4263   -0.2915    0.3742
   -0.2295   -0.1885    0.3847
   -0.2965    0.0437    0.4713
   -0.1611   -0.1838    0.5012
   -0.3230   -0.0456    0.3476
   -0.0932   -0.1373    0.5230
   -0.3253   -0.1802    0.2801
   -0.3276   -0.2209    0.5673
   -0.0677   -0.0212    0.2883
   -0.3024   -0.2780    0.6307
   -0.1514    0.0246    0.4860
   -0.3558   -0.2349    0.1581
   -0.3484   -0.3285    0.7036
   -0.1598   -0.3961    0.4018
   -0.3869   -0.0313    0.2641
   -0.1771   -0.2372    0.2240
   -0.5287   -0.3591    0.4639
   -0.1150   -0.3202    0.2628
   -0.1174   -0.2083    0.5242
   -0.3617   -0.3390    0.3141
   -0.1380    0.1073    0.7395
   -0.1174   -0.1847    0.2097
    0.0267    0.0835    0.7191
   -0.2631   -0.3407    0.7691
   -0.2846   -0.0721    0.6140
   -0.2477   -0.1904    0.3646
   -0.4456   -0.0032    0.7513
   -0.3329   -0.2081    0.3848
   -0.1657   -0.0665    0.8031
   -0.1035   -0.3954    0.6982
   -0.2430   -0.2120    0.4397
   -0.4351   -0.3288    0.7888
   -0.3098    0.0664    0.5114
   -0.4503   -0.3022    0.4313
   -0.2495   -0.2776    0.6549
   -0.2758   -0.0035    0.3294
   -0.2991   -0.3206    0.3296
   -0.3393    0.0550    0.3615
   -0.1417   -0.1825    0.5178
   -0.3848   -0.2102    0.7037
   -0.2394    0.0889    0.5942
   -0.2202   -0.3269    0.3392
   -0.2770   -0.1650    0.7475
   -0.4268   -0.3063    0.4625
   -0.3067    0.0430    0.5370
   -0.4651   -0.2487    0.8027
   -0.2027   -0.3645    0.5108
   -0.3096   -0.0230    0.6756
   -0.1899   -0.3872    0.6594
   -0.1504   -0.0326    0.4671
   -0.4154   -0.2203    0.4250
   -0.5027    0.0032    0.5422
   -0.2945   -0.2434    0.4155
   -0.3676   -0.3570    0.5124
   -0.3186    0.0752    0.6661
   -0.3305   -0.1879    0.5887
   -0.2005   -0.1997    0.3122
   -0.3278   -0.1220    0.6693
   -0.4865   -0.3037    0.5757
   -0.3989   -0.0058    0.4607
   -0.2841   -0.1874    0.6913
   -0.4313   -0.2118    0.4730
   -0.3362   -0.1305    0.3794
   -0.4503   -0.2356    0.6462
   -0.4683   -0.1952    0.3406
   -0.3249   -0.3845    0.5589
   -0.4824   -0.2907    0.2082
   -0.3594   -0.0857    0.4294
   -0.3889   -0.3651    0.4124
   -0.5678   -0.0726    0.4875
   -0.4385   -0.3852    0.5080
   -0.5399    0.0030    0.4531
   -0.4027   -0.1600    0.2488
   -0.5620   -0.3029    0.6302
   -0.4323   -0.0473    0.4719
   -0.5856   -0.3608    0.4855
   -0.4307   -0.0400    0.7105
   -0.5908   -0.1743    0.3617
   -0.4441    0.0034    0.2671
   -0.4771   -0.2317    0.5892
   -0.6313   -0.2941    0.2679
   -0.6175   -0.1608    0.6024
   -0.4760   -0.0075    0.7524
   -0.4339    0.0373    0.3013
   -0.5659   -0.3644    0.3149
   -0.4461    0.0905    0.5191
   -0.4634   -0.3605    0.7204
   -0.6098   -0.3765    0.5750
   -0.5141   -0.1538    0.1417
   -0.6652   -0.0865    0.3159
   -0.5637   -0.1550    0.6157
   -0.6003   -0.3435    0.2953
   -0.7550   -0.1890    0.6036
   -0.7457   -0.0905    0.4206
   -0.6083    0.0017    0.6425
   -0.5943   -0.3243    0.6184
   -0.7423   -0.1862    0.4440
   -0.6234    0.0179    0.4227
   -0.7638   -0.2456    0.6482
   -0.6501    0.0081    0.5831
   -0.8095   -0.2334    0.4755
   -0.6719   -0.0600    0.4334
   -0.8284   -0.2990    0.6365
   -0.6945   -0.2071    0.5133
   -0.8495   -0.0153    0.6058
   -0.7623   -0.0752    0.3548
   -0.9120   -0.2434    0.5484
   -0.9284   -0.1547    0.4542
   -0.7733   -0.2595    0.6661
   -0.9215   -0.1893    0.4093
   -0.7645   -0.1498    0.6575
   -0.9012   -0.1287    0.5064
   -0.7375   -0.3142    0.4668
   -0.8667   -0.1963    0.5732
   -0.8755   -0.0811    0.5645
   -0.7446   -0.0700    0.3019
   -0.8950   -0.2749    0.5301
   -0.9084   -0.2013    0.4187
   -0.7856   -0.1656    0.6614
   -0.9204   -0.2075    0.3721
   -0.9273   -0.2261    0.6894
   -0.7856   -0.2329    0.2840
   -0.9392   -0.1675    0.4572
   -0.9555   -0.0397    0.4382
   -0.7965   -0.3105    0.5349
   -0.8928   -0.0563    0.5475
   -0.7510   -0.4245    0.4077
   -0.8743   -0.1413    0.5548
   -0.7253   -0.4404    0.5636
   -0.8305   -0.0181    0.4361
   -0.6923   -0.3641    0.3387
   -0.8087   -0.1770    0.3152
   -0.6610    0.0462    0.4072
   -0.7787   -0.3474    0.3064
   -0.6678   -0.1180    0.4428
   -0.8097   -0.2509    0.6337
   -0.7959   -0.0622    0.3786
   -0.6382   -0.2938    0.5205
   -0.6436   -0.0965    0.5731
   -0.7879   -0.2705    0.4470
   -0.6526   -0.0172    0.5798
   -0.7798   -0.3210    0.4491
   -0.7962   -0.1068    0.6280
   -0.6446   -0.1243    0.3911
   -0.7242   -0.2464    0.5497
   -0.5714   -0.1026    0.4827
   -0.5269   -0.2353    0.6134
   -0.5175   -0.1554    0.3353
   -0.6800   -0.0425    0.5470
   -0.5398   -0.1981    0.6676
   -0.6388    0.0543    0.4527
   -0.4778   -0.1947    0.5507
   -0.6226   -0.2781    0.4358
   -0.6100   -0.0427    0.5090
   -0.4701   -0.2573    0.5204
   -0.6005   -0.1979    0.4806
   -0.5637   -0.0720    0.5116
   -0.4156   -0.2115    0.5191
   -0.4089    0.0042    0.4420
   -0.5514   -0.3151    0.3186
   -0.4041   -0.2056    0.4265
   -0.5209   -0.0505    0.4535
   -0.3571   -0.2393    0.5049
   -0.5203   -0.0459    0.3593
   -0.5172   -0.3864    0.5030
   -0.3859   -0.2958    0.6488
   -0.5344   -0.1508    0.4126
   -0.4040   -0.0634    0.4805
   -0.5320   -0.2961    0.4394
   -0.3962   -0.1053    0.3073
   -0.4108   -0.2288    0.5034
   -0.5491    0.0303    0.5239
   -0.5570   -0.2785    0.3993
   -0.4295   -0.1418    0.5538
   -0.5485   -0.3292    0.2705
   -0.3841   -0.1082    0.3157
   -0.5178   -0.2566    0.5366
   -0.4056   -0.0509    0.3861
   -0.5427   -0.3187    0.5194
   -0.5253   -0.0625    0.5832
   -0.3675   -0.3113    0.4012
   -0.3784   -0.1700    0.7068
   -0.5231   -0.1247    0.6413
   -0.4051   -0.4556    0.5277
   -0.5540   -0.3751    0.7496
   -0.3951   -0.1162    0.6221
   -0.5510   -0.2371    0.4356
   -0.3956    0.0510    0.3858
   -0.3904   -0.2216    0.4860
   -0.5392   -0.0860    0.2770
   -0.4183   -0.1756    0.5226
   -0.5740   -0.2124    0.4437
   -0.5738    0.0185    0.6112
   -0.4259   -0.3098    0.5416
   -0.5784   -0.1547    0.5228
   -0.4210   -0.4205    0.5844
   -0.5550   -0.1685    0.3468
   -0.4144   -0.1944    0.6887
   -0.5435   -0.3610    0.3347
   -0.5594   -0.1703    0.6776
   -0.4350   -0.2785    0.3673
   -0.5675   -0.0875    0.5936
   -0.4481   -0.3161    0.5849
   -0.5836   -0.1118    0.6603
   -0.4229   -0.0458    0.4615
   -0.5283   -0.2843    0.3354
   -0.3894   -0.2042    0.6225
   -0.3901   -0.1247    0.4289
   -0.4994   -0.2019    0.6072
   -0.4615    0.0156    0.5709
   -0.5000   -0.1643    0.3645
   -0.3721   -0.1133    0.5810
   -0.3717   -0.3602    0.4167
   -0.5049   -0.1487    0.6413
   -0.5459   -0.0944    0.4904
   -0.4109   -0.2366    0.4641
   -0.4383   -0.2199    0.7560
   -0.5864    0.0219    0.5945
   -0.4528   -0.2872    0.5918
   -0.6067   -0.1819    0.3542
   -0.5018   -0.1381    0.6406
   -0.6556   -0.0797    0.4752
   -0.4971   -0.2777    0.5967
   -0.6312   -0.1456    0.5061
   -0.5072    0.0541    0.4723
   -0.5471   -0.0745    0.5157
   -0.7244   -0.1058    0.4005
   -0.7055   -0.2334    0.6081
   -0.5477   -0.2395    0.4629
   -0.6638    0.0559    0.7072
   -0.5134    0.0949    0.2156
   -0.6280   -0.1117    0.6459
   -0.5076   -0.1556    0.3257
   -0.6600    0.0132    0.5444
   -0.5142   -0.3367    0.3375
   -0.6670   -0.4665    0.6968
   -0.5648   -0.0972    0.3019
   -0.7039   -0.1002    0.6074
   -0.5752   -0.2819    0.4311
   -0.5708   -0.0334    0.7470
   -0.7333   -0.1102    0.3491
   -0.7314   -0.4186    0.5802
   -0.5819   -0.0064    0.4278
   -0.6935   -0.1860    0.5656
   -0.5584    0.0367    0.5674
   -0.7167   -0.2236    0.5614
   -0.5579   -0.0098    0.4430
   -0.6549   -0.0562    0.7102
   -0.4912   -0.2246    0.3553
   -0.6153   -0.2203    0.6597
   -0.4610   -0.1472    0.4910
   -0.4521   -0.3617    0.6468
   -0.5766   -0.2350    0.3765
   -0.4331   -0.0598    0.6333
   -0.4176    0.0209    0.2815
   -0.5458   -0.0022    0.6099
   -0.4452   -0.1317    0.4682
   -0.5751   -0.2759    0.5606
   -0.4252   -0.1071    0.4893
   -0.5607   -0.1770    0.6224
   -0.5263   -0.0972    0.5043
   -0.3907   -0.3037    0.5348
   -0.4250   -0.1405    0.4771
   -0.5677   -0.0706    0.8589
   -0.4435   -0.1641    0.3606
   -0.5726   -0.2017    0.7077
   -0.4122   -0.0948    0.4528
   -0.3825   -0.2115    0.6204
   -0.5398   -0.1606    0.4997
   -0.4375   -0.1204    0.6653
   -0.5938   -0.3260    0.5210
   -0.5616   -0.0675    0.5303
   -0.3971   -0.1977    0.4957
   -0.5322   -0.1800    0.6480
   -0.5707   -0.1813    0.3870
   -0.5764   -0.1760    0.4946
   -0.5662    0.1375    0.4361
   -0.5276    0.0348    0.3095
   -0.3720    0.2052    0.6579
   -0.3649   -0.0662    0.5107
   -0.5086   -0.2594    0.5253
   -0.4668   -0.1226    0.4168
   -0.5701   -0.1453    0.7633
   -1.2520    0.6339    0.1688
   -0.3046   -0.3027    1.1290
   -0.2839   -0.1922    0.4349
   -0.4140   -0.1705    0.6058
   -0.4263   -0.1772    0.4117
   -0.2928   -0.1348    0.7307
   -0.4137   -0.1266    0.5501
   -0.3249   -0.1209    0.4750
   -0.4883   -0.1184    0.4012
   -0.3532   -0.1183    0.6610
   -0.4668    0.5378    0.9793
   -0.3379   -0.0209    0.4986
   -0.4890   -0.3549    0.4238
   -0.3392    0.1206    0.1646
   -0.4566   -0.1825    0.5941
   -0.4617    0.1071    0.3822
   -0.4564   -0.2493    0.5230
   -0.3052    0.0490    0.7106
   -0.4247   -0.1874    0.4559
   -0.3430   -0.1648    0.6084
   -0.4614   -0.2763    0.4120
   -0.4908   -0.0780    0.5671
   -0.3762   -0.1855    0.2990
   -0.5005   -0.2750    0.5479
   -0.3756   -0.1389    0.6200
   -0.5190   -0.1318    0.4309
   -0.4073    0.1515    0.9149
   -0.5452    0.4156    0.9297
   -0.4338   -0.1072    0.6622
   -0.5861   -0.1317    0.9102
   -0.4724   -0.0994    0.5231
   -0.5991   -0.3765    0.8857
   -0.4606    0.0445    0.5722
   -0.6188   -0.2860    0.6837
   -0.5238   -0.1206    0.3859
   -0.6758   -0.4414    0.4738
   -0.7082   -0.0036    0.5757
   -0.5488   -0.4455    0.3011
   -0.5599    0.0876    0.4001
   -0.7186   -0.3651    0.2689
   -0.7610    0.0026    0.3137
   -0.5997   -0.1959    0.4795
   -0.7186   -0.0544    0.6005
   -0.5939   -0.2117    0.5289
   -0.7382   -0.0462    0.4799
   -0.5863   -0.2200    0.7036
   -0.6966   -0.0393    0.3983
   -0.5834   -0.2312    0.5769
   -0.6785   -0.0390    0.6971
   -0.5856   -0.0046    0.4614
   -0.6903   -0.2666    0.6224
   -0.6989   -0.1783    0.4200
   -0.6042   -0.0094    0.3999
   -0.7172   -0.3644    0.4257
   -0.5881   -0.2579    0.6922
   -0.6172   -0.2464    0.2143
   -0.7518   -0.1578    0.5892
   -0.6506   -0.0969    0.3137
   -0.7597   -0.3068    0.5171
   -0.6462   -0.1800    0.6803
   -0.6331   -0.0907    0.4257
   -0.6468   -0.3103    0.5832
   -0.7638   -0.1118    0.6430
   -0.6564   -0.4426    0.5271
   -0.7435   -0.3424    0.4351
   -0.6171   -0.1660    0.2966
   -0.6018    0.0742    0.6298
   -0.7315   -0.2122    0.6012
   -0.7148   -0.2016    0.3386
   -0.6044    0.0121    0.4929
   -0.7288   -0.3155    0.4999
   -0.6581   -0.2200    0.7183
   -0.7762   -0.2475    0.7011
   -0.6475   -0.2153    0.4078
   -0.7686   -0.2635    0.6005
   -0.8017   -0.2003    0.3570
   -0.7914   -0.1121    0.5795
   -0.6754   -0.0128    0.7039
   -0.7592   -0.1121    0.5115
   -0.7465   -0.3320    0.3017
   -0.6143    0.0410    0.4493
   -0.7241   -0.3629    0.4887
   -0.5932   -0.1961    0.7377
   -0.7125   -0.1398    0.4878
   -0.6804   -0.1960    0.7006
   -0.5702   -0.4032    0.5365
   -0.5424    0.0322    0.5862
   -0.5791   -0.3769    0.4942
   -0.7084   -0.1286    0.4003
   -0.7058   -0.2251    0.6844
   -0.5899   -0.1514    0.5661
   -0.5673   -0.3543    0.3722
   -0.6779   -0.2741    0.5975
   -0.6591   -0.1920    0.4318
   -0.5377   -0.3201    0.2763
   -0.6496   -0.4200    0.6726
   -0.5521   -0.1098    0.2973
   -0.5445    0.0359    0.4046
   -0.6621   -0.4792    0.4071
   -0.5429   -0.1274    0.3539
   -0.6492   -0.3582    0.6483
   -0.5528   -0.3067    0.2687
   -0.5550   -0.1472    0.4924
   -0.6868   -0.3942    0.5497
   -0.6012    0.0063    0.5276
   -0.7033   -0.3298    0.3606
   -0.5800   -0.0841    0.6770
   -0.5375   -0.4761    0.5558
   -0.6352   -0.2082    0.5737
   -0.5221   -0.3828    0.3746
   -0.5869   -0.2691    0.8177
   -0.4698   -0.2668    0.7422
   -0.4700   -0.1702    0.3543
   -0.5082   -0.2280    0.5471
   -0.6256   -0.4081    0.7194
   -0.6669   -0.1491    0.5030
   -0.5716   -0.4774    0.5388
   -0.6600   -0.0492    0.5346
   -0.5286   -0.2491    0.7179
   -0.4896   -0.3500    0.4119
   -0.5889   -0.0886    0.4862
   -0.4759   -0.3502    0.6836
   -0.4728   -0.0957    0.4692
   -0.6030   -0.1522    0.6773
   -0.5102   -0.3053    0.5370
   -0.5163    0.0165    0.6310
   -0.6496   -0.0945    0.4220
   -0.6515   -0.1523    0.7733
   -0.5470   -0.0889    0.3905
   -0.6640   -0.1342    0.6239
   -0.5400   -0.3588    0.5523
   -0.6587   -0.1368    0.5291
   -0.5379   -0.3545    0.4520
   -0.5941   -0.0350    0.4429
   -0.4760   -0.2483    0.5655
   -0.5808   -0.0446    0.4635
   -0.5627   -0.2776    0.5506
   -0.4320   -0.1208    0.4882
   -0.4490   -0.3902    0.6097
   -0.5754   -0.3214    0.3257
   -0.4482   -0.0836    0.4971
   -0.5803    0.0432    0.6731
   -0.5237   -0.2678    0.6934
   -0.6267   -0.1166    0.4747
   -0.5424   -0.4270    0.3474
   -0.6690   -0.3706    0.5882
   -0.5485   -0.2396    0.5127
   -0.6395   -0.2946    0.6892
   -0.5462   -0.1212    0.4296
   -0.5496   -0.1387    0.7549
   -0.6699   -0.3414    0.4529
   -0.5859   -0.0010    0.5873
   -0.7047   -0.2350    0.4604
   -0.7201   -0.1989    0.6071
   -0.5870   -0.3073    0.4332
   -0.7197   -0.1057    0.6533
   -0.6379   -0.3023    0.7266
   -0.7397   -0.1424    0.4963
   -0.6088   -0.2091    0.8357
   -0.6669   -0.2230    0.5379
   -0.5340   -0.2634    0.3251
   -0.6074   -0.0317    0.6050
   -0.4816   -0.3472    0.3788
   -0.5853   -0.3994    0.6180
   -0.4668   -0.2623    0.3753
   -0.4394   -0.4750    0.5117
   -0.5447   -0.3922    0.6924
   -0.4250   -0.4499    0.3616
   -0.5044   -0.1862    0.5566
   -0.3790    0.0402    0.3990
   -0.3472   -0.3285    0.6795
   -0.3555   -0.2110    0.4346
   -0.4764   -0.0959    0.7320
   -0.4084   -0.3516    0.4443
   -0.5068   -0.0558    0.5801
   -0.4466   -0.4318    0.4508
   -0.5524   -0.2696    0.7270
   -0.5309   -0.4264    0.6900
   -0.4115   -0.0789    0.3969
   -0.4995   -0.3495    0.6606
   -0.3817   -0.0174    0.4774
   -0.3655   -0.2723    0.5395
   -0.4659   -0.0678    0.5355
   -0.3530   -0.2198    0.5538
   -0.4404   -0.2479    0.4478
   -0.4313   -0.1380    0.7015
   -0.3029   -0.1941    0.4438
   -0.2992   -0.3102    0.4186
   -0.4048   -0.1334    0.7078
   -0.2925   -0.3665    0.4533
   -0.3528   -0.1968    0.7373
   -0.2276   -0.3927    0.4714
   -0.3313   -0.3637    0.7590
   -0.2193   -0.0852    0.5269
   -0.3518   -0.3959    0.6136
   -0.2366   -0.0238    0.6595
   -0.2015   -0.4128    0.5634
   -0.3161   -0.0302    0.5173
   -0.1878   -0.2594    0.6666
   -0.3080   -0.2141    0.4958
   -0.2178   -0.0134    0.5729
   -0.3484   -0.0210    0.4737
   -0.3633   -0.2343    0.7438
   -0.3469   -0.0039    0.5072
   -0.2175   -0.3391    0.5171
   -0.2805   -0.4200    0.6458
   -0.2569   -0.1088    0.6524
   -0.1407   -0.4931    0.5376
   -0.2475   -0.1555    0.5672
   -0.2663   -0.2873    0.6896
   -0.2560   -0.1083    0.5731
   -0.1397   -0.1975    0.5506
   -0.2289   -0.0086    0.7605
   -0.2020   -0.5299    0.6783
   -0.0814   -0.4020    0.5820
   -0.1649   -0.0870    0.6937
   -0.1419   -0.2769    0.5974
   -0.1850   -0.1324    0.8477
   -0.1210   -0.0314    0.6366
   -0.2415   -0.1885    0.6367
   -0.0776   -0.1952    0.7629
   -0.0312   -0.3117    0.7881
   -0.2786   -0.1899    0.6767
   -0.0465   -0.1351    0.7395
   -0.1961   -0.4696    0.6350
    0.0077   -0.0270    0.6944
   -0.0999   -0.2879    0.5933
   -0.0965   -0.1166    0.6962
   -0.1482   -0.2784    0.6180
   -0.2728   -0.1320    0.8578
    0.0860   -0.1905    0.7593
   -0.0833   -0.0884    0.6599
   -0.2853   -0.1932    0.7641
   -0.0033   -0.0078    0.6878
   -0.1134   -0.3374    0.6984
   -0.0594   -0.2300    0.8104
    0.0422   -0.0869    0.6989
   -0.1894   -0.0833    0.7469
   -0.1749   -0.2105    0.6174
   -0.0589   -0.4238    0.6832
   -0.2315    0.0123    0.5689
    0.1391   -0.1165    0.6688
   -0.1204   -0.1065    0.5438
   -0.0375   -0.2952    0.6591
   -0.0391   -0.1234    0.6903
   -0.1693   -0.0424    0.5847
   -0.1007   -0.2316    0.6819
    0.1426   -0.0876    0.5873
   -0.0850   -0.1914    0.6690
   -0.2881   -0.2340    0.5746
   -0.0916    0.0244    0.6826
   -0.1332   -0.2287    0.5675
   -0.0318   -0.1157    0.6835
   -0.0031   -0.3766    0.5540
   -0.1856   -0.1120    0.5271
   -0.0751   -0.2017    0.6967
   -0.0209   -0.0721    0.5064
    0.0236   -0.3007    0.5999
   -0.0979   -0.0435    0.4736
    0.0079   -0.2759    0.5452
    0.1322   -0.0998    0.4795
    0.0195   -0.0395    0.5200
   -0.1039   -0.1933    0.5994
    0.0337   -0.2688    0.4596
   -0.0524   -0.0557    0.5635
   -0.2614   -0.2098    0.4969
   -0.0698   -0.2103    0.6700
   -0.0386    0.0607    0.5608
   -0.0100   -0.2055    0.4926
   -0.0454    0.0836    0.4519
    0.0863   -0.3436    0.5730
    0.1298   -0.0461    0.5067
   -0.1562   -0.3586    0.7365
    0.0091   -0.1272    0.4713
    0.1590   -0.0826    0.6371
   -0.1129   -0.2327    0.4433
    0.0619    0.0015    0.5879
    0.1500   -0.1940    0.5869
    0.0240   -0.5037    0.5592
    0.0343   -0.0131    0.4310
   -0.0988   -0.3381    0.5711
   -0.0095   -0.0903    0.5041
    0.0929   -0.2478    0.6367
   -0.0446   -0.0803    0.6791
    0.2043   -0.1424    0.5581
   -0.1724   -0.2171    0.5401
   -0.0438   -0.2021    0.6404
   -0.1894   -0.1753    0.5083
    0.0321   -0.1602    0.6276
   -0.1862   -0.3062    0.5148
   -0.1489    0.0330    0.4743
    0.1621   -0.0099    0.4966
   -0.0990   -0.2305    0.6071
   -0.0165   -0.0890    0.4785
    0.0439   -0.0871    0.6820
    0.0445   -0.2271    0.4396
    0.0316   -0.0863    0.5206
   -0.2640   -0.1929    0.5080
   -0.0095   -0.2541    0.4885
    0.0945   -0.1225    0.5126
   -0.0742   -0.0624    0.4366
    0.0210   -0.0967    0.5678
    0.0266   -0.2615    0.6536
   -0.0428   -0.2920    0.4562
    0.0055   -0.1339    0.6302
    0.0612   -0.2057    0.4368
   -0.2275   -0.0914    0.4188
    0.1137   -0.1539    0.5660
   -0.0996   -0.1118    0.4445
    0.0799   -0.3247    0.5646
    0.0182   -0.0803    0.6128
    0.1429   -0.1704    0.4639
   -0.0474   -0.1751    0.6088
   -0.1640   -0.3012    0.4300
    0.0909   -0.1694    0.6629
    0.0710   -0.0921    0.3893
    0.1072   -0.2934    0.6060
   -0.0361   -0.0720    0.5295
    0.1311   -0.3297    0.4231
    0.1176   -0.0835    0.4602
    0.0788   -0.2636    0.6040
   -0.0652   -0.0791    0.5356
   -0.1008   -0.2587    0.3413
    0.0709   -0.1831    0.4238
   -0.0983   -0.1033    0.6569
   -0.0239   -0.1473    0.2612
   -0.2014   -0.1653    0.4664
    0.0013   -0.1043    0.5925
    0.0227   -0.2821    0.4428
    0.0061   -0.1539    0.6461
    0.1668   -0.0365    0.5128
   -0.0887   -0.3351    0.4837
   -0.0942   -0.0808    0.4406
    0.0183   -0.2980    0.3625
    0.0093   -0.0096    0.3180
    0.0957   -0.1196    0.2698
   -0.1103   -0.3434    0.3226
    0.0096   -0.1150    0.5698
   -0.0374   -0.1151    0.3515
   -0.1581   -0.1996    0.6048
    0.1232   -0.2223    0.3508
   -0.0980   -0.1137    0.4959
    0.2053   -0.2410    0.5525
   -0.0378   -0.1283    0.5014
   -0.1653   -0.3342    0.5156
   -0.0289   -0.1070    0.3145
   -0.0211   -0.2487    0.5805
    0.0800   -0.2012    0.4036
   -0.1100   -0.0874    0.4907
   -0.1848   -0.2599    0.5346
    0.1468   -0.2892    0.5247
   -0.1214   -0.1462    0.5697
   -0.0998   -0.2327    0.3908
   -0.0837   -0.2862    0.6629
    0.0274   -0.1866    0.4478
   -0.1438   -0.3209    0.4151
   -0.0361   -0.2379    0.5554
    0.0616   -0.3571    0.2579
   -0.1153   -0.4962    0.5472
   -0.0052   -0.2546    0.4396
   -0.2015   -0.2334    0.5622
   -0.0027   -0.3532    0.4086
   -0.1128   -0.2013    0.6338
   -0.0147   -0.3093    0.2801
   -0.0133   -0.3033    0.5818
   -0.0336   -0.2766    0.8042
   -0.0263   -0.5162    0.5647
   -0.1533   -0.2436    0.3599
   -0.1601   -0.3479    0.6846
    0.1241   -0.2759    0.5081
    0.0873   -0.3802    0.4277
   -0.0620   -0.2583    0.7324
    0.0185   -0.3368    0.3049
    0.0162   -0.2065    0.4056
   -0.0936   -0.3613    0.5815
    0.0303   -0.2141    0.4109
    0.0523   -0.3069    0.5692
   -0.0407   -0.2471    0.7990
   -0.0649   -0.4252    0.4513
    0.0599   -0.3681    0.2077
    0.0788   -0.2447    0.6759
   -0.0434   -0.3442    0.8149
    0.0595   -0.2187    0.6754
   -0.0740   -0.2977    0.4203
    0.0185   -0.1876    0.8019
   -0.0636   -0.1935    0.4910
   -0.0700   -0.3274    0.5487
    0.0610   -0.2736    0.6871
    0.0056   -0.3863    0.3882
    0.1238   -0.3285    0.5902
   -0.0024   -0.4317    0.5385
    0.0952   -0.3267    0.4048
    0.0892   -0.4489    0.6164
    0.0001   -0.4355    0.4204
   -0.0161   -0.3032    0.6694
    0.0589   -0.3631    0.4071
   -0.0269   -0.2334    0.6371
    0.0905   -0.2243    0.5520
    0.0273   -0.3697    0.6916
    0.0410   -0.2656    0.4790
    0.1533   -0.3495    0.3680
    0.0414   -0.2249    0.6182
    0.1597   -0.4019    0.4974
    0.0274   -0.2251    0.4732
    0.0296   -0.3492    0.6754
    0.0481   -0.3195    0.4717
    0.1611   -0.1885    0.6946
    0.0835   -0.4426    0.4713
    0.1992   -0.1826    0.5954
    0.2065   -0.3697    0.5799
    0.0739   -0.1905    0.2871
    0.1496   -0.2995    0.3176
    0.0505   -0.1918    0.4381
    0.1554   -0.1969    0.3151
    0.0364   -0.3144    0.3105
    0.0157   -0.2191    0.5303
    0.1249   -0.2930    0.3885
    0.1495   -0.1934    0.6806
    0.0201   -0.3041    0.5772
    0.1345   -0.2163    0.2724
    0.0490   -0.2270    0.7867
    0.1165   -0.4611    0.4932
    0.0116   -0.2265    0.3272
    0.1326   -0.3458    0.6448
    0.0719   -0.1908    0.4699
    0.2000   -0.3254    0.3110
    0.1519   -0.1403    0.4931
    0.2550   -0.2111    0.4340
    0.2919   -0.3685    0.6163
    0.1994   -0.2807    0.4779
    0.3035   -0.1558    0.3709
    0.2080   -0.1755    0.6274
    0.3077   -0.3025    0.3305
    0.2217   -0.1682    0.7626
    0.3416   -0.1947    0.4606
    0.2852   -0.3186    0.7745
    0.4110   -0.5119    0.6166
    0.3186   -0.2239    0.7249
    0.4009   -0.3137    0.4094
    0.2780   -0.3705    0.5326
    0.3470   -0.1578    0.6640
    0.2532   -0.1859    0.4666
    0.2444   -0.1355    0.5919
    0.3593   -0.2641    0.5961
    0.3485   -0.1654    0.3939
    0.2352   -0.3727    0.6861
    0.3609   -0.0967    0.4625
    0.3796   -0.1650    0.6303
    0.2506   -0.3567    0.6069
    0.3700   -0.1040    0.4030
    0.2555   -0.0829    0.6481
    0.2169   -0.1200    0.5614
    0.2088   -0.2438    0.2623
    0.3345   -0.3799    0.4983
    0.3407   -0.1363    0.4488
    0.2097   -0.2553    0.2789
    0.2313   -0.1692    0.6449
    0.3391   -0.2528    0.3414
    0.3729   -0.1483    0.5641
    0.2800   -0.2704    0.4054
    0.3892   -0.3896    0.6427
    0.3129   -0.1948    0.7010
    0.3133   -0.5289    0.5448
    0.4423   -0.2958    0.3995
    0.3291   -0.1892    0.5229
    0.4612   -0.3437    0.7862
    0.3787   -0.3164    0.4151
    0.4683   -0.2099    0.7189
    0.3606   -0.4476    0.4721
    0.4407   -0.2220    0.3444
    0.3157   -0.2757    0.5161
    0.4505   -0.3091    0.7026
    0.3645   -0.1085    0.5566
    0.3979   -0.2370    0.3303
    0.5258   -0.2012    0.5881
    0.4213   -0.2115    0.3046
    0.5000   -0.0836    0.7137
    0.4076   -0.1739    0.3066
    0.4480   -0.1158    0.6739
    0.5821   -0.0807    0.4752
    0.4664   -0.1622    0.4180
    0.5767   -0.1595    0.6395
    0.4878   -0.0649    0.7518
    0.4957   -0.3639    0.4267
    0.6021   -0.1772    0.3446
    0.5037   -0.3455    0.7216
    0.4703   -0.3001    0.3289
    0.4630   -0.1962    0.6374
    0.4779   -0.4253    0.5164
    0.6084   -0.2537    0.5614
    0.5179   -0.1432    0.3463
    0.6378   -0.0852    0.5079
    0.5032   -0.1439    0.4811
    0.6094   -0.2148    0.3519
    0.4964   -0.0614    0.5781
    0.6177   -0.2398    0.7204
    0.6050   -0.2352    0.4791
    0.4927   -0.0993    0.5469
    0.5855   -0.0484    0.4243
    0.4634   -0.3839    0.4829
    0.4614   -0.1871    0.5592
    0.5877   -0.0636    0.4480
    0.5036   -0.2409    0.5874
    0.6103   -0.1089    0.5329
    0.5265   -0.3774    0.5167
    0.5633   -0.0819    0.5491
    0.6914   -0.1857    0.5027
    0.7028   -0.3107    0.5264
    0.6028   -0.0912    0.5248
    0.7018   -0.2454    0.5626
    0.5719   -0.1949    0.4415
    0.5611   -0.0859    0.6556
    0.6855   -0.2229    0.5577
    0.6631   -0.1880    0.4136
    0.5327   -0.3124    0.6824
    0.6448   -0.2127    0.3300
    0.5334   -0.2389    0.5974
    0.6199   -0.1615    0.6451
    0.5019   -0.0627    0.4492
    0.4853   -0.3004    0.4956
    0.6013   -0.0718    0.6195
    0.4713   -0.3149    0.4465
    0.6012   -0.1354    0.5041
    0.6021   -0.2632    0.5896
    0.4743   -0.0338    0.6118
    0.5527   -0.3288    0.4313
    0.5542   -0.3539    0.6618
    0.4551   -0.2373    0.3649
    0.5673   -0.0134    0.4197
    0.4665   -0.3146    0.6133
    0.5760   -0.0914    0.5353
    0.5970   -0.2951    0.3772
    0.5630   -0.1169    0.5719
    0.4303   -0.3729    0.5697
    0.5555   -0.1480    0.3892
    0.5550   -0.2287    0.6948
    0.4461    0.0116    0.4902
    0.4439   -0.1621    0.6661
    0.5731   -0.1994    0.5117
    0.4567   -0.1988    0.3134
    0.5804   -0.0750    0.3648
    0.5822   -0.3759    0.5412
    0.4871    0.0484    0.4932
    0.5933   -0.2061    0.3565
    0.5894   -0.3396    0.4768
    0.4580   -0.2599    0.6785
    0.5872   -0.2437    0.4903
    0.4757   -0.0466    0.5675
    0.4628   -0.1349    0.3286
    0.5615   -0.0721    0.6852
    0.4501   -0.0394    0.3328
    0.5527   -0.1234    0.6766
    0.5663   -0.3911    0.4974
    0.5576    0.0003    0.6564
    0.4444   -0.1474    0.4667
    0.5145   -0.3146    0.6474
    0.4189   -0.3412    0.4157
    0.4858   -0.2030    0.6610
    0.3866    0.0981    0.5768
    0.4757   -0.3095    0.5306
    0.3573   -0.0251    0.4618
    0.4323   -0.0808    0.6817
    0.3127   -0.0553    0.3826
    0.2904   -0.1953    0.6538
    0.4158   -0.1699    0.3487
    0.3990   -0.2427    0.6294
    0.2760   -0.0156    0.5931
    0.4006   -0.3495    0.4109
    0.2916   -0.0988    0.5628
    0.3121   -0.3295    0.5404
    0.4447   -0.0511    0.4179
    0.4866   -0.3217    0.4172
    0.3520   -0.2037    0.5731
    0.3178   -0.2540    0.4169
    0.4172   -0.1685    0.4748
    0.4341    0.0094    0.5952
    0.3095   -0.2706    0.6291
    0.3149   -0.2665    0.3023
    0.4316   -0.2730    0.4865
    0.3282   -0.1209    0.5802
    0.3724   -0.1062    0.3985
    0.4993   -0.3178    0.5291
    0.5271   -0.0788    0.5064
    0.3972   -0.2701    0.4502
    0.4882   -0.2434    0.6472
    0.3982   -0.2494    0.3719
    0.4995   -0.1827    0.5774
    0.3785   -0.2495    0.3325
    0.4999   -0.1770    0.3484
    0.3656   -0.2790    0.5522
    0.3690   -0.0388    0.6231
    0.3841   -0.1635    0.3607
    0.5153   -0.2479    0.6823
    0.5586   -0.2614    0.4227
    0.4270   -0.2298    0.5921
    0.5146   -0.0694    0.4586
    0.4144   -0.3425    0.5813
    0.5335   -0.1097    0.4176
    0.4817   -0.3671    0.5469
    0.6267   -0.1952    0.5670
    0.5324   -0.1670    0.3892
    0.6437   -0.0433    0.6193
    0.6375   -0.2315    0.3275
    0.5126   -0.2037    0.5912
    0.4985    0.0137    0.6001
    0.5004   -0.0967    0.3621
    0.6016   -0.2695    0.5632
    0.5183   -0.1019    0.4702
    0.6237   -0.2309    0.4883
    0.5157    0.0058    0.4812
    0.6058   -0.1822    0.5293
    0.5224   -0.2290    0.3988
    0.6306    0.0206    0.5652
    0.5016   -0.1270    0.3164
    0.5651   -0.2639    0.4418
    0.4351   -0.0591    0.5565
    0.4951   -0.0132    0.3993
    0.4799   -0.2887    0.4892
    0.3514   -0.0624    0.4346
    0.3563   -0.2286    0.3965
    0.3333   -0.0498    0.5399
    0.4441   -0.2975    0.5316
    0.3308   -0.1516    0.4164
    0.3615    0.0640    0.5347
    0.4778   -0.1398    0.4277
    0.4046   -0.0002    0.5418
    0.5241   -0.2577    0.3794
    0.5467   -0.0870    0.5831
    0.4180   -0.2220    0.5321
    0.4223   -0.0777    0.4220
    0.5323   -0.2056    0.5373
    0.4483   -0.1897    0.4542
    0.5781   -0.1204    0.3919
    0.6039   -0.1918    0.5743
    0.5880   -0.0712    0.3714
    0.4598   -0.1057    0.5841
    0.5876   -0.1812    0.3923
    0.5010   -0.1245    0.5890
    0.6315   -0.2404    0.4697
    0.5177   -0.0515    0.4310
    0.6375   -0.2261    0.5524
    0.5658   -0.0584    0.4762
    0.6619   -0.1981    0.5332
    0.5867   -0.0443    0.3715
    0.6468   -0.1160    0.6392
    0.5305   -0.1305    0.5049
    0.5294   -0.1098    0.2840
    0.6533   -0.1911    0.5607
    0.5260   -0.1314    0.3362
    0.6700   -0.2753    0.5451
    0.6634   -0.0240    0.3615
    0.5333   -0.2147    0.5284
    0.6638   -0.1398    0.4078
    0.5614   -0.0311    0.5193
    0.5794   -0.1563    0.5530
    0.7053    0.0464    0.4357
    0.5972   -0.3142    0.5007
    0.7157   -0.0161    0.4371
    0.5884   -0.2376    0.5005
    0.5721    0.0307    0.3278
    0.5944   -0.1126    0.5320
    0.7205   -0.1990    0.4369
    0.7410   -0.0895    0.5421
    0.6462    0.0013    0.3918
    0.7684   -0.2498    0.4792
    0.6812   -0.0860    0.5454
    0.6849   -0.1205    0.3307
    0.7915   -0.1977    0.5804
    0.7759   -0.1486    0.4846
    0.6713    0.1865    0.3515
    0.6192   -0.1533    0.4197
    0.6151   -0.1232    0.5664
    0.7311   -0.1941    0.3989
    0.7498   -0.0631    0.5854
    0.7323   -0.0372    0.3998
    0.6185   -0.0403    0.5065
    0.7188   -0.0921    0.3768
    0.6095   -0.1430    0.5339
    0.7290    0.0340    0.4379
    0.5989   -0.0977    0.4990
    0.5828   -0.0083    0.3091
    0.7121   -0.0099    0.5287
    0.5972   -0.1361    0.3993
    0.6258   -0.0218    0.3721
    0.7512   -0.0052    0.4761
    0.7951   -0.1370    0.4243
    0.7042   -0.0395    0.3420
    0.7185   -0.1696    0.3471
    0.8275   -0.1707    0.4476
    0.8019   -0.0497    0.3469
    0.7664   -0.1686    0.3257
    0.6532   -0.0676    0.3278
    0.6454   -0.0659    0.4499
    0.7678   -0.2022    0.3702
    0.7928   -0.0715    0.4108
    0.7825   -0.1017    0.5243
    0.6579   -0.1773    0.3944
    0.7790    0.0731    0.4952
    0.7272   -0.1391    0.3853
    0.8449   -0.1084    0.4735
    0.7341    0.0289    0.4298
    0.7997   -0.2005    0.3522
    0.6881    0.0515    0.3616
    0.8071   -0.1367    0.4787
    0.8257   -0.0565    0.5039
    0.7092   -0.0933    0.3775
    0.8127   -0.1189    0.3545
    0.7083   -0.0469    0.4451
    1.0037    0.1386    0.4527
    0.7582   -0.2261    0.3479
    0.8804    0.0605    0.4663
    0.7712   -0.1439    0.3444
    0.8616    0.0760    0.3626
    0.8511   -0.0415    0.4873
    0.7213   -0.1639    0.3968
    0.7143   -0.0548    0.4229
    0.8267    0.0122    0.4471
    0.7006   -0.1211    0.4681
    0.7969   -0.0364    0.5214
    0.6980   -0.0521    0.3290
    0.8028    0.0795    0.4134
    0.6948    0.0823    0.2487
    0.7292   -0.0163    0.4679
    0.8595    0.0702    0.4489
    0.8223   -0.0125    0.3278
    0.6941   -0.0052    0.3088
    0.7717    0.0149    0.4308
    0.7581    0.1462    0.4715
    0.6418    0.0803    0.3618
    0.7693    0.1794    0.4729
    0.7911    0.0791    0.2767
    0.6597    0.1667    0.4906
    0.7299    0.0783    0.2969
    0.6217    0.1817    0.5029
    0.7441    0.0658    0.3259
    0.7788    0.1339    0.5357
    0.6995    0.0140    0.4329
    0.8034    0.1591    0.3836
    0.6722   -0.0057    0.5302
    0.6842    0.1278    0.4020
    0.7972    0.0724    0.5015
    0.6767    0.1002    0.3014
    0.7323    0.2239    0.5115
    0.6962    0.1705    0.3798
    0.5650    0.3042    0.3965
    0.6440    0.2146    0.5101
    0.5136    0.3248    0.5191
    0.5999    0.2422    0.3307
    0.5704    0.3232    0.5513
    0.4559    0.2207    0.4456

Previous Length = 1222
outputting PDB in file /storage/htc/bdm/tosin/GSDB/Structures/WT9059TG/GSM455133_30E0LAAXX.1/VC_100kb/InfMod3DGen/chr9.pdb
    32.73%    65.47%    98.20%   100.00%
    done! closing file...
New Length = 1222
spearman correlation = 0.414931
