 MATLAB Evaluation Started............
Processing file /storage/htc/bdm/tosin/GSDB/Data/WT9059TG/Cheng_Prop_WT/GSM455133_30E0LAAXX.1/VC_100kb/chr18_list.txt..............
INFO: License(s) matlab:1
Currently Loaded Modulefiles:
  1) matlab/matlab-R2018a

                            < M A T L A B (R) >
                  Copyright 1984-2018 The MathWorks, Inc.
                   R2018a (9.4.0.813654) 64-bit (glnxa64)
                             February 23, 2018

 
To get started, type one of these: helpwin, helpdesk, or demo.
For product information, visit www.mathworks.com.
 
InfMod3DGen Execution Completed........

n =

     1


m =

   750


p =

     3


XYZ =

   1.0e+03 *

   -0.3450   -0.0450    0.3450
   -0.6285    0.0663    0.5916
   -0.6033   -0.2479    0.5977
   -0.6897   -0.0444    0.7122
   -0.4394   -0.0461    0.4472
   -0.3550   -0.1679    0.5789
   -0.4276   -0.0602    0.6584
   -0.3628   -0.1465    0.6469
   -0.4481    0.0211    0.5936
   -0.3968   -0.1403    0.7575
   -0.4396    0.0943    0.6884
   -0.3851   -0.1955    0.4758
   -0.4691   -0.0154    0.4663
   -0.4159   -0.1752    0.6729
   -0.5013    0.0005    0.5928
   -0.4397    0.1347    0.7025
   -0.4709   -0.0698    0.7440
   -0.4160   -0.1955    0.7233
   -0.3946   -0.0480    0.6531
   -0.4550   -0.2642    0.7229
   -0.4590   -0.0351    0.4470
   -0.3991   -0.2532    0.5647
   -0.4054   -0.0447    0.7214
   -0.3698    0.1223    0.4846
   -0.4286   -0.2782    0.6294
   -0.3612    0.0633    0.7105
   -0.4091   -0.2758    0.6808
   -0.3953   -0.0360    0.6332
   -0.3259   -0.1788    0.5791
   -0.3062   -0.3813    0.6997
   -0.2460    0.0184    0.6778
   -0.3265   -0.2417    0.7115
   -0.2633   -0.0160    0.6674
   -0.2551   -0.1516    0.4473
   -0.2745   -0.1288    0.6443
   -0.3270   -0.0145    0.5745
   -0.3148   -0.2287    0.4219
   -0.2623   -0.0041    0.5870
   -0.3118   -0.2434    0.6662
   -0.3832    0.1254    0.6408
   -0.2942   -0.3568    0.6639
   -0.3710   -0.0888    0.3710
   -0.3082   -0.3331    0.6489
   -0.3877    0.1170    0.4463
   -0.3220   -0.0682    0.6692
   -0.3599   -0.3453    0.5970
   -0.4332    0.1847    0.6065
   -0.4272   -0.0976    0.6785
   -0.3827    0.0347    0.6800
   -0.3944   -0.2168    0.6191
   -0.4692   -0.3444    0.4831
   -0.4791    0.0820    0.6661
   -0.3961   -0.1621    0.6648
   -0.4155   -0.0185    0.4422
   -0.4917   -0.1411    0.6361
   -0.4925   -0.1286    0.3991
   -0.5663   -0.0159    0.6424
   -0.5273   -0.3593    0.6108
   -0.5448   -0.2041    0.4151
   -0.6292    0.1135    0.5709
   -0.5716   -0.1509    0.5350
   -0.5660   -0.3102    0.5942
   -0.6330   -0.0299    0.4065
   -0.6187    0.0870    0.5898
   -0.6986   -0.0659    0.6227
   -0.6701   -0.3885    0.5863
   -0.7232    0.0115    0.6176
   -0.6554   -0.2174    0.5448
   -0.6998    0.1257    0.6087
   -0.6426   -0.1461    0.5634
   -0.6816    0.0125    0.6638
   -0.7464   -0.1702    0.6903
   -0.7485   -0.0122    0.5700
   -0.7061   -0.2164    0.5916
   -0.6747    0.0101    0.6600
   -0.7851   -0.2014    0.7202
   -0.6290   -0.0646    0.6289
   -0.7718   -0.1355    0.3702
   -0.7821   -0.3663    0.6953
   -0.7702    0.0502    0.5601
   -0.7737   -0.2528    0.4381
   -0.6671    0.0819    0.5069
   -0.7441   -0.0321    0.7353
   -0.6645   -0.2507    0.6200
   -0.6784    0.0984    0.7096
   -0.7478   -0.1135    0.7083
   -0.6191   -0.0742    0.3808
   -0.6409   -0.2561    0.6108
   -0.8650    0.0841    0.6611
   -0.7928   -0.2833    0.5035
   -0.9244   -0.0565    0.6618
   -0.7372   -0.2962    0.6521
   -0.8600    0.0833    0.4782
   -0.8374   -0.1374    0.7238
   -0.8074   -0.1693    0.4529
   -0.7354    0.0593    0.6540
   -0.6353   -0.1156    0.7868
   -0.8180   -0.2355    0.5391
   -0.7709   -0.0155    0.7200
   -0.6431   -0.2380    0.8070
   -0.7078    0.0470    0.7975
   -0.8082   -0.0603    0.5271
   -0.7722   -0.2347    0.6711
   -0.7434    0.0700    0.6105
   -0.9320   -0.2320    0.6847
   -0.6477   -0.1482    0.7205
   -0.8992    0.0747    0.6992
   -0.6728   -0.1729    0.5043
   -0.9618   -0.2655    0.7864
   -0.6631   -0.3075    0.6456
   -0.7210   -0.0968    0.7929
   -0.8058   -0.2129    0.4682
   -0.7542   -0.3066    0.6583
   -0.9853   -0.1085    0.6691
   -0.6835    0.0863    0.7161
   -0.9017   -0.1314    0.5267
   -0.7129   -0.1407    0.7264
   -0.9507   -0.1042    0.5977
   -0.6717   -0.1264    0.6144
   -0.8912   -0.0946    0.6871
   -0.7734   -0.0742    0.4439
   -0.8711   -0.0909    0.7234
   -0.8149   -0.1488    0.5368
   -0.7236   -0.0435    0.6369
   -0.5703   -0.0532    0.6522
   -0.7451   -0.0918    0.6080
   -0.8982    0.0659    0.6174
   -0.7980   -0.0712    0.5579
   -0.5589   -0.0573    0.5299
   -0.7063    0.0932    0.5874
   -0.9169    0.0222    0.5107
   -0.7275    0.0853    0.5785
   -0.8790    0.0966    0.4917
   -0.6779    0.0443    0.4814
   -0.8661    0.0651    0.4031
   -0.6144    0.0316    0.4564
   -0.8126    0.0781    0.3709
   -0.6869    0.0267    0.3746
   -0.9475    0.0157    0.4426
   -0.7386    0.1014    0.4164
   -0.9124    0.0245    0.4596
   -0.6722    0.0454    0.3809
   -0.7960   -0.0258    0.3848
   -0.9591    0.0074    0.3497
   -0.6864   -0.0204    0.4325
   -0.7840    0.0640    0.3717
   -0.9491    0.0539    0.4071
   -0.6799   -0.0275    0.3479
   -0.7877   -0.0075    0.4189
   -0.8902    0.0559    0.4398
   -0.6939    0.0680    0.3963
   -0.9654   -0.0213    0.3919
   -0.7014   -0.0260    0.4540
   -0.8935    0.0379    0.4206
   -0.6848    0.0443    0.4620
   -0.4930    0.5310    0.1881
   -1.2302   -0.1087    0.4865
   -0.9458    0.0250    0.4290
   -0.8722   -0.0961    0.4037
   -0.8788    0.0330    0.4255
   -0.6843   -0.0958    0.4727
   -1.0087   -0.0445    0.4589
   -0.8567   -0.0792    0.5138
   -0.6571   -0.1545    0.4965
   -0.9751   -0.1294    0.5278
   -0.8259   -0.1772    0.5351
   -0.7579   -0.0315    0.6047
   -1.0989    0.0300    0.5905
   -0.7550   -0.0490    0.5565
   -1.0167   -0.0883    0.6389
   -0.5644   -0.1268    0.5865
   -0.9130    0.0438    0.6307
   -0.6677   -0.0375    0.6384
   -0.9442   -0.1535    0.6430
   -0.7231   -0.1228    0.6368
   -0.8801   -0.0435    0.3311
   -0.8027   -0.0519    0.7383
   -0.9264   -0.1249    0.5367
   -0.7437   -0.0919    0.7203
   -0.9858   -0.1237    0.7016
   -0.7584    0.0670    0.5990
   -0.6355   -0.0916    0.7203
   -0.8138   -0.1759    0.4836
   -0.9614   -0.1827    0.8029
   -0.9272    0.0134    0.6104
   -0.6743    0.0797    0.7835
   -0.7585   -0.1204    0.7445
   -0.6719   -0.0215    0.4678
   -0.9592   -0.1103    0.7099
   -0.8192   -0.1526    0.8276
   -1.0288   -0.0142    0.6018
   -0.8232   -0.0837    0.6173
   -0.7159    0.0680    0.7560
   -1.0079   -0.1006    0.8021
   -0.7035   -0.1289    0.6258
   -1.0171   -0.0830    0.5451
   -0.8301   -0.1404    0.7158
   -0.6846   -0.1620    0.3719
   -0.5984   -0.2382    0.7546
   -1.0092   -0.2088    0.4477
   -0.7638   -0.2087    0.7397
   -1.0310   -0.1925    0.5508
   -0.6806   -0.2427    0.7684
   -0.6625    0.0675    0.5529
   -0.9100   -0.0001    0.3742
   -0.8137    0.0215    0.7941
   -1.0291    0.1712    0.5298
   -0.7622    0.1763    0.6692
   -0.7370   -0.1688    0.7910
   -0.9366    0.1912    0.7802
   -1.0322   -0.0773    0.6636
   -0.7992   -0.0676    0.5405
   -0.6547   -0.1551    0.5674
   -0.7645    0.0920    0.8005
   -0.6041   -0.1088    0.4919
   -0.8038    0.0339    0.5835
   -0.8634    0.2726    0.7390
   -0.9503   -0.0864    0.7449
   -0.6453   -0.2278    0.6650
   -0.9112   -0.0852    0.9072
   -0.7193   -0.2040    0.4567
   -0.7251   -0.1631    0.8947
   -0.6656   -0.2475    0.6740
   -0.6459   -0.0268    0.9581
   -0.5549   -0.1325    0.4254
   -0.7248   -0.1451    0.5927
   -0.9324   -0.1963    0.3684
   -0.6141    0.0829    0.7777
   -0.9600    0.1108    0.6074
   -0.9054    0.1265    0.8604
   -0.8288   -0.1218    0.3503
   -0.8304    0.1583    0.7446
   -1.0880   -0.1450    0.6227
   -0.6239    0.0256    0.6772
   -0.9642   -0.1473    0.8483
   -0.6133   -0.0968    0.5493
   -0.8647    0.1716    0.4991
   -0.6133   -0.2098    0.6863
   -0.9295   -0.1552    0.4997
   -0.8228   -0.1954    0.8195
   -0.7524   -0.1275    0.5979
   -1.0277   -0.0602    0.6862
   -0.7701   -0.1667    0.5186
   -0.6457   -0.0285    0.7014
   -0.8055    0.0145    0.8703
   -1.0703    0.0457    0.6647
   -0.7838    0.0482    0.6739
   -1.0524    0.0500    0.6459
   -0.8214   -0.0916    0.4788
   -0.7383    0.1264    0.6640
   -0.7564   -0.0240    0.8721
   -0.8067   -0.2754    0.7181
   -0.7816   -0.0835    0.4709
   -0.9917   -0.3085    0.7596
   -0.7445   -0.1519    0.8248
   -0.8244   -0.0049    0.3240
   -0.8804   -0.3514    0.9178
   -0.8097   -0.3069    0.7341
   -0.8980   -0.4207    0.5321
   -0.8556   -0.1116    0.7274
   -0.8610   -0.2701    0.5102
   -0.8951   -0.3863    0.7949
   -0.8902    0.1630    0.7515
   -0.9314   -0.2943    0.8125
   -1.0357    0.0776    0.6277
   -0.8452   -0.1808    0.6016
   -0.9286   -0.0606    0.6847
   -0.8661   -0.0559    0.8745
   -0.9729   -0.1554    0.4952
   -0.9824    0.0414    0.7568
   -0.9641    0.0410    0.4337
   -0.9356   -0.1915    0.7256
   -0.8495    0.0441    0.4454
   -0.9044    0.1786    0.8034
   -0.9528   -0.0120    0.3767
   -0.8888    0.0948    0.7180
   -0.9538   -0.2185    0.6042
   -0.9561   -0.1326    0.8813
   -1.0275    0.0240    0.7378
   -1.0220   -0.2203    0.6785
   -1.0706   -0.2316    0.3885
   -1.1468   -0.0807    0.4896
   -1.1345    0.1576    0.7606
   -1.0813    0.0503    0.4856
   -1.0628   -0.1582    0.5192
   -1.1300   -0.0960    0.8397
   -1.1014    0.0890    0.7733
   -1.1585   -0.2091    0.8179
   -1.1878   -0.0888    0.8610
   -1.2193    0.0543    0.6835
   -1.1659   -0.2483    0.8194
   -1.2444   -0.2439    0.6633
   -1.1959   -0.1034    0.8440
   -1.2725    0.1223    0.7695
   -1.2860   -0.3005    0.7059
   -1.3555   -0.0186    0.7352
   -1.3773   -0.2052    0.6756
   -1.3006   -0.1211    0.7122
   -1.3681    0.1387    0.6169
   -1.2889   -0.2897    0.6688
   -1.3411    0.0335    0.5934
   -1.2530   -0.2937    0.6245
   -1.2953   -0.0954    0.3884
   -1.3069    0.0251    0.6348
   -1.2625   -0.2800    0.6207
   -1.3329   -0.0153    0.6889
   -1.3506   -0.2272    0.6104
   -1.3170   -0.0947    0.6820
   -1.3666   -0.0556    0.4933
   -1.3758   -0.1083    0.6833
   -1.3169   -0.2433    0.6448
   -1.3916   -0.0359    0.6199
   -1.4133   -0.2306    0.7043
   -1.3314   -0.0586    0.6434
   -1.3300    0.0503    0.7020
   -1.2710   -0.4227    0.7236
   -1.3054   -0.1299    0.6458
   -1.2369    0.0264    0.6058
   -1.2471   -0.2027    0.6078
   -1.1930   -0.0369    0.6917
   -1.2181   -0.2075    0.6066
   -1.1513   -0.0399    0.5614
   -1.1483   -0.1116    0.5969
   -1.1904   -0.3137    0.5289
   -1.2195    0.0102    0.6093
   -1.2012   -0.2203    0.5393
   -1.1211    0.0128    0.4585
   -1.1282   -0.1181    0.6085
   -1.1905   -0.3410    0.6103
   -1.1401   -0.0333    0.6272
   -1.1498   -0.2023    0.6948
   -1.2015    0.1261    0.6992
   -1.1296    0.0368    0.7454
   -1.1059   -0.2609    0.6630
   -1.0323   -0.0443    0.5558
   -0.9731   -0.3531    0.6939
   -0.9606    0.1465    0.5433
   -1.0471   -0.0369    0.4637
   -1.0743   -0.3944    0.6544
   -0.9924    0.0821    0.5859
   -0.9859   -0.3538    0.6665
   -0.9708    0.1351    0.5874
   -1.1191   -0.1969    0.5122
   -0.8976   -0.0591    0.5823
   -0.9624   -0.2569    0.4954
   -0.8955    0.0369    0.5547
   -0.8253   -0.3310    0.5686
   -0.8553   -0.0334    0.5118
   -0.8762   -0.3662    0.5094
   -0.8100   -0.0773    0.3935
   -0.8357   -0.0635    0.3154
   -0.7475   -0.2590    0.4517
   -0.9068   -0.1111    0.5455
   -0.8308    0.0367    0.6230
   -0.7858   -0.2944    0.5894
   -1.1176   -0.2349    0.3956
   -0.8098   -0.0146    0.4953
   -0.9404   -0.2479    0.5783
   -0.7994   -0.2408    0.4901
   -0.9988   -0.2305    0.5497
   -0.8732   -0.1131    0.5530
   -1.1807   -0.1308    0.4328
   -0.8437    0.0673    0.5927
   -0.8723   -0.4624    0.6189
   -0.9033   -0.0837    0.7050
   -0.8316    0.1663    0.6996
   -0.8119   -0.4763    0.6250
   -1.1676    0.1087    0.5387
   -1.0665   -0.4087    0.3695
   -1.0073    0.0136    0.3391
   -0.8028   -0.1631    0.5554
   -0.8386   -0.3466    0.7230
   -0.8113   -0.0619    0.3496
   -1.0597    0.1364    0.6874
   -0.7980   -0.2973    0.6856
   -0.8757   -0.3825    0.5291
   -0.7986   -0.4572    0.5948
   -0.7918    0.0342    0.5424
   -0.8600   -0.3720    0.4449
   -0.8288    0.0724    0.5533
   -0.9362   -0.3246    0.4703
   -0.9060   -0.2187    0.3855
   -0.8389   -0.1964    0.2344
   -0.9121    0.1265    0.6573
   -0.8324   -0.1481    0.6714
   -0.8810    0.0028    0.3177
   -0.8236   -0.2168    0.6664
   -1.0037   -0.1361    0.4573
   -0.8868    0.1762    0.6313
   -0.9110   -0.2550    0.4775
   -1.0836    0.0605    0.6953
   -0.8685    0.0747    0.5325
   -1.1110    0.1449    0.7440
   -0.8349    0.0982    0.8230
   -0.9056   -0.3958    0.7729
   -1.0004   -0.3060    0.8137
   -0.7713   -0.0448    0.5617
   -0.8071   -0.4387    0.7223
   -0.7347   -0.0507    0.7078
   -0.8078   -0.0946    0.4547
   -0.8153   -0.3055    0.8122
   -0.8719    0.0202    0.6321
   -0.7844   -0.3308    0.6183
   -0.8688   -0.0435    0.8483
   -0.8190   -0.1772    0.6861
   -1.0815   -0.1089    0.5672
   -0.9227   -0.0534    0.8877
   -0.9437   -0.1244    0.6692
   -0.9497   -0.3440    0.8804
   -0.9547   -0.1004    0.5533
   -1.0148   -0.2526    0.7690
   -0.9336   -0.0217    0.5951
   -1.0063   -0.3056    0.7712
   -0.9470   -0.0434    0.7581
   -1.0000   -0.2498    0.5750
   -1.0662   -0.0526    0.8054
   -1.0213   -0.2618    0.3673
   -1.0309   -0.1330    0.8069
   -0.9657    0.1287    0.6315
   -0.8954   -0.1463    0.7690
   -0.9182   -0.1557    0.4957
   -0.8877   -0.0513    0.8118
   -0.9607   -0.1382    0.5674
   -0.9444   -0.0028    0.8575
   -0.9700   -0.0628    0.4776
   -0.9637   -0.2655    0.6788
   -1.0191   -0.0077    0.5850
   -0.9775   -0.1930    0.7698
   -0.9717    0.0712    0.6499
   -1.0581   -0.2081    0.7183
   -1.0556   -0.0103    0.8214
   -0.9864   -0.2448    0.6892
   -1.0053    0.0156    0.8008
   -0.9552   -0.2443    0.6031
   -1.0362   -0.0904    0.8420
   -0.9545   -0.0924    0.6631
   -1.1190   -0.1233    0.9263
   -0.8659    0.0550    0.5471
   -0.9013   -0.2751    0.6409
   -0.8257   -0.1119    0.8789
   -0.9640   -0.2677    0.9084
   -0.9519   -0.1287    0.7010
   -0.8036   -0.0082    0.8404
   -0.7860   -0.1746    0.5855
   -0.8840   -0.1294    0.8483
   -0.8198    0.0408    0.9022
   -0.8629   -0.1545    0.9074
   -0.9131    0.1676    0.6223
   -0.8438   -0.1946    0.7317
   -0.9780    0.1137    0.7164
   -0.7472   -0.1756    0.8470
   -0.7928   -0.0782    0.5742
   -0.8740   -0.1299    0.9434
   -0.8595   -0.1195    0.6670
   -0.8596   -0.0187    0.9647
   -0.7759    0.0468    0.6858
   -0.8684   -0.1648    0.5675
   -0.8159    0.1192    0.7506
   -0.8095   -0.1579    0.8153
   -0.9087   -0.2509    0.5129
   -1.0729   -0.1225    0.7764
   -0.7678   -0.1461    0.6582
   -1.0459   -0.0975    0.9362
   -0.8570    0.1557    0.5094
   -0.8646    0.2936    0.6949
   -0.8511    0.2205    0.6928
   -0.7998   -0.1643    0.8441
   -0.7224   -0.0302    0.6376
   -1.1470    0.0738    0.6924
   -0.8345    0.1913    0.8578
   -0.7190    0.1126    1.0190
   -0.6628    0.0854    0.8081
   -0.8060   -0.1655    0.6384
   -0.6988    0.1168    0.7385
   -0.9863   -0.1399    0.7990
   -0.6578   -0.1281    0.6289
   -0.6571   -0.1350    0.8799
   -0.6623   -0.0806    0.7524
   -0.9844   -0.0458    0.6936
   -0.6599   -0.0541    0.5863
   -0.9186   -0.0588    0.9471
   -0.9314    0.1513    0.6465
   -0.7489   -0.1007    0.7839
   -0.7791   -0.0876    1.0161
   -0.7484   -0.2437    0.5044
   -0.6789    0.0822    0.5128
   -0.7646   -0.2506    0.8854
   -0.7122   -0.2456    0.4469
   -0.7322   -0.0916    0.7156
   -0.6337   -0.2550    0.8396
   -0.8670   -0.1772    0.6241
   -1.0191   -0.0680    0.6674
   -0.7118   -0.2828    0.7864
   -1.0629   -0.1646    0.7791
   -0.8570    0.1460    0.5457
   -0.7937   -0.1135    0.9186
   -0.7753    0.1989    0.5968
   -0.7883    0.1723    0.8594
   -0.7694   -0.1498    0.8528
   -1.0032    0.0665    1.0964
   -0.8047   -0.0066    0.8068
   -0.8775    0.1358    0.8987
   -0.9069   -0.0551    0.5236
   -0.8948    0.0226    0.8500
   -0.8402   -0.1849    0.6259
   -0.9899   -0.2245    0.9088
   -0.9242   -0.2539    0.5148
   -0.9967   -0.1705    0.7701
   -1.0397    0.0903    0.6888
   -0.9575   -0.0389    0.9268
   -0.9722   -0.0511    0.5028
   -1.0536   -0.3467    0.7580
   -1.1100    0.0255    0.8187
   -1.0851   -0.2643    0.6011
   -1.0336    0.1712    0.6784
   -0.9974   -0.3273    0.4378
   -1.0598   -0.0907    0.9163
   -0.9874   -0.1593    0.4686
   -1.0044   -0.0535    0.8683
   -0.9635   -0.2534    0.6344
   -1.0004   -0.0523    0.5998
   -0.9665    0.0155    0.8466
   -1.0160   -0.2557    0.6754
   -1.0274    0.0261    0.8647
   -1.0571   -0.0937    0.5250
   -1.0517   -0.2849    0.7743
   -1.2519    0.0440    0.7864
   -1.2064   -0.1016    0.5604
   -1.0978   -0.1924    0.7582
   -1.0529    0.0437    0.6279
   -1.1082   -0.0971    0.8030
   -1.0470   -0.2140    0.9855
   -1.0296   -0.1689    0.5750
   -1.1228    0.0016    0.6321
   -1.1138   -0.2599    0.8580
   -1.0606   -0.1959    0.5146
   -1.1348    0.0419    0.7357
   -1.0084   -0.4509    0.6522
   -0.9880   -0.0208    0.6663
   -1.1967   -0.1137    0.4991
   -1.0485   -0.1686    0.7750
   -0.9915   -0.2316    0.5177
   -1.0672    0.0428    0.5118
   -1.1048   -0.0539    0.6448
   -1.1302   -0.3365    0.6019
   -1.0487   -0.2265    0.9019
   -1.2401   -0.2597    0.6590
   -1.1640   -0.1295    0.9974
   -1.1504   -0.3377    0.7991
   -1.2029    0.0358    0.6250
   -1.1076   -0.3104    0.7445
   -1.0907   -0.2415    0.5266
   -1.0046    0.0007    0.5573
   -1.0609   -0.1290    0.8380
   -0.9765    0.1014    0.5650
   -1.0455   -0.4064    0.4668
   -1.0028   -0.0065    0.6286
   -0.9460   -0.3776    0.5986
   -0.9090    0.0699    0.8188
   -0.9578   -0.1254    0.5591
   -1.0401   -0.1465    0.8719
   -1.0366    0.0278    0.8516
   -0.9722    0.0451    0.5639
   -0.9602   -0.2744    0.8294
   -1.0596   -0.0314    0.7597
   -0.9746   -0.2368    0.5189
   -0.9629   -0.1188    0.9644
   -0.9620   -0.4378    0.6057
   -0.9219    0.0805    0.8265
   -0.9118   -0.4160    0.5985
   -0.9786   -0.1079    0.8708
   -0.9097   -0.2488    0.5150
   -0.9614   -0.0284    0.6524
   -0.9229   -0.2777    0.8504
   -0.9258   -0.0761    0.5687
   -1.0114   -0.2162    0.8330
   -0.9871   -0.4312    0.8044
   -1.0333   -0.1723    0.8266
   -0.9591   -0.0877    0.6435
   -1.0226   -0.3062    0.9809
   -0.9428   -0.4879    0.8657
   -0.8820   -0.4020    0.5614
   -0.8786   -0.1292    0.8780
   -0.8126   -0.4562    0.8183
   -0.8128   -0.2544    0.6272
   -0.8636   -0.1356    1.0210
   -0.9300   -0.4497    0.7057
   -0.9849   -0.0995    0.9741
   -1.1849   -0.1912    0.8058
   -0.9757   -0.2643    0.8661
   -1.0827   -0.1320    1.0586
   -0.8389   -0.0265    0.7356
   -1.0763   -0.0111    0.8926
   -0.8207   -0.2701    0.8277
   -0.8166   -0.0409    0.9319
   -1.0649   -0.2712    0.7915
   -0.8693    0.0916    0.9313
   -0.8744   -0.2063    0.8216
   -0.9619    0.1505    0.7490
   -0.9944   -0.0225    0.7634
   -0.9152   -0.2028    0.7191
   -0.9811    0.0609    0.9625
   -0.9058   -0.1525    0.6751
   -1.1210   -0.2107    0.9070
   -0.9030    0.0070    0.6494
   -0.9451   -0.1901    0.8432
   -0.8208   -0.1307    0.6458
   -0.8705   -0.0352    0.8106
   -0.8464   -0.2627    0.7426
   -0.7624    0.0364    0.7474
   -0.8569   -0.2307    0.7095
   -0.8633    0.0890    0.6871
   -0.7839   -0.1910    0.6818
   -0.9298    0.0653    0.8984
   -0.8842   -0.3232    0.6134
   -1.0215    0.0132    0.8579
   -0.9091   -0.4005    0.7893
   -1.0387   -0.1013    0.5695
   -1.0491   -0.0348    0.9786
   -0.9484   -0.0291    0.6071
   -0.9141   -0.2109    0.7809
   -0.9187    0.1027    0.8246
   -0.9889   -0.2736    0.8518
   -0.9669    0.1111    0.6891
   -1.0351   -0.1970    0.6739
   -1.0856   -0.0140    0.8233
   -0.9683    0.0556    0.9055
   -1.0550   -0.3156    0.6041
   -1.0360   -0.1079    0.7419
   -1.0816   -0.2356    0.8608
   -1.1413    0.0107    0.7884
   -0.9849   -0.2057    0.7152
   -0.8978   -0.2435    0.8786
   -0.9058   -0.1227    0.5918
   -0.8282    0.1378    0.8080
   -0.9125   -0.3129    0.6921
   -0.8655    0.0170    0.8375
   -0.7722   -0.2565    0.6511
   -0.8025    0.0798    0.6560
   -0.9251   -0.1951    0.8879
   -0.7490   -0.1256    0.6908
   -0.8220    0.1782    0.7606
   -0.6297   -0.0542    0.9835
   -0.7247   -0.0763    0.7458
   -0.8528   -0.0407    1.0614
   -0.7260   -0.1876    0.7467
   -0.8451   -0.0332    1.0118
   -0.7618   -0.3553    0.7115
   -0.8128   -0.0082    0.6799
   -0.7872    0.0117    1.0005
   -0.7152   -0.2469    0.7588
   -1.0185   -0.2737    0.8553
   -0.6755   -0.0239    0.7071
   -0.8880   -0.0946    0.8219
   -0.7428   -0.2910    0.7904
   -0.7844    0.0062    0.8188
   -0.6790   -0.3832    0.7594
   -0.8349   -0.0047    1.0155
   -0.7537   -0.0335    0.7580
   -0.6349   -0.2842    0.8266
   -1.0486   -0.2003    0.7961
   -0.7250   -0.0932    0.7348
   -0.9765   -0.1079    0.9003
   -0.6537   -0.1340    0.7948
   -0.8340   -0.0894    0.8721
   -0.9607   -0.3769    0.8685
   -0.7022   -0.1441    0.8960
   -0.9717   -0.2079    0.9552
   -0.6730   -0.2206    0.8811
   -0.9128   -0.2954    0.8557
   -0.6459   -0.2918    0.8968
   -0.9950   -0.2785    0.8272
   -0.6377   -0.1621    0.8400
   -0.8867   -0.1962    0.7978
   -0.7144   -0.2584    0.8797
   -1.0436   -0.1734    0.8424
   -0.7662   -0.4332    0.8555
   -0.6224   -0.3300    0.9370
   -0.7201   -0.2251    1.0357
   -0.8262   -0.3955    0.8828
   -0.8246   -0.2354    0.9221
   -0.8915   -0.2770    0.9952
   -1.0249   -0.1885    0.9599
   -0.7099   -0.1676    0.9000
   -0.7008   -0.2696    0.9418
   -0.9650   -0.2566    0.9801
   -0.7384   -0.2739    0.9418
   -0.8588   -0.2200    1.0006
   -0.7501   -0.2632    0.9622
   -0.9058   -0.2546    1.0338
   -0.9624   -0.2100    1.0144
   -0.7903   -0.2593    1.0144
   -0.7817   -0.3381    1.0926
   -0.8470   -0.3453    1.1261
   -0.9278   -0.3311    1.0976
   -0.6763   -0.2901    1.0315
   -0.9516   -0.2921    1.0422
   -0.6851   -0.2041    0.9716
   -0.7914   -0.2100    0.9568
   -0.8970   -0.1238    1.0039
   -0.8242   -0.1655    0.9896
   -0.7964   -0.1284    1.0712
   -0.7402   -0.1303    1.0877
   -0.7241   -0.1962    1.0453
   -0.6355   -0.2678    1.0942
   -0.5877   -0.1188    1.0824
   -0.6643   -0.2760    1.0965
   -0.6563   -0.1190    1.1558
   -0.6370   -0.2363    1.0972
   -0.5520   -0.1115    1.0713
   -0.5586   -0.1091    0.9888
   -0.4822   -0.1593    0.9866
   -0.5581   -0.1518    0.9243
   -0.5101   -0.2605    0.8976
   -0.5660   -0.1582    0.8909
   -0.5056   -0.3200    0.9546
   -0.5425   -0.0890    0.9961
   -0.6350   -0.0930    0.9454
   -0.6195   -0.1851    0.9849
   -0.5622   -0.1282    0.9638
   -0.6175   -0.1566    0.9828
   -0.6942   -0.3624    0.9469
   -0.6881   -0.0950    1.0008
   -0.6138   -0.4153    0.9375
   -0.6486   -0.0937    1.0320
   -0.6543   -0.1436    0.9195
   -0.5836   -0.1128    0.8838
   -0.6343   -0.2722    0.9438
   -0.6500   -0.0996    0.8563
   -0.5808   -0.2045    0.8909
   -0.5929   -0.0576    0.8126
   -0.5180   -0.2834    0.8182
   -0.5860   -0.0646    0.7368
   -0.5464   -0.0483    0.7848
   -0.5030   -0.2031    0.8225
   -0.5296   -0.1200    0.7582
   -0.4944   -0.0539    0.8756
   -0.5310   -0.2983    0.7599
   -0.4856   -0.1070    0.8126
   -0.5340   -0.0148    0.8150
   -0.4500   -0.2066    0.7502
   -0.4173   -0.0163    0.7838
   -0.4716   -0.0967    0.8552
   -0.4077   -0.2530    0.7928
   -0.4590   -0.0458    0.8612
   -0.4506   -0.2052    0.8057
   -0.3969   -0.0890    0.8287
   -0.4333   -0.2100    0.7724
   -0.4124   -0.0390    0.8511
   -0.3530   -0.2475    0.8736

Previous Length = 750
outputting PDB in file /storage/htc/bdm/tosin/GSDB/Structures/WT9059TG/GSM455133_30E0LAAXX.1/VC_100kb/InfMod3DGen/chr18.pdb
    53.33%   100.00%
    done! closing file...
New Length = 750
spearman correlation = 0.446342
