 MATLAB Evaluation Started............
Processing file /storage/htc/bdm/tosin/GSDB/Data/WT9059TG/Cheng_Prop_WT/GSM455133_30E0LAAXX.1/VC_1mb/chr13_list.txt..............
INFO: License(s) matlab:1
Currently Loaded Modulefiles:
  1) matlab/matlab-R2018a

                            < M A T L A B (R) >
                  Copyright 1984-2018 The MathWorks, Inc.
                   R2018a (9.4.0.813654) 64-bit (glnxa64)
                             February 23, 2018

 
To get started, type one of these: helpwin, helpdesk, or demo.
For product information, visit www.mathworks.com.
 
InfMod3DGen Execution Completed........

n =

     1


m =

    98


p =

     3


XYZ =

   1.0e+03 *

   -0.5400   -0.5400    0.5400
    0.0790    1.3079    0.3462
    0.0238    0.1379   -0.0732
   -0.3420    0.2557    0.5386
    0.4125    0.2259    0.7591
    1.0540    0.2527    0.9070
    0.5608    0.1591    1.3283
    1.0153    0.2300    1.0916
    0.3964    0.4589    1.2110
    0.7327    0.8775    1.3834
    0.4704    1.0396    1.1337
    0.8351    0.4016    1.2252
    0.2121    0.1977    1.1003
    0.5652    0.2171    1.6145
   -0.0700    0.2493    1.4911
    0.3567    0.2329    1.0147
    0.1960    0.2182    1.4072
    0.5642    0.3937    1.0838
    0.7515    0.5553    1.2812
    0.2044    0.4036    1.2113
    0.0381    0.6425    1.2565
    0.4499    0.2372    1.1937
    0.6574    0.7946    1.4084
    0.7066    0.2680    1.2828
    0.3039    0.7731    1.1287
    0.7815    0.5058    1.3751
    0.4751    0.0966    1.0497
    0.5961    0.2937    1.4231
    1.0909    0.2506    1.0999
    1.3757    0.1714    1.3110
    1.7901    0.2298    1.2107
    1.1981    0.1669    1.2428
    1.6390    0.3192    1.3130
    1.7107    0.1103    1.0773
    1.5410    0.2323    1.3601
    1.1942    0.2650    1.0866
    1.3005    0.0690    1.3162
    1.6477    0.2586    1.0906
    1.2140    0.0451    1.2544
    0.7017    0.2767    1.2254
    1.3688   -0.0549    1.2226
    0.8088    0.2165    1.0903
    1.2453    0.1842    1.2736
    0.6622    0.1127    1.1913
    1.1249    0.2242    1.1123
    0.7934    0.0921    1.2829
    0.2641    0.2370    1.0540
    0.3160    0.1039    1.4249
    0.5932    0.2846    1.0397
    0.4909   -0.2474    1.2937
   -0.0517   -0.4268    1.2056
   -0.1379   -1.0462    1.1993
    0.4756   -1.0557    1.1911
    0.3065   -0.4887    1.2199
   -0.2487   -0.1967    1.2820
   -0.4279   -0.4468    0.9424
   -0.7395    0.1639    1.2918
   -0.6581   -0.4449    1.2853
   -0.6761    0.0399    0.6363
   -0.7294   -0.4551    0.9417
   -0.6139   -0.1511    0.7405
   -0.6819   -0.5134    1.1456
   -0.7151   -0.1688    0.6657
   -0.7172   -0.1878    1.1078
   -1.1297    0.3317    1.2121
   -0.9935    0.0668    1.1897
   -1.3453    0.2017    1.2009
   -0.8643    0.2570    1.2103
   -1.1408    0.1017    1.2895
   -1.2964    0.3613    1.1233
   -1.0941    0.6389    1.2621
   -1.5487    0.2818    1.2348
   -1.6796    0.7906    1.1866
   -2.1153    0.2974    1.2358
   -2.0323    0.2505    1.0771
   -2.2550    0.1560    1.3190
   -1.6050    0.1883    1.1657
   -2.0072    0.2342    1.2736
   -2.2550    0.1134    1.2598
   -2.3950    0.2456    1.1739
   -2.7339    0.2566    1.1790
   -3.0459   -0.0749    1.3428
   -3.6565    0.2640    1.5828
   -3.5184    0.0849    1.1590
   -3.7113    0.3335    1.3578
   -3.6893    0.0898    1.3462
   -3.4100    0.1355    1.2373
   -3.6981    0.5721    1.2536
   -3.1467    1.0028    1.1962
   -3.7149    0.7546    1.2226
   -3.3776    0.2258    1.2312
   -3.9374    0.3861    1.1591
   -3.6466    0.7602    1.5379
   -3.0892    0.5874    1.5951
   -3.5541    0.0681    1.8494
   -3.5541    0.2361    2.4213
   -3.4396    0.1998    2.7959
   -2.9712    0.3007    2.3154

Previous Length = 98
outputting PDB in file /storage/htc/bdm/tosin/GSDB/Structures/WT9059TG/GSM455133_30E0LAAXX.1/VC_1mb/InfMod3DGen/chr13.pdb
   100.00%
    done! closing file...
New Length = 98
spearman correlation = 0.407552
