 MATLAB Evaluation Started............
Processing file /storage/htc/bdm/tosin/GSDB/Data/WT9059TG/Cheng_Prop_WT/GSM455133_30E0LAAXX.1/VC_100kb/chr5_list.txt..............
INFO: License(s) matlab:1
Currently Loaded Modulefiles:
  1) matlab/matlab-R2018a

                            < M A T L A B (R) >
                  Copyright 1984-2018 The MathWorks, Inc.
                   R2018a (9.4.0.813654) 64-bit (glnxa64)
                             February 23, 2018

 
To get started, type one of these: helpwin, helpdesk, or demo.
For product information, visit www.mathworks.com.
 
InfMod3DGen Execution Completed........

n =

     1


m =

        1780


p =

     3


XYZ =

   45.0000  210.0000  312.0000
   12.0603  120.1543  365.0391
  111.7221  123.0114  218.1078
 -134.1001  165.1485  290.7227
   95.0088   55.2371  424.2133
   17.6010  147.2585  258.3071
  -93.3629  121.0230  373.1268
  133.1907  103.7708  299.5485
  -14.8780  223.1334  265.5900
  -41.9176   99.3806  398.8596
   97.8706  220.7847  262.8565
  -98.3415   72.4564  337.9289
   96.2898  255.4977  314.5737
  -16.6729   27.2586  374.7011
  -14.8263  272.1596  264.7754
  -60.0588   33.9134  300.8219
   98.2563  192.2722  379.6127
  -49.7337  272.3150  271.6250
   67.2915   69.6937  285.0480
 -147.2040  129.5842  309.8126
   13.1151  213.2901  222.3310
  -45.0709  115.9018  429.7296
   -7.7493   76.0598  232.4640
 -112.5898  186.8777  454.9958
  -71.8166  125.6774  171.5532
   27.2144  174.5149  386.2781
 -141.8242  154.2120  198.6214
    3.9411  122.4246  434.6950
   68.0791  197.1302  186.0223
 -144.0036  125.7992  305.2333
   91.9751   60.7991  336.7717
   63.5926  225.9508  281.8326
 -148.7264  119.9934  389.0671
   98.8791  177.9452  257.4051
  -59.0201    2.3395  355.0977
   87.3470  289.2488  275.7240
   34.1713   78.3876  271.0345
  -25.1671  274.9931  381.7249
  -44.0164   16.8571  325.3841
  -25.2782  284.6597  312.9499
  -31.0784    7.4326  234.1141
 -129.4000  221.3413  323.9658
   -6.0039  -39.4257  402.6377
  -15.8121  103.8681  224.5689
  103.2675  273.2785  411.0482
  108.9777  203.4729  168.3288
   39.6246  267.1848  323.6623
 -110.0389   84.4263  248.2861
   87.1286  158.4525  408.1727
   68.5579   13.0775  150.7687
   67.3516  258.9256  331.3671
  142.8154  -44.2101  319.3156
 -115.4208  189.1786  270.5965
   98.7198  275.9489  279.8469
  -32.2972    3.7025  290.4685
  157.4176  225.2726  209.4645
   15.7904  233.8532  395.9876
   41.8231   39.3951  216.2399
 -142.0031   15.8884  420.8123
   91.4175  206.7382   76.7906
 -202.0763  141.6249  223.5066
  119.0693   55.9953  392.8806
  -33.7448  335.4938  395.7022
  149.4546  166.8998  210.4541
  -73.5752   45.6329  411.9040
  129.5410  116.3408  225.3429
 -123.4175  146.9101  349.0637
   29.8371   85.6393  442.7210
  -86.2859  112.4893  189.9176
   65.7252  246.8659  440.0745
  -68.9185   60.0616  379.8993
  -85.4755  259.7616  221.9535
  -28.5103   93.8017  438.5281
  136.1492   44.7665  321.3043
   -3.1536  197.1260  148.6355
   91.1761  332.0349  394.7289
 -131.7207  153.9443  395.7062
   14.0898   87.8361  111.0563
   -4.8223  163.7181  299.1902
   99.5579 -101.8831  396.5844
  -41.5689  274.0423  418.1103
  -36.3049   33.1484  258.2532
  103.1920  235.8460  264.6663
  -77.5702  199.1006  448.0861
 -131.3239   86.0890  115.2182
  140.0904  224.1282  390.4753
   55.3921   74.1154  548.4835
  -85.4786  283.7696  286.5504
  222.2956  101.4254  384.3701
   30.4427   43.4906   76.3527
  135.4696  187.1699  484.1565
   88.1553  -60.5412  204.7667
  148.8286  214.8484  342.7824
  -50.0121   59.7512  521.0818
  100.7662  238.3364  180.4145
   25.7677   -3.0071  300.4973
    0.1197  370.8668  165.5500
 -120.4379  -73.9993  297.3322
   -5.8409  191.8649  508.7925
  -15.5166   70.6436  111.8243
   46.7162  226.6752  502.8897
  113.2473  127.8522  307.2706
 -116.4302   -8.6991  175.2850
  -14.1407  210.5501  343.1700
   61.4294 -123.7696  467.4143
   33.0793  168.2005  202.5115
  -72.0124  115.6763  377.2805
  176.1147   19.1293  262.4247
  -41.1834  -84.6958  405.7248
 -151.5952  175.5628  275.5233
   73.8372  255.0594  455.0869
   74.9175  -43.5143  188.6648
   11.3095  216.2137  396.3140
   41.7716  181.0127  137.6240
   55.0310  268.2344  387.7512
  -82.9025  287.1511   78.3014
  -43.0661   95.3545  506.9280
   80.4296  376.6788  274.6420
   51.8865   96.8097  478.2602
 -165.8569  167.9532  219.7219
  202.2510  210.3501  407.7143
 -171.0259   19.4454  376.2676
   74.2948  169.7302  247.4959
  -99.3333  282.9599  449.5036
   68.4572  214.6470  231.2242
  140.7748  -24.1540  335.0211
  -67.6127   41.8355  142.6985
   83.6664  194.3887  441.0901
    0.6433  145.2241  206.3835
  -46.6505  168.5224  356.7910
  125.9023   99.1480  249.5441
  -83.9089  124.5533  336.8077
   38.0798  271.8673  262.8557
   96.0784  -22.6650  306.2033
 -162.4176  143.1748  399.0504
  -20.8247  339.2291   67.1627
   97.5512   24.4992  176.9530
   47.6971  168.4273  356.0183
  115.0321  354.2455  134.4305
 -104.3560   52.6060  310.5272
   87.9433   77.2160  233.9522
  112.5999  294.0937  200.5714
   12.9729  300.9175  455.9170
   86.9635  347.7338  225.0680
  -34.9178  -35.0582  245.7538
  -70.7027  247.5692  225.4027
  106.0828   62.4541  362.8996
  -69.8590  210.5455  103.4909
  -22.3253   65.7764  390.5365
   30.2666  312.5479  273.2692
  -68.7425   28.3848  208.6923
  109.0943  394.0034  335.1795
  -99.9680    4.3880  467.2577
   44.1524  -57.5581  210.3411
   19.0871  304.7524  348.1804
 -123.6871  -51.4864  250.5490
   90.4990   92.8862  311.5037
  -79.7087  285.8189  209.0501
  -49.9423   54.9852   80.8301
   -5.3037  207.0849  414.1002
   75.8142  103.1149   39.7659
   -1.3077   28.0941  360.8523
   64.4820  284.6169  251.8568
  -25.1687   64.1481  163.0372
   64.4947  229.3862  461.8740
   -1.4186  114.3632   73.7152
  -25.0290  236.2441  392.9929
   42.6728   12.8365  302.4968
   90.3989  199.5918  286.7566
  -74.7750  324.1108  328.1886
   -2.0351   19.7366  256.5112
 -125.0429  239.5942  262.4479
   42.7489   88.0995  484.4851
  -51.0764  226.7208  209.3673
  -17.2795    1.3356  412.9125
   21.7414  213.9685  223.4710
 -122.0586  212.9337  357.1053
   49.3329   89.7682  238.2388
  -37.8474  313.4682  441.2694
 -187.6810  111.4547  224.1398
   57.7906  109.5989  336.4816
   -6.4000  218.1778   66.2426
   31.6835  -43.3059  347.3020
  -15.5285  270.8399  383.8687
  -81.9485  169.6550  160.8229
 -108.6748   54.3092  480.9621
  -44.8232  255.9907  355.8971
 -123.1960  -25.2815  248.4257
  -64.8854  285.6669  424.1440
  -94.8771  -57.2394  228.7888
  -29.8082  384.5563  281.7857
   19.6250  198.6223  486.2469
    1.0854    5.5166  271.5637
   19.0763  262.2502  217.7863
   -2.1430  212.2154  462.5012
   30.7474   63.1125  187.4170
   51.5212   79.7551  473.2040
  -46.0754  124.6113  247.4835
    7.4854  308.6279  214.1453
   73.4402   98.3052  400.3817
  -85.8940   32.7242  187.6020
   93.5746  252.7767  345.3500
   37.7349   24.3168  312.4554
   36.0974  264.0332  255.0320
   78.5514   13.5658  500.8179
 -114.5964  246.1956  457.9831
  -75.8083   51.0680  160.8069
   37.1878  356.1663  434.7760
   30.9418   36.2186  280.9120
    0.0698  350.6474  363.6819
   33.4441   76.7953  188.9561
   63.4466  193.2454  349.6175
 -171.1940  124.9234  192.2466
  -68.9225  -41.1274  350.3233
   61.6318  175.3718  230.0146
  -50.6859  288.0481  379.8077
   69.1703  143.3501  131.2314
  -49.0518  378.6427  203.5773
  -99.8581  138.0384  395.6243
   -0.4549  242.6212  231.6840
  -42.5140   11.0169  165.0159
  -88.6793  256.3717  407.6374
   14.3427  256.0005   70.1285
   27.6910   85.3897  478.5764
    8.0158  283.3640  219.6099
  -42.3689  -10.5895  404.2905
 -211.2747  264.3429  125.3169
  -56.4201   45.6442  273.2326
 -190.6357  201.7638  296.3016
 -101.2213    6.7828  318.4103
   28.6739  234.2090  299.6242
 -127.8223   55.8176  350.0102
   -9.1183  219.1354   98.8308
 -107.3219    7.0524  232.0606
   11.5774  227.0026  501.7558
 -166.6020   43.3909  366.9269
  -50.2090  288.2855  289.6066
    6.4565   -1.2663  268.2899
  -68.8680  354.5799  244.7143
  -47.0645  186.8600  395.3615
  -68.4013  139.1532  194.6096
 -152.9407  177.7605  398.9457
  -28.4762  163.7760   92.2425
  -56.9526  217.8876  376.9791
  -59.0626   29.4662  164.4808
  -18.6314  354.2765  426.6204
 -123.7641   60.7815  101.2328
 -211.2475  284.5497  496.6611
 -116.9245  330.3178  133.7997
  -90.8243   60.7482  496.3785
 -141.1230  174.5378  456.4881
 -114.0634  153.8828  153.6380
 -155.2993  221.3219  337.3315
 -168.8001  -13.0349  427.6947
 -121.3063  223.7359  376.2516
 -179.3537  173.2880  205.3619
 -147.0938  -26.8662  383.1640
 -157.9278  232.3472  165.6465
 -220.6945    4.1307  311.8829
 -183.7708  224.8774  345.2544
 -199.9020    9.7062  382.0665
 -157.0184  247.4984  345.1419
 -216.3554   32.2469  289.2736
 -179.1373  318.3908  310.8289
 -234.0378   57.7059  264.8405
 -177.9084  176.7114  352.5219
 -237.9319  148.1302  114.9874
 -187.9672  213.7749  457.2811
 -212.5870   42.6789  218.2072
 -268.1832  202.0953  500.7520
 -227.8906  260.7664  194.3185
 -241.8284  198.0219  375.0411
 -180.3374  -59.4243  239.3532
 -219.2751  342.8229  317.7348
 -182.7211   44.1862  440.8785
 -202.3928  154.5273  105.0755
 -252.0881  180.0507  309.5403
 -240.2257  189.5490  449.5018
 -293.5231   16.4150  308.7756
 -277.3036  289.8408  310.8415
 -304.6392  -37.4952  155.3991
 -360.5839  251.5378  366.4516
 -353.6558  192.6155  235.9337
 -310.6236   20.8867  273.4264
 -300.2182  138.7727  449.4522
 -351.1323  258.1262  289.3821
 -321.9618   75.1240  237.4232
 -367.1560  335.1572  288.0195
 -341.8694   55.9277  151.3708
 -401.3527   82.6024  430.6205
 -358.2080  216.5308  168.8714
 -415.4865   24.5957  328.7261
 -375.0760  282.5130  291.8146
 -431.2527  189.3304  371.8211
 -425.7240   48.4696  398.8667
 -477.9236  295.1435  155.6530
 -490.2076  129.2437  255.9935
 -433.9144   79.8428  403.7233
 -485.0311  237.5728  246.4407
 -427.3409  170.4055  427.3078
 -469.8257    7.0689  183.5049
 -407.1746   42.0153  314.2971
 -444.0805  226.5084  272.6163
 -450.6123  222.8182  458.0707
 -412.5373  256.6897  180.1307
 -465.2132   66.9617  147.9643
 -445.1987   61.3772  410.1894
 -443.1491   53.6219  212.7131
 -484.1696  211.1867  302.5407
 -489.3459   21.7920  378.4433
 -443.1155  232.7287  124.7160
 -498.2178   50.9054  194.6759
 -510.4288  109.1898  402.2526
 -451.2711  199.3717  174.8862
 -463.6118  276.7251  388.9896
 -417.3050   70.3545  155.1391
 -449.7635  192.0934  335.2732
 -398.1109   47.3460  276.7604
 -417.0035  259.7373  343.8684
 -373.4393   98.5567  290.2123
 -400.7035  176.5839   76.2006
 -350.0126  -31.7793  179.7847
 -378.3366  163.5661  449.8929
 -355.1032   13.8844  257.5289
 -401.4719  257.8001  300.8799
 -391.1868  142.7493  449.3632
 -333.0083  177.4669  184.5422
 -337.0210   -6.7529  387.4017
 -385.1775  126.0839  312.2905
 -343.7212  413.4852  207.7968
 -379.1383  298.1754  399.9519
 -391.3554    4.2234  272.2958
 -337.7830  271.6006  260.3738
 -337.6106   90.8508  110.9317
 -283.0689  105.6296  482.2336
 -249.8110   24.1720   63.4352
 -242.7853  394.6268  417.4915
 -304.5618   32.3479  207.3525
 -259.4536  -81.3270  518.2086
 -273.7797   31.4258  241.5848
 -213.1730  126.7219  446.9964
 -261.6574  229.2612  119.3932
 -252.2813 -110.1109  169.9494
 -207.3472  293.6801  396.6974
 -245.1183  -48.7983  367.6877
 -217.6443  -58.6859  198.1391
 -166.6918  182.5054  439.9870
 -161.6399  286.5163  247.9354
 -208.4609  241.2802  100.7148
 -158.0880  297.8087  288.2633
 -185.7015   15.1772  422.4784
 -122.9695  307.1986  157.8815
 -185.2115  -43.4995  299.8683
 -152.9271  351.2876  479.5684
 -144.4998  -32.9451   13.6846
 -195.7699  122.3949  107.3824
 -157.9779  -28.1843  355.6430
 -193.9583  235.2268  352.4597
 -152.1378  102.9025  574.3153
 -163.0654   29.7685   68.1956
 -206.7494   95.8255  310.0590
 -212.6653  318.6937   95.8230
 -177.0755  427.1595  242.4153
 -206.2845  123.2279   95.1083
 -143.0833  -60.5062  405.6434
 -183.3585  325.3601  456.6117
 -159.1517 -125.5283  362.5617
 -201.9385  381.6019  375.4906
 -188.9708   24.7994  221.4574
 -130.7097  354.9308  448.8536
 -138.8611  224.6045  533.2119
 -187.3116   59.1504  598.7906
 -158.8178   61.4291  182.1543
 -210.4236  152.4878  473.0159
 -151.3497  132.2490  196.7516
 -208.1770  281.5640  233.2245
 -151.6852   26.7363  481.7215
 -147.8512  218.9709  -10.8629
 -199.3326   67.1943  389.7410
 -168.6533  232.3869  107.3682
 -225.3174   27.0832  245.5645
 -225.2315  397.5142  362.8597
 -174.3801 -146.4459  215.2549
 -228.6343   -3.8064  153.8522
 -170.6969  127.4853  317.7710
 -211.1836  360.6628  163.6620
 -165.7536   49.4646  158.9555
 -202.5602  231.1820  412.3874
 -214.4406  294.6791  231.4492
 -181.1410  -55.6684  332.4439
 -220.4668  363.4964  275.6824
 -190.9790  244.5280  508.3163
 -232.5051   -2.8672  398.3142
 -172.1132  418.8105  271.7364
 -191.2289  107.1893  121.6944
 -147.1008  433.5253  217.7577
 -136.3648    1.2491  249.6388
 -169.6210  115.9113  165.0290
 -115.7864  161.2905  561.4902
 -170.0261  354.8229  240.3065
 -134.1235   48.8665  278.8339
 -163.8705  297.1702  445.0648
 -143.6977   20.7871  221.0828
 -204.3257  262.4360  554.2855
 -163.1426  256.2203  365.0035
 -172.4425  -26.7311  568.8247
 -234.6123  323.4231  483.5970
 -194.4845  -75.5617  486.1389
 -249.7777  214.9430  100.9347
 -231.0421  206.6716  288.7639
 -286.3595   61.3779  459.6143
 -227.5826  264.6206  -56.6722
 -268.1304  187.4107  539.0470
 -235.1255  271.8722   52.3877
 -264.9174  -83.2661  229.0202
 -315.2951  198.4667  582.8592
 -290.0140  227.9828  233.1308
 -231.7253 -147.9172  128.8070
 -258.8035  448.5225  173.2395
 -206.1207  285.0565  207.2738
 -232.0579 -132.3952  349.9374
 -201.7978  234.4289  328.0723
 -255.9732   82.7943  195.8685
 -206.6936  137.5508  522.1448
 -261.2183  -14.4652  163.1492
 -244.5469  350.9387   78.3297
 -288.8256   -0.9313  470.8362
 -252.2994   51.7659   92.5294
 -249.0099  331.0488  382.6658
 -310.7380  123.4708  230.4559
 -309.3192  228.9264  370.7075
 -257.2679    9.2861  182.1779
 -281.0323   67.2161  439.1865
 -239.7592  263.5945  131.4817
 -298.3961   92.3530  355.6522
 -239.3726   86.1608   39.6182
 -252.1917  -54.3901  443.1887
 -189.5380  125.9775  108.7531
 -222.5665  463.0266  445.7858
 -166.9483  388.7109  239.6861
 -190.3323  -57.7852  179.4336
 -193.6518  162.5193  518.1770
 -146.0804  125.1141  320.7866
 -134.4887  205.1072   94.5465
 -170.6906  265.0701  385.0454
 -155.1859   33.5825  334.8990
 -192.5450  288.4421  278.9348
 -140.1700  220.7782  484.9359
 -181.8107  424.8623  289.2425
 -156.0876   94.6413  179.0295
 -129.3921  339.5265  231.8687
 -155.0188   54.5840  154.1485
 -202.0004   29.0588  496.8303
 -168.8852  258.2023  132.8590
 -205.7019   25.2307  425.4005
 -145.5281  160.1095  283.7141
 -123.3203   15.6406  389.3019
 -181.1412  275.1497  197.5393
 -164.4090  185.4730  533.2096
 -221.4854 -186.1812  346.9852
 -197.4408  481.5523  582.7254
 -134.1931  -30.8649  673.7599
 -175.5234  192.4510  685.2116
 -204.2282  560.3973  290.0782
 -178.4985  198.2543  367.0208
 -260.9051  657.5768  809.8664
 -142.0565 -368.1149  -52.2885
 -115.4326  181.1325  409.9685
 -107.8837  271.5073   88.1024
 -157.8199   -4.5780  239.2784
  -96.6331  159.4557  507.3533
 -111.9004  428.2104  238.4903
  -78.1066   36.2241  164.6429
  -95.0710  -55.6972  307.1450
  -49.5873  363.9365  403.0811
  -87.1897  313.3757   -1.2423
  -91.8553   41.3410  232.5500
  -42.8353  106.0973  395.4079
  -80.2008  325.1803  248.6897
  -80.2907  -25.9751  367.0526
 -142.7022  322.3633  290.8183
 -101.3904   88.3775  436.9474
 -126.5981  270.0956  409.4013
  -89.9341  111.3829  250.7132
 -143.1877  247.2374  315.3753
  -90.9565  153.0928  106.7223
  -81.6076   36.1720  377.0279
 -122.8379  298.3094   80.1490
 -118.8650  130.1574   31.9945
  -65.5305  167.0498  508.5809
  -95.1870    7.7540   34.8644
  -64.6617  217.4827  391.4560
 -122.5686   90.2963   14.5921
 -144.5810  -84.3568  245.6470
 -118.5535  338.2150  268.0802
 -151.7692    0.9465  522.2633
 -118.1632  417.9959  327.3761
 -165.6091  -95.7228  207.9270
 -141.8473  157.3546  372.1693
 -185.2183  228.7557  226.4770
 -161.6672  152.4067  556.1387
 -215.7402  -43.6447  354.4896
 -190.4647  228.1135  478.9427
 -225.4929   25.6320  526.6126
 -181.6808  227.4727  188.6886
 -240.1814   49.3718  221.4573
 -228.8728  -40.9996  476.6581
 -282.7966   45.4807  112.9029
 -306.9771  250.0979  532.7405
 -247.5752   12.4404  270.5809
 -255.8721  215.0317  386.8469
 -314.7563  270.7709  191.0222
 -346.4677   73.1965  426.3779
 -285.5817  243.7565   75.4112
 -303.5341  320.5381  433.1228
 -270.0337  124.6748  151.3487
 -318.2331  137.0335  300.5084
 -264.3855  -25.4954  411.3308
 -287.1160  196.9536  585.7064
 -250.9868  101.7498  171.3323
 -284.8413  203.8080  383.0941
 -252.6714   11.2953  280.6340
 -293.6102  206.3980  526.7180
 -270.0438  281.6479  202.5210
 -266.5151   65.5790  353.2231
 -313.7030  285.4365  311.7650
 -254.5499  318.7638  444.0396
 -276.2436  456.4203  267.2144
 -339.6218   -5.8643  430.5721
 -301.2401  198.0173  150.4927
 -345.4648  393.1283  392.9945
 -297.9053  332.2177  196.5674
 -288.1666   64.0047  430.8616
 -298.3874    6.7125   68.2968
 -348.5849  201.2403  330.7138
 -305.5760  106.9651  183.9084
 -333.4157  167.2027  465.7687
 -276.2178  -67.9785   82.9735
 -264.7458   95.5839  477.5248
 -324.3945  197.2597   15.0434
 -311.9053  -58.0565  424.0837
 -266.7209   29.5018   60.5429
 -322.4090   38.9014  368.6473
 -306.8079  363.2568  267.5736
 -357.8346  177.7160  406.9770
 -298.8665 -174.6002  307.8013
 -352.1571   52.5146  446.4182
 -376.8417  300.1678  356.0835
 -369.1713 -158.5560  351.9859
 -319.7834  144.7356  291.5075
 -345.1422  286.3860  174.2592
 -335.6189  -14.2661  556.8139
 -274.0961 -186.0879  158.2154
 -318.8930   52.4150  185.6116
 -258.2889  354.4624   96.3208
 -310.1972  -71.9503  226.9437
 -256.2028  234.5570  462.3026
 -271.1343  144.4818   80.3919
 -220.3480  276.0473  452.0767
 -247.7840   72.0653   68.8401
 -307.1868  219.1676  498.6247
 -305.2222   91.2490  417.6317
 -255.8813  -46.9411  339.4336
 -239.0030    4.9521   94.3187
 -284.4016  318.6008  239.9471
 -270.3217  -50.9890  384.9920
 -216.8769  315.5572  214.3120
 -263.2468   18.0320  449.9470
 -227.5777   63.0180  180.5724
 -221.9137  291.6381  586.5032
 -272.5920  209.7924  360.3706
 -220.7387  176.6281   52.8043
 -262.9105  275.1239  256.2781
 -228.1600  -76.9743  289.7003
 -229.7607  310.3346  410.1917
 -291.0149  163.4806   46.6056
 -264.2687   -0.3724  368.9876
 -303.3502  244.7924  248.1510
 -248.4922  -18.6712  552.1965
 -216.7176  204.9539  510.0195
 -252.4801  102.1819  101.2160
 -205.1643 -134.6798  443.2424
 -216.3509  111.9639  161.1895
 -166.1245   43.8934  467.5043
 -196.2347 -160.4299  214.9024
 -194.7919  196.6590  518.3508
 -245.2841 -131.8668  352.0238
 -276.1204  125.9999  474.6680
 -242.1843  230.8436  123.5308
 -270.9902  203.9168  384.2763
 -210.0476 -171.1090  251.8189
 -180.9401  184.5182  209.8713
 -217.8801  288.2413  138.7899
 -170.7071  -65.6027  199.7343
 -168.3606  364.4381  180.0132
 -228.3762   66.3457  389.3794
 -196.3042  333.1933  461.0929
 -200.8558 -122.9516  325.3070
 -263.1984  161.1851  184.3849
 -234.6388  312.9133  403.6249
 -223.8141  -81.1954  310.8218
 -274.0081  210.3997  305.2345
 -218.5571  -70.5341  169.8084
 -270.0219   80.8449  589.6156
 -216.9699  298.5621  275.3589
 -221.7301   74.6235  519.0137
 -170.7197  209.2862  106.2786
 -211.8059  218.7535  430.1785
 -198.2842    6.5532  322.9010
 -137.8971  345.4181  409.5848
 -150.5371   16.7265  253.3039
 -207.7730  383.2833  562.4700
 -150.0007  422.8351  163.1065
 -211.4259  283.3268   28.0930
 -206.3680  -88.5529   67.2885
 -246.1301  -84.7863  423.0497
 -220.3757  173.0484  137.9125
 -277.7380 -129.6589  270.5867
 -224.8946  323.2446  316.6101
 -255.6374  -61.4713  166.2889
 -223.1757  220.0682  207.0886
 -225.7699   40.3913  385.0154
 -278.4164  237.8210  186.2174
 -252.8798  167.5333  374.0608
 -304.3618  -12.5444  220.3585
 -315.8754  217.7290  115.7820
 -253.6899  189.7715  508.8643
 -315.5669   28.9606  149.8209
 -291.7594  108.6618  393.0418
 -330.5253  173.1452  236.0899
 -269.9981   69.9862  501.1335
 -276.1157  222.4313  429.9565
 -214.0635 -104.0717  321.4502
 -231.6652  220.3277  301.8692
 -174.8996  -88.1867  171.8945
 -215.1874  233.3680   -1.1437
 -163.8408  313.7274  404.8201
 -143.4237   83.7673  167.9855
 -173.5858  118.8409  472.2065
 -121.4277  329.8551  304.3497
 -143.5248 -103.2246  362.7728
  -87.0643  388.2973  350.3099
  -63.3137  318.1720  595.1010
  -69.4881  -48.8519  344.5725
 -122.5859  263.3196  432.6629
 -109.0152  266.5526  150.0911
 -145.2804   36.9368  271.4387
 -191.5711  -31.9351  601.3125
 -179.4029  286.1055   91.5205
 -163.3184  149.0083  548.2068
 -111.3712  -83.8189  127.4504
 -139.8301  243.4907  536.6563
 -107.0661  -31.6951  238.7946
  -76.9832  229.4818  223.8787
 -123.7076  -55.9352  406.7820
  -67.6291  237.2154  308.0345
 -131.7180  -68.8011  343.2238
  -88.8938  252.0995  348.8977
  -30.1541   75.0445  342.4621
  -27.4186  232.4868  197.6775
  -69.0751   28.4490  334.2417
  -22.4457  178.3464  254.4100
  -30.2070  175.8644  420.0273
   26.0802  124.2621  201.1324
 -137.1794  114.4797  379.9816
   32.2738  -15.5783  362.5552
  -29.5016  146.6956  282.0402
   19.3270  173.8148  433.4260
   30.5763   33.5906  210.6398
  -86.8213  143.5540  364.3922
   55.7849  113.5293  226.5932
   -8.7729  -19.8256  312.3474
    9.3744  160.5879  410.6717
  -53.9338  150.4270  187.8354
  -38.0642   51.3328  436.0192
  -25.8057  184.2560  191.8686
   33.6602   34.1880  298.2499
   23.8072  112.3200  249.1894
   17.4240  164.1650  530.1053
   46.0026    5.7250  292.6003
   48.4481  158.3810  227.6771
   34.4265  121.8602  419.9048
 -179.8955  184.7290  232.0773
   94.0003  166.4971  233.2778
  -45.6200   99.7435  536.9319
   -1.5100 -154.6840  273.4418
 -128.6856  123.5800  334.7623
  110.1484  107.0185  284.9876
   70.4052 -155.4006  310.2567
  -16.0576  164.4824  489.6590
   19.9761  112.6679  315.5719
  125.9900  144.9578  279.6053
   85.4347  -20.4670  627.6843
  177.1568  113.4504  358.5363
  -68.3668   91.4681  309.5180
  -42.0034  -26.5125  463.1890
  154.8710  -63.6304  296.3358
    6.8447  175.9907  489.5204
  -40.7624  159.5238  247.1873
  119.9364  131.1290  637.8032
  243.0331  184.5633  391.6316
  218.5036  212.5434  645.6462
  -33.7517  217.4753  462.9497
   49.1877  167.3157  638.9479
   31.1225   64.7814  337.5781
   78.9795  223.9307  578.8273
  -88.2227 -128.1110  400.7296
  -23.7296  223.8022  501.1982
   98.1454  -14.6378  326.1311
  177.0606  228.0526  498.6982
 -130.8027  199.3719  526.1900
   57.2973  218.0096  277.1024
  232.4640  205.3571  318.9300
  140.6352  -78.6741  300.9025
  279.0353  171.7588  543.1773
  -60.8398  178.6710  562.1326
  156.3257  207.6950  417.4595
  -71.7436  238.4333  240.7928
   26.9693   13.3858  411.1385
  153.8722  227.0694  242.6874
  215.7842 -102.0062  458.5130
  -74.4441   99.3089  233.2262
  192.9780  245.7455  276.6665
   13.8868  -84.2203  227.9085
  -66.8138  246.4633  523.3174
  121.9658  -28.6832  340.8134
    3.0864  235.7715  269.7334
   40.2145  -56.3987  430.5760
 -172.5951  153.1663  392.2667
  122.4243  131.6374  307.8595
   24.4958  266.8027  157.7239
  181.7618  204.3054  503.9593
   67.3428  112.8317  172.0633
   78.7693  272.0094  335.1858
  118.1686  -87.7049  176.3887
 -128.8960  255.3005  187.1438
  -23.9998  268.8525  472.6869
   74.2891   19.1086  377.0655
  169.9515  230.9280  173.8595
  -62.4000  194.8275  472.2105
   33.9678  -76.7061  293.6060
   31.3717  290.0100  279.5134
  -30.3105  -42.2873  395.7945
   -5.2489  221.3774  215.5805
   51.7746  231.4307  414.1399
 -144.4956  248.2373  153.8209
  153.8298  256.0619  512.9122
  102.2307  265.7642  135.1262
  251.9663  322.7761  480.4635
   13.5079  276.7503  616.1534
  210.8712  251.5562  361.4696
   -7.8353  278.2470  173.9203
   58.7338  263.1630  334.4174
  211.2412  312.5273  180.5233
   -2.1808  267.9531  452.3728
 -117.2018  133.3259  292.0254
  173.7666   93.5548  314.6581
  -50.4116  168.1622  474.4239
  177.1865   39.1387  554.1386
  215.7495  262.4052  183.6431
   70.6153   18.0930  460.5344
  158.9077   74.2938  215.5422
   11.3608  283.5818  188.2815
  -60.4856  251.5030  377.4255
  228.1143  225.6751  421.2493
  -12.9995   88.9152  389.4268
   16.6433  216.2469  182.1514
   44.1023    1.0926  359.7073
  -18.9179  179.3555  153.3486
  243.1551  183.4443  219.7311
   10.9807    7.8530  331.1641
 -147.1551  218.9219  269.6400
  136.6748  186.7411  130.1255
  212.6347  233.7739  314.0145
  120.8028   98.1952  420.9937
  -29.5391  233.4820  144.7591
   86.7916  187.1160  530.9783
   48.2223  201.5744  277.2547
  283.8409  142.7053  197.8312
  133.9693 -129.1490  413.9241
   33.9353  152.9648  136.0160
  221.7397  -44.8770  175.7638
  -47.1931  118.1780  372.3711
   79.9649  106.0594  186.4895
   96.1710  163.9837  487.1479
  148.9024 -228.2734  284.1296
  -41.6580   37.7953  506.8269
  188.7265 -102.2334  122.5162
  -87.8254   76.0608  544.5676
  170.7800  112.3394  443.0284
   51.7085   48.9251  245.5473
   40.1086  103.7447   91.9163
  -34.8087 -136.9494  399.2484
  -41.7023  107.0139  170.9779
  -62.3856 -109.3460  383.1344
   80.6455 -189.2383  109.0260
 -230.0207   50.4965  222.3512
  185.0196   14.5691   62.2199
 -164.8435  136.7407  129.9483
  101.2733  107.4839  403.0372
 -176.7015  157.1394  558.4148
  132.5052  106.3598  380.2335
  186.9853  145.5875  -27.1462
  -98.5187  116.6163  170.8331
  274.6041  164.0439  332.6117
    2.7660  106.2499  492.2618
  165.5233  158.9849  168.6779
 -145.5136  107.3386  377.8866
   32.9070   76.8298  279.3813
  168.5504  102.6256  358.3405
  104.6476   65.8665  153.3380
   51.6822   84.2253  359.8956
   27.0810   37.2969   95.2268
   29.9828   81.2164  371.3802
   84.8305   23.3225   41.8198
 -102.5944   70.2659  247.2060
  172.3016   52.3045   68.0399
  237.7680   -3.7765  388.9253
 -160.6177   46.7299  316.1884
  123.0521   87.4486  418.9638
   85.5911  100.8459   96.5165
  259.0553   49.5557  288.3557
   -5.3102   71.0960   65.7324
   -0.1143   72.5837  415.2773
   58.0330   43.8395  444.5197
  232.0701  -34.4746  372.5029
  -73.0161   26.7082  438.3833
  168.3877  -36.3719  192.5502
  123.1065  -11.6537  384.8936
 -114.1556  -63.4582  220.1915
   32.1391 -163.9823  611.0996
  115.4166  -24.0835  228.2449
  235.2393   -8.2193  619.4085
 -121.2252 -122.0919  326.4229
  198.2185   15.7152  568.8521
 -106.2028 -102.7475  138.5011
  -21.1251  -23.2182  614.4555
 -145.1760   33.4682  163.8322
   37.9320  -29.8994  607.5806
  265.3267  -66.9108  155.6478
 -138.7533 -212.5462  308.4151
  273.7646 -205.0300  489.5803
   12.8198  -80.7047  300.3644
    1.3417  -26.8384  490.6230
  203.4367  -48.2794  265.3032
  -20.3287   11.8135  330.4321
  -38.0618 -201.7326  447.2921
   26.2083    6.1997   83.1044
  177.6822  -25.9476  356.2498
  -88.5587 -212.0744  106.4087
  274.3382 -119.8080  260.4594
  234.3281 -362.6636  170.6562
 -144.5033 -235.7161  601.9659
   62.3859 -344.8160  457.1237
  -62.9250    2.7105  512.9346
  177.5597 -139.0667  125.9403
  251.3954 -190.0109  535.1283
  -48.6913 -164.4653  134.0091
  129.5549 -236.2427  495.2911
  289.2012  -71.3141  350.2143
  -86.9532  -85.2480  191.3524
  243.1203  -79.3046  456.7719
   48.0442 -119.1708  202.0233
  -51.2558  -77.9501  544.9288
  -97.7145 -171.0563  171.7871
  116.0067 -121.9881  339.7015
 -112.8059  -60.3973  419.3483
  278.6383 -193.9325  248.2262
    2.7089   -8.2769  218.2797
   32.2166   -1.4916  666.6602
  -40.7628  -61.6334  100.1525
  119.5060  -32.3256  446.7943
  274.1342 -102.7859  211.3416
   65.8138   -1.9182  261.7817
   -9.0413  -97.7962  531.8446
 -136.6509   -2.0859  261.6070
    5.9622  -57.5010  450.0460
  268.7543  -35.3274  226.9185
  157.0080   25.2611  567.4039
 -103.7411  -15.2445  203.4311
  164.4105   29.6840  443.6317
   16.9266   -5.6021  119.3342
  -17.9240   23.8054  323.4965
   40.3530  -80.4245  169.4744
  129.6120   22.8016  305.6454
  314.7421   18.9918  124.1817
  128.0101  -31.5381  266.9722
   -4.4470    2.4553  386.7358
  222.9048  -15.5519  357.4761
  -91.6707   21.6569  348.4550
  106.8619  -23.8202   69.0221
   53.0771    4.5306  555.1273
  257.5187   -3.4894  130.9403
   30.6853 -172.9626  357.0881
  142.5351   -3.1205   21.7982
  -71.2914  -39.2726  496.2566
  -28.4560   23.5971  110.8591
  -50.9871    9.5917  346.3713
  175.3821   61.3062  419.1269
   -9.8249   53.2476   75.5593
   47.7375   -9.2168  472.5864
  219.8349   -6.3399  218.1223
   59.4098   49.7332  126.0001
  -10.7543    5.0269  371.4713
   26.5235  -11.4514  217.8870
   -0.4649   40.4842  429.4384
   51.8417   20.6578  315.4107
  313.9317  -58.7037  372.2566
  103.6835  -53.5833  172.9493
   71.9580   -1.1643  455.9012
  216.1878 -132.9805  526.8369
   44.5815  -78.1895  197.7260
   55.8762   48.2220  528.1561
   23.0492  -26.9085   -4.6176
   16.4392   64.8969  741.7634
   65.0662 -320.9196  456.9604
   56.9940   60.4831  598.6044
    9.5874   37.0178   33.2262
  186.2570   96.1072  294.4981
   80.2365  112.3828  471.2455
   21.1437   71.4024  642.0771
  175.0988  101.9000   66.1211
   24.8064  104.2308  325.0341
  235.9232   76.4584   59.1488
   13.8884   21.2562  -94.6644
   46.5842 -159.5378  266.9191
   51.2089   66.5582  109.7863
   26.5557  -71.3753   69.4532
  126.6509 -161.2845  413.7119
   55.9839   44.4905  161.3236
  324.2626 -127.6454  150.4451
  292.0890  -52.6461  475.5461
  240.4254 -200.4950  123.9998
   67.6249 -237.4173  579.3941
   97.9468 -325.2204  471.2494
  127.1209 -176.6293  274.6300
  199.7509 -116.2558  519.3318
  231.2115  -27.3158   92.7531
  116.8394 -120.8099  393.4250
  146.5479    9.3192  580.7331
  193.2953 -141.1427  245.5456
  125.9068    0.2798  119.0900
  324.7665   -2.6083  453.2743
  133.2110   21.7665  221.2836
  106.2010   85.0654  513.0202
  131.1953  -54.6940  674.6447
  189.4819  -11.3939  391.0584
  148.6310   45.3762  271.5138
  230.2035  103.6610  562.6240
  138.4561   73.4293  114.8410
  168.6247  135.6828  367.7486
  231.5873  132.7280  647.7995
  182.3965   82.2012  181.0663
  227.5624  114.1917  437.0874
  198.3570  117.6688  258.9013
  225.2336   33.7636  582.9375
  342.5000  101.0281  132.1778
  210.2286  109.7211  495.8788
  215.3073   57.5849  306.4872
  179.8310   86.8144   94.7267
  190.9953   24.5552  360.2766
  251.2501  -87.6022  388.8869
  238.8407  -87.3300  116.6810
  273.2090  125.6546  419.3115
  251.9004 -173.3939  356.3730
  251.9690  -64.5027    2.2030
  441.7894  -29.7240  268.4388
  258.1890   75.7848  148.6483
  248.6951  138.3684  321.8099
  201.9864   99.2028  -74.9992
  255.0778 -258.6805  234.9821
  180.0990 -226.8364   -0.0299
  178.6601  181.0123 -119.7315
  235.7836 -118.6063 -127.2865
  270.1941  219.2761  533.6578
  252.6197  217.0156   34.6190
  227.2549  -75.7959  232.5272
  254.7445  225.9818  285.2402
  313.2384 -140.5092  292.4140
  321.7372  232.1397  117.3863
  392.3223   38.2002  423.6414
  321.0370  190.4295  205.9043
  261.1652    6.2379  282.3991
  253.1448  243.1717  244.2748
  308.8691  236.4014  104.1209
  292.0676   30.8631  338.0040
  231.9458   61.2620  511.0526
  278.4531  252.1985  251.2845
  313.4069  310.4576  517.7675
  328.8052 -148.9140  477.0681
  208.8859  255.2066   98.3674
  196.4917  300.3794  603.4229
  245.9408 -100.3950  495.3412
  185.9945  300.7585  594.2904
  245.8400  243.4268  390.6219
  396.5061  221.1158  375.3139
  188.2329  -76.4222  192.5268
  209.5662   54.7679  531.8214
  270.7268  345.5913  708.5219
  173.9016  157.7451  211.3891
  220.4744  323.4185  484.2214
  182.4179  -39.6889  363.7464
  227.0179  137.5016  345.8881
  242.7139  305.6897  248.3709
  217.3195  373.9166  374.1567
  155.3609  206.0604  359.1251
  211.6909  200.7732    6.1975
  211.3200 -101.1492  281.8067
  167.1714  300.3961  288.1099
  165.5573  213.5839  505.5229
  224.8803  281.6424  253.9912
  175.1520  -88.4306  309.3563
  260.3251  302.9365   94.5217
  231.6578   39.0798  256.7581
  197.8392  276.2924  381.2322
  269.9107   87.6855  137.0086
  236.9898  207.4286   38.9520
  176.0743  102.8252  505.1708
  235.3471   25.7195   97.8330
  189.2847   82.0492  361.8459
  179.6959  278.9697  296.7516
  216.1898   79.3253  246.1905
  170.2085  235.2111  335.9091
  209.5819  -17.4117  464.7522
  219.7666  268.4700  157.9093
  213.2331  117.1816  351.3314
  165.9600  218.5687   34.3408
  181.0669  -90.4810  328.9569
  146.8466  235.4233   -6.0381
  159.6166   84.6447  480.0647
  122.7394  239.2675  223.4141
  152.0448   58.8641  400.1859
  115.8774  -36.9350  128.9112
  119.6325  312.7104  171.5717
   67.4990  348.9705  483.4672
   50.8644  114.2283  259.2696
  107.3364  353.0577  309.4380
   94.7397  -66.6993  599.4209
   40.1108  283.6595  541.4529
   95.9086 -144.3777  303.4777
   51.7270  150.9161  506.7001
   67.0533  -72.9839   70.7142
  128.9282  221.2551  279.6255
  160.2254  226.7522  111.8830
   96.8873  279.9227  463.4901
   71.3457  -41.9244  266.0610
  228.3260  190.1752  164.1049
  120.9689  184.0215  399.1008
   65.0905   -8.7103  114.8320
   99.1279  259.8331  122.5028
  119.0786  240.6165  258.3126
   79.1145  243.7914  533.2785
  112.0998  227.2054  201.4196
  169.7281    9.9780  587.9613
  280.4665  -19.9831  343.0447
  130.6343  242.3083  277.5962
  161.3746  123.7068  628.4113
  131.4375  169.4646  375.5886
  259.8447  204.4924  353.3837
  116.6593  164.9090   50.5580
  170.1208  -94.9402  461.5149
  107.0647   78.2628   86.3414
  109.5970  -61.9169  479.2534
  120.8448  177.5913  221.6324
  181.6182   67.0167  338.2810
  214.0415  -36.1584  577.1319
  152.9004  206.5709  343.5965
  181.1412 -186.2364  368.7972
  143.5410 -169.8246  231.9391
  255.2654  187.0302  166.9466
  193.7631  149.1467  614.8482
  253.6694 -123.1775  454.3799
  340.4690   23.1898  303.0478
  266.4204  331.0715  475.6069
  261.7305   77.4755  238.7895
  325.6912 -155.8751  416.4072
  225.1253  324.3455  568.5275
  196.5388   90.7015   54.1167
  234.9335 -165.5603   43.0499
  209.9266  134.7932  -34.1213
  284.4665 -162.3175  212.7473
  228.9683  383.4497  334.8384
  238.0629   59.5269   46.1108
  213.0315  341.6921  -10.3597
  373.5999  -86.8564  434.6950
  197.4865  323.6802  143.9120
  207.6459  -45.3227   85.7809
  147.7725   60.3162  401.1827
  155.3753  357.9005   80.0845
  143.9847  101.1089  475.9657
   85.2087  320.2238  279.0941
   70.9183  155.7459  -29.9190
   71.7271  155.5564  340.7780
  123.2588  379.2754  307.5761
  138.8264   47.6707  171.7776
   92.7379  274.5736  303.9391
  142.4032 -129.4938  282.1931
  124.9555  305.0849  216.2562
  177.0100  -32.1246  273.6359
  253.9315  132.6561  517.0694
  135.0253  239.0097  490.2194
  138.1688  430.5167  202.9238
  354.1693  -71.8760  248.8591
  157.6274  176.9565  136.9967
  220.3404  348.8129  458.5054
  236.6675  -15.9918  459.5078
  224.7886  213.8704   42.6664
  166.2038  170.6815  580.8285
  224.4653  318.1065   91.1759
  197.0249  480.6503  427.6395
  257.2650  167.2958  549.6031
  209.5272  391.5303  315.0867
  543.7779  187.6791  292.1075
  245.4258  153.6075  433.6647
  279.9998  415.6342  145.6703
  405.8475   85.4524  457.8841
  268.7328  436.6808  479.3559
  339.0881  104.8807  526.3161
  218.2137  133.9691  345.6423
  273.5302  -99.4107  317.6859
  230.7100   66.8209  659.3164
  263.6476  180.9602  209.1624
  260.9023  292.1159  471.9250
  221.1243  224.8901  173.4446
  281.4061  -85.6136  171.5862
  242.1245  281.5554  425.3644
  255.5676   32.5136  155.9560
  312.4344 -216.6422  318.4525
  268.9035   73.2650  379.9816
  320.1622 -188.5363  530.2048
  262.3128 -223.3961  191.5474
  250.1209  301.0217  554.7762
  266.8000   80.8973  175.4856
  332.7740  -38.5265  500.8864
  339.1229  -68.9741  164.3568
  305.4953  210.6139   37.3971
  359.5664   45.5067  561.8629
  331.6571  241.0138  307.8663
  334.4353  292.4032  141.5882
  376.8058  122.8807  388.8260
  473.1741  172.3658  190.2939
  308.5685  290.0885  527.0672
  285.3174  222.0392   67.6025
  282.2676  152.3411  329.7721
  331.6893 -145.4249  276.9384
  345.6473   44.2270  619.3249
  332.6021  207.6202  442.6848
  284.8225  172.2580  168.6737
  322.5399 -107.9948  299.4992
  278.1166   15.7797  521.5642
  330.1311   95.8962   88.8101
  270.1665   64.6597  420.3834
  258.1377  433.1869  254.7572
  317.5325  435.0028  104.4337
  340.8666 -126.0353   66.0013
  290.2471  228.1312  252.6382
  376.6871   39.4640  533.1339
  379.5019    2.2601   63.0652
  348.8316  364.8480   26.1789
  545.5487  142.8896  146.9818
  403.7367  -40.9193  -34.1487
  408.5836  355.8277  305.8642
  574.0654   47.6311  205.9956
  340.7530  -76.1432  291.5299
  304.9472  132.9724  -50.4768
  359.1047 -112.4858  380.2449
  377.8072  442.9512  345.3234
  370.0995  228.3763  542.1811
  314.2573   49.5459  190.5336
  367.5282  232.0854  406.3003
  366.0240   87.1094   58.5095
  416.7265  175.3905  441.1654
  371.2313 -158.7969  313.8946
  382.9858   23.9969  477.7613
  336.8218  267.7820  304.8340
  388.4830   39.5674  208.0587
  402.4093  150.6158  448.8680
  352.5884  288.6288  112.6747
  392.6673   74.5693  368.5354
  351.9397  246.3512  215.9927
  412.1030 -147.7013  257.6448
  389.2321  -16.3381   56.0560
  443.2346  122.7994  471.8413
  398.8871    7.6614  108.9363
  429.1916  135.0683  395.5738
  421.3850  -92.6289  127.4896
  361.6638  150.1617  265.7848
  356.4273  -71.7729  482.5091
  403.1729  314.4139  407.6768
  436.1537 -119.3095  248.6950
  380.8550  137.5852  512.2169
  344.2224  -18.2916  391.2237
  478.2854 -107.2250  333.6766
  341.8468  266.8578  366.3160
  397.5288  209.4595   56.0133
  517.6803   65.8262  431.8034
  459.8848   77.3255   99.5878
  341.3176  -64.2833  385.3355
  362.0777   -1.2388  -10.6874
  351.9007 -105.3402  187.6640
  302.2297  -48.3901  -29.6049
  360.2627  198.4714  298.9215
  376.5686  -40.2172  294.2929
  315.5700  296.9173   88.0007
  330.7794 -100.8875  148.9815
  287.2293  245.1818  523.1723
  341.3934   87.7702  246.4200
  337.3493  419.4778  262.6569
  375.3229  -82.9162  377.4851
  508.7414  262.1923  348.8449
  324.9701   34.3506  558.5510
  333.9005  -23.1212  100.9548
  381.1038  296.7306  423.0965
  328.2793  155.5365   37.5245
  332.6025  405.6785   70.5708
  275.6539   97.0100 -104.5445
  274.8554  261.7034  -26.0858
  266.6038    9.9928  189.5465
  206.4159  427.1111  386.0187
  233.6650  120.6180  306.2511
  211.6243  413.8724  142.3413
  193.2921  -12.4286  226.6015
  135.4268  210.4189  464.8758
  192.5022  327.3813  226.0462
  148.9862  325.2100  491.5052
  207.3956  312.1887   76.3458
  152.5203  481.6543  270.0392
  162.1961  231.3165  128.9632
  215.7911  166.4231  559.4721
  172.4879  181.4839  130.9127
  152.0496   48.3512  342.7601
  193.7729  379.1113  188.4757
  154.6990  225.1279  319.2403
  184.2083   17.3997  226.6466
  136.5961  487.4749  352.8275
  159.7646   91.7882  153.0136
  213.9440  -57.6269  451.7345
  197.0133  423.2162  103.8336
  206.1526  304.9601  420.4146
  290.4947  111.8668  659.9142
  213.3308  446.7151  450.7812
  275.6476  115.7435  -26.9376
  269.6238  488.1400  183.9554
  403.3481  456.3477  381.3186
  275.2634   27.5912  -31.0800
  304.8548  266.9412  500.7652
  283.0969  328.2437   62.6392
  315.3051  394.6519  273.4775
  276.0661  322.2220  -10.8314
  531.4718  167.8467  228.9011
  331.8368  175.7441  263.0158
  278.5410  140.7585   -3.5026
  256.5497  423.3810  375.7122
  307.0459   65.7907  511.1555
  247.8526    0.8043  192.7541
  241.1806    1.8354  340.6892
  467.7787  190.4949  408.9458
  239.0143    3.8525  118.9935
  248.1623  103.9238  589.6078
  201.0075  356.5978  387.5224
  258.7201  -10.6883  420.2388
  203.2231  395.8539  567.4996
  258.8935  291.8001  100.6769
  230.1703   56.2245  479.1844
  173.7047  108.6230  181.2120
  235.9278  473.5168  341.4024
  142.6363   43.1012  238.4095
  145.8006  370.6801  457.1470
  178.2858  418.6656  274.8692
  205.6673   87.4058  308.8560
  266.2576   38.3856  120.6509
  280.9969  350.3489  110.4297
  223.0004  113.2578  546.0228
  226.9724  185.8908  202.3588
  464.3067  196.1907  251.9135
  222.6233  341.6655  324.2539
  214.2809  133.3521   85.7092
  262.8267   77.5860  447.8659
  231.5508  398.9220  354.1460
  232.7054  200.8941  -21.7117
  392.6801   46.9692  494.9732
  225.6891  334.5984  287.5069
  233.2982   31.2923  288.3173
  184.1442  236.7821  486.2734
  364.2212   75.1822  240.6863
  179.9888  362.0173  230.0404
  231.6576   81.9970  231.6649
  168.3412  139.1837  357.4848
  215.1576  142.0176   41.4017
  161.8264  249.7982  257.0557
  200.7176  169.4054  512.3953
  222.0631  403.4852  172.8908
  164.6893  102.3906  288.3777
  221.8610  344.1077  517.5730
  197.2556  228.4505  382.0040
  229.3152   45.2030  213.0221
  175.8028   64.7836  467.9878
  283.6889  163.5193  211.6612
  152.2417   53.6281  422.1056
  116.8478  273.2435  246.3664
  193.3730   19.6993  296.0442
  157.6196  286.2255  374.2338
  198.3745   96.7512  319.0666
  142.1387  174.2642  167.5650
  276.9906  250.5759  415.8374
  165.4044  121.8364  256.6729
  138.2555  413.0167  272.0512
  191.3653  288.3696  255.5249
  144.7689  177.9734  428.3642
  157.9258  158.6145  178.2471
  219.6043  304.1106  386.3890
  168.3107  175.7282  252.5496
  194.8225  240.7566  480.2829
  143.0155  142.6658  294.7134
  193.6668  373.3123  326.8957
  281.9369  138.2260  362.5587
  189.9462  149.1286  196.0342
  170.2975  270.4198  266.1574
  228.5741  269.9054  492.5084
  176.9054  284.2893  265.9974
  256.1692   91.1892  405.7937
  197.6624  111.3206  146.3958
  260.7129  325.3120  323.1677
  230.0733   84.1596  362.4129
  276.4055  320.3389  194.5011
  248.8238  130.2792  471.9122
  187.5292  302.0979   72.6206
  191.4589  133.1369  330.4331
  167.2793  368.6923  148.7761
  104.6744  363.4722  480.5471
  116.3660  213.8167  191.7164
  166.3563  185.3742  518.4101
  176.0061  405.4626  243.8645
  115.1979  106.4122  127.4501
  148.0746  335.5314  529.9222
  193.0805  286.9445  262.6161
  176.8279   49.8225  392.5212
  235.3920  229.9192  150.2443
  223.2813  137.1861  564.0197
  281.3558   77.6882  240.6089
  265.8418  161.3438  468.0527
  209.3597   69.3202  200.2532
  267.6460  381.2967  443.1789
  221.5757  349.5955  194.3188
  268.9201  213.2576  497.8437
  243.3949  285.9873  235.6083
  304.9451  121.2615  492.8817
  230.3463  229.2906  233.8934
  282.9793   58.2713  369.4326
  265.7649  282.1210  320.6870
  333.3088    4.1874  249.9621
  306.5796  196.4899  342.8699
  341.1201  125.5718  164.5132
  297.1068  -41.3239  326.4355
  331.9330  194.6469  248.2402
  366.7558  279.5242  429.4882
  327.1369   76.8899  152.9325
  387.8949   64.3928  421.8564
  393.9693  187.9757  191.1653
  350.1372  145.9694  386.4415
  398.0961    5.4474  326.0635
  356.8065  215.3192  260.9485
  357.4681   51.4574  333.0822
  418.6016  240.0406  380.4589
  426.5180   28.2127  170.3280
  382.2532  246.0104  430.6839
  391.7238  180.6868  139.6017
  340.6072  132.2837  366.3675
  393.3451  229.7318  237.3727
  337.9320  225.5560  381.4445
  351.6301    0.3363  299.3941
  302.1253  311.4329  259.0689
  340.3360  150.2262  478.6045
  288.0026  207.2442  256.6398
  422.8869  -40.1296  371.1423
  367.1069  195.8562  217.2970
  360.0200   96.4395  453.7843
  319.4255  267.6964  118.1442
  359.1587  -19.3988  265.1847
  302.2035  251.1730  343.1950
  281.2700   39.6228   97.2123
  316.3374  203.5315  352.1940
  297.2572   87.0475  191.6279
  344.4327  178.8620  366.8133
  288.6836  308.5035  217.8219
  311.5542   -4.4393  341.6130
  371.2062  227.6438  441.5359
  339.9217  108.6367  261.1535
  369.7363  282.7915  252.7343
  323.8407  151.9006  276.2163
  363.1118  153.2014  431.9959
  373.3444   31.2710  169.6138
  332.6471  410.3042  520.6873
  451.7991  -18.7615  502.4842
  310.0035  336.8277  524.3558
  299.4149    6.6294  591.8367
  337.3650  513.4857  178.0583
  343.9952   61.2823  584.0569
  303.4706  468.8339  516.5589
  359.4211   34.0598  177.6826
  369.4441  294.7306  657.3353
  314.3720  -41.3381  387.1280
  336.0581  480.9834  409.2078
  281.5314  114.5366   74.3057
  336.1913  518.3432  326.9108
  272.7484   77.8865  254.7765
  327.6699  471.6619  239.8110
  283.2354  233.3334  518.8293
  341.6822  158.6876   32.3667
  356.3546  123.8293  367.3809
  296.0101   13.6453  164.2218
  264.0659  242.5415  540.5916
  386.3506   47.6279  165.4873
  243.0217   87.1808  266.5035
  262.0450  247.1871  475.6161
  229.6894  -56.4883  258.4722
  241.3703  379.9395  367.9439
  303.7525  277.0455   87.2249
  282.0883   -4.6812  408.1025
  341.4977  124.6360   73.9514
  272.2260  -36.5873  439.2373
  302.9376  261.7317   96.5630
  239.7171  -23.1733  300.8255
  236.2601  265.7018  393.1271
  257.9392   19.2692  294.9357
  319.4369  336.1042  209.7335
  271.8779  165.3551  359.4318
  269.6236  174.5704  138.5485
  317.3756  173.5580  586.3809
  317.0700   -4.7914  529.7372
  303.4481  116.1097  131.7941
  244.6055  -29.1880  491.7353
  265.4225  320.8950  274.2026
  298.7757   62.5140  478.7875
  359.4556   19.5522  225.2868
  346.8633  225.9958  439.6884
  283.5620  370.3782  213.9764
  296.5070  104.2106  351.1271
  239.9223  406.1212  309.6991
  261.9785  288.0023  118.3830
  217.5143   65.7680  114.5905
  230.0608  109.2674  497.1285
  167.1133  185.6899  187.9781
  180.3136  375.8920  457.9516
  138.7926  123.2719  285.5258
  329.4511  350.4107  560.7957
  167.0276  502.9551  296.6924
  211.1087  272.5798  407.7108
  183.2265  321.5528   62.9020
  213.2533   74.0535   74.9553
  191.9648  448.3768  281.6567
  244.7591  116.2899  146.6828
  193.2858  455.2877  447.6625
  225.5619  111.9235  467.3137
  168.3076  137.4054  170.1145
  199.0790  395.3476  195.5141
  167.6376  137.3369  352.3115
  225.2844  179.5505  529.2055
  168.4567  150.2885  293.1166
  267.4855  288.9214  131.5228
  220.0590  213.1663  413.1758
  207.1470  126.7932  283.4037
  161.2315  294.9322  287.0407
  153.4463  184.3042   91.0516
  111.7526  394.8365  422.1885
  112.7251  155.3430  355.8109
  355.9216  242.4061  299.6833
   87.5066  199.5659  349.0408
  299.2148  141.6686  250.9936
  112.6531  218.0430  345.6879
  252.9400  196.5056  240.3598
  293.7135  234.8568  468.8860
   74.2013  325.2187  210.5072
  314.1454  337.4867  281.3277
  131.8599    3.2070  293.1328
  374.0536  161.2275  258.9977
   90.3997  149.6211  334.3058
  357.1412  209.8546  169.8746
  144.3485   61.5495  440.8384
  170.2253  174.1457  254.1378
  171.5981  444.2779  256.6154
  242.5777    5.0885  288.5944
  159.4616  419.8907  170.6311
  179.0140   24.7485  228.5232
  219.1943  331.4442  467.6984
  115.9048  264.6150  251.5979
  165.6768   92.5777  416.0612
  309.7766  324.8968  338.8299
  141.4678  342.3483  600.8050
  197.6114  170.7240  549.2698
  155.9972  333.0617  193.8276
  212.5518   86.8471  242.8029
  177.4601  270.0737  353.7122
  149.4595   94.8946  136.4665
  205.6931  321.9744  432.1336
  157.2948  353.3119  225.1617
  209.1776  112.1838  104.7737
  162.2123  287.9395   66.3584
  202.8853  246.3512  434.9508
  195.5993  224.1349   20.6616
  180.0739    6.3294  329.0504
  215.4229  389.8489  359.5222
  262.5623    3.5279  180.0933
  354.6105   28.8747  426.4487
  222.5273  291.6374  262.7250
  184.4165  -17.8760   95.4996
  223.1826  242.8364  366.2219
  343.0938   54.8033   69.6171
  230.1437  347.9192  378.1859
  240.5137  271.2291  171.1114
  217.2422  127.6575  370.5826
  157.8460  219.2851  207.1969
  365.5166  195.8000  307.7752
  222.4359  359.9679  387.2703
  193.7255  185.3863  421.4635
  335.4188  142.6011  148.1587
  175.9510  310.4309  418.0547
  271.7571   87.9732  343.5322
  134.9211  217.8638  157.3895
  186.2298  194.2295  552.8269
  234.9124   95.3201  362.5009
  134.4203  299.8178   98.6561
  176.4366  358.3534  315.8125
  175.8420    9.5585  281.3058
  248.8394  -86.3952  441.6960
  165.6244   84.9300  174.4725
  152.7940  179.9006  504.5505
  397.8244   21.8940  290.5963
  184.2932  194.7064  622.6116
  246.0373  -30.1419  278.0545
  192.4755  247.5643  390.0909
  254.1303  -88.4020  216.2010
  214.1331  249.3889  138.0584
  194.1733  498.3357  217.5716
  247.1379   70.5481  404.9106
  189.9233  207.4816  203.0570
  253.8880  164.7741  446.8328
  192.7731  254.4488   67.0814
  221.4948  390.9334  388.4055
  198.1291  185.2299  245.3325
  250.4734  -36.1869  315.4009
  224.6379  362.2637  240.4466
  255.3171   53.2290  423.1109
  211.2493  230.9688  262.2646
  272.3557  259.4527  399.4649
  256.8550  -52.0931  207.9610
  303.8200   36.3914  539.4805
  336.1236   47.0528  276.5752
  282.8475  319.3257  106.3276
  339.6130  205.7026  440.4665
  286.3514   32.8092   79.9446
  378.5452   -9.9171  446.2206
  344.0861  374.7476  445.9593
  321.0574  489.1899   61.0306
  533.8026    2.5071  426.2886
  350.4875  -20.3819   65.0470
  433.2239   62.0566  541.5653
  363.1631   27.2524   -9.6596
  367.3472  249.6182   14.0648
  422.2790  120.2582  404.0702
  445.4244  126.6536   68.3707
  417.0092  106.7143  399.6850
  457.0000  154.3036   11.7496
  465.8276  109.4617  307.4904
  460.9316  454.2695  395.8050
  415.5532  141.6314  189.4355
  441.7968   96.2212  292.7888
  380.5209  289.5198  234.8238
  442.3598   81.0147  454.2350
  404.5471  241.7410  326.8415
  461.9194  163.1437  200.0506
  617.2854  182.6671  478.4501
  700.1583  134.4670  284.9174
  433.4334  117.3941  246.3471
  420.3528  169.1836  590.0224
  480.1558  131.8760  304.1857
  457.2109  170.2517  416.5012
  399.4985  172.3381  577.5029
  383.6838  244.5908  381.2317
  383.3854  101.3282  204.2155
  423.9551  201.5406  559.2853
  432.1394  212.9883  142.6126
  426.2690  110.7675  449.4424
  371.8770  137.6727   66.3655
  401.8474  186.6497  273.2140
  348.4139  169.8069  530.3887
  408.2552  408.6643  522.3928
  390.2607  281.5698  149.3297
  437.1400  279.4551  576.1622
  386.4548  409.6800  135.6711
  374.7635  220.2354  216.3599
  409.5999  239.7767  420.9890
  381.7771  433.2635  483.6943
  384.7772  535.1055  363.7039
  435.4279  284.0578  315.5482
  457.0021  423.9021   89.1626
  395.4262  481.3740  536.2271
  419.5539  363.7568  293.2851
  447.4866  317.4754  424.0894
  505.5945  334.0962  413.5421
  523.4880  276.3225  563.8503
  490.0010  316.4436  469.7344
  522.1054  295.3972  161.2192
  490.1228  351.2489  483.3912
  486.2778  331.9253   61.6581
  546.4151  344.9263  -14.9615
  520.0796  466.3065  162.9101
  566.9650  426.7320  386.7853
  542.2631  375.9311  300.6079
  480.7387  373.0807   52.0622
  518.0359  524.1137  436.6923
  474.7293  454.8175  252.5093
  490.3112  345.1724  205.9736
  541.0413  571.5826  255.0758
  516.6841  359.5050  116.4568
  568.6808  401.9479  421.8870
  600.0971  350.7870  408.4996
  564.1539  363.1537  133.0937
  607.8973  311.7770  233.5882
  564.2577  339.2865  418.0434
  545.2459  275.8956   76.2522
  587.2938  276.8961  167.7290
  530.7223  340.1458  437.2916
  569.1032  303.0102  248.3459
  572.1335  333.6198  360.4012
  511.7128  326.4873  144.1715
  499.4215  345.4528  388.7830
  535.2074  394.0587   44.0198
  515.3110  405.0742  346.3815
  547.6585  428.2781  210.7880
  513.6793  343.7112  350.7197
  516.8674  366.6941   79.9124
  563.6868  368.1897  433.2722
  506.1625  321.5174  180.7630
  515.3944  365.5329  462.7276
  574.3155  308.2461  283.0771
  521.7509  369.7275  412.5685
  504.3677  310.9730  180.1878
  555.3491  312.6478  362.4496
  500.7245  289.7742  123.1499
  544.2312  232.1029  454.9649
  492.4010  242.2342   -1.1223
  477.9811  483.3542  326.1813
  537.3021  230.9176  485.5758
  474.3359  234.5805  120.2637
  495.4432  187.1559  448.9679
  448.6886  179.5986  191.6840
  458.0621  348.8407  206.2927
  511.0803  244.9321  288.1145
  459.8136  185.8525  400.4988
  503.3009  159.8632   28.4526
  509.8476  210.7568  286.5031
  452.3740  226.2332  397.5279
  449.1775  167.5050  158.2151
  494.6932  136.7562  447.1644
  497.3843  197.1249  280.6853
  441.7104  206.9095  146.4814
  504.0645  160.0694  342.5984
  495.2568  212.1556    2.8649
  542.7039  239.9333  272.6969
  493.5816  213.0825  372.7488
  473.1345  322.6036   35.1132
  508.7059  363.5802  403.3308
  465.1976  271.4932   77.3580
  479.7711  439.0903  176.5709
  417.7380  284.5178  379.5235
  405.9717  325.8297  260.8921
  464.7427  281.2392   91.7346
  451.1485  309.7091  357.0026
  482.3703  267.1975  178.6593
  531.8709  288.1894  421.3539
  480.6808  229.8782   95.1781
  532.5543  216.5588  342.4080
  542.6419  381.7963  381.2257
  534.2221  217.0428  250.0291
  471.0050  292.5144  175.3039
  507.1663  190.8233  460.0229
  451.9544  206.6074  236.0448
  477.5813  258.8401  421.6704
  449.2244  232.6494  208.5425
  394.6027  276.0097  390.5993
  403.3711  219.3242  187.6303
  348.9294  237.5327  334.7794
  351.0795  421.6486  159.5821
  362.3943  346.8403  424.8797
  416.6942  215.8568  291.5390
  363.7214  156.2879  295.8127
  414.9458  202.0937   66.4379
  391.9934  137.2690  365.0772
  448.6547  280.7372  162.8025
  404.3008  179.4704  383.2793
  403.7997  240.7652  180.6841
  466.9172  240.1348  339.9152
  484.9026  202.6457  153.7874
  430.3344  219.9442  410.1529
  440.2807  320.8893  184.4461
  494.2296  296.9724  431.5288
  509.3441  256.2287  233.3173
  457.2799  396.2042  307.7164
  509.3029  251.6369  106.0458
  504.6981  388.0078  440.1318
  479.9825  219.9859  352.6642
  418.4705  195.6412  203.6832
  419.5197  330.4907  413.3260
  469.1722  198.6156   83.3789
  413.7214  254.4855  345.8491
  473.3338  263.7286  168.4527
  414.8747  272.4792  263.1147
  429.9267  188.6675  413.2105
  449.3224  223.1009  249.0075
  500.8419  180.0442  365.9205
  489.9119  210.2942  139.9271
  535.4684  187.7399  423.1042
  486.8805  129.8763  178.5776
  534.9180  151.1342  368.6661
  522.1992  211.9959  144.4194
  571.4041  176.8144  306.1124
  508.0336  239.0194  460.8096
  527.7599  212.8673  237.4118
  474.9461  253.9257  390.7381
  524.5133  213.7961  173.0139
  484.1414  232.3288  414.6198
  531.2769  188.1584  211.7251
  519.0788  241.3218  391.6244
  525.4832  182.4496  336.7567
  580.2029  206.7093  293.5443
  599.1728  159.8386  195.1863
  581.0775  126.8428  378.0290
  519.0801  119.6896  175.4697
  529.2872  160.5488  305.2230
  466.2907  147.0387  433.2760
  523.5793  178.7957  236.8385
  494.8487  260.3412  249.0076
  555.2229  260.2481  250.2313
  496.2710  256.0682  463.2425
  471.7829  201.6158  252.7156
  503.4400  261.3440  402.3938
  467.4104  252.7243  210.1157
  493.7990  207.0806  381.3786
  459.3092  190.9954  230.8679
  453.9043  221.4545  438.1122
  496.2630  187.6465  133.8070
  485.8713  238.7625  306.6776
  535.2274  238.8473  475.3702
  513.9767  181.9460  194.3516
  551.7207  198.8945  395.2163
  506.1444  138.0798  240.6028
  509.9161  199.4687  409.2585
  524.4961  233.4188  276.4904
  579.6383  166.2653  324.6844
  530.1150  213.4812  453.8089
  550.5719  196.9313  334.6593
  487.5559  263.4425  180.3108
  522.9096  260.8751  396.4119
  494.6201  244.7899  279.3777
  540.1415  222.3253  201.6826
  494.0431  195.4768  336.4441
  513.3228  250.2097  175.6854
  574.7354  285.8276  333.4998
  514.2984  181.4724  231.6339
  555.7809  238.5613  422.4798
  502.7254  238.7197  202.0122
  481.8656  226.9555  342.4688
  515.4074  191.0181  199.4631
  478.4861  178.1534  380.3029
  498.6775  252.0746  176.9961
  544.2123  283.5605  424.2824
  558.9116  240.3613  214.5403
  498.6671  232.6894  376.2868
  484.4529  283.8829  168.9763
  534.9718  303.3003  325.4525
  476.0844  243.5177  373.6551
  501.0178  300.6546  152.1225
  447.8685  303.3312  388.3712
  458.6391  266.2820  228.2436
  511.9203  326.0637  304.0129
  482.9640  274.7562  390.0816
  431.9445  290.8006  279.5163
  451.7047  248.6328  141.8339
  404.0316  217.0315  473.4371

Previous Length = 1780
outputting PDB in file /storage/htc/bdm/tosin/GSDB/Structures/WT9059TG/GSM455133_30E0LAAXX.1/VC_100kb/InfMod3DGen/chr5.pdb
    22.47%    44.94%    67.42%    89.89%   100.00%
    done! closing file...
New Length = 1780
spearman correlation = 0.475726
