 MATLAB Evaluation Started............
Processing file /storage/htc/bdm/tosin/GSDB/Data/WT9059TG/Cheng_Prop_WT/GSM455133_30E0LAAXX.1/VC_100kb/chr19_list.txt..............
INFO: License(s) matlab:1
Currently Loaded Modulefiles:
  1) matlab/matlab-R2018a

                            < M A T L A B (R) >
                  Copyright 1984-2018 The MathWorks, Inc.
                   R2018a (9.4.0.813654) 64-bit (glnxa64)
                             February 23, 2018

 
To get started, type one of these: helpwin, helpdesk, or demo.
For product information, visit www.mathworks.com.
 
InfMod3DGen Execution Completed........

n =

     1


m =

   560


p =

     3


XYZ =

   1.0e+03 *

   -0.3780    0.0870    0.3660
   -0.7477    0.1720    0.5889
   -0.5956   -0.0121    0.5884
   -0.7189    0.3849    0.7112
   -0.5440   -0.0355    0.5179
   -0.3853    0.2713    0.5901
   -0.5291   -0.0615    0.5356
   -0.3952    0.2326    0.6130
   -0.5550   -0.3659    0.6962
   -0.4381    0.1108    0.4747
   -0.5443    0.1972    0.8063
   -0.0033    0.2768    0.2478
   -0.5815    0.0062    0.6744
   -0.4622    0.1648    0.4151
   -0.6222    0.0535    0.6703
   -0.4923    0.1489    0.4882
   -0.5839    0.0897    0.6842
   -0.4624    0.0200    0.3715
   -0.4354    0.1663    0.6148
   -0.5826   -0.1579    0.5399
   -0.6066    0.1159    0.6574
   -0.4789    0.1481    0.4063
   -0.4489    0.1558    0.6943
   -0.4418   -0.0185    0.5186
   -0.5683    0.4287    0.4817
   -0.4311    0.0242    0.6122
   -0.5436   -0.0874    0.4398
   -0.5262    0.1936    0.6305
   -0.3864   -0.0936    0.5330
   -0.4137    0.2042    0.6586
   -0.2856    0.0332    0.6718
   -0.4393    0.0982    0.5295
   -0.3074   -0.0766    0.6808
   -0.2970   -0.0692    0.3765
   -0.3215   -0.0210    0.7207
   -0.4399    0.2533    0.7005
   -0.4246   -0.0463    0.5556
   -0.3061    0.2070    0.6442
   -0.3687    0.0283    0.5203
   -0.5109    0.0502    0.7451
   -0.3464    0.1068    0.6165
   -0.4955    0.0533    0.3560
   -0.3642    0.0500    0.6934
   -0.5166    0.0049    0.4413
   -0.3815    0.2436    0.6650
   -0.4293   -0.1099    0.6298
   -0.5740    0.1916    0.5247
   -0.5665   -0.1468    0.6468
   -0.4582    0.1668    0.6668
   -0.4730    0.0791    0.5557
   -0.6196   -0.0734    0.7176
   -0.6320    0.0899    0.4572
   -0.4752    0.1095    0.7405
   -0.4996   -0.0674    0.4959
   -0.6480    0.1758    0.6353
   -0.5968   -0.0367    0.6167
   -0.6611    0.2608    0.5412
   -0.6408   -0.1834    0.7414
   -0.6629    0.1949    0.6355
   -0.8216    0.0131    0.4689
   -0.6968    0.0563    0.6176
   -0.6897    0.0887    0.7593
   -0.8264   -0.0782    0.4928
   -0.7562    0.0817    0.7569
   -0.9092    0.1102    0.4863
   -0.8212   -0.1604    0.6433
   -0.7753    0.2188    0.5909
   -0.8025   -0.0998    0.6996
   -0.7398    0.1300    0.4946
   -0.9242    0.0640    0.7161
   -0.8357    0.0854    0.4742
   -0.9696   -0.0765    0.7368
   -0.8541    0.2933    0.6249
   -0.9703   -0.0682    0.5630
   -0.8930    0.2124    0.7316
   -1.0715    0.0180    0.5555
   -0.8493    0.1738    0.6830
   -0.9517    0.0761    0.4213
   -0.9664   -0.0764    0.6360
   -1.0083    0.2020    0.6385
   -1.0835   -0.0434    0.5766
   -0.8218    0.0469    0.6309
   -1.0966    0.1714    0.7195
   -0.9963   -0.1048    0.5450
   -0.9455    0.0788    0.7171
   -1.2333   -0.0575    0.5474
   -1.1246    0.1794    0.7597
   -1.2346    0.1027    0.5492
   -1.0747   -0.0961    0.5007
   -1.2160    0.1981    0.6440
   -1.0600   -0.0276    0.5302
   -1.2121   -0.0194    0.7154
   -1.2271    0.2829    0.6260
   -1.0424    0.0179    0.3829
   -1.0788   -0.2026    0.8726
   -0.8538    0.0734    0.8524
   -0.9213    0.3521    0.6005
   -0.9624    0.0216    0.7388
   -1.1365    0.0437    0.5239
   -1.1770   -0.0182    0.7069
   -0.9530    0.2008    0.6306
   -1.1032   -0.0598    0.5618
   -1.1196    0.1534    0.8072
   -1.0118    0.0872    0.4866
   -1.2594   -0.0958    0.7714
   -0.9843    0.0826    0.5495
   -1.1263    0.0994    0.7514
   -0.9909   -0.1027    0.5403
   -0.8663    0.1781    0.6549
   -1.1453   -0.0591    0.6470
   -1.0408    0.2435    0.6122
   -1.2071   -0.1028    0.5334
   -1.0924    0.2162    0.6692
   -1.0965   -0.0242    0.5206
   -1.0757    0.0197    0.7998
   -1.0379    0.0585    0.5101
   -1.2115    0.0957    0.8227
   -1.1399   -0.0417    0.3938
   -0.7736    0.0343    0.5887
   -0.9778    0.0743    0.2913
   -1.0338    0.0143    0.7099
   -1.0920    0.1165    0.3683
   -0.9766    0.1780    0.7326
   -1.0425    0.2594    0.3629
   -0.9650    0.2571    0.6143
   -1.3085    0.0633    0.5096
   -0.9335   -0.0012    0.5375
   -1.1939    0.0953    0.6322
   -1.0034   -0.0131    0.5249
   -0.8136    0.1464    0.6585
   -1.2451    0.1651    0.5756
   -0.9050    0.1621    0.4373
   -1.0640    0.1763    0.6266
   -1.3452    0.1482    0.4557
   -1.0605    0.1366    0.4547
   -1.3307    0.0422    0.5741
   -1.1596    0.2130    0.4140
   -1.4014    0.0359    0.4187
   -0.8922    0.0490    0.5568
   -1.0184    0.3685    0.4715
   -1.1827    0.0332    0.5242
   -0.8768    0.2257    0.4267
   -1.3049   -0.0064    0.4837
   -0.9959    0.1447    0.3873
   -1.4225    0.0754    0.5440
   -1.1468    0.1502    0.4000
   -0.9373    0.3135    0.5009
   -1.0970   -0.0004    0.4040
   -1.1925    0.4358    0.5158
   -0.9668    0.1270    0.5421
   -1.1970    0.1213    0.3601
   -1.3294    0.0943    0.4595
   -1.0258   -0.0195    0.5601
   -0.8605    0.0923    0.4958
   -1.2483    0.1125    0.5891
   -1.0303    0.0093    0.5052
   -1.2901   -0.0010    0.6011
   -1.2868    0.2327    0.4673
   -1.0969   -0.0990    0.4744
   -0.8973   -0.0366    0.5020
   -1.2293    0.0542    0.5837
   -1.0421    0.2611    0.5441
   -1.1402   -0.0136    0.6355
   -0.9459    0.0792    0.5077
   -1.1964    0.1210    0.6760
   -1.2637   -0.0245    0.4754
   -0.9523    0.1319    0.6244
   -1.2620   -0.0611    0.5318
   -1.0038   -0.0055    0.6674
   -1.1512    0.1233    0.7335
   -1.0153    0.1022    0.4425
   -1.2126   -0.0407    0.6441
   -1.2393    0.1667    0.5083
   -0.9786    0.0535    0.5936
   -1.3472    0.0541    0.5768
   -0.9204    0.0217    0.7101
   -1.1615    0.1468    0.4961
   -1.1658   -0.0785    0.6756
   -1.1999    0.2043    0.5962
   -0.9746   -0.0289    0.5682
   -1.3328    0.3463    0.6732
   -1.2207    0.0447    0.6801
   -0.9804   -0.0627    0.5714
   -1.2711    0.0216    0.7347
   -0.9983    0.1531    0.6618
   -1.2857   -0.0772    0.6622
   -0.9829    0.1434    0.6058
   -1.4224    0.0528    0.5941
   -1.0700    0.0691    0.6888
   -1.4135   -0.0394    0.6752
   -1.1262    0.1282    0.5305
   -1.3915    0.2077    0.5286
   -1.1018    0.0335    0.8007
   -1.3584    0.1095    0.6361
   -1.2818   -0.0084    0.3938
   -1.2775    0.1017    0.7357
   -1.2465   -0.0589    0.4907
   -1.1519    0.2078    0.2258
   -1.5376   -0.0965    0.2011
   -0.9797   -0.0012    0.4545
   -1.2925    0.0358    0.4026
   -1.4827   -0.2491    0.4222
   -1.1622   -0.3237    0.3196
   -1.0962    0.1068    0.5835
   -1.2213    0.4087    0.6151
   -1.0431   -0.2213    0.4624
   -1.4380   -0.1496    0.8107
   -1.0188    0.2443    0.4446
   -1.2339    0.1252    0.8266
   -1.4105    0.3031    0.4038
   -1.3910   -0.0851    0.8753
   -1.1285    0.3501    0.9906
   -1.2335   -0.0495    0.8496
   -1.2750    0.2421    1.1025
   -1.3006    0.1750    0.5520
   -1.2090   -0.1168    0.6393
   -1.4117    0.1517    0.9891
   -1.1023   -0.0066    1.0380
   -1.4551   -0.2823    0.6203
   -1.6439   -0.0785    0.9346
   -1.3230   -0.1001    0.3834
   -1.1335   -0.2276    0.8684
   -1.0113   -0.1751    0.5066
   -1.3826   -0.0700    0.5242
   -1.0217    0.2523    0.4613
   -1.5160    0.1415    0.6662
   -1.2008    0.1136    0.3049
   -1.2680    0.2259    0.7216
   -1.2946   -0.1729    0.7569
   -1.4288    0.3941    0.5928
   -1.3638   -0.0504    0.6886
   -0.8518    0.1791    0.6316
   -1.2507   -0.0166    0.4625
   -1.6037    0.0566    0.4571
   -1.1382    0.0625    0.6064
   -1.5721    0.0484    0.6024
   -1.1556    0.2739    0.4899
   -1.4827    0.1685    0.6353
   -1.1407    0.2656    0.8304
   -1.5746    0.3397    0.6541
   -1.2499   -0.0114    0.6990
   -1.0073    0.2915    0.2514
   -1.4210    0.5218    0.1907
   -1.7378    0.7117    1.2100
   -1.3405    0.2336    0.7365
   -0.6826   -0.0999    1.1598
   -1.7651    0.9498    0.0947
   -1.7601    0.6966    0.6341
   -1.5095    0.4989    0.0870
   -1.0922    0.3567    0.4617
   -1.5518    0.1066    0.5588
   -1.2704   -0.0643    0.6152
   -1.7457    0.3222    0.5134
   -1.5480   -0.1089    0.6132
   -1.3617    0.1628    0.1796
   -1.4337    0.2734    0.5195
   -1.4496   -0.2893    0.6164
   -1.3900    0.2347    0.7795
   -1.4906    0.3288    0.5257
   -1.5800   -0.2402    0.3922
   -1.4499    0.2581    0.8224
   -1.3399   -0.0664    0.4168
   -1.5258    0.2277    0.7884
   -1.3086    0.2250    0.4380
   -1.6315    0.1154    0.8588
   -1.3118    0.0733    0.6090
   -1.4333    0.0301    0.3312
   -1.5414    0.1807    0.6588
   -1.1767    0.1002    0.6032
   -1.4712    0.0554    0.8235
   -1.4121    0.0928    0.5180
   -1.2350    0.0349    0.6673
   -1.5513    0.1621    0.3981
   -1.2774   -0.1156    0.7229
   -1.2687    0.2219    0.6790
   -1.6308    0.0008    0.6059
   -1.2551    0.1580    0.5747
   -1.6018    0.2063    0.6893
   -1.3421    0.1677    0.4343
   -1.4361    0.0352    0.8440
   -1.6415   -0.0570    0.4336
   -1.6038    0.2468    0.6002
   -1.4712    0.0796    0.8151
   -1.3819    0.1364    0.3700
   -1.3586   -0.1503    0.5882
   -1.4655    0.1086    0.7619
   -1.4074    0.1700    0.4343
   -1.6755    0.0344    0.5383
   -1.4521    0.0242    0.8668
   -1.5783    0.3235    0.7398
   -1.5578   -0.0418    0.4592
   -1.7421   -0.0888    0.8887
   -1.5267    0.1697    0.9474
   -1.6665    0.2615    0.5132
   -1.6405   -0.0628    0.5284
   -1.7503    0.1045    0.7500
   -1.7779   -0.0789    0.3856
   -1.6589    0.3086    0.6850
   -1.7663   -0.1427    0.6394
   -1.6441    0.1194    0.4741
   -1.7321   -0.0238    0.6275
   -1.5988    0.2897    0.4831
   -1.6743   -0.0533    0.7238
   -1.6890    0.1872    0.6191
   -1.6109   -0.0177    0.4933
   -1.7218   -0.1229    0.6750
   -1.7442    0.1390    0.7281
   -1.6796    0.0419    0.4968
   -1.7644    0.2218    0.7776
   -1.7760    0.0357    0.6544
   -1.6795    0.1443    0.5298
   -1.7959    0.0068    0.7442
   -1.8233    0.3389    0.6089
   -1.6979   -0.0724    0.5489
   -1.7182   -0.1444    0.8311
   -1.6216   -0.0087    0.5284
   -1.6871    0.1401    0.7620
   -1.5784    0.0222    0.4235
   -1.6195    0.3035    0.3570
   -1.5230   -0.2316    0.6771
   -1.5769   -0.1536    0.4545
   -1.9054    0.0758    0.3434
   -1.4666    0.1876    0.6803
   -1.5568    0.0129    0.5844
   -1.5936    0.1298    0.6300
   -1.5705   -0.1802    0.5195
   -1.4472    0.1161    0.4951
   -1.4562    0.2027    0.7370
   -1.5570   -0.1028    0.6811
   -1.4713    0.0615    0.4595
   -1.4834   -0.1289    0.6360
   -1.5709    0.0504    0.7575
   -1.4579    0.1532    0.5349
   -1.4502   -0.1312    0.5917
   -1.3350    0.2155    0.5519
   -1.2783   -0.0269    0.6499
   -1.2446    0.0491    0.3531
   -1.3789    0.2023    0.6836
   -1.5580   -0.2252    0.7829
   -1.3068   -0.2956    0.3534
   -1.3190    0.0412    0.7292
   -1.5586   -0.2808    0.5442
   -1.2585    0.0312    0.2388
   -1.3150   -0.3128    0.7039
   -1.5754   -0.0176    0.3170
   -1.4837    0.1326    0.6270
   -1.1396   -0.1460    0.4946
   -1.4673   -0.3845    0.2568
   -1.6521   -0.1067    0.4589
   -1.4113    0.1313    0.3582
   -1.1180   -0.3537    0.4366
   -1.3624   -0.0018    0.6527
   -1.1079    0.0258    0.4283
   -1.4507    0.0027    0.6653
   -1.1408    0.0293    0.5869
   -1.4646   -0.0396    0.4798
   -1.2041    0.0865    0.5659
   -1.1275   -0.1197    0.6089
   -1.1130    0.2327    0.6250
   -1.3145   -0.1629    0.5716
   -1.3002    0.1852    0.6147
   -1.2595   -0.0844    0.6104
   -1.0970    0.1784    0.5060
   -1.1552   -0.0433    0.6890
   -1.4976   -0.0412    0.5168
   -1.1667    0.1729    0.6630
   -1.0567   -0.0645    0.5167
   -1.3284    0.0205    0.5082
   -1.1163    0.1388    0.7848
   -1.2238    0.1795    0.3111
   -1.0111    0.2642    0.5016
   -1.2656   -0.0045    0.7076
   -1.0740    0.0231    0.4580
   -1.1645    0.3036    0.6421
   -1.1592   -0.0763    0.4323
   -1.3484    0.0602    0.6742
   -1.0609    0.1049    0.6027
   -1.2443   -0.1481    0.4874
   -1.4666    0.1037    0.5849
   -1.0961    0.0117    0.6673
   -1.3389   -0.0467    0.5403
   -1.1978    0.2101    0.4771
   -1.4179   -0.0111    0.5604
   -1.2054   -0.2166    0.6576
   -1.3346    0.1635    0.7324
   -1.3252    0.0760    0.5380
   -1.0715    0.0710    0.7051
   -1.2818   -0.0054    0.5785
   -1.1735    0.3054    0.4225
   -1.1061    0.1150    0.8334
   -1.3430    0.0035    0.2985
   -1.3172    0.1138    0.7296
   -1.4271   -0.2194    0.6485
   -1.2838    0.2412    0.6780
   -1.1214   -0.1096    0.7125
   -1.1466    0.0801    0.5401
   -1.4615    0.0901    0.7573
   -1.3728    0.0271    0.4477
   -1.3463    0.0333    0.9384
   -1.0768    0.1589    0.4581
   -1.0965   -0.2572    0.7142
   -1.1769    0.2572    0.8339
   -1.3430   -0.1284    0.8765
   -1.2528    0.2907    0.8958
   -1.0807   -0.0233    0.9611
   -1.5606   -0.1132    0.7829
   -1.3928    0.2652    0.6713
   -1.1871   -0.1292    0.6658
   -1.2529    0.1840    0.5664
   -1.3502   -0.1052    0.6035
   -1.4551    0.2405    0.5905
   -1.2104   -0.0237    0.8945
   -1.2941    0.2608    0.2398
   -1.2274    0.2108    0.6410
   -1.3093   -0.3137    0.5998
   -1.5920   -0.0826    0.2641
   -1.3583    0.2298    0.3076
   -1.2347   -0.1211    0.3174
   -1.4532    0.0928    0.6618
   -1.2312    0.0137    0.6094
   -1.4501    0.0060    0.4878
   -1.2425    0.0881    0.7079
   -1.4768    0.0424    0.6362
   -1.2475    0.0126    0.4396
   -1.2936   -0.0654    0.8056
   -1.3355    0.1177    0.5358
   -1.3556   -0.1221    0.7064
   -1.2809    0.1936    0.5361
   -1.2735   -0.0300    0.6706
   -1.4048    0.2379    0.5546
   -1.4016   -0.1113    0.6113
   -1.2921    0.0492    0.7992
   -1.3591    0.1472    0.5853
   -1.2528   -0.2059    0.5604
   -1.3771    0.3231    0.5825
   -1.2519   -0.0502    0.5802
   -1.3453    0.0874    0.7651
   -1.1400    0.1271    0.5744
   -1.2218   -0.0340    0.6772
   -1.1522    0.1812    0.6259
   -1.2094   -0.1206    0.7130
   -1.3908    0.1952    0.8061
   -1.1503   -0.0143    0.7738
   -1.2683    0.2894    0.6841
   -1.4022    0.0486    0.9056
   -1.1138    0.2042    0.7387
   -1.3433   -0.1052    0.8280
   -1.0921    0.2683    0.7792
   -1.2322   -0.0532    0.8714
   -1.1264    0.3070    0.7390
   -1.1242   -0.0833    0.8047
   -1.2537    0.5460    0.7183
   -1.4539   -0.0056    0.7656
   -1.3659    0.2497    0.7650
   -1.4022   -0.0360    0.7947
   -1.0974    0.1834    0.7526
   -1.2005   -0.0935    0.6266
   -1.3290    0.1019    0.6122
   -1.2868   -0.0945    0.8552
   -1.3986    0.2964    0.7879
   -1.2006    0.0257    0.6365
   -1.4170    0.1177    0.7408
   -1.1334   -0.0038    0.6976
   -1.3239   -0.1315    0.7222
   -1.3035    0.2146    0.6343
   -1.1694    0.0465    0.8394
   -1.2756    0.2520    0.6081
   -1.0718    0.0260    0.6687
   -1.4569    0.2030    0.7035
   -1.0726   -0.0439    0.6776
   -1.1856    0.2442    0.7040
   -1.3805    0.0201    0.7455
   -1.1770   -0.0585    0.6439
   -1.3487    0.1675    0.7544
   -1.4279   -0.0756    0.6875
   -1.2080    0.1578    0.7227
   -1.3685   -0.0170    0.8497
   -1.0588    0.0709    0.7309
   -1.2373    0.0065    0.7248
   -1.4189    0.0557    0.8351
   -1.1827    0.0204    0.7717
   -1.1543    0.2304    0.6693
   -1.1135   -0.0603    0.7550
   -1.3895    0.1849    0.7333
   -1.4268   -0.0673    0.6186
   -1.0288    0.0344    0.6276
   -1.3161    0.0159    0.7759
   -1.1831    0.2314    0.6293
   -1.1021   -0.2390    0.6694
   -1.2867    0.0846    0.8326
   -1.3760    0.0923    0.6826
   -1.5668    0.0451    0.8841
   -1.0745   -0.1256    1.0096
   -1.4419   -0.2006    1.0232
   -1.0248   -0.0922    0.8487
   -1.2541    0.2948    0.8776
   -1.6390    0.1929    0.7466
   -1.4291    0.1508    0.8617
   -1.2121    0.0175    0.9583
   -1.6022    0.2787    0.9064
   -1.3047    0.0822    0.9544
   -1.2027    0.3432    0.7603
   -1.1534    0.1747    0.7299
   -1.5216    0.3784    0.8522
   -1.2446   -0.0501    0.8320
   -1.2576    0.2879    0.6974
   -1.5846   -0.1890    0.7106
   -1.7074    0.2831    0.9318
   -1.4077   -0.0470    0.7221
   -1.5486    0.0641    0.7195
   -1.3003    0.1847    0.6901
   -1.5001    0.0371    0.5751
   -1.4964    0.0874    0.7837
   -1.3670   -0.0201    0.5866
   -1.4119    0.2148    0.6084
   -1.3321   -0.0825    0.5534
   -1.4840    0.2880    0.6721
   -1.3194   -0.0926    0.6838
   -1.3631    0.2480    0.6463
   -1.2893   -0.1611    0.8583
   -1.4840    0.1246    0.6952
   -1.2931    0.0942    0.6110
   -1.3776   -0.0578    0.6142
   -1.3921    0.1805    0.7504
   -1.3242   -0.0153    0.5285
   -1.4228    0.1397    0.7681
   -1.2973   -0.0344    0.6104
   -1.3460    0.2926    0.6567
   -1.4810   -0.0470    0.6687
   -1.4022    0.1575    0.6265
   -1.5361   -0.0912    0.6238
   -1.3947    0.3852    0.7810
   -1.4598   -0.1064    0.7607
   -1.3958    0.2253    0.5938
   -1.5011   -0.0158    0.7275
   -1.4119    0.1906    0.4648
   -1.4671    0.2234    0.9218
   -1.3460   -0.1077    0.4724
   -1.3202    0.2970    0.5913
   -1.7048   -0.0285    0.7147
   -1.4187    0.1485    0.7012
   -1.4716   -0.0865    1.0525
   -1.4423    0.1981    0.6506
   -1.4147   -0.1087    0.7801
   -1.5939   -0.0138    0.7563
   -1.3968    0.2098    0.6622
   -1.5092   -0.2167    0.7034
   -1.5646    0.1425    0.8190
   -1.5474   -0.3210    0.6530
   -1.4438    0.0653    0.5852
   -1.6374   -0.1177    0.5846
   -1.4720   -0.0966    0.6953
   -1.3412    0.0155    0.9392
   -1.6384   -0.0194    0.6026
   -1.3057    0.0706    0.7317
   -1.4149   -0.2309    0.5749
   -1.4600   -0.0941    0.8239
   -1.2672   -0.0927    0.6164
   -1.4995    0.0158    0.7498
   -1.3421   -0.3051    0.6915

Previous Length = 560
outputting PDB in file /storage/htc/bdm/tosin/GSDB/Structures/WT9059TG/GSM455133_30E0LAAXX.1/VC_100kb/InfMod3DGen/chr19.pdb
    71.43%   100.00%
    done! closing file...
New Length = 560
spearman correlation = 0.651009
