 MATLAB Evaluation Started............
Processing file /storage/htc/bdm/tosin/GSDB/Data/WT9059TG/Cheng_Prop_WT/GSM455133_30E0LAAXX.1/VC_1mb/chr6_list.txt..............
INFO: License(s) matlab:1
Currently Loaded Modulefiles:
  1) matlab/matlab-R2018a

                            < M A T L A B (R) >
                  Copyright 1984-2018 The MathWorks, Inc.
                   R2018a (9.4.0.813654) 64-bit (glnxa64)
                             February 23, 2018

 
To get started, type one of these: helpwin, helpdesk, or demo.
For product information, visit www.mathworks.com.
 
InfMod3DGen Execution Completed........

n =

     1


m =

   169


p =

     3


XYZ =

   1.0e+03 *

   -0.2850    0.4350    0.2850
   -0.5777    0.9252    0.5374
   -0.1423    1.0946    0.1096
   -0.4452    1.0760    0.5755
    0.2358    0.4525    0.5404
    0.7015    0.5924    0.5977
    0.3042    0.3884    0.7528
    0.6560    0.8557    0.6953
    0.1854    0.9468    0.7520
    0.4588    1.1547    0.8899
    0.2344    1.0071    0.7138
    0.5266    0.9088    0.7728
    0.0633    0.6306    0.7051
    0.3478    0.5044    1.0430
   -0.1237    0.4621    0.9612
    0.2097    0.8159    0.6850
    0.0526    0.6283    0.8460
    0.3472    0.9542    0.7124
    0.4713    1.0613    0.7824
    0.0582    0.8861    0.7969
   -0.0520    1.0200    0.7352
    0.2715    0.7999    0.7303
    0.4089    1.0758    0.9064
    0.4415    0.8203    0.7183
    0.1241    1.0946    0.7076
    0.4911    1.0285    0.7910
    0.2375    0.6690    0.8501
    0.3176    0.6505    0.5887
    0.6961    0.8594    0.8000
    0.8341    0.5615    0.7286
    1.1593    0.6290    0.7755
    0.7165    0.1710    0.7967
    1.0592    0.6207    0.8112
    1.1068    0.5995    0.6512
    0.9943    0.2163    0.6743
    0.7139    0.3860    0.7465
    0.7844    0.0723    0.6579
    1.0650    0.3937    0.8187
    0.7776    0.0565    0.7321
    0.3876    0.4315    0.7796
    0.8802   -0.0098    0.7310
    0.4586    0.4592    0.7460
    0.7984    0.6783    0.7516
    0.3615    0.4591    0.7898
    0.7187    0.5617    0.7463
    0.4990    0.2486    0.7805
    0.0977    0.6536    0.7366
    0.1321    0.2884    0.7463
    0.3664    0.3055    0.7765
    0.2986   -0.1373    0.7589
   -0.1115   -0.2055    0.7564
   -0.1686   -0.6665    0.7494
    0.2885   -0.6728    0.7390
    0.1764   -0.2465    0.7747
   -0.2420   -0.0530    0.7946
   -0.2704   -0.2694    0.6509
   -0.6745    0.1858    0.7649
   -0.4726   -0.2681    0.7978
   -0.5739    0.1037    0.4482
   -1.0395   -0.2749    0.7011
   -0.7295   -0.0229    0.5172
   -0.6970   -0.3135    0.8182
   -1.0618   -0.0346    0.4677
   -1.0026   -0.0978    0.8112
   -1.4418    0.3487    0.7315
   -1.3009    0.1544    0.8058
   -1.5847    0.1603    0.7412
   -1.2153    0.3638    0.7839
   -1.4492    0.7290    0.8005
   -1.5522    0.8821    0.7061
   -1.3676    1.1107    0.7812
   -1.7194    0.8294    0.7491
   -1.7555    1.1152    0.7454
   -1.9027    0.8398    0.7313
   -1.6981    0.8594    0.7267
   -1.9803    0.4917    0.8472
   -1.7061    0.5995    0.7827
   -1.9391    0.3865    0.7252
   -1.8153    0.6075    0.7901
   -2.0554    0.1933    0.7547
   -1.8806    0.2910    0.7121
   -1.9208   -0.0230    0.8630
   -2.3958    0.4231    1.0220
   -2.2537    0.3273    0.6906
   -2.4321    0.7971    0.8729
   -2.4175    0.4617    0.8653
   -2.1819    0.7354    0.7931
   -2.4234    1.0124    0.7199
   -2.0074    1.0817    0.7504
   -2.4345    1.0853    0.7328
   -2.1604    0.7924    0.7625
   -2.5819    0.8985    0.6835
   -2.3893    1.1310    0.9922
   -2.0233    1.0825    0.9795
   -2.3280    0.6083    1.1480
   -2.3280    0.5945    1.5775
   -2.2521    0.8257    1.8257
   -2.0022    0.7287    1.4567
   -2.2208    1.1456    1.1313
   -2.2277    0.7663    1.6118
   -2.1019    0.7666    1.5918
   -2.2349    1.0423    1.1259
   -2.6809    0.9072    0.8474
   -2.3112    1.1325    1.1510
   -2.7029    1.0867    1.0139
   -2.2264    1.1206    1.2212
   -2.2583    1.1399    1.5959
   -2.6959    1.0396    1.2203
   -2.6212    1.0974    1.5798
   -3.0747    1.0488    1.4484
   -2.9821    1.1571    1.6867
   -3.2757    1.0380    1.2022
   -2.7915    1.1801    0.9303
   -3.0296    0.8217    0.9232
   -2.9904    1.1515    1.3634
   -3.4493    1.0938    1.0540
   -3.3526    1.0878    1.5097
   -3.5594    1.1394    1.2226
   -3.2705    1.2092    1.3996
   -3.1337    1.1742    1.0274
   -3.3906    1.6688    0.8003
   -3.8633    1.7111    1.2139
   -3.5965    1.3473    1.1234
   -3.7736    1.8299    0.7392
   -3.3781    1.9298    0.7468
   -3.7415    1.7303    0.7883
   -4.0035    1.7921    0.7553
   -3.9332    1.9994    0.7939
   -4.2279    1.9302    0.7668
   -3.8539    2.4135    0.7788
   -4.1117    2.3216    0.7240
   -3.6811    2.7337    0.7694
   -3.9964    2.7989    0.7637
   -3.8980    2.5195    0.3800
   -4.2698    2.6163    0.0998
   -4.0517    2.4462    0.3851
   -3.9137    2.6919   -0.0870
   -4.3615    2.4173   -0.0656
   -4.1048    2.3535    0.3053
   -3.9540    2.8271    0.1769
   -4.2248    2.4048    0.4036
   -3.8823    2.5020   -0.0290
   -4.0435    2.1128   -0.0302
   -4.2349    2.2816   -0.2096
   -3.8257    2.1440    0.2467
   -3.8806    2.6101   -0.0823
   -3.6090    2.4644    0.1863
   -3.4743    2.0161   -0.1330
   -3.8148    2.1320    0.2548
   -3.7722    2.4757    0.3759
   -4.2628    2.5462    0.1477
   -3.8256    2.0518    0.1218
   -3.8778    2.0248    0.4583
   -4.0004    2.3714    0.2885
   -4.4709    2.1476    0.5916
   -4.4892    1.7578    0.3319
   -4.2651    1.5450    0.6466
   -4.5926    1.9832    0.4871
   -4.2593    1.6182    0.1904
   -4.6917    1.8209    0.3170
   -4.6595    1.6196    0.5667
   -4.5576    1.8932    0.6305
   -4.1002    1.6922    0.7840
   -4.4323    1.2794    0.6631
   -4.4667    1.4009    0.8109
   -4.1301    1.1475    0.7188
   -4.1880    1.5336    0.7656
   -4.5062    1.4619    0.7414
   -4.3280    1.8674    0.7200

Previous Length = 169
outputting PDB in file /storage/htc/bdm/tosin/GSDB/Structures/WT9059TG/GSM455133_30E0LAAXX.1/VC_1mb/InfMod3DGen/chr6.pdb
   100.00%
    done! closing file...
New Length = 169
spearman correlation = 0.572783
