 MATLAB Evaluation Started............
Processing file /storage/htc/bdm/tosin/GSDB/Data/WT9059TG/Cheng_Prop_WT/GSM455133_30E0LAAXX.1/VC_100kb/chr14_list.txt..............
INFO: License(s) matlab:1
Currently Loaded Modulefiles:
  1) matlab/matlab-R2018a

                            < M A T L A B (R) >
                  Copyright 1984-2018 The MathWorks, Inc.
                   R2018a (9.4.0.813654) 64-bit (glnxa64)
                             February 23, 2018

 
To get started, type one of these: helpwin, helpdesk, or demo.
For product information, visit www.mathworks.com.
 
InfMod3DGen Execution Completed........

n =

     1


m =

   884


p =

     3


XYZ =

   1.0e+03 *

   -0.3900   -0.3900    0.3900
    0.8005    0.8108   -0.8071
   -0.3828   -0.1073    0.4255
   -0.5938   -0.2730    0.4141
   -0.5053    0.0244    0.5182
   -0.3637   -0.2023    0.5131
   -0.4492   -0.2561    0.3531
   -0.3712    0.0088    0.6406
   -0.5136   -0.2158    0.6686
   -0.3584    0.0293    0.4351
   -0.4996   -0.1272    0.5959
   -0.3083   -0.1590    0.4208
   -0.5125   -0.0545    0.3553
   -0.3525   -0.1291    0.7811
   -0.2851   -0.3701    0.3987
   -0.4441   -0.2647    0.6934
   -0.4363   -0.0819    0.4099
   -0.4217   -0.3111    0.7626
   -0.4014   -0.2606    0.4395
   -0.5344   -0.2278    0.6924
   -0.5374   -0.0352    0.6523
   -0.4190   -0.3868    0.4909
   -0.4866   -0.0097    0.5458
   -0.3912   -0.3355    0.6652
   -0.4336   -0.1200    0.4544
   -0.3831   -0.1760    0.6139
   -0.4241   -0.1142    0.4568
   -0.4770   -0.3992    0.6411
   -0.3496   -0.2786    0.6467
   -0.3925   -0.1618    0.6817
   -0.2739   -0.3403    0.6834
   -0.4118   -0.1206    0.7498
   -0.2902   -0.0896    0.4741
   -0.2825   -0.3121    0.5900
   -0.3009   -0.1132    0.6652
   -0.4122   -0.2360    0.4234
   -0.4007   -0.4428    0.6928
   -0.2893   -0.1418    0.5973
   -0.3363   -0.3014    0.7339
   -0.3935   -0.4596    0.5012
   -0.3105   -0.4802    0.7318
   -0.4509   -0.3681    0.5199
   -0.3329   -0.1072    0.7175
   -0.4698   -0.3585    0.6004
   -0.3459   -0.2133    0.7367
   -0.3818   -0.3029    0.5017
   -0.5129   -0.0843    0.6157
   -0.5073   -0.2713    0.5986
   -0.4035   -0.0542    0.7440
   -0.4146   -0.3450    0.6247
   -0.5471   -0.1287    0.4483
   -0.5565   -0.3595    0.7338
   -0.4162   -0.2226    0.6006
   -0.4346    0.0776    0.6278
   -0.5685   -0.2538    0.7054
   -0.4926   -0.1356    0.4678
   -0.6392   -0.2597    0.7113
   -0.5407   -0.1534    0.6814
   -0.5572   -0.3212    0.5367
   -0.5608   -0.0705    0.6375
   -0.5497   -0.4049    0.5480
   -0.5774   -0.1368    0.6656
   -0.6215   -0.3168    0.3419
   -0.6273   -0.2726    0.6615
   -0.3956   -0.3141    0.3086
   -0.5861    0.0686    0.5036
   -0.5059   -0.4404    0.6878
   -0.6621   -0.0171    0.5841
   -0.6998   -0.3479    0.4018
   -0.7196   -0.4124    0.7503
   -0.6870   -0.0566    0.5501
   -0.4740   -0.5080    0.5768
   -0.6094   -0.0101    0.6323
   -0.5203   -0.4373    0.6016
   -0.3536   -0.0026    0.4784
   -0.4275   -0.2482    0.3411
   -0.7393   -0.4411    0.4712
   -0.4426   -0.2354    0.5689
   -0.6885   -0.2388    0.7518
   -0.7319   -0.3780    0.6238
   -0.5963   -0.0865    0.5797
   -0.7511   -0.3444    0.7397
   -0.6783   -0.1189    0.7897
   -0.6495   -0.3381    0.2860
   -0.8342   -0.2078    0.5013
   -0.6488   -0.4391    0.4760
   -0.6288   -0.1669    0.6862
   -0.5568   -0.1268    0.3791
   -0.8343   -0.1342    0.6615
   -0.5016    0.0850    0.6069
   -0.5293   -0.4091    0.6139
   -0.5467   -0.1127    0.5832
   -0.9202   -0.2204    0.6288
   -0.6241   -0.1521    0.5642
   -0.7302   -0.3581    0.4778
   -0.5082   -0.0664    0.4635
   -0.8078   -0.0261    0.6510
   -0.5783   -0.2605    0.7623
   -0.5206   -0.0938    0.4121
   -0.8218   -0.3173    0.6941
   -0.4678   -0.4313    0.6878
   -0.5865   -0.0147    0.7142
   -0.7729   -0.3213    0.5607
   -0.5359   -0.3274    0.5588
   -0.4315   -0.1384    0.3239
   -0.5731   -0.3226    0.4238
   -0.5933   -0.2792    0.8895
   -0.7363   -0.2636    0.4026
   -0.4066   -0.1632    0.7189
   -0.5552   -0.4056    0.7249
   -0.7626   -0.1569    0.7303
   -0.7321   -0.3356    0.4716
   -0.4165   -0.2292    0.5982
   -0.6829   -0.3743    0.6480
   -0.6560   -0.0833    0.6865
   -0.3795   -0.1434    0.6814
   -0.6342   -0.3780    0.7554
   -0.7545    0.0155    0.6640
   -0.4228   -0.1487    0.8604
   -0.4964   -0.2979    0.4641
   -0.6074    0.0884    0.6669
   -0.7292   -0.1687    0.8300
   -0.5241   -0.2786    0.7852
   -0.4325   -0.1343    0.6715
   -0.5784    0.0621    0.5975
   -0.7033   -0.2160    0.6345
   -0.5091    0.0311    0.7146
   -0.7351   -0.1965    0.4555
   -0.8218   -0.0633    0.5701
   -0.3951    0.0182    0.6860
   -0.8148   -0.1194    0.3838
   -0.7359    0.0135    0.6776
   -0.6699    0.0241    0.4647
   -0.8433   -0.0870    0.3455
   -0.5496   -0.0057    0.4497
   -0.3735   -0.0990    0.5618
   -0.7469    0.0067    0.4192
   -0.6366   -0.1037    0.3627
   -0.3342    0.0359    0.5488
   -0.6755    0.0288    0.4623
   -0.9623   -0.1057    0.5649
   -0.8018   -0.0244    0.2967
   -0.5911   -0.1535    0.4940
   -0.6699   -0.0604    0.3451
   -0.5315   -0.1484    0.5392
   -0.8190   -0.0067    0.4200
   -0.4691   -0.0305    0.5293
   -0.6301   -0.1693    0.2497
   -0.9042   -0.1143    0.5405
   -0.4628   -0.0287    0.5603
   -0.6625   -0.0172    0.4576
   -0.3365   -0.1635    0.4533
   -0.7741   -0.0479    0.5738
   -0.4161    0.0143    0.4746
   -0.8765    0.1727    0.5956
   -0.3155   -0.2115    0.4877
   -0.8524   -0.2463    0.5026
   -0.5124   -0.1092    0.3325
   -0.6114   -0.2343    0.4645
   -0.4056   -0.1357    0.3502
   -0.6583   -0.2341    0.5915
   -0.5487   -0.1239    0.5169
   -0.6874   -0.1568    0.6305
   -0.5702   -0.2897    0.5376
   -0.8428   -0.1924    0.6609
   -0.6263   -0.3113    0.5892
   -0.6898    0.0363    0.6057
   -0.7773   -0.2599    0.5970
   -0.5207   -0.1281    0.6095
   -0.6702   -0.1711    0.7491
   -0.8008   -0.2634    0.5369
   -0.3727   -0.1568    0.6768
   -0.7648    0.0497    0.5255
   -0.4455   -0.2888    0.6435
   -0.8008   -0.2665    0.5836
   -0.8159    0.0272    0.4601
   -0.6262    0.1301    0.7834
   -0.5980   -0.2437    0.6826
   -0.6348    0.0652    0.4430
   -0.5701   -0.2605    0.2780
   -0.7967   -0.1433    0.6613
   -0.5229   -0.1828    0.7250
   -0.5168    0.0538    0.6038
   -0.7528   -0.2617    0.7000
   -0.5497   -0.2141    0.6671
   -0.5110   -0.0890    0.8346
   -0.8232   -0.1501    0.6550
   -0.4171   -0.2293    0.4213
   -0.5301   -0.0055    0.5590
   -0.7697   -0.1642    0.7979
   -0.7079   -0.2560    0.5138
   -0.7951   -0.1603    0.6894
   -0.6648   -0.1672    0.7990
   -0.6014   -0.2258    0.3749
   -0.6901   -0.1222    0.8022
   -0.4702   -0.3321    0.6364
   -0.7177   -0.1811    0.8891
   -0.5680   -0.1026    0.6140
   -0.5212   -0.3684    0.6629
   -0.7561   -0.0329    0.5799
   -0.6816   -0.4087    0.5116
   -0.4381   -0.1949    0.4941
   -0.4519   -0.3925    0.8867
   -0.6941   -0.2473    0.3414
   -0.6528    0.0384    0.7927
   -0.4907   -0.3269    0.9467
   -0.6534   -0.2972    0.5959
   -0.5460    0.0058    0.7219
   -0.4913   -0.3168    0.7976
   -0.4363   -0.1646    0.4168
   -0.4314   -0.1535    0.9063
   -0.2990   -0.1443    0.6696
   -0.5690   -0.2738    1.0228
   -0.8820    0.0214    0.7437
   -0.4018   -0.1317    0.7584
   -0.7186    0.1243    0.8629
   -0.4245   -0.0539    0.8282
   -0.5120   -0.1351    0.6173
   -0.8891   -0.1478    0.5335
   -0.4368   -0.0054    0.7085
   -0.4159   -0.3494    0.6904
   -0.5453   -0.0474    0.6252
   -0.6591   -0.2204    0.5353
   -0.8228   -0.2705    0.9429
   -0.4690   -0.1630    0.6408
   -0.4565   -0.3384    0.7951
   -0.6348   -0.3181    0.5225
   -0.8261   -0.0972    0.6544
   -0.6864   -0.1916    0.9374
   -0.6167    0.1010    0.6337
   -0.7622   -0.0704    0.7182
   -0.5246   -0.1954    0.3898
   -0.7780   -0.2485    0.7459
   -0.7637   -0.0937    0.4283
   -0.7221   -0.0271    0.8013
   -0.6312   -0.3152    0.8680
   -0.7517   -0.2068    0.6899
   -0.5177   -0.3399    0.6820
   -0.5552   -0.1875    0.3604
   -0.5341   -0.2632    0.8544
   -0.7893   -0.0263    0.8303
   -0.4657   -0.1801    0.4803
   -0.8742   -0.3246    0.5877
   -0.6221   -0.2789    0.7485
   -0.6436   -0.1424    0.5328
   -0.8169   -0.1757    0.6927
   -0.5766   -0.0957    0.4512
   -0.5369   -0.2272    0.6877
   -0.5972   -0.0133    0.7424
   -0.6788   -0.3112    0.8292
   -0.6381    0.0089    0.6155
   -0.5980   -0.4021    0.5724
   -0.6740   -0.3109    0.4869
   -0.7927   -0.1341    0.6256
   -0.6792   -0.4613    0.6783
   -0.8075   -0.1120    0.6700
   -0.6477   -0.4742    0.7638
   -0.6300   -0.1224    0.5906
   -0.7723   -0.5394    0.5495
   -0.6706   -0.3354    0.4555
   -0.7372   -0.2107    0.8395
   -0.6795   -0.3723    0.8428
   -0.8640   -0.4457    0.5845
   -0.6628   -0.0884    0.8579
   -0.7948   -0.1008    0.8982
   -0.6937   -0.1361    0.3037
   -0.8014   -0.2983    0.5722
   -0.6777   -0.3173    0.8600
   -0.7192   -0.0972    0.3810
   -0.9214   -0.3513    0.7367
   -0.7900   -0.2332    0.4881
   -0.8229   -0.3531    0.8206
   -0.6798   -0.1707    0.3299
   -0.8719   -0.1674    0.7798
   -0.6928   -0.0538    0.6928
   -0.7170   -0.0764    0.5285
   -0.8402   -0.3530    0.4414
   -0.7808   -0.2470    0.7216
   -0.9101   -0.2152    0.4125
   -0.8434   -0.1458    0.6860
   -0.8895   -0.3455    0.7824
   -1.0233   -0.3134    0.7589
   -1.0116   -0.1710    0.6103
   -0.8996   -0.1299    0.4377
   -0.8820   -0.1859    0.6936
   -1.0073   -0.1283    0.6942
   -0.9187   -0.0289    0.8205
   -1.0343   -0.3212    0.5461
   -0.9523   -0.1796    0.8375
   -1.0920   -0.1794    0.6312
   -0.9798    0.0213    0.5985
   -1.1159   -0.2713    0.7968
   -1.0083   -0.2401    0.5753
   -1.1425   -0.2582    0.7942
   -1.0937   -0.4175    0.6608
   -1.2212   -0.2328    0.7062
   -1.2419   -0.1567    0.5281
   -1.1076   -0.3468    0.7744
   -1.2332   -0.0763    0.5257
   -1.0965   -0.3409    0.6282
   -1.2075   -0.1716    0.6480
   -1.0624   -0.3768    0.4047
   -1.1641   -0.1339    0.7674
   -1.1751   -0.1064    0.6514
   -1.0715   -0.3284    0.5990
   -1.1997   -0.1283    0.7609
   -1.2166   -0.3713    0.6717
   -1.1231   -0.0158    0.5147
   -1.2317   -0.2575    0.6773
   -1.2405   -0.0423    0.7739
   -1.1231   -0.1919    0.4209
   -1.2554   -0.3506    0.6522
   -1.2760   -0.1202    0.6858
   -1.1368   -0.4220    0.6745
   -1.1970   -0.1437    0.6807
   -1.0795   -0.3502    0.8002
   -1.1737   -0.2867    0.5869
   -1.0472   -0.0563    0.6389
   -1.1184   -0.3538    0.6408
   -1.0055   -0.2789    0.7819
   -1.0909   -0.0906    0.4746
   -0.9660   -0.4076    0.4618
   -0.9632   -0.1932    0.3800
   -1.0646   -0.5118    0.5660
   -1.0922   -0.1849    0.7038
   -1.0749   -0.4241    0.5758
   -0.9373   -0.2048    0.5845
   -0.9441   -0.4662    0.7030
   -1.1157   -0.1104    0.6432
   -0.9554   -0.0381    0.5092
   -0.9645   -0.3924    0.7849
   -1.0752   -0.4199    0.4875
   -0.9454   -0.3803    0.8328
   -0.9845   -0.1886    0.6932
   -0.8531    0.1382    0.6768
   -0.7970   -0.5170    0.4840
   -0.7851   -0.1577    0.5906
   -0.9287   -0.5116    0.5880
   -0.8133   -0.2562    0.7465
   -0.8768   -0.1912    0.3170
   -0.7352   -0.3287    0.7580
   -0.8564   -0.1870    0.6214
   -0.8406   -0.1120    0.3870
   -0.7254   -0.2342    0.6752
   -0.8285   -0.4029    0.5252
   -0.7821   -0.0629    0.6519
   -0.7228   -0.5021    0.6322
   -0.6483   -0.2167    0.5498
   -0.7666   -0.2822    0.6090
   -0.6423   -0.4373    0.3940
   -0.7582   -0.2409    0.4611
   -0.5830   -0.5898    0.6397
   -0.7274   -0.5540    0.4677
   -0.7236   -0.5135    0.7168
   -0.6194   -0.2604    0.6309
   -0.7452   -0.5281    0.5415
   -0.6421   -0.2145    0.4321
   -0.7422   -0.5348    0.6744
   -0.6322   -0.4107    0.5545
   -0.6597    0.0426    0.5856
   -0.7638   -0.1681    0.3068
   -0.7737   -0.4625    0.4971
   -0.6743   -0.0666    0.6265
   -0.7960   -0.2457    0.4923
   -0.6170   -0.3372    0.7285
   -0.7393   -0.0685    0.5044
   -0.6591   -0.2684    0.6421
   -0.7706    0.0241    0.7640
   -0.7488   -0.3792    0.8028
   -0.6111   -0.4386    0.5352
   -0.6248   -0.1335    0.7741
   -0.7460   -0.5886    0.7006
   -0.6585   -0.2896    0.4308
   -0.7850   -0.5074    0.7970
   -0.6459   -0.2997    0.7611
   -0.7812   -0.4959    0.4895
   -0.6615   -0.1541    0.6600
   -0.6550   -0.5464    0.5488
   -0.7812   -0.2555    0.4261
   -0.6901   -0.0357    0.4376
   -0.8251   -0.5070    0.4804
   -0.8249   -0.0827    0.6265
   -0.6998   -0.3363    0.5630
   -0.8367   -0.3877    0.7193
   -0.6935   -0.0306    0.7326
   -0.8012   -0.3354    0.4773
   -0.6852   -0.2079    0.7279
   -0.7867   -0.2757    0.5917
   -0.8577   -0.0748    0.7898
   -0.7112   -0.4119    0.6083
   -0.8319   -0.0080    0.7186
   -0.7428   -0.0580    0.8619
   -0.8522   -0.1278    0.7629
   -0.7109   -0.4327    0.8728
   -0.7826   -0.5473    0.3863
   -0.6687   -0.1133    0.4266
   -0.6896   -0.4973    0.6075
   -0.7461   -0.1246    0.8508
   -0.6159   -0.4883    0.4149
   -0.7468   -0.1922    0.6591
   -0.6468   -0.5164    0.5977
   -0.6464   -0.3495    0.9222
   -0.6630   -0.6042    0.7046
   -0.8047   -0.0558    0.7295
   -0.6958   -0.3701    0.5123
   -0.7115   -0.4555    0.9044
   -0.8558    0.0285    0.8350
   -0.7487   -0.5178    0.9591
   -1.0793   -0.5590    0.8087
   -0.8103   -0.5772    0.7886
   -0.9430   -0.4139    0.5478
   -0.8045   -0.5213    0.5057
   -0.9123   -0.2636    0.8390
   -0.8172   -0.2906    0.3764
   -0.8675   -0.5078    0.8082
   -0.9919   -0.0209    0.7612
   -0.9492   -0.2996    0.8087
   -0.8115   -0.3617    0.3856
   -0.8966   -0.1510    0.3979
   -0.7683   -0.2305    0.7306
   -0.8514   -0.4276    0.4947
   -0.7610   -0.1020    0.5930
   -0.8918   -0.4768    0.7005
   -0.7693   -0.1061    0.8515
   -0.9006   -0.2681    0.4533
   -0.8331   -0.1645    0.7566
   -0.9472   -0.3016    0.5733
   -0.8462   -0.4232    0.7584
   -0.8406   -0.1364    0.9110
   -0.9842   -0.2595    0.6965
   -0.9818   -0.2229    0.9439
   -0.8546   -0.3425    0.7975
   -0.9341    0.1166    0.9304
   -0.8250   -0.3695    0.9628
   -0.9633   -0.0411    0.7446
   -0.8244   -0.1260    0.5479
   -0.8854   -0.3363    1.0241
   -0.7403   -0.2232    0.6216
   -0.8354   -0.1018    0.8937
   -0.7022   -0.2051    0.8343
   -0.6911   -0.3347    0.5044
   -0.7867   -0.3350    0.6695
   -0.6670   -0.0518    0.9902
   -0.6475   -0.2163    0.6477
   -0.7479   -0.2896    1.0771
   -0.8054    0.0311    0.8770
   -0.8148   -0.2271    0.5510
   -0.6570   -0.0438    0.8114
   -0.7667   -0.2797    0.9915
   -0.7233    0.0543    0.6822
   -0.6136   -0.2317    0.8432
   -0.6568   -0.0132    0.7844
   -0.7754   -0.2439    0.7134
   -0.6802   -0.1469    0.5816
   -0.7817    0.0048    1.0044
   -0.6408   -0.1201    0.8821
   -0.6033    0.0036    0.4995
   -0.7403   -0.1993    0.4437
   -0.6726   -0.3444    0.6462
   -0.8083   -0.3843    0.8140
   -0.9207   -0.2198    0.4740
   -0.6217   -0.2348    0.6287
   -0.7308   -0.1407    0.7028
   -0.7792   -0.2889    0.7587
   -0.7864   -0.0030    0.5487
   -0.7736   -0.1261    0.8923
   -0.7249   -0.2510    0.5501
   -0.6050   -0.2404    0.8085
   -0.6433    0.0086    0.5841
   -0.9379   -0.0776    0.7620
   -0.6483    0.0380    0.9580
   -0.5335   -0.1143    0.7740
   -0.6891   -0.2521    0.4000
   -0.6221   -0.1704    0.8909
   -0.4789   -0.1592    0.5648
   -0.5818   -0.0921    0.9722
   -0.7066   -0.1902    0.6715
   -0.4676   -0.1100    0.5134
   -0.5700   -0.0157    0.7938
   -0.5307   -0.2204    0.6665
   -0.6754    0.0427    0.9459
   -0.5663    0.1357    0.7220
   -0.6482   -0.2219    0.9304
   -0.5710   -0.0861    0.6283
   -0.9042   -0.2303    0.7980
   -0.5727   -0.2200    0.7042
   -0.6127   -0.3434    0.9513
   -0.6779   -0.1885    0.6050
   -0.6202   -0.2414    0.8901
   -0.6138   -0.2904    0.5881
   -0.7333   -0.2592    0.7740
   -0.5194   -0.3065    0.7107
   -0.7044   -0.1353    0.6316
   -0.6636   -0.2988    0.8608
   -0.6103    0.0811    0.7944
   -0.6757   -0.2046    0.9541
   -0.8106   -0.1302    0.6301
   -0.6991   -0.0163    0.9595
   -0.6496    0.0270    0.6352
   -0.8191    0.0368    1.0058
   -0.6830   -0.2246    0.8641
   -0.7836   -0.0807    0.5114
   -0.7316   -0.2941    0.7046
   -0.8001   -0.1480    0.8660
   -0.7168   -0.3330    0.7512
   -0.8248   -0.1080    0.7041
   -0.7964   -0.4373    1.0411
   -0.8967   -0.4364    0.7284
   -0.9375   -0.1523    0.7526
   -0.8279   -0.3427    1.0207
   -0.8419   -0.2741    0.6611
   -0.9506   -0.4432    0.8073
   -1.0041   -0.2299    0.8655
   -0.8920   -0.3053    0.5969
   -0.9317   -0.2311    1.0393
   -0.8658   -0.2119    0.7460
   -0.9565   -0.3764    0.9071
   -0.8563   -0.4475    0.6766
   -0.9040   -0.0352    0.8128
   -0.8337   -0.3781    0.7896
   -0.9002   -0.2424    0.9469
   -0.8365    0.0190    0.7337
   -0.9150   -0.2682    0.5906
   -0.9258   -0.1367    0.8607
   -0.8599   -0.0122    0.6095
   -1.0809   -0.3722    0.5440
   -0.8397   -0.0032    0.6088
   -0.8763   -0.2680    0.8317
   -0.9926   -0.1417    0.5032
   -0.9184    0.1392    0.7303
   -1.0024   -0.4397    0.7658
   -0.9128    0.0399    0.6948
   -0.8964   -0.2246    0.7283
   -0.9136   -0.2316    0.4695
   -1.0077   -0.2572    0.8608
   -0.9258   -0.2847    0.3945
   -0.9821   -0.1026    0.9608
   -0.8762   -0.3607    0.4932
   -0.8569   -0.3676    0.9154
   -0.9669   -0.4512    0.5017
   -0.9458   -0.0934    0.6957
   -0.8602   -0.3627    0.6989
   -0.9636   -0.0976    0.6780
   -0.9278   -0.4469    0.7962
   -1.0233   -0.2625    0.7933
   -0.9144   -0.2119    0.5907
   -1.0137   -0.1845    0.8706
   -1.0554   -0.1768    0.5605
   -1.0424   -0.4270    0.7818
   -0.9497   -0.3189    0.5449
   -1.0019   -0.1584    0.7605
   -0.9858   -0.3549    0.6155
   -0.8727   -0.3338    0.7872
   -0.9576   -0.1829    0.5835
   -0.8460   -0.3734    0.9428
   -0.9430   -0.1826    0.6842
   -0.9025   -0.5112    0.6947
   -0.8171   -0.1517    0.7873
   -0.7820   -0.3876    0.6564
   -0.8283   -0.1918    0.6997
   -0.9379   -0.5023    0.6041
   -0.9346   -0.2100    0.6026
   -0.8419   -0.2996    0.6752
   -0.8135   -0.4336    0.8862
   -0.8994   -0.3259    0.5645
   -0.8757   -0.2241    0.8080
   -0.7761   -0.1266    0.4757
   -0.8638   -0.4551    0.6219
   -0.7942   -0.0625    0.5663
   -0.7846   -0.3957    0.5523
   -0.8795   -0.4442    0.7683
   -0.7827   -0.1543    0.6333
   -0.8632   -0.2256    0.9226
   -0.7952   -0.4699    0.6969
   -0.7979   -0.3278    0.4598
   -0.9256   -0.4322    0.7822
   -0.8711   -0.2954    0.6079
   -0.9464   -0.3308    0.9258
   -0.8445   -0.1851    0.6727
   -0.7909   -0.3200    0.7845
   -0.8606   -0.1915    0.6349
   -0.7714   -0.2196    0.8575
   -0.7996   -0.5119    0.6971
   -0.7055   -0.2025    0.6629
   -0.7057   -0.4136    0.7187
   -0.7539   -0.2174    0.7080
   -0.8485   -0.4050    0.7361
   -0.9005   -0.1656    0.6939
   -0.8338   -0.4053    0.6877
   -0.8918   -0.1695    0.8627
   -0.7796   -0.5033    0.7258
   -0.7305   -0.3826    0.9326
   -0.8022   -0.3745    0.6392
   -0.7133   -0.2375    0.7544
   -0.8623   -0.2542    0.6480
   -0.8199   -0.3903    0.8460
   -0.7564   -0.1980    0.6616
   -0.7641   -0.3582    0.7636
   -0.8787   -0.0692    0.7652
   -0.8811   -0.4596    0.8315
   -0.8028   -0.2179    0.6055
   -0.8969   -0.2224    0.9039
   -0.7940   -0.4776    0.7851
   -0.8902   -0.0047    0.8017
   -0.7913   -0.5407    0.7877
   -0.8087   -0.0555    0.7058
   -0.7133   -0.4875    0.5388
   -0.7920   -0.2456    0.8302
   -0.7692   -0.2805    0.6707
   -0.6579   -0.4196    0.6752
   -0.6792   -0.1260    0.6393
   -0.7852   -0.4901    0.7789
   -0.6783   -0.1530    0.7857
   -0.7913   -0.5069    0.6546
   -0.8334   -0.0794    0.5722
   -0.8499   -0.2817    0.8650
   -0.7970   -0.2966    0.5292
   -0.9032   -0.4630    0.6140
   -0.8047   -0.2097    0.9303
   -0.8659   -0.2893    0.5244
   -0.8018   -0.4337    0.8552
   -0.8211   -0.1630    0.6443
   -0.9193   -0.2526    0.9411
   -0.8669   -0.1762    0.4940
   -0.9661   -0.4792    0.9610
   -0.9825   -0.0550    0.8164
   -0.8682   -0.4481    0.8792
   -0.9820   -0.4960    0.7482
   -0.9325   -0.1736    0.8377
   -1.0072   -0.2395    0.6540
   -0.8957   -0.1170    0.9147
   -0.9155   -0.3155    0.5823
   -0.8014   -0.4510    0.7690
   -0.8405   -0.1288    0.5685
   -0.7353   -0.5684    0.8972
   -0.8127   -0.3886    0.4384
   -0.7167   -0.1524    0.8613
   -0.7872    0.0477    0.7532
   -0.8505   -0.3375    0.8495
   -0.6451   -0.3133    0.5447
   -0.7668   -0.2615    0.8826
   -0.5872   -0.4862    0.5859
   -0.5471   -0.4127    0.7344
   -0.5575   -0.1740    0.6572
   -0.6565   -0.0102    0.9001
   -0.6242   -0.4591    0.6881
   -0.7008   -0.1839    0.9645
   -0.6724   -0.5281    0.7927
   -0.7523   -0.1257    0.5947
   -0.7252   -0.3769    0.9583
   -0.6282   -0.3372    0.6097
   -0.6856   -0.4290    0.9292
   -0.5905   -0.1075    0.6204
   -0.5702   -0.4316    0.6155
   -0.7872   -0.3192    0.7310
   -0.5814   -0.0520    0.7791
   -0.6112   -0.5436    0.6701
   -0.6176   -0.1673    0.9322
   -0.5182   -0.4355    0.6688
   -0.4866   -0.1505    0.6371
   -0.7882   -0.3731    0.7251
   -0.4782   -0.3502    0.7368
   -0.7826   -0.1943    0.7584
   -0.4323   -0.3485    0.7037
   -0.7226   -0.1186    0.7972
   -0.3859   -0.1369    0.7735
   -0.6075   -0.3836    0.7997
   -0.5037   -0.1916    0.8873
   -0.5344   -0.5506    0.8035
   -0.6285   -0.1955    0.8995
   -0.4212   -0.4622    0.8319
   -0.6782   -0.4720    0.8604
   -0.4380   -0.1036    0.7781
   -0.4951   -0.2829    0.7065
   -0.6909   -0.2745    0.9028
   -0.4932   -0.1773    0.7488
   -0.5845   -0.3591    0.7612
   -0.4515   -0.2602    0.8700
   -0.6678   -0.2534    0.8783
   -0.7578   -0.4347    0.7871
   -0.6560   -0.1791    0.8244
   -0.5086   -0.5261    0.9252
   -0.4567   -0.1287    0.8918
   -0.4587   -0.3188    0.8334
   -0.4285   -0.1202    0.8747
   -0.6975   -0.2248    0.9860
   -0.4730   -0.3072    0.8431
   -0.6359   -0.1586    1.0114
   -0.6548   -0.5041    0.8624
   -0.3543   -0.2228    0.9619
   -0.5805   -0.3890    1.0949
   -0.5072   -0.1958    0.9120
   -0.7178   -0.3020    1.0176
   -0.5124   -0.3539    1.0494
   -0.7291   -0.3044    1.0224
   -0.6572   -0.1966    0.9701
   -0.5863   -0.4715    0.9698
   -0.3666   -0.1494    0.8713
   -0.5133   -0.3006    0.8573
   -0.3939   -0.4423    0.9335
   -0.6502   -0.1384    0.9394
   -0.3614   -0.3416    0.9973
   -0.4716   -0.2084    1.0130
   -0.6948   -0.2695    0.9412
   -0.5433   -0.4485    1.0191
   -0.3450   -0.2516    0.9764
   -0.6172   -0.4569    0.9898
   -0.5796   -0.1918    1.0775
   -0.5972   -0.4051    0.9904
   -0.3921   -0.3616    0.9974
   -0.5799   -0.2604    0.8876
   -0.4759   -0.3275    0.9171
   -0.5795   -0.0939    0.8265
   -0.4843   -0.5179    0.8011
   -0.5269   -0.1930    0.7948
   -0.4981   -0.4123    0.8868
   -0.5416   -0.2563    0.9262
   -0.4934   -0.1341    0.8465
   -0.5327   -0.4765    0.9155
   -0.5660   -0.2013    0.8497
   -0.4085   -0.2777    0.8993
   -0.5547   -0.3992    0.8337
   -0.5009   -0.1968    1.1204
   -0.6149   -0.3043    0.8247
   -0.4395   -0.0935    0.9175
   -0.6159   -0.5474    0.8077
   -0.4747   -0.1236    0.7738
   -0.6059   -0.3500    0.8623
   -0.4918   -0.2191    0.7478
   -0.5236   -0.4088    0.8121
   -0.3566   -0.2032    0.7064
   -0.4010   -0.4711    0.7431
   -0.6112   -0.3869    0.6344
   -0.5390    0.0005    0.7325
   -0.3628   -0.3556    0.7472
   -0.5666   -0.1446    0.6548
   -0.4357   -0.2538    0.8953
   -0.5020   -0.3066    0.6563
   -0.4933   -0.2851    0.7679
   -0.5558   -0.1777    0.7552
   -0.3966   -0.4298    0.6621
   -0.4135   -0.2001    0.7540
   -0.4966   -0.3474    0.7933
   -0.3715   -0.4933    0.7026
   -0.4847   -0.2011    0.7989
   -0.4317   -0.3640    0.8048
   -0.3942   -0.1535    0.7682
   -0.4603   -0.4004    0.6832
   -0.4405   -0.0188    0.7894
   -0.3526   -0.2109    0.8108
   -0.4541   -0.2564    0.7759
   -0.4821   -0.4508    0.6677
   -0.3977   -0.1526    0.7158
   -0.4586   -0.4291    0.8198
   -0.3942   -0.2317    0.8135
   -0.5066   -0.3893    0.9269
   -0.5008   -0.1889    0.8241
   -0.4509   -0.5210    0.8982
   -0.3700   -0.2630    0.8782
   -0.3606   -0.1057    0.7651
   -0.3575   -0.3895    0.8620
   -0.4355   -0.1373    0.8423
   -0.3663   -0.3399    0.7223
   -0.4767   -0.2830    0.7428
   -0.4055   -0.3686    0.8902
   -0.3922   -0.2251    0.7276
   -0.4933   -0.0905    0.7416
   -0.5049   -0.4015    0.6730
   -0.4225   -0.1241    0.7234
   -0.4655   -0.3832    0.7458
   -0.3692   -0.2014    0.6190
   -0.4414   -0.2660    0.7771
   -0.4869   -0.4677    0.6748
   -0.4566   -0.2350    0.6814
   -0.4287   -0.4712    0.8180
   -0.5307   -0.2174    0.6995
   -0.4303   -0.3951    0.7632
   -0.3699   -0.1753    0.8100
   -0.3217   -0.4040    0.6524
   -0.3443   -0.2575    0.9317
   -0.2776   -0.2423    0.6847
   -0.2442   -0.3474    0.8761
   -0.3480   -0.2646    0.7943
   -0.2405   -0.5168    0.7092
   -0.2833   -0.1787    0.8003
   -0.1697   -0.2729    0.6664
   -0.2526   -0.2845    0.9424
   -0.2139   -0.2027    0.6204
   -0.2249   -0.2858    0.8415
   -0.3295   -0.3652    0.5650
   -0.3684   -0.3556    0.8106
   -0.3626   -0.4007    0.5819
   -0.2570   -0.3313    0.8146
   -0.2230   -0.2242    0.5456
   -0.2825   -0.3039    0.7188
   -0.2140   -0.4809    0.7075
   -0.2718   -0.3177    0.5294
   -0.1898   -0.4177    0.8399
   -0.2132   -0.2877    0.5916
   -0.3202   -0.2864    0.8195
   -0.2332   -0.2086    0.5659
   -0.2574   -0.3607    0.8354
   -0.2212   -0.1861    0.6248
   -0.1165   -0.3014    0.8278
   -0.1044   -0.1610    0.7179
   -0.1177   -0.3759    0.7233
   -0.1966   -0.1545    0.7209
   -0.1296   -0.3530    0.6280
   -0.1167   -0.2845    0.7751
   -0.0903   -0.2316    0.7976
    0.0238   -0.3270    0.6348
   -0.0749   -0.2626    0.8868
    0.0296   -0.3512    0.8385
   -0.0407   -0.2677    0.6992
    0.0612   -0.3747    0.7969
    0.0082   -0.2862    0.5135
   -0.0840   -0.3709    0.7030
    0.0156   -0.2592    0.7453
   -0.0535   -0.3353    0.8371
   -0.0210   -0.2838    0.6323
   -0.1088   -0.3096    0.8952
   -0.1198   -0.3305    0.6504
   -0.0503   -0.3448    0.8380
   -0.1420   -0.2823    0.7045
   -0.0548   -0.3307    0.6237
   -0.0345   -0.4318    0.8381
   -0.1284   -0.3596    0.6480
   -0.1665   -0.4754    0.6666
   -0.0766   -0.4244    0.8056
   -0.1269   -0.5211    0.6784
   -0.1231   -0.5490    0.8245
   -0.0339   -0.4453    0.6468
   -0.1296   -0.4186    0.8610
   -0.0384   -0.4783    0.6636
   -0.0858   -0.3782    0.7759
   -0.0232   -0.4609    0.6099
   -0.0965   -0.4533    0.7737
    0.0022   -0.3482    0.7302
    0.0378   -0.4645    0.7611
   -0.0688   -0.4315    0.7013
   -0.0773   -0.5095    0.6189
    0.0308   -0.4722    0.8767
    0.0714   -0.5502    0.6198
    0.0122   -0.4500    0.7928
    0.0943   -0.4955    0.6972
    0.1063   -0.3998    0.5662
    0.0215   -0.4657    0.7500
    0.1241   -0.4092    0.7790
    0.1519   -0.4729    0.6577
    0.0881   -0.4131    0.7193
    0.0576   -0.5199    0.7844
    0.1614   -0.5500    0.6753
    0.1853   -0.4479    0.8267
    0.0847   -0.5199    0.6830
    0.1610   -0.4151    0.5849
    0.0462   -0.4613    0.7376
    0.1093   -0.3759    0.8787
    0.1192   -0.3834    0.6278
    0.0512   -0.4987    0.7661
    0.1629   -0.4843    0.5337
    0.1465   -0.5129    0.7273
    0.2420   -0.6135    0.8301
    0.1364   -0.6301    0.6457
    0.2060   -0.5512    0.8874
    0.1985   -0.6518    0.7358
    0.1093   -0.6349    0.6382
    0.0624   -0.5216    0.8043
    0.1603   -0.5647    0.6155
    0.1054   -0.4337    0.7183
    0.2000   -0.4462    0.9340
    0.1738   -0.5331    0.5795
    0.1911   -0.4742    0.7259
    0.3092   -0.5866    0.7992
    0.1917   -0.4229    0.4392
    0.2873   -0.5283    0.7978
    0.1740   -0.4262    0.6210
    0.1767   -0.5261    0.8546
    0.2000   -0.4887    0.6161
    0.2891   -0.3771    0.7543
    0.2447   -0.4548    0.6773
    0.3370   -0.3696    0.7994
    0.3463   -0.4385    0.6243
    0.2326   -0.3795    0.6923
    0.2145   -0.4635    0.7632

Previous Length = 884
outputting PDB in file /storage/htc/bdm/tosin/GSDB/Structures/WT9059TG/GSM455133_30E0LAAXX.1/VC_100kb/InfMod3DGen/chr14.pdb
    45.25%    90.50%   100.00%
    done! closing file...
New Length = 884
spearman correlation = 0.376412
