 MATLAB Evaluation Started............
Processing file /storage/htc/bdm/tosin/GSDB/Data/WT9059TG/Cheng_Prop_WT/GSM455133_30E0LAAXX.1/VC_1mb/chr5_list.txt..............
INFO: License(s) matlab:1
Currently Loaded Modulefiles:
  1) matlab/matlab-R2018a

                            < M A T L A B (R) >
                  Copyright 1984-2018 The MathWorks, Inc.
                   R2018a (9.4.0.813654) 64-bit (glnxa64)
                             February 23, 2018

 
To get started, type one of these: helpwin, helpdesk, or demo.
For product information, visit www.mathworks.com.
 
InfMod3DGen Execution Completed........

n =

     1


m =

   179


p =

     3


XYZ =

   1.0e+03 *

   -0.2850    0.4350    0.2850
   -0.5859    0.8726    0.5472
   -0.1612    0.8016    0.1297
   -0.4584    0.9767    0.5837
    0.2105    0.4462    0.5364
    0.6643    0.5865    0.5859
    0.2763    0.3845    0.8412
    0.6205    0.8398    0.7376
    0.1620    0.8888    0.7620
    0.4307    1.0811    0.8456
    0.2091    0.9234    0.6871
    0.4960    0.8823    0.8509
    0.0445    0.6176    0.7298
    0.3239    0.4961    0.9929
   -0.1354    0.4554    0.9142
    0.1910    0.8015    0.6792
    0.0342    0.6154    0.8034
    0.3233    0.8176    0.8136
    0.4427    0.8937    0.6944
    0.0396    0.8656    0.7359
   -0.0665    1.0692    0.8194
    0.2505    0.7805    0.7303
    0.3828    0.9832    0.8615
    0.4141    0.7581    0.7575
    0.1030    0.8945    0.7412
    0.4618    0.9971    0.7774
    0.2122    0.6545    0.6270
    0.2893    0.6367    0.8465
    0.6591    0.8434    0.7775
    0.7863    0.5511    0.7774
    1.1049    0.6217    0.7625
    0.6731    0.1753    0.7679
    1.0085    0.6137    0.7680
    1.0543    0.5933    0.7557
    0.9461    0.2189    0.8102
    0.6706    0.3878    0.7291
    0.7384    0.0803    0.7865
    1.0141    0.3952    0.7386
    0.7376    0.0651    0.7462
    0.3566    0.4316    0.7177
    0.8362    0.0013    0.7696
    0.4249    0.4582    0.7315
    0.7576    0.6691    0.7875
    0.3314    0.4525    0.7629
    0.6808    0.5569    0.7388
    0.4694    0.2500    0.7702
    0.0776    0.6454    0.7992
    0.1107    0.4094    0.6078
    0.3418    0.1604    0.9406
    0.2766   -0.1213    0.7438
   -0.1237   -0.1814    0.7810
   -0.1787   -0.6306    0.7396
    0.2669   -0.6367    0.7564
    0.1590   -0.2209    0.7295
   -0.2493   -0.0346    0.8333
   -0.2709   -0.2485    0.6371
   -0.6655    0.1952    0.7512
   -0.4655   -0.2473    0.8060
   -0.5631    0.1161    0.4420
   -1.0167   -0.2538    0.6911
   -0.7127   -0.0056    0.5085
   -0.6815   -0.2910    0.8121
   -1.0382   -0.0169    0.4608
   -0.9755   -0.0834    0.7970
   -1.4039    0.3519    0.7522
   -1.2626    0.1593    0.7888
   -1.5413    0.1650    0.7090
   -1.1803    0.3609    0.8229
   -1.4109    0.7179    0.6947
   -1.5101    0.8596    0.7675
   -1.3268    1.0880    0.7443
   -1.6710    0.8089    0.7280
   -1.7000    1.0407    0.8042
   -1.8372    0.8189    0.7732
   -1.9249    0.8434    0.6375
   -1.9713    0.4839    0.8045
   -1.6525    0.5933    0.7292
   -1.9632    0.3827    0.7622
   -2.0132    0.6010    0.7496
   -1.9581    0.1968    0.7555
   -1.7065    0.2964    0.7637
   -1.8769   -0.0114    0.8197
   -2.2947    0.4235    0.9727
   -2.1523    0.3257    0.7262
   -2.3297    0.7834    0.8293
   -2.3156    0.4551    0.8219
   -2.0832    0.7241    0.7525
   -2.3213    1.0483    0.7303
   -1.9153    0.9839    0.7801
   -2.3320    1.0387    0.7247
   -2.0626    0.7732    0.8147
   -2.4738    0.8754    0.6878
   -2.2884    0.9943    0.9441
   -2.0107    1.0581    0.9261
   -2.2295    0.5962    1.0883
   -2.2295    0.5828    1.5072
   -2.1565    0.8110    1.7461
   -1.9925    0.7120    1.3854
   -2.1263    1.1188    1.0722
   -2.1330    0.7481    1.5403
   -1.9977    0.7485    1.5211
   -2.1343    1.0194    1.0670
   -2.5690    0.8838    0.7991
   -2.2076    1.0677    1.0969
   -2.5903    1.0418    0.9592
   -2.1260    1.0958    1.1588
   -2.1567    1.0539    1.5249
   -2.5835    1.0111    1.1579
   -2.5059    1.0543    1.5095
   -2.9480    1.0384    1.3774
   -2.8533    1.0706    1.6124
   -3.1415    1.0312    1.1405
   -2.6698    1.1490    0.8788
   -2.9046    0.8015    0.8720
   -2.8613    1.0775    1.3012
   -3.3085    1.0436    0.9978
   -3.2098    1.1204    1.4420
   -3.4144    1.0424    1.1601
   -3.1308    1.1529    1.3361
   -2.9992    1.1135    0.9722
   -3.2463    1.5951    0.7537
   -3.7069    1.6358    1.1574
   -3.4445    1.2801    1.0703
   -3.6206    1.7501    0.7340
   -3.2344    1.8463    0.7808
   -3.5897    1.6487    0.7479
   -3.8418    1.7081    0.7909
   -3.7685    1.9133    0.7670
   -4.0577    1.8411    0.7581
   -3.6922    2.3118    0.7911
   -3.9459    2.2176    0.7074
   -3.5259    2.6199    0.7686
   -3.8349    2.6826    0.7513
   -3.7346    2.4081    0.3764
   -4.0980    2.5069    0.1068
   -3.8826    2.3376    0.3870
   -3.7498    2.5796   -0.0729
   -4.1863    2.3098   -0.0524
   -3.9336    2.2484    0.3102
   -3.7885    2.7098    0.1810
   -4.0547    2.2977    0.4047
   -3.7195    2.3969   -0.0171
   -3.8746    2.0168   -0.0126
   -4.0645    2.1848   -0.1909
   -3.6650    2.0468    0.2538
   -3.7235    2.5009   -0.0685
   -3.4565    2.3607    0.1957
   -3.3269    1.9237   -0.1172
   -3.6602    2.0352    0.2616
   -3.6136    2.3716    0.3781
   -4.0913    2.4395    0.1529
   -3.6649    1.9580    0.1279
   -3.7152    1.9321    0.4574
   -3.8331    2.2713    0.2884
   -4.2916    2.0559    0.5857
   -4.3092    1.6751    0.3302
   -4.0879    1.4703    0.6386
   -4.4087    1.8977    0.4851
   -4.0823    1.5408    0.1939
   -4.5040    1.7414    0.3158
   -4.4730    1.5421    0.5618
   -4.3750    1.8110    0.5920
   -3.9292    1.6176    0.7820
   -4.2544    1.2148    0.6943
   -4.2876    1.3373    0.8289
   -3.9580    1.0878    0.7296
   -4.0137    1.4650    0.7318
   -4.3255    1.3904    0.7474
   -4.1484    1.7862    0.7262
   -4.4193    1.3832    0.7694
   -4.1726    1.3695    0.8620
   -4.2929    1.6174    0.7411
   -3.9960    1.6324    1.2192
   -4.1830    1.2204    0.8098
   -4.6229    1.1570    0.7755
   -4.7121    1.4821    0.8605
   -4.3814    1.7697    1.3246
   -4.5860    1.3798    1.4550
   -5.0059    1.5467    1.4752

Previous Length = 179
outputting PDB in file /storage/htc/bdm/tosin/GSDB/Structures/WT9059TG/GSM455133_30E0LAAXX.1/VC_1mb/InfMod3DGen/chr5.pdb
   100.00%
    done! closing file...
New Length = 179
spearman correlation = 0.602331
