 MATLAB Evaluation Started............
Processing file /storage/htc/bdm/tosin/GSDB/Data/WT9059TG/Cheng_Prop_WT/GSM455133_30E0LAAXX.1/VC_1mb/chr11_list.txt..............
INFO: License(s) matlab:1
Currently Loaded Modulefiles:
  1) matlab/matlab-R2018a

                            < M A T L A B (R) >
                  Copyright 1984-2018 The MathWorks, Inc.
                   R2018a (9.4.0.813654) 64-bit (glnxa64)
                             February 23, 2018

 
To get started, type one of these: helpwin, helpdesk, or demo.
For product information, visit www.mathworks.com.
 
InfMod3DGen Execution Completed........

n =

     1


m =

   133


p =

     3


XYZ =

   1.0e+03 *

   -0.2850    0.4350    0.2850
   -0.5399    0.6949    0.4927
   -0.0549    0.7062    0.0165
   -0.3844    0.7862    0.5373
    0.3374    0.4967    0.5737
    0.8579    0.6348    0.6671
    0.4176    0.4214    1.1540
    0.8045    0.7998    1.1302
    0.2782    0.7378    1.2750
    0.5730    0.6857    1.0790
    0.3357    0.8117    1.2925
    0.6527    0.7172    1.1807
    0.1349    0.7057    1.1789
    0.4428    0.5575    1.2858
   -0.0695    0.4928    1.1778
    0.2956    0.8461    1.2300
    0.1374    0.6880    1.1836
    0.4570    0.6424    1.2661
    0.6027    0.7711    1.1576
    0.1439    0.6588    1.1132
    0.0145    0.7819    1.2734
    0.3682    0.6974    1.2272
    0.5295    0.8612    1.1165
    0.5678    0.6943    1.3152
    0.2213    0.6645    1.2001
    0.6260    0.6636    1.2840
    0.3544    0.7357    1.2262
    0.4484    0.5731    1.1720
    0.8666    0.8192    1.2333
    1.0547    0.6096    1.2408
    1.4103    0.6627    1.2387
    0.9166    0.1512    1.1887
    1.2928    0.6529    1.2817
    1.3486    0.6281    0.8592
    1.2166    0.2043    1.2477
    0.9136    0.3775    0.8267
    0.9963    0.0353    1.1016
    1.2996    0.3865    0.9115
    0.9623    0.0168    1.2495
    0.5306    0.4309    1.2205
    1.0827   -0.0610    1.2611
    0.6139    0.4634    0.8296
    0.9867    0.6725    1.2784
    0.4999    0.4893    0.9338
    0.8931    0.5837    1.3116
    0.6352    0.2423    0.9793
    0.1903    0.6916    1.0439
    0.2307    0.2838    1.1351
    0.4796    0.2830    1.2988
    0.4000   -0.2106    1.1300
   -0.0553   -0.3168    0.9193
   -0.1223   -0.8318    1.2726
    0.3882   -0.8392    1.3029
    0.1066   -0.3650    1.1310
   -0.2085   -0.1379    1.1916
   -0.2678   -0.3657    0.7145
   -0.7161    0.1425    1.2342
   -0.5052   -0.3642    1.0193
   -0.6242    0.0461    0.4765
   -1.1445   -0.3722    0.7474
   -0.8067   -0.1025    0.5576
   -0.7686   -0.4175    0.9059
   -1.1707   -0.1162    0.4994
   -1.1273   -0.1643    0.8765
   -1.5058    0.3337    1.1000
   -1.3845    0.1317    0.9068
   -1.5595    0.1386    0.9156
   -1.3770    0.3775    1.1825
   -1.4004    0.7801    1.0171
   -1.4404    0.5869    1.3248
   -1.4927    0.8451    1.1134
   -1.4866    0.5070    1.2458
   -1.4410    0.7891    1.1634
   -1.6782    0.6902    0.9427
   -1.5653    0.8071    1.2979
   -1.7719    0.5277    1.1700
   -1.4340    0.6281    1.2088
   -1.5791    0.4041    1.2557
   -1.7718    0.6375    1.2109
   -1.8473    0.1774    1.2561
   -2.1442    0.2659    1.1935
   -2.3602   -0.0766    1.2275
   -2.8617    0.4210    1.2941
   -2.7209    0.3347    1.1442
   -2.9043    0.8390    1.2331
   -2.8872    0.4925    1.1792
   -2.6366    0.7876    1.2565
   -2.8941    0.7091    1.1758
   -2.4319    0.7981    1.2269
   -2.9071    0.7641    1.2254
   -2.6115    0.7845    1.2187
   -3.0802    0.6271    1.1990
   -2.8540    0.7924    1.2172
   -2.3872    0.7120    1.2253
   -2.7821    0.6645    1.4231
   -2.7821    0.6483    1.9011
   -2.6930    0.7286    2.1924
   -2.2954    0.7698    1.7855
   -2.6562    0.7591    1.4035
   -2.6644    0.7539    1.9414
   -2.3420    0.7603    1.9180
   -2.6989    0.7848    1.3971
   -3.1963    0.7243    1.1543
   -2.7884    0.7027    1.4006
   -3.2222    0.8321    1.2657
   -2.6888    0.9528    1.5091
   -2.7263    0.8980    1.9227
   -3.2139    0.6997    1.5080
   -3.1523    0.8693    1.9039
   -3.6585    0.6556    1.7757
   -3.5759    0.9148    2.0294
   -3.8945    0.8594    1.4867
   -3.3522    0.7426    1.2005
   -3.6056    0.7860    1.1592
   -3.5857    0.7950    1.6499
   -4.0982    0.9038    1.3127
   -4.0108    0.7926    1.8216
   -4.2274    1.3341    1.5106
   -3.9145    1.4689    1.6924
   -3.7539    1.4539    1.2815
   -4.0554    2.0083    1.1799
   -4.5842    2.0579    1.4744
   -4.2971    1.6570    1.3682
   -4.4789    2.1974    1.1767
   -4.0408    2.3147    1.2444
   -4.4413    2.1066    1.1729
   -4.7488    2.2091    1.3380
   -4.6923    2.2464    1.1218
   -5.0121    2.3413    0.9316
   -4.5992    2.8825    1.2682
   -4.8758    2.8006    0.8003
   -4.3965    3.2583    1.2078
   -4.7404    3.3348    0.6708

Previous Length = 133
outputting PDB in file /storage/htc/bdm/tosin/GSDB/Structures/WT9059TG/GSM455133_30E0LAAXX.1/VC_1mb/InfMod3DGen/chr11.pdb
   100.00%
    done! closing file...
New Length = 133
spearman correlation = 0.536874
