 MATLAB Evaluation Started............
Processing file /storage/htc/bdm/tosin/GSDB/Data/WT9059TG/Cheng_Prop_WT/GSM455133_30E0LAAXX.1/VC_1mb/chr9_list.txt..............
INFO: License(s) matlab:1
Currently Loaded Modulefiles:
  1) matlab/matlab-R2018a

                            < M A T L A B (R) >
                  Copyright 1984-2018 The MathWorks, Inc.
                   R2018a (9.4.0.813654) 64-bit (glnxa64)
                             February 23, 2018

 
To get started, type one of these: helpwin, helpdesk, or demo.
For product information, visit www.mathworks.com.
 
InfMod3DGen Execution Completed........

n =

     1


m =

   124


p =

     3


XYZ =

   1.0e+03 *

   -0.7650    0.3960    0.7650
   -0.8774    0.3759    0.8260
   -0.3628    0.4117    0.3210
   -0.7081    0.3900    0.8745
   -0.1031    0.3700    1.0946
    0.4652    0.5161    1.1945
    0.0293    0.3421    1.1832
    0.4371    0.3154    1.2276
   -0.1225    0.4824    1.3224
    0.1852    0.3077    1.0959
   -0.0599    0.4509    1.3398
    0.2719    0.3169    1.1491
   -0.2785    0.5046    1.2304
    0.0434    0.2472    1.2555
   -0.5173    0.4392    1.1570
   -0.1330    0.4626    1.4028
   -0.2921    0.2586    1.0699
    0.0426    0.4892    1.3913
    0.2011    0.3321    1.0547
   -0.2850    0.4686    1.3613
   -0.4258    0.3278    1.1026
   -0.0541    0.4718    1.3929
    0.1215    0.2946    1.0570
    0.1631    0.4558    1.4077
   -0.2008    0.2374    1.1969
    0.2265    0.5122    1.1766
   -0.0559    0.2475    1.3620
    0.0465    0.5300    1.1472
    0.4883    0.1972    1.2270
    0.7063    0.5303    1.2919
    1.0801    0.2748    1.2197
    0.5560    0.4274    1.2349
    0.9522    0.3452    1.3374
    1.0129    0.3452    1.0419
    0.8693    0.4672    1.4065
    0.5528    0.3274    1.0455
    0.6427    0.4573    1.4005
    0.9596    0.4002    1.1858
    0.5925    0.3771    1.2474
    0.1359    0.2925    1.3142
    0.7235    0.3824    1.2007
    0.2265    0.3159    1.3067
    0.6190    0.3888    1.1849
    0.1025    0.2974    1.3061
    0.5172    0.4739    1.1434
    0.2365    0.2565    1.2837
   -0.2345    0.4083    1.3600
   -0.1905    0.2811    0.8554
    0.0671    0.7496    2.0641
   -0.1695   -0.2244    0.0047
   -0.5017    0.0967    1.3353
   -0.5747   -0.4505    1.2255
   -0.0324   -0.4586    1.2340
   -0.1755    0.0443    1.2807
   -0.6685    0.2915    1.2944
   -0.7763    0.0568    1.2325
   -1.2209    0.5187    1.2388
   -1.0046    0.0584    1.3439
   -1.0471    0.4917    0.9734
   -1.2552    0.0497    1.2550
   -1.0958    0.3301    1.0617
   -1.2314    0.0004    1.3705
   -1.3167    0.3151    0.9983
   -1.0277    0.2760    1.3955
   -1.2742    0.4567    1.1167
   -1.0789    0.3191    1.4238
   -1.2317    0.3746    1.0463
   -1.1645    0.3947    1.4286
   -1.3256    0.4655    1.1065
   -1.1933    0.2858    1.3872
   -1.3950    0.5558    1.2119
   -1.1008    0.2275    1.2673
   -1.3805    0.5252    1.3401
   -1.3553    0.2767    1.1268
   -1.3400    0.4881    1.4163
   -1.6356    0.4501    1.1284
   -1.4164    0.4712    1.4364
   -1.5128    0.3517    1.0941
   -1.4736    0.5504    1.4574
   -1.5690    0.3749    1.1251
   -1.8789    0.4580    1.3450
   -2.1245    0.3085    1.2145
   -2.6597    0.4558    1.1717
   -2.5198    0.2701    1.3870
   -2.7061    0.4445    1.0952
   -2.6874    0.4178    1.3944
   -2.4280    0.2758    1.1553
   -2.6949    0.4422    1.2785
   -2.2052    0.4138    1.2368
   -2.7092    0.4077    1.2416
   -2.4006    0.3691    1.2657
   -2.8975    0.4778    1.2336
   -2.6513    0.3165    1.2357
   -2.1565    0.3622    1.2910
   -2.5731    0.4761    1.1373
   -2.5731    0.3444    1.6143
   -2.4761    0.4422    1.9313
   -2.0567    0.3988    1.5016
   -2.4361    0.4368    1.1219
   -2.4450    0.3868    1.6581
   -2.1074    0.4083    1.6326
   -2.4958    0.3888    1.1780
   -3.0238    0.3839    1.2663
   -2.5932    0.3400    1.2255
   -3.0521    0.4508    1.2689
   -2.4849    0.5822    1.2008
   -2.5256    0.5226    1.6378
   -3.0430    0.3820    1.1997
   -2.9892    0.5363    1.6173
   -3.5269    0.3484    1.4910
   -3.4503    0.5408    1.7539
   -3.7838    0.4805    1.1765
   -3.2068    0.5739    1.4441
   -3.4694    0.3016    1.0690
   -3.4610    0.6580    1.4818
   -4.0055    0.5288    1.0562
   -3.9236    0.4210    1.5277
   -4.1461    0.9971    1.2026
   -3.8188    1.1439    1.5011
   -3.6440    1.1407    1.0671
   -3.9721    1.7310    1.3081
   -4.5344    1.7850    1.5099
   -4.2352    1.3619    1.0943
   -4.4198    1.9367    1.4062

Previous Length = 124
outputting PDB in file /storage/htc/bdm/tosin/GSDB/Structures/WT9059TG/GSM455133_30E0LAAXX.1/VC_1mb/InfMod3DGen/chr9.pdb
   100.00%
    done! closing file...
New Length = 124
spearman correlation = 0.461060
