 MATLAB Evaluation Started............
Processing file /storage/htc/bdm/tosin/GSDB/Data/WT9059TG/Cheng_Prop_WT/GSM455133_30E0LAAXX.1/VC_100kb/chr13_list.txt..............
INFO: License(s) matlab:1
Currently Loaded Modulefiles:
  1) matlab/matlab-R2018a
MobaXterm X11 proxy: Authorisation not recognised

                            < M A T L A B (R) >
                  Copyright 1984-2018 The MathWorks, Inc.
                   R2018a (9.4.0.813654) 64-bit (glnxa64)
                             February 23, 2018

 
To get started, type one of these: helpwin, helpdesk, or demo.
For product information, visit www.mathworks.com.
 
InfMod3DGen Execution Completed........

n =

     1


m =

   960


p =

     3


XYZ =

   1.0e+03 *

   -0.4200   -0.4200    0.4200
    0.8285    0.8382   -0.8347
   -0.3725   -0.1437    0.4875
   -0.4861   -0.2587    0.6832
   -0.3286   -0.3492    0.5772
   -0.4480   -0.1857    0.6092
   -0.4471   -0.3921    0.5604
   -0.3500   -0.2142    0.5590
   -0.4924   -0.2940    0.6772
   -0.2604   -0.3776    0.6071
   -0.1788   -0.1600    0.4791
   -0.4749   -0.4768    0.6353
   -0.2802   -0.2887    0.4358
   -0.4005   -0.1162    0.4627
   -0.3060   -0.3777    0.6481
   -0.5088   -0.1183    0.7438
   -0.4258   -0.3791    0.5343
   -0.4336   -0.2830    0.7295
   -0.2914   -0.1645    0.4836
   -0.5000   -0.4076    0.7185
   -0.4120   -0.1406    0.6411
   -0.3612   -0.4066    0.6148
   -0.3640   -0.3170    0.7506
   -0.3200   -0.1305    0.6053
   -0.5888   -0.3582    0.6272
   -0.4114   -0.1905    0.7718
   -0.1423   -0.2468    0.5384
   -0.4630   -0.1267    0.6306
   -0.3978   -0.3396    0.4379
   -0.4494   -0.4194    0.8012
   -0.3174   -0.1321    0.5444
   -0.4375   -0.4916    0.5897
   -0.2638   -0.2084    0.7333
   -0.3105   -0.3226    0.4924
   -0.3278   -0.3676    0.7067
   -0.2279   -0.1306    0.4881
   -0.3461   -0.4888    0.3545
   -0.3169   -0.4594    0.5983
   -0.2502   -0.0832    0.4893
   -0.3082   -0.5045    0.6283
   -0.3454   -0.2254    0.7152
   -0.3393   -0.2333    0.4075
   -0.3580   -0.4515    0.7198
   -0.1562   -0.3302    0.4962
   -0.3703   -0.1395    0.5189
   -0.3592   -0.3566    0.6162
   -0.2179   -0.1163    0.4357
   -0.2996   -0.3941    0.7282
   -0.4246   -0.1250    0.6156
   -0.4110   -0.6141    0.5670
   -0.5411   -0.3387    0.5153
   -0.3639   -0.1917    0.7351
   -0.4366   -0.5916    0.6680
   -0.4539   -0.3120    0.2881
   -0.3033   -0.4592    0.5044
   -0.5137   -0.2084    0.5814
   -0.4599   -0.4014    0.4679
   -0.5239   -0.1003    0.6917
   -0.3565   -0.2971    0.5411
   -0.5342   -0.3623    0.6110
   -0.4075   -0.0886    0.5608
   -0.4175   -0.4493    0.6768
   -0.3216   -0.2194    0.5532
   -0.6326   -0.1910    0.6340
   -0.4042   -0.2623    0.7023
   -0.2946   -0.3711    0.4897
   -0.4952   -0.2022    0.6888
   -0.3264   -0.4259    0.5092
   -0.6453   -0.4557    0.5337
   -0.2142   -0.3550    0.7477
   -0.5209   -0.2429    0.5169
   -0.2490   -0.5311    0.7268
   -0.5777   -0.2814    0.5954
   -0.4238   -0.4065    0.5304
   -0.1817   -0.2946    0.5844
   -0.4321   -0.2111    0.7235
   -0.4830   -0.2056    0.4511
   -0.4128   -0.4674    0.5722
   -0.1831   -0.2914    0.5167
   -0.5787   -0.1491    0.5881
   -0.3010   -0.2502    0.6549
   -0.5191   -0.4855    0.4889
   -0.5422   -0.1788    0.6155
   -0.1474   -0.2605    0.6205
   -0.4908   -0.3252    0.4725
   -0.2845   -0.2518    0.6033
   -0.3943   -0.4367    0.5952
   -0.2495   -0.4118    0.3750
   -0.2535   -0.1518    0.5055
   -0.6082   -0.2671    0.6140
   -0.2590   -0.2758    0.6075
   -0.4659   -0.4094    0.2979
   -0.4272   -0.0476    0.5659
   -0.5086   -0.3022    0.5360
   -0.5677   -0.3132    0.7360
   -0.4717   -0.2313    0.4701
   -0.4601   -0.3778    0.7753
   -0.4425   -0.3636    0.5286
   -0.4012   -0.0645    0.5804
   -0.4323   -0.5198    0.8144
   -0.5027   -0.1898    0.6343
   -0.2645   -0.3324    0.6576
   -0.5891   -0.1201    0.6567
   -0.2883   -0.3743    0.5753
   -0.5355   -0.4533    0.4933
   -0.6592   -0.1975    0.5943
   -0.4211   -0.3547    0.8209
   -0.6214   -0.4807    0.6061
   -0.3991   -0.1184    0.6414
   -0.5478   -0.3961    0.6533
   -0.5777   -0.1515    0.7449
   -0.6448   -0.2757    0.5223
   -0.2993   -0.3442    0.6664
   -0.3129   -0.3823    0.3863
   -0.4380   -0.0822    0.7671
   -0.4706   -0.1559    0.3795
   -0.6318   -0.4148    0.4296
   -0.5295   -0.1564    0.7445
   -0.2021   -0.3547    0.6197
   -0.4271   -0.3370    0.7204
   -0.3196   -0.0559    0.4454
   -0.4084   -0.1123    0.8070
   -0.2584   -0.3103    0.8021
   -0.5926   -0.1690    0.6005
   -0.3387   -0.1536    0.7524
   -0.2966   -0.0143    0.7354
   -0.5740   -0.1517    0.5173
   -0.2203   -0.2329    0.6019
   -0.4856   -0.2204    0.3939
   -0.5441   -0.0251    0.6524
   -0.2127   -0.1601    0.4577
   -0.4634   -0.0297    0.6865
   -0.6179   -0.0197    0.5007
   -0.3049   -0.1296    0.5996
   -0.3840   -0.0478    0.2715
   -0.6286   -0.1409    0.5023
   -0.2443   -0.0362    0.4377
   -0.6172   -0.0974    0.2640
   -0.1777   -0.1552    0.5650
   -0.2955    0.0387    0.4783
   -0.5991    0.1227    0.4932
   -0.5844   -0.0654    0.4466
   -0.2523   -0.1923    0.3483
   -0.6127   -0.0994    0.4188
   -0.3417   -0.1875    0.3460
   -0.6421   -0.0488    0.4384
   -0.4673   -0.0112    0.5467
   -0.3955   -0.2072    0.2326
   -0.1519   -0.1593    0.5452
   -0.3965    0.0025    0.5759
   -0.4580   -0.0586    0.4738
   -0.1317   -0.1147    0.4698
   -0.6257    0.0041    0.5886
   -0.2906    0.1604    0.4655
   -0.4360    0.1349    0.6091
   -0.6249   -0.2290    0.4182
   -0.3224   -0.2798    0.6116
   -0.2988   -0.0674    0.4280
   -0.1805   -0.2085    0.4804
   -0.5571   -0.1704    0.3589
   -0.3691   -0.2383    0.4643
   -0.6504   -0.1593    0.4398
   -0.2550    0.0738    0.6420
   -0.4181   -0.3208    0.4224
   -0.6034    0.1009    0.6107
   -0.5206   -0.3171    0.2469
   -0.2476   -0.2147    0.7234
   -0.5945    0.0614    0.6781
   -0.7011   -0.1633    0.6171
   -0.2585   -0.2938    0.4239
   -0.4410   -0.2960    0.6787
   -0.2383   -0.0193    0.6834
   -0.5237   -0.1639    0.7659
   -0.3647   -0.3198    0.4064
   -0.6541   -0.3300    0.6709
   -0.4074   -0.2120    0.5255
   -0.3664   -0.1629    0.8428
   -0.2672   -0.2943    0.7257
   -0.3824   -0.2016    0.5879
   -0.2660   -0.2932    0.7656
   -0.5028   -0.0666    0.7317
   -0.3600   -0.2148    0.4079
   -0.6703    0.0037    0.6600
   -0.3797   -0.3444    0.8210
   -0.5236   -0.2293    0.4438
   -0.2851   -0.0725    0.7137
   -0.4263   -0.2255    0.7836
   -0.3607   -0.3478    0.8748
   -0.4582   -0.2165    0.5813
   -0.6455   -0.1135    0.6801
   -0.3124   -0.1776    0.4429
   -0.6385   -0.1927    0.6015
   -0.5212   -0.1993    0.7450
   -0.3426   -0.1417    0.3875
   -0.3985   -0.2031    0.7644
   -0.5481   -0.3599    0.6275
   -0.6150   -0.1174    0.5421
   -0.4252   -0.2627    0.8398
   -0.5138   -0.3941    0.5431
   -0.2818   -0.3046    0.8040
   -0.4803   -0.4321    0.5647
   -0.4280   -0.3266    0.3224
   -0.3171   -0.3568    0.6980
   -0.3577   -0.2748    0.4348
   -0.1958   -0.2118    0.7660
   -0.5529   -0.3550    0.6150
   -0.4889   -0.2922    0.8887
   -0.4329   -0.1114    0.8181
   -0.4238   -0.3454    0.6648
   -0.4501   -0.2750    0.9939
   -0.6146   -0.2004    0.9133
   -0.5260   -0.0807    0.6168
   -0.5925   -0.2941    0.9665
   -0.3829   -0.0048    0.6132
   -0.3358   -0.3293    0.7380
   -0.5146    0.0610    0.7144
   -0.2596   -0.2072    0.8646
   -0.5397   -0.1095    0.4790
   -0.2578   -0.3982    0.6134
   -0.3080   -0.1571    0.5832
   -0.2811   -0.3903    0.7873
   -0.4501   -0.2173    0.9749
   -0.2183   -0.2387    0.5239
   -0.4934   -0.3108    0.6441
   -0.4917   -0.0741    0.7406
   -0.3746   -0.3912    0.9781
   -0.3918   -0.3834    0.6544
   -0.5229   -0.2390    0.3947
   -0.5183   -0.3207    0.7710
   -0.2418   -0.0905    0.6633
   -0.3394   -0.3168    0.6346
   -0.6123   -0.2107    0.5403
   -0.3695   -0.3075    0.9365
   -0.6370   -0.0487    0.4870
   -0.3516   -0.1594    0.5007
   -0.7427   -0.3722    0.7502
   -0.3871   -0.2648    0.3992
   -0.5967   -0.3955    0.4752
   -0.4694   -0.0975    0.8824
   -0.7440   -0.1426    0.7256
   -0.5269   -0.1507    0.4611
   -0.3692   -0.0966    0.8009
   -0.2769   -0.3811    0.3854
   -0.3978   -0.2330    0.9020
   -0.4012    0.0059    0.8539
   -0.7171   -0.2000    0.5605
   -0.4207   -0.0246    0.6412
   -0.4626   -0.2892    0.5152
   -0.4932   -0.0136    0.7677
   -0.4094   -0.3684    0.8640
   -0.5317   -0.2767    0.4205
   -0.4464   -0.4541    0.7972
   -0.5902   -0.3857    0.6786
   -0.5757   -0.3649    0.9342
   -0.6589   -0.5100    0.8425
   -0.7065   -0.1595    0.5047
   -0.4989   -0.4591    0.6083
   -0.5161   -0.1390    0.6616
   -0.6583   -0.5501    0.6674
   -0.5572   -0.1813    0.6829
   -0.6252   -0.3763    0.4383
   -0.5147   -0.2713    0.7063
   -0.6514   -0.3465    0.7400
   -0.5499   -0.3718    0.5149
   -0.6795   -0.1715    0.8194
   -0.5479   -0.2687    0.4903
   -0.6857   -0.4192    0.6805
   -0.5639   -0.2160    0.7661
   -0.6031   -0.4353    0.3316
   -0.7338   -0.3393    0.6944
   -0.6574   -0.1298    0.6642
   -0.6919   -0.3711    0.7552
   -0.5518   -0.2210    0.4802
   -0.7010   -0.3969    0.8149
   -0.5556   -0.2761    0.8428
   -0.6019   -0.3351    0.4638
   -0.7232   -0.4070    0.6283
   -0.7220   -0.0199    0.6866
   -0.7891   -0.2719    0.4881
   -0.7210   -0.2188    0.7404
   -0.7645   -0.2679    0.3863
   -0.8957   -0.3187    0.7482
   -0.8847   -0.2272    0.4740
   -0.7740   -0.1128    0.3108
   -0.7574   -0.3253    0.8730
   -0.8807   -0.3592    0.5717
   -0.7920   -0.2136    0.4616
   -0.9062   -0.3708    0.6690
   -0.8237   -0.0789    0.5727
   -0.9606   -0.3145    0.7398
   -0.8497   -0.0934    0.8414
   -0.9831   -0.1908    0.4582
   -0.8765   -0.1701    0.6955
   -1.0081   -0.2760    0.5358
   -0.9570   -0.3608    0.8667
   -1.0824   -0.1021    0.7183
   -1.1019   -0.2942    0.5718
   -0.9701   -0.2035    0.8297
   -1.0937   -0.3902    0.5807
   -0.9596   -0.0712    0.7879
   -1.0695   -0.5207    0.6749
   -0.9275   -0.3368    0.4751
   -1.0285   -0.3461    0.7977
   -1.0389   -0.1417    0.5923
   -0.9361   -0.4545    0.6007
   -1.0621   -0.2290    0.6912
   -1.0780   -0.3803    0.6423
   -0.9848   -0.1949    0.5116
   -1.0923   -0.1593    0.7076
   -1.1005   -0.3962    0.6838
   -0.9847   -0.0893    0.7063
   -1.1146   -0.3559    0.6840
   -1.1341   -0.2225    0.5496
   -0.9977   -0.4820    0.7050
   -1.0596   -0.2474    0.5086
   -0.9437   -0.3764    0.8219
   -1.0376   -0.1940    0.7012
   -0.9131   -0.3846    0.6714
   -0.9855   -0.1356    0.5201
   -0.8739   -0.3675    0.7934
   -0.9595   -0.2703    0.5881
   -0.8366   -0.4539    0.6317
   -0.9240   -0.0884    0.7266
   -0.8447   -0.2775    0.4706
   -0.9608   -0.5445    0.6147
   -0.9444   -0.2434    0.6119
   -0.8096   -0.2931    0.4101
   -0.8160   -0.4989    0.5929
   -0.9348   -0.2663    0.5914
   -0.8266   -0.0514    0.5105
   -0.8352   -0.3900    0.5412
   -0.9447   -0.1615    0.7549
   -0.8172   -0.4129    0.6614
   -0.8592   -0.2779    0.7225
   -0.7302   -0.0959    0.6621
   -0.6773   -0.2993    0.7533
   -0.6661   -0.4403    0.6853
   -0.8066   -0.2207    0.4356
   -0.6926   -0.2075    0.7180
   -0.7577   -0.4879    0.5846
   -0.6190   -0.5969    0.7888
   -0.7384   -0.1993    0.6549
   -0.7235   -0.3623    0.4385
   -0.6097   -0.1506    0.7016
   -0.7121   -0.3590    0.5667
   -0.6684   -0.1050    0.6108
   -0.5451   -0.2794    0.5093
   -0.5370   -0.0452    0.5784
   -0.6538   -0.4344    0.6484
   -0.5314   -0.4306    0.3884
   -0.6176   -0.2346    0.4925
   -0.4755   -0.5207    0.5153
   -0.6168   -0.3061    0.3385
   -0.6132   -0.4271    0.7499
   -0.5098   -0.1266    0.5939
   -0.6336   -0.4424    0.4381
   -0.5312   -0.2066    0.5726
   -0.6307   -0.4431    0.5180
   -0.5219   -0.2081    0.7384
   -0.5393   -0.5238    0.6212
   -0.6511   -0.3486    0.4351
   -0.6605   -0.3977    0.6898
   -0.5616   -0.1372    0.6087
   -0.6503   -0.4186    0.4341
   -0.5075   -0.3591    0.7782
   -0.6139   -0.0870    0.6654
   -0.5331   -0.2100    0.4906
   -0.6434   -0.1890    0.5987
   -0.6228   -0.4511    0.8452
   -0.4879   -0.3023    0.4845
   -0.5008   -0.4395    0.5959
   -0.6202   -0.2331    0.6684
   -0.5326   -0.5529    0.6913
   -0.6569   -0.0619    0.7677
   -0.5207   -0.4096    0.4309
   -0.6533   -0.4197    0.6832
   -0.5212   -0.2734    0.6557
   -0.5151   -0.0914    0.4407
   -0.6393   -0.3545    0.5209
   -0.5482   -0.4552    0.6876
   -0.6806   -0.1699    0.5502
   -0.6805   -0.5011    0.5731
   -0.5573   -0.2207    0.6181
   -0.6859   -0.5264    0.7566
   -0.5514   -0.2306    0.6522
   -0.6581   -0.3972    0.6393
   -0.5436   -0.2076    0.7647
   -0.6444   -0.4271    0.6444
   -0.6633   -0.2085    0.5994
   -0.5681   -0.2955    0.7861
   -0.6729   -0.2682    0.4769
   -0.5837   -0.5235    0.7973
   -0.6920   -0.2596    0.8167
   -0.5537   -0.1564    0.6845
   -0.6264   -0.3776    0.8208
   -0.5139   -0.1544    0.4614
   -0.4968   -0.5355    0.5683
   -0.5920   -0.2931    0.8792
   -0.4701   -0.2774    0.4208
   -0.5927   -0.4485    0.7453
   -0.4933   -0.3518    0.5740
   -0.4929   -0.2809    0.8421
   -0.5085   -0.5982    0.6544
   -0.6472   -0.2839    0.8914
   -0.5394   -0.3527    0.5080
   -0.5542   -0.5409    0.8411
   -0.6954   -0.0752    0.7356
   -0.5893   -0.5658    0.6804
   -0.7195   -0.2454    0.6996
   -0.6474   -0.4955    0.6864
   -0.7777   -0.1396    0.5472
   -0.6419   -0.2943    0.8711
   -0.7487   -0.4372    0.5304
   -0.6539   -0.1864    0.8363
   -0.7013   -0.4623    0.4940
   -0.8237   -0.5529    0.7066
   -0.7835   -0.5351    0.5679
   -0.6485   -0.4311    0.7612
   -0.7339   -0.1245    0.7601
   -0.6078   -0.5126    0.3820
   -0.6913   -0.6032    0.7565
   -0.6009   -0.0656    0.6460
   -0.7294   -0.3862    0.7724
   -0.6087   -0.4253    0.4453
   -0.7377   -0.3683    0.8867
   -0.6689   -0.2255    0.3679
   -0.7816   -0.2805    0.8150
   -0.6812   -0.4856    0.6343
   -0.6760   -0.3923    0.8524
   -0.8165   -0.1370    0.7930
   -0.8142   -0.4596    0.6415
   -0.6891   -0.4734    0.4990
   -0.7692   -0.1878    0.5571
   -0.6613   -0.3540    0.6095
   -0.8118   -0.1149    0.7382
   -0.6757   -0.2618    0.5206
   -0.7383   -0.4357    0.8768
   -0.5964   -0.1629    0.4120
   -0.6912   -0.0039    0.8262
   -0.5605    0.0702    0.5984
   -0.5500   -0.4112    0.4340
   -0.7952   -0.3435    0.7255
   -0.5273   -0.3178    0.9186
   -0.5089   -0.1623    0.6205
   -0.6087   -0.4142    0.7005
   -0.5418   -0.0961    0.7743
   -0.6435   -0.3723    0.6330
   -0.5179   -0.0876    0.6530
   -0.6264   -0.3473    0.7177
   -0.5855   -0.1498    0.5585
   -0.4769   -0.3483    0.7799
   -0.5177   -0.1468    0.5093
   -0.7487   -0.0766    0.7420
   -0.5397   -0.0070    0.6859
   -0.6646   -0.3233    0.5407
   -0.5026   -0.0927    0.7791
   -0.4672   -0.3386    0.7443
   -0.6015   -0.2784    0.4346
   -0.5326   -0.2523    0.8978
   -0.6657   -0.4249    0.6448
   -0.6274   -0.1285    0.8263
   -0.4845   -0.3178    0.5820
   -0.5926   -0.2352    0.8601
   -0.6382   -0.3740    0.6578
   -0.6450   -0.2342    0.4785
   -0.6329   -0.2153    0.7926
   -0.5870   -0.3352    0.5240
   -0.4547   -0.3283    0.8634
   -0.4427   -0.2043    0.4858
   -0.5644   -0.2992    0.9101
   -0.5148   -0.1964    0.7269
   -0.6144   -0.1587    0.6507
   -0.4853   -0.1503    0.3783
   -0.4646   -0.1131    0.8821
   -0.4490   -0.3620    0.5592
   -0.4521   -0.1466    0.6951
   -0.4595   -0.3120    0.9945
   -0.3422   -0.0261    0.6589
   -0.6210   -0.0495    0.6156
   -0.4558   -0.2793    0.5102
   -0.7324   -0.1086    0.5763
   -0.4324   -0.0996    0.5763
   -0.5147   -0.0978    0.7955
   -0.4891   -0.1721    0.5383
   -0.5411   -0.4092    0.7504
   -0.4158   -0.3067    0.5395
   -0.3770   -0.4395    0.8799
   -0.5088   -0.3477    0.6290
   -0.5024   -0.2534    0.3903
   -0.3753   -0.2061    0.7752
   -0.4798   -0.4704    0.4837
   -0.5240   -0.3713    0.8057
   -0.5083   -0.3751    0.4475
   -0.5433   -0.3434    0.8441
   -0.4597   -0.2604    0.5877
   -0.5548   -0.3142    0.8222
   -0.4590   -0.2051    0.5560
   -0.5768   -0.1967    0.6911
   -0.5057   -0.3279    0.8831
   -0.6080   -0.2484    0.5916
   -0.5282   -0.3501    0.7177
   -0.6565   -0.1746    0.9347
   -0.5740   -0.3085    0.5322
   -0.6720   -0.2950    0.8317
   -0.5601   -0.4093    0.6250
   -0.6954   -0.3516    0.4492
   -0.6501   -0.1646    0.7071
   -0.7782   -0.4503    0.6755
   -0.8166   -0.1818    0.6852
   -0.6799   -0.5475    0.7163
   -0.6931   -0.4699    0.4423
   -0.8290   -0.1917    0.5246
   -0.8794   -0.3113    0.7542
   -0.7403   -0.0824    0.5338
   -0.8111   -0.2885    0.7202
   -0.7156   -0.4085    0.5872
   -0.8345   -0.0982    0.6108
   -0.7066   -0.3366    0.5884
   -0.7850   -0.2360    0.6260
   -0.6853   -0.3258    0.8166
   -0.7814   -0.2437    0.4459
   -0.6880   -0.1937    0.8167
   -0.7954   -0.4069    0.6898
   -0.8056   -0.1558    0.7318
   -0.7100   -0.4827    0.4733
   -0.8273   -0.3875    0.8158
   -0.6910   -0.1586    0.5521
   -0.7255   -0.4555    0.8280
   -0.8685   -0.2500    0.4742
   -0.7652   -0.1854    0.7828
   -0.8778   -0.3683    0.6216
   -0.7749   -0.2552    0.8850
   -0.7744   -0.4753    0.6814
   -0.7907   -0.2217    0.6949
   -0.9128   -0.3083    0.5107
   -0.8021   -0.3732    0.7645
   -0.8887   -0.2467    0.5600
   -0.7554   -0.3301    0.4644
   -0.7372   -0.3302    0.7036
   -0.8743   -0.4465    0.6044
   -0.8545   -0.2642    0.9203
   -0.7403   -0.1066    0.6890
   -0.8712   -0.4477    0.6021
   -0.8041   -0.2966    0.8703
   -0.9275   -0.2272    0.6974
   -0.7914   -0.2839    0.5113
   -0.9185   -0.2138    0.7229
   -0.9577   -0.3827    0.5745
   -0.9455   -0.3898    0.8163
   -0.8247   -0.2259    0.8317
   -0.9073   -0.5606    0.5883
   -0.8922   -0.3743    0.6572
   -0.7520   -0.0734    0.6158
   -0.8656   -0.5662    0.6658
   -0.7269   -0.4694    0.4065
   -0.8517   -0.3840    0.4375
   -0.8136   -0.1452    0.7887
   -0.6996   -0.2220    0.4488
   -0.6666   -0.5112    0.8398
   -0.7102   -0.2183    0.8860
   -0.8320   -0.2662    0.4630
   -0.8288   -0.3841    0.7682
   -0.7381   -0.4875    0.9071
   -0.7112   -0.1450    0.7066
   -0.7957   -0.3854    0.7869
   -0.7733   -0.6034    0.5637
   -0.6760   -0.2626    0.5425
   -0.7621   -0.4744    0.8665
   -0.6931   -0.5437    0.7118
   -0.6840   -0.0416    0.6957
   -0.7769   -0.3417    0.6633
   -0.6822   -0.1609    0.4072
   -0.7615   -0.3378    0.4615
   -0.7090   -0.4810    0.7450
   -0.7115   -0.5786    0.4775
   -0.8212   -0.0980    0.7140
   -0.7664   -0.4195    0.4538
   -0.8409   -0.3231    0.8393
   -0.7413   -0.3923    0.6063
   -0.6908   -0.2484    0.9546
   -0.7599   -0.3588    0.6054
   -0.6724   -0.0870    0.6321
   -0.7025   -0.2724    0.5135
   -0.6103   -0.6105    0.6098
   -0.6105   -0.3316    0.4656
   -0.6559   -0.6909    0.7882
   -0.7485   -0.4581    0.6947
   -0.7975   -0.2486    0.6028
   -0.7313   -0.4233    0.9146
   -0.7894   -0.0377    0.6403
   -0.6802   -0.3066    0.9871
   -0.6339   -0.5188    0.5745
   -0.7049   -0.5870    0.8898
   -0.6176   -0.3362    1.0710
   -0.6139   -0.0139    0.8681
   -0.7216   -0.1397    0.9576
   -0.6583   -0.3490    0.9889
   -0.6656   -0.2215    0.7745
   -0.7770   -0.5164    0.6735
   -0.7793   -0.1703    0.9355
   -0.7021   -0.4635    0.9150
   -0.7942   -0.4299    0.5576
   -0.6937   -0.0520    0.4874
   -0.7878   -0.2001    0.7745
   -0.6912   -0.5148    0.4644
   -0.7110   -0.0885    0.7816
   -0.6176   -0.3521    0.9571
   -0.6953   -0.0748    0.5919
   -0.6738   -0.4929    0.7699
   -0.5654   -0.2093    0.5852
   -0.5855   -0.5429    0.9263
   -0.6888   -0.2258    0.5081
   -0.5847   -0.5316    0.6050
   -0.6947   -0.3947    0.4263
   -0.6743   -0.4499    0.7234
   -0.7499   -0.0781    0.9447
   -0.6966   -0.4951    0.6987
   -0.8001   -0.2571    0.4732
   -0.7038   -0.2641    0.8855
   -0.7650   -0.5038    0.5054
   -0.7011   -0.3259    0.3752
   -0.7052   -0.3621    0.8096
   -0.8012   -0.5941    0.6199
   -0.7483   -0.1693    0.5485
   -0.8425   -0.5391    0.7387
   -0.8608   -0.3358    0.7888
   -0.7496   -0.2045    0.6673
   -0.8603   -0.4541    0.5809
   -0.8101   -0.3382    0.8260
   -0.8841   -0.3572    0.6848
   -0.7755   -0.2593    0.5676
   -0.7975   -0.1309    0.6630
   -0.6866   -0.5619    0.5911
   -0.7268   -0.3263    0.8759
   -0.6243   -0.4280    0.5039
   -0.7006   -0.3736    0.7313
   -0.6067   -0.1593    0.6127
   -0.5742   -0.4274    0.6007
   -0.6345   -0.2502    0.8005
   -0.5392   -0.3108    0.6099
   -0.5867   -0.5498    0.7446
   -0.4846   -0.2740    0.5614
   -0.4468   -0.3715    0.8694
   -0.4566   -0.2889    0.5926
   -0.5534   -0.2218    0.8709
   -0.5195   -0.3365    0.5514
   -0.5895   -0.4566    0.7821
   -0.5649   -0.2258    0.7360
   -0.6437   -0.4221    0.5757
   -0.6181   -0.4706    0.7632
   -0.5232   -0.3966    0.5929
   -0.5808   -0.2231    0.9072
   -0.4878   -0.2921    0.6660
   -0.4685   -0.5634    0.9133
   -0.5408   -0.3463    0.7617
   -0.4537   -0.1812    0.5714
   -0.5106   -0.4749    0.5928
   -0.4998   -0.6469    0.6987
   -0.3941   -0.1975    0.8016
   -0.3897   -0.5046    0.5317
   -0.4683   -0.2777    0.6180
   -0.3818   -0.5160    0.5648
   -0.4334   -0.3724    0.6495
   -0.3856   -0.2467    0.5944
   -0.3810   -0.2726    0.8120
   -0.3098   -0.3905    0.6603
   -0.4053   -0.5796    0.8049
   -0.3154   -0.3897    0.7710
   -0.4386   -0.2101    0.6716
   -0.3629   -0.4901    0.6489
   -0.3264   -0.2408    0.7938
   -0.3533   -0.4448    0.6234
   -0.3710   -0.3497    0.6680
   -0.4222   -0.5572    0.6811
   -0.4189   -0.3849    0.7216
   -0.3994   -0.0388    0.7270
   -0.2926   -0.2533    0.6487
   -0.3895   -0.3988    0.7547
   -0.4365   -0.2350    0.7625
   -0.2524   -0.3642    0.6731
   -0.5663   -0.1692    0.8282
   -0.4206   -0.3206    0.8067
   -0.3754   -0.4153    0.7152
   -0.1966   -0.2466    0.6885
   -0.3432   -0.1493    0.7591
   -0.2272   -0.3114    0.8263
   -0.5149   -0.5219    0.7528
   -0.3602   -0.2785    0.8116
   -0.2428   -0.2213    0.7441
   -0.3112   -0.5105    0.8653
   -0.5390   -0.2785    0.7907
   -0.2617   -0.5236    0.7908
   -0.4754   -0.2192    0.8939
   -0.3955   -0.4027    0.9239
   -0.2739   -0.2579    0.8984
   -0.3787   -0.4643    0.8060
   -0.5285   -0.3581    0.9508
   -0.3048   -0.2642    0.7525
   -0.3298   -0.5067    0.7392
   -0.3454   -0.0874    0.8145
   -0.4690   -0.5359    0.7686
   -0.1444   -0.3375    0.8747
   -0.3370   -0.3422    0.9525
   -0.1847   -0.1853    0.8184
   -0.2673   -0.3847    0.8953
   -0.4766   -0.2960    0.8516
   -0.2753   -0.3363    0.8642
   -0.2291   -0.2632    0.9504
   -0.5028   -0.3717    0.8648
   -0.3217   -0.2984    0.8748
   -0.4688   -0.1463    0.7679
   -0.3433   -0.3924    0.7991
   -0.3454   -0.1035    0.7102
   -0.3052   -0.4107    0.6983
   -0.5174   -0.2832    0.7524
   -0.2232   -0.3562    0.7855
   -0.4022   -0.3113    0.8226
   -0.1711   -0.3509    0.7441
   -0.3582   -0.5266    0.8126
   -0.4252   -0.1860    0.7471
   -0.2017   -0.4245    0.7973
   -0.1714   -0.1378    0.7320
   -0.3399   -0.2103    0.8134
   -0.2283   -0.4469    0.7236
   -0.3796   -0.1371    0.8145
   -0.3247   -0.4549    0.7075
   -0.2031   -0.0131    0.6756
   -0.3939   -0.5284    0.7924
   -0.1139   -0.2804    0.6510
   -0.4899   -0.3509    0.7151
   -0.2038   -0.0988    0.8040
   -0.1876   -0.4145    0.8781
   -0.3447   -0.4351    0.5441
   -0.3061   -0.1745    0.7102
   -0.4743   -0.4618    0.6599
   -0.2432   -0.1471    0.5633
   -0.3586   -0.4765    0.7379
   -0.2415   -0.2356    0.5648
   -0.3807   -0.4381    0.6451
   -0.2292   -0.3336    0.8753
   -0.2889   -0.3790    0.5561
   -0.2656   -0.1519    0.7152
   -0.4554   -0.4979    0.6832
   -0.1671   -0.2943    0.5942
   -0.3691   -0.1902    0.6885
   -0.0646   -0.3266    0.6658
   -0.3224   -0.4841    0.7675
   -0.2621   -0.3317    0.5760
   -0.2105   -0.1118    0.6825
   -0.3971   -0.3773    0.8797
   -0.4303   -0.3993    0.6668
   -0.5040   -0.2493    0.5614
   -0.3017   -0.4385    0.6067
   -0.2035   -0.2601    0.9152
   -0.4364   -0.4452    0.6989
   -0.2487   -0.4487    0.8722
   -0.3111   -0.1030    0.7809
   -0.1589   -0.4388    0.8050
   -0.3986   -0.3129    0.8893
   -0.3957   -0.1358    0.6532
   -0.0987   -0.1886    0.7480
   -0.3498   -0.4427    0.8470
   -0.1791   -0.2371    0.6128
   -0.2776   -0.5371    0.7522
   -0.3271   -0.1552    0.8347
   -0.1945   -0.5789    0.6178
   -0.3383   -0.2332    0.6345
   -0.4412   -0.5035    0.6224
   -0.2470   -0.3054    0.6593
   -0.3360   -0.5346    0.6258
   -0.0908   -0.3233    0.6183
   -0.4299   -0.3099    0.7314
   -0.1819   -0.4094    0.5681
   -0.2433   -0.1423    0.8143
   -0.3229   -0.5841    0.6613
   -0.3645   -0.1308    0.6963
   -0.2129   -0.4868    0.8559
   -0.3895   -0.0705    0.5683
   -0.1760   -0.2574    0.6489
   -0.3822   -0.4600    0.6214
   -0.3265   -0.1838    0.5954
   -0.2440   -0.4462    0.5882
   -0.2762   -0.1445    0.7861
   -0.2914   -0.4507    0.6005
   -0.3352   -0.2833    0.9255
   -0.2248   -0.1925    0.5601
   -0.2763   -0.2036    0.6687
   -0.2544   -0.2339    0.8623
   -0.2768   -0.4927    0.7277
   -0.3068   -0.1557    0.4645
   -0.3435   -0.5629    0.6155
   -0.3891   -0.2984    0.4558
   -0.3070   -0.4277    0.7703
   -0.2480   -0.2782    0.5847
   -0.3345   -0.4833    0.8050
   -0.2665   -0.2020    0.6666
   -0.2464   -0.2730    0.4465
   -0.2437   -0.1594    0.6070
   -0.2657   -0.2503    0.7527
   -0.3400   -0.3991    0.5885
   -0.2066   -0.2705    0.7019
   -0.3108   -0.4025    0.6048
   -0.2767   -0.2169    0.6193
   -0.1355   -0.4402    0.7471
   -0.1632   -0.0915    0.7369
   -0.2357   -0.4867    0.5998
   -0.2535   -0.2675    0.7991
   -0.1886   -0.2330    0.6187
   -0.1782   -0.2035    0.2996
   -0.1533   -0.1592    0.6378
   -0.0423   -0.2119    0.4514
   -0.1388   -0.3594    0.7436
   -0.0368   -0.3564    0.5765
   -0.1065   -0.3702    0.8446
   -0.0070   -0.2886    0.7775
   -0.0570   -0.3036    0.6458
   -0.1473   -0.5125    0.5079
   -0.0500   -0.2063    0.7636
   -0.1186   -0.2514    0.5915
   -0.0846   -0.3827    0.6989
   -0.1707   -0.1530    0.7355
   -0.1811   -0.2559    0.4374
   -0.1122   -0.2603    0.7558
   -0.2021   -0.4650    0.6167
   -0.1164   -0.2437    0.4797
   -0.0973   -0.3423    0.7968
   -0.1802   -0.4569    0.4354
   -0.2251   -0.3835    0.6653
   -0.1370   -0.3319    0.5281
   -0.1878   -0.4776    0.8734
   -0.1842   -0.6029    0.6418
   -0.0967   -0.3517    0.4249
   -0.1904   -0.3565    0.8479
   -0.1009   -0.5483    0.5009
   -0.1491   -0.2884    0.8641
   -0.0866   -0.3698    0.4958
   -0.1592   -0.4826    0.6781
   -0.0627   -0.2602    0.4908
   -0.0291   -0.3732    0.7379
   -0.1330   -0.4587    0.4292
   -0.1411   -0.4156    0.6736
   -0.0357   -0.3771    0.9263
    0.0025   -0.4810    0.6628
   -0.0566   -0.3561    0.4585
    0.0242   -0.4025    0.8552
    0.0214   -0.2946    0.3399
   -0.0620   -0.3603    0.7902
    0.0382   -0.3035    0.4566
    0.0644   -0.3970    0.9330
    0.0008   -0.3072    0.7456
   -0.0280   -0.5313    0.5556
    0.0733   -0.5327    0.8011
    0.0959   -0.3400    0.6317
   -0.0025   -0.4203    0.4308
    0.0729   -0.3091    0.7589
   -0.0388   -0.3560    0.5533
    0.0241   -0.2721    0.6937
    0.0335   -0.2792    0.5015
   -0.0340   -0.3913    0.9601
    0.0747   -0.3743    0.8807
    0.0558   -0.4613    0.5224
    0.1493   -0.4695    0.7668
    0.0463   -0.5152    0.6538
    0.1153   -0.4674    0.8345
    0.1083   -0.5357    0.5583
    0.0208   -0.5767    0.9024
   -0.0235   -0.4995    0.5795
    0.0722   -0.4337    0.9516
    0.0171   -0.3266    0.5996
    0.1097   -0.3158    0.8374
    0.0816   -0.4237    0.4904
    0.0979   -0.3648    0.7477
    0.1844   -0.5316    0.6183
    0.0984   -0.3165    0.6066
    0.1920   -0.4192    0.7949
    0.0968   -0.3317    0.5225
    0.0993   -0.5521    0.7132
    0.1213   -0.3969    0.6817
    0.2087   -0.2882    0.8929
    0.1634   -0.4459    0.5868
    0.2539   -0.2812    0.8302
    0.2626   -0.4696    0.7208
    0.1520   -0.2905    0.8802
    0.1949   -0.3852    0.6172
    0.1242   -0.2921    0.6396
    0.2019   -0.2982    0.6415
    0.1073   -0.4208    0.5789
    0.0828   -0.3245    0.7913
    0.1656   -0.4554    0.5672
    0.1949   -0.2940    0.7618
    0.0880   -0.5286    0.7236
    0.1770   -0.3212    0.6199
    0.1082   -0.3340    0.8054
    0.1557   -0.4440    0.6494
    0.0780   -0.3334    0.5323
    0.1748   -0.4421    0.7683
    0.1495   -0.2909    0.5218
    0.2548   -0.4364    0.5800
    0.2447   -0.2309    0.7279
    0.3203   -0.2527    0.5664
    0.3641   -0.4153    0.7909
    0.3011   -0.3508    0.5490
    0.3779   -0.2493    0.6515
    0.3113   -0.3327    0.7961
    0.3829   -0.4159    0.6070
    0.3277   -0.2640    0.8739
    0.4231   -0.3615    0.7496
    0.4030   -0.3959    0.4966
    0.5056   -0.4259    0.6705
    0.4428   -0.3303    0.8173
    0.4937   -0.4200    0.6274
    0.3945   -0.3505    0.8334
    0.4296   -0.3117    0.6153
    0.3651   -0.2941    0.6432
    0.3545   -0.2252    0.7092
    0.4592   -0.4600    0.7816
    0.4463   -0.2622    0.5451
    0.3586   -0.3598    0.6869
    0.4611   -0.2085    0.6997
    0.4833   -0.4347    0.6553
    0.3770   -0.2721    0.6895
    0.4719   -0.4333    0.5793
    0.3829   -0.1926    0.6349
    0.3369   -0.3718    0.5949
    0.3273   -0.4269    0.7449
    0.4298   -0.3375    0.5605
    0.4371   -0.2855    0.7903
    0.3284   -0.3356    0.5833
    0.3540   -0.3462    0.7512
    0.4352   -0.3446    0.5819
    0.4754   -0.3424    0.7598
    0.4119   -0.3535    0.6149
    0.4947   -0.3740    0.6721
    0.4510   -0.3107    0.8480
    0.5115   -0.3719    0.4698
    0.5579   -0.3837    0.6990
    0.4702   -0.3610    0.5731
    0.5803   -0.3344    0.7148
    0.5292   -0.4047    0.5509
    0.5888   -0.3286    0.6608
    0.5077   -0.4323    0.6745
    0.5559   -0.3430    0.7544
    0.4544   -0.3598    0.5994
    0.5675   -0.3211    0.6312
    0.5123   -0.2681    0.7523
    0.5521   -0.3139    0.5462
    0.6570   -0.3430    0.7309
    0.5798   -0.2835    0.5202
    0.6264   -0.3255    0.7651
    0.5636   -0.2839    0.5738
    0.6116   -0.2536    0.7042
    0.7240   -0.2943    0.6093
    0.6335   -0.3660    0.8818
    0.7176   -0.2338    0.6318
    0.6589   -0.3963    0.6763
    0.6682   -0.2543    0.8386
    0.7477   -0.2547    0.6258
    0.6778   -0.3189    0.7247
    0.6381   -0.2641    0.5936
    0.6894   -0.4063    0.6624

Previous Length = 960
outputting PDB in file /storage/htc/bdm/tosin/GSDB/Structures/WT9059TG/GSM455133_30E0LAAXX.1/VC_100kb/InfMod3DGen/chr13.pdb
    41.67%    83.33%   100.00%
    done! closing file...
New Length = 960
spearman correlation = 0.359553
