 MATLAB Evaluation Started............
Processing file /storage/htc/bdm/tosin/GSDB/Data/WT9059TG/Cheng_Prop_WT/GSM455133_30E0LAAXX.1/VC_100kb/chr22_list.txt..............
INFO: License(s) matlab:1
Currently Loaded Modulefiles:
  1) matlab/matlab-R2018a

                            < M A T L A B (R) >
                  Copyright 1984-2018 The MathWorks, Inc.
                   R2018a (9.4.0.813654) 64-bit (glnxa64)
                             February 23, 2018

 
To get started, type one of these: helpwin, helpdesk, or demo.
For product information, visit www.mathworks.com.
 
InfMod3DGen Execution Completed........

n =

     1


m =

   351


p =

     3


XYZ =

   1.0e+03 *

   -0.9150   -0.9150    0.9150
    1.2694    1.2894   -1.2822
   -0.7156    0.4306   -0.0929
   -0.7104    0.1829    0.2029
   -0.4999    0.2815    0.0276
   -0.6902    0.1972    0.4418
   -0.9191    0.2190    0.1614
   -0.7047    0.5183    0.2017
   -0.9570   -0.0558    0.4624
   -0.7676    0.4660    0.0089
   -0.9414    0.0442    0.4375
   -0.7460    0.3821    0.1333
   -0.9960    0.1973    0.3816
   -0.8031    0.2440    0.1058
   -1.0556    0.1645    0.5237
   -0.8471    0.1516    0.2327
   -0.9994    0.2566    0.5079
   -0.8033    0.0337    0.2126
   -0.7637    0.2689    0.2282
   -0.9976    0.0045    0.3866
   -1.0328    0.3773    0.3737
   -0.8274    0.0743    0.4830
   -0.7835    0.3495    0.3772
   -0.7731    0.1048    0.6089
   -0.9766    0.0809    0.4048
   -0.7573    0.3784    0.5264
   -0.9404    0.2185    0.1685
   -0.9148    0.3057    0.5168
   -0.6919    0.0964    0.3028
   -0.7500    0.4302    0.4555
   -0.5441    0.0709    0.4614
   -0.7875    0.3446    0.2162
   -0.5760    0.0143    0.2847
   -0.5609    0.3255    0.4711
   -0.5967    0.0501    0.3619
   -0.7883    0.3144    0.4053
   -0.7659    0.1121    0.5142
   -0.5742    0.2208    0.3053
   -0.6659    0.2151    0.5284
   -0.8925    0.1549    0.3809
   -0.6182    0.2359    0.5602
   -0.8548    0.1217    0.2591
   -0.6443    0.2426    0.5593
   -0.8708    0.1995    0.3294
   -0.6547    0.1214    0.4319
   -0.7248    0.3724    0.3988
   -0.9550    0.0518    0.3863
   -0.9440    0.3965    0.3621
   -0.7671    0.0997    0.5571
   -0.7888    0.2612    0.2987
   -1.0218    0.3626    0.5264
   -1.0400    0.1584    0.4442
   -0.7920    0.3603    0.3518
   -0.8277    0.0945    0.5180
   -1.0634    0.3633    0.2747
   -0.9703    0.1201    0.4228
   -1.2014    0.2865    0.3853
   -1.0349    0.0305    0.3539
   -1.0672    0.3443    0.4421
   -1.3179    0.1543    0.4689
   -1.1168    0.2739    0.2661
   -1.1065    0.2110    0.5090
   -1.2860    0.2552    0.7783
   -1.2040    0.4058    0.5280
   -1.4463    0.1674    0.3338
   -1.2482    0.0723    0.6491
   -1.2099    0.2002    0.2464
   -1.0259    0.1872    0.6232
   -1.2266    0.0188    0.4085
   -1.1875    0.4395    0.3863
   -1.2905    0.1425    0.4265
   -1.2739    0.4437    0.5941
   -1.4083    0.1746    0.4128
   -1.1447    0.0990    0.4338
   -1.4888    0.2824    0.4671
   -1.2522   -0.0120    0.2803
   -1.1615    0.2775    0.6416
   -1.3918   -0.0156    0.4645
   -1.5042    0.1391    0.3761
   -1.3525    0.2797    0.3073
   -1.2635    0.0740    0.5670
   -1.3338    0.1867    0.2613
   -1.5875    0.1672    0.5251
   -1.2660    0.2865    0.4492
   -1.5751    0.2115    0.4655
   -1.3844   -0.0816    0.1751
   -1.4171    0.3779    0.4821
   -1.2183    0.0384    0.3532
   -1.3404    0.1985    0.5565
   -1.1379    0.2870    0.2802
   -1.4613    0.1019    0.4399
   -1.4459    0.3578    0.2646
   -1.1504    0.2162    0.4766
   -1.5593    0.3356    0.4124
   -1.2209    0.0012    0.2832
   -1.2839    0.3268    0.5944
   -1.2207    0.2267    0.3076
   -1.3424    0.3396    0.8017
   -1.1567   -0.0642    0.6288
   -1.3869    0.0396    0.6743
   -1.3340    0.3697    0.3889
   -1.3501   -0.1242    0.5551
   -1.4925    0.2106    0.2533
   -1.5184    0.3135    0.6413
   -1.4485    0.0577    0.1744
   -1.2843    0.3485    0.6966
   -1.2765    0.4176    0.1472
   -1.5663    0.1598    0.2673
   -1.1523    0.2388    0.2771
   -1.7172    0.3126    0.3970
   -1.5675   -0.1868    0.4492
   -1.7783    0.1101    0.5525
   -1.5367   -0.1342    0.2377
   -1.4838    0.1743    0.4184
   -1.5461    0.3998    0.2740
   -1.2667    0.1342    0.4842
   -1.4697    0.2558    0.2547
   -1.7128    0.2932    0.5380
   -1.6265    0.1438    0.2616
   -1.2409    0.3455    0.1877
   -1.3198    0.0835    0.5022
   -1.5878    0.5710    0.4724
   -1.4996    0.2628    0.1015
   -1.2352    0.5399    0.2658
   -1.5979    0.1308   -0.0675
   -1.8130   -0.1280    0.6305
   -1.3926   -0.0963    0.3272
   -1.4360    0.1680    0.7165
   -1.8392    0.4518    0.3048
   -1.4947    0.3062    0.5805
   -1.7001    0.1957    0.2781
   -1.4306    0.0364    0.5851
   -1.6033    0.4381    0.3899
   -1.9198    0.1149    0.5973
   -1.4656    0.4399    0.5499
   -1.6118    0.1425    0.3291
   -1.2708    0.4040    0.1603
   -1.4198    0.1063    0.0321
   -1.2688    0.0829    0.4656
   -1.5207    0.3752    0.4365
   -1.3432    0.0843    0.3860
   -1.3598    0.4724    0.3048
   -1.2072    0.2191    0.6555
   -1.2324    0.0811    0.1542
   -1.3207    0.2800    0.4499
   -1.4914    0.2099    0.2128
   -1.4136    0.2834    0.5416
   -1.3856    0.2602    0.2056
   -1.3564    0.2972    0.5275
   -1.3186    0.3050    0.2091
   -1.6073    0.2465    0.5232
   -1.6897    0.4486    0.2089
   -1.3973    0.0710    0.4754
   -1.7635    0.2567    0.3281
   -1.6858    0.4343    0.5840
   -1.6466   -0.0832    0.4740
   -1.6319    0.2029    0.1905
   -1.5866    0.2318    0.5746
   -1.3841    0.2352    0.2788
   -1.7712    0.3810    0.3072
   -1.4189    0.0467    0.3360
   -1.3024    0.5091    0.4440
   -1.4623   -0.0740    0.3941
   -1.2924    0.1391    0.1897
   -1.6334    0.4000    0.3874
   -1.5499    0.1120    0.5521
   -1.4423    0.3854    0.1155
   -1.4030    0.0834    0.6886
   -1.4450    0.3359    0.1898
   -1.6351    0.1230    0.3557
   -1.3660    0.2264    0.4734
   -1.7432    0.0789    0.1410
   -1.4155    0.4019    0.4028
   -1.7595    0.3720    0.0768
   -1.4596   -0.0030   -0.0816
   -1.7772    0.1780    0.3606
   -1.3123    0.3154    0.5128
   -1.8211    0.5358    0.2590
   -1.7876    0.5984    0.5837
   -1.3270    0.4511    0.0263
   -1.7363    0.6123    0.3577
   -1.8778    0.2891    0.2416
   -1.3692    0.2908    0.2168
   -1.7409    0.2721    0.5432
   -1.5199   -0.1289    0.2890
   -1.6925    0.2941    0.5733
   -1.3574    0.5838    0.5056
   -1.4290    0.0911    0.1055
   -1.2854    0.2725    0.6485
   -1.2381    0.4088    0.0235
   -1.4429   -0.0322    0.3629
   -1.4959    0.4238    0.6699
   -1.3562    0.1973    0.4344
   -1.5700    0.0159    0.8652
   -1.1380    0.0941    0.5599
   -1.7126   -0.0360    0.4457
   -1.3731    0.2288    0.2625
   -1.4712    0.0119    0.5820
   -1.6426    0.1123    0.2468
   -1.3512    0.4052    0.4485
   -1.7633   -0.2214    0.3234
   -1.1550   -0.0131    0.3851
   -1.5977   -0.1088    0.1486
   -1.6072    0.3889    0.4765
   -1.6557    0.0477    0.8005
   -1.3016    0.1872    0.4019
   -1.7305    0.1058    0.3942
   -1.3091    0.2508    0.5518
   -1.7521    0.3060    0.4234
   -1.3879    0.3338    0.4799
   -1.5683   -0.0001    0.3552
   -1.6140    0.0838    0.7586
   -1.2994    0.0104    0.3900
   -1.7444    0.1749    0.4420
   -1.4245    0.1565    0.4706
   -1.2156   -0.0103    0.5543
   -1.5939    0.1974    0.4836
   -1.1639    0.1925    0.4927
   -1.5684    0.1038    0.4415
   -1.7065    0.3793    0.5235
   -1.3287    0.2282    0.3914
   -1.6246    0.1300    0.5532
   -1.4102    0.2234    0.3329
   -1.6598    0.2273    0.5876
   -1.5236    0.1070    0.2796
   -1.6105    0.2712    0.5121
   -1.3139    0.3444    0.3264
   -1.5908   -0.0612    0.3848
   -1.5731    0.2312    0.3815
   -1.4003    0.2113    0.6274
   -1.6464    0.1823    0.4131
   -1.3820    0.3039    0.7528
   -1.7348    0.3668    0.4310
   -1.5051    0.1265    0.3084
   -1.7807    0.2685    0.6564
   -1.4362    0.3046    0.4052
   -1.6843    0.1815    0.4399
   -1.3685   -0.0527    0.5415
   -1.6717    0.1759    0.4386
   -1.9375    0.3551    0.3829
   -1.3933    0.4852    0.4478
   -1.4612    0.0343    0.3411
   -1.7954    0.1691    0.5366
   -1.5565    0.2824    0.7763
   -1.3835   -0.0738    0.6320
   -1.5754    0.4343    0.6786
   -1.3930    0.3057    0.2716
   -1.3296    0.2814    0.7816
   -1.1750    0.4316    0.4103
   -1.5239    0.4594    0.2608
   -1.5757    0.0308    0.1013
   -1.3184    0.0150    0.4265
   -1.5594    0.3693    0.5640
   -1.5528    0.0594    0.3192
   -1.2912    0.3823    0.4298
   -1.5366    0.1644    0.4741
   -1.8712    0.2342    0.3449
   -1.4298    0.1768    0.4532
   -1.7897    0.3323    0.5052
   -1.4039    0.2661    0.6098
   -1.4483    0.0281    0.4851
   -1.6248    0.3286    0.4803
   -1.5144    0.0603    0.7655
   -1.6947   -0.0005    0.3784
   -1.6027    0.2864    0.3151
   -1.5046    0.1663    0.5918
   -1.8375    0.0271    0.4921
   -1.5857    0.3438    0.4966
   -1.6878    0.0808    0.3867
   -1.7301    0.3038    0.3340
   -1.7652    0.2597    0.6613
   -1.6163    0.0063    0.3651
   -1.7886    0.2822    0.3129
   -1.6801    0.1423    0.6327
   -1.6105    0.1641    0.3335
   -1.7022    0.2980    0.5135
   -1.8871    0.1174    0.2939
   -1.7248    0.0947    0.5664
   -1.8495    0.3458    0.2924
   -1.8169    0.0989    0.7342
   -1.8799    0.3481    0.4582
   -2.0224    0.1378    0.2502
   -1.9996    0.1171    0.4934
   -1.8066    0.3300    0.5775
   -1.7724    0.0880    0.2471
   -1.9912    0.1954    0.6217
   -1.8440    0.2547    0.3408
   -2.0140    0.0027    0.4150
   -1.9095    0.2891    0.4752
   -2.1566    0.1705    0.3073
   -1.9633    0.1060    0.5348
   -2.2032    0.2645    0.4309
   -2.0189    0.0646    0.3447
   -2.2551    0.3127    0.5294
   -2.1857    0.1042    0.2706
   -2.4088    0.1333    0.4643
   -2.4492    0.2150    0.1845
   -2.2126    0.1158    0.3438
   -2.4322    0.3434    0.3106
   -2.1910    0.2089    0.5244
   -2.3821    0.0244    0.4524
   -2.1246    0.2577    0.3330
   -2.2973    0.2659    0.5716
   -2.3188    0.0123    0.2020
   -2.1422    0.3501    0.3739
   -2.3669    0.1520    0.5696
   -2.3998    0.2679    0.2783
   -2.2430    0.2331    0.4798
   -2.4293    0.1889    0.2623
   -2.4464    0.2929    0.4912
   -2.2429    0.0213    0.3766
   -2.4756    0.2765    0.2224
   -2.5158    0.3373    0.3950
   -2.2698    0.0941    0.4909
   -2.3616    0.4362    0.0549
   -2.1579    0.1634    0.3379
   -2.3160    0.2949    0.4444
   -2.0947   -0.0167    0.3043
   -2.2082    0.3732    0.4669
   -2.0135    0.0599    0.5459
   -2.1545    0.2735    0.3357
   -1.9364    0.3163    0.5790
   -1.9308    0.1729    0.1903
   -2.1031    0.2892    0.4709
   -2.1570    0.2196    0.2043
   -2.1231    0.2609    0.5321
   -1.9014    0.3618    0.2612
   -1.8936    0.1194    0.4217
   -2.1034    0.2004    0.3216
   -1.9486    0.2088    0.6409
   -1.9335    0.1787    0.2516
   -2.1237    0.3170    0.3453
   -1.9111    0.1083    0.4562
   -1.9617    0.1379    0.1972
   -1.7309    0.2538    0.4863
   -1.7624    0.0521    0.2169
   -1.7243    0.3122    0.4050
   -1.8679    0.2018    0.1974
   -1.7581    0.1223    0.5577
   -1.9165    0.2969    0.3845
   -1.8007    0.0442    0.3880
   -1.7266    0.3343    0.2012
   -2.0317    0.1500    0.3889
   -1.6376    0.1613    0.5143
   -1.8312    0.1894    0.3159
   -1.8097    0.0456    0.8531
   -1.5607    0.2029    0.1649
   -1.4571    0.2305    0.4093
   -1.8184    0.0819    0.4903
   -1.6314    0.1710    0.2488
   -1.7915    0.2360    0.4803

Previous Length = 351
outputting PDB in file /storage/htc/bdm/tosin/GSDB/Structures/WT9059TG/GSM455133_30E0LAAXX.1/VC_100kb/InfMod3DGen/chr22.pdb
   100.00%
    done! closing file...
New Length = 351
spearman correlation = 0.545586
