 MATLAB Evaluation Started............
Processing file /storage/htc/bdm/tosin/GSDB/Data/WT9059TG/Cheng_Prop_WT/GSM455133_30E0LAAXX.1/VC_1mb/chr8_list.txt..............
INFO: License(s) matlab:1
Currently Loaded Modulefiles:
  1) matlab/matlab-R2018a

                            < M A T L A B (R) >
                  Copyright 1984-2018 The MathWorks, Inc.
                   R2018a (9.4.0.813654) 64-bit (glnxa64)
                             February 23, 2018

 
To get started, type one of these: helpwin, helpdesk, or demo.
For product information, visit www.mathworks.com.
 
InfMod3DGen Execution Completed........

n =

     1


m =

   145


p =

     3


XYZ =

   1.0e+03 *

   -0.2850    0.4350    0.2850
   -0.5542    0.8534    0.5097
   -0.0880    0.8437    0.0518
   -0.4075    0.8225    0.5518
    0.3081    0.4706    0.5518
    0.8079    0.6094    0.6315
    0.3839    0.3996    1.0605
    0.7574    0.9011    0.9696
    0.2523    0.9071    0.8936
    0.5390    0.8643    1.0256
    0.3066    0.8212    0.9451
    0.6142    0.9611    1.0054
    0.1170    0.6679    0.8688
    0.4161    0.5280    1.1862
   -0.0901    0.4812    1.0956
    0.2630    0.8570    0.9431
    0.1052    0.6654    0.9680
    0.4154    0.9292    1.0307
    0.5528    0.6788    0.9316
    0.1114    0.9776    0.9593
   -0.0107    0.7218    1.0300
    0.3315    0.8555    0.8246
    0.4838    1.0375    1.0349
    0.5199    0.6890    0.9827
    0.1844    0.9287    0.9267
    0.5748    0.9245    0.9521
    0.3101    0.7104    1.0976
    0.3988    0.6900    0.9092
    0.8019    0.9052    1.0102
    0.9710    0.5914    0.9190
    1.3151    0.6499    0.9978
    0.8407    0.1587    0.9404
    1.2042    0.6407    1.0413
    1.2569    0.6173    0.8269
    1.1323    0.2089    1.0700
    0.8379    0.3807    0.7963
    0.9159    0.0494    1.0131
    1.2106    0.3892    0.8763
    0.8923    0.0319    0.9525
    0.4763    0.4311    0.9638
    1.0059   -0.0416    1.0010
    0.5550    0.4618    0.7990
    0.9153    0.7045    1.0541
    0.4474    0.4778    0.8974
    0.8269    0.5754    1.1665
    0.4335    0.2447    0.8084
    0.1551    0.6772    1.0013
    0.1933    0.2856    0.9804
    0.4367    0.2916    0.9815
    0.3615   -0.1828    1.0406
   -0.0766   -0.2746    0.8836
   -0.1399   -0.7691    1.0027
    0.3504   -0.7761    0.9765
    0.2262   -0.3201    1.0205
   -0.2212   -0.1057    1.0411
   -0.2688   -0.3292    0.6904
   -0.7003    0.1590    1.0273
   -0.4928   -0.3278    0.9865
   -0.6051    0.0679    0.4658
   -1.1047   -0.3353    0.7298
   -0.7774   -0.0723    0.5423
   -0.7415   -0.3781    0.8795
   -1.1294   -0.0852    0.4874
   -1.0800   -0.1391    0.8517
   -1.5504    0.3394    1.0236
   -1.3475    0.1403    0.8719
   -1.6577    0.1468    0.8802
   -1.3157    0.3723    0.9936
   -1.5046    0.7607    1.0007
   -1.6157    0.9375    0.8983
   -1.4844    0.8752    1.0758
   -1.6929    0.8431    0.8586
   -1.5271    0.8935    1.0811
   -1.7338    0.8966    0.8728
   -1.5610    0.9051    1.0346
   -1.6563    0.5140    1.0414
   -1.7214    0.6173    0.8699
   -1.6454    0.3974    1.0595
   -1.6563    0.6261    0.9421
   -1.7192    0.1835    1.0295
   -2.0078    0.2754    0.9275
   -2.2049   -0.0562    0.9868
   -2.6850    0.4218    1.1630
   -2.5437    0.3319    0.9080
   -2.7252    0.8361    0.9978
   -2.7090    0.4808    0.9893
   -2.4641    0.7678    0.9304
   -2.7155    0.9551    0.9368
   -2.2709    0.8663    0.9894
   -2.7279    0.9511    0.9474
   -2.4404    0.8471    0.9636
   -2.8912    0.9137    0.9202
   -2.6777    0.9552    1.1300
   -2.2287    1.0233    1.1321
   -2.6098    0.6432    1.3188
   -2.6098    0.6279    1.7784
   -2.5258    0.8679    2.0533
   -2.1421    0.7766    1.6608
   -2.4910    0.9642    1.3002
   -2.4988    0.8182    1.8164
   -2.1861    0.8186    1.7943
   -2.5229    1.0208    1.2943
   -3.0008    0.8843    0.9858
   -2.6074    0.9652    1.3059
   -3.0252    0.9163    1.1701
   -2.5134    0.9703    1.3999
   -2.5488    0.9636    1.7987
   -3.0174    0.9590    1.3989
   -2.9508    0.9545    1.7810
   -3.4370    0.9134    1.6515
   -3.3507    0.9644    1.8994
   -3.6598    0.9271    1.3788
   -3.1395    1.0145    1.0775
   -3.3871    0.8376    1.0697
   -3.3599    0.9761    1.5412
   -3.8521    0.9810    1.2146
   -3.7611    0.8586    1.7033
   -3.9740    1.2432    1.4014
   -3.6702    1.3704    1.5813
   -3.5187    1.3478    1.1851
   -3.8032    1.8796    0.9335
   -4.3108    1.9264    1.3756
   -4.0313    1.5396    1.2754
   -4.2114    2.0580    0.9135
   -3.7894    2.1687    1.0079
   -4.1759    1.9639    0.9731
   -4.4661    2.0323    0.9287
   -4.4043    2.2458    1.0268
   -4.7146    2.1854    0.8953
   -4.3165    2.7046    1.0444
   -4.5859    2.6189    0.7713
   -4.1251    3.0593    1.0414
   -4.4582    3.1315    0.7992
   -4.3653    2.8382    0.3902
   -4.7611    2.9293    0.0798
   -4.5357    2.7570    0.3797
   -4.3828    3.0130   -0.1271
   -4.8626    2.7250   -0.1035
   -4.5945    2.6543    0.2913
   -4.4275    3.1628    0.1653
   -4.7112    2.7111    0.4002
   -4.3479    2.8026   -0.0628
   -4.5266    2.3876   -0.0804
   -4.7224    2.5584   -0.2629
   -4.2853    2.4222    0.2264

Previous Length = 145
outputting PDB in file /storage/htc/bdm/tosin/GSDB/Structures/WT9059TG/GSM455133_30E0LAAXX.1/VC_1mb/InfMod3DGen/chr8.pdb
   100.00%
    done! closing file...
New Length = 145
spearman correlation = 0.553202
