 MATLAB Evaluation Started............
Processing file /storage/htc/bdm/tosin/GSDB/Data/WT9059TG/Cheng_Prop_WT/GSM455133_30E0LAAXX.1/VC_100kb/chr16_list.txt..............
INFO: License(s) matlab:1
Currently Loaded Modulefiles:
  1) matlab/matlab-R2018a

                            < M A T L A B (R) >
                  Copyright 1984-2018 The MathWorks, Inc.
                   R2018a (9.4.0.813654) 64-bit (glnxa64)
                             February 23, 2018

 
To get started, type one of these: helpwin, helpdesk, or demo.
For product information, visit www.mathworks.com.
 
InfMod3DGen Execution Completed........

n =

     1


m =

   792


p =

     3


XYZ =

   1.0e+03 *

   -0.3450   -0.0210    0.3450
   -0.5237   -0.2128    0.6787
   -0.4356   -0.0051    0.5470
   -0.5759   -0.2126    0.6223
   -0.4397   -0.0642    0.5431
   -0.2655   -0.3179    0.4407
   -0.4280   -0.1112    0.6581
   -0.2733   -0.0177    0.3106
   -0.4484   -0.1923    0.7280
   -0.3972   -0.0087    0.6999
   -0.4400   -0.3472    0.4569
   -0.3855   -0.1388    0.6614
   -0.4694    0.0444    0.6998
   -0.4163   -0.1303    0.5192
   -0.5015    0.1684    0.7602
   -0.4400   -0.0395    0.7020
   -0.4712   -0.1960    0.6294
   -0.4164    0.0682    0.3988
   -0.3950   -0.1444    0.6528
   -0.4702    0.0564    0.6263
   -0.4892   -0.2785    0.6745
   -0.4294    0.0255    0.5192
   -0.4357   -0.3691    0.7597
   -0.4001   -0.1720    0.6671
   -0.4589   -0.0326    0.6560
   -0.3916   -0.2370    0.5539
   -0.4394   -0.0870    0.7104
   -0.4257   -0.0902    0.4678
   -0.3564   -0.0171    0.6687
   -0.3369   -0.2225    0.6242
   -0.2768   -0.0267    0.7072
   -0.3571   -0.1816    0.7409
   -0.2940   -0.1601    0.5770
   -0.2858    0.0643    0.6091
   -0.3052   -0.2158    0.6740
   -0.3576   -0.0114    0.6043
   -0.3455   -0.1176    0.6526
   -0.2930   -0.2801    0.6167
   -0.3424    0.0417    0.6838
   -0.4136   -0.2796    0.6703
   -0.3248   -0.0147    0.6935
   -0.4014   -0.1998    0.6047
   -0.3388   -0.0542    0.6785
   -0.4181   -0.3121    0.6200
   -0.3525   -0.1522    0.6987
   -0.3903    0.0237    0.5997
   -0.4635   -0.0914    0.6361
   -0.4575   -0.2716    0.6900
   -0.4131   -0.0222    0.7096
   -0.4247   -0.2136    0.6487
   -0.4994   -0.1071    0.6179
   -0.5092   -0.0045    0.6956
   -0.4264   -0.1646    0.6944
   -0.4457    0.0389    0.6489
   -0.5218   -0.3359    0.6658
   -0.5225   -0.1673    0.5879
   -0.5962    0.0292    0.6720
   -0.5572   -0.2511    0.6405
   -0.5747    0.0061    0.4540
   -0.6589   -0.2882    0.5467
   -0.6014    0.0563    0.5649
   -0.5958    0.1221    0.6239
   -0.6627   -0.1677    0.5564
   -0.6483   -0.2998    0.6196
   -0.7280   -0.0298    0.6524
   -0.6996    0.0826    0.3940
   -0.7526   -0.2584    0.5063
   -0.6849   -0.1965    0.6344
   -0.7293    0.0445    0.6383
   -0.7470   -0.2814    0.7130
   -0.6450    0.0691    0.6933
   -0.7367   -0.2484    0.7198
   -0.7777   -0.0246    0.4766
   -0.8162   -0.2617    0.6213
   -0.7309    0.0579    0.7015
   -0.8561   -0.2165    0.7496
   -0.6432   -0.1007    0.6734
   -0.6719   -0.4026    0.6847
   -0.5561   -0.0994    0.7398
   -0.8592   -0.1868    0.4816
   -0.8927   -0.0248    0.6866
   -0.6718   -0.2119    0.7523
   -0.7367    0.1120    0.7796
   -0.9181   -0.3137    0.7184
   -0.9499   -0.0608    0.7540
   -0.6204   -0.0506    0.5697
   -0.6837   -0.2034    0.7403
   -0.8194   -0.0315    0.6554
   -0.6507   -0.2374    0.5106
   -0.6983    0.0433    0.6710
   -0.8750   -0.1408    0.7273
   -0.8887    0.0184    0.5586
   -0.6576   -0.2770    0.6785
   -0.9202    0.0333    0.6961
   -0.4520   -0.0734    0.7970
   -0.6620   -0.0638    0.5241
   -0.8260   -0.1789    0.8607
   -0.4718    0.1093    0.8501
   -0.7636   -0.2409    0.6052
   -0.4738   -0.1063    0.7010
   -0.7216    0.0588    0.8775
   -0.7828   -0.1896    0.4602
   -0.6357   -0.0401    0.7454
   -0.5889    0.1206    0.6548
   -0.5915   -0.2685    0.6720
   -0.7394    0.1392    0.6896
   -0.7238   -0.1748    0.7822
   -0.7433   -0.0203    0.4975
   -0.5522   -0.0050    0.7525
   -0.8834   -0.1460    0.7167
   -0.7372    0.0737    0.5758
   -0.7349   -0.1895    0.7853
   -0.8395    0.0501    0.6936
   -0.6926   -0.1748    0.5904
   -0.8467    0.0468    0.7393
   -0.6897   -0.1440    0.6849
   -0.5429   -0.0003    0.7794
   -0.7477   -0.2880    0.5219
   -0.6128   -0.2082    0.8145
   -0.8263   -0.0265    0.7403
   -0.9274   -0.1232    0.5993
   -0.6439    0.0370    0.8126
   -0.8578   -0.2487    0.7970
   -0.6525   -0.1616    0.6783
   -0.8533    0.0146    0.4626
   -0.5660   -0.0569    0.7275
   -0.9560    0.1277    0.7040
   -0.5347   -0.0694    0.6475
   -0.8295   -0.1485    0.6197
   -0.7730    0.1937    0.4910
   -1.0646   -0.0003    0.6004
   -0.6294    0.1528    0.6681
   -0.7838    0.0110    0.5815
   -0.3666    0.1267    0.5563
   -0.6417    0.2046    0.4932
   -0.4650   -0.0599    0.4294
   -0.6093   -0.0134    0.4611
   -0.9035   -0.0648    0.4647
   -0.5912   -0.0758    0.5327
   -0.5443    0.1118    0.3594
   -0.8710    0.2030    0.5436
   -0.6609   -0.0431    0.2670
   -0.9466   -0.1172    0.3041
   -0.8397    0.0421    0.4400
   -0.4802   -0.1118    0.5226
   -0.7219    0.0505    0.2849
   -0.6170   -0.0375    0.4973
   -0.9868   -0.0948    0.4382
   -0.9506    0.1291    0.5090
   -0.5220   -0.0356    0.5298
   -0.7305    0.0965    0.4864
   -0.7892   -0.1126    0.4819
   -0.9752   -0.0933    0.5440
   -0.8942    0.1775    0.4956
   -0.7573   -0.0770    0.4619
   -0.5925   -0.1482    0.5031
   -0.9097   -0.1847    0.5614
   -0.8532    0.0328    0.5040
   -0.7497   -0.1722    0.4787
   -0.6572    0.0229    0.5005
   -0.9127   -0.1329    0.5476
   -0.6342   -0.1207    0.5337
   -0.8784   -0.1222    0.4536
   -0.8857    0.0246    0.5713
   -0.6246   -0.0853    0.4375
   -0.7875   -0.1601    0.6098
   -0.9775   -0.0535    0.6793
   -0.5954    0.1700    0.6890
   -0.7705    0.1689    0.6311
   -0.7591   -0.2003    0.3173
   -0.5228    0.1243    0.5498
   -0.7545   -0.0173    0.3330
   -0.8993   -0.1526    0.7216
   -0.5907   -0.1184    0.7173
   -0.9335   -0.0637    0.4172
   -0.7874   -0.1794    0.7264
   -1.0101    0.0819    0.7345
   -0.7587   -0.1859    0.8057
   -0.8549    0.2281    0.6713
   -0.6260   -0.0257    0.7277
   -1.0707    0.0179    0.6401
   -0.6507    0.1954    0.6953
   -1.0030   -0.1737    0.5755
   -0.7635   -0.0275    0.6728
   -0.9272   -0.0474    0.3543
   -0.6054    0.0458    0.7735
   -0.9114   -0.0643    0.6805
   -0.7347   -0.0942    0.3437
   -0.7580   -0.1022    0.7808
   -0.9301   -0.0515    0.6764
   -0.9208   -0.2430    0.4777
   -0.9223    0.1493    0.7572
   -0.7190   -0.1280    0.7668
   -0.9571   -0.1675    0.6567
   -0.7790    0.1762    0.6633
   -0.5795   -0.2757    0.7267
   -0.8246   -0.0662    0.8194
   -0.5982   -0.0518    0.6554
   -0.9828   -0.1038    0.7922
   -0.8716    0.1116    0.5694
   -0.6592   -0.1342    0.4656
   -0.5966   -0.3490    0.8166
   -0.7503   -0.1922    0.6170
   -0.8493    0.1058    0.8428
   -0.5749    0.1822    0.8979
   -0.5867   -0.1863    0.5437
   -0.8800   -0.2555    0.9662
   -0.4781   -0.1845    0.7785
   -0.7529   -0.1936    0.5643
   -0.6973   -0.0496    0.8264
   -0.9281   -0.1533    0.6706
   -0.5331   -0.0536    0.8504
   -0.6766   -0.2309    0.6224
   -0.8676    0.2772    0.8074
   -0.9141   -0.1126    0.8378
   -0.7266   -0.0930    0.6354
   -0.8311    0.0828    0.9740
   -1.1128   -0.2042    0.5360
   -1.0027    0.1766    0.9541
   -0.7136    0.2112    0.6442
   -0.7947   -0.1086    0.8327
   -0.9053    0.0283    0.5866
   -0.9239   -0.2630    0.8280
   -1.0122    0.1617    0.6952
   -0.7141    0.1518    0.8916
   -1.2319   -0.2807    0.6000
   -0.8605    0.1571    0.3698
   -0.5574   -0.2448    0.6051
   -0.9692   -0.1420    0.4706
   -0.6597    0.0866    0.4775
   -1.0211   -0.0087    0.6005
   -0.6925    0.1487    0.7276
   -0.8211   -0.2086    0.7647
   -0.9420    0.0640    0.7204
   -0.7364   -0.0490    0.6964
   -1.0095   -0.2414    0.6675
   -0.7208   -0.1651    0.7345
   -0.7515   -0.0184    0.4744
   -0.7498   -0.1739    0.9567
   -0.9129   -0.0910    0.4725
   -0.6806   -0.2032    0.7341
   -0.8658   -0.2199    0.9515
   -0.6562   -0.0924    0.7030
   -0.8917   -0.1853    0.5558
   -0.6525    0.0826    0.6348
   -0.9263   -0.1144    0.7802
   -0.7868    0.1102    0.8344
   -0.6862   -0.0559    0.6293
   -1.0731   -0.1645    0.6303
   -0.7500   -0.0572    0.8425
   -0.7050   -0.2675    0.5946
   -0.6682   -0.1318    0.9114
   -0.8921   -0.0808    0.5744
   -0.7421    0.1324    0.9351
   -0.7951   -0.3441    0.6794
   -0.7818    0.1418    0.5715
   -0.8168   -0.3216    0.4811
   -0.8600   -0.1300    0.7924
   -0.9271   -0.0786    0.4343
   -0.7918   -0.3245    0.6955
   -0.9142    0.0779    0.7124
   -0.9844   -0.2994    0.8531
   -0.9404    0.0819    0.5998
   -0.7836   -0.2495    0.4119
   -0.8578   -0.1566    0.8902
   -0.8684   -0.0372    0.5430
   -0.8647   -0.1958    0.7642
   -0.9613   -0.0203    0.7920
   -0.9179   -0.0808    0.5327
   -0.9693   -0.2981    0.7614
   -0.9001    0.1004    0.7563
   -0.8866   -0.1201    0.5172
   -0.7977   -0.1215    0.7561
   -1.0836   -0.0230    0.8320
   -0.7900   -0.0127    0.7203
   -0.8728   -0.2417    0.6386
   -0.8898    0.0480    0.6507
   -0.8919   -0.1362    0.7929
   -0.9632   -0.0007    0.4905
   -0.9577   -0.1489    0.7102
   -1.0061    0.1459    0.8223
   -1.0822   -0.2014    0.7015
   -1.0699   -0.0382    0.8195
   -1.0228    0.0584    0.5115
   -0.9983   -0.1619    0.6770
   -1.0654    0.1223    0.7063
   -1.0369    0.0102    0.8290
   -1.0938   -0.1137    0.6396
   -1.0722   -0.1194    0.8446
   -1.1544   -0.1532    0.5980
   -1.1011    0.0603    0.8511
   -1.1795   -0.1961    0.6830
   -1.1310   -0.1307    0.8247
   -1.2075    0.0260    0.5373
   -1.2209   -0.0397    0.8159
   -1.2902    0.0563    0.6352
   -1.3120   -0.2172    0.5877
   -1.2354   -0.0491    0.7623
   -1.3028   -0.1013    0.5141
   -1.2237    0.0643    0.7280
   -1.2759   -0.0713    0.7425
   -1.2090   -0.1794    0.4438
   -1.2302    0.1630    0.7356
   -1.2418   -0.1487    0.6940
   -1.1975    0.0833    0.5479
   -1.2677   -0.2161    0.7540
   -1.2854    0.1059    0.6725
   -1.2518   -0.2266    0.6091
   -1.3013    0.0975    0.5555
   -1.3105   -0.1831    0.6644
   -1.2517   -0.0301    0.7040
   -1.3262    0.0935    0.6791
   -1.3479   -0.1853    0.7634
   -1.2662   -0.0553    0.6096
   -1.2648   -0.1235    0.7611
   -1.2059   -0.2513    0.7827
   -1.2403    0.0446    0.6450
   -1.1719   -0.2340    0.6651
   -1.1822    0.0108    0.4391
   -1.1281    0.0777    0.7509
   -1.1533   -0.2100    0.6659
   -1.0866    0.0505    0.4888
   -1.0986   -0.2221    0.6413
   -1.1406   -0.0492    0.5734
   -1.3377    0.1909    0.6537
   -1.1514   -0.1868    0.5838
   -1.0715   -0.0288    0.4580
   -1.0786   -0.1356    0.6529
   -1.1408   -0.0463    0.6546
   -1.0904    0.1353    0.5244
   -1.1001   -0.0487    0.7390
   -1.1517   -0.1284    0.5273
   -1.0799   -0.1847    0.7894
   -1.0564    0.1266    0.7071
   -0.9829   -0.1998    0.6899
   -0.9239    0.2085    0.7380
   -0.9475   -0.2069    0.6656
   -0.9978   -0.0123    0.5801
   -0.9710   -0.6666    0.3956
   -0.9942   -0.1992    0.5073
   -0.8590   -0.1491    0.7107
   -0.9217    0.1809    0.6317
   -0.9891   -0.2890    0.5777
   -0.9296    0.0079    0.6268
   -0.8924   -0.1810    0.4650
   -0.8617    0.0857    0.5992
   -1.0135   -0.1111    0.6131
   -0.7676   -0.1676    0.5384
   -1.0974   -0.2873    0.5541
   -0.8903   -0.0646    0.4683
   -0.9070   -0.4406    0.4592
   -0.8940   -0.1260    0.5863
   -1.6562   -0.7612   -0.2800
   -0.7521    0.1845    0.6673
   -0.7372    0.1116    0.6339
   -0.8049   -0.3088    0.5572
   -0.7611    0.0584    0.4619
   -0.8017   -0.2772    0.4878
   -0.7507    0.1198    0.6545
   -0.7701   -0.2570    0.5941
   -0.8244    0.0824    0.4744
   -1.1289   -0.2084    0.4832
   -0.7949   -0.1303    0.6371
   -1.1355   -0.2398    0.6361
   -0.7827   -0.5180    0.5960
   -0.7829    0.0588    0.7437
   -0.7632    0.2293    0.6692
   -0.8158    0.1722    0.7328
   -0.7928   -0.1500    0.3805
   -0.7637   -0.3369    0.6893
   -0.7272   -0.0156    0.7465
   -0.7899   -0.2530    0.7670
   -1.0326   -0.0853    0.7058
   -0.8309    0.1608    0.7674
   -0.8873   -0.3237    0.4507
   -0.8269   -0.0580    0.6633
   -0.7499   -0.3755    0.6152
   -0.7431    0.0288    0.5869
   -0.8112   -0.2633    0.5525
   -0.7800    0.0699    0.5978
   -1.0253   -0.2010    0.5150
   -1.0521    0.1209    0.6040
   -0.7902    0.1132    0.5398
   -0.8632   -0.1729    0.7015
   -0.7836   -0.0366    0.7156
   -1.0302   -0.1498    0.6411
   -0.7749   -0.2014    0.7106
   -0.8169   -0.0098    0.7204
   -0.9880   -0.2736    0.7352
   -0.8022   -0.3207    0.6894
   -0.8487    0.1537    0.7362
   -0.8196   -0.1832    0.7473
   -0.9450   -0.0021    0.8056
   -0.7861   -0.2526    0.8157
   -0.8808   -0.1586    0.5167
   -0.7658   -0.0838    0.7614
   -0.8728   -0.5245    0.6895
   -0.8785   -0.0542    0.7450
   -0.6863   -0.0531    0.8924
   -0.7592   -0.1872    0.8045
   -0.7338   -0.3651    0.6429
   -0.8023   -0.0273    0.9157
   -0.7508   -0.4383    0.7877
   -1.0451    0.1788    0.7718
   -0.9652   -0.2489    0.8466
   -0.8017   -0.0636    0.5775
   -0.8888   -0.0950    0.9848
   -0.8408   -0.3009    1.0364
   -0.9397    0.0736    0.7976
   -0.9056   -0.3816    0.6026
   -0.9805   -0.0091    0.5815
   -0.8995   -0.2310    0.7048
   -1.1852   -0.3020    0.8927
   -1.0659   -0.4330    0.6994
   -1.0797   -0.0212    0.7716
   -1.1908    0.1999    0.9419
   -0.9870   -0.1473    0.7140
   -1.0269   -0.4147    0.5566
   -1.1177    0.1408    0.7891
   -0.8614   -0.2001    0.4197
   -0.8842   -0.1015    0.8242
   -0.8538    0.0119    0.5074
   -0.9267   -0.1860    0.6921
   -0.9285    0.2283    0.7931
   -1.1400   -0.1615    0.6652
   -0.9296   -0.4423    0.9322
   -0.9849   -0.2477    0.9552
   -0.9433    0.0289    1.0619
   -0.9375   -0.3010    0.6360
   -1.0238    0.0587    0.7224
   -1.0212   -0.2625    0.7892
   -0.9521    0.0429    0.8491
   -1.0221   -0.1199    0.5615
   -0.9211   -0.2596    0.7508
   -1.0019    0.0473    0.8726
   -0.9204   -0.0598    0.4208
   -1.0039   -0.2377    0.9178
   -0.8320    0.0846    0.7636
   -0.9964   -0.2365    0.8783
   -0.7920   -0.1694    0.5762
   -0.9423   -0.0221    0.7767
   -0.8311   -0.3180    0.9921
   -0.7700    0.1444    0.9516
   -1.0554    0.1249    0.6848
   -0.7904   -0.1358    0.6565
   -1.0681   -0.0678    0.8243
   -0.8292   -0.2330    0.6494
   -0.8015   -0.0220    0.8113
   -0.8101   -0.2252    1.1366
   -0.7645    0.1370    0.6685
   -0.7198    0.0277    1.1111
   -1.0322    0.1101    0.8503
   -0.8193   -0.1876    1.0186
   -0.7838    0.1557    0.6552
   -0.8259   -0.1784    0.8899
   -1.0844   -0.0470    0.7551
   -0.7030   -0.1954    0.8499
   -0.7824    0.0077    0.6911
   -0.7939   -0.2933    0.5218
   -0.8539   -0.1282    0.8554
   -0.8113   -0.1619    0.4978
   -0.7793   -0.0596    0.8686
   -0.8624   -0.2509    0.6516
   -0.8233   -0.0279    0.6510
   -0.8309   -0.1571    0.8184
   -0.9494   -0.0683    0.6093
   -0.8232   -0.1710    0.8656
   -0.7280   -0.0069    0.6651
   -0.7447   -0.0770    0.9239
   -0.8730   -0.0345    0.6603
   -0.9167   -0.0442    0.9775
   -0.6566    0.1686    0.6405
   -0.6679   -0.1902    0.8099
   -0.9147   -0.0729    0.6608
   -0.6473   -0.0985    0.7813
   -0.8708   -0.0568    0.6801
   -0.8130   -0.1658    0.9160
   -0.7253    0.1616    0.5816
   -0.6334    0.1604    0.8378
   -0.6267   -0.0668    0.8865
   -1.0322    0.1983    0.6714
   -0.8201   -0.0897    0.4969
   -0.9226    0.1355    1.0002
   -0.6768   -0.1542    0.7286
   -0.8741   -0.2742    0.6489
   -0.6636    0.0398    0.6873
   -0.6115   -0.1340    0.9307
   -1.0780   -0.1170    0.8674
   -0.7649   -0.0228    0.7670
   -0.6426   -0.2853    0.7588
   -0.9659   -0.1504    0.5674
   -0.5990   -0.0923    0.6226
   -0.7115    0.0379    1.1406
   -0.7175   -0.1200    1.0554
   -0.7966    0.2414    0.7979
   -0.7843   -0.0483    1.0957
   -0.9459    0.0001    0.7290
   -0.7548    0.1954    0.9795
   -0.7359   -0.1835    0.7838
   -1.1526   -0.0062    0.8324
   -0.7710    0.1067    1.0528
   -0.9337   -0.0057    0.5118
   -0.9061    0.0075    1.0128
   -1.0110   -0.1097    0.6972
   -0.8065   -0.0201    0.9710
   -0.8871   -0.1347    0.6331
   -0.8992   -0.2389    0.9052
   -0.9746   -0.0444    0.5066
   -1.1165   -0.0657    0.9802
   -0.9654   -0.3688    0.9932
   -0.9381    0.0510    0.7253
   -1.0703   -0.0285    0.9086
   -1.0755   -0.1996    0.7563
   -0.9908   -0.0904    0.4819
   -1.0114    0.1950    0.6581
   -0.9632   -0.2254    0.6304
   -1.0255    0.0592    0.8718
   -0.9532   -0.2673    0.7962
   -0.9703    0.0513    0.7188
   -1.0704   -0.3285    1.0097
   -0.9662    0.0885    1.0233
   -0.9324   -0.2189    0.8382
   -0.9818   -0.2079    0.5921
   -0.9932    0.0799    0.6795
   -0.9569   -0.3069    0.6849
   -1.0174    0.0031    0.6730
   -0.9357    0.0409    1.0301
   -0.9742   -0.1377    0.5852
   -1.1894   -0.0004    0.8159
   -1.0575   -0.0013    0.5146
   -1.0737    0.0259    0.9027
   -1.0126   -0.1391    0.6951
   -0.9953   -0.2288    0.9746
   -1.1935   -0.1362    0.5938
   -1.0793   -0.1728    0.8677
   -1.0382   -0.0906    0.4855
   -1.0524   -0.3838    0.8174
   -1.1331   -0.0305    0.9921
   -0.9538   -0.4585    0.6070
   -1.0364   -0.4524    0.6708
   -1.0142   -0.1414    0.9586
   -0.9573   -0.1534    0.5363
   -1.0479   -0.4248    0.7132
   -1.0284   -0.1196    0.8460
   -1.0957    0.0150    0.9293
   -1.0143    0.0410    0.6983
   -1.0856   -0.3282    0.8155
   -1.2014   -0.0119    0.7730
   -1.1158   -0.2739    0.9527
   -1.0514   -0.2273    0.5115
   -1.0732   -0.0394    0.8801
   -1.0563   -0.1624    0.5631
   -0.9704   -0.1513    0.8728
   -1.0266   -0.1281    0.6946
   -0.9424    0.0362    0.8175
   -1.0112   -0.4054    0.7254
   -0.9687   -0.1106    0.9861
   -1.0799   -0.0767    0.5572
   -0.8751   -0.1661    0.8281
   -0.9237   -0.3463    0.5865
   -1.0059   -0.0586    0.6952
   -1.0024   -0.2624    0.7647
   -0.9381    0.0520    0.6931
   -0.9082   -0.2613    0.7428
   -0.9655   -0.0124    0.9039
   -0.9405   -0.1727    0.6481
   -0.8689    0.0351    0.7846
   -0.9280   -0.2567    0.8218
   -0.8879   -0.1105    0.5477
   -0.8779   -0.3430    0.8116
   -1.1035   -0.0498    0.8109
   -0.8968   -0.1728    0.5992
   -0.9274   -0.0573    0.7876
   -0.9339   -0.2765    0.6198
   -0.8918   -0.0121    0.8960
   -0.9772   -0.1310    0.6532
   -0.9530   -0.3069    0.9185
   -0.9991   -0.0691    0.8176
   -0.9250   -0.2154    0.6105
   -0.8686   -0.1067    0.8968
   -0.9089   -0.4294    0.7248
   -0.8482   -0.0586    0.5736
   -0.8448   -0.1697    0.8840
   -0.8209   -0.3647    0.6411
   -0.7791   -0.1030    0.6211
   -0.8298   -0.4192    0.8078
   -0.8961   -0.0673    0.6724
   -1.0768   -0.1373    0.9496
   -0.9138   -0.1538    0.7034
   -0.9417    0.0368    0.8115
   -0.8568   -0.0109    1.1061
   -1.0422   -0.2474    0.7472
   -0.8805    0.0140    0.7932
   -0.8831   -0.2722    0.7940
   -0.7829   -0.0462    0.7334
   -0.9861   -0.1924    0.7580
   -0.8324   -0.0638    0.8558
   -0.8405   -0.3497    0.9680
   -1.1499   -0.2030    0.8896
   -0.9304   -0.5049    1.1380
   -0.8812   -0.5441    0.6738
   -0.9470   -0.1753    0.8662
   -0.8719   -0.1487    0.7558
   -0.9400    0.1199    0.6608
   -0.8691   -0.2924    0.6162
   -0.8543    0.0714    1.0290
   -0.7871    0.2117    0.8647
   -0.8367   -0.0708    0.9514
   -1.0228   -0.1904    0.8382
   -0.7289   -0.2603    0.8040
   -0.7513    0.0068    0.7933
   -1.0396   -0.4415    1.0080
   -0.7503   -0.2596    0.7239
   -1.1781    0.0628    0.9075
   -0.8503   -0.4035    0.8955
   -0.8976    0.0978    0.7950
   -0.8751   -0.3127    0.5045
   -0.9536   -0.1785    1.0408
   -0.8831   -0.1361    0.7418
   -0.9145   -0.3073    0.7963
   -0.9131    0.0178    0.8322
   -0.8847   -0.2417    0.8967
   -0.9699   -0.0151    0.6570
   -0.9328   -0.0535    1.0043
   -1.0009   -0.3557    0.8840
   -1.0213    0.0943    1.0573
   -0.9342   -0.1810    0.7795
   -1.0207   -0.3182    0.6913
   -1.0017    0.0063    1.0150
   -1.0473   -0.3523    0.8130
   -0.9631   -0.0759    0.5185
   -1.1548   -0.1991    1.0993
   -0.9449   -0.3298    0.6868
   -1.0879   -0.1462    0.8290
   -0.7945   -0.0206    0.5592
   -0.8427   -0.3992    0.8363
   -0.7749   -0.1144    0.8766
   -0.7387   -0.1238    0.6781
   -0.7690   -0.2555    0.9409
   -0.6997   -0.0682    0.6568
   -0.8807   -0.2240    0.8916
   -0.6477   -0.2262    0.8054
   -0.7976    0.0606    0.8991
   -0.6256   -0.2644    0.7123
   -0.9275    0.0624    0.7549
   -0.6897   -0.0365    0.8243
   -1.0428   -0.1130    0.8793
   -0.7703   -0.1350    0.8072
   -0.7793   -0.3820    0.6466
   -0.8468    0.0459    1.0151
   -0.8708   -0.0597    0.6925
   -0.7841   -0.4434    0.7498
   -0.6423    0.0074    0.8537
   -0.6269   -0.4292    0.7316
   -0.6646   -0.0496    1.1469
   -0.6043    0.0374    0.8724
   -0.9009   -0.3399    0.9929
   -0.6188    0.0265    1.2458
   -0.5378    0.0158    0.7246
   -0.8180   -0.4179    0.7422
   -0.9076   -0.0968    1.1166
   -0.5242   -0.2687    0.7884
   -0.8477   -0.1095    0.7857
   -0.4861   -0.1025    1.0522
   -0.6693   -0.0579    0.8264
   -0.5651   -0.3994    0.8347
   -0.8495   -0.1125    0.8621
   -0.6931   -0.1283    0.9212
   -0.9435   -0.1978    0.8472
   -0.8892   -0.4166    0.8220
   -0.5444   -0.2598    0.8630
   -0.7764   -0.2197    0.7935
   -0.9202   -0.1304    0.9264
   -0.6139   -0.1944    0.7642
   -1.0146   -0.2325    0.8460
   -0.5669   -0.1417    0.8086
   -0.7547   -0.2303    0.8217
   -1.0279   -0.2620    0.9030
   -0.8317   -0.1932    0.9117
   -0.5720   -0.2435    0.8489
   -0.7532   -0.3535    1.0081
   -0.9491   -0.2451    0.9610
   -0.9295   -0.1568    0.9259
   -0.6897   -0.1359    0.8661
   -1.0705   -0.2469    0.9079
   -0.6449   -0.2248    1.0840
   -1.0394   -0.2420    0.9077
   -0.8058   -0.2932    1.1465
   -0.9612   -0.2853    0.9281
   -0.7121   -0.4777    1.0416
   -1.0176   -0.1782    0.9801
   -0.7106   -0.2273    0.9802
   -0.8431   -0.3059    1.0582
   -0.8275   -0.5442    1.0916
   -0.7732   -0.2990    1.0632
   -0.9326   -0.2281    0.9971
   -0.6709   -0.4881    1.0109
   -0.6625   -0.1723    0.9374
   -0.8677   -0.3313    0.9227
   -0.8475   -0.0922    0.9697
   -0.6728   -0.2509    0.9554
   -0.8252   -0.0968    1.0368
   -0.6220   -0.0987    1.1133
   -0.7530   -0.3295    1.0109
   -0.6646   -0.1760    1.0598
   -0.6170   -0.0873    1.0479
   -0.6935   -0.3403    1.0619
   -0.6855   -0.0875    1.1511
   -0.6362   -0.2047    1.0627
   -0.4134   -0.0800    1.0369
   -0.4381   -0.1376    0.9846
   -0.5118   -0.1278    1.3005
   -0.3416   -0.1202    1.1033
   -0.5396   -0.3847    0.8636
   -0.5355   -0.1266    0.8570
   -0.5291   -0.4863    0.9207
   -0.5479   -0.0575    0.9620
   -0.6643   -0.0616    0.9113
   -0.6488   -0.3486    0.9508
   -0.5016   -0.0967    0.9297
   -0.6317   -0.2391    0.9637
   -0.7082   -0.4148    0.9279
   -0.7021   -0.0786    1.1017
   -0.6280   -0.3597    0.9185
   -0.6627   -0.0773    0.9829
   -0.6685   -0.2501    0.9006
   -0.5139   -0.0963    0.8650
   -0.6485   -0.2256    0.9248
   -0.6641   -0.0832    0.8376
   -0.5951   -0.2751    0.8721
   -0.6072   -0.0412    0.7940
   -0.5324   -0.3299    0.7996
   -0.6004   -0.0783    0.7184
   -0.5608   -0.0320    0.7963
   -0.5175   -0.1207    0.8039
   -0.5441   -0.2626    0.7758
   -0.5090   -0.0376    0.8240
   -0.5455   -0.1918    0.7414
   -0.5002   -0.3367    0.8841
   -0.5485   -0.0196    0.7965
   -0.4647   -0.2412    0.8938
   -0.4320   -0.1711    0.7653
   -0.4863   -0.0864    0.9266
   -0.4225   -0.2636    0.7953
   -0.4737   -0.0295    0.8425
   -0.4654   -0.2970    0.7871
   -0.4117   -0.0938    0.8102
   -0.4481   -0.3499    0.7540
   -0.4273   -0.0110    0.8324
   -0.3680   -0.2524    0.8549
   -0.4417   -0.0721    0.8183
   -0.4837   -0.3020    0.7556
   -0.4154   -0.1825    0.7882
   -0.4463   -0.0622    0.8645
   -0.4117   -0.2500    0.8909
   -0.4818   -0.1416    0.9921
   -0.4978   -0.0443    0.9171
   -0.4484   -0.2075    0.8972
   -0.3713   -0.1176    0.9408
   -0.3914   -0.2920    0.8550
   -0.3581   -0.2786    0.9628
   -0.4071   -0.1774    0.8937
   -0.3674   -0.0655    0.8100
   -0.4503   -0.2604    0.8316
   -0.4086   -0.1292    0.9447
   -0.3946   -0.2162    0.8156
   -0.4678   -0.1459    0.8872
   -0.4989   -0.2063    0.7203
   -0.4264   -0.1528    0.9221
   -0.4386   -0.1509    0.7275
   -0.3894   -0.2262    0.6977
   -0.4463   -0.2101    0.9455
   -0.5210   -0.3610    0.7601
   -0.5159   -0.1148    0.8240
   -0.4854   -0.3194    0.8271
   -0.5072   -0.1153    0.7860
   -0.4552   -0.3814    0.8200
   -0.3712   -0.1719    0.8473
   -0.1825   -0.3491    0.7365
   -0.3396   -0.4353    0.9656
   -0.2742   -0.2581    0.7705
   -0.2391   -0.3197    0.8425
   -0.3151   -0.2879    0.8526
   -0.2351   -0.3181    0.7962
   -0.2470   -0.2386    0.9144
   -0.1608   -0.3045    0.7512
   -0.2148   -0.3168    0.9068
   -0.2072   -0.2638    0.6934
   -0.2188   -0.3181    0.8684
   -0.2956   -0.2769    0.6447
   -0.3365   -0.3662    0.8290
   -0.3005   -0.2922    0.5647

Previous Length = 792
outputting PDB in file /storage/htc/bdm/tosin/GSDB/Structures/WT9059TG/GSM455133_30E0LAAXX.1/VC_100kb/InfMod3DGen/chr16.pdb
    50.51%   100.00%
    done! closing file...
New Length = 792
spearman correlation = 0.475151
