 MATLAB Evaluation Started............
Processing file /storage/htc/bdm/tosin/GSDB/Data/WT9059TG/Cheng_Prop_WT/GSM455133_30E0LAAXX.1/VC_100kb/chr21_list.txt..............
INFO: License(s) matlab:1
Currently Loaded Modulefiles:
  1) matlab/matlab-R2018a

                            < M A T L A B (R) >
                  Copyright 1984-2018 The MathWorks, Inc.
                   R2018a (9.4.0.813654) 64-bit (glnxa64)
                             February 23, 2018

 
To get started, type one of these: helpwin, helpdesk, or demo.
For product information, visit www.mathworks.com.
 
InfMod3DGen Execution Completed........

n =

     1


m =

   344


p =

     3


XYZ =

   1.0e+03 *

   -0.7800   -0.7800    0.7800
    1.1795    1.1996   -1.1924
   -0.7992    0.0618    0.3478
   -0.9591    0.2612    0.0708
   -0.8655    0.3266    0.3037
   -0.6145   -0.1926    0.5890
   -0.8436   -0.9239    0.3028
   -0.6291    1.1395    0.8682
   -0.8816    0.0886    0.6131
   -0.6921    0.2896    0.5107
   -0.8659    0.0389    0.5071
   -0.6704   -0.0525    0.5929
   -0.9206    0.0415    0.5953
   -0.7276    0.1242    0.5327
   -0.9804    0.1706    0.6536
   -0.7718   -0.1212    0.5634
   -0.9091    0.3018    0.6617
   -0.7128    0.0790    0.6873
   -0.6731    0.3233    0.6128
   -0.9073   -0.0191    0.5973
   -0.9425    0.2548    0.6773
   -0.7370    0.0057    0.5946
   -0.6931    0.1550    0.9150
   -0.6826    0.2432    0.3786
   -0.8862    0.2434    0.8193
   -0.6668    0.4328    0.5091
   -0.8499    0.0448    0.8082
   -0.8243    0.0539    0.4364
   -0.6012    0.2617    0.7474
   -0.6591    0.0344    0.4982
   -0.4531    0.2480    0.5732
   -0.6967    0.0325    0.8350
   -0.4851    0.1164    0.6272
   -0.4699    0.0706    0.4264
   -0.4909    0.1670    0.6414
   -0.6826    0.3083    0.7326
   -0.6600    0.0040    0.5956
   -0.4682    0.2058    0.6657
   -0.5601    0.1489    0.3880
   -0.7869   -0.1151    0.7204
   -0.5274    0.0077    0.5398
   -0.7642    0.2357    0.4094
   -0.5535    0.1588    0.4788
   -0.7953    0.2597    0.6748
   -0.5790   -0.0015    0.5885
   -0.6493    0.1474    0.7592
   -0.8796   -0.0531    0.5998
   -0.8686    0.1115    0.3567
   -0.6917    0.1716    0.6987
   -0.7134    0.0300    0.5062
   -0.9465    0.2812    0.5778
   -0.9648    0.0527    0.6067
   -0.6866    0.3087    0.6914
   -0.7224    0.1060    0.4915
   -0.9583    0.3419    0.5151
   -0.8653    0.1317    0.7710
   -0.9496    0.0763    0.4008
   -0.9300    0.3211    0.6662
   -0.9624    0.0170    0.4092
   -1.2133    0.2199    0.7751
   -1.0122    0.3096    0.7013
   -1.0018    0.0186    0.5603
   -1.1185    0.3118    0.7184
   -1.0995    0.0816    0.7293
   -1.2850    0.2184    0.6132
   -1.1949    0.0782    0.3794
   -1.1927   -0.1629    0.6458
   -1.1405    0.1302    0.4107
   -1.1373    0.2080    0.6909
   -1.1193    0.0110    0.4649
   -1.2162    0.2750    0.7422
   -1.1608    0.1441    0.3848
   -1.1783   -0.0289    0.8273
   -1.1218    0.2554    0.4192
   -1.1900   -0.1163    0.6957
   -1.0254   -0.0089    0.5121
   -1.3245    0.2536    0.8012
   -1.4409    0.0865    0.6212
   -1.2444    0.0852    0.4368
   -1.1739    0.2527    0.6289
   -1.1119   -0.0971    0.5647
   -1.3054    0.2795    0.5411
   -1.1814    0.0112    0.6250
   -1.4839    0.1785    0.4800
   -1.0850    0.3108    0.5053
   -1.2333    0.0235    0.4999
   -1.3199    0.0481    0.7438
   -1.4392    0.0298    0.3537
   -1.2191    0.3101    0.6381
   -1.3078   -0.0695    0.3858
   -1.4481   -0.1317    0.5936
   -1.4179    0.1362    0.7873
   -1.4493    0.0427    0.5375
   -1.1050   -0.0479    0.7824
   -1.4567    0.1904    0.5273
   -1.2437    0.1170    0.8386
   -1.2884    0.0500    0.4500
   -1.3500    0.0639    0.7550
   -1.1644    0.1343    0.4139
   -1.4426    0.1149    0.6216
   -1.2666   -0.0740    0.4472
   -1.0939    0.2782    0.6642
   -1.1855   -0.0170    0.6831
   -1.3823    0.2571    0.5583
   -1.1026    0.0194    0.5024
   -1.2771    0.0643    0.7487
   -1.2094   -0.0557    0.6285
   -1.3193    0.2533    0.5084
   -1.1334    0.3115    0.7404
   -1.0745   -0.0977    0.3593
   -1.1859   -0.1921    0.6876
   -1.2258    0.2548    0.3496
   -1.2929    0.2773    0.7546
   -1.4411    0.0366    0.6714
   -1.0955    0.2144    0.4792
   -1.3323   -0.0181    0.5302
   -1.1123    0.2835    0.3820
   -1.3255    0.1351    0.8451
   -1.4731    0.1029    0.4158
   -1.1473   -0.0613    0.5817
   -1.1365    0.2589    0.6231
   -1.3657    0.0084    0.5034
   -1.3073    0.2520    0.6124
   -1.3730   -0.0496    0.4136
   -1.3605    0.2163    0.8902
   -1.4948    0.2935    0.6703
   -1.4705    0.3493    0.3368
   -1.1810    0.3346    0.2940
   -1.2903   -0.0836    0.7852
   -1.5127    0.3530    0.5390
   -1.2591    0.4466    0.3954
   -1.3944    0.4704    0.8196
   -1.1833    0.2303    0.6841
   -1.5748    0.1229    0.5014
   -1.2827    0.1179    0.3158
   -1.4529    0.1025    0.7190
   -1.5138    0.1571    0.3700
   -1.1380    0.3032    0.5539
   -1.0409    0.2798    0.7865
   -1.2267    0.2393    0.4154
   -1.2503    0.3262    0.6139
   -1.5277    0.0963    0.6256
   -1.3933    0.4668    0.7002
   -1.0735    0.3978    0.6068
   -1.3176    0.0538    0.6118
   -1.3682    0.3499    0.3085
   -1.4253    0.5073    0.7185
   -1.4843    0.1629    0.6043
   -1.2062    0.2960    0.5004
   -1.2645    0.0879    0.6171
   -1.1875    0.2755    0.7511
   -1.3476    0.3033    0.4578
   -1.1483    0.0367    0.6765
   -1.2655    0.4656    0.5591
   -1.1400    0.0880    0.6771
   -1.4189   -0.0307    0.5430
   -1.1492    0.2072    0.5297
   -1.2690    0.0624    0.7637
   -1.2733    0.0717    0.3117
   -1.1176    0.0225    0.4422
   -1.1553   -0.1619    0.6931
   -1.2037    0.2496    0.3421
   -1.2884    0.1583    0.9343
   -1.2087   -0.0637    0.3520
   -1.1867    0.0352    0.8558
   -1.5140    0.0231    0.3786
   -1.3465   -0.1594    0.6591
   -1.8293    0.1297    0.6862
   -1.4813    0.0434    0.5413
   -1.4015   -0.0227    0.9144
   -1.6393   -0.0663    0.5882
   -1.5275    0.1073    0.8319
   -1.6196    0.3882    0.7549
   -1.3578    0.0222    0.4227
   -1.5561    0.3101    0.4683
   -1.6848    0.2603    0.7636
   -1.1987    0.2569    0.7780
   -1.2787    0.0481    0.5453
   -1.3894    0.3178    0.7620
   -1.4657   -0.0756    0.6845
   -1.4128    0.3407    0.5269
   -1.4884    0.0624    0.3809
   -1.3520   -0.1402    0.4822
   -1.6098    0.1321    0.7337
   -1.1429    0.0883    0.4794
   -1.3664    0.3913    0.8327
   -1.3134    0.4230    0.4950
   -1.3492    0.0021    0.8060
   -1.3286    0.1477    0.4220
   -1.4072   -0.0281    0.5861
   -1.3809    0.2658    0.5564
   -1.2538    0.0411    0.6443
   -1.4829    0.1355    0.5200
   -1.3576    0.2690    0.6299
   -1.1894    0.0712    0.6308
   -1.5030   -0.0230    0.5555
   -1.4245    0.2389    0.6454
   -1.5255    0.1748    0.3769
   -1.3970    0.0711    0.7526
   -1.3876    0.3730    0.7291
   -1.6497    0.2262    0.6668
   -1.6352    0.0446    0.7347
   -1.5288    0.0928    0.5013
   -1.5261    0.2158    0.8260
   -1.8234    0.3517    0.5142
   -1.5773   -0.0638    0.6288
   -1.6314    0.3257    0.5223
   -1.6569    0.0090    0.6530
   -1.7699    0.2170    0.6957
   -1.7389    0.0018    0.5333
   -1.7392    0.3371    0.7598
   -1.9047    0.0251    0.6144
   -1.6921    0.3775    0.6416
   -1.7740    0.1520    0.7358
   -1.5261    0.3495    0.5635
   -1.5695    0.0569    0.5841
   -1.3840    0.0456    0.7112
   -1.7522    0.1005    0.4291
   -1.7459   -0.0395    0.7740
   -1.4370    0.2211    0.6701
   -1.3652    0.0040    0.4900
   -1.3673    0.1428    0.6879
   -1.5307    0.2721    0.5425
   -1.5493   -0.0869    0.8062
   -1.6053    0.1350    0.3749
   -1.3923   -0.0460    0.3973
   -1.8066    0.1802    0.4154
   -1.3634    0.0207    0.6599
   -1.7238   -0.0497    0.4378
   -1.4579    0.2036    0.6239
   -1.8389    0.0964    0.6285
   -1.6947    0.3318    0.7704
   -1.5856   -0.0283    0.5656
   -1.4129    0.3194    0.5327
   -1.6013    0.1314    0.7579
   -1.2659    0.1585    0.6355
   -1.4122    0.0834    0.4181
   -1.6062    0.1791    0.8530
   -1.6724    0.2398    0.5133
   -1.3592    0.2479    0.6495
   -1.6609    0.1562    0.4772
   -1.8580    0.1252    0.5923
   -1.5742   -0.0070    0.6737
   -1.5515    0.2114    0.6434
   -1.9214    0.2454    0.5620
   -1.7442    0.1626    0.8427
   -1.6459    0.3161    0.5585
   -1.6067   -0.0384    0.6937
   -1.6204    0.0158    0.4422
   -1.7922    0.1723    0.6409
   -1.8232   -0.1095    0.4423
   -1.7459    0.0095    0.8427
   -1.6510    0.2198    0.5060
   -1.8006    0.1706    0.7742
   -1.5928    0.1035    0.5546
   -1.5204    0.2698    0.8061
   -1.6839    0.2164    0.3981
   -1.5997    0.3179    0.6984
   -1.7318    0.0112    0.6995
   -1.6580    0.4370    0.5943
   -1.6182   -0.0799    0.4904
   -1.3957    0.2356    0.5876
   -1.6425    0.1025    0.7227
   -1.4717    0.3178    0.4644
   -1.7009    0.0647    0.6682
   -1.4706    0.2478    0.3569
   -1.7137    0.2044    0.5421
   -1.6838    0.1463    0.7086
   -1.8371    0.1624    0.3406
   -1.8285   -0.0375    0.6418
   -1.6746    0.2845    0.6392
   -1.7416    0.1960    0.3940
   -1.6226   -0.0200    0.6957
   -1.6821    0.1401    0.4305
   -1.5795    0.2400    0.6923
   -1.5754    0.0527    0.5574
   -1.7904    0.0221    0.4728
   -1.8503    0.1794    0.7244
   -1.7772    0.2207    0.4772
   -1.8226    0.0187    0.6820
   -1.9128    0.2738    0.6217
   -2.1485    0.1206    0.5217
   -2.1256    0.2231    0.6508
   -1.9326    0.0431    0.5249
   -1.8983    0.1550    0.7077
   -2.1173    0.1123    0.6895
   -1.9700    0.1957    0.5075
   -2.1402    0.0515    0.6388
   -2.0357    0.1849    0.4740
   -2.2830    0.1892    0.6603
   -2.1046    0.0945    0.5276
   -2.3446    0.1268    0.6876
   -2.1603    0.0710    0.6285
   -2.3967    0.1991    0.6930
   -2.3274    0.1675    0.5330
   -2.5507    0.1244    0.6877
   -2.5912    0.1880    0.5037
   -2.3545    0.2059    0.7020
   -2.5741    0.0943    0.5097
   -2.3328    0.2419    0.5734
   -2.5240    0.1082    0.6095
   -2.2662    0.1644    0.5350
   -2.4390    0.0674    0.6956
   -2.4756    0.2820    0.5270
   -2.2989    0.0677    0.6508
   -2.5237    0.2057    0.6338
   -2.5567    0.0006    0.6153
   -2.3999    0.1821    0.4809
   -2.5863   -0.0123    0.6654
   -2.6034    0.1397    0.5553
   -2.3998    0.1170    0.5397
   -2.6327    0.1080    0.7303
   -2.6730    0.1779    0.5792
   -2.4267    0.0486    0.6689
   -2.5185    0.2079    0.5271
   -2.3146    0.0129    0.6842
   -2.4728    0.2073    0.6225
   -2.2513    0.0575    0.5512
   -2.3647    0.2646    0.6299
   -2.2809   -0.0369    0.5200
   -2.3109    0.2188    0.6487
   -2.0926    0.1087    0.5558
   -2.0870    0.0163    0.6291
   -2.2594    0.1325    0.7325
   -2.3134    0.0626    0.4901
   -2.2795    0.1252    0.7278
   -2.1415   -0.0048    0.5589
   -2.0497    0.2207    0.5395
   -2.2746    0.0465    0.6466
   -2.0868    0.2350    0.6479
   -2.1047   -0.0261    0.7267
   -2.2950    0.1573    0.4726
   -2.0672    0.1706    0.7095
   -2.1177   -0.0038    0.5854
   -1.8867    0.0672    0.5954
   -1.8099    0.2043    0.6800
   -1.8947   -0.0096    0.4930
   -2.0086    0.1679    0.6393
   -2.2287    0.0223    0.5827
   -1.9160    0.1700    0.6613
   -1.6590    0.1362    0.4881
   -1.8670    0.1473    0.6760
   -1.8361    0.0587    0.5125
   -1.6368    0.0250    0.6080

Previous Length = 344
outputting PDB in file /storage/htc/bdm/tosin/GSDB/Structures/WT9059TG/GSM455133_30E0LAAXX.1/VC_100kb/InfMod3DGen/chr21.pdb
   100.00%
    done! closing file...
New Length = 344
spearman correlation = 0.388923
