 MATLAB Evaluation Started............
Processing file /storage/htc/bdm/tosin/GSDB/Data/WT9059TG/Cheng_Prop_WT/GSM455133_30E0LAAXX.1/VC_1mb/chr18_list.txt..............
INFO: License(s) matlab:1
Currently Loaded Modulefiles:
  1) matlab/matlab-R2018a

                            < M A T L A B (R) >
                  Copyright 1984-2018 The MathWorks, Inc.
                   R2018a (9.4.0.813654) 64-bit (glnxa64)
                             February 23, 2018

 
To get started, type one of these: helpwin, helpdesk, or demo.
For product information, visit www.mathworks.com.
 
InfMod3DGen Execution Completed........

n =

     1


m =

    77


p =

     3


XYZ =

   1.0e+03 *

    0.2730    0.1950    0.2850
    0.3227    0.1972    0.3628
    0.4177    0.2336   -0.2536
    0.3440    0.2309    0.4265
    0.6907    0.2302    0.6119
    1.3705    0.2102    0.8098
    0.8055    0.1256    1.2676
    1.2941    0.4210    1.0130
    0.6061    0.6756    1.2549
    0.9632    1.1243    1.6867
    0.6884    1.3044    1.1557
    1.0771    0.6119    1.0682
    0.4012    0.1451    1.2720
    0.7770    0.2151    1.9437
    0.0905    0.1561    1.8064
    0.6112    0.3542    1.2936
    0.3833    0.1412    1.6131
    0.7759    0.5863    1.3536
    0.9842    0.7660    0.9386
    0.3927    0.6141    1.4954
    0.2077    0.8629    1.0403
    0.6489    0.4291    1.0472
    0.8796    1.0321    1.7145
    0.9343    0.4634    1.1581
    0.5033    1.0082    1.0533
    1.0175    0.7110    1.5208
    0.6936    0.2094    1.2323
    0.8281    0.1784    0.9704
    1.3615    0.4272    1.0790
    1.6949    0.0441    1.4161
    2.1389    0.2145    1.4947
    1.4974    0.0937    1.5304
    1.9709    0.2306    1.1495
    2.0507    0.0931    0.9379
    1.8619    0.1247    1.2729
    1.4932    0.3047    1.0205
    1.6113   -0.0719    1.1930
    1.9806    0.2966    1.0817
    1.4983   -0.0984    1.1257
    0.9455    0.2461    1.1341
    1.6704   -0.2097    1.1457
    1.0646    0.1875    1.0637
    1.5332    0.1232    1.1399
    0.9016    0.0671    1.0866
    1.3994    0.2306    1.1455
    1.0307   -0.0311    1.2058
    0.4590    0.2769    1.0521
    0.5168   -0.1016    1.2092
    0.8082    0.2177    1.2246
    0.6944   -0.4236    1.0762
    0.2699   -0.6399    1.1408
    0.2310   -1.3118    1.1305
    0.6775   -1.3224    1.1090
    0.4894   -0.7088    1.1105
    0.0539   -0.3840    1.2408
    0.3695   -0.6454    0.8991
   -0.1169    0.0169    1.1007
    0.1202   -0.6433    1.2374
   -0.0499   -0.1211    0.5588
   -0.7295   -0.6546    0.8816
   -0.3109   -0.3334    0.6747
   -0.2565   -0.7195    1.1083
   -0.7669   -0.3530    0.5915
   -0.7693   -0.3575    1.0663
   -1.4047    0.2751    1.2058
   -1.2700    0.0658    1.0061
   -1.6444    0.0756    1.1626
   -1.1263    0.1713    1.2308
   -1.4170    0.2083    0.9928
   -1.5900    0.5671    1.2575
   -1.3819    0.8590    1.3584
   -1.8705    0.4787    1.3247
   -2.0328    1.0276    1.0910
   -2.5004    0.4961    1.0244
   -2.4249    0.4272    1.1460
   -2.6558    0.1069    1.6152
   -1.9499    0.4501    1.0445

Previous Length = 77
outputting PDB in file /storage/htc/bdm/tosin/GSDB/Structures/WT9059TG/GSM455133_30E0LAAXX.1/VC_1mb/InfMod3DGen/chr18.pdb
   100.00%
    done! closing file...
New Length = 77
spearman correlation = 0.307540
