 MATLAB Evaluation Started............
Processing file /storage/htc/bdm/tosin/GSDB/Data/WT9059TG/Cheng_Prop_WT/GSM455133_30E0LAAXX.1/VC_1mb/chr16_list.txt..............
INFO: License(s) matlab:1
Currently Loaded Modulefiles:
  1) matlab/matlab-R2018a

                            < M A T L A B (R) >
                  Copyright 1984-2018 The MathWorks, Inc.
                   R2018a (9.4.0.813654) 64-bit (glnxa64)
                             February 23, 2018

 
To get started, type one of these: helpwin, helpdesk, or demo.
For product information, visit www.mathworks.com.
 
InfMod3DGen Execution Completed........

n =

     1


m =

    81


p =

     3


XYZ =

   1.0e+03 *

   -0.2610    0.1530    0.8280
    0.2711    0.2054    0.9035
   -0.3278   -0.0195    0.2880
   -0.1880    0.4277    0.9672
   -0.1063   -0.0493    0.8815
    0.5876    0.2518    0.7819
    0.0683   -0.1087    1.0678
    0.5563    0.2638    0.8009
   -0.1307   -0.0614    0.7749
    0.2260    0.3868    1.1672
   -0.0336    0.5816    0.6788
    0.3547   -0.0769    1.0928
   -0.2153    0.1950    0.6690
    0.2681    0.1155    1.2197
   -0.3664    0.2216    1.0827
    0.1447    0.1851    0.5705
   -0.0921    0.2181    1.1988
    0.2401   -0.1353    0.6427
    0.2619    0.4132    1.0504
   -0.0858   -0.1077    0.7722
    0.0386    0.2969    1.2388
   -0.0728    0.0976    0.4386
    0.1575    0.3188    1.2429
    0.2121   -0.1022    0.6032
   -0.1884    0.3279    1.1290
    0.2952    0.2352    0.7976
   -0.0284   -0.2177    0.9056
    0.1059    0.4624    0.9020
    0.6385   -0.1170    0.8216
    0.9711    0.4063    0.9931
    1.4146   -0.0200    0.8495
    0.7740    0.0880    0.8071
    1.2469    0.1550    1.0600
    1.3265   -0.0334    0.6454
    1.1381    0.0739    1.1479
    0.7698    0.3049    0.5121
    0.8877   -1.5113    2.1063
    1.2566    0.9297    0.2671
    0.7752   -0.0408    1.0332
    0.2231    0.1321    0.8226
    0.9470    0.1392    0.8613
    0.3420   -0.0285    0.9213
    0.8100    0.2065    0.8468
    0.1793   -0.1134    0.8120
    0.6764    0.2812    0.9750
    0.3084   -0.1000    0.7330
   -0.2626    0.2882    1.0772
   -0.2049   -0.0355    0.5585
    0.0862    0.1641    1.1829
    0.0147    0.0006    0.5940
   -0.3131    0.0820    0.9532
    0.0982   -0.5890    1.0471
   -0.0443   -0.5995    0.6266
   -0.1420    0.0132    1.2344
   -0.1537    0.2384    0.5728
   -0.2755   -0.1397    1.2160
    0.0848    0.2396    0.6397
   -0.3742   -0.0356    1.0409
   -0.1511    0.3989    0.5913
   -0.2537   -0.1820    1.1148
   -0.2316    0.3789    0.5931
   -0.3002   -0.0907    1.1311
   -0.4380    0.2274    0.5850
   -0.0562    0.0277    1.1221
   -0.6817   -0.0006    0.6911
   -0.5470    0.3752    0.9955
   -0.9210   -0.1070    0.8250
   -0.4036    0.3031    0.8029
   -0.6940   -0.0955    1.1019
   -0.8666    0.1213    0.6127
   -0.6586    0.1369    1.1694
   -1.1467   -0.0240    0.7248
   -1.3084    0.3053    0.9897
   -1.7755   -0.1176    0.8787
   -1.6999    0.3089    0.9064
   -1.9306   -0.0317    0.8918
   -1.2257    0.2906    0.9340
   -1.6555   -0.0430    0.7647
   -1.9306    0.3190    1.0450
   -2.1024   -0.0516    0.5728
   -2.4620    0.1577    1.0139

Previous Length = 81
outputting PDB in file /storage/htc/bdm/tosin/GSDB/Structures/WT9059TG/GSM455133_30E0LAAXX.1/VC_1mb/InfMod3DGen/chr16.pdb
   100.00%
    done! closing file...
New Length = 81
spearman correlation = 0.191824
