 MATLAB Evaluation Started............
Processing file /storage/htc/bdm/tosin/GSDB/Data/WT9059TG/Cheng_Prop_WT/GSM455133_30E0LAAXX.1/VC_100kb/chr15_list.txt..............
INFO: License(s) matlab:1
Currently Loaded Modulefiles:
  1) matlab/matlab-R2018a

                            < M A T L A B (R) >
                  Copyright 1984-2018 The MathWorks, Inc.
                   R2018a (9.4.0.813654) 64-bit (glnxa64)
                             February 23, 2018

 
To get started, type one of these: helpwin, helpdesk, or demo.
For product information, visit www.mathworks.com.
 
InfMod3DGen Execution Completed........

n =

     1


m =

   820


p =

     3


XYZ =

   1.0e+03 *

   -0.3900   -0.3900    0.3900
    0.8026    0.8134   -0.8095
   -0.4531   -0.1098    0.3874
   -0.5785   -0.2512    0.6940
   -0.4240   -0.0520    0.3902
   -0.3395   -0.0418    0.5641
   -0.4122   -0.0931    0.3887
   -0.3473   -0.1913    0.6323
   -0.4328    0.0064    0.6691
   -0.3814   -0.3648    0.6801
   -0.4243    0.0947    0.5928
   -0.3337   -0.2162    0.4972
   -0.4539   -0.0633    0.4938
   -0.4006   -0.1991    0.7006
   -0.4862   -0.1134    0.3714
   -0.4245   -0.0302    0.6880
   -0.4557   -0.3367    0.5705
   -0.4007   -0.0933    0.6668
   -0.3793   -0.3267    0.5485
   -0.4247   -0.1319    0.7234
   -0.4738   -0.0168    0.3514
   -0.4138   -0.0670    0.6611
   -0.4200   -0.2873    0.7459
   -0.3844   -0.1295    0.5841
   -0.4434   -0.2718    0.6448
   -0.3758    0.0276    0.7260
   -0.4237   -0.2276    0.6963
   -0.4099   -0.2038    0.5286
   -0.3404   -0.0526    0.6365
   -0.3206   -0.2972    0.6282
   -0.2603   -0.0355    0.6723
   -0.3410   -0.2297    0.7270
   -0.2776    0.0141    0.6498
   -0.2694   -0.3586    0.5946
   -0.2889   -0.1079    0.6597
   -0.3414    0.0875    0.5448
   -0.3292   -0.2738    0.5602
   -0.2766    0.0139    0.6023
   -0.3263   -0.2375    0.6816
   -0.3978   -0.0756    0.6562
   -0.3086   -0.2520    0.5893
   -0.3855   -0.0228    0.5902
   -0.3227   -0.1920    0.4482
   -0.4023   -0.2999    0.6055
   -0.3365   -0.0111    0.6846
   -0.3745   -0.2433    0.6123
   -0.4479   -0.0282    0.6218
   -0.4420   -0.2476    0.5469
   -0.3974    0.0016    0.5755
   -0.4091   -0.4300    0.6344
   -0.4841   -0.1587    0.4654
   -0.4940    0.0155    0.5225
   -0.4109   -0.2376    0.6802
   -0.4302   -0.0698    0.5446
   -0.5066   -0.3844    0.6514
   -0.5075   -0.2578    0.5553
   -0.5814    0.0199    0.6367
   -0.5424   -0.3176    0.6260
   -0.5599   -0.0153    0.5382
   -0.6445   -0.3248    0.5860
   -0.5868   -0.1631    0.4211
   -0.4972   -0.3135    0.6093
   -0.6363   -0.0362    0.5416
   -0.6340   -0.3152    0.4250
   -0.5220   -0.0569    0.6379
   -0.6856   -0.2566    0.5836
   -0.5467    0.1134    0.6329
   -0.6648   -0.1874    0.6201
   -0.4423   -0.2012    0.6240
   -0.7331   -0.2658    0.6479
   -0.5651   -0.0022    0.6793
   -0.6840   -0.2419    0.4718
   -0.6502   -0.1618    0.6394
   -0.6019   -0.2791    0.4929
   -0.5676   -0.1006    0.6874
   -0.7679   -0.2463    0.5647
   -0.4646   -0.0436    0.6023
   -0.6525   -0.2675    0.5746
   -0.6989   -0.0482    0.7258
   -0.5071   -0.1388    0.5576
   -0.6937   -0.1389    0.6725
   -0.3832   -0.1102    0.6304
   -0.6824   -0.2391    0.6609
   -0.4708   -0.0197    0.7046
   -0.6887   -0.3394    0.7402
   -0.6082   -0.0924    0.5888
   -0.6983   -0.3501    0.6874
   -0.5822    0.0052    0.6412
   -0.7702   -0.1945    0.7065
   -0.5781   -0.3669    0.5699
   -0.5446    0.0217    0.7133
   -0.8346   -0.1129    0.6556
   -0.6363   -0.1953    0.7158
   -0.5776   -0.0171    0.5145
   -0.6467   -0.3251    0.5706
   -0.5897   -0.1565    0.8589
   -0.7086    0.1335    0.6798
   -0.7501   -0.1303    0.8130
   -0.6791   -0.1352    0.5047
   -0.8543   -0.3698    0.6609
   -0.6820   -0.0457    0.8374
   -0.6625   -0.3240    0.5458
   -0.8067   -0.0424    0.7317
   -0.6757   -0.3645    0.5872
   -0.8855   -0.1205    0.4664
   -0.5980   -0.3217    0.6793
   -0.8046   -0.2638    0.8651
   -0.6773   -0.3136    0.5861
   -0.7323   -0.0220    0.5773
   -0.7937   -0.2500    0.5626
   -0.6927   -0.0423    0.7278
   -0.5405   -0.0985    0.4450
   -0.4407   -0.1322    0.7340
   -0.7800   -0.2942    0.4328
   -0.6881   -0.3483    0.8249
   -0.9155   -0.2449    0.4734
   -0.5947   -0.0682    0.6132
   -0.8985   -0.2716    0.7575
   -0.6645   -0.1287    0.8072
   -0.9289   -0.2618    0.6248
   -0.7093   -0.0703    0.5075
   -0.8581   -0.0180    0.7931
   -0.4959   -0.2169    0.7685
   -0.7796    0.2096    0.6974
   -0.5151   -0.0281    0.7127
   -0.8820    0.1673    0.7105
   -0.6093    0.1510    0.6779
   -0.6861   -0.1301    0.6182
   -0.4741   -0.1161    0.5902
   -0.6334    0.0105    0.6477
   -0.5980   -0.0485    0.5199
   -0.8045    0.0988    0.6388
   -0.6321    0.1911    0.5518
   -0.8330   -0.0143    0.3494
   -0.5413    0.0065    0.4630
   -0.9676    0.0210    0.5164
   -0.4457    0.0196    0.4307
   -0.8242   -0.0320    0.4344
   -1.0637    0.1070    0.5026
   -0.6837    0.1090    0.4763
   -0.8456   -0.0341    0.5196
   -0.5393   -0.0133    0.4407
   -0.9481   -0.0846    0.4446
   -0.5353   -0.0513    0.4095
   -1.0605   -0.0792    0.4925
   -0.4921    0.0054    0.4315
   -0.8550    0.1903    0.4670
   -0.7717   -0.0863    0.2727
   -0.9937   -0.0663    0.2959
   -0.7332    0.0572    0.4398
   -0.9931    0.2674    0.3963
   -0.6705   -0.0201    0.3918
   -0.5025    0.0352    0.4540
   -0.7127    0.1952    0.4206
   -0.9061    0.0005    0.4771
   -0.7083   -0.0710    0.4281
   -0.4434   -0.1077    0.4866
   -0.8491    0.0771    0.4290
   -0.7035   -0.0951    0.2686
   -0.5573   -0.0560    0.4255
   -0.7557   -0.0949    0.4728
   -0.6121    0.1695    0.3900
   -0.6759   -0.0782    0.3340
   -0.7044   -0.1537    0.2328
   -0.4014   -0.1286    0.4291
   -0.9031   -0.1135    0.3014
   -0.5531   -0.1056    0.6052
   -0.9722   -0.1221    0.6150
   -0.8473   -0.0479    0.5569
   -0.7220   -0.1234    0.6394
   -0.5727   -0.1198    0.5240
   -0.6213    0.1467    0.6313
   -0.6520   -0.0756    0.7202
   -0.4455   -0.1526    0.4036
   -0.8456   -0.1640    0.4274
   -0.4776   -0.1026    0.5867
   -0.6372    0.2551    0.6491
   -0.4999    0.1040    0.7386
   -0.7734    0.1490    0.4632
   -0.5413   -0.1228    0.7235
   -0.5868    0.2960    0.7559
   -0.4910   -0.1058    0.4421
   -0.9214   -0.1901    0.5746
   -0.5441   -0.1970    0.8190
   -0.8519    0.1492    0.7764
   -0.6470   -0.0394    0.7815
   -0.6174   -0.1346    0.4995
   -0.7798   -0.2008    0.8289
   -0.8811    0.1875    0.7649
   -0.9240   -0.1068    0.4507
   -0.6746   -0.1815    0.3958
   -0.6279    0.0972    0.7683
   -0.9225    0.1768    0.5951
   -0.6924   -0.1749    0.6143
   -0.7929   -0.0082    0.9271
   -0.5184   -0.0344    0.8613
   -0.7275    0.0223    0.6632
   -0.9689    0.0187    0.7512
   -0.9728   -0.2377    0.7348
   -0.7055   -0.0253    0.7578
   -0.8651   -0.2293    0.6627
   -0.8323    0.0719    0.7169
   -0.7728   -0.2602    0.6256
   -0.7486   -0.0099    0.7820
   -0.8309   -0.0654    0.5645
   -0.8846   -0.0739    0.8164
   -0.6951   -0.1941    0.7473
   -0.9232   -0.0059    0.6497
   -0.7119   -0.0391    0.5736
   -0.6837   -0.1441    0.8298
   -0.9292   -0.0914    0.7134
   -0.7021   -0.0817    0.6925
   -0.9746   -0.0824    0.7013
   -0.6283    0.0688    0.8654
   -0.6750   -0.1650    0.8119
   -0.9168   -0.1063    0.5585
   -0.8026   -0.0476    0.8068
   -0.6676    0.0433    0.6686
   -0.8307   -0.2093    0.8527
   -0.8087    0.1673    0.7260
   -0.6918   -0.2124    0.7045
   -0.8897    0.0954    0.7766
   -1.0521   -0.2470    0.7838
   -0.6153   -0.1732    0.6839
   -0.9834   -0.0598    0.5110
   -0.7095   -0.2195    0.5192
   -0.9890    0.0503    0.6278
   -0.8836   -0.1834    0.4342
   -0.8037   -0.1104    0.6480
   -0.9949    0.0525    0.7391
   -0.7413   -0.1060    0.4690
   -0.7940   -0.1620    0.9474
   -0.9977   -0.0394    0.7685
   -0.8846   -0.0187    0.4868
   -0.6098   -0.1107    0.7991
   -0.9489   -0.1981    0.6799
   -0.6995   -0.1487    0.5937
   -0.6999   -0.2243    0.9640
   -0.5481   -0.1696    0.6606
   -0.8704    0.1172    0.7944
   -0.9019   -0.1418    0.6297
   -0.7184    0.0814    0.8107
   -0.9737   -0.1991    0.6490
   -0.6305   -0.0698    0.8140
   -0.6762   -0.0806    0.5537
   -0.9049   -0.0434    0.9121
   -0.8136   -0.0408    0.5822
   -0.8303   -0.1051    0.8844
   -0.7015   -0.0818    0.6961
   -0.7834   -0.1939    0.5395
   -0.8346    0.2285    0.7235
   -0.7379   -0.2120    0.8306
   -0.7699   -0.1252    0.6224
   -0.9110   -0.3083    0.8750
   -0.7328   -0.3527    0.8201
   -0.8128   -0.1066    0.8414
   -0.7788   -0.0993    0.3913
   -0.7981    0.0382    0.7867
   -0.8865   -0.3127    0.5547
   -0.8442   -0.0516    0.8342
   -0.8495   -0.3780    0.7219
   -0.7965   -0.0713    0.9225
   -0.8788   -0.3468    0.4561
   -0.8509   -0.0690    0.4270
   -0.9103   -0.3331    0.5152
   -0.8337    0.0296    0.6542
   -0.9173   -0.2464    0.3680
   -0.8517   -0.1995    0.7230
   -0.8956    0.0430    0.5265
   -0.9712   -0.2522    0.7460
   -0.9529    0.0236    0.6300
   -0.9242   -0.2541    0.9070
   -0.8381   -0.1803    0.5546
   -0.8840    0.1341    0.8527
   -0.8423   -0.0444    0.5669
   -0.8774   -0.2407    0.8814
   -0.9425   -0.1520    0.4075
   -0.9449    0.0209    0.9007
   -1.0164   -0.1734    0.6280
   -1.0110    0.0052    0.8567
   -1.0598   -0.2461    0.5425
   -1.1361   -0.1221    0.5147
   -1.1237    0.0353    0.4226
   -1.0705   -0.0959    0.3996
   -1.0519    0.1665    0.7603
   -1.1192   -0.0864    0.8559
   -1.0907    0.1497    0.5135
   -1.1478   -0.2235    0.8342
   -1.1262    0.2327    0.7873
   -1.2088   -0.2213    0.9098
   -1.1553   -0.0260    0.8327
   -1.2340   -0.2707    0.7275
   -1.1854   -0.0251    0.5212
   -1.2621   -0.2554    0.7856
   -1.2757   -0.0573    0.5809
   -1.3453    0.0744    0.7511
   -1.3673   -0.1873    0.6914
   -1.2904    0.0260    0.6711
   -1.3580   -0.2544    0.6476
   -1.2786   -0.0287    0.6845
   -1.3309   -0.3505    0.6991
   -1.2427   -0.1139    0.6402
   -1.2850   -0.3357    0.6922
   -1.2966    0.0099    0.6505
   -1.2522   -0.1574    0.4504
   -1.3227   -0.2345    0.7107
   -1.3405   -0.2814    0.5001
   -1.3068   -0.0767    0.6977
   -1.3565   -0.1817    0.5121
   -1.3657   -0.3874    0.6990
   -1.3068    0.0505    0.6606
   -1.3815   -0.2252    0.5756
   -1.4033    0.0061    0.7201
   -1.3213   -0.2959    0.6591
   -1.3198    0.0620    0.7178
   -1.2607   -0.1260    0.7395
   -1.2951    0.1306    0.5506
   -1.2265   -0.4812    0.6214
   -1.2367   -0.0651    0.6234
   -1.1825   -0.3914    0.5275
   -1.2076   -0.1930    0.6222
   -1.1407    0.1037    0.5769
   -1.1377   -0.4121    0.6124
   -1.1798   -0.1942    0.3043
   -1.2090   -0.0144    0.6249
   -1.1906   -0.3018    0.5547
   -1.1104    0.1264    0.5640
   -1.1775   -0.2446    0.6241
   -1.1799   -0.3566    0.6260
   -1.1295   -0.1119    0.6429
   -1.1391   -0.3439    0.7106
   -1.1909   -0.0514    0.5111
   -1.1189   -0.2697    0.7613
   -1.0951   -0.4534    0.6788
   -1.0213   -0.1948    0.5385
   -0.9620   -0.0297    0.7097
   -0.9495    0.1789    0.6370
   -1.0361   -0.2056    0.3983
   -1.0092   -0.1070    0.6701
   -0.9812    0.0665    0.5715
   -0.8966   -0.2946    0.6822
   -0.9596   -0.0786    0.6030
   -0.9429   -0.5908    0.4947
   -0.8862   -0.3300    0.5978
   -0.9301   -0.4438    0.4357
   -0.8811    0.0781    0.5101
   -0.8137   -0.3258    0.5841
   -0.8047   -0.0672    0.5272
   -0.8647   -0.3160    0.3447
   -0.7984   -0.1140    0.4386
   -0.8241   -0.4813    0.4747
   -0.7357   -0.0980    0.5571
   -0.8233   -0.4120    0.5610
   -0.8192    0.0480    0.6386
   -0.7741   -0.2533    0.6049
   -0.8421   -0.2479    0.4740
   -0.7982   -0.1175    0.5107
   -0.8389   -0.3237    0.5788
   -0.7878    0.1876    0.6257
   -0.8073   -0.1920    0.3671
   -0.8917    0.1055    0.4665
   -0.8722   -0.4132    0.6284
   -0.8322   -0.0021    0.6083
   -0.8608   -0.1779    0.3196
   -0.7716   -0.5342    0.7208
   -0.8199   -0.0771    0.7154
   -0.8003   -0.4168    0.4517
   -0.8531    0.0512    0.3895
   -0.8300   -0.4483    0.7154
   -0.7495   -0.5450    0.6339
   -0.7641   -0.1936    0.6582
   -0.8570   -0.3591    0.7389
   -0.7997    0.0156    0.6294
   -0.8682   -0.2300    0.7393
   -0.7864   -0.1718    0.5334
   -0.9242   -0.1881    0.3708
   -0.7870   -0.4909    0.5504
   -0.7801   -0.2604    0.3569
   -0.8484   -0.4206    0.5023
   -0.8172    0.0689    0.5687
   -0.8948   -0.3791    0.4435
   -0.8946   -0.0273    0.4849
   -0.8274   -0.3200    0.5920
   -1.0207   -0.0691    0.6730
   -1.2019   -0.2806    0.6871
   -0.8696   -0.0786    0.6124
   -0.9321   -0.4151    0.6821
   -0.8542   -0.1723    0.3321
   -1.1484   -0.0521    0.6743
   -0.8395   -0.4173    0.5986
   -0.8861    0.0753    0.7533
   -0.8570   -0.1114    0.4977
   -1.0306   -0.2001    0.8323
   -0.8234   -0.2890    0.8512
   -0.8340   -0.2341    0.4680
   -0.8028    0.0208    0.8088
   -0.7596   -0.2942    0.5808
   -0.7954   -0.0701    0.6694
   -0.7229   -0.1982    0.8650
   -0.7962    0.1480    0.7409
   -0.7556   -0.3630    0.7505
   -0.9862    0.1158    0.6695
   -0.7727   -0.4783    0.6888
   -0.9593   -0.3948    0.8917
   -0.8074   -0.5195    0.7626
   -0.8240   -0.2801    0.9798
   -0.9114   -0.0118    1.0364
   -0.8633   -0.2989    0.7879
   -1.1364   -0.2245    0.9660
   -0.9285   -0.2360    0.8909
   -1.0337   -0.0102    0.6354
   -0.9223   -0.4182    0.8454
   -0.9711   -0.0691    0.4606
   -0.9358   -0.4458    0.9276
   -0.9889   -0.3013    0.6184
   -1.0553   -0.2000    0.7709
   -1.0102   -0.4842    0.7856
   -0.9297   -0.3463    0.4901
   -0.9545    0.0356    0.7048
   -0.8841   -0.2214    0.5843
   -0.9218   -0.3900    0.7220
   -0.8913   -0.0814    0.6481
   -0.9645   -0.2854    0.8207
   -0.9001   -0.0389    0.8408
   -0.9738   -0.1590    0.5119
   -0.9676   -0.2656    0.8423
   -1.0231   -0.1787    0.6166
   -0.9814   -0.1238    0.9576
   -0.9756    0.1194    0.8257
   -1.0621   -0.2019    1.0292
   -1.0596   -0.3432    0.7274
   -0.9903    0.0555    0.6312
   -1.0842   -0.0381    0.9349
   -0.9591   -0.1511    1.1303
   -1.0401   -0.3152    0.6372
   -0.9584    0.0039    0.8153
   -0.9577   -0.1860    0.9706
   -0.8695   -0.2145    0.6424
   -1.0969   -0.0137    0.7183
   -0.8292   -0.1954    0.5963
   -0.8174   -0.1773    0.7970
   -0.9463   -0.3024    0.6887
   -0.7980   -0.0768    0.8850
   -0.8733   -0.0571    0.6000
   -0.8124   -0.2640    0.8479
   -0.9822   -0.0037    0.7369
   -0.8513   -0.2169    0.9731
   -0.7814    0.0062    0.7270
   -1.0392   -0.1640    0.8755
   -0.8133   -0.0897    0.6261
   -0.8284   -0.1900    0.7927
   -0.9852    0.0065    1.0148
   -0.9764   -0.0152    0.5679
   -0.8059    0.0732    0.9635
   -1.0460   -0.1620    0.8863
   -1.0582    0.1075    0.7094
   -0.7366   -0.1791    0.8279
   -1.0172   -0.1472    0.8369
   -0.7979   -0.0675    0.7307
   -0.8762   -0.3197    0.9053
   -0.8333   -0.0531    0.7188
   -0.7650   -0.0197    0.9726
   -0.7942   -0.1511    0.7557
   -0.9684   -0.2188    0.6647
   -0.8530   -0.0988    0.9491
   -0.8395    0.0382    0.8062
   -0.7880   -0.1787    0.6334
   -0.7585   -0.1675    0.9519
   -0.6971    0.1196    0.8777
   -1.0476    0.0001    0.7041
   -0.7460    0.1224    0.8444
   -0.6897   -0.1089    0.7174
   -0.7100   -0.1499    0.4428
   -0.9537   -0.0086    0.8549
   -0.5931   -0.2053    0.7535
   -0.9007   -0.0615    0.6614
   -0.6960   -0.1493    1.0056
   -0.5931   -0.0648    0.6260
   -0.6242   -0.0329    0.8161
   -0.7889    0.0037    0.5950
   -0.7357    0.0351    0.9136
   -0.8325    0.0651    0.5890
   -0.8870   -0.1480    0.8404
   -0.7761   -0.1710    0.6284
   -1.0125    0.0417    0.9147
   -0.6669   -0.2023    0.7371
   -0.8845   -0.1993    0.8548
   -0.7002   -0.2603    0.5662
   -0.6932   -0.3434    0.9461
   -0.6485   -0.0057    0.7432
   -0.6719   -0.2430    0.6355
   -0.6650   -0.2867    0.8499
   -0.6998   -0.0275    0.6359
   -0.7510   -0.2331    0.8507
   -0.8031    0.0716    0.6143
   -0.7518   -0.1518    0.8072
   -0.7154   -0.1003    0.6174
   -0.8065   -0.0249    0.9462
   -0.7577   -0.1671    0.7325
   -0.8115    0.0341    0.7153
   -0.7930   -0.0930    0.9236
   -0.9349   -0.1697    0.8713
   -0.8444   -0.2496    0.6881
   -0.8833   -0.0851    1.0025
   -0.8287   -0.2447    0.5986
   -0.9095   -0.2003    1.0403
   -0.9129    0.0341    0.6792
   -0.9856   -0.3715    0.8774
   -1.0287   -0.0177    0.7813
   -0.9462   -0.2430    0.6712
   -0.9610   -0.2072    0.9761
   -1.0426   -0.1818    0.6282
   -1.0991   -0.1425    0.9079
   -1.0140    0.0358    0.6751
   -1.0225   -0.1766    0.8274
   -0.9863   -0.3513    0.4669
   -1.0488    0.0683    0.8886
   -0.9762   -0.3423    0.8189
   -0.9933   -0.0264    0.7327
   -0.9523   -0.2233    0.8588
   -0.9892   -0.1931    0.6111
   -0.9553    0.1538    0.9269
   -1.0048   -0.1325    0.8696
   -1.0163   -0.1297    0.5517
   -0.9800   -0.3576    0.6559
   -1.0407   -0.1289    0.8664
   -0.9587   -0.3038    0.6506
   -0.9974    0.0095    0.5475
   -1.0869   -0.3034    0.9373
   -1.0420   -0.2563    0.4770
   -1.0973   -0.1811    0.7692
   -1.0480   -0.1270    1.1258
   -1.2166   -0.1240    0.6643
   -1.0369   -0.3136    0.7483
   -1.1029   -0.0951    0.7701
   -1.0497   -0.2831    0.7356
   -1.0758   -0.0004    0.6869
   -0.9973   -0.2292    0.5911
   -0.9769   -0.1080    0.7464
   -1.0597   -0.1529    0.8703
   -1.0375   -0.1177    0.6122
   -0.9804   -0.3578    0.8229
   -1.0562    0.0634    0.7212
   -1.0519   -0.1773    0.6863
   -1.1194   -0.3219    0.7484
   -1.0377   -0.1249    0.8474
   -1.1093   -0.1732    0.5984
   -1.1533   -0.1600    0.8947
   -1.1396   -0.1224    0.6844
   -1.0750   -0.2769    0.8282
   -1.0968   -0.3023    0.5757
   -1.0798   -0.4136    0.8950
   -0.9935   -0.1172    0.7397
   -1.0499   -0.3338    0.7383
   -0.9654   -0.0764    0.7773
   -1.0344   -0.4493    0.5981
   -0.9916   -0.4273    0.9339
   -0.9348   -0.2795    0.5380
   -0.8977   -0.2730    0.8093
   -0.9466   -0.1623    0.5016
   -1.0441   -0.2584    0.8174
   -1.0406   -0.3330    1.0732
   -0.9761   -0.1448    0.8815
   -0.9460   -0.2033    0.5169
   -1.0034   -0.4434    0.7863
   -0.9783   -0.1178    0.6744
   -0.9065   -0.2277    0.7840
   -0.9657   -0.5018    0.6384
   -0.9256   -0.0763    0.5260
   -0.9155   -0.2580    0.9461
   -0.9824   -0.3248    0.5974
   -0.9134    0.0473    0.7575
   -0.9651   -0.2994    0.7090
   -0.9266   -0.1558    0.8619
   -0.9295   -0.1941    0.6282
   -1.0152   -0.2144    0.8806
   -0.9910   -0.1864    0.6031
   -1.0372   -0.1255    0.7094
   -0.9629   -0.1190    0.8533
   -0.9062   -0.2896    0.6627
   -0.9465   -0.3724    0.7485
   -0.8856   -0.0643    0.6871
   -0.8820   -0.4336    0.8299
   -0.9240   -0.1936    0.8302
   -0.8162   -0.1537    0.7831
   -0.8671   -0.3079    0.7090
   -0.9336   -0.1029    0.7208
   -0.9886   -0.0977    0.8752
   -0.9516   -0.4474    0.7400
   -0.9795   -0.3794    1.0163
   -0.8943   -0.1241    1.0138
   -0.8424   -0.3935    0.7838
   -0.8848   -0.1170    0.9138
   -0.8241   -0.3429    0.8850
   -0.8200    0.0905    0.8001
   -0.9035   -0.2389    0.7947
   -0.8698    0.0190    0.9135
   -0.8779   -0.3449    0.8249
   -0.9656   -0.1020    1.0222
   -0.9682   -0.2180    0.7666
   -0.9189   -0.0054    0.8002
   -0.9849   -0.2758    0.7195
   -0.9095   -0.0273    0.9001
   -0.9778   -0.3733    0.7030
   -0.9067   -0.0775    0.6523
   -0.8916   -0.2925    0.7771
   -0.8242   -0.0500    0.8887
   -0.8739   -0.3715    0.9876
   -0.8498   -0.0831    0.7457
   -0.7656   -0.3300    0.8855
   -0.7882    0.0329    0.7305
   -0.8667   -0.4875    0.7919
   -0.7872   -0.1285    0.8794
   -0.8733   -0.1213    0.6911
   -0.8877   -0.3089    0.7482
   -0.9352   -0.1164    0.6086
   -0.9127   -0.4252    0.7649
   -0.9915   -0.0690    0.8149
   -0.9208    0.1686    0.6303
   -0.9521   -0.2518    0.6546
   -0.9177   -0.2415    0.9124
   -0.9223   -0.1049    0.7102
   -0.9927   -0.3911    0.8155
   -0.9707   -0.1443    0.8087
   -1.0390   -0.3233    0.7455
   -1.0596   -0.1942    0.8982
   -0.9721    0.0103    0.9172
   -1.0590   -0.1539    0.6217
   -1.0400   -0.3600    0.8705
   -1.0857   -0.1338    0.6984
   -1.0012   -0.3497    0.6709
   -0.9886   -0.0742    0.7628
   -0.9015   -0.2321    0.5151
   -0.9094   -0.4292    0.8613
   -0.8316   -0.0308    0.5887
   -0.8800   -0.1935    0.7816
   -0.8839   -0.1366    1.0021
   -0.7755   -0.4313    0.6779
   -0.8058   -0.0408    1.0428
   -0.7362   -0.2768    0.6357
   -0.7671    0.0238    0.9667
   -0.6749   -0.3744    0.6886
   -0.9626   -0.1269    0.9116
   -0.8266   -0.3202    0.8300
   -0.8318   -0.0897    0.8816
   -0.7141   -0.2007    0.7499
   -0.9353   -0.1843    0.9490
   -0.7650   -0.3265    0.7896
   -0.8161   -0.0933    0.7849
   -0.7874   -0.3853    0.7876
   -0.7183   -0.0500    0.6988
   -0.8986   -0.3198    0.9304
   -0.7235   -0.1630    0.7101
   -0.6870   -0.5608    0.7049
   -0.7307   -0.5232    0.9436
   -0.6403   -0.2379    0.7320
   -0.8919   -0.4114    0.9486
   -0.6727   -0.1408    0.9589
   -0.6304   -0.2296    0.7613
   -0.8086   -0.1625    0.7668
   -0.6704   -0.4237    0.7873
   -0.5897   -0.0945    0.7380
   -0.7330   -0.0883    0.8226
   -0.4791   -0.1954    0.7981
   -0.6384   -0.0907    0.8635
   -0.4621   -0.1654    0.9620
   -0.7768   -0.2956    0.8996
   -0.5782   -0.1615    0.9589
   -0.4384   -0.2222    0.8847
   -0.6242   -0.2101    0.8592
   -0.6422   -0.4617    0.9003
   -0.7094   -0.2533    0.8306
   -0.4811   -0.2837    0.8434
   -0.6822   -0.1978    0.8012
   -0.6030   -0.3771    0.8832
   -0.8392   -0.1750    0.9058
   -0.7596   -0.2639    0.8590
   -0.6727   -0.2958    1.0006
   -0.5423   -0.2268    0.9494
   -0.7443   -0.3432    0.8864
   -0.5567   -0.2372    0.9257
   -0.8667   -0.2788    0.9990
   -0.5800   -0.2292    0.9636
   -0.7990   -0.1692    0.9036
   -0.5709   -0.1812    0.9455
   -0.5680   -0.3064    0.9839
   -0.7103   -0.4497    0.9455
   -0.7617   -0.2218    1.0045
   -0.5659   -0.2800    0.9660
   -0.9284   -0.2563    1.0378
   -0.7661   -0.2117    1.0183
   -0.6418   -0.3511    1.0184
   -0.8612   -0.3400    1.0967
   -0.6774   -0.3473    1.1303
   -0.8093   -0.3330    1.1017
   -0.7138   -0.2619    1.0355
   -0.9022   -0.2939    1.0461
   -0.6386   -0.2058    0.9754
   -0.8350   -0.2116    0.9605
   -0.5775   -0.1582    1.0077
   -0.7565   -0.3200    0.9934
   -0.7286   -0.1299    1.0752
   -0.7413   -0.1618    1.0918
   -0.7250   -0.3897    1.0493
   -0.6362   -0.2094    1.0983
   -0.5193   -0.1802    1.0865
   -0.6651   -0.3496    1.1006
   -0.6571   -0.1295    1.1600
   -0.6377   -0.2977    1.1014
   -0.5525   -0.1429    1.0753
   -0.5591   -0.1105    0.9927
   -0.4825   -0.3078    0.9904
   -0.4386   -0.1534    0.9280
   -0.5105   -0.4062    0.9012
   -0.5665   -0.1598    1.0145
   -0.5060   -0.4955    0.9583
   -0.4981   -0.0903    1.0000
   -0.6357   -0.0944    0.9491
   -0.6201   -0.4026    0.9887
   -0.5778   -0.1146    0.9525
   -0.6333   -0.2930    0.9715
   -0.7101   -0.1478    0.9356
   -0.5540   -0.1473    1.0976
   -0.5095   -0.3088    0.9262
   -0.6643   -0.0801    0.9908
   -0.6701   -0.1299    0.9082
   -0.4793   -0.2791    0.8723
   -0.6500   -0.4237    0.9324
   -0.6657   -0.0859    0.8448
   -0.5965   -0.3078    0.8794
   -0.6085   -0.0438    0.8010
   -0.5334   -0.3927    0.8064
   -0.6016   -0.1139    0.7249
   -0.5620   -0.2175    0.7729
   -0.5184   -0.4475    0.8108
   -0.5450   -0.1423    0.7464
   -0.5098   -0.0401    0.8309
   -0.5464   -0.4286    0.7481
   -0.5010   -0.0843    0.8009
   -0.5495   -0.0009    0.8033
   -0.3153   -0.0818    0.7383
   -0.4325   -0.0624    0.7721
   -0.4869   -0.0919    1.0386
   -0.4229   -0.3413    0.7811
   -0.4742   -0.0410    0.8496
   -0.4658   -0.3084    0.7940
   -0.4120    0.0030    0.8170
   -0.3644   -0.2321    0.7607
   -0.4275    0.0561    0.9294
   -0.3680   -0.0175    0.8621
   -0.4420   -0.0475    0.9452
   -0.4842   -0.1273    0.7443
   -0.4158    0.0193    0.7951
   -0.4466   -0.0702    1.0666
   -0.4120   -0.0182    0.8985
   -0.4974   -0.2190    1.0179
   -0.5135   -0.4217    0.9097
   -0.4639   -0.2192    0.8896
   -0.3864   -0.4383    0.9334
   -0.4065   -0.0516    0.8472
   -0.3732   -0.3895    1.0663
   -0.4223   -0.2521    0.8859
   -0.3135   -0.1788    0.8020
   -0.4658   -0.4011    0.8236
   -0.4240   -0.1171    0.9010
   -0.4099   -0.4234    0.8076
   -0.4834   -0.1339    0.7889
   -0.5147   -0.2395    0.7118
   -0.4419   -0.4739    0.8897
   -0.4539   -0.1719    0.7189
   -0.4046   -0.4216    0.6769
   -0.3419   -0.1292    0.7631
   -0.5368   -0.2711    0.7518
   -0.5319   -0.1027    0.7587
   -0.5705   -0.4935    0.8190
   -0.5230   -0.2022    0.7779
   -0.4706   -0.4384    0.8118
   -0.3864   -0.1601    0.7520
   -0.3353   -0.4786    0.8180
   -0.3544   -0.2770    0.7743
   -0.2888   -0.2468    0.7623
   -0.2534   -0.3686    0.7743
   -0.3297   -0.2768    0.9586
   -0.2495   -0.3070    0.7881
   -0.2613   -0.2272    0.8192
   -0.1747   -0.2933    0.7698
   -0.2289   -0.3057    1.0004
   -0.2214   -0.2525    0.6847
   -0.2331   -0.4840    0.7366
   -0.3101   -0.2658    0.8756
   -0.3513   -0.3554    0.6398
   -0.3452   -0.2811    0.5642
   -0.2669   -0.4001    0.6310
   -0.2310   -0.2753    0.8847
   -0.2605   -0.3166    0.7648
   -0.2215   -0.3039    0.5027
   -0.2491   -0.2156    0.8255
   -0.1959   -0.2561    0.5209
   -0.2206   -0.1901    0.6466
   -0.3003   -0.3388    0.8407
   -0.2417   -0.1859    0.7571
   -0.2339   -0.2529    0.5952
   -0.1956   -0.2065    0.8824
   -0.1184   -0.3246    0.7677
   -0.1056   -0.1736    0.6211
   -0.1196   -0.2531    0.8711
   -0.1697   -0.1826    0.7537
   -0.1305   -0.2212    0.6105
   -0.0852   -0.3056    0.9208
   -0.0573   -0.2831    0.6485
    0.0300   -0.2952    0.6353
   -0.0410   -0.3159    0.7691
    0.0361   -0.3761    0.6595
   -0.0048   -0.3213    0.7430
    0.0696   -0.4010    0.8974
    0.0135   -0.3408    0.7803
   -0.0506   -0.3193    0.9372
    0.0213   -0.3124    0.6221
   -0.0183   -0.3593    0.8638
   -0.0474   -0.2781    0.6198

Previous Length = 820
outputting PDB in file /storage/htc/bdm/tosin/GSDB/Structures/WT9059TG/GSM455133_30E0LAAXX.1/VC_100kb/InfMod3DGen/chr15.pdb
    48.78%    97.56%   100.00%
    done! closing file...
New Length = 820
spearman correlation = 0.470318
