 MATLAB Execution Started............
Processing file /storage/htc/bdm/tosin/GSDB/Data/WT9059TG/Cheng_Prop_WT/GSM455133_30E0LAAXX.1/VC_1mb/chrY_list.txt..............
INFO: License(s) matlab:1
Currently Loaded Modulefiles:
  1) matlab/matlab-R2018a

                            < M A T L A B (R) >
                  Copyright 1984-2018 The MathWorks, Inc.
                   R2018a (9.4.0.813654) 64-bit (glnxa64)
                             February 23, 2018

 
To get started, type one of these: helpwin, helpdesk, or demo.
For product information, visit www.mathworks.com.
 
{Error using dlmread (line 62)
The file
'/storage/htc/bdm/tosin/GSDB/Data/WT9059TG/Cheng_Prop_WT/GSM455133_30E0LAAXX.1/VC_1mb/chrY_list.txt'
could not be opened because: No such file or directory

Error in create_dataInput (line 1)
list_data=dlmread(inputdata);

Error in ChrMod_main (line 11)
create_dataInput; %created a new input data to be used a input

Error in call_InfMod3DGen_SaqsLy (line 1)
ChrMod_main('/storage/htc/bdm/tosin/GSDB/Data/WT9059TG/Cheng_Prop_WT/GSM455133_30E0LAAXX.1/VC_1mb/chrY_list.txt','/storage/htc/bdm/tosin/GSDB/Data/WT9059TG/Cheng_Prop_WT/GSM455133_30E0LAAXX.1/VC_1mb/chrY_InfMod3DGen.txt','/storage/htc/bdm/tosin/GSDB/Structures/WT9059TG/GSM455133_30E0LAAXX.1/VC_1mb/InfMod3DGen/chrY.mat',24,1)

Error in run (line 91)
evalin('caller', strcat(script, ';'));
} 
