 MATLAB Evaluation Started............
Processing file /storage/htc/bdm/tosin/GSDB/Data/WT9059TG/Cheng_Prop_WT/GSM455133_30E0LAAXX.1/VC_100kb/chr3_list.txt..............
INFO: License(s) matlab:1
Currently Loaded Modulefiles:
  1) matlab/matlab-R2018a

                            < M A T L A B (R) >
                  Copyright 1984-2018 The MathWorks, Inc.
                   R2018a (9.4.0.813654) 64-bit (glnxa64)
                             February 23, 2018

 
To get started, type one of these: helpwin, helpdesk, or demo.
For product information, visit www.mathworks.com.
 
InfMod3DGen Execution Completed........

n =

     1


m =

        1951


p =

     3


XYZ =

   78.0000  210.0000  168.0000
   -1.1480  205.5963  -68.5287
  -29.0734  -23.0548  212.0852
    4.9549  423.9023   69.9435
   10.2788  -65.6945   78.6273
   87.1157  269.3830  358.5682
  -55.4731   66.4479  -23.2083
  271.9585  245.4315  184.6155
 -132.3276  216.4537  364.9906
  271.9466  391.7112  248.3268
   16.1485  281.5184   98.5861
  182.1454  131.9876  351.5150
   51.5191  454.5757  263.9179
   54.8083   41.0388  331.3167
   28.4424  172.1750  209.8457
   -5.8095  370.7954  328.0944
  143.5449  232.3632  148.3235
   -2.2489  305.4281  407.1957
  159.0863  -17.7887  304.9142
   27.0536  129.1081  438.9136
  229.9856  173.4866  358.4924
   95.8348  200.0386  112.8681
  -23.6079  215.6958  429.8390
  -65.6297   78.9012   74.7174
   15.0746  280.3927   -0.7818
  262.8988  108.2149  323.2950
  -22.5638  227.0770  205.5940
  221.7560   69.3921  244.2371
  -24.3762  269.7703   97.3735
  127.9393  -34.7384  143.5971
  260.9439  314.7204  276.8751
  -74.8101  286.5848  131.8177
  287.7990  199.9610  324.4731
   19.1402  456.0303   86.6852
  -15.1337   89.7216  414.2479
  167.9583  319.5214   33.1579
   48.3910  145.5703  474.8768
  192.3262  425.2230  195.7571
  133.0747  114.1276  203.8293
  -47.8524  275.6793   62.2479
  -13.5575  240.0717  379.6322
  225.6312    8.2070  246.3858
  110.9718  433.2217  329.6421
   90.7591  183.9002   17.4953
  -37.3133  119.5740  490.3979
  233.6184   44.6753   72.0394
   90.6626  382.9693  347.0670
  126.8076  -26.4260  174.3353
  -18.4935  375.1724  178.1710
  191.3128  297.4255  437.7656
  110.5528  169.4872  178.3625
   -5.6658  255.0806  470.7648
  -37.6098  128.5043  326.0869
  231.1540  -50.2613  242.8393
  143.6297  117.4163  523.8843
  118.3362  249.3553  -17.5703
  119.1221  271.2387  569.2015
  231.8660   48.4707  261.4721
   36.6036  470.7308  230.9050
  259.7788  308.8516   93.3108
  196.3952  405.1710  363.2152
  106.3604   -0.6766  372.6498
  -24.2595  254.1047   58.6865
  231.4449  -64.9716  148.3625
  241.0234  469.1130  111.7538
  156.1902  144.0671   33.3970
   41.9752  -38.3962  256.0765
  221.0104  274.2010  160.1797
  -23.6466   35.8547  126.2502
  209.9376  228.5458  398.9637
  141.1013  290.2712  -39.5457
   59.6665  -31.2657  411.6202
  135.6664  365.4524  338.3667
   16.3782 -114.3185  261.1885
   27.3223  323.7664   62.8942
   -7.0801  300.8854  439.4330
  131.1812  -17.9705   12.9034
   28.9206  186.2718   39.8892
  286.9215  171.7588  263.2122
   -9.6300  183.6265   22.3870
  200.9390  289.8432  319.8827
  204.7944   97.8612  113.8699
  -43.9011  394.9122  284.3986
  123.3804  186.8653  186.8271
  189.7847  153.0758  453.7795
  128.1178  166.1454  162.0792
  -17.0568  225.4448  314.4886
  160.5815   88.2255  231.3304
  -76.1231  387.2945  181.0129
  132.5647  279.2740  230.6276
   14.9015   61.3487  334.5821
  212.0970  188.0473  205.2146
  121.6989  246.6113  299.6802
   77.3573    5.1507  315.2166
   64.2959  311.5385  324.6121
  109.2973   52.2720  338.1410
  122.2274  185.6941  171.8137
   69.4969  172.5335  307.8132
   38.0925  217.9137  170.0832
  151.4555  103.9674  173.2772
   74.8717  253.9971  378.4535
  140.0936   79.4754  211.5912
    5.0615  302.8411  231.1540
   40.1295  118.8711  269.1849
   42.0439  272.9386  156.3578
  149.8779  105.3366  334.3019
   32.9636  206.0720  117.8219
  108.6899  266.9334  295.2201
  104.8106   53.8360  146.3555
  -48.9138  143.4814  226.0508
   62.8382  279.3757  318.1230
   10.7171   68.0645  188.5612
  104.2505  209.0703  313.7223
   90.2025  256.0284   37.0718
   50.0781   80.5161  360.5853
   99.8622  176.5195  145.0219
  103.9948  305.5391  295.9486
   -6.1936   78.0088  190.4249
  204.4911   37.5010  144.8929
   33.9871  150.0052  241.5904
  -16.4768  319.4859  328.8455
  137.0409   -6.6538  223.9327
   48.7121  417.8195  221.6643
   91.2347  262.2000   22.9912
   53.6602  193.3314  405.1868
   49.1645   86.8058   59.0528
   19.2336  131.4517  413.7814
  -15.0443  214.6862  218.1260
  127.7373   15.0720  248.3205
   97.1981  219.5172  193.8440
  138.3502  131.8200  301.1031
  -79.0209  191.7676  213.1466
   10.8864   89.7194  312.0279
  156.1720  230.9061  239.6753
  -53.0906  136.0420  265.0803
   88.1240  299.2080  196.4403
  127.7324  109.9461  278.0212
    1.5338  245.5669  180.9681
  161.2759   80.7398  282.1517
   79.0494  302.3010  152.1281
  -12.9800  148.4251  342.1271
   67.6061  152.5967   58.3173
   16.8758  103.7503  323.5037
  100.0965  252.4624  233.8181
  123.7740   88.6010  222.8007
  -29.5397  258.4712  278.4452
   44.5696    2.1659  151.2824
  185.8786  235.9160  291.8152
    0.4718  252.5025  175.5385
   65.6608  132.1969  381.5980
   28.5457  342.6416  251.4558
  189.7854   74.1755  222.0872
  107.0135  350.7102  332.1282
   86.8155  173.6708  114.3215
   21.5326  153.2258  284.3094
  163.8602  383.3204  211.2880
  -63.3660   57.8765   -7.6727
   16.4136  471.2065  256.7603
  -32.8393  271.5681  -41.6437
   46.3692   45.3752  320.9223
  100.3082  331.6904   93.0334
 -100.3805  192.9823  245.5985
  122.6999  210.6226   51.7994
  109.0620  156.6152  391.5679
   75.9168  154.0117  185.7829
   86.9658  408.5638  -55.9979
   75.6773  364.1318  436.0016
  102.3142  137.2886  -29.8103
  -18.1161  325.6235  474.3525
   33.4085  -58.3954  259.0958
  -80.4105  267.3092  -20.1164
   30.4101  105.6012  312.6518
  155.3532  275.0201  400.7934
  125.6080   82.1549  286.1741
   44.0805  -55.8639   78.9176
  -66.3835  260.7573  227.9850
  139.7723  408.0605  101.8043
  -89.6537  460.2817  363.1842
    1.7255   14.8841  482.0983
   57.5053   22.9287  178.3778
   11.3187  440.1466  257.6426
   25.7128  379.0694   26.0731
   88.7096  125.3347  195.1536
   30.4851    1.7016  371.9993
  -65.3944  208.6093  -30.6423
  -35.8250  440.4801  307.7185
    2.8712  279.8110  -45.0558
  -26.6195  371.7020  476.2375
 -109.0399  102.1616  487.3736
   60.9351   -9.3486  278.8339
   17.0247  342.9179  272.9211
   95.3429   38.2588  316.0443
   16.1458  388.3887  418.0807
   60.1044  436.3999  110.9135
 -103.9957  221.3097  462.1529
  132.5567  346.5324  179.2211
   30.6877   86.2201  394.7580
  171.9778  -48.2269  162.9067
  -18.8871  287.2805  136.9650
  124.3819   58.9763  441.3927
   97.0668  204.7483  200.3217
 -132.8111  178.5682  389.4203
 -108.4059 -167.2095  349.3147
   77.5014  133.6297  191.8090
  175.5523  386.7301  138.7137
  219.2983  187.4385  121.7220
  100.1313   58.3183   33.0067
  206.8407  299.0913  246.0595
  194.2646   70.1159   76.5566
  -69.0083  -65.9388  158.7086
   50.4839  279.7088  369.1310
  118.4536   53.8462  525.1479
  -29.4946  164.3788  108.2327
   68.3843  298.3882  321.9853
  122.0543   19.6866  285.1780
   50.5335  227.9224  468.4993
   61.1192  371.2646  173.1036
 -154.6557  205.6879  162.8067
   -9.2682  -78.1604  174.3346
   27.9725  254.2742   48.6450
   63.9168  115.5324  246.1873
   49.1954  486.9242  397.4535
  -17.2182   82.4349  475.0640
   34.8805  -28.7146  160.8304
  118.3342  164.5399   41.4686
   33.4634  114.9608  365.4298
  -69.9069  -39.3898  136.1760
  128.2922  284.0336  391.1784
  -19.2471    3.7692    7.5796
  131.3075  410.4102  241.5919
  132.1513  120.0742   58.1952
  -52.9394  198.4839  511.8951
   69.5275  311.5867   57.3571
   34.4503   53.9347  270.4098
  116.0358  183.6583  115.7455
  106.4404  318.2538  399.6281
   26.0732  187.5233  415.9572
  111.2086   55.4375  116.7653
  -60.2694  398.4893  175.2720
   37.3487  339.0976  278.0542
   -9.0016    2.1691  282.8372
   -2.3051  350.3153  134.8753
   98.0754  -17.0390  360.4173
   19.7165  404.5171  242.4805
   17.7275  388.5133  430.5026
   21.2159   64.4165  281.4047
   13.2957  355.5483  460.7852
  -66.7828  373.4200   53.6971
  -36.8145  147.1767   28.5491
  -85.4905  -27.5242  209.6029
  -59.6245  138.8267   44.4521
   -2.3963   47.7011  450.7000
  -72.9874   16.9182  117.0749
  -85.7137  354.3032  267.4173
  -36.2236  -45.4292  175.5488
  -95.6617  272.0584  267.1036
  -33.5315   19.4049  500.6548
 -115.7439  273.4092  108.1916
 -134.6305 -139.0735  409.7833
  -68.1041  177.5729  532.2728
 -115.0310  -53.6785   44.8989
  -42.8866  354.8960  122.3717
 -130.5403  285.5688  508.1269
  -63.7364  279.7865   54.1996
 -147.2083   51.9113  266.2679
  -62.5781  286.7690  119.0495
 -150.8789  136.8277  495.0949
  -72.0597  446.7715  341.6832
  -95.2670  139.8204  272.1053
 -179.3945   28.6965  393.3074
 -109.6925  278.4111  479.5545
 -154.5518   63.6846   47.3750
  -64.8677  266.8296  249.2758
 -133.2925  -56.4210  269.9469
  -67.1146  246.8314  135.5988
  -85.6576  139.7594  410.7516
 -164.2229  336.7118  276.0177
 -121.3198  114.6651  329.0388
 -203.2805  225.4486   90.8460
 -156.2703  454.8828  455.7934
 -182.0375  -94.0897  349.8681
 -266.4936  409.8513  372.7209
 -259.9630  112.1459  167.4622
 -187.6785  290.4261  529.2135
 -177.8701  424.8105  178.5739
 -257.5843  119.0616  269.3603
 -198.3662  364.0268   19.8007
 -272.6886  289.8368  297.7317
 -217.1315  277.7926   19.6612
 -304.9232  221.1745  369.8638
 -232.5327  341.5414  166.5347
 -318.2461   73.4960  422.6846
 -248.4329  126.5574   13.6532
 -333.1077  380.8688  224.0938
 -296.1749  -52.4508  309.5138
 -377.1007   90.3894  139.0009
 -388.6799  159.5740  384.2973
 -303.8954  244.3928   54.8131
 -383.8005  295.2285  214.1532
 -297.6990  -45.7325  268.7984
 -369.4674  236.2125  219.5252
 -278.6898  125.4242  114.2474
 -345.1994  371.5529  380.8597
 -351.3565   60.0089  272.6897
 -283.7448   38.2074   49.2053
 -365.1196  216.4885  306.6140
 -314.5322  -14.8084  188.6294
 -312.6002   72.1600  590.7788
 -382.9883   65.4957   74.7885
 -387.8677  254.6400  375.4671
 -312.5685  240.8672  119.0111
 -396.2306    6.8698  276.7765
 -407.7409  223.5641  290.5988
 -320.2561  187.9077  154.2289
 -363.6101  -11.7346  355.4083
 -288.2389  215.4079  438.8607
 -350.5563  104.2519  275.5363
 -270.1461  332.7524  194.3152
 -319.6761   24.6294  186.3596
 -246.8901  146.7788  304.9625
 -304.3113  272.1159   71.7301
 -224.8075  272.7982  332.7725
 -283.2277   99.8122  185.7024
 -229.6060  325.4565  342.5642
 -305.0356    7.2132  180.2885
 -295.3406  415.5013  246.0638
 -208.7789  119.0876   97.9456
 -212.5613  334.7985  164.8377
 -289.6761   85.3085  292.7002
 -218.8771  296.8836  268.6610
 -283.9834   70.9931  354.6023
 -295.4995  321.8335  288.8363
 -213.2796  154.1890  123.3935
 -244.8384  246.6544  419.6406
 -161.7048  182.9295  170.4990
 -130.3551  267.5309  435.1152
 -123.7326   35.4186  -52.4547
 -213.6858  -20.5574  320.6192
 -139.4445 -100.7346  405.1639
 -184.6699  209.7456  213.7808
  -95.8193 -123.0573  255.5622
 -173.2431  198.9674  -13.4572
 -164.4050  -58.1784  488.8458
  -90.3278  169.1983  429.9771
 -157.6530   54.2310  111.8040
 -131.7553  340.1895  238.3115
  -52.0050  278.8287  341.7091
  -47.2430  109.7243  156.5211
 -150.0988  148.6738  475.3460
  -43.8949  278.3360   43.6991
 -101.6453  387.2899  284.7542
  -10.7913  122.9740  402.4703
 -101.1834  365.5701   69.3677
  -39.0301  302.8775  391.5359
  -31.0863   58.0353  208.7355
 -111.1360  107.1344   36.9424
  -43.7911  398.8671   12.7619
 -109.4283  102.4186  319.8679
  -38.2861  394.2195  144.6989
  -48.5866    5.4621  236.5615
 -121.4855  319.8273  289.3180
 -127.0620   98.3014  134.1202
  -61.7929  317.5684  334.3916
 -121.0473   75.2394   30.2415
  -77.7511  114.0638  464.9673
  -99.4367  207.4460  477.1095
  -44.8975  195.6412   45.4968
 -116.9507  422.9033  417.3396
 -104.7270  -31.0171  264.9886
  -18.0874  193.0740  131.1408
  -25.7711  232.9632  439.6179
 -103.1630  -48.6042  186.5323
  -44.5828  214.1995  292.9079
 -124.9490    3.9926    3.7446
  -37.5432  252.2592  418.7004
 -122.8312  116.6135  201.3511
  -37.8594  349.3252  343.5982
  -34.2454  261.5134   79.7359
 -114.4943   62.3552  274.4526
  -53.8539  357.9876  213.5848
 -138.9882  126.1030  134.4912
 -138.9072  223.7961  297.8760
  -59.2521 -104.1089  109.7567
 -142.1148  194.9529  322.7133
  -55.7803   70.4246  168.1777
 -125.6653  217.9280  339.5094
  -51.1206   23.1675  165.5238
 -117.5367  350.9256  144.6686
 -128.7354   60.2221  -14.1092
  -65.6252  196.5257  410.4268
 -134.4159  329.7056   29.9958
  -74.8987  164.9895  371.8147
 -145.7635  144.2973  188.8947
  -57.1153  357.7722  242.8664
 -106.8556   10.9899  360.8597
  -33.5381  120.8476   78.5750
  -23.4181  236.3085  285.0368
  -86.4874  228.9655  400.6012
   -4.0204  -21.8164  367.1753
  -86.8693  206.4232   14.3793
  -21.3053   98.9807  375.7289
  -81.0668  116.3243   96.5121
  -30.3303  242.1353  314.7504
 -119.2009  -91.0317  169.1464
  -48.6594  280.4207   84.1920
  -57.4258  108.0076  412.8186
 -147.7498  303.7594  241.7678
  -78.2030  -10.1934  178.6803
 -162.0450  326.2003  253.4059
 -112.6631  127.2641  309.8186
 -196.5279  358.4955  317.2267
 -109.4021   13.1259  339.6780
 -179.3448   88.0101   34.2658
 -116.5122  180.7566  449.0951
 -144.5948  237.3720  111.4701
 -223.8033   -9.7405  353.4577
 -199.9727  277.4592   59.3776
 -113.3071  -15.5941  318.8756
 -170.5529  248.9843  317.4801
  -89.1716   88.7745  162.6271
 -145.3420  167.2094  283.3346
  -85.0967  311.4698  241.2077
 -167.8851  165.9290  388.5320
  -89.7116   -8.3907  222.1613
 -172.8292  339.4303  231.9359
 -125.3931   70.1471  151.2700
 -198.8525  344.1221  347.2557
 -132.7008  122.3449  264.2451
 -129.6000  190.7509  110.0868
 -219.5077  301.3782  329.3152
 -218.1702   59.3241  242.8885
 -137.3842  348.3435  192.8483
 -191.5063  125.8431  127.1924
 -120.8800  233.3473  316.8969
 -207.8739  149.4639   78.4266
 -120.5156  346.0778   68.4519
 -164.3206  112.8454  440.2109
  -73.5404  246.8149  172.2020
 -136.3952   56.8366  265.1427
  -52.2468  292.9324  307.8191
 -106.0104   -2.2155  210.0320
 -109.1395  345.2191  148.2410
  -32.5762   48.3453  329.6762
  -21.6496  250.7076   80.8843
  -87.4957  335.5333  355.5513
  -41.1593  123.5245  295.1511
 -108.0961  -20.6077  103.4389
  -27.0050  151.3074  183.1531
  -97.9778  295.5588  325.6388
  -73.7305   99.4898  370.2741
   -2.7061  113.6111  159.3520
  -26.8624  313.4604  232.3043
 -102.8697   75.5391  452.4633
  -39.9332  247.4449  271.8920
 -106.3588  158.4142   68.8286
  -17.9162  271.4394  293.5259
   -8.9827   83.3744  247.8013
  -83.2073  446.1740  248.7136
  -35.7138  235.3721   20.2307
 -121.2367  159.0752  310.5027
  -98.5717  380.9878  155.9710
   -7.2317  108.3651  219.9461
  -77.9118  367.9498  330.4293
 -104.9697  182.4074  140.9675
  -63.9949  131.0103  335.3150
 -131.8372  271.1093  143.6777
 -104.6438  104.6048  278.4497
  -19.5475  308.4939  149.6919
  -12.4318   67.6422  280.7034
  -91.2241  208.7339  273.1562
   -1.8267  132.3067  132.4809
  -47.9393  191.6492  391.5526
   15.6369  205.9818  143.4669
  -32.0755  183.3428  344.6780
   42.5198   96.5140  179.7898
  -24.6464  272.8952  239.5671
  -29.0443   84.1166  423.6500
   48.8844  169.0836  117.0078
  -18.0585  231.8176  327.4456
   13.5781  -28.2961  258.5254
 -142.9738  252.6459  276.9111
   -6.3110   75.6592  151.1228
  -61.7937  249.8279  311.9196
    4.4879  164.8200  154.9348
  -77.4314   68.5189  273.8459
    3.5242  261.9236  194.1156
   26.4761  128.5474  357.8545
  -58.2492  249.6196  230.3457
  -69.5043   77.3697  160.1673
   12.4914  256.6617  298.8840
  -47.1848   98.2436  276.7003
   13.3103  184.6436  113.2826
  -72.9954  128.8367  306.3536
  -33.7448  177.4998   87.0610
  -97.4894  145.3749  339.8957
  -40.5205  229.8021  131.9535
  -37.1215  217.1602  327.5761
 -113.5664   93.1384  251.7184
  -74.4466  239.7032  182.1764
 -132.0505  101.4829  338.2041
  -78.1293  253.5555  197.4016
 -160.8211   22.4252  255.3389
 -105.2745  232.1152  173.5692
 -170.0143   58.0958  251.2581
  -96.9946  212.9211  146.2396
 -183.8600   47.2275  267.9149
 -141.4789  285.7708  260.3092
 -224.0301  217.1417   83.8022
 -246.8232   85.3791  268.0999
 -159.1083  154.7922  375.0069
 -166.9292  120.2921   78.1757
 -254.1561  101.2758  408.6032
 -284.0480   45.9557  167.2254
 -194.9341   47.5082  385.1502
 -243.5777  165.4990   85.3046
 -180.2781  258.7180  318.4847
 -257.4334  106.5725  172.1435
 -189.9541  286.4183  334.6646
 -243.1016   63.2923  285.4695
 -177.3241  220.7314  139.7398
 -240.9575  189.2371  365.2940
 -178.9121  151.8932  171.0652
 -249.2232  120.1949  321.8328
 -195.2877  240.2583  200.3684
 -191.9614    4.0540  187.0630
 -268.1632  141.2393  242.8525
 -180.6828  347.3430  209.2507
 -201.1317   35.5355  198.6204
 -292.5949  230.9558  268.2117
 -224.6941  326.6720   57.3663
 -298.1026   47.7767  247.8640
 -221.5506  208.5741  326.4859
 -212.3707  280.8077  182.7633
 -222.0050  108.0815  118.5506
 -301.0437  286.9478  348.2305
 -228.7812   61.6064  275.3073
 -286.7449  242.6911  336.4544
 -201.1075   55.9219  282.4835
 -190.2937  311.1897  294.2244
 -278.2412  158.0563  134.4265
 -266.4686  318.8975  137.8906
 -192.1554  100.9402  422.0366
 -276.3697  127.0382  176.2990
 -229.9424  232.0289  397.4509
 -309.7627  152.6666  303.4622
 -222.4566  -16.2298  211.1573
 -304.4109  253.2801  302.2551
 -327.6792   27.1827  327.4888
 -320.4489  146.3365  173.1099
 -242.1735  216.6441  367.8311
 -297.7985  158.9785  112.5970
 -288.8216   93.3966  298.8577
 -199.1074  148.2449  377.2361
 -273.0554  319.8009  222.6424
 -184.2072   63.3866  309.9666
 -264.8585  199.5467  162.5292
 -182.2408  273.4758  394.1216
 -228.0369  316.4377  245.9189
 -148.4433  229.3724   18.7283
 -174.3051  299.0778  178.4480
 -262.0209  313.3136  158.0154
 -260.1689  130.1280   99.6450
 -181.9378  304.6374  465.6303
 -166.0279  -16.9715  318.0139
 -240.5430  296.5826  308.8275
 -227.2710   32.7152  235.6732
 -145.1713  298.6808  112.4583
 -220.6020  -18.2651  235.7946
 -155.2581  181.0005  -16.8945
 -149.9192  239.4457  384.7780
 -229.4109   28.8206  198.0546
 -148.8115  216.9772   92.6110
 -220.2850   79.8789  355.4264
 -155.8071   62.0487  150.2015
 -157.3159  300.7907  150.4925
 -246.7768   14.6496  172.7351
 -189.8440  169.2472  341.0051
 -258.4044  231.2877  114.3558
 -174.9726  148.4819  306.8249
 -145.0212  181.7350  111.3138
 -210.4530  154.6959  318.4171
 -134.1307  299.9328  214.6469
 -176.3968  124.7445  302.7036
  -97.3309   29.9649  107.1397
  -97.4348  241.4552  170.0887
 -124.3535   67.1948  354.9623
 -203.6699  185.9287   91.6786
 -232.7370  166.0817  396.3104
 -169.0267  -51.8607   57.1810
 -227.9011  -86.6851  457.5642
 -138.7338  218.6020  220.4773
 -111.2965   94.3080  389.5594
 -177.8382  -93.7563  198.2531
 -101.6506   66.4974  470.4221
  -99.4387  362.7571  437.1768
 -187.7321  203.4160  223.2351
 -125.7790  390.7231  285.7929
 -130.0695   90.4144  491.1915
 -220.5564  241.3957  111.6419
 -161.9142   19.0576  283.3845
 -151.7104   61.2173   89.4308
 -230.7458  218.9832  456.5083
 -146.7551  -37.8396  162.4509
 -226.9883  330.7390  411.6135
 -145.2590  128.0134  217.8304
 -181.4673   10.9811  512.6199
 -101.6625  177.1140  115.1564
 -172.1126  450.2102  260.5129
 -159.3667  169.4804  326.3333
  -70.7231   97.1809  616.8631
  -82.6378  391.1355  374.8033
 -168.3110  -34.1675  394.8532
  -82.1323  415.8363  114.4041
 -171.7543    7.4474  162.5634
 -150.2654  156.4541  452.8870
 -219.4674   72.1439  154.8915
 -163.4693  268.7095  234.4834
 -249.2617  -25.3589  302.1517
 -167.7290  363.1731  460.3951
 -228.4292   30.5310  131.1251
 -166.1087  359.0642  328.5100
 -168.5541  331.8524   66.8345
 -249.9012  -32.5459  164.7381
 -194.1085  216.6912  412.9921
 -274.3580  153.1015   93.8137
 -285.2110  142.2118  389.3195
 -194.8721   85.6862  192.4299
 -299.9201  353.4628  -18.1193
 -245.7573  -21.3106  380.9168
 -314.0203  134.2926  221.1917
 -225.2446  296.5771  240.3475
 -262.7325   15.7754  300.4347
 -172.5194   38.1045   40.3345
 -220.8324  300.9318  311.3279
 -135.6025  155.5944   66.3763
 -205.3000   66.4615  338.6600
 -125.1783  284.3414  221.7078
 -105.9326  -96.9571  184.1425
 -166.0854  126.1368  349.4327
  -85.1986  308.4699   67.7399
 -137.7492  365.7309  352.8764
  -52.8069   91.9359   61.0958
  -30.4191  371.5965  343.4071
  -36.2392  216.3526  391.9335
 -118.0117  301.8913  458.6171
  -73.4984  -24.2006  194.4223
 -139.4041  -79.3794  360.3484
 -100.4158  119.9463  154.7786
 -171.5687   43.9518  417.0075
 -156.4071  269.1143  206.4495
  -75.7191  -82.9196  335.4250
 -134.2665  134.0608  269.3567
  -54.6939  281.6561   77.4051
  -43.3042   -5.1444  248.6566
 -110.5854  213.2905  462.6719
  -34.4868  165.5963  184.9427
  -92.6854  -51.6979  276.1458
  -86.2528  285.8313  468.9450
    0.8380  220.1238  245.4279
   -8.5835   -5.3118   80.7210
  -67.5712  110.2017  453.3348
  -33.8959  100.9329  134.1246
  -30.9331   59.2491  420.9852
   53.8458  188.1977  117.9121
  -15.8252  255.9438  256.6224
   59.6840   16.3236  330.9582
 -102.2683  226.9260  444.5548
   47.4801  191.5547  265.0004
   60.2233 -106.6812  163.6364
   -5.1187  192.8581  150.2062
   48.8461 -186.4439  336.0514
  -29.4174 -105.0982  135.0820
   60.7214  127.3983  200.9615
  -96.8477  199.3367  119.5174
  -38.3395    2.2807  486.0267
 -176.7844    1.4297  173.1142
   60.9909  120.2590  150.0721
   -7.0181 -118.5838  300.3511
   96.5879  184.0077  334.9850
   73.0432   83.2241  296.5417
   43.2090  178.5556  185.3518
  -45.0081  112.4090  499.1895
  -28.7706  203.3919  309.4996
   75.8689  214.4848  173.6640
   -3.6585  118.1187  482.9363
   75.2977   27.2074  260.2120
  135.8125  -56.9699  195.8010
  101.3692  186.6976  388.0953
  117.6358  -24.2959  446.6359
 -102.5791  127.3070  483.6955
   60.3133   87.0228  234.2691
  221.5477  165.9026  294.3006
  -29.0905   80.0514  319.8259
  217.1558  136.2030  445.5962
  125.9819  -90.2393  352.4970
  182.5540  165.4593  303.3344
   26.1815  -87.5945  335.1040
  228.0092  195.1550  271.5976
  -19.5877 -194.0885  260.7427
  145.2923  237.7034  302.8068
 -107.9936  -53.4856  341.1286
  207.6139  139.2661  506.4785
  -21.4874  234.2593  560.2482
    2.9637   -0.7436  250.6482
  154.0088  101.0970  440.6684
 -102.6752  153.3444  429.3295
   70.6260  -91.9164  301.7784
   56.8613  240.2232  503.3021
  163.1124   61.6937  278.1569
 -173.7462  235.2297  308.5275
  186.6368  185.4733  553.7123
  -40.7608  234.7629  380.6626
   -5.1119  102.8364  186.5328
   40.4757  135.4709  430.3676
    5.7135  156.4445  168.8561
   12.8559   96.9602  576.7238
  174.5037  256.1468  331.7124
  122.1596  224.0149  215.7150
  190.3726  159.0028  511.7540
   34.8794  243.3029  220.5009
  152.5752   94.1743  253.6808
  -19.1483  181.6434  490.5826
   74.0775  230.9075  353.2517
   94.5572   97.6610  191.5699
  200.0115   63.5841  455.8652
   19.9759  -51.9228  176.0541
   47.1715  251.5057  283.1262
  141.5791  -48.3924  233.0024
   22.2750  258.4763  142.5469
   22.0310  -42.5387  351.9910
  262.5246  280.7565  119.4123
  -19.6590  163.1238  268.4375
  113.1509  217.0133   97.1994
  -37.7340  285.6644  343.7411
   -8.7346  -12.3449  336.7275
  275.0898   29.9142   90.5868
   94.8198  282.6886  425.3775
  -16.6784  196.5366   91.4556
  279.4870  146.2188  241.5155
  164.7295  300.4029  398.7890
  -40.6452  -65.4936  383.3094
  174.7029  302.6323  314.1319
 -153.1943  220.6716  261.0772
  152.7736  146.2163  183.9082
   18.4842  287.0042  429.2306
  190.9427  210.5350  115.7332
  -39.4965  310.2222  421.0488
   20.1109   53.0562  260.1112
   82.1731  312.5183  195.8799
  -31.2343   30.4120  399.8418
  158.5425  219.6634  212.3448
  -31.8038  195.0278  104.4335
  159.5277  239.0879  446.2955
  -23.9366  215.8575  251.9035
  143.4935   61.1196  296.9257
  168.2524  197.1596  314.7621
   78.7390  167.1212  191.8503
  158.9644    9.1281  664.2607
   22.0364  249.1060  518.5328
   21.2802  234.6113  164.8443
  185.0390  172.0957  479.4796
  153.9457 -103.0347  358.4623
   -2.9140  191.5728  323.9379
  103.9521  116.3347  218.3851
  302.1733  217.9887  396.0715
  147.6070 -106.1211  347.9027
  223.6473  218.1014  172.1923
   96.1128 -140.0686  228.2655
  127.7167  214.4333  477.0094
  122.2118  215.4596  199.0584
    3.4162  -87.6634  164.8436
   87.1242  220.6229  530.5135
   12.3983  158.5672  150.3974
  254.1638   24.6227  466.0633
  111.6091  174.9379  308.0683
 -100.2623  219.3476  137.1914
  200.3855  -36.0794  280.2832
  -16.9298  189.2707  228.5192
  205.0467   12.0580  185.8659
  -32.1764   53.3429  185.4371
    4.6440  143.4502  368.9499
   86.3121    3.6321  135.3106
 -157.1328  127.6266  435.6207
  196.4095   97.5148  286.5930
   -9.9699  153.8369  263.2136
   31.9409  104.7421  118.6882
   52.1585   98.2084  371.6897
  190.2669  140.4355  171.9460
  -49.9091  -70.4839  327.7403
  105.2107  133.4345  203.0353
  158.4630  -93.0627  447.3851
  182.6680  125.3329  199.5116
  -61.8032   -2.9443  415.5624
  302.1496  128.4145  149.6844
  -72.5519  -27.5805  276.0942
  361.1904   96.1194  249.0822
   47.4477  159.9760  452.4461
  209.7398  124.3887  309.1010
  100.6722  170.4029   50.4188
  -81.6112  126.1034  417.0189
  176.4946  175.6640  214.2273
   40.4845  126.0767  325.4909
   66.7321   29.7749   42.9690
  136.7079  135.7447  261.7773
   47.4220  182.1723   59.1917
  202.0337  125.9731  346.9438
   32.4360  177.4036  344.8524
   89.1389   36.9992  129.4835
  -45.8990   98.2409  291.2613
  184.8468  124.2779   55.6819
  107.1023   87.9067  465.9090
 -133.5453  106.9334  151.1805
  191.3388   60.9763  -88.7613
   83.5904  104.0971  -51.2398
  110.0125   47.8037  177.3468
  -57.6094  -47.2251  423.9649
  -63.6172   51.1228   -7.4212
   24.5027  -20.1830  353.9216
  277.4261   69.8681  122.2270
  -97.9672 -110.0610   60.1301
  282.5163  122.6004  234.9052
   99.3555   72.5317  503.3766
  314.6667 -103.4426  215.8218
  -87.0584   95.9598  328.6223
  144.1624   68.8648   35.5312
   95.5088   15.9458  445.1382
  -22.4249   52.7165  165.8534
  124.2754   -8.4656  338.9780
  194.9775   16.5556    5.0229
   -6.6138  -33.9978  271.4431
  199.5492  -49.5739  303.7499
   41.8355    4.8390   36.5508
  126.8732   19.7929  459.9591
  183.3452 -100.0870  197.2596
  169.3618   42.3542  355.0331
  131.8499  -54.3360  403.8989
  259.3822    3.9334  131.3642
  -81.9854   59.0885  405.0553
  213.9114   -2.3645  157.7116
  -10.1100   12.5428  241.6110
   42.1015  -27.4824  385.2195
   32.9831  -10.1925   54.0063
   70.6582 -152.2548  241.1799
  128.1501    2.2422  377.8827
  311.4938  -19.6899  257.7533
  -29.1703   38.6764  186.4814
   -7.0581  -84.6663  348.0052
  214.7621   33.3847  326.0577
  131.2908    1.3606  150.8177
   90.1784   31.2410  486.0249
   13.1140  -24.9013  266.7366
   67.6127  -41.7324   55.5451
  176.9684   11.7837  296.1731
  -85.7591  -24.9088  167.4858
  217.3742   30.0957  265.3649
   24.7244 -139.1533  167.4031
  -75.5451   52.0386  267.1786
  200.0288   47.8398  176.0417
  -59.4522  -13.0569  494.9059
   26.4357   -8.5751   93.6121
 -102.2016  -54.5374  236.6358
  244.6628  -47.2137  347.5967
   45.1402  -86.5139  185.4895
   80.5132  -45.9369  428.8266
  187.3103  -98.6600  171.7177
   39.0229  -89.1694  359.2599
  -59.1939  -29.3913   74.7056
  240.9625 -128.2154  313.3118
   48.8569   19.7386   77.0508
   38.1880   26.1346  359.3193
   57.0598  -32.2777  210.6440
  276.7395   -2.9302  156.4703
  -37.5864  -73.6509  416.7895
   13.0296   25.7325  152.4339
  131.9613  -29.6033  511.1161
  -47.8346   25.5744  395.3430
  235.6859  -28.3824  255.0191
   92.6866 -163.4811  231.6776
  147.9504   51.3523  413.7663
  147.6705   11.4496  167.8820
  -77.2767   55.5215   24.9317
  248.9228   -9.4613  -51.7995
  -75.1003   49.9802   60.2142
  160.7920    6.5668  393.4556
  208.4378   49.0340  149.7643
  191.9292   45.4428  313.5567
   42.4442   -3.9092   23.9003
  147.8740   29.8551  444.9561
  -60.5977   11.1598  104.9326
   -1.2303   47.9550  385.1914
   27.9930    3.3659  124.8900
   27.1631   31.8113  472.3006
  243.9236   24.2515  178.2145
   26.5396  -35.4159  257.4686
  205.0292   24.5992  395.9658
   -7.1269 -107.1999  270.5700
  289.4557   49.7839  317.0805
  148.2911   34.8608  138.3339
  177.8604   85.3294  464.3248
   82.0916   77.7332  192.8472
   87.0725 -123.8686  363.1923
  196.2791   19.8432  452.4188
  146.2472   74.4204  205.7954
   52.3221   30.5579  590.4035
  158.1823   15.0250  195.2298
  -27.9789   65.7020  -86.5127
  629.0479 -222.9868  876.2890
   43.6983   -6.8932  286.7667
  359.9151  -99.6895  344.0837
   52.2887 -189.5568  378.1531
   73.8495   -3.3836  273.5268
  296.6550   19.9850  250.0206
  200.8509   72.9958  534.1473
   21.1861   57.0122  220.9918
  200.9553   88.7140  422.8592
  296.5136   31.5509  198.9055
  153.9045   84.5535  127.8568
  -18.5033   60.7133  381.5577
  276.6360  118.1336  314.6092
   49.8134  133.4753  459.8218
  199.3899   93.1250  236.5566
   43.0853  123.5940  564.1144
   -4.1575  125.7911  175.8357
   49.6164  -50.3879  103.6077
  106.9279   45.8560  487.0133
   18.0920   36.6239   70.0551
  337.4513   90.2800  312.5036
   17.5569   37.7198  237.7962
  425.7287  -55.0225  272.4089
  216.2966   69.4785  181.5266
   45.1250   79.7192  337.2067
  373.0760   27.0956  336.9657
  158.5899   14.9839   -0.2377
  126.2042   16.9424  409.3307
  123.5076   16.1854  118.1943
  346.0078    9.2016  175.0449
   47.6344   50.8651  322.4441
  107.2899    2.8988   68.8659
  223.5949   -3.2228  228.4992
  112.3202   36.3251  447.8715
   96.8279  -19.5611  216.4326
  317.8633   27.8044  331.2080
   65.2229 -129.6392  192.9473
  249.7485   46.3370   58.7347
   72.5669   17.7253   65.4291
  156.1271 -126.3840  354.1818
  152.7908  -77.3306  583.8586
  313.5624 -141.4079  136.1812
  134.6185    5.2540  529.1130
  285.9713  -45.9644  352.0634
  131.4090  155.4384  586.9189
  396.4803  152.6532  267.2538
  144.3906  103.3042  336.2431
  188.6863 -230.8196  501.0006
  159.4353  138.4581  632.9154
  314.9748   85.9245  577.6708
  236.5374 -192.2279  487.9874
  170.6258  130.9664  599.4761
  237.1344 -258.8997  226.0004
  147.9723   31.3740   72.5458
  152.4961   48.9657  285.5560
  436.0149  -86.0187  219.9673
  180.6290   80.8609  344.7486
  231.7139 -235.3586  217.8839
  170.3164  114.0547  147.3927
  211.6925 -175.5888   71.7161
  465.4986    5.9157  360.1023
  217.5557   97.2559  -18.3888
  208.6065 -217.0300  420.3702
  162.8565    0.6089   13.1567
  194.8279  112.5715  295.2210
  142.2249   75.6540  444.7834
  227.8686 -194.8328  242.4417
  196.4358    3.0103  -45.8192
  170.5933  234.2355  212.0382
  212.3059  -34.8953  -55.0803
  417.6752 -101.7422   65.5217
  212.5875  219.5565  324.1036
  455.4465  121.2985  124.2101
  277.4577   72.3610  368.5527
  240.4682 -131.5000  433.5883
  405.7977 -103.6773  358.2296
  218.6398   90.0274  133.1878
  211.0796  256.7601  495.0461
  265.3279  189.1733  193.3600
  279.4904   41.5839  354.2170
  191.0969  -42.7285  280.8038
  296.6571  296.3755    9.4814
  191.5315  320.1853  418.7891
  486.0791  135.3842  485.8431
  424.3601  176.3831   29.6989
  157.6771  250.6854  261.6938
  473.0102   22.0455  272.9283
  147.7822  311.0427  266.1920
  205.9152 -152.7207  303.9552
  236.5431  190.5271  421.3534
  149.8921   74.6429  131.9311
  171.7226   40.3630  463.3154
  142.8167  284.3032  428.0659
  136.3831  287.7023   55.6046
  182.0050  330.6813  264.2417
  144.4108   79.2686  585.9005
  413.1730  298.7924  269.5831
  202.9684  163.4533   17.7022
  392.0311   34.8312  386.5003
  178.9062   -5.3120   18.8476
  173.7255  352.5321  154.6863
  407.3758  295.2691  392.7688
  190.0391  109.7012  197.7103
  128.5176  203.3946  309.5258
  186.1581  309.9907   73.8279
  137.5617  216.1514   62.0081
  311.2905  313.0957   70.3115
  192.5468 -141.0479  240.1573
  188.9472  281.9804  274.3747
  200.3261  -86.1327  163.7705
  383.5728   11.3465   64.7991
  207.4311  132.9990  452.0874
  433.0243  250.8420  195.7443
  150.8835  267.1774  400.8631
  141.8449   58.1270   22.2660
  525.9663   14.7492  111.8191
  132.9019 -136.8093  132.7260
  201.7374  229.9806  174.7501
  181.3378  -37.3931  -29.3559
  388.1791  145.8432  421.2961
  128.8971  321.2327   15.1083
  234.8585    2.0792  367.2054
  356.8804   34.7349  -62.9866
  163.6390  302.2798  -19.2667
  253.1564 -191.0184  119.8331
  465.5016   25.4619  348.7246
   91.5487   87.2743  -25.7557
  134.9491  294.9646  559.3505
  108.0855  116.4885  160.0799
   47.4053  316.4446  369.2871
  129.3585  216.3412   80.6753
   78.4845   47.2915  177.6838
   37.2687  308.2035  273.1156
   79.5863   68.0045  408.8193
  132.2184  262.2568  528.0863
  131.6654  213.4986  156.1898
  110.7113  114.3797  317.8521
  140.2128  274.3564   19.2997
   78.7876  287.7139  333.4949
   54.7115 -101.3633  438.6888
   91.2913   25.6732   -0.3764
  103.2087  287.8070  374.1853
   48.8152   44.6336  -17.0926
   82.6209  255.7442  111.3429
  101.4269  304.3925  399.0735
  242.0346 -155.7213  301.2381
  243.1272 -126.0114   63.8628
  149.1703  253.8316  167.0538
  228.7189  141.0732  -22.8921
  110.5983  228.9462  195.5950
  180.2962  181.1579  361.5272
  354.3554 -117.4393  154.9566
  392.2803   61.3000  221.7881
   97.4251  -46.7335  355.3294
  329.5405   72.0398  227.1494
  130.3810   40.0836  286.9859
  240.7680  210.4798  235.0423
  191.3705   73.2211   25.2274
  160.3782   85.2779  506.6913
  478.9412  118.6210  365.6409
  131.5869  -52.4620  169.9723
  159.9286  263.9984  325.1368
  122.7645  -19.3267  523.0083
  173.2424  193.7086   98.4743
  350.1050  262.9004  305.4636
  237.2953 -138.4625  404.8746
  195.2786 -149.4360  124.9633
  276.3147  156.6165  399.4329
  418.8940  -41.8552  289.2935
  181.3487  -31.7266  491.5643
  201.3891  255.2764  451.5629
  172.7214  335.5792  154.6101
  486.6345  190.9062  231.1783
  185.3411  222.8624  491.1645
  226.2189  131.2089   70.1881
  183.4951  367.9894  241.7822
  393.5844   38.9228   72.9242
  188.2678  237.4228  375.3168
  453.0577  324.8484   13.8274
  173.6147  -44.0721  -65.9354
  184.9125  -48.2797  170.3427
  186.7532   45.8389 -112.3113
  135.6411  284.8406  314.2846
  124.9040   14.1846  -10.8602
   67.7790  306.5715   -5.4194
  264.3086  267.3752 -157.0547
   55.0710  362.3359  460.9957
   99.7115  291.0957 -126.8503
   53.2793  328.4109   80.4298
   74.8762  185.6882  358.3771
  123.4133  312.7395   49.3624
  105.2453  418.4488  285.3892
  156.0344  164.4481   84.4027
  171.9850   50.2414  428.4343
  114.7373  391.7960  292.1249
  117.7005  127.6756  -53.6620
  161.8404   38.8464  324.1869
  136.0426  286.4836  200.0298
  194.0508  -53.0861   92.5093
  212.2690 -174.7873  278.2493
  201.0716  140.2468  258.2594
  144.1269  375.0933  216.1499
  200.7669 -109.8175  184.3298
  233.1796  352.8672  405.5619
  231.6847  233.1396  529.7243
  184.9646  334.7622   86.0982
  235.9386   51.0091  578.5441
  218.8035 -113.7224   62.3807
  361.1150  136.7618  541.8697
  214.4879  280.9347  185.5876
  242.4945  149.1500  559.4831
  283.9770 -140.0304  414.1588
  193.1527 -176.0290  176.1793
  247.0166   12.2768  481.4500
  190.7927  382.2657  189.9296
  237.7011  -90.5703  447.4401
  235.1133  388.1995  247.5852
  195.8964  114.5604  475.0504
  254.4407  164.8315   -8.4964
  215.6916  171.0728  289.4912
  228.3634   49.9268   29.5653
  283.6887 -141.5315  431.6890
  240.9341  -48.1847  118.6468
  290.9731  171.1667  423.4801
  234.7216  229.9300  -10.1642
  223.2292  368.4877  412.8794
  238.9513    3.0508  250.8677
  294.3777  269.1431  353.3275
  308.8459 -107.1395  255.2053
  275.4264  103.4148  137.1286
  349.1164  213.6252  381.4201
  300.0871 -195.6181  318.0872
  476.7059  156.6096  244.8824
  344.3667 -134.7927  344.7049
  333.4023  171.2302  447.5804
  278.3232  -66.8099  515.6864
  256.4062  -58.5368  222.7975
  253.5315  -14.8833   57.6951
  301.8387  286.5340  487.9666
  314.9959  -38.5728  425.3309
  302.6992  171.7077   93.7029
  255.9397  418.4810  440.2335
  293.2144   -7.3229   -3.4966
  249.6186  232.5466  332.9090
  300.3699  421.9924  212.5423
  242.1246  225.4827  399.1647
  230.7860  450.0370  168.6073
  288.4943  112.9208  393.1301
  240.8993  402.4341   14.3865
  321.0531  125.5582   28.1918
  315.9761  314.1834  -21.9147
  349.9081   62.7699  486.3074
  316.2763  395.0372  244.0211
  326.3784  -20.2023  175.6058
  369.7524  198.0352  135.0238
  351.6982  360.2229  -67.5050
  296.7015  -61.5033   13.5369
  310.3824   63.2504  287.9831
  274.9097  252.4495  238.5997
  327.6812   19.8209   59.8784
  345.3106  336.5115  191.3459
  338.0451  -77.7681  345.0642
  283.6857  161.7114  329.9702
  338.6214 -136.0670  395.4061
  332.4822  333.6688   61.4967
  381.9969  -34.4679  240.2297
  337.3907  280.2735  335.0319
  350.1921  191.8005  383.1685
  304.9555  142.7454  224.8353
  355.3739  207.3382  -26.1003
  398.5012   59.0068  282.6297
  319.8174  282.1256  265.9966
  359.3181   72.1597   12.8408
  319.2060  269.1017  478.2718
  392.6386   34.4538   84.5997
  354.3587  320.9929  285.3888
  406.9840   59.5160  484.2111
  363.4597   84.2383  182.6777
  393.7467  184.2202  330.5327
  386.3881  141.6450  -47.0384
  328.3722  -97.1754  101.8628
  323.4361  125.2306  274.8242
  408.2210  278.5706  405.0151
  313.7520  -37.7097  462.0323
  408.1835 -121.6450  137.5816
  311.9315  260.5777   71.5060
  352.3597  -61.1382  271.3017
  309.6922    3.8252  101.8553
  363.9006  321.7940  299.3159
  392.3221  -85.6882   12.9213
  336.1215  291.4956  135.0377
  309.1934   95.5774  349.6032
  330.4836  283.7587  162.2045
  320.8906  132.8845  316.8145
  272.3482  176.8046   66.1019
  328.7727  168.2724  285.8523
  344.1431  272.0250  243.1778
  284.9231  -44.7334  300.3286
  300.9811  136.3932  101.2859
  258.2084  148.8847  335.9740
  310.9861  283.5869  101.6091
  305.4527    1.2293  440.0537
  453.9689  124.1202  316.6295
  352.7896  -76.9497  216.9440
  293.7839  212.2323  133.1834
  302.2019   26.8941  111.7116
  348.4180  162.2627  295.9599
  296.9032  220.8748   15.4781
  302.6996  340.5742  366.0053
  247.2972  129.3375  378.6753
  248.2658  316.1551  192.4191
  240.4876  160.4279  257.0398
  182.0318  336.6788  197.7390
  209.4388   71.8698  316.5892
  218.6627  353.5112  337.0677
  201.3823   95.7438  134.0015
  145.1158  117.5427  373.9977
  200.6378  230.6466  126.6174
  157.8972  257.7393  282.6157
  214.6766   63.3258  254.5227
  161.2285  257.7400  302.7420
  172.0705    8.8560  179.4982
  130.3772  181.4155  317.8877
  184.7718  255.7843  195.6474
  160.7849  -20.2507  173.0445
  201.8355  259.1216  163.3501
  163.2823  148.3995  331.9808
  192.8197   88.2295  205.3309
  269.2181  274.9807  330.2966
  168.0573  125.7924  157.9310
  235.8493  183.5159  312.3810
  218.1688  224.5893   72.3023
  226.7837  106.0611  345.2435
  279.7290  148.2354  150.9766
  233.5500  296.1170  266.9988
  294.0126   -2.6596  231.5262
  286.6131  239.1650  284.6467
  321.0663   78.1313  201.2513
  291.9291  162.1888  369.1379
  321.5439  254.4039  215.1394
  299.3131   59.5251  317.7092
  331.3946  171.5984   24.1551
  292.6857  226.5702  422.2574
  331.5518   -3.4148  223.3168
  346.9779  174.1689  278.3675
  295.0186  304.6415  295.6165
  274.2892  116.9168  187.0404
  323.6093  117.3931  356.5648
  266.0911  238.6928  155.5307
  289.8018  112.2139  402.7564
  296.9640  175.9995  199.0885
  257.7598  359.2547  308.9367
  268.1042   83.1579  266.7452
  221.9337  244.4162  223.5499
  278.0563  100.3105  354.9384
  224.0222  277.2151  189.8400
  278.2197   71.4512  211.6055
  251.1446  236.2447  229.5675
  196.1974  326.8744  417.9951
  200.0143   38.8645   93.1500
  152.7723  357.6695  313.1812
  155.7550  205.0431  159.4174
  186.3764  198.5130  354.7539
  212.1868   46.9812  170.3726
  271.0220  145.1917  299.7777
  284.9156  279.4686   80.6593
  228.5255  289.2433  349.8414
  232.2695   68.0121  111.4449
  279.5519  194.7210  460.3941
  228.1699  193.4555    1.7149
  220.3062  402.2175  276.7753
  267.7879   34.8969    2.1197
  236.5852  310.3530  548.7198
  237.6736  110.7776  176.9441
  291.2153  171.4549  480.7618
  231.0599  328.9005  163.5272
  239.9537  404.8168  406.6025
  191.8986   41.0818  507.5284
  221.9712  159.9098  197.6389
  187.9817  500.4674  396.7432
  238.4072   83.8827   21.1351
  177.0023  256.3374  367.9326
  222.8539  326.5579    4.4280
  170.8614  227.3511  278.8970
  209.2424  419.2349   47.7007
  223.7074  111.9331  361.7087
  173.5600  539.5571  178.4874
  229.1727   59.8969  138.3026
  204.2578   88.3348  -49.4386
  236.1992  281.1343  167.7751
  184.0359  297.1079  488.2264
  196.9612   70.0636   32.1808
  144.8593   24.3137  444.8784
  114.3241  389.1725   63.9603
  174.0405  445.4054  449.5419
  166.8959  308.4096   54.9255
  237.0337  366.2413  390.9318
  152.3033  162.9871  193.4837
  123.8849  117.9448  435.7977
  175.9553  122.2969  164.5361
  148.6429  304.0898  289.3435
  200.4267  141.9881  250.8721
  146.2989  259.5572  184.9828
  167.1846  169.5550  476.1348
  221.3897  375.4817   -2.2724
  176.9736  185.6868  306.9609
  203.6855  315.9103  166.9882
  153.1297  152.8001  373.8776
  262.5962  235.0898  265.4511
  148.3426  232.6151   88.6498
  199.0891  244.6134  341.0079
  196.8464  100.7239  197.0339
  325.5006  250.2391  266.1025
  182.2473  368.6255  151.9568
  293.2337  101.4492  250.8550
  204.6412  328.9747  234.5373
  265.7954  131.5650  313.6009
  235.1925  319.6508  459.7993
  280.5876   94.0493  218.6038
  254.5885  421.8455  357.4175
  195.0894  209.4451   98.2820
  200.5149  104.5720  483.9003
  267.7227  401.6612  240.6172
  116.9886  351.9127  483.6636
  128.5257  188.7866  184.6018
  176.8527  212.5334  421.8295
  185.9488  194.2806  106.4053
  126.9082  408.3479  204.3343
  157.8986  169.7472  509.0580
  202.0435  423.8496  355.5974
  230.0022  200.6281  190.4178
  262.9274   28.6127  303.8945
  228.7902  350.9708  199.7155
  285.2538  329.9278  516.8202
  270.6300  130.5703  197.0909
  215.6673   83.6628  596.3701
  272.3307   72.3292  243.9230
  227.1824  276.1764   -3.7402
  273.5317  330.6366  344.2382
  247.7497  196.8409  284.1065
  296.1782   36.4764  208.4216
  235.4498  406.7087  261.4900
  286.7842   24.0675  480.1376
  268.8362  216.7045  185.4347
  328.5703  138.2589  443.7760
  307.3091  132.1997  245.6892
  341.5891  166.5638   83.9594
  298.3799  365.4327  374.3698
  325.5521  188.5691  129.7349
  365.7539   36.0517  356.0834
  326.6869  232.5113  246.8710
  487.6801  176.5918  343.6518
  391.4060  166.5921  171.4921
  348.3676  195.3074  342.7525
  395.2961  220.6187  157.4289
  354.6542  112.6699  208.4026
  355.2778   -5.7408  320.9794
  414.6251   86.3500   90.7689
  422.0872   24.9712  325.7521
  378.6408  250.9772  294.9728
  437.2894  -16.0737   65.6167
  339.3843  216.2676  377.9041
  390.8177  144.1819  141.2533
  336.8627  -76.2707  286.5996
  351.4961   35.6287  376.1259
  303.1104   73.0886  450.9833
  340.8500    9.5578  197.0046
  349.7980  -43.3925  576.7591
  345.1398  -78.8925  187.7491
  366.0849  327.1188  336.4359
  359.4046  -53.7576  331.5018
  319.4180  111.3124   35.0133
  358.5927  202.1653  438.8465
  303.1841  -46.1236  192.5119
  283.4517   80.8988  383.2496
  318.2284  345.4930  470.2323
  284.3822  -27.6435  233.4774
  330.5723  345.0341  367.4554
  276.3006   76.1552  301.2012
  297.8589  209.5780  348.2256
  367.8097  302.1481  237.5792
  324.5988   76.8053  184.6696
  354.4241  -17.0815  363.9384
  399.4405  325.4475  121.8271
  348.1796  183.1900  456.5866
  357.8252  148.7147  179.9723
  317.7416  301.1395  447.2137
  344.1144  -37.7504  472.3010
  296.3972  145.3706    4.0159
  286.4161   27.1509  351.1004
  323.9101    9.1876  -60.7973
  330.1599  342.5943  149.6276
  290.2391  363.1716  375.3550
  497.7007  110.1058  122.0207
  354.1486    9.7627  311.7999
  300.5151  196.2143  106.9160
  322.6782  426.1403  453.7944
  269.5588  239.0307  -47.9657
  322.8038  560.8730  315.9490
  261.2797  205.7621  124.6830
  314.7713   89.1488 -108.5960
  271.1650   -4.9313  516.8721
  327.9796  436.4025  188.9196
  476.8102  106.3721  367.6462
  283.2068   -9.5144   59.6110
  430.0954  -21.9484  326.3530
  285.2490   65.6495  293.7711
  233.2586  -64.4523  290.3601
  252.9117  -28.5365   82.5236
  220.6913  110.2038  271.8962
  231.7019  299.3448  380.7670
  307.2261  281.6087   56.0073
  300.0837  200.0057  454.8919
  352.1500  183.5096  131.1839
  290.7873   32.6188  193.3387
  480.4581  145.3785  244.3916
  260.1436  345.2631  157.1227
  316.8850   44.1207  392.2594
  277.3202    0.3360  582.1937
  463.0107   57.8608  354.6097
  290.4591  329.8923   51.6696
  288.3342  520.3741  294.0009
  587.0677  195.0755  278.2364
  334.7796  513.0084  444.2608
  321.9393  408.6857  173.9783
  264.7515   60.6673  157.2016
  284.3742  106.9423  354.8634
  315.8136  347.6897  416.7918
  374.7333   52.6110   98.9263
  362.8634  107.5373  480.0426
  301.4729  338.3814  313.1666
  315.3964  271.8874   88.2266
  260.3370  237.8604  224.1100
  282.8491  157.2566  531.0990
  239.2147  131.7570  285.3847
  252.7626  393.0638  439.1460
  191.7056   31.0604  145.3485
  205.8698  340.6772   56.0120
  150.8705  507.9205  211.8729
  205.0568  227.4202  485.8076
  191.6247  228.7858  263.1939
  234.8980  582.6862  404.8998
  236.8943  570.2264  178.8013
  236.9195  262.9852  366.3024
  215.1312  578.4539  -39.3234
  266.6176  303.4868  -36.4709
  216.3764  482.9683  436.7313
  248.5219  157.6824  284.2550
  192.8313  433.7022  198.9607
  313.5585  372.9592  542.1078
  192.1997  514.6377  119.5152
  248.2603  205.1504  372.6940
  192.9719  181.8461  540.1019
  195.8269  364.7542  328.8619
  243.3348  220.3866  149.9856
  321.1636  369.6989   93.2906
  204.8498  470.1086  326.7845
  180.5441  547.3527   65.8849
  119.7262  238.3380  405.9566
  133.6756  420.0204    5.1498
   95.3773  259.9733  -24.3721
   94.0435  394.8698  390.0469
  145.4488   82.8847  222.9450
  112.0914  402.8687  556.3371
  172.5258  221.8457   23.2328
  118.7467  361.8900  411.4173
  104.1245  548.0589  223.2651
  145.3833  193.0329   46.8747
  101.9174  328.3758  327.1417
  153.7804   57.7967  111.2767
  119.3935  187.5119  242.7065
  203.4941  249.0108  361.6934
  171.9682  314.2969  132.4626
  196.3603   23.0064  103.1792
  197.6543  501.5820  100.0311
  149.7253   43.0099  -34.6526
  186.2142  290.2825   -6.2492
  204.6448    3.7796  266.9033
  185.9622  176.7141  115.2651
  161.9516  332.1046  261.6540
  402.0728   30.9547  326.6317
  203.4784  465.6489  163.7333
  167.5315  390.8204  574.9640
  282.1751  561.2319  468.2545
  181.2273  438.3782  -51.7607
  236.2582  302.4874  568.9538
  181.6636  549.5616  528.8356
  163.7532  229.1715  590.8334
  221.3094  517.1646  346.2328
  332.4504  -16.6811  508.2592
  233.0777  -43.8839  287.6148
  187.0858  146.2547  318.8544
  227.1464  283.5362  539.6096
  190.2784  251.1110  176.6813
  203.9225  121.6878  528.2117
  264.4155   20.6857  188.2794
  496.3993   -2.8464  351.1620
  229.8792  318.9067  500.1200
  245.6614  121.3634   77.0443
  208.0159  -16.2599  337.1515
  276.2791  206.1575  657.1111
  216.1954  482.2083  260.3770
  252.8408  178.0307  459.7656
  322.6158  357.8883  158.1463
  240.6796  272.4971  299.5003
  182.9700  169.5477  550.8826
  197.7414   45.5822  164.3375
  245.5752  260.6258  256.7796
  218.5122  307.5611  433.7978
  160.8870  149.1980   73.6826
  201.7575  369.6605  298.5846
  143.2960  285.9176  157.5183
  161.3605   59.6177  286.3838
  211.4465  386.6182  255.6814
  374.7784  -47.9522  211.2266
  160.8884  324.6892  277.8892
  262.2153   34.9645  290.4629
  201.6547  307.5595  115.0427
  144.3162   67.9474  243.6318
  192.0234   37.3933  410.3883
  184.2078  209.0459  175.4291
  541.4005   52.5314  297.8739
  207.8997  -64.7273  295.6669
  267.8224   69.5550  363.4615
  215.6125  358.4748  478.9549
  188.8937  -49.1492  147.4356
  237.7488  199.9898  530.1946
  217.2130  472.2511  448.6538
  268.8599  -11.7454  580.8094
  213.2068  442.0444   48.1441
  261.0834   53.8611  293.6705
  201.7538  146.8987  -58.1198
  230.5488  467.9211  174.0464
  206.8025   -8.9634  -57.7028
  257.8647   52.7913  581.0994
  217.6509  435.5849  114.8638
  262.4305   18.5522  268.8260
  219.1699  334.7660  226.4627
  338.4914  -29.4910  416.2581
  262.1588  240.9371  219.4143
  308.1505  262.1315  -36.1207
  280.3219  -11.9581   77.2882
  298.6600   45.6351  -34.4534
  389.8898  201.8183  398.9645
  289.9629   77.8942  137.6446
  292.0308   -6.2741  373.8720
  376.1062  371.4919  403.9700
  502.6776   47.3924   35.4716
  322.4374  155.4373  406.4279
  350.4191    6.8288   94.9788
  611.5066   81.6356  239.0412
  362.3674   45.7300  527.7718
  366.3114  258.3863  211.0612
  419.8127   85.3257  122.6154
  441.6301  141.1493  -88.2079
  413.1239  120.6327  141.5473
  452.5415  167.2128  299.3214
  460.8626  123.2225   77.7574
  456.2476  161.5249  449.7916
  411.7515  245.2676   21.2139
  675.2107   99.4301  297.6288
  378.7292  424.9985   97.4405
  438.7413   96.4076  240.2789
  401.3769  150.6579  443.8261
  457.1787  229.5457   56.4248
  465.0647  407.8096  303.3096
  447.0350  118.5143   18.3157
  400.3271  102.4210  252.2044
  387.9970  413.9603  510.4064
  554.0900  116.0720  460.4129
  424.4616  153.9671  235.9644
  368.3393  461.9338  314.4742
  383.4320  139.2048  548.8989
  353.1506   87.2770  270.9164
  411.1140   91.2476  569.7855
  460.8287  134.8663  312.9546
  569.2951   96.1746  348.7041
  342.3025  121.5361   71.4349
  372.2747  280.4243  349.6035
  320.1857  511.8265  410.2026
  378.3148  176.2004  510.1490
  359.6315  476.2752  147.5241
  405.5423  256.9048  417.2760
  356.0440  306.4037  224.6491
  345.0234  256.3617  506.5279
  379.5824  217.7817  183.4651
  351.6347  286.6341  388.6382
  354.4627  371.9359  138.3685
  403.9285  259.5221  277.2546
  424.2648  249.9492   94.1533
  364.5007  278.6727  267.5256
  387.2440  474.3696  317.8918
  413.5740  291.0223  237.2156
  470.0692  308.4108  369.3062
  486.9360  252.2307  467.7360
  453.6490  291.7711  518.8891
  485.6328  270.2109  125.2395
  453.7639  435.5793  364.8934
  450.1395  304.6432  129.9482
  508.5476  316.8983  402.4543
  482.0018  370.8222  184.1039
  527.9184  395.7315  289.6665
  504.6338  346.1241  300.8190
  444.9182  315.1585   15.9029
  481.7967  371.5831  303.6362
  439.2536  371.3039  165.3817
  453.9414  317.1302  453.9014
  503.4821  362.5989   98.6288
  478.8011  330.6405  375.5946
  529.5358  372.3694  393.9180
  559.1496  322.4227  243.2988
  523.5474  335.8011  110.0637
  566.5021  285.6509  228.4724
  523.6452  433.3033  144.2950
  622.7242  251.8282  277.9426
  547.0808  252.7714   93.3347
  492.0339  314.1133  309.4388
  529.9339  277.3871  125.3834
  532.7904  307.9618  370.4109
  474.1151  299.5172  179.9157
  462.5291  575.3946  239.7135
  497.9830  334.9328   98.0760
  477.5068  411.3163  398.7531
  509.7197  368.9102  187.5051
  475.9687  315.7528  423.6703
  478.9739  339.1383  153.2535
  524.8283  340.5481  398.6501
  468.8833  294.8325   17.3422
  477.5855  338.0438  213.4154
  639.8472  282.3227  407.0235
  483.5773  416.9977  299.1425
  467.1915  455.8931   91.5296
  516.9691  348.1930  307.3501
  463.7573  266.6319   39.7315
  506.4890  270.5482  320.0981
  455.9114  367.0982  -84.9841
  442.3189  429.9491  343.0972
  499.9575  209.4309  465.9526
  438.8827  214.6050    0.1502
  520.5003  168.1801  431.4451
  414.7070  161.0564  396.4644
  423.5427  329.1945    6.9563
  475.2402  380.3627  210.5260
  425.1937  166.9515  439.4866
  596.9072  142.4534  -51.0078
  534.0783  192.1482  145.8349
  418.1810  206.7366  459.3092
  415.1679  149.6567 -136.0103
  459.7934  120.6721  108.2288
  558.3300  419.2984   38.8673
  408.1292  308.5216 -135.8331
  468.6270  142.6478    8.8755
  458.6033  253.4668   35.1842
  646.0493  219.6507  315.4766
  457.0242  192.6192  282.4353
  437.7503  424.1923  262.8936
  473.0021  193.0883 -108.2947
  430.2688  369.3997  183.8457
  445.7274  235.9872  432.0136
  385.5322  382.9558  240.8214
  374.4410  354.6187  407.9721
  431.5613  442.8653   93.0859
  417.0258  549.4230  186.7648
  446.4562  363.6292  -10.9523
  494.8379  355.1380  405.4156
  444.8636  268.4512  167.5695
  495.4821  195.8960  -10.7548
  504.9909  245.9149  108.0406
  497.0542  196.3523  294.2816
  447.7430  212.6574   24.0241
  504.5508  171.6371  381.8659
  417.7855  186.5156  -14.7938
  443.6632  501.4726  405.3697
  416.9334  484.0634  136.1098
  363.7244  253.6571 -140.7793
  373.7109  423.5027   -3.6026
  320.6717  436.3878  405.8166
  322.6984  171.4725  185.8602
  333.3640  204.4810  -17.2610
  386.2696  196.9556  400.4425
  334.6149  139.0832  -71.6683
  384.6216  161.3592  123.1423
  361.2648  121.1556  471.1384
  416.3964  173.2772  167.7975
  372.8660  160.9356  426.5010
  372.3937  310.4348  163.9973
  433.6110  468.8405  305.2152
  450.5645  182.7812   95.2669
  397.4059  229.0871  468.3818
  406.7815  532.8878   81.7484
  459.3563  549.4171  284.6296
  473.6036  503.2897  -11.7091
  422.8054  333.6356  407.5524
  473.5648  318.9614  117.1251
  469.2242  257.4258  300.1161
  445.9266  199.1265   59.1589
  386.2227  176.1786  182.4309
  387.2117  208.8646  453.8893
  435.7366  178.9823  253.7998
  381.7461  446.3679  346.4644
  439.6595  242.0807  185.6399
  382.8332  222.0505  -86.9000
  397.0216  169.6050  431.6739
  415.3044  293.7840  105.9415
  465.5892  161.4764  313.5480
  453.5650  191.7121  -34.5277
  498.2290  170.4519  271.0326
  450.7076  114.1870   16.1428
  497.7102  134.2252  193.3082
  483.9998  223.3162  290.1904
  532.1028  158.4320  381.1798
  470.6470  446.7891  235.6074
  493.9628  192.4163  -23.0216
  439.4580  397.8402  144.5974
  487.9024  193.2918   41.8328
  448.1256  212.4824  452.7974
  494.2780  169.1251  108.4950
  481.0585  280.9595  349.8509
  487.0954  163.7438  176.0658
  540.3968  188.3329  477.2345
  636.2782  142.4302  153.6675
  541.2212  171.3276  329.4864
  481.0597  104.5848  184.8773
  492.4024  144.8210  307.0381
  431.2991  130.3647  373.9406
  655.0220  160.2996  139.9626
  458.2186  210.6089  292.6056
  516.8501  448.7999  352.0379
  459.5593  447.8598   58.7369
  436.4762  181.8103  414.0353
  468.0383  389.8329  267.8385
  432.3547  513.7078  214.6092
  458.9504  216.9616  527.0291
  424.7183  171.7993  506.9247
  419.6234  202.2320  123.8436
  461.2731  168.6425  491.7854
  449.7563  266.5470  387.6880
  498.0018  392.6270  331.1687
  476.2491  163.2692  405.1266
  714.5488  210.9665  394.9663
  468.8662  121.9198  139.1339
  472.4216  490.5078  418.0634
  486.1649  155.2312   87.1673
  614.8646  178.4881  330.5223
  644.4615  344.7163  183.4675
  689.4659  177.3947  314.8183
  451.3442  525.5322  420.8587
  486.3908  533.3909  297.4376
  458.0031  497.2286   89.1266
  502.6340  173.0529   18.2746
  553.4593  176.0236  392.8777
  475.6327  454.3374  141.0150
  535.2430  179.1821  300.1761
  569.5523  162.8228  -21.8040
  517.3760  368.3573  462.7638
  555.6434  218.5067  365.0362
  445.9804  438.4174  324.6633
  479.3190  154.8535  419.1169
  442.7949  159.6942   76.8020
  447.6884  216.9560  235.0046
  492.3318  402.6353  361.8728
  506.1878  294.1934   74.2880
  447.6786  376.9618  467.5655
  434.2799  246.9392  134.4449
  483.6215  445.2425  105.7544
  426.3916  207.1687  459.4290
  451.6157  580.7486   43.2138
  399.7946  571.2716  382.7844
  409.9472  411.6269  -31.4178
  461.8926  286.6999  314.8236
  434.5978  236.6149  202.6016
  384.7842  382.4600  359.1835
  405.1320  211.9903  134.6550
  358.4729  182.2022  345.6498
  366.9511  231.2933   33.8833
  326.0635  357.8113  430.4225
  305.4974  192.6870  427.8616
  343.5340  460.2526  191.4976
  292.4513  227.7704  436.1725
  274.6974  281.1697  162.9959
  325.9333  273.8335  305.4704
  294.5054  499.4263   26.0366
  325.1019  366.0459  295.7694
  278.0707  362.8869   53.9978
  295.0706  437.5184  424.8571
  356.1947  414.5678  218.9701
  318.9253  328.5187  410.4121
  351.5497  316.8490   91.9233
  299.6376  515.9487  333.1572
  327.4214  239.5549   57.8281
  277.2357  426.7095   79.7084
  310.2911  267.2811  343.6595
  281.9620  451.7611   83.7421
  295.9120  217.8357  335.7257
  348.7446  274.6062  213.3499
  306.3481  221.3833    1.4036
  355.2438  270.0649  282.0462
  321.7328  459.3451  258.3424
  343.3445  207.7745   49.6163
  401.3252  236.0282  196.6506
  420.9317  293.0808  360.5452
  382.8788  257.1324   83.6864
  424.1475  284.9291  190.2771
  384.9822  244.7749  305.2469
  417.8481  290.4991   89.5851
  384.8983  233.6754  330.8882
  427.7441  260.1017  142.9852
  439.7354  312.4137  266.9605
  407.1164  331.7219  293.4460
  417.5899  271.8026  157.4910
  395.0672  314.0766  429.4290
  335.3902  279.3314  251.6847
  341.0921  232.6830   -7.6196
  290.4504  221.5628  365.3737
  277.8119  334.9486  488.7023
  281.2617  283.4972  193.9618
  336.5461  260.6737  455.5114
  316.9551  200.9627  105.0080
  263.8521  177.5175  369.4631
  249.5480  448.4405  381.1772
  303.0463  218.0559  124.5375
  253.3231  328.9353  310.0909
  241.0750  169.3774  240.6094
  300.2520  473.4449  293.5716
  278.7060  200.5693  155.2275
  281.2806  330.2974  387.3060
  395.6363  155.1822  197.1856
  307.8216  222.6779  466.2121
  252.2828  470.2238  156.3695
  288.4998  136.2635  203.3564
  227.7611  341.1710  311.4499
  228.4793  101.1993  337.7429
  319.1109  425.7506  132.7209
  237.1742   94.1412  438.2413
  254.7885  318.4388   94.3842
  196.6801  474.3012  280.0046
  195.4017  113.2928  137.5422
  243.0756  375.6924  199.0948
  226.7086   81.4797  415.7222
  389.7835  261.2483  115.0909
  212.9529  110.9927  291.6848
  269.8630  211.4396   22.8265
  242.7645   36.9453  279.3390
  281.1713  302.5176  257.5740
  220.5300  101.9415  -27.9082
  258.6962   92.2322  394.0669
  227.2731    4.9665  125.0972
  270.3320  264.7483   77.4788
  228.4294   14.9698   33.9689
  251.2048  241.4822  228.6758
  304.6214   61.8426  274.7670
  333.6111  177.8866  451.4220
  276.3246   79.1459  131.3264
  285.1773  388.0996  441.3558
  509.0025   40.1634  334.6000
  559.0420  104.6565  403.3880
  295.1360   79.8969  440.6441
  269.4746  177.9517  391.2180
  316.9448  152.9434   14.7207
  263.9476  391.6884  174.2794
  248.3284  108.7699  234.0936
  281.6028  333.7026  387.8703
  280.7943   95.4352  -32.7949
  232.7347  386.2026  243.5688
  288.0265  325.2145   48.0055
  260.4116   47.1320   59.5883
  312.9534   94.0837  289.8650
  255.2863  308.2439  -70.5003
  272.1096  545.1314  252.1926
  225.9418  316.6188  -70.6506
  264.1300  390.1384  146.5676
  224.5655  101.2749  331.8911
  267.4410  455.8076   74.3298
  253.5807  177.0756 -178.1631
  202.4943  455.6890  346.3662
  203.2092  493.8120  -30.3735
  234.3088   66.3561  128.8403
  282.3095  381.8152 -110.3101
  269.5761  205.6767  284.7596
  218.5478   68.1401   56.1493
  269.4951  517.8870  221.3786
  252.4939  218.8091   15.7142
  473.1770    9.6170  197.3858
  240.6245  221.4766  -77.7412
  272.6236   33.8783  217.5240
  232.0917  178.4168   29.1213
  262.6162   27.5202  -94.4045
  310.9920  363.4611   34.5832
  306.3366  -19.2034  152.1679
  360.7452  290.7270  109.8068
  329.1019   -7.9024  129.2499
  392.2370  258.1514  207.3781
  342.2075  -20.1976  261.9759
  478.9329   50.2997   -9.4699
  319.0270   12.8173   43.9183
  337.3098  356.9011  172.0159
  476.4901  186.8536  199.8406
  325.5337   29.3892  124.0920
  343.4176  247.8432 -131.2759
  314.7092  155.5313  169.9628
  376.1321  288.3104  228.6426
  322.4073  289.5191  117.8836
  328.9531   14.1099  247.9273
  269.1427  320.7138  184.4082
  291.1845   90.7541  221.6297
  253.7589  237.9222  285.0681
  301.1214  171.7149   70.2578
  293.2395  184.4150  277.9892
  354.5814  302.6206  258.2595
  334.9666  111.2487  237.1504
  393.2961  310.8342  200.8426
  356.0220   -9.1762  275.0738
  390.1039  287.6891  209.0559
  397.9590   58.5117  214.1718
  341.1309  192.4992  305.4398
  361.4105  178.4811  164.0165
  354.8295  -24.9727  -15.4675
  498.4713   13.5714  330.2273
  336.2761  268.7208  216.5390
  286.2929   88.4076  184.6064
  302.4043  265.6421  298.2792
  294.7986   28.4986  226.0618
  246.2058  186.6039  278.8019
  227.2972  310.2697  249.9910
  260.1200  144.0339  104.1284
  203.7341  399.7690  134.5170
  229.6330   97.4189  233.2710
  170.2527  332.6589  182.4128
  206.1430  129.4754  229.5926
  148.1539  313.8505  192.2935
  171.8221   92.8383  225.7874
  218.9177  192.3935   90.2657
  167.1319  244.7661  247.3059
  165.1611  115.3264  -24.0590
  221.6269  389.9977  231.1491
  248.0767  100.1390   83.8652
  243.4751   27.0416  241.0660
  195.7015  320.5007  224.9017
  243.6674  118.0924  103.2591
  209.3525  248.8371  252.5127
  233.9544  324.7953   30.5377
  288.7724  127.4515  169.5397
  289.0699  338.3326  192.3317
  245.9530  210.5563  173.4683
  268.4031  102.5355  128.8587

Previous Length = 1951
outputting PDB in file /storage/htc/bdm/tosin/GSDB/Structures/WT9059TG/GSM455133_30E0LAAXX.1/VC_100kb/InfMod3DGen/chr3.pdb
    20.50%    41.00%    61.51%    82.01%   100.00%
    done! closing file...
New Length = 1951
spearman correlation = 0.464699
